#
# There is insufficient memory for the Java Runtime Environment to continue.
# Native memory allocation (malloc) failed to allocate 1275056 bytes. Error detail: Chunk::new
# Possible reasons:
#   The system is out of physical RAM or swap space
#   This process is running with CompressedOops enabled, and the Java Heap may be blocking the growth of the native heap
# Possible solutions:
#   Reduce memory load on the system
#   Increase physical memory or swap space
#   Check if swap backing store is full
#   Decrease Java heap size (-Xmx/-Xms)
#   Decrease number of Java threads
#   Decrease Java thread stack sizes (-Xss)
#   Set larger code cache with -XX:ReservedCodeCacheSize=
#   JVM is running with Unscaled Compressed Oops mode in which the Java heap is
#     placed in the first 4GB address space. The Java Heap base address is the
#     maximum limit for the native heap growth. Please use -XX:HeapBaseMinAddress
#     to set the Java Heap base and to place the Java Heap above 4GB virtual address.
# This output file may be truncated or incomplete.
#
#  Out of Memory Error (arena.cpp:168), pid=8580, tid=19096
#
# JRE version: OpenJDK Runtime Environment Temurin-21.0.10+7 (21.0.10+7) (build 21.0.10+7-LTS)
# Java VM: OpenJDK 64-Bit Server VM Temurin-21.0.10+7 (21.0.10+7-LTS, mixed mode, sharing, tiered, compressed oops, compressed class ptrs, parallel gc, windows-amd64)
# No core dump will be written. Minidumps are not enabled by default on client versions of Windows
#

---------------  S U M M A R Y ------------

Command Line: --add-modules=ALL-SYSTEM --add-opens=java.base/java.util=ALL-UNNAMED --add-opens=java.base/java.lang=ALL-UNNAMED --add-opens=java.base/sun.nio.fs=ALL-UNNAMED -Declipse.application=org.eclipse.jdt.ls.core.id1 -Dosgi.bundles.defaultStartLevel=4 -Declipse.product=org.eclipse.jdt.ls.core.product -Djava.import.generatesMetadataFilesAtProjectRoot=false -DDetectVMInstallationsJob.disabled=true -Dfile.encoding=utf8 -XX:+UseParallelGC -XX:GCTimeRatio=4 -XX:AdaptiveSizePolicyWeight=90 -Dsun.zip.disableMemoryMapping=true -Xmx2G -Xms100m -Xlog:disable -javaagent:c:\Users\kalra\.vscode\extensions\redhat.java-1.53.0-win32-x64\lombok\lombok-1.18.39-4050.jar -XX:+HeapDumpOnOutOfMemoryError -XX:HeapDumpPath=c:\Users\kalra\AppData\Roaming\Code\User\workspaceStorage\4fda5c3b26c15e0cb27154c0e992db6d\redhat.java -Daether.dependencyCollector.impl=bf c:\Users\kalra\.vscode\extensions\redhat.java-1.53.0-win32-x64\server\plugins\org.eclipse.equinox.launcher_1.7.100.v20251111-0406.jar -configuration c:\Users\kalra\AppData\Roaming\Code\User\globalStorage\redhat.java\1.53.0\config_win -data c:\Users\kalra\AppData\Roaming\Code\User\workspaceStorage\4fda5c3b26c15e0cb27154c0e992db6d\redhat.java\jdt_ws --pipe=\\.\pipe\lsp-402a881a78a954ed585ab7c432932092-sock

Host: AMD Ryzen 5 5500U with Radeon Graphics         , 12 cores, 7G,  Windows 11 , 64 bit Build 26100 (10.0.26100.7920)
Time: Fri Mar 27 14:20:13 2026 India Standard Time elapsed time: 31.369129 seconds (0d 0h 0m 31s)

---------------  T H R E A D  ---------------

Current thread (0x000001479934a250):  JavaThread "C2 CompilerThread0" daemon [_thread_in_native, id=19096, stack(0x000000214f700000,0x000000214f800000) (1024K)]


Current CompileTask:
C2:31369 11576 % !   4       org.eclipse.jdt.internal.compiler.classfmt.ClassFileReader::<init> @ 81 (1968 bytes)

Stack: [0x000000214f700000,0x000000214f800000]
Native frames: (J=compiled Java code, j=interpreted, Vv=VM code, C=native code)
V  [jvm.dll+0x6d7a39]
V  [jvm.dll+0x8b4b26]
V  [jvm.dll+0x8b70de]
V  [jvm.dll+0x8b77c3]
V  [jvm.dll+0x284346]
V  [jvm.dll+0xc66ed]
V  [jvm.dll+0xc6c31]
V  [jvm.dll+0x3bec01]
V  [jvm.dll+0x38b162]
V  [jvm.dll+0x38a5aa]
V  [jvm.dll+0x24c560]
V  [jvm.dll+0x24bb40]
V  [jvm.dll+0x1cb34e]
V  [jvm.dll+0x25b85d]
V  [jvm.dll+0x259dea]
V  [jvm.dll+0x3f857e]
V  [jvm.dll+0x85f59d]
V  [jvm.dll+0x6d626d]
C  [ucrtbase.dll+0x37b0]
C  [KERNEL32.DLL+0x2e8d7]
C  [ntdll.dll+0x8c48c]


---------------  P R O C E S S  ---------------

Threads class SMR info:
_java_thread_list=0x00000147a29a1450, length=56, elements={
0x000001473e794a70, 0x0000014756e2d360, 0x000001473e831af0, 0x000001473e83b440,
0x000001473e83c1d0, 0x000001473e83efc0, 0x000001473e83fa20, 0x000001479934a250,
0x000001473e84e890, 0x00000147995b7840, 0x0000014799694690, 0x00000147995d5210,
0x000001479f0b1280, 0x000001479f01ef60, 0x000001479f0cffd0, 0x000001479f734980,
0x000001479f76b320, 0x000001479a419b60, 0x000001479a78cbd0, 0x000001479a78e610,
0x000001479a790050, 0x000001479a78eca0, 0x000001479a78d8f0, 0x000001479a78d260,
0x000001479a78df80, 0x000001479a78f330, 0x000001479a78f9c0, 0x00000147a16dd7e0,
0x00000147a16dcac0, 0x00000147a16de500, 0x00000147a16db080, 0x00000147a16deb90,
0x00000147a16dc430, 0x00000147a16dd150, 0x00000147a16db710, 0x00000147a16df220,
0x00000147a16dde70, 0x00000147a16dbda0, 0x00000147a16e12f0, 0x00000147a16e1980,
0x00000147a16e26a0, 0x00000147a149a800, 0x00000147a149bbb0, 0x00000147a1498730,
0x00000147a149c240, 0x00000147a1498dc0, 0x00000147a149c8d0, 0x00000147a1499450,
0x00000147a149d5f0, 0x00000147a149dc80, 0x00000147a149e9a0, 0x00000147a149cf60,
0x00000147a149e310, 0x00000147a149f6c0, 0x00000147a1cc1250, 0x000001479f93d930
}

Java Threads: ( => current thread )
  0x000001473e794a70 JavaThread "main"                              [_thread_blocked, id=4764, stack(0x000000214ed00000,0x000000214ee00000) (1024K)]
  0x0000014756e2d360 JavaThread "Reference Handler"          daemon [_thread_blocked, id=9728, stack(0x000000214f100000,0x000000214f200000) (1024K)]
  0x000001473e831af0 JavaThread "Finalizer"                  daemon [_thread_blocked, id=1872, stack(0x000000214f200000,0x000000214f300000) (1024K)]
  0x000001473e83b440 JavaThread "Signal Dispatcher"          daemon [_thread_blocked, id=21528, stack(0x000000214f300000,0x000000214f400000) (1024K)]
  0x000001473e83c1d0 JavaThread "Attach Listener"            daemon [_thread_blocked, id=19752, stack(0x000000214f400000,0x000000214f500000) (1024K)]
  0x000001473e83efc0 JavaThread "Service Thread"             daemon [_thread_blocked, id=22500, stack(0x000000214f500000,0x000000214f600000) (1024K)]
  0x000001473e83fa20 JavaThread "Monitor Deflation Thread"   daemon [_thread_blocked, id=5484, stack(0x000000214f600000,0x000000214f700000) (1024K)]
=>0x000001479934a250 JavaThread "C2 CompilerThread0"         daemon [_thread_in_native, id=19096, stack(0x000000214f700000,0x000000214f800000) (1024K)]
  0x000001473e84e890 JavaThread "C1 CompilerThread0"         daemon [_thread_in_vm, id=1768, stack(0x000000214f800000,0x000000214f900000) (1024K)]
  0x00000147995b7840 JavaThread "Common-Cleaner"             daemon [_thread_blocked, id=16052, stack(0x000000214f900000,0x000000214fa00000) (1024K)]
  0x0000014799694690 JavaThread "Notification Thread"        daemon [_thread_blocked, id=16364, stack(0x000000214fb00000,0x000000214fc00000) (1024K)]
  0x00000147995d5210 JavaThread "Active Thread: Equinox Container: e6f76494-80ed-4740-8329-5b19ce11a960"        [_thread_blocked, id=2644, stack(0x000000214fa00000,0x000000214fb00000) (1024K)]
  0x000001479f0b1280 JavaThread "Refresh Thread: Equinox Container: e6f76494-80ed-4740-8329-5b19ce11a960" daemon [_thread_blocked, id=23692, stack(0x0000002150300000,0x0000002150400000) (1024K)]
  0x000001479f01ef60 JavaThread "Framework Event Dispatcher: Equinox Container: e6f76494-80ed-4740-8329-5b19ce11a960" daemon [_thread_blocked, id=15092, stack(0x0000002150400000,0x0000002150500000) (1024K)]
  0x000001479f0cffd0 JavaThread "Start Level: Equinox Container: e6f76494-80ed-4740-8329-5b19ce11a960" daemon [_thread_blocked, id=5708, stack(0x0000002150500000,0x0000002150600000) (1024K)]
  0x000001479f734980 JavaThread "Bundle File Closer"         daemon [_thread_blocked, id=16348, stack(0x0000002150a00000,0x0000002150b00000) (1024K)]
  0x000001479f76b320 JavaThread "SCR Component Actor"        daemon [_thread_blocked, id=11964, stack(0x0000002150600000,0x0000002150700000) (1024K)]
  0x000001479a419b60 JavaThread "Worker-JM"                         [_thread_blocked, id=20292, stack(0x0000002150700000,0x0000002150800000) (1024K)]
  0x000001479a78cbd0 JavaThread "JNA Cleaner"                daemon [_thread_blocked, id=7788, stack(0x0000002150b00000,0x0000002150c00000) (1024K)]
  0x000001479a78e610 JavaThread "Worker-0: Initialize Workspace"        [_thread_blocked, id=16244, stack(0x0000002150d00000,0x0000002150e00000) (1024K)]
  0x000001479a790050 JavaThread "Worker-1: Initialize workspace"        [_thread_in_native, id=24140, stack(0x0000002150e00000,0x0000002150f00000) (1024K)]
  0x000001479a78eca0 JavaThread "Worker-2"                          [_thread_blocked, id=4960, stack(0x0000002150f00000,0x0000002151000000) (1024K)]
  0x000001479a78d8f0 JavaThread "Java indexing"              daemon [_thread_blocked, id=19504, stack(0x0000002151000000,0x0000002151100000) (1024K)]
  0x000001479a78d260 JavaThread "Worker-3"                          [_thread_blocked, id=10272, stack(0x0000002151400000,0x0000002151500000) (1024K)]
  0x000001479a78df80 JavaThread "Worker-4"                          [_thread_blocked, id=6336, stack(0x0000002151500000,0x0000002151600000) (1024K)]
  0x000001479a78f330 JavaThread "Thread-1"                   daemon [_thread_in_native, id=7028, stack(0x0000002151600000,0x0000002151700000) (1024K)]
  0x000001479a78f9c0 JavaThread "Thread-2"                   daemon [_thread_in_native, id=20824, stack(0x0000002151700000,0x0000002151800000) (1024K)]
  0x00000147a16dd7e0 JavaThread "Thread-3"                   daemon [_thread_in_native, id=18620, stack(0x0000002151800000,0x0000002151900000) (1024K)]
  0x00000147a16dcac0 JavaThread "Thread-4"                   daemon [_thread_in_native, id=16720, stack(0x0000002151900000,0x0000002151a00000) (1024K)]
  0x00000147a16de500 JavaThread "Thread-5"                   daemon [_thread_in_native, id=21628, stack(0x0000002151a00000,0x0000002151b00000) (1024K)]
  0x00000147a16db080 JavaThread "Thread-6"                   daemon [_thread_in_native, id=16332, stack(0x0000002151b00000,0x0000002151c00000) (1024K)]
  0x00000147a16deb90 JavaThread "Thread-7"                   daemon [_thread_in_native, id=4612, stack(0x0000002151c00000,0x0000002151d00000) (1024K)]
  0x00000147a16dc430 JavaThread "Thread-8"                   daemon [_thread_in_native, id=11064, stack(0x0000002151d00000,0x0000002151e00000) (1024K)]
  0x00000147a16dd150 JavaThread "Thread-9"                   daemon [_thread_in_native, id=21788, stack(0x0000002151e00000,0x0000002151f00000) (1024K)]
  0x00000147a16db710 JavaThread "Thread-10"                  daemon [_thread_in_native, id=16724, stack(0x0000002151f00000,0x0000002152000000) (1024K)]
  0x00000147a16df220 JavaThread "Thread-11"                  daemon [_thread_in_native, id=1516, stack(0x0000002152000000,0x0000002152100000) (1024K)]
  0x00000147a16dde70 JavaThread "Thread-12"                  daemon [_thread_in_native, id=16616, stack(0x0000002152100000,0x0000002152200000) (1024K)]
  0x00000147a16dbda0 JavaThread "Thread-13"                  daemon [_thread_in_native, id=14736, stack(0x0000002152200000,0x0000002152300000) (1024K)]
  0x00000147a16e12f0 JavaThread "pool-2-thread-1"                   [_thread_blocked, id=16020, stack(0x0000002152300000,0x0000002152400000) (1024K)]
  0x00000147a16e1980 JavaThread "WorkspaceEventsHandler"            [_thread_blocked, id=12312, stack(0x0000002152400000,0x0000002152500000) (1024K)]
  0x00000147a16e26a0 JavaThread "pool-1-thread-1"                   [_thread_blocked, id=8524, stack(0x0000002152500000,0x0000002152600000) (1024K)]
  0x00000147a149a800 JavaThread "ForkJoinPool.commonPool-worker-1" daemon [_thread_blocked, id=18248, stack(0x0000002153100000,0x0000002153200000) (1024K)]
  0x00000147a149bbb0 JavaThread "ForkJoinPool.commonPool-worker-2" daemon [_thread_blocked, id=24188, stack(0x0000002153200000,0x0000002153300000) (1024K)]
  0x00000147a1498730 JavaThread "ForkJoinPool.commonPool-worker-3" daemon [_thread_blocked, id=7752, stack(0x0000002153300000,0x0000002153400000) (1024K)]
  0x00000147a149c240 JavaThread "ForkJoinPool.commonPool-worker-4" daemon [_thread_blocked, id=17864, stack(0x0000002153400000,0x0000002153500000) (1024K)]
  0x00000147a1498dc0 JavaThread "ForkJoinPool.commonPool-worker-5" daemon [_thread_blocked, id=14372, stack(0x0000002153500000,0x0000002153600000) (1024K)]
  0x00000147a149c8d0 JavaThread "ForkJoinPool.commonPool-worker-6" daemon [_thread_in_Java, id=21968, stack(0x0000002153600000,0x0000002153700000) (1024K)]
  0x00000147a1499450 JavaThread "ForkJoinPool.commonPool-worker-7" daemon [_thread_blocked, id=16804, stack(0x0000002153700000,0x0000002153800000) (1024K)]
  0x00000147a149d5f0 JavaThread "ForkJoinPool.commonPool-worker-8" daemon [_thread_blocked, id=10876, stack(0x0000002153800000,0x0000002153900000) (1024K)]
  0x00000147a149dc80 JavaThread "ForkJoinPool.commonPool-worker-9" daemon [_thread_blocked, id=21976, stack(0x0000002153900000,0x0000002153a00000) (1024K)]
  0x00000147a149e9a0 JavaThread "ForkJoinPool.commonPool-worker-10" daemon [_thread_blocked, id=13852, stack(0x0000002153a00000,0x0000002153b00000) (1024K)]
  0x00000147a149cf60 JavaThread "ForkJoinPool.commonPool-worker-11" daemon [_thread_blocked, id=14960, stack(0x0000002153b00000,0x0000002153c00000) (1024K)]
  0x00000147a149e310 JavaThread "Worker-5"                          [_thread_blocked, id=11412, stack(0x0000002153c00000,0x0000002153d00000) (1024K)]
  0x00000147a149f6c0 JavaThread "Worker-6"                          [_thread_blocked, id=10512, stack(0x0000002153d00000,0x0000002153e00000) (1024K)]
  0x00000147a1cc1250 JavaThread "Cleaner-0"                  daemon [_thread_blocked, id=14780, stack(0x0000002154000000,0x0000002154100000) (1024K)]
  0x000001479f93d930 JavaThread "C2 CompilerThread1"         daemon [_thread_in_native, id=17400, stack(0x0000002150c00000,0x0000002150d00000) (1024K)]
Total: 56

Other Threads:
  0x000001473e1dead0 VMThread "VM Thread"                           [id=14948, stack(0x000000214f000000,0x000000214f100000) (1024K)]
  0x0000014756d0ca00 WatcherThread "VM Periodic Task Thread"        [id=3424, stack(0x000000214ef00000,0x000000214f000000) (1024K)]
  0x000001473e7b3010 WorkerThread "GC Thread#0"                     [id=12792, stack(0x000000214ee00000,0x000000214ef00000) (1024K)]
  0x000001479a8cf420 WorkerThread "GC Thread#1"                     [id=21340, stack(0x000000214fd00000,0x000000214fe00000) (1024K)]
  0x000001479a999140 WorkerThread "GC Thread#2"                     [id=3912, stack(0x000000214fe00000,0x000000214ff00000) (1024K)]
  0x000001479a9994f0 WorkerThread "GC Thread#3"                     [id=18788, stack(0x000000214ff00000,0x0000002150000000) (1024K)]
  0x000001479a9998a0 WorkerThread "GC Thread#4"                     [id=7500, stack(0x0000002150000000,0x0000002150100000) (1024K)]
  0x000001479a999c50 WorkerThread "GC Thread#5"                     [id=17440, stack(0x0000002150100000,0x0000002150200000) (1024K)]
  0x000001479a99a000 WorkerThread "GC Thread#6"                     [id=3140, stack(0x0000002150200000,0x0000002150300000) (1024K)]
  0x000001479f215c50 WorkerThread "GC Thread#7"                     [id=22628, stack(0x000000214fc00000,0x000000214fd00000) (1024K)]
  0x000001479f689700 WorkerThread "GC Thread#8"                     [id=14744, stack(0x0000002150800000,0x0000002150900000) (1024K)]
  0x000001479f7f1f50 WorkerThread "GC Thread#9"                     [id=12784, stack(0x0000002150900000,0x0000002150a00000) (1024K)]
Total: 12

Threads with active compile tasks:
C2 CompilerThread0  31405 11576 % !   4       org.eclipse.jdt.internal.compiler.classfmt.ClassFileReader::<init> @ 81 (1968 bytes)
C1 CompilerThread0  31405 11688       3       com.google.inject.internal.Annotations::canonicalizeIfNamed (11 bytes)
C2 CompilerThread1  31405 11584       4       org.eclipse.core.runtime.Path::<init> (161 bytes)
Total: 3

VM state: not at safepoint (normal execution)

VM Mutex/Monitor currently owned by a thread: None

Heap address: 0x0000000080000000, size: 2048 MB, Compressed Oops mode: 32-bit

CDS archive(s) mapped at: [0x0000014757000000-0x0000014757ba0000-0x0000014757ba0000), size 12189696, SharedBaseAddress: 0x0000014757000000, ArchiveRelocationMode: 1.
Compressed class space mapped at: 0x0000014758000000-0x0000014798000000, reserved size: 1073741824
Narrow klass base: 0x0000014757000000, Narrow klass shift: 0, Narrow klass range: 0x100000000

GC Precious Log:
 CardTable entry size: 512
 CPUs: 12 total, 12 available
 Memory: 7501M
 Large Page Support: Disabled
 NUMA Support: Disabled
 Compressed Oops: Enabled (32-bit)
 Alignments: Space 512K, Generation 512K, Heap 2M
 Heap Min Capacity: 100M
 Heap Initial Capacity: 100M
 Heap Max Capacity: 2G
 Pre-touch: Disabled
 Parallel Workers: 10

Heap:
 PSYoungGen      total 3072K, used 1891K [0x00000000d5580000, 0x00000000d5b80000, 0x0000000100000000)
  eden space 2048K, 47% used [0x00000000d5580000,0x00000000d5670ff0,0x00000000d5780000)
  from space 1024K, 90% used [0x00000000d5a80000,0x00000000d5b67f70,0x00000000d5b80000)
  to   space 1536K, 0% used [0x00000000d5880000,0x00000000d5880000,0x00000000d5a00000)
 ParOldGen       total 189440K, used 189301K [0x0000000080000000, 0x000000008b900000, 0x00000000d5580000)
  object space 189440K, 99% used [0x0000000080000000,0x000000008b8dd5d8,0x000000008b900000)
 Metaspace       used 67943K, committed 69568K, reserved 1114112K
  class space    used 7090K, committed 7808K, reserved 1048576K

Card table byte_map: [0x0000014752170000,0x0000014752580000] _byte_map_base: 0x0000014751d70000

Marking Bits: (ParMarkBitMap*) 0x00007ff80e943450
 Begin Bits: [0x0000014752830000, 0x0000014754830000)
 End Bits:   [0x0000014754830000, 0x0000014756830000)

Polling page: 0x000001473e520000

Metaspace:

Usage:
  Non-class:     59.43 MB used.
      Class:      6.92 MB used.
       Both:     66.35 MB used.

Virtual space:
  Non-class space:       64.00 MB reserved,      60.31 MB ( 94%) committed,  1 nodes.
      Class space:        1.00 GB reserved,       7.62 MB ( <1%) committed,  1 nodes.
             Both:        1.06 GB reserved,      67.94 MB (  6%) committed. 

Chunk freelists:
   Non-Class:  3.62 MB
       Class:  8.42 MB
        Both:  12.05 MB

MaxMetaspaceSize: unlimited
CompressedClassSpaceSize: 1.00 GB
Initial GC threshold: 21.00 MB
Current GC threshold: 97.31 MB
CDS: on
 - commit_granule_bytes: 65536.
 - commit_granule_words: 8192.
 - virtual_space_node_default_size: 8388608.
 - enlarge_chunks_in_place: 1.
 - use_allocation_guard: 0.


Internal statistics:

num_allocs_failed_limit: 9.
num_arena_births: 1236.
num_arena_deaths: 14.
num_vsnodes_births: 2.
num_vsnodes_deaths: 0.
num_space_committed: 1087.
num_space_uncommitted: 0.
num_chunks_returned_to_freelist: 23.
num_chunks_taken_from_freelist: 4515.
num_chunk_merges: 13.
num_chunk_splits: 2714.
num_chunks_enlarged: 1428.
num_inconsistent_stats: 0.

CodeHeap 'non-profiled nmethods': size=120000Kb used=6662Kb max_used=6662Kb free=113337Kb
 bounds [0x000001474aa60000, 0x000001474b0f0000, 0x0000014751f90000]
CodeHeap 'profiled nmethods': size=120000Kb used=25027Kb max_used=25027Kb free=94972Kb
 bounds [0x0000014742f90000, 0x0000014744810000, 0x000001474a4c0000]
CodeHeap 'non-nmethods': size=5760Kb used=1456Kb max_used=1552Kb free=4303Kb
 bounds [0x000001474a4c0000, 0x000001474a730000, 0x000001474aa60000]
CodeCache: size=245760Kb, used=33145Kb, max_used=33241Kb, free=212612Kb
 total_blobs=11651, nmethods=10871, adapters=685, full_count=0
Compilation: enabled, stopped_count=0, restarted_count=0

Compilation events (20 events):
Event: 31.320 Thread 0x000001479f93d930 nmethod 11586 0x000001474b0df190 code [0x000001474b0df360, 0x000001474b0dfca8]
Event: 31.320 Thread 0x000001479f93d930 11584       4       org.eclipse.core.runtime.Path::<init> (161 bytes)
Event: 31.333 Thread 0x000001473e84e890 11644       3       java.lang.invoke.LambdaForm$MH/0x0000014758180c00::invoke (56 bytes)
Event: 31.334 Thread 0x000001473e84e890 nmethod 11644 0x00000147447e9790 code [0x00000147447e99a0, 0x00000147447ea298]
Event: 31.348 Thread 0x000001473e84e890 11645       1       java.lang.Runtime$Version::version (5 bytes)
Event: 31.348 Thread 0x000001473e84e890 nmethod 11645 0x000001474b0e0110 code [0x000001474b0e02a0, 0x000001474b0e0368]
Event: 31.348 Thread 0x000001473e84e890 11646       3       java.nio.HeapByteBuffer::put (16 bytes)
Event: 31.349 Thread 0x000001473e84e890 nmethod 11646 0x00000147447ea490 code [0x00000147447ea660, 0x00000147447ea928]
Event: 31.349 Thread 0x000001473e84e890 11647       3       java.nio.Buffer::nextPutIndex (30 bytes)
Event: 31.349 Thread 0x000001473e84e890 nmethod 11647 0x00000147447eab10 code [0x00000147447eacc0, 0x00000147447eae90]
Event: 31.358 Thread 0x000001473e84e890 11648       1       org.eclipse.m2e.core.internal.embedder.PlexusContainerManager$2::getContainer (5 bytes)
Event: 31.358 Thread 0x000001473e84e890 nmethod 11648 0x000001474b0e0410 code [0x000001474b0e05a0, 0x000001474b0e0668]
Event: 31.358 Thread 0x000001473e84e890 11650   !   3       java.nio.HeapCharBuffer::toString (30 bytes)
Event: 31.359 Thread 0x000001473e84e890 nmethod 11650 0x00000147447eaf90 code [0x00000147447eb160, 0x00000147447eb420]
Event: 31.359 Thread 0x000001473e84e890 11649       1       org.codehaus.plexus.DefaultPlexusContainer::getContainerRealm (5 bytes)
Event: 31.359 Thread 0x000001473e84e890 nmethod 11649 0x000001474b0e0710 code [0x000001474b0e08a0, 0x000001474b0e0968]
Event: 31.362 Thread 0x000001473e84e890 11651   !   3       java.lang.invoke.MethodHandleImpl::profileBoolean (34 bytes)
Event: 31.362 Thread 0x000001473e84e890 nmethod 11651 0x00000147447eb590 code [0x00000147447eb760, 0x00000147447ebb40]
Event: 31.365 Thread 0x000001473e84e890 11655   !   3       org.eclipse.jdt.internal.core.search.matching.JavaSearchNameEnvironment::getModule (49 bytes)
Event: 31.366 Thread 0x000001473e84e890 nmethod 11655 0x00000147447ebe10 code [0x00000147447ec020, 0x00000147447ec740]

GC Heap History (20 events):
Event: 30.732 GC heap before
{Heap before GC invocations=135 (full 3):
 PSYoungGen      total 3584K, used 2879K [0x00000000d5580000, 0x00000000d5980000, 0x0000000100000000)
  eden space 2560K, 99% used [0x00000000d5580000,0x00000000d57ffc10,0x00000000d5800000)
  from space 1024K, 31% used [0x00000000d5800000,0x00000000d5850000,0x00000000d5900000)
  to   space 512K, 0% used [0x00000000d5900000,0x00000000d5900000,0x00000000d5980000)
 ParOldGen       total 182272K, used 182188K [0x0000000080000000, 0x000000008b200000, 0x00000000d5580000)
  object space 182272K, 99% used [0x0000000080000000,0x000000008b1eb120,0x000000008b200000)
 Metaspace       used 67157K, committed 68672K, reserved 1114112K
  class space    used 7000K, committed 7680K, reserved 1048576K
}
Event: 30.734 GC heap after
{Heap after GC invocations=135 (full 3):
 PSYoungGen      total 3072K, used 320K [0x00000000d5580000, 0x00000000d5980000, 0x0000000100000000)
  eden space 2560K, 0% used [0x00000000d5580000,0x00000000d5580000,0x00000000d5800000)
  from space 512K, 62% used [0x00000000d5900000,0x00000000d5950000,0x00000000d5980000)
  to   space 512K, 0% used [0x00000000d5880000,0x00000000d5880000,0x00000000d5900000)
 ParOldGen       total 182784K, used 182308K [0x0000000080000000, 0x000000008b280000, 0x00000000d5580000)
  object space 182784K, 99% used [0x0000000080000000,0x000000008b209120,0x000000008b280000)
 Metaspace       used 67157K, committed 68672K, reserved 1114112K
  class space    used 7000K, committed 7680K, reserved 1048576K
}
Event: 30.813 GC heap before
{Heap before GC invocations=136 (full 3):
 PSYoungGen      total 3072K, used 2755K [0x00000000d5580000, 0x00000000d5980000, 0x0000000100000000)
  eden space 2560K, 95% used [0x00000000d5580000,0x00000000d57e0c18,0x00000000d5800000)
  from space 512K, 62% used [0x00000000d5900000,0x00000000d5950000,0x00000000d5980000)
  to   space 512K, 0% used [0x00000000d5880000,0x00000000d5880000,0x00000000d5900000)
 ParOldGen       total 182784K, used 182308K [0x0000000080000000, 0x000000008b280000, 0x00000000d5580000)
  object space 182784K, 99% used [0x0000000080000000,0x000000008b209120,0x000000008b280000)
 Metaspace       used 67481K, committed 69056K, reserved 1114112K
  class space    used 7028K, committed 7744K, reserved 1048576K
}
Event: 30.815 GC heap after
{Heap after GC invocations=136 (full 3):
 PSYoungGen      total 3072K, used 288K [0x00000000d5580000, 0x00000000d5980000, 0x0000000100000000)
  eden space 2560K, 0% used [0x00000000d5580000,0x00000000d5580000,0x00000000d5800000)
  from space 512K, 56% used [0x00000000d5880000,0x00000000d58c8000,0x00000000d5900000)
  to   space 512K, 0% used [0x00000000d5900000,0x00000000d5900000,0x00000000d5980000)
 ParOldGen       total 182784K, used 182500K [0x0000000080000000, 0x000000008b280000, 0x00000000d5580000)
  object space 182784K, 99% used [0x0000000080000000,0x000000008b239120,0x000000008b280000)
 Metaspace       used 67481K, committed 69056K, reserved 1114112K
  class space    used 7028K, committed 7744K, reserved 1048576K
}
Event: 30.851 GC heap before
{Heap before GC invocations=137 (full 3):
 PSYoungGen      total 3072K, used 2848K [0x00000000d5580000, 0x00000000d5980000, 0x0000000100000000)
  eden space 2560K, 100% used [0x00000000d5580000,0x00000000d5800000,0x00000000d5800000)
  from space 512K, 56% used [0x00000000d5880000,0x00000000d58c8000,0x00000000d5900000)
  to   space 512K, 0% used [0x00000000d5900000,0x00000000d5900000,0x00000000d5980000)
 ParOldGen       total 182784K, used 182500K [0x0000000080000000, 0x000000008b280000, 0x00000000d5580000)
  object space 182784K, 99% used [0x0000000080000000,0x000000008b239120,0x000000008b280000)
 Metaspace       used 67488K, committed 69056K, reserved 1114112K
  class space    used 7029K, committed 7744K, reserved 1048576K
}
Event: 30.853 GC heap after
{Heap after GC invocations=137 (full 3):
 PSYoungGen      total 3072K, used 288K [0x00000000d5580000, 0x00000000d5980000, 0x0000000100000000)
  eden space 2560K, 0% used [0x00000000d5580000,0x00000000d5580000,0x00000000d5800000)
  from space 512K, 56% used [0x00000000d5900000,0x00000000d5948020,0x00000000d5980000)
  to   space 512K, 0% used [0x00000000d5880000,0x00000000d5880000,0x00000000d5900000)
 ParOldGen       total 182784K, used 182644K [0x0000000080000000, 0x000000008b280000, 0x00000000d5580000)
  object space 182784K, 99% used [0x0000000080000000,0x000000008b25d120,0x000000008b280000)
 Metaspace       used 67488K, committed 69056K, reserved 1114112K
  class space    used 7029K, committed 7744K, reserved 1048576K
}
Event: 30.874 GC heap before
{Heap before GC invocations=138 (full 3):
 PSYoungGen      total 3072K, used 2729K [0x00000000d5580000, 0x00000000d5980000, 0x0000000100000000)
  eden space 2560K, 95% used [0x00000000d5580000,0x00000000d57e25b8,0x00000000d5800000)
  from space 512K, 56% used [0x00000000d5900000,0x00000000d5948020,0x00000000d5980000)
  to   space 512K, 0% used [0x00000000d5880000,0x00000000d5880000,0x00000000d5900000)
 ParOldGen       total 182784K, used 182644K [0x0000000080000000, 0x000000008b280000, 0x00000000d5580000)
  object space 182784K, 99% used [0x0000000080000000,0x000000008b25d120,0x000000008b280000)
 Metaspace       used 67517K, committed 69120K, reserved 1114112K
  class space    used 7032K, committed 7744K, reserved 1048576K
}
Event: 30.876 GC heap after
{Heap after GC invocations=138 (full 3):
 PSYoungGen      total 3072K, used 504K [0x00000000d5580000, 0x00000000d5a00000, 0x0000000100000000)
  eden space 2560K, 0% used [0x00000000d5580000,0x00000000d5580000,0x00000000d5800000)
  from space 512K, 98% used [0x00000000d5880000,0x00000000d58fe358,0x00000000d5900000)
  to   space 1024K, 0% used [0x00000000d5900000,0x00000000d5900000,0x00000000d5a00000)
 ParOldGen       total 183808K, used 183631K [0x0000000080000000, 0x000000008b380000, 0x00000000d5580000)
  object space 183808K, 99% used [0x0000000080000000,0x000000008b353fe8,0x000000008b380000)
 Metaspace       used 67517K, committed 69120K, reserved 1114112K
  class space    used 7032K, committed 7744K, reserved 1048576K
}
Event: 30.903 GC heap before
{Heap before GC invocations=139 (full 3):
 PSYoungGen      total 3072K, used 3064K [0x00000000d5580000, 0x00000000d5a00000, 0x0000000100000000)
  eden space 2560K, 99% used [0x00000000d5580000,0x00000000d57ffd90,0x00000000d5800000)
  from space 512K, 98% used [0x00000000d5880000,0x00000000d58fe358,0x00000000d5900000)
  to   space 1024K, 0% used [0x00000000d5900000,0x00000000d5900000,0x00000000d5a00000)
 ParOldGen       total 183808K, used 183631K [0x0000000080000000, 0x000000008b380000, 0x00000000d5580000)
  object space 183808K, 99% used [0x0000000080000000,0x000000008b353fe8,0x000000008b380000)
 Metaspace       used 67615K, committed 69184K, reserved 1114112K
  class space    used 7047K, committed 7744K, reserved 1048576K
}
Event: 30.904 GC heap after
{Heap after GC invocations=139 (full 3):
 PSYoungGen      total 3072K, used 283K [0x00000000d5580000, 0x00000000d5980000, 0x0000000100000000)
  eden space 2560K, 0% used [0x00000000d5580000,0x00000000d5580000,0x00000000d5800000)
  from space 512K, 55% used [0x00000000d5900000,0x00000000d5946c18,0x00000000d5980000)
  to   space 512K, 0% used [0x00000000d5880000,0x00000000d5880000,0x00000000d5900000)
 ParOldGen       total 183808K, used 183687K [0x0000000080000000, 0x000000008b380000, 0x00000000d5580000)
  object space 183808K, 99% used [0x0000000080000000,0x000000008b361fe8,0x000000008b380000)
 Metaspace       used 67615K, committed 69184K, reserved 1114112K
  class space    used 7047K, committed 7744K, reserved 1048576K
}
Event: 30.944 GC heap before
{Heap before GC invocations=140 (full 3):
 PSYoungGen      total 3072K, used 2843K [0x00000000d5580000, 0x00000000d5980000, 0x0000000100000000)
  eden space 2560K, 99% used [0x00000000d5580000,0x00000000d57ffff0,0x00000000d5800000)
  from space 512K, 55% used [0x00000000d5900000,0x00000000d5946c18,0x00000000d5980000)
  to   space 512K, 0% used [0x00000000d5880000,0x00000000d5880000,0x00000000d5900000)
 ParOldGen       total 183808K, used 183687K [0x0000000080000000, 0x000000008b380000, 0x00000000d5580000)
  object space 183808K, 99% used [0x0000000080000000,0x000000008b361fe8,0x000000008b380000)
 Metaspace       used 67820K, committed 69376K, reserved 1114112K
  class space    used 7069K, committed 7744K, reserved 1048576K
}
Event: 30.946 GC heap after
{Heap after GC invocations=140 (full 3):
 PSYoungGen      total 3072K, used 372K [0x00000000d5580000, 0x00000000d5980000, 0x0000000100000000)
  eden space 2560K, 0% used [0x00000000d5580000,0x00000000d5580000,0x00000000d5800000)
  from space 512K, 72% used [0x00000000d5880000,0x00000000d58dd200,0x00000000d5900000)
  to   space 512K, 0% used [0x00000000d5900000,0x00000000d5900000,0x00000000d5980000)
 ParOldGen       total 183808K, used 183767K [0x0000000080000000, 0x000000008b380000, 0x00000000d5580000)
  object space 183808K, 99% used [0x0000000080000000,0x000000008b375fe8,0x000000008b380000)
 Metaspace       used 67820K, committed 69376K, reserved 1114112K
  class space    used 7069K, committed 7744K, reserved 1048576K
}
Event: 30.992 GC heap before
{Heap before GC invocations=141 (full 3):
 PSYoungGen      total 3072K, used 2867K [0x00000000d5580000, 0x00000000d5980000, 0x0000000100000000)
  eden space 2560K, 97% used [0x00000000d5580000,0x00000000d57efad8,0x00000000d5800000)
  from space 512K, 72% used [0x00000000d5880000,0x00000000d58dd200,0x00000000d5900000)
  to   space 512K, 0% used [0x00000000d5900000,0x00000000d5900000,0x00000000d5980000)
 ParOldGen       total 183808K, used 183767K [0x0000000080000000, 0x000000008b380000, 0x00000000d5580000)
  object space 183808K, 99% used [0x0000000080000000,0x000000008b375fe8,0x000000008b380000)
 Metaspace       used 67826K, committed 69376K, reserved 1114112K
  class space    used 7069K, committed 7744K, reserved 1048576K
}
Event: 30.995 GC heap after
{Heap after GC invocations=141 (full 3):
 PSYoungGen      total 2560K, used 484K [0x00000000d5580000, 0x00000000d5b00000, 0x0000000100000000)
  eden space 2048K, 0% used [0x00000000d5580000,0x00000000d5580000,0x00000000d5780000)
  from space 512K, 94% used [0x00000000d5900000,0x00000000d5979010,0x00000000d5980000)
  to   space 1536K, 0% used [0x00000000d5780000,0x00000000d5780000,0x00000000d5900000)
 ParOldGen       total 184832K, used 184342K [0x0000000080000000, 0x000000008b480000, 0x00000000d5580000)
  object space 184832K, 99% used [0x0000000080000000,0x000000008b405a80,0x000000008b480000)
 Metaspace       used 67826K, committed 69376K, reserved 1114112K
  class space    used 7069K, committed 7744K, reserved 1048576K
}
Event: 31.062 GC heap before
{Heap before GC invocations=142 (full 3):
 PSYoungGen      total 2560K, used 2042K [0x00000000d5580000, 0x00000000d5b00000, 0x0000000100000000)
  eden space 2048K, 76% used [0x00000000d5580000,0x00000000d5705890,0x00000000d5780000)
  from space 512K, 94% used [0x00000000d5900000,0x00000000d5979010,0x00000000d5980000)
  to   space 1536K, 0% used [0x00000000d5780000,0x00000000d5780000,0x00000000d5900000)
 ParOldGen       total 184832K, used 184342K [0x0000000080000000, 0x000000008b480000, 0x00000000d5580000)
  object space 184832K, 99% used [0x0000000080000000,0x000000008b405a80,0x000000008b480000)
 Metaspace       used 67829K, committed 69376K, reserved 1114112K
  class space    used 7069K, committed 7744K, reserved 1048576K
}
Event: 31.064 GC heap after
{Heap after GC invocations=142 (full 3):
 PSYoungGen      total 3584K, used 1372K [0x00000000d5580000, 0x00000000d5a80000, 0x0000000100000000)
  eden space 2048K, 0% used [0x00000000d5580000,0x00000000d5580000,0x00000000d5780000)
  from space 1536K, 89% used [0x00000000d5780000,0x00000000d58d7250,0x00000000d5900000)
  to   space 1536K, 0% used [0x00000000d5900000,0x00000000d5900000,0x00000000d5a80000)
 ParOldGen       total 185344K, used 184865K [0x0000000080000000, 0x000000008b500000, 0x00000000d5580000)
  object space 185344K, 99% used [0x0000000080000000,0x000000008b488560,0x000000008b500000)
 Metaspace       used 67829K, committed 69376K, reserved 1114112K
  class space    used 7069K, committed 7744K, reserved 1048576K
}
Event: 31.083 GC heap before
{Heap before GC invocations=143 (full 3):
 PSYoungGen      total 3584K, used 3336K [0x00000000d5580000, 0x00000000d5a80000, 0x0000000100000000)
  eden space 2048K, 95% used [0x00000000d5580000,0x00000000d576ae08,0x00000000d5780000)
  from space 1536K, 89% used [0x00000000d5780000,0x00000000d58d7250,0x00000000d5900000)
  to   space 1536K, 0% used [0x00000000d5900000,0x00000000d5900000,0x00000000d5a80000)
 ParOldGen       total 185344K, used 184865K [0x0000000080000000, 0x000000008b500000, 0x00000000d5580000)
  object space 185344K, 99% used [0x0000000080000000,0x000000008b488560,0x000000008b500000)
 Metaspace       used 67838K, committed 69376K, reserved 1114112K
  class space    used 7069K, committed 7744K, reserved 1048576K
}
Event: 31.086 GC heap after
{Heap after GC invocations=143 (full 3):
 PSYoungGen      total 3584K, used 1085K [0x00000000d5580000, 0x00000000d5a80000, 0x0000000100000000)
  eden space 2048K, 0% used [0x00000000d5580000,0x00000000d5580000,0x00000000d5780000)
  from space 1536K, 70% used [0x00000000d5900000,0x00000000d5a0f670,0x00000000d5a80000)
  to   space 1536K, 0% used [0x00000000d5780000,0x00000000d5780000,0x00000000d5900000)
 ParOldGen       total 186880K, used 186862K [0x0000000080000000, 0x000000008b680000, 0x00000000d5580000)
  object space 186880K, 99% used [0x0000000080000000,0x000000008b67bb80,0x000000008b680000)
 Metaspace       used 67838K, committed 69376K, reserved 1114112K
  class space    used 7069K, committed 7744K, reserved 1048576K
}
Event: 31.249 GC heap before
{Heap before GC invocations=144 (full 3):
 PSYoungGen      total 3584K, used 3133K [0x00000000d5580000, 0x00000000d5a80000, 0x0000000100000000)
  eden space 2048K, 100% used [0x00000000d5580000,0x00000000d5780000,0x00000000d5780000)
  from space 1536K, 70% used [0x00000000d5900000,0x00000000d5a0f670,0x00000000d5a80000)
  to   space 1536K, 0% used [0x00000000d5780000,0x00000000d5780000,0x00000000d5900000)
 ParOldGen       total 186880K, used 186862K [0x0000000080000000, 0x000000008b680000, 0x00000000d5580000)
  object space 186880K, 99% used [0x0000000080000000,0x000000008b67bb80,0x000000008b680000)
 Metaspace       used 67851K, committed 69440K, reserved 1114112K
  class space    used 7069K, committed 7744K, reserved 1048576K
}
Event: 31.251 GC heap after
{Heap after GC invocations=144 (full 3):
 PSYoungGen      total 3584K, used 1529K [0x00000000d5580000, 0x00000000d5d80000, 0x0000000100000000)
  eden space 2048K, 0% used [0x00000000d5580000,0x00000000d5580000,0x00000000d5780000)
  from space 1536K, 99% used [0x00000000d5780000,0x00000000d58fe518,0x00000000d5900000)
  to   space 3072K, 0% used [0x00000000d5a80000,0x00000000d5a80000,0x00000000d5d80000)
 ParOldGen       total 187904K, used 187820K [0x0000000080000000, 0x000000008b780000, 0x00000000d5580000)
  object space 187904K, 99% used [0x0000000080000000,0x000000008b76b318,0x000000008b780000)
 Metaspace       used 67851K, committed 69440K, reserved 1114112K
  class space    used 7069K, committed 7744K, reserved 1048576K
}

Dll operation events (11 events):
Event: 0.023 Loaded shared library c:\Users\kalra\.vscode\extensions\redhat.java-1.53.0-win32-x64\jre\21.0.10-win32-x86_64\bin\java.dll
Event: 0.159 Loaded shared library c:\Users\kalra\.vscode\extensions\redhat.java-1.53.0-win32-x64\jre\21.0.10-win32-x86_64\bin\zip.dll
Event: 0.197 Loaded shared library C:\Users\kalra\.vscode\extensions\redhat.java-1.53.0-win32-x64\jre\21.0.10-win32-x86_64\bin\instrument.dll
Event: 0.209 Loaded shared library C:\Users\kalra\.vscode\extensions\redhat.java-1.53.0-win32-x64\jre\21.0.10-win32-x86_64\bin\net.dll
Event: 0.215 Loaded shared library C:\Users\kalra\.vscode\extensions\redhat.java-1.53.0-win32-x64\jre\21.0.10-win32-x86_64\bin\nio.dll
Event: 0.223 Loaded shared library C:\Users\kalra\.vscode\extensions\redhat.java-1.53.0-win32-x64\jre\21.0.10-win32-x86_64\bin\zip.dll
Event: 0.267 Loaded shared library C:\Users\kalra\.vscode\extensions\redhat.java-1.53.0-win32-x64\jre\21.0.10-win32-x86_64\bin\jimage.dll
Event: 0.424 Loaded shared library c:\Users\kalra\.vscode\extensions\redhat.java-1.53.0-win32-x64\jre\21.0.10-win32-x86_64\bin\verify.dll
Event: 2.998 Loaded shared library C:\Users\kalra\AppData\Roaming\Code\User\globalStorage\redhat.java\1.53.0\config_win\org.eclipse.equinox.launcher\org.eclipse.equinox.launcher.win32.win32.x86_64_1.3.0.v20260203-2149\eclipse_11919.dll
Event: 7.335 Loaded shared library C:\Users\kalra\AppData\Local\Temp\jna-101813893\jna2800221959016636403.dll
Event: 25.470 Loaded shared library C:\Users\kalra\.vscode\extensions\redhat.java-1.53.0-win32-x64\jre\21.0.10-win32-x86_64\bin\sunmscapi.dll

Deoptimization events (20 events):
Event: 30.347 Thread 0x000001479a790050 Uncommon trap: trap_request=0xffffff45 fr.pc=0x000001474ab86894 relative=0x0000000000000254
Event: 30.347 Thread 0x000001479a790050 Uncommon trap: reason=unstable_if action=reinterpret pc=0x000001474ab86894 method=java.util.HashMap.getNode(Ljava/lang/Object;)Ljava/util/HashMap$Node; @ 57 c2
Event: 30.347 Thread 0x000001479a790050 DEOPT PACKING pc=0x000001474ab86894 sp=0x0000002150efdbf0
Event: 30.347 Thread 0x000001479a790050 DEOPT UNPACKING pc=0x000001474a513aa2 sp=0x0000002150efdb70 mode 2
Event: 30.372 Thread 0x000001479a790050 Uncommon trap: trap_request=0xffffff45 fr.pc=0x000001474b0552c0 relative=0x0000000000000120
Event: 30.372 Thread 0x000001479a790050 Uncommon trap: reason=unstable_if action=reinterpret pc=0x000001474b0552c0 method=java.util.ArrayDeque.addFirst(Ljava/lang/Object;)V @ 42 c2
Event: 30.373 Thread 0x000001479a790050 DEOPT PACKING pc=0x000001474b0552c0 sp=0x0000002150efdc90
Event: 30.373 Thread 0x000001479a790050 DEOPT UNPACKING pc=0x000001474a513aa2 sp=0x0000002150efdbb8 mode 2
Event: 30.373 Thread 0x000001479a790050 Uncommon trap: trap_request=0xffffff45 fr.pc=0x000001474aec1e40 relative=0x0000000000000120
Event: 30.373 Thread 0x000001479a790050 Uncommon trap: reason=unstable_if action=reinterpret pc=0x000001474aec1e40 method=java.util.ArrayDeque.addFirst(Ljava/lang/Object;)V @ 42 c2
Event: 30.373 Thread 0x000001479a790050 DEOPT PACKING pc=0x000001474aec1e40 sp=0x0000002150efdc30
Event: 30.373 Thread 0x000001479a790050 DEOPT UNPACKING pc=0x000001474a513aa2 sp=0x0000002150efdbc0 mode 2
Event: 30.713 Thread 0x000001479a790050 Uncommon trap: trap_request=0xffffff45 fr.pc=0x000001474b091308 relative=0x0000000000000068
Event: 30.713 Thread 0x000001479a790050 Uncommon trap: reason=unstable_if action=reinterpret pc=0x000001474b091308 method=java.lang.Thread.getContextClassLoader()Ljava/lang/ClassLoader; @ 6 c2
Event: 30.713 Thread 0x000001479a790050 DEOPT PACKING pc=0x000001474b091308 sp=0x0000002150efe920
Event: 30.713 Thread 0x000001479a790050 DEOPT UNPACKING pc=0x000001474a513aa2 sp=0x0000002150efe8a8 mode 2
Event: 30.826 Thread 0x000001479a790050 DEOPT PACKING pc=0x000001474374a5fb sp=0x0000002150efe3d0
Event: 30.826 Thread 0x000001479a790050 DEOPT UNPACKING pc=0x000001474a514242 sp=0x0000002150efd840 mode 0
Event: 30.837 Thread 0x000001479a78d260 DEOPT PACKING pc=0x000001474396425b sp=0x00000021514fe930
Event: 30.837 Thread 0x000001479a78d260 DEOPT UNPACKING pc=0x000001474a514242 sp=0x00000021514fddb8 mode 0

Classes loaded (20 events):
Event: 25.579 Loading class com/sun/crypto/provider/PKCS5Padding
Event: 25.580 Loading class com/sun/crypto/provider/Padding
Event: 25.580 Loading class com/sun/crypto/provider/Padding done
Event: 25.580 Loading class com/sun/crypto/provider/PKCS5Padding done
Event: 25.581 Loading class com/sun/crypto/provider/CipherBlockChaining
Event: 25.582 Loading class com/sun/crypto/provider/CipherBlockChaining done
Event: 25.582 Loading class javax/crypto/NullCipher
Event: 25.584 Loading class javax/crypto/NullCipher done
Event: 25.589 Loading class sun/security/util/ArrayUtil
Event: 25.590 Loading class sun/security/util/ArrayUtil done
Event: 25.651 Loading class java/util/zip/CheckedInputStream
Event: 25.652 Loading class java/util/zip/CheckedInputStream done
Event: 25.831 Loading class java/util/zip/GZIPInputStream$1
Event: 25.832 Loading class java/util/zip/GZIPInputStream$1 done
Event: 26.132 Loading class jdk/internal/ref/CleanerImpl$InnocuousThreadFactory
Event: 26.132 Loading class jdk/internal/ref/CleanerImpl$InnocuousThreadFactory done
Event: 29.989 Loading class sun/nio/cs/ISO_8859_1$Decoder
Event: 29.989 Loading class sun/nio/cs/ISO_8859_1$Decoder done
Event: 31.045 Loading class java/lang/invoke/MethodHandleImpl$CountingWrapper$1
Event: 31.076 Loading class java/lang/invoke/MethodHandleImpl$CountingWrapper$1 done

Classes unloaded (7 events):
Event: 9.510 Thread 0x000001473e1dead0 Unloading class 0x00000147581ac800 'java/lang/invoke/LambdaForm$MH+0x00000147581ac800'
Event: 9.511 Thread 0x000001473e1dead0 Unloading class 0x00000147581ac400 'java/lang/invoke/LambdaForm$MH+0x00000147581ac400'
Event: 9.511 Thread 0x000001473e1dead0 Unloading class 0x00000147581ac000 'java/lang/invoke/LambdaForm$MH+0x00000147581ac000'
Event: 9.511 Thread 0x000001473e1dead0 Unloading class 0x00000147581abc00 'java/lang/invoke/LambdaForm$MH+0x00000147581abc00'
Event: 9.511 Thread 0x000001473e1dead0 Unloading class 0x00000147581ab800 'java/lang/invoke/LambdaForm$BMH+0x00000147581ab800'
Event: 9.511 Thread 0x000001473e1dead0 Unloading class 0x00000147581ab400 'java/lang/invoke/LambdaForm$DMH+0x00000147581ab400'
Event: 9.511 Thread 0x000001473e1dead0 Unloading class 0x00000147581aa000 'java/lang/invoke/LambdaForm$DMH+0x00000147581aa000'

Classes redefined (0 events):
No events

Internal exceptions (20 events):
Event: 24.769 Thread 0x00000147a1498730 Exception <a 'java/lang/IncompatibleClassChangeError'{0x00000000d5699e08}: Found class java.lang.Object, but interface was expected> (0x00000000d5699e08) 
thrown [s\src\hotspot\share\interpreter\linkResolver.cpp, line 840]
Event: 24.845 Thread 0x000001479a78d8f0 Implicit null exception at 0x000001474aea85cb to 0x000001474aea8738
Event: 25.115 Thread 0x00000147a16e26a0 Exception <a 'java/lang/IncompatibleClassChangeError'{0x00000000d5768fb8}: Found class java.lang.Object, but interface was expected> (0x00000000d5768fb8) 
thrown [s\src\hotspot\share\interpreter\linkResolver.cpp, line 840]
Event: 25.157 Thread 0x000001479a78d260 Exception <a 'sun/nio/fs/WindowsException'{0x00000000d5afc3f0}> (0x00000000d5afc3f0) 
thrown [s\src\hotspot\share\prims\jni.cpp, line 520]
Event: 25.158 Thread 0x000001479a78d260 Exception <a 'sun/nio/fs/WindowsException'{0x00000000d5afca20}> (0x00000000d5afca20) 
thrown [s\src\hotspot\share\prims\jni.cpp, line 520]
Event: 25.164 Thread 0x000001479a78d260 Exception <a 'sun/nio/fs/WindowsException'{0x00000000d5b67e40}> (0x00000000d5b67e40) 
thrown [s\src\hotspot\share\prims\jni.cpp, line 520]
Event: 25.164 Thread 0x000001479a78d260 Exception <a 'sun/nio/fs/WindowsException'{0x00000000d5b68408}> (0x00000000d5b68408) 
thrown [s\src\hotspot\share\prims\jni.cpp, line 520]
Event: 25.233 Thread 0x000001479a78d260 Exception <a 'java/lang/NoSuchMethodError'{0x00000000d5a1e718}: method resolution failed> (0x00000000d5a1e718) 
thrown [s\src\hotspot\share\prims\methodHandles.cpp, line 1136]
Event: 25.274 Thread 0x000001479a790050 Exception <a 'java/lang/NoSuchMethodError'{0x00000000d58fc488}: 'void java.lang.invoke.DirectMethodHandle$Holder.invokeStatic(java.lang.Object, java.lang.Object, java.lang.Object, int)'> (0x00000000d58fc488) 
thrown [s\src\hotspot\share\interpreter\linkResolver.cpp, line 773]
Event: 25.346 Thread 0x000001479a790050 Exception <a 'java/lang/NoSuchMethodError'{0x00000000d59f6aa0}: 'void java.lang.invoke.DirectMethodHandle$Holder.invokeVirtual(java.lang.Object, java.lang.Object, int)'> (0x00000000d59f6aa0) 
thrown [s\src\hotspot\share\interpreter\linkResolver.cpp, line 773]
Event: 25.399 Thread 0x00000147a149e9a0 Exception <a 'java/lang/NoSuchMethodError'{0x00000000d560eaa0}: 'java.lang.Object java.lang.invoke.DirectMethodHandle$Holder.invokeStaticInit(java.lang.Object, java.lang.Object, java.lang.Object)'> (0x00000000d560eaa0) 
thrown [s\src\hotspot\share\interpreter\linkResolver.cpp, line 773]
Event: 25.516 Thread 0x00000147a149f030 Exception <a 'sun/nio/fs/WindowsException'{0x00000000d56d4130}> (0x00000000d56d4130) 
thrown [s\src\hotspot\share\prims\jni.cpp, line 520]
Event: 25.637 Thread 0x00000147a149e310 Exception <a 'java/io/FileNotFoundException'{0x00000000d5898d58}> (0x00000000d5898d58) 
thrown [s\src\hotspot\share\prims\jni.cpp, line 520]
Event: 25.638 Thread 0x00000147a149e310 Exception <a 'java/io/FileNotFoundException'{0x00000000d5899e40}> (0x00000000d5899e40) 
thrown [s\src\hotspot\share\prims\jni.cpp, line 520]
Event: 25.638 Thread 0x00000147a149e310 Exception <a 'java/io/FileNotFoundException'{0x00000000d589aba8}> (0x00000000d589aba8) 
thrown [s\src\hotspot\share\prims\jni.cpp, line 520]
Event: 25.869 Thread 0x00000147a1498730 Implicit null exception at 0x000001474aedeada to 0x000001474aedeb33
Event: 29.252 Thread 0x000001479a790050 Exception <a 'java/lang/NoSuchMethodError'{0x00000000d56d5c70}: 'void java.lang.invoke.DirectMethodHandle$Holder.invokeInterface(java.lang.Object, java.lang.Object)'> (0x00000000d56d5c70) 
thrown [s\src\hotspot\share\interpreter\linkResolver.cpp, line 773]
Event: 29.517 Thread 0x00000147a1cc18e0 Implicit null exception at 0x000001474b062b6b to 0x000001474b062f7c
Event: 30.723 Thread 0x000001479a790050 Exception <a 'sun/nio/fs/WindowsException'{0x00000000d57ed9b8}> (0x00000000d57ed9b8) 
thrown [s\src\hotspot\share\prims\jni.cpp, line 520]
Event: 30.723 Thread 0x000001479a790050 Exception <a 'sun/nio/fs/WindowsException'{0x00000000d57ee4f0}> (0x00000000d57ee4f0) 
thrown [s\src\hotspot\share\prims\jni.cpp, line 520]

ZGC Phase Switch (0 events):
No events

VM Operations (20 events):
Event: 30.813 Executing safepoint VM operation: ParallelGCFailedAllocation (Allocation Failure)
Event: 30.815 Executing safepoint VM operation: ParallelGCFailedAllocation (Allocation Failure) done
Event: 30.851 Executing safepoint VM operation: ParallelGCFailedAllocation (Allocation Failure)
Event: 30.853 Executing safepoint VM operation: ParallelGCFailedAllocation (Allocation Failure) done
Event: 30.874 Executing safepoint VM operation: ParallelGCFailedAllocation (Allocation Failure)
Event: 30.876 Executing safepoint VM operation: ParallelGCFailedAllocation (Allocation Failure) done
Event: 30.903 Executing safepoint VM operation: ParallelGCFailedAllocation (Allocation Failure)
Event: 30.904 Executing safepoint VM operation: ParallelGCFailedAllocation (Allocation Failure) done
Event: 30.944 Executing safepoint VM operation: ParallelGCFailedAllocation (Allocation Failure)
Event: 30.946 Executing safepoint VM operation: ParallelGCFailedAllocation (Allocation Failure) done
Event: 30.992 Executing safepoint VM operation: ParallelGCFailedAllocation (Allocation Failure)
Event: 30.995 Executing safepoint VM operation: ParallelGCFailedAllocation (Allocation Failure) done
Event: 31.060 Executing safepoint VM operation: ParallelGCFailedAllocation (Allocation Failure)
Event: 31.065 Executing safepoint VM operation: ParallelGCFailedAllocation (Allocation Failure) done
Event: 31.083 Executing safepoint VM operation: ParallelGCFailedAllocation (Allocation Failure)
Event: 31.087 Executing safepoint VM operation: ParallelGCFailedAllocation (Allocation Failure) done
Event: 31.249 Executing safepoint VM operation: ParallelGCFailedAllocation (Allocation Failure)
Event: 31.251 Executing safepoint VM operation: ParallelGCFailedAllocation (Allocation Failure) done
Event: 31.314 Executing non-safepoint VM operation: HandshakeAllThreads (Deoptimize)
Event: 31.347 Executing non-safepoint VM operation: HandshakeAllThreads (Deoptimize) done

Memory protections (0 events):
No events

Nmethod flushes (20 events):
Event: 24.240 Thread 0x000001473e1dead0 flushing osr nmethod 0x00000147438f4c10
Event: 24.240 Thread 0x000001473e1dead0 flushing osr nmethod 0x00000147438fc990
Event: 24.240 Thread 0x000001473e1dead0 flushing  nmethod 0x0000014743907110
Event: 24.240 Thread 0x000001473e1dead0 flushing  nmethod 0x000001474390af10
Event: 24.240 Thread 0x000001473e1dead0 flushing  nmethod 0x0000014743916590
Event: 24.240 Thread 0x000001473e1dead0 flushing  nmethod 0x0000014743927090
Event: 24.240 Thread 0x000001473e1dead0 flushing  nmethod 0x0000014743927a10
Event: 24.240 Thread 0x000001473e1dead0 flushing  nmethod 0x0000014743927d90
Event: 24.240 Thread 0x000001473e1dead0 flushing  nmethod 0x0000014743928110
Event: 24.240 Thread 0x000001473e1dead0 flushing  nmethod 0x000001474392d210
Event: 24.240 Thread 0x000001473e1dead0 flushing  nmethod 0x0000014743930410
Event: 24.240 Thread 0x000001473e1dead0 flushing  nmethod 0x0000014743946110
Event: 24.240 Thread 0x000001473e1dead0 flushing  nmethod 0x0000014743946710
Event: 24.240 Thread 0x000001473e1dead0 flushing  nmethod 0x0000014743946f90
Event: 24.240 Thread 0x000001473e1dead0 flushing  nmethod 0x0000014743947310
Event: 24.240 Thread 0x000001473e1dead0 flushing  nmethod 0x0000014743949690
Event: 24.240 Thread 0x000001473e1dead0 flushing  nmethod 0x0000014743954390
Event: 24.240 Thread 0x000001473e1dead0 flushing  nmethod 0x0000014743980a10
Event: 24.240 Thread 0x000001473e1dead0 flushing  nmethod 0x000001474399ac10
Event: 24.240 Thread 0x000001473e1dead0 flushing  nmethod 0x000001474399dd10

Events (20 events):
Event: 28.352 Thread 0x00000147a3083ac0 Thread exited: 0x00000147a3083ac0
Event: 28.352 Thread 0x00000147a3084e70 Thread exited: 0x00000147a3084e70
Event: 28.353 Thread 0x00000147a3085b90 Thread exited: 0x00000147a3085b90
Event: 28.353 Thread 0x00000147a3084150 Thread exited: 0x00000147a3084150
Event: 28.353 Thread 0x00000147a1499ae0 Thread exited: 0x00000147a1499ae0
Event: 28.360 Thread 0x00000147a14980a0 Thread exited: 0x00000147a14980a0
Event: 28.360 Thread 0x00000147a3085500 Thread exited: 0x00000147a3085500
Event: 28.361 Thread 0x00000147a3083430 Thread exited: 0x00000147a3083430
Event: 28.361 Thread 0x00000147a3086220 Thread exited: 0x00000147a3086220
Event: 29.080 Thread 0x000001473e84e890 Thread added: 0x000001479f93d930
Event: 29.314 Thread 0x000001479a790050 Thread added: 0x00000147a1cc18e0
Event: 29.314 Thread 0x000001479a790050 Thread added: 0x00000147a1cc0bc0
Event: 29.315 Thread 0x000001479a790050 Thread added: 0x00000147a1cbe460
Event: 29.315 Thread 0x000001479a790050 Thread added: 0x00000147a1cbeaf0
Event: 29.318 Thread 0x000001479a790050 Thread added: 0x00000147a1cbf180
Event: 30.331 Thread 0x00000147a1cbe460 Thread exited: 0x00000147a1cbe460
Event: 30.332 Thread 0x00000147a1cc18e0 Thread exited: 0x00000147a1cc18e0
Event: 30.332 Thread 0x00000147a1cbeaf0 Thread exited: 0x00000147a1cbeaf0
Event: 30.332 Thread 0x00000147a1cc0bc0 Thread exited: 0x00000147a1cc0bc0
Event: 30.334 Thread 0x00000147a1cbf180 Thread exited: 0x00000147a1cbf180


Dynamic libraries:
0x00007ff61ccc0000 - 0x00007ff61ccce000 	c:\Users\kalra\.vscode\extensions\redhat.java-1.53.0-win32-x64\jre\21.0.10-win32-x86_64\bin\java.exe
0x00007ff8b4ac0000 - 0x00007ff8b4d27000 	C:\WINDOWS\SYSTEM32\ntdll.dll
0x00007ff8b2bb0000 - 0x00007ff8b2c79000 	C:\WINDOWS\System32\KERNEL32.DLL
0x00007ff8b1580000 - 0x00007ff8b1971000 	C:\WINDOWS\System32\KERNELBASE.dll
0x00007ff8b22b0000 - 0x00007ff8b23fb000 	C:\WINDOWS\System32\ucrtbase.dll
0x00007ff869d50000 - 0x00007ff869d68000 	c:\Users\kalra\.vscode\extensions\redhat.java-1.53.0-win32-x64\jre\21.0.10-win32-x86_64\bin\jli.dll
0x00007ff8b4420000 - 0x00007ff8b45e5000 	C:\WINDOWS\System32\USER32.dll
0x00007ff868d50000 - 0x00007ff868d6e000 	c:\Users\kalra\.vscode\extensions\redhat.java-1.53.0-win32-x64\jre\21.0.10-win32-x86_64\bin\VCRUNTIME140.dll
0x00007ff8b1980000 - 0x00007ff8b19a7000 	C:\WINDOWS\System32\win32u.dll
0x00007ff89a420000 - 0x00007ff89a6b3000 	C:\WINDOWS\WinSxS\amd64_microsoft.windows.common-controls_6595b64144ccf1df_6.0.26100.8037_none_3e092faae333b53b\COMCTL32.dll
0x00007ff8b3f70000 - 0x00007ff8b4019000 	C:\WINDOWS\System32\msvcrt.dll
0x00007ff8b3f40000 - 0x00007ff8b3f6b000 	C:\WINDOWS\System32\GDI32.dll
0x00007ff8b13a0000 - 0x00007ff8b14cb000 	C:\WINDOWS\System32\gdi32full.dll
0x00007ff8b14d0000 - 0x00007ff8b1573000 	C:\WINDOWS\System32\msvcp_win.dll
0x00007ff8b4870000 - 0x00007ff8b48a1000 	C:\WINDOWS\System32\IMM32.DLL
0x00007ff876680000 - 0x00007ff87668c000 	c:\Users\kalra\.vscode\extensions\redhat.java-1.53.0-win32-x64\jre\21.0.10-win32-x86_64\bin\vcruntime140_1.dll
0x00007ff84a920000 - 0x00007ff84a9ad000 	c:\Users\kalra\.vscode\extensions\redhat.java-1.53.0-win32-x64\jre\21.0.10-win32-x86_64\bin\msvcp140.dll
0x00007ff80dc80000 - 0x00007ff80ea21000 	c:\Users\kalra\.vscode\extensions\redhat.java-1.53.0-win32-x64\jre\21.0.10-win32-x86_64\bin\server\jvm.dll
0x00007ff8b4780000 - 0x00007ff8b483b000 	C:\WINDOWS\System32\ADVAPI32.dll
0x00007ff8b3630000 - 0x00007ff8b36d7000 	C:\WINDOWS\System32\sechost.dll
0x00007ff8b2d40000 - 0x00007ff8b2e58000 	C:\WINDOWS\System32\RPCRT4.dll
0x00007ff8b2e60000 - 0x00007ff8b2ed4000 	C:\WINDOWS\System32\WS2_32.dll
0x00007ff8b1200000 - 0x00007ff8b125e000 	C:\WINDOWS\SYSTEM32\POWRPROF.dll
0x00007ff8aa600000 - 0x00007ff8aa60b000 	C:\WINDOWS\SYSTEM32\VERSION.dll
0x00007ff8aa610000 - 0x00007ff8aa645000 	C:\WINDOWS\SYSTEM32\WINMM.dll
0x00007ff8b11e0000 - 0x00007ff8b11f4000 	C:\WINDOWS\SYSTEM32\UMPDC.dll
0x00007ff8b0130000 - 0x00007ff8b014b000 	C:\WINDOWS\SYSTEM32\kernel.appcore.dll
0x00007ff876090000 - 0x00007ff87609a000 	c:\Users\kalra\.vscode\extensions\redhat.java-1.53.0-win32-x64\jre\21.0.10-win32-x86_64\bin\jimage.dll
0x00007ff8a5b80000 - 0x00007ff8a5dc2000 	C:\WINDOWS\SYSTEM32\DBGHELP.DLL
0x00007ff8b4080000 - 0x00007ff8b4402000 	C:\WINDOWS\System32\combase.dll
0x00007ff8b3550000 - 0x00007ff8b3627000 	C:\WINDOWS\System32\OLEAUT32.dll
0x00007ff895010000 - 0x00007ff89504b000 	C:\WINDOWS\SYSTEM32\dbgcore.DLL
0x00007ff8b2400000 - 0x00007ff8b24a5000 	C:\WINDOWS\System32\bcryptPrimitives.dll
0x00007ff874b30000 - 0x00007ff874b3f000 	c:\Users\kalra\.vscode\extensions\redhat.java-1.53.0-win32-x64\jre\21.0.10-win32-x86_64\bin\instrument.dll
0x00007ff867c00000 - 0x00007ff867c20000 	c:\Users\kalra\.vscode\extensions\redhat.java-1.53.0-win32-x64\jre\21.0.10-win32-x86_64\bin\java.dll
0x00007ff8b37d0000 - 0x00007ff8b3f2f000 	C:\WINDOWS\System32\SHELL32.dll
0x00007ff8b26f0000 - 0x00007ff8b285a000 	C:\WINDOWS\System32\wintypes.dll
0x00007ff8b19b0000 - 0x00007ff8b2214000 	C:\WINDOWS\System32\windows.storage.dll
0x00007ff8b4980000 - 0x00007ff8b4a77000 	C:\WINDOWS\System32\SHCORE.dll
0x00007ff8b36e0000 - 0x00007ff8b3747000 	C:\WINDOWS\System32\shlwapi.dll
0x00007ff8b12c0000 - 0x00007ff8b12e9000 	C:\WINDOWS\SYSTEM32\profapi.dll
0x00007ff867940000 - 0x00007ff867958000 	c:\Users\kalra\.vscode\extensions\redhat.java-1.53.0-win32-x64\jre\21.0.10-win32-x86_64\bin\zip.dll
0x00007ff86f7a0000 - 0x00007ff86f7b0000 	C:\Users\kalra\.vscode\extensions\redhat.java-1.53.0-win32-x64\jre\21.0.10-win32-x86_64\bin\net.dll
0x00007ff8aa810000 - 0x00007ff8aa937000 	C:\WINDOWS\SYSTEM32\WINHTTP.dll
0x00007ff8b06a0000 - 0x00007ff8b070b000 	C:\WINDOWS\system32\mswsock.dll
0x00007ff8662d0000 - 0x00007ff8662e6000 	C:\Users\kalra\.vscode\extensions\redhat.java-1.53.0-win32-x64\jre\21.0.10-win32-x86_64\bin\nio.dll
0x00007ff87fb90000 - 0x00007ff87fba0000 	c:\Users\kalra\.vscode\extensions\redhat.java-1.53.0-win32-x64\jre\21.0.10-win32-x86_64\bin\verify.dll
0x00007ff838aa0000 - 0x00007ff838ae5000 	C:\Users\kalra\AppData\Roaming\Code\User\globalStorage\redhat.java\1.53.0\config_win\org.eclipse.equinox.launcher\org.eclipse.equinox.launcher.win32.win32.x86_64_1.3.0.v20260203-2149\eclipse_11919.dll
0x00007ff8b2a10000 - 0x00007ff8b2ba5000 	C:\WINDOWS\System32\ole32.dll
0x00007ff8b0980000 - 0x00007ff8b099b000 	C:\WINDOWS\SYSTEM32\CRYPTSP.dll
0x00007ff8b0090000 - 0x00007ff8b00c9000 	C:\WINDOWS\system32\rsaenh.dll
0x00007ff8b0750000 - 0x00007ff8b0782000 	C:\WINDOWS\SYSTEM32\USERENV.dll
0x00007ff8b1290000 - 0x00007ff8b12ba000 	C:\WINDOWS\SYSTEM32\bcrypt.dll
0x00007ff8b09a0000 - 0x00007ff8b09ac000 	C:\WINDOWS\SYSTEM32\CRYPTBASE.dll
0x00007ff8afb20000 - 0x00007ff8afb53000 	C:\WINDOWS\SYSTEM32\IPHLPAPI.DLL
0x00007ff8b45f0000 - 0x00007ff8b45fa000 	C:\WINDOWS\System32\NSI.dll
0x00007ff838a50000 - 0x00007ff838a99000 	C:\Users\kalra\AppData\Local\Temp\jna-101813893\jna2800221959016636403.dll
0x00007ff8b2c80000 - 0x00007ff8b2c88000 	C:\WINDOWS\System32\PSAPI.DLL
0x00007ff8ac410000 - 0x00007ff8ac42d000 	C:\WINDOWS\SYSTEM32\dhcpcsvc6.DLL
0x00007ff8ac300000 - 0x00007ff8ac323000 	C:\WINDOWS\SYSTEM32\dhcpcsvc.DLL
0x00007ff899e30000 - 0x00007ff899e3e000 	C:\Users\kalra\.vscode\extensions\redhat.java-1.53.0-win32-x64\jre\21.0.10-win32-x86_64\bin\sunmscapi.dll
0x00007ff8b24b0000 - 0x00007ff8b2627000 	C:\WINDOWS\System32\CRYPT32.dll
0x00007ff8b0ba0000 - 0x00007ff8b0bd0000 	C:\WINDOWS\SYSTEM32\ncrypt.dll
0x00007ff8b0b50000 - 0x00007ff8b0b8f000 	C:\WINDOWS\SYSTEM32\NTASN1.dll

JVMTI agents:
c:\Users\kalra\.vscode\extensions\redhat.java-1.53.0-win32-x64\lombok\lombok-1.18.39-4050.jar path:c:\Users\kalra\.vscode\extensions\redhat.java-1.53.0-win32-x64\jre\21.0.10-win32-x86_64\bin\instrument.dll, loaded, initialized, instrumentlib options:none

dbghelp: loaded successfully - version: 4.0.5 - missing functions: none
symbol engine: initialized successfully - sym options: 0x614 - pdb path: .;c:\Users\kalra\.vscode\extensions\redhat.java-1.53.0-win32-x64\jre\21.0.10-win32-x86_64\bin;C:\WINDOWS\SYSTEM32;C:\WINDOWS\WinSxS\amd64_microsoft.windows.common-controls_6595b64144ccf1df_6.0.26100.8037_none_3e092faae333b53b;c:\Users\kalra\.vscode\extensions\redhat.java-1.53.0-win32-x64\jre\21.0.10-win32-x86_64\bin\server;C:\Users\kalra\AppData\Roaming\Code\User\globalStorage\redhat.java\1.53.0\config_win\org.eclipse.equinox.launcher\org.eclipse.equinox.launcher.win32.win32.x86_64_1.3.0.v20260203-2149;C:\Users\kalra\AppData\Local\Temp\jna-101813893

VM Arguments:
jvm_args: --add-modules=ALL-SYSTEM --add-opens=java.base/java.util=ALL-UNNAMED --add-opens=java.base/java.lang=ALL-UNNAMED --add-opens=java.base/sun.nio.fs=ALL-UNNAMED -Declipse.application=org.eclipse.jdt.ls.core.id1 -Dosgi.bundles.defaultStartLevel=4 -Declipse.product=org.eclipse.jdt.ls.core.product -Djava.import.generatesMetadataFilesAtProjectRoot=false -DDetectVMInstallationsJob.disabled=true -Dfile.encoding=utf8 -XX:+UseParallelGC -XX:GCTimeRatio=4 -XX:AdaptiveSizePolicyWeight=90 -Dsun.zip.disableMemoryMapping=true -Xmx2G -Xms100m -Xlog:disable -javaagent:c:\Users\kalra\.vscode\extensions\redhat.java-1.53.0-win32-x64\lombok\lombok-1.18.39-4050.jar -XX:+HeapDumpOnOutOfMemoryError -XX:HeapDumpPath=c:\Users\kalra\AppData\Roaming\Code\User\workspaceStorage\4fda5c3b26c15e0cb27154c0e992db6d\redhat.java -Daether.dependencyCollector.impl=bf 
java_command: c:\Users\kalra\.vscode\extensions\redhat.java-1.53.0-win32-x64\server\plugins\org.eclipse.equinox.launcher_1.7.100.v20251111-0406.jar -configuration c:\Users\kalra\AppData\Roaming\Code\User\globalStorage\redhat.java\1.53.0\config_win -data c:\Users\kalra\AppData\Roaming\Code\User\workspaceStorage\4fda5c3b26c15e0cb27154c0e992db6d\redhat.java\jdt_ws --pipe=\\.\pipe\lsp-402a881a78a954ed585ab7c432932092-sock
java_class_path (initial): c:\Users\kalra\.vscode\extensions\redhat.java-1.53.0-win32-x64\server\plugins\org.eclipse.equinox.launcher_1.7.100.v20251111-0406.jar
Launcher Type: SUN_STANDARD

[Global flags]
    uintx AdaptiveSizePolicyWeight                 = 90                                        {product} {command line}
     intx CICompilerCount                          = 4                                         {product} {ergonomic}
    uintx GCTimeRatio                              = 4                                         {product} {command line}
     bool HeapDumpOnOutOfMemoryError               = true                                   {manageable} {command line}
    ccstr HeapDumpPath                             = c:\Users\kalra\AppData\Roaming\Code\User\workspaceStorage\4fda5c3b26c15e0cb27154c0e992db6d\redhat.java         {manageable} {command line}
   size_t InitialHeapSize                          = 104857600                                 {product} {command line}
   size_t MaxHeapSize                              = 2147483648                                {product} {command line}
   size_t MaxNewSize                               = 715653120                                 {product} {ergonomic}
   size_t MinHeapDeltaBytes                        = 524288                                    {product} {ergonomic}
   size_t MinHeapSize                              = 104857600                                 {product} {command line}
   size_t NewSize                                  = 34603008                                  {product} {ergonomic}
    uintx NonNMethodCodeHeapSize                   = 5839372                                {pd product} {ergonomic}
    uintx NonProfiledCodeHeapSize                  = 122909434                              {pd product} {ergonomic}
   size_t OldSize                                  = 70254592                                  {product} {ergonomic}
    uintx ProfiledCodeHeapSize                     = 122909434                              {pd product} {ergonomic}
    uintx ReservedCodeCacheSize                    = 251658240                              {pd product} {ergonomic}
     bool SegmentedCodeCache                       = true                                      {product} {ergonomic}
   size_t SoftMaxHeapSize                          = 2147483648                             {manageable} {ergonomic}
     bool UseCompressedOops                        = true                           {product lp64_product} {ergonomic}
     bool UseLargePagesIndividualAllocation        = false                                  {pd product} {ergonomic}
     bool UseParallelGC                            = true                                      {product} {command line}

Logging:
Log output configuration:
 #0: stdout all=off uptime,level,tags foldmultilines=false
 #1: stderr all=off uptime,level,tags foldmultilines=false

Release file:
JAVA_VERSION="21.0.10" 
MODULES="java.base java.compiler java.datatransfer java.xml java.prefs java.desktop java.instrument java.logging java.management java.security.sasl java.naming java.rmi java.management.rmi java.net.http java.scripting java.security.jgss java.transaction.xa java.sql java.sql.rowset java.xml.crypto java.se java.smartcardio jdk.accessibility jdk.internal.jvmstat jdk.attach jdk.charsets jdk.internal.opt jdk.zipfs jdk.compiler jdk.crypto.ec jdk.crypto.cryptoki jdk.crypto.mscapi jdk.dynalink jdk.internal.ed jdk.editpad jdk.hotspot.agent jdk.httpserver jdk.internal.le jdk.internal.vm.ci jdk.internal.vm.compiler jdk.internal.vm.compiler.management jdk.jartool jdk.javadoc jdk.jcmd jdk.management jdk.management.agent jdk.jconsole jdk.jdeps jdk.jdwp.agent jdk.jdi jdk.jfr jdk.jshell jdk.jsobject jdk.jstatd jdk.localedata jdk.management.jfr jdk.naming.dns jdk.naming.rmi jdk.net jdk.nio.mapmode jdk.random jdk.sctp jdk.security.auth jdk.security.jgss jdk.unsupported jdk.unsupported.desktop jdk.xml.dom" 

Environment Variables:
PATH=C:\Users\kalra\AppData\Local\Programs\Microsoft VS Code;C:\Python314\Scripts\;C:\Python314\;C:\Program Files\nodejs\;C:\ProgramData\chocolatey\bin;D:\Git\cmd;C:\Users\kalra\AppData\Local\Programs\Python\Python313\Scripts\;C:\Users\kalra\AppData\Local\Programs\Python\Python313\;C:\Program Files\MySQL\MySQL Shell 8.0\bin\;C:\Users\kalra\AppData\Local\Programs\Python\Python312\Scripts\;C:\Users\kalra\AppData\Local\Programs\Python\Python312\;C:\Users\kalra\AppData\Local\Microsoft\WindowsApps;C:\Users\kalra\AppData\Local\Programs\Microsoft VS Code\bin;C:\Program Files\Azure Data Studio\bin;%JAVA_HOME%\bin;C:\Program Files\Maven\apache-maven-3.9.11\bin;C:\Program Files\MySQL\MySQL Server 8.0\bin;C:\Users\kalra\AppData\Roaming\npm;C:\Users\kalra\Downloads\flutter_windows_3.41.4-stable\flutter\bin;C:\Windows\System32;C:\Program Files\Git\cmd;C:\Windows\System32\WindowsPowerShell\v1.0\;
USERNAME=kalra
OS=Windows_NT
PROCESSOR_IDENTIFIER=AMD64 Family 23 Model 104 Stepping 1, AuthenticAMD
TMP=C:\Users\kalra\AppData\Local\Temp
TEMP=C:\Users\kalra\AppData\Local\Temp




Periodic native trim disabled

---------------  S Y S T E M  ---------------

OS:
 Windows 11 , 64 bit Build 26100 (10.0.26100.7920)
OS uptime: 0 days 14:05 hours
Hyper-V role detected

CPU: total 12 (initial active 12) (12 cores per cpu, 2 threads per core) family 23 model 104 stepping 1 microcode 0x8608107, cx8, cmov, fxsr, ht, mmx, 3dnowpref, sse, sse2, sse3, ssse3, sse4a, sse4.1, sse4.2, popcnt, lzcnt, tsc, tscinvbit, avx, avx2, aes, clmul, bmi1, bmi2, adx, sha, fma, vzeroupper, clflush, clflushopt, hv, rdtscp, rdpid, f16c
Processor Information for the first 12 processors :
  Max Mhz: 2100, Current Mhz: 2100, Mhz Limit: 2100

Memory: 4k page, system-wide physical 7501M (472M free)
TotalPageFile size 16342M (AvailPageFile size 2M)
current process WorkingSet (physical memory assigned to process): 403M, peak: 433M
current process commit charge ("private bytes"): 486M, peak: 511M

vm_info: OpenJDK 64-Bit Server VM (21.0.10+7-LTS) for windows-amd64 JRE (21.0.10+7-LTS), built on 2026-01-20T00:00:00Z by "admin" with MS VC++ 17.12 (VS2022)

END.
