#
# There is insufficient memory for the Java Runtime Environment to continue.
# Native memory allocation (malloc) failed to allocate 3457712 bytes. Error detail: Chunk::new
# Possible reasons:
#   The system is out of physical RAM or swap space
#   This process is running with CompressedOops enabled, and the Java Heap may be blocking the growth of the native heap
# Possible solutions:
#   Reduce memory load on the system
#   Increase physical memory or swap space
#   Check if swap backing store is full
#   Decrease Java heap size (-Xmx/-Xms)
#   Decrease number of Java threads
#   Decrease Java thread stack sizes (-Xss)
#   Set larger code cache with -XX:ReservedCodeCacheSize=
#   JVM is running with Unscaled Compressed Oops mode in which the Java heap is
#     placed in the first 4GB address space. The Java Heap base address is the
#     maximum limit for the native heap growth. Please use -XX:HeapBaseMinAddress
#     to set the Java Heap base and to place the Java Heap above 4GB virtual address.
# This output file may be truncated or incomplete.
#
#  Out of Memory Error (arena.cpp:168), pid=20104, tid=7788
#
# JRE version: OpenJDK Runtime Environment Temurin-21.0.10+7 (21.0.10+7) (build 21.0.10+7-LTS)
# Java VM: OpenJDK 64-Bit Server VM Temurin-21.0.10+7 (21.0.10+7-LTS, mixed mode, sharing, tiered, compressed oops, compressed class ptrs, parallel gc, windows-amd64)
# No core dump will be written. Minidumps are not enabled by default on client versions of Windows
#

---------------  S U M M A R Y ------------

Command Line: --add-modules=ALL-SYSTEM --add-opens=java.base/java.util=ALL-UNNAMED --add-opens=java.base/java.lang=ALL-UNNAMED --add-opens=java.base/sun.nio.fs=ALL-UNNAMED -Declipse.application=org.eclipse.jdt.ls.core.id1 -Dosgi.bundles.defaultStartLevel=4 -Declipse.product=org.eclipse.jdt.ls.core.product -Djava.import.generatesMetadataFilesAtProjectRoot=false -DDetectVMInstallationsJob.disabled=true -Dfile.encoding=utf8 -XX:+UseParallelGC -XX:GCTimeRatio=4 -XX:AdaptiveSizePolicyWeight=90 -Dsun.zip.disableMemoryMapping=true -Xmx2G -Xms100m -Xlog:disable -javaagent:c:\Users\kalra\.vscode\extensions\redhat.java-1.53.0-win32-x64\lombok\lombok-1.18.39-4050.jar -XX:+HeapDumpOnOutOfMemoryError -XX:HeapDumpPath=c:\Users\kalra\AppData\Roaming\Code\User\workspaceStorage\4fda5c3b26c15e0cb27154c0e992db6d\redhat.java -Daether.dependencyCollector.impl=bf c:\Users\kalra\.vscode\extensions\redhat.java-1.53.0-win32-x64\server\plugins\org.eclipse.equinox.launcher_1.7.100.v20251111-0406.jar -configuration c:\Users\kalra\AppData\Roaming\Code\User\globalStorage\redhat.java\1.53.0\config_win -data c:\Users\kalra\AppData\Roaming\Code\User\workspaceStorage\4fda5c3b26c15e0cb27154c0e992db6d\redhat.java\jdt_ws --pipe=\\.\pipe\lsp-197b6335791a136ee1d89759bd56d509-sock

Host: AMD Ryzen 5 5500U with Radeon Graphics         , 12 cores, 7G,  Windows 11 , 64 bit Build 26100 (10.0.26100.7920)
Time: Fri Mar 27 14:21:37 2026 India Standard Time elapsed time: 16.781695 seconds (0d 0h 0m 16s)

---------------  T H R E A D  ---------------

Current thread (0x0000021076cee5a0):  JavaThread "C2 CompilerThread0" daemon [_thread_in_native, id=7788, stack(0x000000ba1f400000,0x000000ba1f500000) (1024K)]


Current CompileTask:
C2:16781 10513       4       org.eclipse.jdt.internal.compiler.lookup.BinaryTypeBinding::createMethod (1666 bytes)

Stack: [0x000000ba1f400000,0x000000ba1f500000]
Native frames: (J=compiled Java code, j=interpreted, Vv=VM code, C=native code)
V  [jvm.dll+0x6d7a39]
V  [jvm.dll+0x8b4b26]
V  [jvm.dll+0x8b70de]
V  [jvm.dll+0x8b77c3]
V  [jvm.dll+0x284346]
V  [jvm.dll+0xc66ed]
V  [jvm.dll+0xc6c31]
V  [jvm.dll+0x3bec3b]
V  [jvm.dll+0x1e3f69]
V  [jvm.dll+0x24c6b3]
V  [jvm.dll+0x24bb40]
V  [jvm.dll+0x1cb34e]
V  [jvm.dll+0x25b85d]
V  [jvm.dll+0x259dea]
V  [jvm.dll+0x3f857e]
V  [jvm.dll+0x85f59d]
V  [jvm.dll+0x6d626d]
C  [ucrtbase.dll+0x37b0]
C  [KERNEL32.DLL+0x2e8d7]
C  [ntdll.dll+0x8c48c]


---------------  P R O C E S S  ---------------

Threads class SMR info:
_java_thread_list=0x000002107f6997d0, length=90, elements={
0x000002106bad9fa0, 0x000002107599ba50, 0x000002107599ca10, 0x000002106df9e790,
0x000002106df9e100, 0x000002106dfa0860, 0x000002106df9fb40, 0x0000021076cee5a0,
0x0000021076cf0050, 0x000002106dfa01d0, 0x000002106df9ee20, 0x000002106dfa0ef0,
0x000002106df9f4b0, 0x000002106df9da70, 0x000002107ca74cc0, 0x000002107ca75350,
0x000002107ca74630, 0x000002107ca76070, 0x000002107ca76d90, 0x000002107ca77420,
0x000002107ca73fa0, 0x000002107ca77ab0, 0x000002107ca78140, 0x000002107ca787d0,
0x000002107ca78e60, 0x000002107ca759e0, 0x000002107ca7a210, 0x000002107ca794f0,
0x000002107ca79b80, 0x000002107ca7a8a0, 0x000002107ca7af30, 0x000002107ca7b5c0,
0x000002107f53b170, 0x000002107f53a450, 0x000002107f53aae0, 0x000002107f538a10,
0x000002107f538380, 0x000002107f539730, 0x000002107f539dc0, 0x000002107f53c520,
0x000002107f53b800, 0x000002107f5390a0, 0x000002107f53cbb0, 0x000002107f53d8d0,
0x000002107f53ec80, 0x000002107f53f310, 0x000002107f53df60, 0x000002107f53d240,
0x000002107f53e5f0, 0x000002107f53be90, 0x000002107f53f9a0, 0x000002107ef600a0,
0x000002106baa4750, 0x000002107f9c57a0, 0x000002107ef62e90, 0x000002107ef64240,
0x000002107ef64f60, 0x000002107ef61ae0, 0x000002107ef655f0, 0x000002107ef62800,
0x000002107ef63520, 0x000002107ef62170, 0x000002107ef65c80, 0x000002107ef66310,
0x000002107ef63bb0, 0x000002107f62f810, 0x000002107f62f180, 0x000002107f62eaf0,
0x000002107f62ca20, 0x000002107f62d0b0, 0x000002107f62c390, 0x000002107f62d740,
0x000002107f62ddd0, 0x000002107f62e460, 0x0000021051e617b0, 0x0000021051e60a90,
0x0000021051e5fd70, 0x0000021051e5f6e0, 0x0000021051e61e40, 0x0000021051e60400,
0x0000021051e652c0, 0x0000021051e64c30, 0x0000021051e645a0, 0x0000021051e65950,
0x0000021051e65fe0, 0x0000021051e62b60, 0x0000021051e66670, 0x0000021051e63880,
0x0000021051e631f0, 0x0000021051e63f10
}

Java Threads: ( => current thread )
  0x000002106bad9fa0 JavaThread "main"                              [_thread_blocked, id=24140, stack(0x000000ba1ea00000,0x000000ba1eb00000) (1024K)]
  0x000002107599ba50 JavaThread "Reference Handler"          daemon [_thread_blocked, id=23560, stack(0x000000ba1ee00000,0x000000ba1ef00000) (1024K)]
  0x000002107599ca10 JavaThread "Finalizer"                  daemon [_thread_blocked, id=13568, stack(0x000000ba1ef00000,0x000000ba1f000000) (1024K)]
  0x000002106df9e790 JavaThread "Signal Dispatcher"          daemon [_thread_blocked, id=15540, stack(0x000000ba1f000000,0x000000ba1f100000) (1024K)]
  0x000002106df9e100 JavaThread "Attach Listener"            daemon [_thread_blocked, id=17016, stack(0x000000ba1f100000,0x000000ba1f200000) (1024K)]
  0x000002106dfa0860 JavaThread "Service Thread"             daemon [_thread_blocked, id=19500, stack(0x000000ba1f200000,0x000000ba1f300000) (1024K)]
  0x000002106df9fb40 JavaThread "Monitor Deflation Thread"   daemon [_thread_blocked, id=10272, stack(0x000000ba1f300000,0x000000ba1f400000) (1024K)]
=>0x0000021076cee5a0 JavaThread "C2 CompilerThread0"         daemon [_thread_in_native, id=7788, stack(0x000000ba1f400000,0x000000ba1f500000) (1024K)]
  0x0000021076cf0050 JavaThread "C1 CompilerThread0"         daemon [_thread_blocked, id=16852, stack(0x000000ba1f500000,0x000000ba1f600000) (1024K)]
  0x000002106dfa01d0 JavaThread "Common-Cleaner"             daemon [_thread_blocked, id=15264, stack(0x000000ba1f600000,0x000000ba1f700000) (1024K)]
  0x000002106df9ee20 JavaThread "Notification Thread"        daemon [_thread_blocked, id=21684, stack(0x000000ba1f800000,0x000000ba1f900000) (1024K)]
  0x000002106dfa0ef0 JavaThread "Active Thread: Equinox Container: 12498fb9-135d-48dc-ab10-9a44449e5677"        [_thread_blocked, id=16392, stack(0x000000ba20000000,0x000000ba20100000) (1024K)]
  0x000002106df9f4b0 JavaThread "Refresh Thread: Equinox Container: 12498fb9-135d-48dc-ab10-9a44449e5677" daemon [_thread_blocked, id=9796, stack(0x000000ba20200000,0x000000ba20300000) (1024K)]
  0x000002106df9da70 JavaThread "Framework Event Dispatcher: Equinox Container: 12498fb9-135d-48dc-ab10-9a44449e5677" daemon [_thread_blocked, id=23260, stack(0x000000ba20300000,0x000000ba20400000) (1024K)]
  0x000002107ca74cc0 JavaThread "Start Level: Equinox Container: 12498fb9-135d-48dc-ab10-9a44449e5677" daemon [_thread_blocked, id=18784, stack(0x000000ba20400000,0x000000ba20500000) (1024K)]
  0x000002107ca75350 JavaThread "Bundle File Closer"         daemon [_thread_blocked, id=9832, stack(0x000000ba20700000,0x000000ba20800000) (1024K)]
  0x000002107ca74630 JavaThread "SCR Component Actor"        daemon [_thread_blocked, id=10588, stack(0x000000ba20800000,0x000000ba20900000) (1024K)]
  0x000002107ca76070 JavaThread "Worker-JM"                         [_thread_blocked, id=19436, stack(0x000000ba20900000,0x000000ba20a00000) (1024K)]
  0x000002107ca76d90 JavaThread "JNA Cleaner"                daemon [_thread_blocked, id=5508, stack(0x000000ba1f900000,0x000000ba1fa00000) (1024K)]
  0x000002107ca77420 JavaThread "Worker-0"                          [_thread_blocked, id=1968, stack(0x000000ba20a00000,0x000000ba20b00000) (1024K)]
  0x000002107ca73fa0 JavaThread "Worker-1"                          [_thread_blocked, id=2768, stack(0x000000ba20b00000,0x000000ba20c00000) (1024K)]
  0x000002107ca77ab0 JavaThread "Java indexing"              daemon [_thread_blocked, id=11144, stack(0x000000ba20c00000,0x000000ba20d00000) (1024K)]
  0x000002107ca78140 JavaThread "Worker-2"                          [_thread_blocked, id=21812, stack(0x000000ba21000000,0x000000ba21100000) (1024K)]
  0x000002107ca787d0 JavaThread "Worker-3"                          [_thread_blocked, id=9080, stack(0x000000ba21100000,0x000000ba21200000) (1024K)]
  0x000002107ca78e60 JavaThread "Worker-4"                          [_thread_blocked, id=18656, stack(0x000000ba21200000,0x000000ba21300000) (1024K)]
  0x000002107ca759e0 JavaThread "Thread-1"                   daemon [_thread_in_native, id=17188, stack(0x000000ba21300000,0x000000ba21400000) (1024K)]
  0x000002107ca7a210 JavaThread "Thread-2"                   daemon [_thread_in_native, id=13012, stack(0x000000ba21400000,0x000000ba21500000) (1024K)]
  0x000002107ca794f0 JavaThread "Thread-3"                   daemon [_thread_in_native, id=17672, stack(0x000000ba21500000,0x000000ba21600000) (1024K)]
  0x000002107ca79b80 JavaThread "Thread-4"                   daemon [_thread_in_native, id=21476, stack(0x000000ba21600000,0x000000ba21700000) (1024K)]
  0x000002107ca7a8a0 JavaThread "Thread-5"                   daemon [_thread_in_native, id=7948, stack(0x000000ba21700000,0x000000ba21800000) (1024K)]
  0x000002107ca7af30 JavaThread "Thread-6"                   daemon [_thread_in_native, id=18308, stack(0x000000ba21800000,0x000000ba21900000) (1024K)]
  0x000002107ca7b5c0 JavaThread "Thread-7"                   daemon [_thread_in_native, id=20848, stack(0x000000ba21900000,0x000000ba21a00000) (1024K)]
  0x000002107f53b170 JavaThread "Thread-8"                   daemon [_thread_in_native, id=9284, stack(0x000000ba21a00000,0x000000ba21b00000) (1024K)]
  0x000002107f53a450 JavaThread "Thread-9"                   daemon [_thread_in_native, id=18168, stack(0x000000ba21b00000,0x000000ba21c00000) (1024K)]
  0x000002107f53aae0 JavaThread "Thread-10"                  daemon [_thread_in_native, id=2536, stack(0x000000ba21c00000,0x000000ba21d00000) (1024K)]
  0x000002107f538a10 JavaThread "Thread-11"                  daemon [_thread_in_native, id=20692, stack(0x000000ba21d00000,0x000000ba21e00000) (1024K)]
  0x000002107f538380 JavaThread "Thread-12"                  daemon [_thread_in_native, id=21240, stack(0x000000ba21e00000,0x000000ba21f00000) (1024K)]
  0x000002107f539730 JavaThread "Thread-13"                  daemon [_thread_in_native, id=17584, stack(0x000000ba21f00000,0x000000ba22000000) (1024K)]
  0x000002107f539dc0 JavaThread "pool-2-thread-1"                   [_thread_blocked, id=18856, stack(0x000000ba22000000,0x000000ba22100000) (1024K)]
  0x000002107f53c520 JavaThread "ForkJoinPool.commonPool-worker-1" daemon [_thread_blocked, id=23652, stack(0x000000ba22100000,0x000000ba22200000) (1024K)]
  0x000002107f53b800 JavaThread "ForkJoinPool.commonPool-worker-2" daemon [_thread_blocked, id=16236, stack(0x000000ba22200000,0x000000ba22300000) (1024K)]
  0x000002107f5390a0 JavaThread "ForkJoinPool.commonPool-worker-3" daemon [_thread_blocked, id=17668, stack(0x000000ba22300000,0x000000ba22400000) (1024K)]
  0x000002107f53cbb0 JavaThread "ForkJoinPool.commonPool-worker-4" daemon [_thread_blocked, id=15732, stack(0x000000ba22400000,0x000000ba22500000) (1024K)]
  0x000002107f53d8d0 JavaThread "ForkJoinPool.commonPool-worker-5" daemon [_thread_blocked, id=7332, stack(0x000000ba22500000,0x000000ba22600000) (1024K)]
  0x000002107f53ec80 JavaThread "ForkJoinPool.commonPool-worker-6" daemon [_thread_blocked, id=21124, stack(0x000000ba22600000,0x000000ba22700000) (1024K)]
  0x000002107f53f310 JavaThread "ForkJoinPool.commonPool-worker-7" daemon [_thread_blocked, id=15452, stack(0x000000ba22700000,0x000000ba22800000) (1024K)]
  0x000002107f53df60 JavaThread "ForkJoinPool.commonPool-worker-8" daemon [_thread_blocked, id=3844, stack(0x000000ba22800000,0x000000ba22900000) (1024K)]
  0x000002107f53d240 JavaThread "ForkJoinPool.commonPool-worker-9" daemon [_thread_blocked, id=10288, stack(0x000000ba22900000,0x000000ba22a00000) (1024K)]
  0x000002107f53e5f0 JavaThread "ForkJoinPool.commonPool-worker-10" daemon [_thread_blocked, id=13900, stack(0x000000ba22a00000,0x000000ba22b00000) (1024K)]
  0x000002107f53be90 JavaThread "ForkJoinPool.commonPool-worker-11" daemon [_thread_blocked, id=12204, stack(0x000000ba22b00000,0x000000ba22c00000) (1024K)]
  0x000002107f53f9a0 JavaThread "WorkspaceEventsHandler"            [_thread_blocked, id=10816, stack(0x000000ba22c00000,0x000000ba22d00000) (1024K)]
  0x000002107ef600a0 JavaThread "pool-1-thread-1"                   [_thread_blocked, id=23972, stack(0x000000ba22d00000,0x000000ba22e00000) (1024K)]
  0x000002106baa4750 JavaThread "C2 CompilerThread1"         daemon [_thread_blocked, id=24400, stack(0x000000ba1f700000,0x000000ba1f800000) (1024K)]
  0x000002107f9c57a0 JavaThread "C2 CompilerThread2"         daemon [_thread_blocked, id=3740, stack(0x000000ba20d00000,0x000000ba20e00000) (1024K)]
  0x000002107ef62e90 JavaThread "<un-named>"                
[error occurred during error reporting (printing all threads), id 0xc0000005, EXCEPTION_ACCESS_VIOLATION (0xc0000005) at pc=0x00007ff80e070b2d]
VM state: at safepoint (normal execution)

VM Mutex/Monitor currently owned by a thread:  ([mutex/lock_event])
[0x00007ff80e93e560] Threads_lock - owner thread: 0x0000021075982c80
[0x00007ff80e93e660] Heap_lock - owner thread: 0x000002107ca77ab0

Heap address: 0x0000000080000000, size: 2048 MB, Compressed Oops mode: 32-bit

CDS archive(s) mapped at: [0x000002100f000000-0x000002100fba0000-0x000002100fba0000), size 12189696, SharedBaseAddress: 0x000002100f000000, ArchiveRelocationMode: 1.
Compressed class space mapped at: 0x0000021010000000-0x0000021050000000, reserved size: 1073741824
Narrow klass base: 0x000002100f000000, Narrow klass shift: 0, Narrow klass range: 0x100000000

GC Precious Log:
 CardTable entry size: 512
 CPUs: 12 total, 12 available
 Memory: 7501M
 Large Page Support: Disabled
 NUMA Support: Disabled
 Compressed Oops: Enabled (32-bit)
 Alignments: Space 512K, Generation 512K, Heap 2M
 Heap Min Capacity: 100M
 Heap Initial Capacity: 100M
 Heap Max Capacity: 2G
 Pre-touch: Disabled
 Parallel Workers: 10

Heap:
 PSYoungGen      total 5120K, used 4699K [0x00000000d5580000, 0x00000000d5d00000, 0x0000000100000000)
  eden space 2560K, 97% used [0x00000000d5580000,0x00000000d57eef40,0x00000000d5800000)
  from space 2560K, 86% used [0x00000000d5800000,0x00000000d5a28000,0x00000000d5a80000)
  to   space 2560K, 58% used [0x00000000d5a80000,0x00000000d5bf39f8,0x00000000d5d00000)
 ParOldGen       total 134656K, used 134313K [0x0000000080000000, 0x0000000088380000, 0x00000000d5580000)
  object space 134656K, 99% used [0x0000000080000000,0x000000008832a430,0x0000000088380000)
 Metaspace       used 69395K, committed 71040K, reserved 1114112K
  class space    used 7305K, committed 8000K, reserved 1048576K

Card table byte_map: [0x000002106d890000,0x000002106dca0000] _byte_map_base: 0x000002106d490000

Marking Bits: (ParMarkBitMap*) 0x00007ff80e943450
 Begin Bits: [0x00000210713a0000, 0x00000210733a0000)
 End Bits:   [0x00000210733a0000, 0x00000210753a0000)

Polling page: 0x000002106c0c0000

Metaspace:

Usage:
  Non-class:     60.63 MB used.
      Class:      7.13 MB used.
       Both:     67.77 MB used.

Virtual space:
  Non-class space:       64.00 MB reserved,      61.56 MB ( 96%) committed,  1 nodes.
      Class space:        1.00 GB reserved,       7.81 MB ( <1%) committed,  1 nodes.
             Both:        1.06 GB reserved,      69.38 MB (  6%) committed. 

Chunk freelists:
   Non-Class:  1.86 MB
       Class:  8.07 MB
        Both:  9.92 MB

MaxMetaspaceSize: unlimited
CompressedClassSpaceSize: 1.00 GB
Initial GC threshold: 21.00 MB
Current GC threshold: 97.31 MB
CDS: on
 - commit_granule_bytes: 65536.
 - commit_granule_words: 8192.
 - virtual_space_node_default_size: 8388608.
 - enlarge_chunks_in_place: 1.
 - use_allocation_guard: 0.


Internal statistics:

num_allocs_failed_limit: 9.
num_arena_births: 1292.
num_arena_deaths: 14.
num_vsnodes_births: 2.
num_vsnodes_deaths: 0.
num_space_committed: 1110.
num_space_uncommitted: 0.
num_chunks_returned_to_freelist: 23.
num_chunks_taken_from_freelist: 4679.
num_chunk_merges: 10.
num_chunk_splits: 2811.
num_chunks_enlarged: 1515.
num_inconsistent_stats: 0.

CodeHeap 'non-profiled nmethods': size=120000Kb used=6288Kb max_used=6888Kb free=113711Kb
 bounds [0x0000021007ad0000, 0x0000021008190000, 0x000002100f000000]
CodeHeap 'profiled nmethods': size=120000Kb used=21980Kb max_used=24964Kb free=98019Kb
 bounds [0x0000021000000000, 0x0000021001870000, 0x0000021007530000]
CodeHeap 'non-nmethods': size=5760Kb used=1467Kb max_used=1528Kb free=4292Kb
 bounds [0x0000021007530000, 0x00000210077a0000, 0x0000021007ad0000]
CodeCache: size=245760Kb, used=29735Kb, max_used=33380Kb, free=216022Kb
 total_blobs=11454, nmethods=10671, adapters=687, full_count=0
Compilation: enabled, stopped_count=0, restarted_count=0

Compilation events (20 events):
Event: 16.659 Thread 0x0000021076cf0050 12441       2       org.eclipse.jdt.internal.compiler.parser.Parser::consumeEmptyArgumentListopt (6 bytes)
Event: 16.659 Thread 0x0000021076cf0050 nmethod 12441 0x000002100185d990 code [0x000002100185db40, 0x000002100185dc70]
Event: 16.660 Thread 0x0000021076cf0050 12442       2       org.eclipse.jdt.internal.compiler.ast.ReturnStatement::<init> (31 bytes)
Event: 16.660 Thread 0x0000021076cf0050 nmethod 12442 0x000002100185dd10 code [0x000002100185dea0, 0x000002100185dfe0]
Event: 16.660 Thread 0x0000021076cf0050 12443       2       org.eclipse.jdt.internal.compiler.parser.Parser::getUnspecifiedReference (162 bytes)
Event: 16.661 Thread 0x0000021076cf0050 nmethod 12443 0x000002100185e090 code [0x000002100185e2a0, 0x000002100185e968]
Event: 16.661 Thread 0x0000021076cf0050 12444       2       org.eclipse.jdt.internal.compiler.parser.Parser::consumeExpressionStatement (53 bytes)
Event: 16.661 Thread 0x0000021076cf0050 nmethod 12444 0x000002100185ec90 code [0x000002100185ee40, 0x000002100185efd0]
Event: 16.661 Thread 0x0000021076cf0050 12445       2       org.eclipse.jdt.internal.compiler.parser.Parser::consumeBlockStatement (1 bytes)
Event: 16.661 Thread 0x0000021076cf0050 nmethod 12445 0x000002100185f110 code [0x000002100185f2a0, 0x000002100185f3a8]
Event: 16.665 Thread 0x0000021076cf0050 12449       3       jdk.internal.jrtfs.JrtFileSystem::getPath (7 bytes)
Event: 16.665 Thread 0x0000021076cf0050 nmethod 12449 0x000002100185f410 code [0x000002100185f5c0, 0x000002100185f700]
Event: 16.667 Thread 0x0000021076cf0050 12450       3       sun.nio.fs.WindowsPath::getParent (5 bytes)
Event: 16.667 Thread 0x0000021076cf0050 nmethod 12450 0x000002100185f790 code [0x000002100185f940, 0x000002100185fb00]
Event: 16.667 Thread 0x0000021076cf0050 12451       3       sun.nio.fs.WindowsPath::getParent (74 bytes)
Event: 16.669 Thread 0x0000021076cf0050 nmethod 12451 0x000002100185fb90 code [0x000002100185fe20, 0x0000021001860998]
Event: 16.669 Thread 0x0000021076cf0050 12453       2       org.eclipse.jdt.core.JavaCore::compareJavaVersions (12 bytes)
Event: 16.669 Thread 0x0000021076cf0050 nmethod 12453 0x0000021001860e10 code [0x0000021001860fc0, 0x0000021001861180]
Event: 16.670 Thread 0x0000021076cf0050 12452       1       org.eclipse.jdt.internal.core.builder.ClasspathLocation::setModule (6 bytes)
Event: 16.670 Thread 0x0000021076cf0050 nmethod 12452 0x0000021008189d90 code [0x0000021008189f20, 0x000002100818a000]

GC Heap History (20 events):
Event: 16.367 GC heap after
{Heap after GC invocations=208 (full 3):
 PSYoungGen      total 4096K, used 1920K [0x00000000d5580000, 0x00000000d5c00000, 0x0000000100000000)
  eden space 2048K, 0% used [0x00000000d5580000,0x00000000d5580000,0x00000000d5780000)
  from space 2048K, 93% used [0x00000000d5780000,0x00000000d5960000,0x00000000d5980000)
  to   space 2048K, 0% used [0x00000000d5a00000,0x00000000d5a00000,0x00000000d5c00000)
 ParOldGen       total 119296K, used 119009K [0x0000000080000000, 0x0000000087480000, 0x00000000d5580000)
  object space 119296K, 99% used [0x0000000080000000,0x00000000874387b8,0x0000000087480000)
 Metaspace       used 69342K, committed 70976K, reserved 1114112K
  class space    used 7298K, committed 8000K, reserved 1048576K
}
Event: 16.390 GC heap before
{Heap before GC invocations=209 (full 3):
 PSYoungGen      total 4096K, used 3832K [0x00000000d5580000, 0x00000000d5c00000, 0x0000000100000000)
  eden space 2048K, 93% used [0x00000000d5580000,0x00000000d575e160,0x00000000d5780000)
  from space 2048K, 93% used [0x00000000d5780000,0x00000000d5960000,0x00000000d5980000)
  to   space 2048K, 0% used [0x00000000d5a00000,0x00000000d5a00000,0x00000000d5c00000)
 ParOldGen       total 119296K, used 119009K [0x0000000080000000, 0x0000000087480000, 0x00000000d5580000)
  object space 119296K, 99% used [0x0000000080000000,0x00000000874387b8,0x0000000087480000)
 Metaspace       used 69366K, committed 70976K, reserved 1114112K
  class space    used 7301K, committed 8000K, reserved 1048576K
}
Event: 16.393 GC heap after
{Heap after GC invocations=209 (full 3):
 PSYoungGen      total 3584K, used 1273K [0x00000000d5580000, 0x00000000d5b80000, 0x0000000100000000)
  eden space 2048K, 0% used [0x00000000d5580000,0x00000000d5580000,0x00000000d5780000)
  from space 1536K, 82% used [0x00000000d5a00000,0x00000000d5b3e400,0x00000000d5b80000)
  to   space 1536K, 0% used [0x00000000d5880000,0x00000000d5880000,0x00000000d5a00000)
 ParOldGen       total 120832K, used 120809K [0x0000000080000000, 0x0000000087600000, 0x00000000d5580000)
  object space 120832K, 99% used [0x0000000080000000,0x00000000875fa620,0x0000000087600000)
 Metaspace       used 69366K, committed 70976K, reserved 1114112K
  class space    used 7301K, committed 8000K, reserved 1048576K
}
Event: 16.429 GC heap before
{Heap before GC invocations=210 (full 3):
 PSYoungGen      total 3584K, used 3321K [0x00000000d5580000, 0x00000000d5b80000, 0x0000000100000000)
  eden space 2048K, 100% used [0x00000000d5580000,0x00000000d5780000,0x00000000d5780000)
  from space 1536K, 82% used [0x00000000d5a00000,0x00000000d5b3e400,0x00000000d5b80000)
  to   space 1536K, 0% used [0x00000000d5880000,0x00000000d5880000,0x00000000d5a00000)
 ParOldGen       total 120832K, used 120809K [0x0000000080000000, 0x0000000087600000, 0x00000000d5580000)
  object space 120832K, 99% used [0x0000000080000000,0x00000000875fa620,0x0000000087600000)
 Metaspace       used 69374K, committed 70976K, reserved 1114112K
  class space    used 7304K, committed 8000K, reserved 1048576K
}
Event: 16.433 GC heap after
{Heap after GC invocations=210 (full 3):
 PSYoungGen      total 3584K, used 1508K [0x00000000d5580000, 0x00000000d5d80000, 0x0000000100000000)
  eden space 2048K, 0% used [0x00000000d5580000,0x00000000d5580000,0x00000000d5780000)
  from space 1536K, 98% used [0x00000000d5880000,0x00000000d59f9000,0x00000000d5a00000)
  to   space 3072K, 0% used [0x00000000d5a80000,0x00000000d5a80000,0x00000000d5d80000)
 ParOldGen       total 122368K, used 121873K [0x0000000080000000, 0x0000000087780000, 0x00000000d5580000)
  object space 122368K, 99% used [0x0000000080000000,0x0000000087704620,0x0000000087780000)
 Metaspace       used 69374K, committed 70976K, reserved 1114112K
  class space    used 7304K, committed 8000K, reserved 1048576K
}
Event: 16.445 GC heap before
{Heap before GC invocations=211 (full 3):
 PSYoungGen      total 3584K, used 2827K [0x00000000d5580000, 0x00000000d5d80000, 0x0000000100000000)
  eden space 2048K, 64% used [0x00000000d5580000,0x00000000d56c9f38,0x00000000d5780000)
  from space 1536K, 98% used [0x00000000d5880000,0x00000000d59f9000,0x00000000d5a00000)
  to   space 3072K, 0% used [0x00000000d5a80000,0x00000000d5a80000,0x00000000d5d80000)
 ParOldGen       total 122368K, used 121873K [0x0000000080000000, 0x0000000087780000, 0x00000000d5580000)
  object space 122368K, 99% used [0x0000000080000000,0x0000000087704620,0x0000000087780000)
 Metaspace       used 69374K, committed 70976K, reserved 1114112K
  class space    used 7304K, committed 8000K, reserved 1048576K
}
Event: 16.449 GC heap after
{Heap after GC invocations=211 (full 3):
 PSYoungGen      total 3584K, used 1508K [0x00000000d5580000, 0x00000000d5c00000, 0x0000000100000000)
  eden space 2048K, 0% used [0x00000000d5580000,0x00000000d5580000,0x00000000d5780000)
  from space 1536K, 98% used [0x00000000d5a80000,0x00000000d5bf9000,0x00000000d5c00000)
  to   space 2048K, 0% used [0x00000000d5800000,0x00000000d5800000,0x00000000d5a00000)
 ParOldGen       total 123904K, used 123405K [0x0000000080000000, 0x0000000087900000, 0x00000000d5580000)
  object space 123904K, 99% used [0x0000000080000000,0x0000000087883620,0x0000000087900000)
 Metaspace       used 69374K, committed 70976K, reserved 1114112K
  class space    used 7304K, committed 8000K, reserved 1048576K
}
Event: 16.542 GC heap before
{Heap before GC invocations=212 (full 3):
 PSYoungGen      total 3584K, used 3556K [0x00000000d5580000, 0x00000000d5c00000, 0x0000000100000000)
  eden space 2048K, 100% used [0x00000000d5580000,0x00000000d5780000,0x00000000d5780000)
  from space 1536K, 98% used [0x00000000d5a80000,0x00000000d5bf9000,0x00000000d5c00000)
  to   space 2048K, 0% used [0x00000000d5800000,0x00000000d5800000,0x00000000d5a00000)
 ParOldGen       total 123904K, used 123405K [0x0000000080000000, 0x0000000087900000, 0x00000000d5580000)
  object space 123904K, 99% used [0x0000000080000000,0x0000000087883620,0x0000000087900000)
 Metaspace       used 69377K, committed 70976K, reserved 1114112K
  class space    used 7304K, committed 8000K, reserved 1048576K
}
Event: 16.547 GC heap after
{Heap after GC invocations=212 (full 3):
 PSYoungGen      total 4096K, used 2047K [0x00000000d5580000, 0x00000000d5f80000, 0x0000000100000000)
  eden space 2048K, 0% used [0x00000000d5580000,0x00000000d5580000,0x00000000d5780000)
  from space 2048K, 99% used [0x00000000d5800000,0x00000000d59ffe10,0x00000000d5a00000)
  to   space 4096K, 0% used [0x00000000d5b80000,0x00000000d5b80000,0x00000000d5f80000)
 ParOldGen       total 124928K, used 124801K [0x0000000080000000, 0x0000000087a00000, 0x00000000d5580000)
  object space 124928K, 99% used [0x0000000080000000,0x00000000879e0620,0x0000000087a00000)
 Metaspace       used 69377K, committed 70976K, reserved 1114112K
  class space    used 7304K, committed 8000K, reserved 1048576K
}
Event: 16.553 GC heap before
{Heap before GC invocations=213 (full 3):
 PSYoungGen      total 4096K, used 4095K [0x00000000d5580000, 0x00000000d5f80000, 0x0000000100000000)
  eden space 2048K, 100% used [0x00000000d5580000,0x00000000d5780000,0x00000000d5780000)
  from space 2048K, 99% used [0x00000000d5800000,0x00000000d59ffe10,0x00000000d5a00000)
  to   space 4096K, 0% used [0x00000000d5b80000,0x00000000d5b80000,0x00000000d5f80000)
 ParOldGen       total 124928K, used 124801K [0x0000000080000000, 0x0000000087a00000, 0x00000000d5580000)
  object space 124928K, 99% used [0x0000000080000000,0x00000000879e0620,0x0000000087a00000)
 Metaspace       used 69377K, committed 70976K, reserved 1114112K
  class space    used 7304K, committed 8000K, reserved 1048576K
}
Event: 16.557 GC heap after
{Heap after GC invocations=213 (full 3):
 PSYoungGen      total 4608K, used 2144K [0x00000000d5580000, 0x00000000d5e00000, 0x0000000100000000)
  eden space 2048K, 0% used [0x00000000d5580000,0x00000000d5580000,0x00000000d5780000)
  from space 2560K, 83% used [0x00000000d5b80000,0x00000000d5d98000,0x00000000d5e00000)
  to   space 3072K, 0% used [0x00000000d5800000,0x00000000d5800000,0x00000000d5b00000)
 ParOldGen       total 126976K, used 126849K [0x0000000080000000, 0x0000000087c00000, 0x00000000d5580000)
  object space 126976K, 99% used [0x0000000080000000,0x0000000087be0430,0x0000000087c00000)
 Metaspace       used 69377K, committed 70976K, reserved 1114112K
  class space    used 7304K, committed 8000K, reserved 1048576K
}
Event: 16.562 GC heap before
{Heap before GC invocations=214 (full 3):
 PSYoungGen      total 4608K, used 4192K [0x00000000d5580000, 0x00000000d5e00000, 0x0000000100000000)
  eden space 2048K, 100% used [0x00000000d5580000,0x00000000d5780000,0x00000000d5780000)
  from space 2560K, 83% used [0x00000000d5b80000,0x00000000d5d98000,0x00000000d5e00000)
  to   space 3072K, 0% used [0x00000000d5800000,0x00000000d5800000,0x00000000d5b00000)
 ParOldGen       total 126976K, used 126849K [0x0000000080000000, 0x0000000087c00000, 0x00000000d5580000)
  object space 126976K, 99% used [0x0000000080000000,0x0000000087be0430,0x0000000087c00000)
 Metaspace       used 69377K, committed 70976K, reserved 1114112K
  class space    used 7304K, committed 8000K, reserved 1048576K
}
Event: 16.566 GC heap after
{Heap after GC invocations=214 (full 3):
 PSYoungGen      total 5120K, used 2208K [0x00000000d5580000, 0x00000000d5d00000, 0x0000000100000000)
  eden space 2560K, 0% used [0x00000000d5580000,0x00000000d5580000,0x00000000d5800000)
  from space 2560K, 86% used [0x00000000d5800000,0x00000000d5a28000,0x00000000d5a80000)
  to   space 2560K, 0% used [0x00000000d5a80000,0x00000000d5a80000,0x00000000d5d00000)
 ParOldGen       total 129024K, used 128913K [0x0000000080000000, 0x0000000087e00000, 0x00000000d5580000)
  object space 129024K, 99% used [0x0000000080000000,0x0000000087de4430,0x0000000087e00000)
 Metaspace       used 69377K, committed 70976K, reserved 1114112K
  class space    used 7304K, committed 8000K, reserved 1048576K
}
Event: 16.574 GC heap before
{Heap before GC invocations=215 (full 3):
 PSYoungGen      total 5120K, used 4768K [0x00000000d5580000, 0x00000000d5d00000, 0x0000000100000000)
  eden space 2560K, 100% used [0x00000000d5580000,0x00000000d5800000,0x00000000d5800000)
  from space 2560K, 86% used [0x00000000d5800000,0x00000000d5a28000,0x00000000d5a80000)
  to   space 2560K, 0% used [0x00000000d5a80000,0x00000000d5a80000,0x00000000d5d00000)
 ParOldGen       total 129024K, used 128913K [0x0000000080000000, 0x0000000087e00000, 0x00000000d5580000)
  object space 129024K, 99% used [0x0000000080000000,0x0000000087de4430,0x0000000087e00000)
 Metaspace       used 69377K, committed 70976K, reserved 1114112K
  class space    used 7304K, committed 8000K, reserved 1048576K
}
Event: 16.579 GC heap after
{Heap after GC invocations=215 (full 3):
 PSYoungGen      total 5120K, used 2531K [0x00000000d5580000, 0x00000000d5d00000, 0x0000000100000000)
  eden space 2560K, 0% used [0x00000000d5580000,0x00000000d5580000,0x00000000d5800000)
  from space 2560K, 98% used [0x00000000d5a80000,0x00000000d5cf8c00,0x00000000d5d00000)
  to   space 2560K, 0% used [0x00000000d5800000,0x00000000d5800000,0x00000000d5a80000)
 ParOldGen       total 131072K, used 131017K [0x0000000080000000, 0x0000000088000000, 0x00000000d5580000)
  object space 131072K, 99% used [0x0000000080000000,0x0000000087ff2430,0x0000000088000000)
 Metaspace       used 69377K, committed 70976K, reserved 1114112K
  class space    used 7304K, committed 8000K, reserved 1048576K
}
Event: 16.601 GC heap before
{Heap before GC invocations=216 (full 3):
 PSYoungGen      total 5120K, used 5084K [0x00000000d5580000, 0x00000000d5d00000, 0x0000000100000000)
  eden space 2560K, 99% used [0x00000000d5580000,0x00000000d57fe7c0,0x00000000d5800000)
  from space 2560K, 98% used [0x00000000d5a80000,0x00000000d5cf8c00,0x00000000d5d00000)
  to   space 2560K, 0% used [0x00000000d5800000,0x00000000d5800000,0x00000000d5a80000)
 ParOldGen       total 131072K, used 131017K [0x0000000080000000, 0x0000000088000000, 0x00000000d5580000)
  object space 131072K, 99% used [0x0000000080000000,0x0000000087ff2430,0x0000000088000000)
 Metaspace       used 69377K, committed 70976K, reserved 1114112K
  class space    used 7304K, committed 8000K, reserved 1048576K
}
Event: 16.606 GC heap after
{Heap after GC invocations=216 (full 3):
 PSYoungGen      total 5120K, used 2208K [0x00000000d5580000, 0x00000000d5d00000, 0x0000000100000000)
  eden space 2560K, 0% used [0x00000000d5580000,0x00000000d5580000,0x00000000d5800000)
  from space 2560K, 86% used [0x00000000d5800000,0x00000000d5a28000,0x00000000d5a80000)
  to   space 2560K, 0% used [0x00000000d5a80000,0x00000000d5a80000,0x00000000d5d00000)
 ParOldGen       total 133632K, used 133505K [0x0000000080000000, 0x0000000088280000, 0x00000000d5580000)
  object space 133632K, 99% used [0x0000000080000000,0x0000000088260430,0x0000000088280000)
 Metaspace       used 69377K, committed 70976K, reserved 1114112K
  class space    used 7304K, committed 8000K, reserved 1048576K
}
Event: 16.671 GC heap before
{Heap before GC invocations=217 (full 3):
 PSYoungGen      total 5120K, used 4699K [0x00000000d5580000, 0x00000000d5d00000, 0x0000000100000000)
  eden space 2560K, 97% used [0x00000000d5580000,0x00000000d57eef40,0x00000000d5800000)
  from space 2560K, 86% used [0x00000000d5800000,0x00000000d5a28000,0x00000000d5a80000)
  to   space 2560K, 0% used [0x00000000d5a80000,0x00000000d5a80000,0x00000000d5d00000)
 ParOldGen       total 133632K, used 133505K [0x0000000080000000, 0x0000000088280000, 0x00000000d5580000)
  object space 133632K, 99% used [0x0000000080000000,0x0000000088260430,0x0000000088280000)
 Metaspace       used 69395K, committed 71040K, reserved 1114112K
  class space    used 7305K, committed 8000K, reserved 1048576K
}
Event: 16.676 GC heap after
{Heap after GC invocations=217 (full 3):
 PSYoungGen      total 5120K, used 4699K [0x00000000d5580000, 0x00000000d5d00000, 0x0000000100000000)
  eden space 2560K, 97% used [0x00000000d5580000,0x00000000d57eef40,0x00000000d5800000)
  from space 2560K, 86% used [0x00000000d5800000,0x00000000d5a28000,0x00000000d5a80000)
  to   space 2560K, 58% used [0x00000000d5a80000,0x00000000d5bf39f8,0x00000000d5d00000)
 ParOldGen       total 134656K, used 134313K [0x0000000080000000, 0x0000000088380000, 0x00000000d5580000)
  object space 134656K, 99% used [0x0000000080000000,0x000000008832a430,0x0000000088380000)
 Metaspace       used 69395K, committed 71040K, reserved 1114112K
  class space    used 7305K, committed 8000K, reserved 1048576K
}
Event: 16.676 GC heap before
{Heap before GC invocations=218 (full 4):
 PSYoungGen      total 5120K, used 4699K [0x00000000d5580000, 0x00000000d5d00000, 0x0000000100000000)
  eden space 2560K, 97% used [0x00000000d5580000,0x00000000d57eef40,0x00000000d5800000)
  from space 2560K, 86% used [0x00000000d5800000,0x00000000d5a28000,0x00000000d5a80000)
  to   space 2560K, 58% used [0x00000000d5a80000,0x00000000d5bf39f8,0x00000000d5d00000)
 ParOldGen       total 134656K, used 134313K [0x0000000080000000, 0x0000000088380000, 0x00000000d5580000)
  object space 134656K, 99% used [0x0000000080000000,0x000000008832a430,0x0000000088380000)
 Metaspace       used 69395K, committed 71040K, reserved 1114112K
  class space    used 7305K, committed 8000K, reserved 1048576K
}

Dll operation events (10 events):
Event: 0.016 Loaded shared library c:\Users\kalra\.vscode\extensions\redhat.java-1.53.0-win32-x64\jre\21.0.10-win32-x86_64\bin\java.dll
Event: 0.121 Loaded shared library c:\Users\kalra\.vscode\extensions\redhat.java-1.53.0-win32-x64\jre\21.0.10-win32-x86_64\bin\zip.dll
Event: 0.141 Loaded shared library C:\Users\kalra\.vscode\extensions\redhat.java-1.53.0-win32-x64\jre\21.0.10-win32-x86_64\bin\instrument.dll
Event: 0.147 Loaded shared library C:\Users\kalra\.vscode\extensions\redhat.java-1.53.0-win32-x64\jre\21.0.10-win32-x86_64\bin\net.dll
Event: 0.150 Loaded shared library C:\Users\kalra\.vscode\extensions\redhat.java-1.53.0-win32-x64\jre\21.0.10-win32-x86_64\bin\nio.dll
Event: 0.154 Loaded shared library C:\Users\kalra\.vscode\extensions\redhat.java-1.53.0-win32-x64\jre\21.0.10-win32-x86_64\bin\zip.dll
Event: 0.170 Loaded shared library C:\Users\kalra\.vscode\extensions\redhat.java-1.53.0-win32-x64\jre\21.0.10-win32-x86_64\bin\jimage.dll
Event: 0.238 Loaded shared library c:\Users\kalra\.vscode\extensions\redhat.java-1.53.0-win32-x64\jre\21.0.10-win32-x86_64\bin\verify.dll
Event: 1.493 Loaded shared library C:\Users\kalra\AppData\Roaming\Code\User\globalStorage\redhat.java\1.53.0\config_win\org.eclipse.equinox.launcher\org.eclipse.equinox.launcher.win32.win32.x86_64_1.3.0.v20260203-2149\eclipse_11919.dll
Event: 3.095 Loaded shared library C:\Users\kalra\AppData\Local\Temp\jna-101813893\jna15523467681406128836.dll

Deoptimization events (20 events):
Event: 16.620 Thread 0x000002107ca77ab0 DEOPT PACKING pc=0x0000021001852c4e sp=0x000000ba20cfea40
Event: 16.620 Thread 0x000002107ca77ab0 DEOPT UNPACKING pc=0x0000021007584242 sp=0x000000ba20cfdf20 mode 0
Event: 16.643 Thread 0x000002107ca77ab0 Uncommon trap: trap_request=0xffffff45 fr.pc=0x0000021008187ce8 relative=0x0000000000001048
Event: 16.643 Thread 0x000002107ca77ab0 Uncommon trap: reason=unstable_if action=reinterpret pc=0x0000021008187ce8 method=org.eclipse.jdt.internal.core.index.DiskIndex.writeCategoryTable([CLorg/eclipse/jdt/internal/compiler/util/HashtableOfObject;Ljava/io/OutputStream;)V @ 248 c2
Event: 16.643 Thread 0x000002107ca77ab0 DEOPT PACKING pc=0x0000021008187ce8 sp=0x000000ba20cfea80
Event: 16.643 Thread 0x000002107ca77ab0 DEOPT UNPACKING pc=0x0000021007583aa2 sp=0x000000ba20cfea30 mode 2
Event: 16.655 Thread 0x000002107ca77ab0 Uncommon trap: trap_request=0xffffffc6 fr.pc=0x000002100817865c relative=0x0000000000000c9c
Event: 16.655 Thread 0x000002107ca77ab0 Uncommon trap: reason=bimorphic_or_optimized_type_check action=maybe_recompile pc=0x000002100817865c method=org.eclipse.jdt.internal.compiler.parser.Parser.consumeRule(I)V @ 5527 c2
Event: 16.655 Thread 0x000002107ca77ab0 DEOPT PACKING pc=0x000002100817865c sp=0x000000ba20cfe9e0
Event: 16.655 Thread 0x000002107ca77ab0 DEOPT UNPACKING pc=0x0000021007583aa2 sp=0x000000ba20cfe970 mode 2
Event: 16.655 Thread 0x000002107ca77ab0 Uncommon trap: trap_request=0xffffffc6 fr.pc=0x0000021008178604 relative=0x0000000000000c44
Event: 16.655 Thread 0x000002107ca77ab0 Uncommon trap: reason=bimorphic_or_optimized_type_check action=maybe_recompile pc=0x0000021008178604 method=org.eclipse.jdt.internal.compiler.parser.Parser.consumeRule(I)V @ 4516 c2
Event: 16.655 Thread 0x000002107ca77ab0 DEOPT PACKING pc=0x0000021008178604 sp=0x000000ba20cfe9e0
Event: 16.655 Thread 0x000002107ca77ab0 DEOPT UNPACKING pc=0x0000021007583aa2 sp=0x000000ba20cfe970 mode 2
Event: 16.656 Thread 0x000002107ca77ab0 Uncommon trap: trap_request=0xffffffc6 fr.pc=0x000002100817865c relative=0x0000000000000c9c
Event: 16.656 Thread 0x000002107ca77ab0 Uncommon trap: reason=bimorphic_or_optimized_type_check action=maybe_recompile pc=0x000002100817865c method=org.eclipse.jdt.internal.compiler.parser.Parser.consumeRule(I)V @ 5527 c2
Event: 16.656 Thread 0x000002107ca77ab0 DEOPT PACKING pc=0x000002100817865c sp=0x000000ba20cfe9e0
Event: 16.656 Thread 0x000002107ca77ab0 DEOPT UNPACKING pc=0x0000021007583aa2 sp=0x000000ba20cfe970 mode 2
Event: 16.665 Thread 0x000002107ca77ab0 DEOPT PACKING pc=0x0000021000ff0a62 sp=0x000000ba20cfe2b0
Event: 16.665 Thread 0x000002107ca77ab0 DEOPT UNPACKING pc=0x0000021007584242 sp=0x000000ba20cfd828 mode 0

Classes loaded (20 events):
Event: 15.658 Loading class jdk/internal/module/IllegalAccessLogger
Event: 15.658 Loading class jdk/internal/module/IllegalAccessLogger done
Event: 15.695 Loading class java/util/stream/DistinctOps
Event: 15.695 Loading class java/util/stream/DistinctOps done
Event: 15.696 Loading class java/util/stream/DistinctOps$1
Event: 15.696 Loading class java/util/stream/DistinctOps$1 done
Event: 15.699 Loading class java/util/stream/DistinctOps$1$2
Event: 15.699 Loading class java/util/stream/DistinctOps$1$2 done
Event: 16.138 Loading class java/io/CharArrayWriter
Event: 16.138 Loading class java/io/CharArrayWriter done
Event: 16.149 Loading class java/nio/file/attribute/PosixFileAttributes
Event: 16.149 Loading class java/nio/file/attribute/PosixFileAttributes done
Event: 16.196 Loading class java/util/AbstractList$RandomAccessSubList
Event: 16.196 Loading class java/util/AbstractList$SubList
Event: 16.196 Loading class java/util/AbstractList$SubList done
Event: 16.196 Loading class java/util/AbstractList$RandomAccessSubList done
Event: 16.197 Loading class java/util/AbstractList$SubList$1
Event: 16.197 Loading class java/util/AbstractList$SubList$1 done
Event: 16.268 Loading class sun/nio/fs/WindowsFileCopy
Event: 16.269 Loading class sun/nio/fs/WindowsFileCopy done

Classes unloaded (19 events):
Event: 3.912 Thread 0x0000021075982c80 Unloading class 0x00000210101b0800 'java/lang/invoke/LambdaForm$MH+0x00000210101b0800'
Event: 3.912 Thread 0x0000021075982c80 Unloading class 0x00000210101b0400 'java/lang/invoke/LambdaForm$MH+0x00000210101b0400'
Event: 3.912 Thread 0x0000021075982c80 Unloading class 0x00000210101b0000 'java/lang/invoke/LambdaForm$MH+0x00000210101b0000'
Event: 3.912 Thread 0x0000021075982c80 Unloading class 0x00000210101afc00 'java/lang/invoke/LambdaForm$MH+0x00000210101afc00'
Event: 3.912 Thread 0x0000021075982c80 Unloading class 0x00000210101af800 'java/lang/invoke/LambdaForm$BMH+0x00000210101af800'
Event: 3.912 Thread 0x0000021075982c80 Unloading class 0x00000210101af400 'java/lang/invoke/LambdaForm$DMH+0x00000210101af400'
Event: 3.912 Thread 0x0000021075982c80 Unloading class 0x00000210101ae000 'java/lang/invoke/LambdaForm$DMH+0x00000210101ae000'
Event: 16.706 Thread 0x0000021075982c80 Unloading class 0x0000021010726400 'java/lang/invoke/LambdaForm$DMH+0x0000021010726400'
Event: 16.706 Thread 0x0000021075982c80 Unloading class 0x0000021010725800 'java/lang/invoke/LambdaForm$MH+0x0000021010725800'
Event: 16.706 Thread 0x0000021075982c80 Unloading class 0x0000021010725000 'java/lang/invoke/LambdaForm$MH+0x0000021010725000'
Event: 16.706 Thread 0x0000021075982c80 Unloading class 0x0000021010724800 'java/lang/invoke/LambdaForm$MH+0x0000021010724800'
Event: 16.706 Thread 0x0000021075982c80 Unloading class 0x0000021010724000 'java/lang/invoke/LambdaForm$MH+0x0000021010724000'
Event: 16.706 Thread 0x0000021075982c80 Unloading class 0x0000021010719800 'java/lang/invoke/LambdaForm$MH+0x0000021010719800'
Event: 16.706 Thread 0x0000021075982c80 Unloading class 0x0000021010719400 'java/lang/invoke/LambdaForm$MH+0x0000021010719400'
Event: 16.706 Thread 0x0000021075982c80 Unloading class 0x0000021010718800 'java/lang/invoke/LambdaForm$MH+0x0000021010718800'
Event: 16.706 Thread 0x0000021075982c80 Unloading class 0x0000021010718000 'java/lang/invoke/LambdaForm$MH+0x0000021010718000'
Event: 16.706 Thread 0x0000021075982c80 Unloading class 0x00000210106fc000 'java/lang/invoke/LambdaForm$DMH+0x00000210106fc000'
Event: 16.706 Thread 0x0000021075982c80 Unloading class 0x00000210106e0c00 'java/lang/invoke/LambdaForm$DMH+0x00000210106e0c00'
Event: 16.706 Thread 0x0000021075982c80 Unloading class 0x00000210106e0800 'java/lang/invoke/LambdaForm$DMH+0x00000210106e0800'

Classes redefined (0 events):
No events

Internal exceptions (20 events):
Event: 14.896 Thread 0x000002107ef63bb0 Exception <a 'sun/nio/fs/WindowsException'{0x00000000d562c360}> (0x00000000d562c360) 
thrown [s\src\hotspot\share\prims\jni.cpp, line 520]
Event: 15.325 Thread 0x000002107ef64240 Exception <a 'java/lang/NoSuchMethodError'{0x00000000d56332b0}: 'java.lang.Object java.lang.invoke.DirectMethodHandle$Holder.newInvokeSpecial(java.lang.Object, java.lang.Object, int, int, java.lang.Object)'> (0x00000000d56332b0) 
thrown [s\src\hotspot\share\interpreter\linkResolver.cpp, line 773]
Event: 15.472 Thread 0x0000021051e60400 Exception <a 'java/lang/NoSuchMethodError'{0x00000000d55bbd38}: 'void java.lang.invoke.DirectMethodHandle$Holder.invokeStatic(java.lang.Object, int, java.lang.Object)'> (0x00000000d55bbd38) 
thrown [s\src\hotspot\share\interpreter\linkResolver.cpp, line 773]
Event: 15.597 Thread 0x000002107ef64240 Exception <a 'sun/nio/fs/WindowsException'{0x00000000d56226b0}> (0x00000000d56226b0) 
thrown [s\src\hotspot\share\prims\jni.cpp, line 520]
Event: 15.597 Thread 0x000002107ef61ae0 Exception <a 'sun/nio/fs/WindowsException'{0x00000000d5625b80}> (0x00000000d5625b80) 
thrown [s\src\hotspot\share\prims\jni.cpp, line 520]
Event: 15.598 Thread 0x000002107ef61ae0 Exception <a 'sun/nio/fs/WindowsException'{0x00000000d5626ef0}> (0x00000000d5626ef0) 
thrown [s\src\hotspot\share\prims\jni.cpp, line 520]
Event: 15.681 Thread 0x000002107ef64240 Exception <a 'sun/nio/fs/WindowsException'{0x00000000d559d2a8}> (0x00000000d559d2a8) 
thrown [s\src\hotspot\share\prims\jni.cpp, line 520]
Event: 15.681 Thread 0x000002107ef64240 Exception <a 'sun/nio/fs/WindowsException'{0x00000000d559d8d8}> (0x00000000d559d8d8) 
thrown [s\src\hotspot\share\prims\jni.cpp, line 520]
Event: 15.702 Thread 0x000002107ef64240 Exception <a 'java/lang/NoSuchMethodError'{0x00000000d5617398}: 'java.lang.Object java.lang.invoke.DirectMethodHandle$Holder.newInvokeSpecial(java.lang.Object, java.lang.Object, int, java.lang.Object, java.lang.Object)'> (0x00000000d5617398) 
thrown [s\src\hotspot\share\interpreter\linkResolver.cpp, line 773]
Event: 15.706 Thread 0x000002107ef64240 Exception <a 'java/lang/NoSuchMethodError'{0x00000000d5633b68}: 'java.lang.Object java.lang.invoke.DirectMethodHandle$Holder.invokeSpecial(java.lang.Object, java.lang.Object, java.lang.Object, int, java.lang.Object, java.lang.Object, java.lang.Object)'> (0x00000000d5633b68) 
thrown [s\src\hotspot\share\interpreter\linkResolver.cpp, line 773]
Event: 15.708 Thread 0x000002107ef64240 Exception <a 'java/lang/NoSuchMethodError'{0x00000000d563f218}: 'java.lang.Object java.lang.invoke.DirectMethodHandle$Holder.newInvokeSpecial(java.lang.Object, java.lang.Object, int)'> (0x00000000d563f218) 
thrown [s\src\hotspot\share\interpreter\linkResolver.cpp, line 773]
Event: 15.728 Thread 0x000002107ef64240 Exception <a 'java/lang/NoSuchMethodError'{0x00000000d55c0ef0}: 'void java.lang.invoke.DirectMethodHandle$Holder.invokeStatic(java.lang.Object, int)'> (0x00000000d55c0ef0) 
thrown [s\src\hotspot\share\interpreter\linkResolver.cpp, line 773]
Event: 15.847 Thread 0x000002107ef64240 Exception <a 'java/io/FileNotFoundException'{0x00000000d5601898}> (0x00000000d5601898) 
thrown [s\src\hotspot\share\prims\jni.cpp, line 520]
Event: 15.847 Thread 0x000002107ef64240 Exception <a 'java/io/FileNotFoundException'{0x00000000d5602b30}> (0x00000000d5602b30) 
thrown [s\src\hotspot\share\prims\jni.cpp, line 520]
Event: 15.848 Thread 0x000002107ef64240 Exception <a 'java/io/FileNotFoundException'{0x00000000d5603b20}> (0x00000000d5603b20) 
thrown [s\src\hotspot\share\prims\jni.cpp, line 520]
Event: 15.857 Thread 0x000002107ef64240 Exception <a 'java/lang/NoSuchMethodError'{0x00000000d56694a0}: 'int java.lang.invoke.DirectMethodHandle$Holder.invokeStatic(java.lang.Object, java.lang.Object, java.lang.Object, java.lang.Object, java.lang.Object, java.lang.Object)'> (0x00000000d56694a0) 
thrown [s\src\hotspot\share\interpreter\linkResolver.cpp, line 773]
Event: 15.975 Thread 0x000002107ef64240 Implicit null exception at 0x0000021007e12f1b to 0x0000021007e13db0
Event: 16.269 Thread 0x000002107ca77ab0 Exception <a 'sun/nio/fs/WindowsException'{0x00000000d57761a8}> (0x00000000d57761a8) 
thrown [s\src\hotspot\share\prims\jni.cpp, line 520]
Event: 16.297 Thread 0x000002107ca77420 Exception <a 'java/lang/NoSuchMethodError'{0x00000000d559f318}: 'java.lang.Object java.lang.invoke.DirectMethodHandle$Holder.invokeStatic(java.lang.Object, java.lang.Object, int, java.lang.Object)'> (0x00000000d559f318) 
thrown [s\src\hotspot\share\interpreter\linkResolver.cpp, line 773]
Event: 16.647 Thread 0x000002107ca77ab0 Exception <a 'sun/nio/fs/WindowsException'{0x00000000d562e2c8}> (0x00000000d562e2c8) 
thrown [s\src\hotspot\share\prims\jni.cpp, line 520]

ZGC Phase Switch (0 events):
No events

VM Operations (20 events):
Event: 16.355 Executing safepoint VM operation: ParallelGCFailedAllocation (Allocation Failure) done
Event: 16.364 Executing safepoint VM operation: ParallelGCFailedAllocation (Allocation Failure)
Event: 16.367 Executing safepoint VM operation: ParallelGCFailedAllocation (Allocation Failure) done
Event: 16.390 Executing safepoint VM operation: ParallelGCFailedAllocation (Allocation Failure)
Event: 16.393 Executing safepoint VM operation: ParallelGCFailedAllocation (Allocation Failure) done
Event: 16.429 Executing safepoint VM operation: ParallelGCFailedAllocation (Allocation Failure)
Event: 16.433 Executing safepoint VM operation: ParallelGCFailedAllocation (Allocation Failure) done
Event: 16.445 Executing safepoint VM operation: ParallelGCFailedAllocation (Allocation Failure)
Event: 16.449 Executing safepoint VM operation: ParallelGCFailedAllocation (Allocation Failure) done
Event: 16.542 Executing safepoint VM operation: ParallelGCFailedAllocation (Allocation Failure)
Event: 16.547 Executing safepoint VM operation: ParallelGCFailedAllocation (Allocation Failure) done
Event: 16.553 Executing safepoint VM operation: ParallelGCFailedAllocation (Allocation Failure)
Event: 16.557 Executing safepoint VM operation: ParallelGCFailedAllocation (Allocation Failure) done
Event: 16.562 Executing safepoint VM operation: ParallelGCFailedAllocation (Allocation Failure)
Event: 16.566 Executing safepoint VM operation: ParallelGCFailedAllocation (Allocation Failure) done
Event: 16.574 Executing safepoint VM operation: ParallelGCFailedAllocation (Allocation Failure)
Event: 16.579 Executing safepoint VM operation: ParallelGCFailedAllocation (Allocation Failure) done
Event: 16.601 Executing safepoint VM operation: ParallelGCFailedAllocation (Allocation Failure)
Event: 16.606 Executing safepoint VM operation: ParallelGCFailedAllocation (Allocation Failure) done
Event: 16.671 Executing safepoint VM operation: ParallelGCFailedAllocation (Allocation Failure)

Memory protections (0 events):
No events

Nmethod flushes (20 events):
Event: 16.746 Thread 0x0000021075982c80 flushing  nmethod 0x0000021000dbef10
Event: 16.746 Thread 0x0000021075982c80 flushing  nmethod 0x0000021000dbf410
Event: 16.746 Thread 0x0000021075982c80 flushing  nmethod 0x0000021000dbf890
Event: 16.746 Thread 0x0000021075982c80 flushing  nmethod 0x0000021000dc8210
Event: 16.746 Thread 0x0000021075982c80 flushing  nmethod 0x0000021000dc8590
Event: 16.746 Thread 0x0000021075982c80 flushing  nmethod 0x0000021000e42710
Event: 16.746 Thread 0x0000021075982c80 flushing  nmethod 0x0000021000e43990
Event: 16.746 Thread 0x0000021075982c80 flushing  nmethod 0x0000021000e5be90
Event: 16.746 Thread 0x0000021075982c80 flushing  nmethod 0x0000021000e6c010
Event: 16.746 Thread 0x0000021075982c80 flushing  nmethod 0x0000021000e6cd10
Event: 16.746 Thread 0x0000021075982c80 flushing osr nmethod 0x0000021000f55f10
Event: 16.746 Thread 0x0000021075982c80 flushing  nmethod 0x0000021000f59790
Event: 16.746 Thread 0x0000021075982c80 flushing  nmethod 0x0000021001005e90
Event: 16.746 Thread 0x0000021075982c80 flushing  nmethod 0x0000021001009110
Event: 16.746 Thread 0x0000021075982c80 flushing  nmethod 0x000002100100c410
Event: 16.746 Thread 0x0000021075982c80 flushing  nmethod 0x000002100100d310
Event: 16.746 Thread 0x0000021075982c80 flushing  nmethod 0x000002100100db10
Event: 16.746 Thread 0x0000021075982c80 flushing  nmethod 0x0000021001029c10
Event: 16.746 Thread 0x0000021075982c80 flushing  nmethod 0x000002100102b910
Event: 16.746 Thread 0x0000021075982c80 flushing  nmethod 0x0000021001033410

Events (20 events):
Event: 15.327 Thread 0x000002107ef64240 Thread added: 0x0000021051e652c0
Event: 15.335 Thread 0x000002107ef64240 Thread added: 0x0000021051e64c30
Event: 15.353 Thread 0x000002107ef64240 Thread added: 0x0000021051e645a0
Event: 15.410 Thread 0x000002107ef64240 Thread added: 0x0000021051e65950
Event: 15.413 Thread 0x000002107ef64240 Thread added: 0x0000021051e65fe0
Event: 15.416 Thread 0x000002107ef64240 Thread added: 0x0000021051e62b60
Event: 15.420 Thread 0x000002107ef64240 Thread added: 0x0000021051e66670
Event: 15.436 Thread 0x000002107ef64240 Thread added: 0x0000021051e63880
Event: 15.436 Thread 0x000002107ef64240 Thread added: 0x0000021051e631f0
Event: 15.436 Thread 0x000002107ef64240 Thread added: 0x0000021051e63f10
Event: 15.905 Thread 0x000002107ef64240 Thread added: 0x0000021050f0e8e0
Event: 15.906 Thread 0x000002107ef64240 Thread added: 0x0000021050f0ef70
Event: 15.906 Thread 0x000002107ef64240 Thread added: 0x0000021050f0d530
Event: 15.906 Thread 0x000002107ef64240 Thread added: 0x0000021050f0c810
Event: 15.906 Thread 0x000002107ef64240 Thread added: 0x0000021050f0cea0
Event: 15.946 Thread 0x0000021050f0ef70 Thread exited: 0x0000021050f0ef70
Event: 15.946 Thread 0x0000021050f0d530 Thread exited: 0x0000021050f0d530
Event: 15.946 Thread 0x0000021050f0c810 Thread exited: 0x0000021050f0c810
Event: 15.946 Thread 0x0000021050f0cea0 Thread exited: 0x0000021050f0cea0
Event: 15.946 Thread 0x0000021050f0e8e0 Thread exited: 0x0000021050f0e8e0


Dynamic libraries:
0x00007ff61ccc0000 - 0x00007ff61ccce000 	c:\Users\kalra\.vscode\extensions\redhat.java-1.53.0-win32-x64\jre\21.0.10-win32-x86_64\bin\java.exe
0x00007ff8b4ac0000 - 0x00007ff8b4d27000 	C:\WINDOWS\SYSTEM32\ntdll.dll
0x00007ff8b2bb0000 - 0x00007ff8b2c79000 	C:\WINDOWS\System32\KERNEL32.DLL
0x00007ff8b1580000 - 0x00007ff8b1971000 	C:\WINDOWS\System32\KERNELBASE.dll
0x00007ff8b22b0000 - 0x00007ff8b23fb000 	C:\WINDOWS\System32\ucrtbase.dll
0x00007ff868d50000 - 0x00007ff868d6e000 	c:\Users\kalra\.vscode\extensions\redhat.java-1.53.0-win32-x64\jre\21.0.10-win32-x86_64\bin\VCRUNTIME140.dll
0x00007ff869d50000 - 0x00007ff869d68000 	c:\Users\kalra\.vscode\extensions\redhat.java-1.53.0-win32-x64\jre\21.0.10-win32-x86_64\bin\jli.dll
0x00007ff8b4420000 - 0x00007ff8b45e5000 	C:\WINDOWS\System32\USER32.dll
0x00007ff89a420000 - 0x00007ff89a6b3000 	C:\WINDOWS\WinSxS\amd64_microsoft.windows.common-controls_6595b64144ccf1df_6.0.26100.8037_none_3e092faae333b53b\COMCTL32.dll
0x00007ff8b1980000 - 0x00007ff8b19a7000 	C:\WINDOWS\System32\win32u.dll
0x00007ff8b3f40000 - 0x00007ff8b3f6b000 	C:\WINDOWS\System32\GDI32.dll
0x00007ff8b13a0000 - 0x00007ff8b14cb000 	C:\WINDOWS\System32\gdi32full.dll
0x00007ff8b3f70000 - 0x00007ff8b4019000 	C:\WINDOWS\System32\msvcrt.dll
0x00007ff8b14d0000 - 0x00007ff8b1573000 	C:\WINDOWS\System32\msvcp_win.dll
0x00007ff8b4870000 - 0x00007ff8b48a1000 	C:\WINDOWS\System32\IMM32.DLL
0x00007ff876680000 - 0x00007ff87668c000 	c:\Users\kalra\.vscode\extensions\redhat.java-1.53.0-win32-x64\jre\21.0.10-win32-x86_64\bin\vcruntime140_1.dll
0x00007ff84a920000 - 0x00007ff84a9ad000 	c:\Users\kalra\.vscode\extensions\redhat.java-1.53.0-win32-x64\jre\21.0.10-win32-x86_64\bin\msvcp140.dll
0x00007ff80dc80000 - 0x00007ff80ea21000 	c:\Users\kalra\.vscode\extensions\redhat.java-1.53.0-win32-x64\jre\21.0.10-win32-x86_64\bin\server\jvm.dll
0x00007ff8b4780000 - 0x00007ff8b483b000 	C:\WINDOWS\System32\ADVAPI32.dll
0x00007ff8b3630000 - 0x00007ff8b36d7000 	C:\WINDOWS\System32\sechost.dll
0x00007ff8b2d40000 - 0x00007ff8b2e58000 	C:\WINDOWS\System32\RPCRT4.dll
0x00007ff8b2e60000 - 0x00007ff8b2ed4000 	C:\WINDOWS\System32\WS2_32.dll
0x00007ff8b1200000 - 0x00007ff8b125e000 	C:\WINDOWS\SYSTEM32\POWRPROF.dll
0x00007ff8aa610000 - 0x00007ff8aa645000 	C:\WINDOWS\SYSTEM32\WINMM.dll
0x00007ff8aa600000 - 0x00007ff8aa60b000 	C:\WINDOWS\SYSTEM32\VERSION.dll
0x00007ff8b11e0000 - 0x00007ff8b11f4000 	C:\WINDOWS\SYSTEM32\UMPDC.dll
0x00007ff8b0130000 - 0x00007ff8b014b000 	C:\WINDOWS\SYSTEM32\kernel.appcore.dll
0x00007ff876090000 - 0x00007ff87609a000 	c:\Users\kalra\.vscode\extensions\redhat.java-1.53.0-win32-x64\jre\21.0.10-win32-x86_64\bin\jimage.dll
0x00007ff8a5b80000 - 0x00007ff8a5dc2000 	C:\WINDOWS\SYSTEM32\DBGHELP.DLL
0x00007ff8b4080000 - 0x00007ff8b4402000 	C:\WINDOWS\System32\combase.dll
0x00007ff8b3550000 - 0x00007ff8b3627000 	C:\WINDOWS\System32\OLEAUT32.dll
0x00007ff895010000 - 0x00007ff89504b000 	C:\WINDOWS\SYSTEM32\dbgcore.DLL
0x00007ff8b2400000 - 0x00007ff8b24a5000 	C:\WINDOWS\System32\bcryptPrimitives.dll
0x00007ff899e70000 - 0x00007ff899e7f000 	c:\Users\kalra\.vscode\extensions\redhat.java-1.53.0-win32-x64\jre\21.0.10-win32-x86_64\bin\instrument.dll
0x00007ff867c00000 - 0x00007ff867c20000 	c:\Users\kalra\.vscode\extensions\redhat.java-1.53.0-win32-x64\jre\21.0.10-win32-x86_64\bin\java.dll
0x00007ff8b37d0000 - 0x00007ff8b3f2f000 	C:\WINDOWS\System32\SHELL32.dll
0x00007ff8b26f0000 - 0x00007ff8b285a000 	C:\WINDOWS\System32\wintypes.dll
0x00007ff8b19b0000 - 0x00007ff8b2214000 	C:\WINDOWS\System32\windows.storage.dll
0x00007ff8b4980000 - 0x00007ff8b4a77000 	C:\WINDOWS\System32\SHCORE.dll
0x00007ff8b36e0000 - 0x00007ff8b3747000 	C:\WINDOWS\System32\shlwapi.dll
0x00007ff8b12c0000 - 0x00007ff8b12e9000 	C:\WINDOWS\SYSTEM32\profapi.dll
0x00007ff867940000 - 0x00007ff867958000 	c:\Users\kalra\.vscode\extensions\redhat.java-1.53.0-win32-x64\jre\21.0.10-win32-x86_64\bin\zip.dll
0x00007ff86f7a0000 - 0x00007ff86f7b0000 	C:\Users\kalra\.vscode\extensions\redhat.java-1.53.0-win32-x64\jre\21.0.10-win32-x86_64\bin\net.dll
0x00007ff8aa810000 - 0x00007ff8aa937000 	C:\WINDOWS\SYSTEM32\WINHTTP.dll
0x00007ff8b06a0000 - 0x00007ff8b070b000 	C:\WINDOWS\system32\mswsock.dll
0x00007ff8662d0000 - 0x00007ff8662e6000 	C:\Users\kalra\.vscode\extensions\redhat.java-1.53.0-win32-x64\jre\21.0.10-win32-x86_64\bin\nio.dll
0x00007ff899e60000 - 0x00007ff899e70000 	c:\Users\kalra\.vscode\extensions\redhat.java-1.53.0-win32-x64\jre\21.0.10-win32-x86_64\bin\verify.dll
0x00007ff848610000 - 0x00007ff848655000 	C:\Users\kalra\AppData\Roaming\Code\User\globalStorage\redhat.java\1.53.0\config_win\org.eclipse.equinox.launcher\org.eclipse.equinox.launcher.win32.win32.x86_64_1.3.0.v20260203-2149\eclipse_11919.dll
0x00007ff8b2a10000 - 0x00007ff8b2ba5000 	C:\WINDOWS\System32\ole32.dll
0x00007ff8b0980000 - 0x00007ff8b099b000 	C:\WINDOWS\SYSTEM32\CRYPTSP.dll
0x00007ff8b0090000 - 0x00007ff8b00c9000 	C:\WINDOWS\system32\rsaenh.dll
0x00007ff8b0750000 - 0x00007ff8b0782000 	C:\WINDOWS\SYSTEM32\USERENV.dll
0x00007ff8b1290000 - 0x00007ff8b12ba000 	C:\WINDOWS\SYSTEM32\bcrypt.dll
0x00007ff8b09a0000 - 0x00007ff8b09ac000 	C:\WINDOWS\SYSTEM32\CRYPTBASE.dll
0x00007ff8afb20000 - 0x00007ff8afb53000 	C:\WINDOWS\SYSTEM32\IPHLPAPI.DLL
0x00007ff8b45f0000 - 0x00007ff8b45fa000 	C:\WINDOWS\System32\NSI.dll
0x00007ff835b20000 - 0x00007ff835b69000 	C:\Users\kalra\AppData\Local\Temp\jna-101813893\jna15523467681406128836.dll
0x00007ff8b2c80000 - 0x00007ff8b2c88000 	C:\WINDOWS\System32\PSAPI.DLL
0x00007ff8ac410000 - 0x00007ff8ac42d000 	C:\WINDOWS\SYSTEM32\dhcpcsvc6.DLL
0x00007ff8ac300000 - 0x00007ff8ac323000 	C:\WINDOWS\SYSTEM32\dhcpcsvc.DLL

JVMTI agents:
c:\Users\kalra\.vscode\extensions\redhat.java-1.53.0-win32-x64\lombok\lombok-1.18.39-4050.jar path:c:\Users\kalra\.vscode\extensions\redhat.java-1.53.0-win32-x64\jre\21.0.10-win32-x86_64\bin\instrument.dll, loaded, initialized, instrumentlib options:none

dbghelp: loaded successfully - version: 4.0.5 - missing functions: none
symbol engine: initialized successfully - sym options: 0x614 - pdb path: .;c:\Users\kalra\.vscode\extensions\redhat.java-1.53.0-win32-x64\jre\21.0.10-win32-x86_64\bin;C:\WINDOWS\SYSTEM32;C:\WINDOWS\WinSxS\amd64_microsoft.windows.common-controls_6595b64144ccf1df_6.0.26100.8037_none_3e092faae333b53b;c:\Users\kalra\.vscode\extensions\redhat.java-1.53.0-win32-x64\jre\21.0.10-win32-x86_64\bin\server;C:\Users\kalra\AppData\Roaming\Code\User\globalStorage\redhat.java\1.53.0\config_win\org.eclipse.equinox.launcher\org.eclipse.equinox.launcher.win32.win32.x86_64_1.3.0.v20260203-2149;C:\Users\kalra\AppData\Local\Temp\jna-101813893

VM Arguments:
jvm_args: --add-modules=ALL-SYSTEM --add-opens=java.base/java.util=ALL-UNNAMED --add-opens=java.base/java.lang=ALL-UNNAMED --add-opens=java.base/sun.nio.fs=ALL-UNNAMED -Declipse.application=org.eclipse.jdt.ls.core.id1 -Dosgi.bundles.defaultStartLevel=4 -Declipse.product=org.eclipse.jdt.ls.core.product -Djava.import.generatesMetadataFilesAtProjectRoot=false -DDetectVMInstallationsJob.disabled=true -Dfile.encoding=utf8 -XX:+UseParallelGC -XX:GCTimeRatio=4 -XX:AdaptiveSizePolicyWeight=90 -Dsun.zip.disableMemoryMapping=true -Xmx2G -Xms100m -Xlog:disable -javaagent:c:\Users\kalra\.vscode\extensions\redhat.java-1.53.0-win32-x64\lombok\lombok-1.18.39-4050.jar -XX:+HeapDumpOnOutOfMemoryError -XX:HeapDumpPath=c:\Users\kalra\AppData\Roaming\Code\User\workspaceStorage\4fda5c3b26c15e0cb27154c0e992db6d\redhat.java -Daether.dependencyCollector.impl=bf 
java_command: c:\Users\kalra\.vscode\extensions\redhat.java-1.53.0-win32-x64\server\plugins\org.eclipse.equinox.launcher_1.7.100.v20251111-0406.jar -configuration c:\Users\kalra\AppData\Roaming\Code\User\globalStorage\redhat.java\1.53.0\config_win -data c:\Users\kalra\AppData\Roaming\Code\User\workspaceStorage\4fda5c3b26c15e0cb27154c0e992db6d\redhat.java\jdt_ws --pipe=\\.\pipe\lsp-197b6335791a136ee1d89759bd56d509-sock
java_class_path (initial): c:\Users\kalra\.vscode\extensions\redhat.java-1.53.0-win32-x64\server\plugins\org.eclipse.equinox.launcher_1.7.100.v20251111-0406.jar
Launcher Type: SUN_STANDARD

[Global flags]
    uintx AdaptiveSizePolicyWeight                 = 90                                        {product} {command line}
     intx CICompilerCount                          = 4                                         {product} {ergonomic}
    uintx GCTimeRatio                              = 4                                         {product} {command line}
     bool HeapDumpOnOutOfMemoryError               = true                                   {manageable} {command line}
    ccstr HeapDumpPath                             = c:\Users\kalra\AppData\Roaming\Code\User\workspaceStorage\4fda5c3b26c15e0cb27154c0e992db6d\redhat.java         {manageable} {command line}
   size_t InitialHeapSize                          = 104857600                                 {product} {command line}
   size_t MaxHeapSize                              = 2147483648                                {product} {command line}
   size_t MaxNewSize                               = 715653120                                 {product} {ergonomic}
   size_t MinHeapDeltaBytes                        = 524288                                    {product} {ergonomic}
   size_t MinHeapSize                              = 104857600                                 {product} {command line}
   size_t NewSize                                  = 34603008                                  {product} {ergonomic}
    uintx NonNMethodCodeHeapSize                   = 5839372                                {pd product} {ergonomic}
    uintx NonProfiledCodeHeapSize                  = 122909434                              {pd product} {ergonomic}
   size_t OldSize                                  = 70254592                                  {product} {ergonomic}
    uintx ProfiledCodeHeapSize                     = 122909434                              {pd product} {ergonomic}
    uintx ReservedCodeCacheSize                    = 251658240                              {pd product} {ergonomic}
     bool SegmentedCodeCache                       = true                                      {product} {ergonomic}
   size_t SoftMaxHeapSize                          = 2147483648                             {manageable} {ergonomic}
     bool UseCompressedOops                        = true                           {product lp64_product} {ergonomic}
     bool UseLargePagesIndividualAllocation        = false                                  {pd product} {ergonomic}
     bool UseParallelGC                            = true                                      {product} {command line}

Logging:
Log output configuration:
 #0: stdout all=off uptime,level,tags foldmultilines=false
 #1: stderr all=off uptime,level,tags foldmultilines=false

Release file:
JAVA_VERSION="21.0.10" 
MODULES="java.base java.compiler java.datatransfer java.xml java.prefs java.desktop java.instrument java.logging java.management java.security.sasl java.naming java.rmi java.management.rmi java.net.http java.scripting java.security.jgss java.transaction.xa java.sql java.sql.rowset java.xml.crypto java.se java.smartcardio jdk.accessibility jdk.internal.jvmstat jdk.attach jdk.charsets jdk.internal.opt jdk.zipfs jdk.compiler jdk.crypto.ec jdk.crypto.cryptoki jdk.crypto.mscapi jdk.dynalink jdk.internal.ed jdk.editpad jdk.hotspot.agent jdk.httpserver jdk.internal.le jdk.internal.vm.ci jdk.internal.vm.compiler jdk.internal.vm.compiler.management jdk.jartool jdk.javadoc jdk.jcmd jdk.management jdk.management.agent jdk.jconsole jdk.jdeps jdk.jdwp.agent jdk.jdi jdk.jfr jdk.jshell jdk.jsobject jdk.jstatd jdk.localedata jdk.management.jfr jdk.naming.dns jdk.naming.rmi jdk.net jdk.nio.mapmode jdk.random jdk.sctp jdk.security.auth jdk.security.jgss jdk.unsupported jdk.unsupported.desktop jdk.xml.dom" 

Environment Variables:
PATH=C:\Users\kalra\AppData\Local\Programs\Microsoft VS Code;C:\Python314\Scripts\;C:\Python314\;C:\Program Files\nodejs\;C:\ProgramData\chocolatey\bin;D:\Git\cmd;C:\Users\kalra\AppData\Local\Programs\Python\Python313\Scripts\;C:\Users\kalra\AppData\Local\Programs\Python\Python313\;C:\Program Files\MySQL\MySQL Shell 8.0\bin\;C:\Users\kalra\AppData\Local\Programs\Python\Python312\Scripts\;C:\Users\kalra\AppData\Local\Programs\Python\Python312\;C:\Users\kalra\AppData\Local\Microsoft\WindowsApps;C:\Users\kalra\AppData\Local\Programs\Microsoft VS Code\bin;C:\Program Files\Azure Data Studio\bin;%JAVA_HOME%\bin;C:\Program Files\Maven\apache-maven-3.9.11\bin;C:\Program Files\MySQL\MySQL Server 8.0\bin;C:\Users\kalra\AppData\Roaming\npm;C:\Users\kalra\Downloads\flutter_windows_3.41.4-stable\flutter\bin;C:\Windows\System32;C:\Program Files\Git\cmd;C:\Windows\System32\WindowsPowerShell\v1.0\;
USERNAME=kalra
OS=Windows_NT
PROCESSOR_IDENTIFIER=AMD64 Family 23 Model 104 Stepping 1, AuthenticAMD
TMP=C:\Users\kalra\AppData\Local\Temp
TEMP=C:\Users\kalra\AppData\Local\Temp




Periodic native trim disabled

---------------  S Y S T E M  ---------------

OS:
 Windows 11 , 64 bit Build 26100 (10.0.26100.7920)
OS uptime: 0 days 14:06 hours
Hyper-V role detected

CPU: total 12 (initial active 12) (12 cores per cpu, 2 threads per core) family 23 model 104 stepping 1 microcode 0x8608107, cx8, cmov, fxsr, ht, mmx, 3dnowpref, sse, sse2, sse3, ssse3, sse4a, sse4.1, sse4.2, popcnt, lzcnt, tsc, tscinvbit, avx, avx2, aes, clmul, bmi1, bmi2, adx, sha, fma, vzeroupper, clflush, clflushopt, hv, rdtscp, rdpid, f16c
Processor Information for processor 0
  Max Mhz: 2100, Current Mhz: 2100, Mhz Limit: 2100
Processor Information for processor 1
  Max Mhz: 2100, Current Mhz: 2100, Mhz Limit: 2100
Processor Information for processor 2
  Max Mhz: 2100, Current Mhz: 2100, Mhz Limit: 2100
Processor Information for processor 3
  Max Mhz: 2100, Current Mhz: 1813, Mhz Limit: 2100
Processor Information for processor 4
  Max Mhz: 2100, Current Mhz: 2100, Mhz Limit: 2100
Processor Information for processor 5
  Max Mhz: 2100, Current Mhz: 2100, Mhz Limit: 2100
Processor Information for processor 6
  Max Mhz: 2100, Current Mhz: 2100, Mhz Limit: 2100
Processor Information for processor 7
  Max Mhz: 2100, Current Mhz: 2100, Mhz Limit: 2100
Processor Information for processor 8
  Max Mhz: 2100, Current Mhz: 2100, Mhz Limit: 2100
Processor Information for processor 9
  Max Mhz: 2100, Current Mhz: 2100, Mhz Limit: 2100
Processor Information for processor 10
  Max Mhz: 2100, Current Mhz: 2100, Mhz Limit: 2100
Processor Information for processor 11
  Max Mhz: 2100, Current Mhz: 2100, Mhz Limit: 2100

Memory: 4k page, system-wide physical 7501M (441M free)
TotalPageFile size 16348M (AvailPageFile size 5M)
current process WorkingSet (physical memory assigned to process): 408M, peak: 413M
current process commit charge ("private bytes"): 484M, peak: 1720M

vm_info: OpenJDK 64-Bit Server VM (21.0.10+7-LTS) for windows-amd64 JRE (21.0.10+7-LTS), built on 2026-01-20T00:00:00Z by "admin" with MS VC++ 17.12 (VS2022)

END.
