#
# There is insufficient memory for the Java Runtime Environment to continue.
# Native memory allocation (malloc) failed to allocate 1092096 bytes. Error detail: Chunk::new
# Possible reasons:
#   The system is out of physical RAM or swap space
#   This process is running with CompressedOops enabled, and the Java Heap may be blocking the growth of the native heap
# Possible solutions:
#   Reduce memory load on the system
#   Increase physical memory or swap space
#   Check if swap backing store is full
#   Decrease Java heap size (-Xmx/-Xms)
#   Decrease number of Java threads
#   Decrease Java thread stack sizes (-Xss)
#   Set larger code cache with -XX:ReservedCodeCacheSize=
#   JVM is running with Unscaled Compressed Oops mode in which the Java heap is
#     placed in the first 4GB address space. The Java Heap base address is the
#     maximum limit for the native heap growth. Please use -XX:HeapBaseMinAddress
#     to set the Java Heap base and to place the Java Heap above 4GB virtual address.
# This output file may be truncated or incomplete.
#
#  Out of Memory Error (arena.cpp:168), pid=4824, tid=7956
#
# JRE version: OpenJDK Runtime Environment Temurin-21.0.10+7 (21.0.10+7) (build 21.0.10+7-LTS)
# Java VM: OpenJDK 64-Bit Server VM Temurin-21.0.10+7 (21.0.10+7-LTS, mixed mode, sharing, tiered, compressed oops, compressed class ptrs, parallel gc, windows-amd64)
# No core dump will be written. Minidumps are not enabled by default on client versions of Windows
#

---------------  S U M M A R Y ------------

Command Line: --add-modules=ALL-SYSTEM --add-opens=java.base/java.util=ALL-UNNAMED --add-opens=java.base/java.lang=ALL-UNNAMED --add-opens=java.base/sun.nio.fs=ALL-UNNAMED -Declipse.application=org.eclipse.jdt.ls.core.id1 -Dosgi.bundles.defaultStartLevel=4 -Declipse.product=org.eclipse.jdt.ls.core.product -Djava.import.generatesMetadataFilesAtProjectRoot=false -DDetectVMInstallationsJob.disabled=true -Dfile.encoding=utf8 -XX:+UseParallelGC -XX:GCTimeRatio=4 -XX:AdaptiveSizePolicyWeight=90 -Dsun.zip.disableMemoryMapping=true -Xmx2G -Xms100m -Xlog:disable -javaagent:c:\Users\kalra\.vscode\extensions\redhat.java-1.53.0-win32-x64\lombok\lombok-1.18.39-4050.jar c:\Users\kalra\.vscode\extensions\redhat.java-1.53.0-win32-x64\server\plugins\org.eclipse.equinox.launcher_1.7.100.v20251111-0406.jar -configuration c:\Users\kalra\AppData\Roaming\Code\User\globalStorage\redhat.java\1.53.0\config_ss_win -data c:\Users\kalra\AppData\Roaming\Code\User\workspaceStorage\4fda5c3b26c15e0cb27154c0e992db6d\redhat.java\ss_ws --pipe=\\.\pipe\lsp-78568f629aab0a249d5f7dd896948e6f-sock

Host: AMD Ryzen 5 5500U with Radeon Graphics         , 12 cores, 7G,  Windows 11 , 64 bit Build 26100 (10.0.26100.7920)
Time: Wed Mar 25 13:59:10 2026 India Standard Time elapsed time: 23.551696 seconds (0d 0h 0m 23s)

---------------  T H R E A D  ---------------

Current thread (0x0000018c9c6eb5a0):  JavaThread "C2 CompilerThread1" daemon [_thread_in_native, id=7956, stack(0x0000004380900000,0x0000004380a00000) (1024K)]


Current CompileTask:
C2:23552 4741 %     4       org.lombokweb.asm.ClassReader::readCode @ 2037 (5117 bytes)

Stack: [0x0000004380900000,0x0000004380a00000]
Native frames: (J=compiled Java code, j=interpreted, Vv=VM code, C=native code)
V  [jvm.dll+0x6d7a39]
V  [jvm.dll+0x8b4b26]
V  [jvm.dll+0x8b70de]
V  [jvm.dll+0x8b77c3]
V  [jvm.dll+0x284346]
V  [jvm.dll+0xc66ed]
V  [jvm.dll+0xc6c31]
V  [jvm.dll+0x3bec3b]
V  [jvm.dll+0x1e3bc4]
V  [jvm.dll+0x24c6b3]
V  [jvm.dll+0x24bb40]
V  [jvm.dll+0x1cb34e]
V  [jvm.dll+0x25b85d]
V  [jvm.dll+0x259dea]
V  [jvm.dll+0x3f857e]
V  [jvm.dll+0x85f59d]
V  [jvm.dll+0x6d626d]
C  [ucrtbase.dll+0x37b0]
C  [KERNEL32.DLL+0x2e8d7]
C  [ntdll.dll+0x8c48c]


---------------  P R O C E S S  ---------------

Threads class SMR info:
_java_thread_list=0x0000018c9ce56ef0, length=37, elements={
0x0000018c3bb29d30, 0x0000018c3df6d180, 0x0000018c3e062780, 0x0000018c3e069090,
0x0000018c3e068370, 0x0000018c3e067ce0, 0x0000018c3e069720, 0x0000018c3e06ea70,
0x0000018c96d536e0, 0x0000018c3e066930, 0x0000018c3e066fc0, 0x0000018c3e0662a0,
0x0000018c3e068a00, 0x0000018c3e067650, 0x0000018c9c0a5a70, 0x0000018c9c0a74b0,
0x0000018c9c0a81d0, 0x0000018c9c0a53e0, 0x0000018c9c0a6790, 0x0000018c9c0a4d50,
0x0000018c9c0a8ef0, 0x0000018c9c0a7b40, 0x0000018c9c0abce0, 0x0000018c9c0a8860,
0x0000018c9c0ac370, 0x0000018c9c0a9580, 0x0000018c9c0a9c10, 0x0000018c9c0aa2a0,
0x0000018c9c0aa930, 0x0000018c9c0aafc0, 0x0000018c9c0ab650, 0x0000018c9e1bec30,
0x0000018c9e1bffe0, 0x0000018c9e1bf950, 0x0000018c9e1c0670, 0x0000018c9e1bf2c0,
0x0000018c9c6eb5a0
}

Java Threads: ( => current thread )
  0x0000018c3bb29d30 JavaThread "main"                              [_thread_blocked, id=15904, stack(0x00000043fd600000,0x00000043fd700000) (1024K)]
  0x0000018c3df6d180 JavaThread "Reference Handler"          daemon [_thread_blocked, id=2748, stack(0x00000043fda00000,0x00000043fdb00000) (1024K)]
  0x0000018c3e062780 JavaThread "Finalizer"                  daemon [_thread_blocked, id=14996, stack(0x00000043fdb00000,0x00000043fdc00000) (1024K)]
  0x0000018c3e069090 JavaThread "Signal Dispatcher"          daemon [_thread_blocked, id=11704, stack(0x00000043fdc00000,0x00000043fdd00000) (1024K)]
  0x0000018c3e068370 JavaThread "Attach Listener"            daemon [_thread_blocked, id=21576, stack(0x00000043fdd00000,0x00000043fde00000) (1024K)]
  0x0000018c3e067ce0 JavaThread "Service Thread"             daemon [_thread_blocked, id=12636, stack(0x00000043fde00000,0x00000043fdf00000) (1024K)]
  0x0000018c3e069720 JavaThread "Monitor Deflation Thread"   daemon [_thread_blocked, id=6200, stack(0x00000043fdf00000,0x00000043fe000000) (1024K)]
  0x0000018c3e06ea70 JavaThread "C2 CompilerThread0"         daemon [_thread_in_native, id=17860, stack(0x00000043fe000000,0x00000043fe100000) (1024K)]
  0x0000018c96d536e0 JavaThread "C1 CompilerThread0"         daemon [_thread_blocked, id=11844, stack(0x00000043fe100000,0x00000043fe200000) (1024K)]
  0x0000018c3e066930 JavaThread "Common-Cleaner"             daemon [_thread_blocked, id=25176, stack(0x00000043fe300000,0x00000043fe400000) (1024K)]
  0x0000018c3e066fc0 JavaThread "Notification Thread"        daemon [_thread_blocked, id=11944, stack(0x00000043fe200000,0x00000043fe300000) (1024K)]
  0x0000018c3e0662a0 JavaThread "Active Thread: Equinox Container: ad84e92b-9be0-40e1-85c8-0f120c39199b"        [_thread_blocked, id=4572, stack(0x00000043fe400000,0x00000043fe500000) (1024K)]
  0x0000018c3e068a00 JavaThread "Framework Event Dispatcher: Equinox Container: ad84e92b-9be0-40e1-85c8-0f120c39199b" daemon [_thread_blocked, id=14132, stack(0x00000043feb00000,0x00000043fec00000) (1024K)]
  0x0000018c3e067650 JavaThread "Start Level: Equinox Container: ad84e92b-9be0-40e1-85c8-0f120c39199b" daemon [_thread_blocked, id=21404, stack(0x00000043fec00000,0x00000043fed00000) (1024K)]
  0x0000018c9c0a5a70 JavaThread "SCR Component Actor"        daemon [_thread_blocked, id=8260, stack(0x00000043fee00000,0x00000043fef00000) (1024K)]
  0x0000018c9c0a74b0 JavaThread "Worker-JM"                         [_thread_blocked, id=13868, stack(0x00000043ff100000,0x00000043ff200000) (1024K)]
  0x0000018c9c0a81d0 JavaThread "JNA Cleaner"                daemon [_thread_blocked, id=10492, stack(0x00000043fef00000,0x00000043ff000000) (1024K)]
  0x0000018c9c0a53e0 JavaThread "Worker-0"                          [_thread_blocked, id=19596, stack(0x00000043ff300000,0x00000043ff400000) (1024K)]
  0x0000018c9c0a6790 JavaThread "Worker-1"                          [_thread_blocked, id=23976, stack(0x00000043ff400000,0x00000043ff500000) (1024K)]
  0x0000018c9c0a4d50 JavaThread "Thread-1"                   daemon [_thread_in_native, id=21552, stack(0x00000043ff800000,0x00000043ff900000) (1024K)]
  0x0000018c9c0a8ef0 JavaThread "Thread-2"                   daemon [_thread_in_native, id=4224, stack(0x00000043ff900000,0x00000043ffa00000) (1024K)]
  0x0000018c9c0a7b40 JavaThread "Thread-3"                   daemon [_thread_in_native, id=22348, stack(0x00000043ffa00000,0x00000043ffb00000) (1024K)]
  0x0000018c9c0abce0 JavaThread "Thread-4"                   daemon [_thread_in_native, id=22060, stack(0x00000043ffb00000,0x00000043ffc00000) (1024K)]
  0x0000018c9c0a8860 JavaThread "Thread-5"                   daemon [_thread_in_native, id=16764, stack(0x00000043ffc00000,0x00000043ffd00000) (1024K)]
  0x0000018c9c0ac370 JavaThread "Thread-6"                   daemon [_thread_in_native, id=11916, stack(0x00000043ffd00000,0x00000043ffe00000) (1024K)]
  0x0000018c9c0a9580 JavaThread "Thread-7"                   daemon [_thread_in_native, id=22380, stack(0x00000043ffe00000,0x00000043fff00000) (1024K)]
  0x0000018c9c0a9c10 JavaThread "Thread-8"                   daemon [_thread_in_native, id=4864, stack(0x00000043fff00000,0x0000004400000000) (1024K)]
  0x0000018c9c0aa2a0 JavaThread "Thread-9"                   daemon [_thread_in_native, id=12480, stack(0x0000004380000000,0x0000004380100000) (1024K)]
  0x0000018c9c0aa930 JavaThread "Thread-10"                  daemon [_thread_in_native, id=7768, stack(0x0000004380100000,0x0000004380200000) (1024K)]
  0x0000018c9c0aafc0 JavaThread "Thread-11"                  daemon [_thread_in_native, id=9248, stack(0x0000004380200000,0x0000004380300000) (1024K)]
  0x0000018c9c0ab650 JavaThread "Thread-12"                  daemon [_thread_in_native, id=21084, stack(0x0000004380300000,0x0000004380400000) (1024K)]
  0x0000018c9e1bec30 JavaThread "Thread-13"                  daemon [_thread_in_native, id=2152, stack(0x0000004380400000,0x0000004380500000) (1024K)]
  0x0000018c9e1bffe0 JavaThread "pool-2-thread-1"                   [_thread_blocked, id=9972, stack(0x0000004380500000,0x0000004380600000) (1024K)]
  0x0000018c9e1bf950 JavaThread "Worker-2"                          [_thread_blocked, id=11960, stack(0x0000004380600000,0x0000004380700000) (1024K)]
  0x0000018c9e1c0670 JavaThread "WorkspaceEventsHandler"            [_thread_blocked, id=9028, stack(0x0000004380700000,0x0000004380800000) (1024K)]
  0x0000018c9e1bf2c0 JavaThread "pool-1-thread-1"                   [_thread_in_vm, id=9904, stack(0x0000004380800000,0x0000004380900000) (1024K)]
=>0x0000018c9c6eb5a0 JavaThread "C2 CompilerThread1"         daemon [_thread_in_native, id=7956, stack(0x0000004380900000,0x0000004380a00000) (1024K)]
Total: 37

Other Threads:
  0x0000018c3e060c10 VMThread "VM Thread"                           [id=364, stack(0x00000043fd900000,0x00000043fda00000) (1024K)]
  0x0000018c3de4ca00 WatcherThread "VM Periodic Task Thread"        [id=4592, stack(0x00000043fd800000,0x00000043fd900000) (1024K)]
  0x0000018c3dfdd540 WorkerThread "GC Thread#0"                     [id=4180, stack(0x00000043fd700000,0x00000043fd800000) (1024K)]
  0x0000018c9c352c80 WorkerThread "GC Thread#1"                     [id=5724, stack(0x00000043fe500000,0x00000043fe600000) (1024K)]
  0x0000018c9c89d700 WorkerThread "GC Thread#2"                     [id=11276, stack(0x00000043fe600000,0x00000043fe700000) (1024K)]
  0x0000018c9c89dab0 WorkerThread "GC Thread#3"                     [id=15028, stack(0x00000043fe700000,0x00000043fe800000) (1024K)]
  0x0000018c9c4a0020 WorkerThread "GC Thread#4"                     [id=2636, stack(0x00000043fe800000,0x00000043fe900000) (1024K)]
  0x0000018c9c4a03d0 WorkerThread "GC Thread#5"                     [id=22444, stack(0x00000043fe900000,0x00000043fea00000) (1024K)]
  0x0000018c9c4a0780 WorkerThread "GC Thread#6"                     [id=18968, stack(0x00000043fea00000,0x00000043feb00000) (1024K)]
  0x0000018c9c8bf910 WorkerThread "GC Thread#7"                     [id=8788, stack(0x00000043fed00000,0x00000043fee00000) (1024K)]
  0x0000018c9c67d960 WorkerThread "GC Thread#8"                     [id=10300, stack(0x00000043ff000000,0x00000043ff100000) (1024K)]
  0x0000018c9c67dd10 WorkerThread "GC Thread#9"                     [id=22672, stack(0x00000043ff200000,0x00000043ff300000) (1024K)]
Total: 12

Threads with active compile tasks:
C2 CompilerThread0  23603 4746       4       lombok.patcher.PatchScript$MethodPatcher::visitMethod (158 bytes)
C2 CompilerThread1  23603 4741 %     4       org.lombokweb.asm.ClassReader::readCode @ 2037 (5117 bytes)
Total: 2

VM state: not at safepoint (normal execution)

VM Mutex/Monitor currently owned by a thread: None

Heap address: 0x0000000080000000, size: 2048 MB, Compressed Oops mode: 32-bit

CDS archive(s) mapped at: [0x0000018c55000000-0x0000018c55ba0000-0x0000018c55ba0000), size 12189696, SharedBaseAddress: 0x0000018c55000000, ArchiveRelocationMode: 1.
Compressed class space mapped at: 0x0000018c56000000-0x0000018c96000000, reserved size: 1073741824
Narrow klass base: 0x0000018c55000000, Narrow klass shift: 0, Narrow klass range: 0x100000000

GC Precious Log:
 CardTable entry size: 512
 CPUs: 12 total, 12 available
 Memory: 7501M
 Large Page Support: Disabled
 NUMA Support: Disabled
 Compressed Oops: Enabled (32-bit)
 Alignments: Space 512K, Generation 512K, Heap 2M
 Heap Min Capacity: 100M
 Heap Initial Capacity: 100M
 Heap Max Capacity: 2G
 Pre-touch: Disabled
 Parallel Workers: 10

Heap:
 PSYoungGen      total 21504K, used 18248K [0x00000000d5580000, 0x00000000d6c80000, 0x0000000100000000)
  eden space 20480K, 86% used [0x00000000d5580000,0x00000000d66bf9e8,0x00000000d6980000)
  from space 1024K, 57% used [0x00000000d6b80000,0x00000000d6c12700,0x00000000d6c80000)
  to   space 1024K, 0% used [0x00000000d6a80000,0x00000000d6a80000,0x00000000d6b80000)
 ParOldGen       total 68608K, used 28943K [0x0000000080000000, 0x0000000084300000, 0x00000000d5580000)
  object space 68608K, 42% used [0x0000000080000000,0x0000000081c43d28,0x0000000084300000)
 Metaspace       used 37991K, committed 38912K, reserved 1114112K
  class space    used 3836K, committed 4224K, reserved 1048576K

Card table byte_map: [0x0000018c3d960000,0x0000018c3dd70000] _byte_map_base: 0x0000018c3d560000

Marking Bits: (ParMarkBitMap*) 0x00007ff8527f3450
 Begin Bits: [0x0000018c50470000, 0x0000018c52470000)
 End Bits:   [0x0000018c52470000, 0x0000018c54470000)

Polling page: 0x0000018c3bde0000

Metaspace:

Usage:
  Non-class:     33.38 MB used.
      Class:      3.75 MB used.
       Both:     37.12 MB used.

Virtual space:
  Non-class space:       64.00 MB reserved,      33.88 MB ( 53%) committed,  1 nodes.
      Class space:        1.00 GB reserved,       4.12 MB ( <1%) committed,  1 nodes.
             Both:        1.06 GB reserved,      38.00 MB (  3%) committed. 

Chunk freelists:
   Non-Class:  13.81 MB
       Class:  11.83 MB
        Both:  25.64 MB

MaxMetaspaceSize: unlimited
CompressedClassSpaceSize: 1.00 GB
Initial GC threshold: 21.00 MB
Current GC threshold: 58.38 MB
CDS: on
 - commit_granule_bytes: 65536.
 - commit_granule_words: 8192.
 - virtual_space_node_default_size: 8388608.
 - enlarge_chunks_in_place: 1.
 - use_allocation_guard: 0.


Internal statistics:

num_allocs_failed_limit: 6.
num_arena_births: 686.
num_arena_deaths: 14.
num_vsnodes_births: 2.
num_vsnodes_deaths: 0.
num_space_committed: 608.
num_space_uncommitted: 0.
num_chunks_returned_to_freelist: 20.
num_chunks_taken_from_freelist: 2213.
num_chunk_merges: 12.
num_chunk_splits: 1438.
num_chunks_enlarged: 932.
num_inconsistent_stats: 0.

CodeHeap 'non-profiled nmethods': size=120000Kb used=2534Kb max_used=2630Kb free=117466Kb
 bounds [0x0000018c48c90000, 0x0000018c48f30000, 0x0000018c501c0000]
CodeHeap 'profiled nmethods': size=120000Kb used=9180Kb max_used=9362Kb free=110819Kb
 bounds [0x0000018c411c0000, 0x0000018c41b50000, 0x0000018c486f0000]
CodeHeap 'non-nmethods': size=5760Kb used=1381Kb max_used=1412Kb free=4379Kb
 bounds [0x0000018c486f0000, 0x0000018c48960000, 0x0000018c48c90000]
CodeCache: size=245760Kb, used=13095Kb, max_used=13404Kb, free=232664Kb
 total_blobs=5061, nmethods=4378, adapters=588, full_count=0
Compilation: enabled, stopped_count=0, restarted_count=0

Compilation events (20 events):
Event: 23.447 Thread 0x0000018c96d536e0 4769       3       java.util.IdentityHashMap::maskNull (12 bytes)
Event: 23.447 Thread 0x0000018c96d536e0 nmethod 4769 0x0000018c41319a90 code [0x0000018c41319c20, 0x0000018c41319d58]
Event: 23.448 Thread 0x0000018c96d536e0 4771       1       lombok.core.LombokNode::getKind (5 bytes)
Event: 23.448 Thread 0x0000018c96d536e0 nmethod 4771 0x0000018c48ce6290 code [0x0000018c48ce6420, 0x0000018c48ce64e8]
Event: 23.448 Thread 0x0000018c96d536e0 4772       1       lombok.eclipse.EclipseASTAdapter::isDeferUntilPostDiet (5 bytes)
Event: 23.448 Thread 0x0000018c96d536e0 nmethod 4772 0x0000018c48ce9590 code [0x0000018c48ce9720, 0x0000018c48ce97f0]
Event: 23.448 Thread 0x0000018c96d536e0 4773       1       lombok.core.LombokNode::down (5 bytes)
Event: 23.448 Thread 0x0000018c96d536e0 nmethod 4773 0x0000018c48d50b10 code [0x0000018c48d50ca0, 0x0000018c48d50d68]
Event: 23.448 Thread 0x0000018c96d536e0 4774   !   3       lombok.eclipse.EclipseNode::$SWITCH_TABLE$lombok$core$AST$Kind (157 bytes)
Event: 23.449 Thread 0x0000018c96d536e0 nmethod 4774 0x0000018c41285310 code [0x0000018c41285520, 0x0000018c41285bc0]
Event: 23.454 Thread 0x0000018c96d536e0 4775       3       lombok.eclipse.EclipseNode::traverse (800 bytes)
Event: 23.460 Thread 0x0000018c96d536e0 nmethod 4775 0x0000018c41b3db90 code [0x0000018c41b3e400, 0x0000018c41b46128]
Event: 23.460 Thread 0x0000018c96d536e0 4777       3       lombok.eclipse.EclipseAST::traverseChildren (41 bytes)
Event: 23.461 Thread 0x0000018c96d536e0 nmethod 4777 0x0000018c413f7090 code [0x0000018c413f7280, 0x0000018c413f7748]
Event: 23.461 Thread 0x0000018c96d536e0 4776       3       lombok.core.LombokImmutableList::get (7 bytes)
Event: 23.461 Thread 0x0000018c96d536e0 nmethod 4776 0x0000018c41480e90 code [0x0000018c41481040, 0x0000018c41481178]
Event: 23.461 Thread 0x0000018c96d536e0 4778       3       lombok.core.LombokImmutableList::size (6 bytes)
Event: 23.462 Thread 0x0000018c96d536e0 nmethod 4778 0x0000018c4135fe10 code [0x0000018c4135ffa0, 0x0000018c413600b8]
Event: 23.537 Thread 0x0000018c96d536e0 4779       3       org.eclipse.osgi.internal.loader.classpath.ClasspathManager::findLocalResourceImpl (81 bytes)
Event: 23.538 Thread 0x0000018c96d536e0 nmethod 4779 0x0000018c411e2710 code [0x0000018c411e28e0, 0x0000018c411e2cc0]

GC Heap History (20 events):
Event: 18.552 GC heap before
{Heap before GC invocations=13 (full 1):
 PSYoungGen      total 24576K, used 24128K [0x00000000d5580000, 0x00000000d7180000, 0x0000000100000000)
  eden space 22016K, 100% used [0x00000000d5580000,0x00000000d6b00000,0x00000000d6b00000)
  from space 2560K, 82% used [0x00000000d6c80000,0x00000000d6e90010,0x00000000d6f00000)
  to   space 2560K, 0% used [0x00000000d6f00000,0x00000000d6f00000,0x00000000d7180000)
 ParOldGen       total 68608K, used 16179K [0x0000000080000000, 0x0000000084300000, 0x00000000d5580000)
  object space 68608K, 23% used [0x0000000080000000,0x0000000080fcce00,0x0000000084300000)
 Metaspace       used 32320K, committed 33216K, reserved 1114112K
  class space    used 3248K, committed 3648K, reserved 1048576K
}
Event: 18.564 GC heap after
{Heap after GC invocations=13 (full 1):
 PSYoungGen      total 24576K, used 2530K [0x00000000d5580000, 0x00000000d7180000, 0x0000000100000000)
  eden space 22016K, 0% used [0x00000000d5580000,0x00000000d5580000,0x00000000d6b00000)
  from space 2560K, 98% used [0x00000000d6f00000,0x00000000d7178820,0x00000000d7180000)
  to   space 3072K, 0% used [0x00000000d6b80000,0x00000000d6b80000,0x00000000d6e80000)
 ParOldGen       total 68608K, used 18155K [0x0000000080000000, 0x0000000084300000, 0x00000000d5580000)
  object space 68608K, 26% used [0x0000000080000000,0x00000000811bae00,0x0000000084300000)
 Metaspace       used 32320K, committed 33216K, reserved 1114112K
  class space    used 3248K, committed 3648K, reserved 1048576K
}
Event: 18.952 GC heap before
{Heap before GC invocations=14 (full 1):
 PSYoungGen      total 24576K, used 24546K [0x00000000d5580000, 0x00000000d7180000, 0x0000000100000000)
  eden space 22016K, 100% used [0x00000000d5580000,0x00000000d6b00000,0x00000000d6b00000)
  from space 2560K, 98% used [0x00000000d6f00000,0x00000000d7178820,0x00000000d7180000)
  to   space 3072K, 0% used [0x00000000d6b80000,0x00000000d6b80000,0x00000000d6e80000)
 ParOldGen       total 68608K, used 18155K [0x0000000080000000, 0x0000000084300000, 0x00000000d5580000)
  object space 68608K, 26% used [0x0000000080000000,0x00000000811bae00,0x0000000084300000)
 Metaspace       used 32338K, committed 33216K, reserved 1114112K
  class space    used 3248K, committed 3648K, reserved 1048576K
}
Event: 18.964 GC heap after
{Heap after GC invocations=14 (full 1):
 PSYoungGen      total 24576K, used 2112K [0x00000000d5580000, 0x00000000d7000000, 0x0000000100000000)
  eden space 22016K, 0% used [0x00000000d5580000,0x00000000d5580000,0x00000000d6b00000)
  from space 2560K, 82% used [0x00000000d6b80000,0x00000000d6d90000,0x00000000d6e00000)
  to   space 2048K, 0% used [0x00000000d6e00000,0x00000000d6e00000,0x00000000d7000000)
 ParOldGen       total 68608K, used 20441K [0x0000000080000000, 0x0000000084300000, 0x00000000d5580000)
  object space 68608K, 29% used [0x0000000080000000,0x00000000813f6620,0x0000000084300000)
 Metaspace       used 32338K, committed 33216K, reserved 1114112K
  class space    used 3248K, committed 3648K, reserved 1048576K
}
Event: 19.143 GC heap before
{Heap before GC invocations=15 (full 1):
 PSYoungGen      total 24576K, used 24128K [0x00000000d5580000, 0x00000000d7000000, 0x0000000100000000)
  eden space 22016K, 100% used [0x00000000d5580000,0x00000000d6b00000,0x00000000d6b00000)
  from space 2560K, 82% used [0x00000000d6b80000,0x00000000d6d90000,0x00000000d6e00000)
  to   space 2048K, 0% used [0x00000000d6e00000,0x00000000d6e00000,0x00000000d7000000)
 ParOldGen       total 68608K, used 20441K [0x0000000080000000, 0x0000000084300000, 0x00000000d5580000)
  object space 68608K, 29% used [0x0000000080000000,0x00000000813f6620,0x0000000084300000)
 Metaspace       used 32341K, committed 33280K, reserved 1114112K
  class space    used 3248K, committed 3648K, reserved 1048576K
}
Event: 19.151 GC heap after
{Heap after GC invocations=15 (full 1):
 PSYoungGen      total 22528K, used 2020K [0x00000000d5580000, 0x00000000d7400000, 0x0000000100000000)
  eden space 20480K, 0% used [0x00000000d5580000,0x00000000d5580000,0x00000000d6980000)
  from space 2048K, 98% used [0x00000000d6e00000,0x00000000d6ff9000,0x00000000d7000000)
  to   space 4608K, 0% used [0x00000000d6980000,0x00000000d6980000,0x00000000d6e00000)
 ParOldGen       total 68608K, used 22455K [0x0000000080000000, 0x0000000084300000, 0x00000000d5580000)
  object space 68608K, 32% used [0x0000000080000000,0x00000000815edfe8,0x0000000084300000)
 Metaspace       used 32341K, committed 33280K, reserved 1114112K
  class space    used 3248K, committed 3648K, reserved 1048576K
}
Event: 19.402 GC heap before
{Heap before GC invocations=16 (full 1):
 PSYoungGen      total 22528K, used 22500K [0x00000000d5580000, 0x00000000d7400000, 0x0000000100000000)
  eden space 20480K, 100% used [0x00000000d5580000,0x00000000d6980000,0x00000000d6980000)
  from space 2048K, 98% used [0x00000000d6e00000,0x00000000d6ff9000,0x00000000d7000000)
  to   space 4608K, 0% used [0x00000000d6980000,0x00000000d6980000,0x00000000d6e00000)
 ParOldGen       total 68608K, used 22455K [0x0000000080000000, 0x0000000084300000, 0x00000000d5580000)
  object space 68608K, 32% used [0x0000000080000000,0x00000000815edfe8,0x0000000084300000)
 Metaspace       used 32389K, committed 33280K, reserved 1114112K
  class space    used 3251K, committed 3648K, reserved 1048576K
}
Event: 19.413 GC heap after
{Heap after GC invocations=16 (full 1):
 PSYoungGen      total 23040K, used 2112K [0x00000000d5580000, 0x00000000d6f80000, 0x0000000100000000)
  eden space 20480K, 0% used [0x00000000d5580000,0x00000000d5580000,0x00000000d6980000)
  from space 2560K, 82% used [0x00000000d6980000,0x00000000d6b90010,0x00000000d6c00000)
  to   space 3072K, 0% used [0x00000000d6c80000,0x00000000d6c80000,0x00000000d6f80000)
 ParOldGen       total 68608K, used 24440K [0x0000000080000000, 0x0000000084300000, 0x00000000d5580000)
  object space 68608K, 35% used [0x0000000080000000,0x00000000817de0e8,0x0000000084300000)
 Metaspace       used 32389K, committed 33280K, reserved 1114112K
  class space    used 3251K, committed 3648K, reserved 1048576K
}
Event: 19.566 GC heap before
{Heap before GC invocations=17 (full 1):
 PSYoungGen      total 23040K, used 22592K [0x00000000d5580000, 0x00000000d6f80000, 0x0000000100000000)
  eden space 20480K, 100% used [0x00000000d5580000,0x00000000d6980000,0x00000000d6980000)
  from space 2560K, 82% used [0x00000000d6980000,0x00000000d6b90010,0x00000000d6c00000)
  to   space 3072K, 0% used [0x00000000d6c80000,0x00000000d6c80000,0x00000000d6f80000)
 ParOldGen       total 68608K, used 24440K [0x0000000080000000, 0x0000000084300000, 0x00000000d5580000)
  object space 68608K, 35% used [0x0000000080000000,0x00000000817de0e8,0x0000000084300000)
 Metaspace       used 32465K, committed 33344K, reserved 1114112K
  class space    used 3252K, committed 3648K, reserved 1048576K
}
Event: 19.574 GC heap after
{Heap after GC invocations=17 (full 1):
 PSYoungGen      total 22528K, used 1816K [0x00000000d5580000, 0x00000000d6e80000, 0x0000000100000000)
  eden space 20480K, 0% used [0x00000000d5580000,0x00000000d5580000,0x00000000d6980000)
  from space 2048K, 88% used [0x00000000d6c80000,0x00000000d6e46200,0x00000000d6e80000)
  to   space 2048K, 0% used [0x00000000d6a80000,0x00000000d6a80000,0x00000000d6c80000)
 ParOldGen       total 68608K, used 26400K [0x0000000080000000, 0x0000000084300000, 0x00000000d5580000)
  object space 68608K, 38% used [0x0000000080000000,0x00000000819c80f8,0x0000000084300000)
 Metaspace       used 32465K, committed 33344K, reserved 1114112K
  class space    used 3252K, committed 3648K, reserved 1048576K
}
Event: 20.926 GC heap before
{Heap before GC invocations=18 (full 1):
 PSYoungGen      total 22528K, used 22296K [0x00000000d5580000, 0x00000000d6e80000, 0x0000000100000000)
  eden space 20480K, 100% used [0x00000000d5580000,0x00000000d6980000,0x00000000d6980000)
  from space 2048K, 88% used [0x00000000d6c80000,0x00000000d6e46200,0x00000000d6e80000)
  to   space 2048K, 0% used [0x00000000d6a80000,0x00000000d6a80000,0x00000000d6c80000)
 ParOldGen       total 68608K, used 26400K [0x0000000080000000, 0x0000000084300000, 0x00000000d5580000)
  object space 68608K, 38% used [0x0000000080000000,0x00000000819c80f8,0x0000000084300000)
 Metaspace       used 34378K, committed 35328K, reserved 1114112K
  class space    used 3496K, committed 3904K, reserved 1048576K
}
Event: 20.931 GC heap after
{Heap after GC invocations=18 (full 1):
 PSYoungGen      total 22016K, used 1259K [0x00000000d5580000, 0x00000000d6d00000, 0x0000000100000000)
  eden space 20480K, 0% used [0x00000000d5580000,0x00000000d5580000,0x00000000d6980000)
  from space 1536K, 82% used [0x00000000d6a80000,0x00000000d6bbae58,0x00000000d6c00000)
  to   space 1024K, 0% used [0x00000000d6c00000,0x00000000d6c00000,0x00000000d6d00000)
 ParOldGen       total 68608K, used 28128K [0x0000000080000000, 0x0000000084300000, 0x00000000d5580000)
  object space 68608K, 40% used [0x0000000080000000,0x0000000081b782f8,0x0000000084300000)
 Metaspace       used 34378K, committed 35328K, reserved 1114112K
  class space    used 3496K, committed 3904K, reserved 1048576K
}
Event: 22.134 GC heap before
{Heap before GC invocations=19 (full 1):
 PSYoungGen      total 22016K, used 14660K [0x00000000d5580000, 0x00000000d6d00000, 0x0000000100000000)
  eden space 20480K, 65% used [0x00000000d5580000,0x00000000d62962b0,0x00000000d6980000)
  from space 1536K, 82% used [0x00000000d6a80000,0x00000000d6bbae58,0x00000000d6c00000)
  to   space 1024K, 0% used [0x00000000d6c00000,0x00000000d6c00000,0x00000000d6d00000)
 ParOldGen       total 68608K, used 28128K [0x0000000080000000, 0x0000000084300000, 0x00000000d5580000)
  object space 68608K, 40% used [0x0000000080000000,0x0000000081b782f8,0x0000000084300000)
 Metaspace       used 34933K, committed 35840K, reserved 1114112K
  class space    used 3569K, committed 3968K, reserved 1048576K
}
Event: 22.137 GC heap after
{Heap after GC invocations=19 (full 1):
 PSYoungGen      total 20992K, used 424K [0x00000000d5580000, 0x00000000d6c80000, 0x0000000100000000)
  eden space 20480K, 0% used [0x00000000d5580000,0x00000000d5580000,0x00000000d6980000)
  from space 512K, 82% used [0x00000000d6c00000,0x00000000d6c6a010,0x00000000d6c80000)
  to   space 1024K, 0% used [0x00000000d6a80000,0x00000000d6a80000,0x00000000d6b80000)
 ParOldGen       total 68608K, used 29216K [0x0000000080000000, 0x0000000084300000, 0x00000000d5580000)
  object space 68608K, 42% used [0x0000000080000000,0x0000000081c88078,0x0000000084300000)
 Metaspace       used 34933K, committed 35840K, reserved 1114112K
  class space    used 3569K, committed 3968K, reserved 1048576K
}
Event: 22.137 GC heap before
{Heap before GC invocations=20 (full 2):
 PSYoungGen      total 20992K, used 424K [0x00000000d5580000, 0x00000000d6c80000, 0x0000000100000000)
  eden space 20480K, 0% used [0x00000000d5580000,0x00000000d5580000,0x00000000d6980000)
  from space 512K, 82% used [0x00000000d6c00000,0x00000000d6c6a010,0x00000000d6c80000)
  to   space 1024K, 0% used [0x00000000d6a80000,0x00000000d6a80000,0x00000000d6b80000)
 ParOldGen       total 68608K, used 29216K [0x0000000080000000, 0x0000000084300000, 0x00000000d5580000)
  object space 68608K, 42% used [0x0000000080000000,0x0000000081c88078,0x0000000084300000)
 Metaspace       used 34933K, committed 35840K, reserved 1114112K
  class space    used 3569K, committed 3968K, reserved 1048576K
}
Event: 22.214 GC heap after
{Heap after GC invocations=20 (full 2):
 PSYoungGen      total 20992K, used 0K [0x00000000d5580000, 0x00000000d6c80000, 0x0000000100000000)
  eden space 20480K, 0% used [0x00000000d5580000,0x00000000d5580000,0x00000000d6980000)
  from space 512K, 0% used [0x00000000d6c00000,0x00000000d6c00000,0x00000000d6c80000)
  to   space 1024K, 0% used [0x00000000d6a80000,0x00000000d6a80000,0x00000000d6b80000)
 ParOldGen       total 68608K, used 28018K [0x0000000080000000, 0x0000000084300000, 0x00000000d5580000)
  object space 68608K, 40% used [0x0000000080000000,0x0000000081b5cbb0,0x0000000084300000)
 Metaspace       used 34933K, committed 35840K, reserved 1114112K
  class space    used 3569K, committed 3968K, reserved 1048576K
}
Event: 23.086 GC heap before
{Heap before GC invocations=21 (full 2):
 PSYoungGen      total 20992K, used 20480K [0x00000000d5580000, 0x00000000d6c80000, 0x0000000100000000)
  eden space 20480K, 100% used [0x00000000d5580000,0x00000000d6980000,0x00000000d6980000)
  from space 512K, 0% used [0x00000000d6c00000,0x00000000d6c00000,0x00000000d6c80000)
  to   space 1024K, 0% used [0x00000000d6a80000,0x00000000d6a80000,0x00000000d6b80000)
 ParOldGen       total 68608K, used 28018K [0x0000000080000000, 0x0000000084300000, 0x00000000d5580000)
  object space 68608K, 40% used [0x0000000080000000,0x0000000081b5cbb0,0x0000000084300000)
 Metaspace       used 36409K, committed 37376K, reserved 1114112K
  class space    used 3683K, committed 4096K, reserved 1048576K
}
Event: 23.090 GC heap after
{Heap after GC invocations=21 (full 2):
 PSYoungGen      total 21504K, used 1016K [0x00000000d5580000, 0x00000000d6d80000, 0x0000000100000000)
  eden space 20480K, 0% used [0x00000000d5580000,0x00000000d5580000,0x00000000d6980000)
  from space 1024K, 99% used [0x00000000d6a80000,0x00000000d6b7e280,0x00000000d6b80000)
  to   space 2048K, 0% used [0x00000000d6b80000,0x00000000d6b80000,0x00000000d6d80000)
 ParOldGen       total 68608K, used 28703K [0x0000000080000000, 0x0000000084300000, 0x00000000d5580000)
  object space 68608K, 41% used [0x0000000080000000,0x0000000081c07d28,0x0000000084300000)
 Metaspace       used 36409K, committed 37376K, reserved 1114112K
  class space    used 3683K, committed 4096K, reserved 1048576K
}
Event: 23.213 GC heap before
{Heap before GC invocations=22 (full 2):
 PSYoungGen      total 21504K, used 21496K [0x00000000d5580000, 0x00000000d6d80000, 0x0000000100000000)
  eden space 20480K, 100% used [0x00000000d5580000,0x00000000d6980000,0x00000000d6980000)
  from space 1024K, 99% used [0x00000000d6a80000,0x00000000d6b7e280,0x00000000d6b80000)
  to   space 2048K, 0% used [0x00000000d6b80000,0x00000000d6b80000,0x00000000d6d80000)
 ParOldGen       total 68608K, used 28703K [0x0000000080000000, 0x0000000084300000, 0x00000000d5580000)
  object space 68608K, 41% used [0x0000000080000000,0x0000000081c07d28,0x0000000084300000)
 Metaspace       used 36430K, committed 37376K, reserved 1114112K
  class space    used 3683K, committed 4096K, reserved 1048576K
}
Event: 23.215 GC heap after
{Heap after GC invocations=22 (full 2):
 PSYoungGen      total 21504K, used 585K [0x00000000d5580000, 0x00000000d6c80000, 0x0000000100000000)
  eden space 20480K, 0% used [0x00000000d5580000,0x00000000d5580000,0x00000000d6980000)
  from space 1024K, 57% used [0x00000000d6b80000,0x00000000d6c12700,0x00000000d6c80000)
  to   space 1024K, 0% used [0x00000000d6a80000,0x00000000d6a80000,0x00000000d6b80000)
 ParOldGen       total 68608K, used 28943K [0x0000000080000000, 0x0000000084300000, 0x00000000d5580000)
  object space 68608K, 42% used [0x0000000080000000,0x0000000081c43d28,0x0000000084300000)
 Metaspace       used 36430K, committed 37376K, reserved 1114112K
  class space    used 3683K, committed 4096K, reserved 1048576K
}

Dll operation events (10 events):
Event: 0.034 Loaded shared library c:\Users\kalra\.vscode\extensions\redhat.java-1.53.0-win32-x64\jre\21.0.10-win32-x86_64\bin\java.dll
Event: 0.277 Loaded shared library c:\Users\kalra\.vscode\extensions\redhat.java-1.53.0-win32-x64\jre\21.0.10-win32-x86_64\bin\zip.dll
Event: 0.419 Loaded shared library C:\Users\kalra\.vscode\extensions\redhat.java-1.53.0-win32-x64\jre\21.0.10-win32-x86_64\bin\instrument.dll
Event: 0.446 Loaded shared library C:\Users\kalra\.vscode\extensions\redhat.java-1.53.0-win32-x64\jre\21.0.10-win32-x86_64\bin\net.dll
Event: 0.465 Loaded shared library C:\Users\kalra\.vscode\extensions\redhat.java-1.53.0-win32-x64\jre\21.0.10-win32-x86_64\bin\nio.dll
Event: 0.476 Loaded shared library C:\Users\kalra\.vscode\extensions\redhat.java-1.53.0-win32-x64\jre\21.0.10-win32-x86_64\bin\zip.dll
Event: 0.524 Loaded shared library C:\Users\kalra\.vscode\extensions\redhat.java-1.53.0-win32-x64\jre\21.0.10-win32-x86_64\bin\jimage.dll
Event: 0.831 Loaded shared library c:\Users\kalra\.vscode\extensions\redhat.java-1.53.0-win32-x64\jre\21.0.10-win32-x86_64\bin\verify.dll
Event: 6.236 Loaded shared library C:\Users\kalra\AppData\Roaming\Code\User\globalStorage\redhat.java\1.53.0\config_ss_win\org.eclipse.equinox.launcher\org.eclipse.equinox.launcher.win32.win32.x86_64_1.3.0.v20260203-2149\eclipse_11919.dll
Event: 10.235 Loaded shared library C:\Users\kalra\AppData\Local\Temp\jna-101813893\jna17714666507807670335.dll

Deoptimization events (20 events):
Event: 23.119 Thread 0x0000018c9e1bf2c0 Uncommon trap: trap_request=0xffffffde fr.pc=0x0000018c48dff27c relative=0x0000000000006d9c
Event: 23.119 Thread 0x0000018c9e1bf2c0 Uncommon trap: reason=class_check action=maybe_recompile pc=0x0000018c48dff27c method=lombok.patcher.PatchScript$MethodPatcher.visitMethod(ILjava/lang/String;Ljava/lang/String;Ljava/lang/String;[Ljava/lang/String;)Lorg/lombokweb/asm/MethodVisitor; @ 101 c
Event: 23.119 Thread 0x0000018c9e1bf2c0 DEOPT PACKING pc=0x0000018c48dff27c sp=0x00000043808f9b30
Event: 23.119 Thread 0x0000018c9e1bf2c0 DEOPT UNPACKING pc=0x0000018c48743aa2 sp=0x00000043808f9a98 mode 2
Event: 23.119 Thread 0x0000018c9e1bf2c0 Uncommon trap: trap_request=0xffffffde fr.pc=0x0000018c48dff27c relative=0x0000000000006d9c
Event: 23.119 Thread 0x0000018c9e1bf2c0 Uncommon trap: reason=class_check action=maybe_recompile pc=0x0000018c48dff27c method=lombok.patcher.PatchScript$MethodPatcher.visitMethod(ILjava/lang/String;Ljava/lang/String;Ljava/lang/String;[Ljava/lang/String;)Lorg/lombokweb/asm/MethodVisitor; @ 101 c
Event: 23.119 Thread 0x0000018c9e1bf2c0 DEOPT PACKING pc=0x0000018c48dff27c sp=0x00000043808f9b30
Event: 23.119 Thread 0x0000018c9e1bf2c0 DEOPT UNPACKING pc=0x0000018c48743aa2 sp=0x00000043808f9a98 mode 2
Event: 23.119 Thread 0x0000018c9e1bf2c0 Uncommon trap: trap_request=0xffffffde fr.pc=0x0000018c48dff27c relative=0x0000000000006d9c
Event: 23.119 Thread 0x0000018c9e1bf2c0 Uncommon trap: reason=class_check action=maybe_recompile pc=0x0000018c48dff27c method=lombok.patcher.PatchScript$MethodPatcher.visitMethod(ILjava/lang/String;Ljava/lang/String;Ljava/lang/String;[Ljava/lang/String;)Lorg/lombokweb/asm/MethodVisitor; @ 101 c
Event: 23.119 Thread 0x0000018c9e1bf2c0 DEOPT PACKING pc=0x0000018c48dff27c sp=0x00000043808f9b30
Event: 23.119 Thread 0x0000018c9e1bf2c0 DEOPT UNPACKING pc=0x0000018c48743aa2 sp=0x00000043808f9a98 mode 2
Event: 23.119 Thread 0x0000018c9e1bf2c0 Uncommon trap: trap_request=0xffffffde fr.pc=0x0000018c48dc5ce8 relative=0x0000000000003308
Event: 23.119 Thread 0x0000018c9e1bf2c0 Uncommon trap: reason=class_check action=maybe_recompile pc=0x0000018c48dc5ce8 method=lombok.patcher.PatchScript$MethodPatcher.visitMethod(ILjava/lang/String;Ljava/lang/String;Ljava/lang/String;[Ljava/lang/String;)Lorg/lombokweb/asm/MethodVisitor; @ 101 c
Event: 23.119 Thread 0x0000018c9e1bf2c0 DEOPT PACKING pc=0x0000018c48dc5ce8 sp=0x00000043808f9a40
Event: 23.119 Thread 0x0000018c9e1bf2c0 DEOPT UNPACKING pc=0x0000018c48743aa2 sp=0x00000043808f9a98 mode 2
Event: 23.442 Thread 0x0000018c9e1bf2c0 Uncommon trap: trap_request=0xffffffbe fr.pc=0x0000018c48d6686c relative=0x0000000000000b0c
Event: 23.442 Thread 0x0000018c9e1bf2c0 Uncommon trap: reason=profile_predicate action=maybe_recompile pc=0x0000018c48d6686c method=java.util.TreeMap.put(Ljava/lang/Object;Ljava/lang/Object;Z)Ljava/lang/Object; @ 27 c2
Event: 23.442 Thread 0x0000018c9e1bf2c0 DEOPT PACKING pc=0x0000018c48d6686c sp=0x00000043808fc660
Event: 23.442 Thread 0x0000018c9e1bf2c0 DEOPT UNPACKING pc=0x0000018c48743aa2 sp=0x00000043808fc600 mode 2

Classes loaded (20 events):
Event: 17.639 Loading class java/lang/invoke/MethodHandleImpl$Makers$2
Event: 17.639 Loading class java/lang/invoke/MethodHandleImpl$Makers$2 done
Event: 17.639 Loading class java/lang/invoke/MethodHandleImpl$Makers$3
Event: 17.639 Loading class java/lang/invoke/MethodHandleImpl$Makers$3 done
Event: 17.661 Loading class java/lang/runtime/ObjectMethods$1
Event: 17.662 Loading class java/lang/runtime/ObjectMethods$1 done
Event: 18.374 Loading class java/util/AbstractList$ListItr
Event: 18.374 Loading class java/util/AbstractList$ListItr done
Event: 18.401 Loading class java/nio/channels/Channels$ReadableByteChannelImpl
Event: 18.402 Loading class java/nio/channels/Channels$ReadableByteChannelImpl done
Event: 18.404 Loading class java/nio/channels/NonWritableChannelException
Event: 18.404 Loading class java/nio/channels/NonWritableChannelException done
Event: 19.817 Loading class java/lang/ExceptionInInitializerError
Event: 19.817 Loading class java/lang/ExceptionInInitializerError done
Event: 20.187 Loading class sun/misc/Unsafe
Event: 20.188 Loading class sun/misc/Unsafe done
Event: 21.745 Loading class java/util/Vector$1
Event: 21.745 Loading class java/util/Vector$1 done
Event: 22.809 Loading class java/util/regex/Pattern$Caret
Event: 22.809 Loading class java/util/regex/Pattern$Caret done

Classes unloaded (7 events):
Event: 12.927 Thread 0x0000018c3e060c10 Unloading class 0x0000018c5618cc00 'java/lang/invoke/LambdaForm$MH+0x0000018c5618cc00'
Event: 12.927 Thread 0x0000018c3e060c10 Unloading class 0x0000018c5618c800 'java/lang/invoke/LambdaForm$MH+0x0000018c5618c800'
Event: 12.927 Thread 0x0000018c3e060c10 Unloading class 0x0000018c5618c400 'java/lang/invoke/LambdaForm$MH+0x0000018c5618c400'
Event: 12.927 Thread 0x0000018c3e060c10 Unloading class 0x0000018c5618c000 'java/lang/invoke/LambdaForm$MH+0x0000018c5618c000'
Event: 12.927 Thread 0x0000018c3e060c10 Unloading class 0x0000018c5618bc00 'java/lang/invoke/LambdaForm$BMH+0x0000018c5618bc00'
Event: 12.927 Thread 0x0000018c3e060c10 Unloading class 0x0000018c5618b800 'java/lang/invoke/LambdaForm$DMH+0x0000018c5618b800'
Event: 12.927 Thread 0x0000018c3e060c10 Unloading class 0x0000018c5618a400 'java/lang/invoke/LambdaForm$DMH+0x0000018c5618a400'

Classes redefined (0 events):
No events

Internal exceptions (20 events):
Event: 14.819 Thread 0x0000018c3bb29d30 Exception <a 'java/lang/NoSuchMethodError'{0x00000000d5f8b240}: 'void java.lang.invoke.DirectMethodHandle$Holder.invokeSpecial(java.lang.Object, java.lang.Object, java.lang.Object, java.lang.Object, java.lang.Object, java.lang.Object)'> (0x00000000d5f8b240) 
thrown [s\src\hotspot\share\interpreter\linkResolver.cpp, line 773]
Event: 14.821 Thread 0x0000018c3bb29d30 Exception <a 'java/lang/IncompatibleClassChangeError'{0x00000000d5f93380}: Found class java.lang.Object, but interface was expected> (0x00000000d5f93380) 
thrown [s\src\hotspot\share\interpreter\linkResolver.cpp, line 840]
Event: 14.822 Thread 0x0000018c3bb29d30 Exception <a 'java/lang/IncompatibleClassChangeError'{0x00000000d5f95130}: Found class java.lang.Object, but interface was expected> (0x00000000d5f95130) 
thrown [s\src\hotspot\share\interpreter\linkResolver.cpp, line 840]
Event: 16.191 Thread 0x0000018c9e1bf2c0 Exception <a 'java/lang/NoSuchMethodError'{0x00000000d68ef6a0}: 'java.lang.Object java.lang.invoke.DirectMethodHandle$Holder.invokeInterface(java.lang.Object, java.lang.Object, java.lang.Object)'> (0x00000000d68ef6a0) 
thrown [s\src\hotspot\share\interpreter\linkResolver.cpp, line 773]
Event: 16.244 Thread 0x0000018c9e1bf2c0 Exception <a 'java/io/FileNotFoundException'{0x00000000d6990968}> (0x00000000d6990968) 
thrown [s\src\hotspot\share\prims\jni.cpp, line 520]
Event: 16.365 Thread 0x0000018c9e1bf2c0 Exception <a 'sun/nio/fs/WindowsException'{0x00000000d58786f0}> (0x00000000d58786f0) 
thrown [s\src\hotspot\share\prims\jni.cpp, line 520]
Event: 16.809 Thread 0x0000018c9e1bf2c0 Exception <a 'java/lang/IncompatibleClassChangeError'{0x00000000d5be2470}: Found class java.lang.Object, but interface was expected> (0x00000000d5be2470) 
thrown [s\src\hotspot\share\interpreter\linkResolver.cpp, line 840]
Event: 17.183 Thread 0x0000018c9e1bf2c0 Implicit null exception at 0x0000018c48e2db26 to 0x0000018c48e2ddf4
Event: 17.184 Thread 0x0000018c9e1bf2c0 Exception <a 'java/lang/NoSuchMethodError'{0x00000000d609a788}: 'long java.lang.invoke.DirectMethodHandle$Holder.invokeStatic(java.lang.Object, java.lang.Object, int)'> (0x00000000d609a788) 
thrown [s\src\hotspot\share\interpreter\linkResolver.cpp, line 773]
Event: 17.186 Thread 0x0000018c9e1bf2c0 Exception <a 'java/lang/NoSuchMethodError'{0x00000000d60a4d88}: 'java.lang.Object java.lang.invoke.DelegatingMethodHandle$Holder.reinvoke_L(java.lang.Object, int, long, java.lang.Object, java.lang.Object, int, java.lang.Object)'> (0x00000000d60a4d88) 
thrown [s\src\hotspot\share\interpreter\linkResolver.cpp, line 773]
Event: 17.636 Thread 0x0000018c9e1bf2c0 Exception <a 'java/lang/NoSuchMethodError'{0x00000000d6673ef0}: 'java.lang.Object java.lang.invoke.DirectMethodHandle$Holder.invokeStaticInit(java.lang.Object, java.lang.Object, java.lang.Object, java.lang.Object, java.lang.Object, java.lang.Object, java.lang.Object)'> (0x00000000d6673ef0) 
thrown [s\src\hotspot\share\interpreter\linkResolver.cpp, line 773]
Event: 17.637 Thread 0x0000018c9e1bf2c0 Exception <a 'java/lang/NoSuchMethodError'{0x00000000d6678e98}: 'java.lang.Object java.lang.invoke.Invokers$Holder.invoke_MT(java.lang.Object, java.lang.Object, java.lang.Object, java.lang.Object, java.lang.Object, java.lang.Object, java.lang.Object, java.lang.Object, java.lang.Object, java.lang.Object)'> (0x00000000d6678e98) 
thrown [s\src\hotspot\share\interpreter\linkResolver.cpp, line 773]
Event: 17.662 Thread 0x0000018c9e1bf2c0 Exception <a 'java/lang/NoSuchMethodError'{0x00000000d66b9090}: 'int java.lang.invoke.DirectMethodHandle$Holder.invokeVirtual(java.lang.Object, java.lang.Object, java.lang.Object)'> (0x00000000d66b9090) 
thrown [s\src\hotspot\share\interpreter\linkResolver.cpp, line 773]
Event: 17.664 Thread 0x0000018c9e1bf2c0 Exception <a 'java/lang/NoSuchMethodError'{0x00000000d66bd438}: 'int java.lang.invoke.DirectMethodHandle$Holder.invokeStaticInit(java.lang.Object, int, int)'> (0x00000000d66bd438) 
thrown [s\src\hotspot\share\interpreter\linkResolver.cpp, line 773]
Event: 17.665 Thread 0x0000018c9e1bf2c0 Exception <a 'java/lang/NoSuchMethodError'{0x00000000d66c5008}: 'int java.lang.invoke.DirectMethodHandle$Holder.invokeStaticInit(java.lang.Object, long, long)'> (0x00000000d66c5008) 
thrown [s\src\hotspot\share\interpreter\linkResolver.cpp, line 773]
Event: 17.668 Thread 0x0000018c9e1bf2c0 Exception <a 'java/lang/NoSuchMethodError'{0x00000000d66cbd50}: 'int java.lang.invoke.DirectMethodHandle$Holder.invokeStaticInit(java.lang.Object, float, float)'> (0x00000000d66cbd50) 
thrown [s\src\hotspot\share\interpreter\linkResolver.cpp, line 773]
Event: 17.670 Thread 0x0000018c9e1bf2c0 Exception <a 'java/lang/NoSuchMethodError'{0x00000000d66d2a90}: 'int java.lang.invoke.DirectMethodHandle$Holder.invokeStaticInit(java.lang.Object, double, double)'> (0x00000000d66d2a90) 
thrown [s\src\hotspot\share\interpreter\linkResolver.cpp, line 773]
Event: 17.671 Thread 0x0000018c9e1bf2c0 Exception <a 'java/lang/NoSuchMethodError'{0x00000000d66d72a8}: 'int java.lang.invoke.DirectMethodHandle$Holder.invokeStatic(java.lang.Object, long)'> (0x00000000d66d72a8) 
thrown [s\src\hotspot\share\interpreter\linkResolver.cpp, line 773]
Event: 17.685 Thread 0x0000018c9e1bf2c0 Exception <a 'java/lang/NoSuchMethodError'{0x00000000d66f6450}: 'int java.lang.invoke.Invokers$Holder.linkToTargetMethod(java.lang.Object, java.lang.Object)'> (0x00000000d66f6450) 
thrown [s\src\hotspot\share\interpreter\linkResolver.cpp, line 773]
Event: 20.215 Thread 0x0000018c9e1bf2c0 Exception <a 'java/lang/NoSuchMethodError'{0x00000000d644df18}: 'java.lang.Object java.lang.invoke.DirectMethodHandle$Holder.invokeVirtual(java.lang.Object, java.lang.Object, int)'> (0x00000000d644df18) 
thrown [s\src\hotspot\share\interpreter\linkResolver.cpp, line 773]

ZGC Phase Switch (0 events):
No events

VM Operations (20 events):
Event: 18.552 Executing safepoint VM operation: ParallelGCFailedAllocation (Allocation Failure)
Event: 18.564 Executing safepoint VM operation: ParallelGCFailedAllocation (Allocation Failure) done
Event: 18.952 Executing safepoint VM operation: ParallelGCFailedAllocation (Allocation Failure)
Event: 18.964 Executing safepoint VM operation: ParallelGCFailedAllocation (Allocation Failure) done
Event: 19.143 Executing safepoint VM operation: ParallelGCFailedAllocation (Allocation Failure)
Event: 19.151 Executing safepoint VM operation: ParallelGCFailedAllocation (Allocation Failure) done
Event: 19.402 Executing safepoint VM operation: ParallelGCFailedAllocation (Allocation Failure)
Event: 19.413 Executing safepoint VM operation: ParallelGCFailedAllocation (Allocation Failure) done
Event: 19.566 Executing safepoint VM operation: ParallelGCFailedAllocation (Allocation Failure)
Event: 19.574 Executing safepoint VM operation: ParallelGCFailedAllocation (Allocation Failure) done
Event: 20.283 Executing non-safepoint VM operation: HandshakeAllThreads (Deoptimize)
Event: 20.283 Executing non-safepoint VM operation: HandshakeAllThreads (Deoptimize) done
Event: 20.925 Executing safepoint VM operation: ParallelGCFailedAllocation (Allocation Failure)
Event: 20.931 Executing safepoint VM operation: ParallelGCFailedAllocation (Allocation Failure) done
Event: 22.134 Executing safepoint VM operation: CollectForMetadataAllocation (Metadata GC Threshold)
Event: 22.214 Executing safepoint VM operation: CollectForMetadataAllocation (Metadata GC Threshold) done
Event: 23.086 Executing safepoint VM operation: ParallelGCFailedAllocation (Allocation Failure)
Event: 23.090 Executing safepoint VM operation: ParallelGCFailedAllocation (Allocation Failure) done
Event: 23.212 Executing safepoint VM operation: ParallelGCFailedAllocation (Allocation Failure)
Event: 23.215 Executing safepoint VM operation: ParallelGCFailedAllocation (Allocation Failure) done

Memory protections (0 events):
No events

Nmethod flushes (20 events):
Event: 22.172 Thread 0x0000018c3e060c10 flushing  nmethod 0x0000018c414f7c10
Event: 22.172 Thread 0x0000018c3e060c10 flushing  nmethod 0x0000018c414f9810
Event: 22.172 Thread 0x0000018c3e060c10 flushing  nmethod 0x0000018c414ff610
Event: 22.172 Thread 0x0000018c3e060c10 flushing  nmethod 0x0000018c4151c290
Event: 22.172 Thread 0x0000018c3e060c10 flushing  nmethod 0x0000018c41532a90
Event: 22.172 Thread 0x0000018c3e060c10 flushing  nmethod 0x0000018c41533710
Event: 22.172 Thread 0x0000018c3e060c10 flushing  nmethod 0x0000018c41538590
Event: 22.172 Thread 0x0000018c3e060c10 flushing  nmethod 0x0000018c41546a90
Event: 22.172 Thread 0x0000018c3e060c10 flushing  nmethod 0x0000018c4159c510
Event: 22.172 Thread 0x0000018c3e060c10 flushing  nmethod 0x0000018c415ef410
Event: 22.172 Thread 0x0000018c3e060c10 flushing  nmethod 0x0000018c415f1e10
Event: 22.172 Thread 0x0000018c3e060c10 flushing  nmethod 0x0000018c41613310
Event: 22.172 Thread 0x0000018c3e060c10 flushing  nmethod 0x0000018c41619a90
Event: 22.172 Thread 0x0000018c3e060c10 flushing  nmethod 0x0000018c4161cb10
Event: 22.172 Thread 0x0000018c3e060c10 flushing  nmethod 0x0000018c4165a490
Event: 22.172 Thread 0x0000018c3e060c10 flushing  nmethod 0x0000018c4169ce10
Event: 22.172 Thread 0x0000018c3e060c10 flushing  nmethod 0x0000018c4169d210
Event: 22.172 Thread 0x0000018c3e060c10 flushing  nmethod 0x0000018c4169db90
Event: 22.172 Thread 0x0000018c3e060c10 flushing  nmethod 0x0000018c416acc10
Event: 22.172 Thread 0x0000018c3e060c10 flushing  nmethod 0x0000018c416b3990

Events (20 events):
Event: 14.335 Thread 0x0000018c3bb29d30 Thread added: 0x0000018c9c0abce0
Event: 14.336 Thread 0x0000018c3bb29d30 Thread added: 0x0000018c9c0a8860
Event: 14.336 Thread 0x0000018c3bb29d30 Thread added: 0x0000018c9c0ac370
Event: 14.336 Thread 0x0000018c3bb29d30 Thread added: 0x0000018c9c0a9580
Event: 14.337 Thread 0x0000018c3bb29d30 Thread added: 0x0000018c9c0a9c10
Event: 14.337 Thread 0x0000018c3bb29d30 Thread added: 0x0000018c9c0aa2a0
Event: 14.337 Thread 0x0000018c3bb29d30 Thread added: 0x0000018c9c0aa930
Event: 14.337 Thread 0x0000018c3bb29d30 Thread added: 0x0000018c9c0aafc0
Event: 14.337 Thread 0x0000018c3bb29d30 Thread added: 0x0000018c9c0ab650
Event: 14.337 Thread 0x0000018c3bb29d30 Thread added: 0x0000018c9e1bec30
Event: 14.404 Thread 0x0000018c3bb29d30 Thread added: 0x0000018c9e1bffe0
Event: 14.643 Thread 0x0000018c9c0a53e0 Thread added: 0x0000018c9e1bf950
Event: 14.868 Thread 0x0000018c3bb29d30 Thread added: 0x0000018c9e1c0670
Event: 14.868 Thread 0x0000018c3bb29d30 Thread added: 0x0000018c9e1bf2c0
Event: 15.737 Thread 0x0000018c9cc1e5c0 Thread exited: 0x0000018c9cc1e5c0
Event: 17.358 Thread 0x0000018c3e06ea70 Thread added: 0x0000018c9caa5170
Event: 18.480 Thread 0x0000018c96d536e0 Thread added: 0x0000018c9d2be0e0
Event: 20.016 Thread 0x0000018c9d2be0e0 Thread exited: 0x0000018c9d2be0e0
Event: 20.344 Thread 0x0000018c9caa5170 Thread exited: 0x0000018c9caa5170
Event: 23.105 Thread 0x0000018c96d536e0 Thread added: 0x0000018c9c6eb5a0


Dynamic libraries:
0x00007ff7865b0000 - 0x00007ff7865be000 	c:\Users\kalra\.vscode\extensions\redhat.java-1.53.0-win32-x64\jre\21.0.10-win32-x86_64\bin\java.exe
0x00007ff8e0ea0000 - 0x00007ff8e1107000 	C:\WINDOWS\SYSTEM32\ntdll.dll
0x00007ff8e0c10000 - 0x00007ff8e0cd9000 	C:\WINDOWS\System32\KERNEL32.DLL
0x00007ff8de790000 - 0x00007ff8deb81000 	C:\WINDOWS\System32\KERNELBASE.dll
0x00007ff8dd9b0000 - 0x00007ff8ddafb000 	C:\WINDOWS\System32\ucrtbase.dll
0x00007ff8c9920000 - 0x00007ff8c9938000 	c:\Users\kalra\.vscode\extensions\redhat.java-1.53.0-win32-x64\jre\21.0.10-win32-x86_64\bin\jli.dll
0x00007ff8e0330000 - 0x00007ff8e04f5000 	C:\WINDOWS\System32\USER32.dll
0x00007ff8c95c0000 - 0x00007ff8c95de000 	c:\Users\kalra\.vscode\extensions\redhat.java-1.53.0-win32-x64\jre\21.0.10-win32-x86_64\bin\VCRUNTIME140.dll
0x00007ff8dd810000 - 0x00007ff8dd837000 	C:\WINDOWS\System32\win32u.dll
0x00007ff8e0510000 - 0x00007ff8e053b000 	C:\WINDOWS\System32\GDI32.dll
0x00007ff8de5b0000 - 0x00007ff8de6db000 	C:\WINDOWS\System32\gdi32full.dll
0x00007ff8c4eb0000 - 0x00007ff8c5143000 	C:\WINDOWS\WinSxS\amd64_microsoft.windows.common-controls_6595b64144ccf1df_6.0.26100.8037_none_3e092faae333b53b\COMCTL32.dll
0x00007ff8deb90000 - 0x00007ff8dec33000 	C:\WINDOWS\System32\msvcp_win.dll
0x00007ff8e0140000 - 0x00007ff8e01e9000 	C:\WINDOWS\System32\msvcrt.dll
0x00007ff8e0b70000 - 0x00007ff8e0ba1000 	C:\WINDOWS\System32\IMM32.DLL
0x00007ff8cccb0000 - 0x00007ff8cccbc000 	c:\Users\kalra\.vscode\extensions\redhat.java-1.53.0-win32-x64\jre\21.0.10-win32-x86_64\bin\vcruntime140_1.dll
0x00007ff8901f0000 - 0x00007ff89027d000 	c:\Users\kalra\.vscode\extensions\redhat.java-1.53.0-win32-x64\jre\21.0.10-win32-x86_64\bin\msvcp140.dll
0x00007ff851b30000 - 0x00007ff8528d1000 	c:\Users\kalra\.vscode\extensions\redhat.java-1.53.0-win32-x64\jre\21.0.10-win32-x86_64\bin\server\jvm.dll
0x00007ff8e0270000 - 0x00007ff8e032b000 	C:\WINDOWS\System32\ADVAPI32.dll
0x00007ff8e0960000 - 0x00007ff8e0a07000 	C:\WINDOWS\System32\sechost.dll
0x00007ff8dfc60000 - 0x00007ff8dfd78000 	C:\WINDOWS\System32\RPCRT4.dll
0x00007ff8e05b0000 - 0x00007ff8e0624000 	C:\WINDOWS\System32\WS2_32.dll
0x00007ff8dd5e0000 - 0x00007ff8dd63e000 	C:\WINDOWS\SYSTEM32\POWRPROF.dll
0x00007ff8d7020000 - 0x00007ff8d7055000 	C:\WINDOWS\SYSTEM32\WINMM.dll
0x00007ff8d7060000 - 0x00007ff8d706b000 	C:\WINDOWS\SYSTEM32\VERSION.dll
0x00007ff8dd5c0000 - 0x00007ff8dd5d4000 	C:\WINDOWS\SYSTEM32\UMPDC.dll
0x00007ff8dc510000 - 0x00007ff8dc52b000 	C:\WINDOWS\SYSTEM32\kernel.appcore.dll
0x00007ff8c47f0000 - 0x00007ff8c47fa000 	c:\Users\kalra\.vscode\extensions\redhat.java-1.53.0-win32-x64\jre\21.0.10-win32-x86_64\bin\jimage.dll
0x00007ff8d2f10000 - 0x00007ff8d3152000 	C:\WINDOWS\SYSTEM32\DBGHELP.DLL
0x00007ff8dfdb0000 - 0x00007ff8e0132000 	C:\WINDOWS\System32\combase.dll
0x00007ff8e0730000 - 0x00007ff8e0807000 	C:\WINDOWS\System32\OLEAUT32.dll
0x00007ff8c1bf0000 - 0x00007ff8c1c2b000 	C:\WINDOWS\SYSTEM32\dbgcore.DLL
0x00007ff8de6e0000 - 0x00007ff8de785000 	C:\WINDOWS\System32\bcryptPrimitives.dll
0x00007ff8c47e0000 - 0x00007ff8c47ef000 	c:\Users\kalra\.vscode\extensions\redhat.java-1.53.0-win32-x64\jre\21.0.10-win32-x86_64\bin\instrument.dll
0x00007ff8c47c0000 - 0x00007ff8c47e0000 	c:\Users\kalra\.vscode\extensions\redhat.java-1.53.0-win32-x64\jre\21.0.10-win32-x86_64\bin\java.dll
0x00007ff8df4f0000 - 0x00007ff8dfc4f000 	C:\WINDOWS\System32\SHELL32.dll
0x00007ff8dd840000 - 0x00007ff8dd9aa000 	C:\WINDOWS\System32\wintypes.dll
0x00007ff8ddbc0000 - 0x00007ff8de424000 	C:\WINDOWS\System32\windows.storage.dll
0x00007ff8e0630000 - 0x00007ff8e0727000 	C:\WINDOWS\System32\SHCORE.dll
0x00007ff8e0540000 - 0x00007ff8e05a7000 	C:\WINDOWS\System32\shlwapi.dll
0x00007ff8dd6a0000 - 0x00007ff8dd6c9000 	C:\WINDOWS\SYSTEM32\profapi.dll
0x00007ff8c3c50000 - 0x00007ff8c3c68000 	c:\Users\kalra\.vscode\extensions\redhat.java-1.53.0-win32-x64\jre\21.0.10-win32-x86_64\bin\zip.dll
0x00007ff8c0090000 - 0x00007ff8c00a0000 	C:\Users\kalra\.vscode\extensions\redhat.java-1.53.0-win32-x64\jre\21.0.10-win32-x86_64\bin\net.dll
0x00007ff8d6e90000 - 0x00007ff8d6fb7000 	C:\WINDOWS\SYSTEM32\WINHTTP.dll
0x00007ff8dca80000 - 0x00007ff8dcaeb000 	C:\WINDOWS\system32\mswsock.dll
0x00007ff8b8b50000 - 0x00007ff8b8b66000 	C:\Users\kalra\.vscode\extensions\redhat.java-1.53.0-win32-x64\jre\21.0.10-win32-x86_64\bin\nio.dll
0x00007ff8bad50000 - 0x00007ff8bad60000 	c:\Users\kalra\.vscode\extensions\redhat.java-1.53.0-win32-x64\jre\21.0.10-win32-x86_64\bin\verify.dll
0x00007ff888910000 - 0x00007ff888955000 	C:\Users\kalra\AppData\Roaming\Code\User\globalStorage\redhat.java\1.53.0\config_ss_win\org.eclipse.equinox.launcher\org.eclipse.equinox.launcher.win32.win32.x86_64_1.3.0.v20260203-2149\eclipse_11919.dll
0x00007ff8dec40000 - 0x00007ff8dedd5000 	C:\WINDOWS\System32\ole32.dll
0x00007ff8dcd60000 - 0x00007ff8dcd7b000 	C:\WINDOWS\SYSTEM32\CRYPTSP.dll
0x00007ff8dc470000 - 0x00007ff8dc4a9000 	C:\WINDOWS\system32\rsaenh.dll
0x00007ff8dcb30000 - 0x00007ff8dcb62000 	C:\WINDOWS\SYSTEM32\USERENV.dll
0x00007ff8dd670000 - 0x00007ff8dd69a000 	C:\WINDOWS\SYSTEM32\bcrypt.dll
0x00007ff8dcd80000 - 0x00007ff8dcd8c000 	C:\WINDOWS\SYSTEM32\CRYPTBASE.dll
0x00007ff8dbee0000 - 0x00007ff8dbf13000 	C:\WINDOWS\SYSTEM32\IPHLPAPI.DLL
0x00007ff8e0500000 - 0x00007ff8e050a000 	C:\WINDOWS\System32\NSI.dll
0x00007ff8878a0000 - 0x00007ff8878e9000 	C:\Users\kalra\AppData\Local\Temp\jna-101813893\jna17714666507807670335.dll
0x00007ff8e0e50000 - 0x00007ff8e0e58000 	C:\WINDOWS\System32\PSAPI.DLL
0x00007ff8d88d0000 - 0x00007ff8d88ed000 	C:\WINDOWS\SYSTEM32\dhcpcsvc6.DLL
0x00007ff8d8670000 - 0x00007ff8d8693000 	C:\WINDOWS\SYSTEM32\dhcpcsvc.DLL

JVMTI agents:
c:\Users\kalra\.vscode\extensions\redhat.java-1.53.0-win32-x64\lombok\lombok-1.18.39-4050.jar path:c:\Users\kalra\.vscode\extensions\redhat.java-1.53.0-win32-x64\jre\21.0.10-win32-x86_64\bin\instrument.dll, loaded, initialized, instrumentlib options:none

dbghelp: loaded successfully - version: 4.0.5 - missing functions: none
symbol engine: initialized successfully - sym options: 0x614 - pdb path: .;c:\Users\kalra\.vscode\extensions\redhat.java-1.53.0-win32-x64\jre\21.0.10-win32-x86_64\bin;C:\WINDOWS\SYSTEM32;C:\WINDOWS\WinSxS\amd64_microsoft.windows.common-controls_6595b64144ccf1df_6.0.26100.8037_none_3e092faae333b53b;c:\Users\kalra\.vscode\extensions\redhat.java-1.53.0-win32-x64\jre\21.0.10-win32-x86_64\bin\server;C:\Users\kalra\AppData\Roaming\Code\User\globalStorage\redhat.java\1.53.0\config_ss_win\org.eclipse.equinox.launcher\org.eclipse.equinox.launcher.win32.win32.x86_64_1.3.0.v20260203-2149;C:\Users\kalra\AppData\Local\Temp\jna-101813893

VM Arguments:
jvm_args: --add-modules=ALL-SYSTEM --add-opens=java.base/java.util=ALL-UNNAMED --add-opens=java.base/java.lang=ALL-UNNAMED --add-opens=java.base/sun.nio.fs=ALL-UNNAMED -Declipse.application=org.eclipse.jdt.ls.core.id1 -Dosgi.bundles.defaultStartLevel=4 -Declipse.product=org.eclipse.jdt.ls.core.product -Djava.import.generatesMetadataFilesAtProjectRoot=false -DDetectVMInstallationsJob.disabled=true -Dfile.encoding=utf8 -XX:+UseParallelGC -XX:GCTimeRatio=4 -XX:AdaptiveSizePolicyWeight=90 -Dsun.zip.disableMemoryMapping=true -Xmx2G -Xms100m -Xlog:disable -javaagent:c:\Users\kalra\.vscode\extensions\redhat.java-1.53.0-win32-x64\lombok\lombok-1.18.39-4050.jar 
java_command: c:\Users\kalra\.vscode\extensions\redhat.java-1.53.0-win32-x64\server\plugins\org.eclipse.equinox.launcher_1.7.100.v20251111-0406.jar -configuration c:\Users\kalra\AppData\Roaming\Code\User\globalStorage\redhat.java\1.53.0\config_ss_win -data c:\Users\kalra\AppData\Roaming\Code\User\workspaceStorage\4fda5c3b26c15e0cb27154c0e992db6d\redhat.java\ss_ws --pipe=\\.\pipe\lsp-78568f629aab0a249d5f7dd896948e6f-sock
java_class_path (initial): c:\Users\kalra\.vscode\extensions\redhat.java-1.53.0-win32-x64\server\plugins\org.eclipse.equinox.launcher_1.7.100.v20251111-0406.jar
Launcher Type: SUN_STANDARD

[Global flags]
    uintx AdaptiveSizePolicyWeight                 = 90                                        {product} {command line}
     intx CICompilerCount                          = 4                                         {product} {ergonomic}
    uintx GCTimeRatio                              = 4                                         {product} {command line}
   size_t InitialHeapSize                          = 104857600                                 {product} {command line}
   size_t MaxHeapSize                              = 2147483648                                {product} {command line}
   size_t MaxNewSize                               = 715653120                                 {product} {ergonomic}
   size_t MinHeapDeltaBytes                        = 524288                                    {product} {ergonomic}
   size_t MinHeapSize                              = 104857600                                 {product} {command line}
   size_t NewSize                                  = 34603008                                  {product} {ergonomic}
    uintx NonNMethodCodeHeapSize                   = 5839372                                {pd product} {ergonomic}
    uintx NonProfiledCodeHeapSize                  = 122909434                              {pd product} {ergonomic}
   size_t OldSize                                  = 70254592                                  {product} {ergonomic}
    uintx ProfiledCodeHeapSize                     = 122909434                              {pd product} {ergonomic}
    uintx ReservedCodeCacheSize                    = 251658240                              {pd product} {ergonomic}
     bool SegmentedCodeCache                       = true                                      {product} {ergonomic}
   size_t SoftMaxHeapSize                          = 2147483648                             {manageable} {ergonomic}
     bool UseCompressedOops                        = true                           {product lp64_product} {ergonomic}
     bool UseLargePagesIndividualAllocation        = false                                  {pd product} {ergonomic}
     bool UseParallelGC                            = true                                      {product} {command line}

Logging:
Log output configuration:
 #0: stdout all=off uptime,level,tags foldmultilines=false
 #1: stderr all=off uptime,level,tags foldmultilines=false

Release file:
JAVA_VERSION="21.0.10" 
MODULES="java.base java.compiler java.datatransfer java.xml java.prefs java.desktop java.instrument java.logging java.management java.security.sasl java.naming java.rmi java.management.rmi java.net.http java.scripting java.security.jgss java.transaction.xa java.sql java.sql.rowset java.xml.crypto java.se java.smartcardio jdk.accessibility jdk.internal.jvmstat jdk.attach jdk.charsets jdk.internal.opt jdk.zipfs jdk.compiler jdk.crypto.ec jdk.crypto.cryptoki jdk.crypto.mscapi jdk.dynalink jdk.internal.ed jdk.editpad jdk.hotspot.agent jdk.httpserver jdk.internal.le jdk.internal.vm.ci jdk.internal.vm.compiler jdk.internal.vm.compiler.management jdk.jartool jdk.javadoc jdk.jcmd jdk.management jdk.management.agent jdk.jconsole jdk.jdeps jdk.jdwp.agent jdk.jdi jdk.jfr jdk.jshell jdk.jsobject jdk.jstatd jdk.localedata jdk.management.jfr jdk.naming.dns jdk.naming.rmi jdk.net jdk.nio.mapmode jdk.random jdk.sctp jdk.security.auth jdk.security.jgss jdk.unsupported jdk.unsupported.desktop jdk.xml.dom" 

Environment Variables:
PATH=C:\Users\kalra\AppData\Local\Programs\Microsoft VS Code;C:\Python314\Scripts\;C:\Python314\;C:\Program Files\nodejs\;C:\ProgramData\chocolatey\bin;D:\Git\cmd;C:\Users\kalra\AppData\Local\Programs\Python\Python313\Scripts\;C:\Users\kalra\AppData\Local\Programs\Python\Python313\;C:\Program Files\MySQL\MySQL Shell 8.0\bin\;C:\Users\kalra\AppData\Local\Programs\Python\Python312\Scripts\;C:\Users\kalra\AppData\Local\Programs\Python\Python312\;C:\Users\kalra\AppData\Local\Microsoft\WindowsApps;C:\Users\kalra\AppData\Local\Programs\Microsoft VS Code\bin;C:\Program Files\Azure Data Studio\bin;%JAVA_HOME%\bin;C:\Program Files\Maven\apache-maven-3.9.11\bin;C:\Program Files\MySQL\MySQL Server 8.0\bin;C:\Users\kalra\AppData\Roaming\npm;C:\Users\kalra\Downloads\flutter_windows_3.41.4-stable\flutter\bin;C:\Windows\System32;C:\Program Files\Git\cmd;C:\Windows\System32\WindowsPowerShell\v1.0\;
USERNAME=kalra
OS=Windows_NT
PROCESSOR_IDENTIFIER=AMD64 Family 23 Model 104 Stepping 1, AuthenticAMD
TMP=C:\Users\kalra\AppData\Local\Temp
TEMP=C:\Users\kalra\AppData\Local\Temp




Periodic native trim disabled

---------------  S Y S T E M  ---------------

OS:
 Windows 11 , 64 bit Build 26100 (10.0.26100.7920)
OS uptime: 0 days 13:31 hours
Hyper-V role detected

CPU: total 12 (initial active 12) (12 cores per cpu, 2 threads per core) family 23 model 104 stepping 1 microcode 0x8608107, cx8, cmov, fxsr, ht, mmx, 3dnowpref, sse, sse2, sse3, ssse3, sse4a, sse4.1, sse4.2, popcnt, lzcnt, tsc, tscinvbit, avx, avx2, aes, clmul, bmi1, bmi2, adx, sha, fma, vzeroupper, clflush, clflushopt, hv, rdtscp, rdpid, f16c
Processor Information for the first 12 processors :
  Max Mhz: 2100, Current Mhz: 2100, Mhz Limit: 2100

Memory: 4k page, system-wide physical 7501M (547M free)
TotalPageFile size 20426M (AvailPageFile size 31M)
current process WorkingSet (physical memory assigned to process): 178M, peak: 183M
current process commit charge ("private bytes"): 307M, peak: 308M

vm_info: OpenJDK 64-Bit Server VM (21.0.10+7-LTS) for windows-amd64 JRE (21.0.10+7-LTS), built on 2026-01-20T00:00:00Z by "admin" with MS VC++ 17.12 (VS2022)

END.
