#
# There is insufficient memory for the Java Runtime Environment to continue.
# Native memory allocation (mmap) failed to map 65536 bytes. Error detail: Failed to commit metaspace.
# Possible reasons:
#   The system is out of physical RAM or swap space
#   This process is running with CompressedOops enabled, and the Java Heap may be blocking the growth of the native heap
# Possible solutions:
#   Reduce memory load on the system
#   Increase physical memory or swap space
#   Check if swap backing store is full
#   Decrease Java heap size (-Xmx/-Xms)
#   Decrease number of Java threads
#   Decrease Java thread stack sizes (-Xss)
#   Set larger code cache with -XX:ReservedCodeCacheSize=
#
Time: Sun Mar 29 16:01:11 2026 India Standard Time elapsed time: 4.769419 seconds (0d 0h 0m 4s)

---------------  T H R E A D  ---------------

Current thread (0x000002425f132c10):  JavaThread "Start Level: Equinox Container: 59ea13c6-6b31-4290-aeb0-6465c685d3a0" daemon [_thread_in_vm, id=23500, stack(0x00000065ccb00000,0x00000065ccc00000) (1024K)]

Stack: [0x00000065ccb00000,0x00000065ccc00000]
Native frames: (J=compiled Java code, j=interpreted, Vv=VM code, C=native code)
V  [jvm.dll+0x6d7a39]
V  [jvm.dll+0x8b4b26]
V  [jvm.dll+0x8b70de]
V  [jvm.dll+0x8b77c3]
V  [jvm.dll+0x284346]
V  [jvm.dll+0x8b086e]
V  [jvm.dll+0x679444]
V  [jvm.dll+0x1e82bb]
V  [jvm.dll+0x1e807e]
V  [jvm.dll+0x67bd42]
V  [jvm.dll+0x67bb72]
V  [jvm.dll+0x679e1e]
V  [jvm.dll+0x26f614]
V  [jvm.dll+0x219f3f]
V  [jvm.dll+0x20f62e]
V  [jvm.dll+0x5b644f]
V  [jvm.dll+0x82ead6]
V  [jvm.dll+0x478db8]
V  [jvm.dll+0x47ebe8]
C  [java.dll+0x17ec]

Java frames: (J=compiled Java code, j=interpreted, Vv=VM code)
J 1113  java.lang.ClassLoader.defineClass1(Ljava/lang/ClassLoader;Ljava/lang/String;[BIILjava/security/ProtectionDomain;Ljava/lang/String;)Ljava/lang/Class; java.base@21.0.10 (0 bytes) @ 0x000002420ac82491 [0x000002420ac823c0+0x00000000000000d1]
J 1815 c1 java.lang.ClassLoader.defineClass(Ljava/lang/String;[BIILjava/security/ProtectionDomain;)Ljava/lang/Class; java.base@21.0.10 (43 bytes) @ 0x000002420346c37c [0x000002420346c020+0x000000000000035c]
J 2367 c1 org.eclipse.osgi.internal.loader.ModuleClassLoader.defineClass(Ljava/lang/String;[BLorg/eclipse/osgi/internal/loader/classpath/ClasspathEntry;)Lorg/eclipse/osgi/internal/loader/ModuleClassLoader$DefineClassResult; (67 bytes) @ 0x0000024203597fbc [0x0000024203597ca0+0x000000000000031c]
J 2157 c1 org.eclipse.osgi.internal.loader.classpath.ClasspathManager.defineClass(Ljava/lang/String;[BLorg/eclipse/osgi/internal/loader/classpath/ClasspathEntry;Lorg/eclipse/osgi/storage/bundlefile/BundleEntry;Ljava/util/List;)Ljava/lang/Class; (636 bytes) @ 0x0000024203520874 [0x000002420351edc0+0x0000000000001ab4]
J 2159 c1 org.eclipse.osgi.internal.loader.classpath.ClasspathManager.findClassImpl(Ljava/lang/String;Lorg/eclipse/osgi/internal/loader/classpath/ClasspathEntry;Ljava/util/List;)Ljava/lang/Class; (328 bytes) @ 0x0000024203527d14 [0x0000024203524740+0x00000000000035d4]
J 2158 c1 org.eclipse.osgi.internal.loader.classpath.ClasspathManager.findLocalClassImpl(Ljava/lang/String;[Lorg/eclipse/osgi/internal/loader/classpath/ClasspathEntry;Ljava/util/List;)Ljava/lang/Class; (55 bytes) @ 0x0000024203523a64 [0x00000242035238e0+0x0000000000000184]
J 1978 c1 org.eclipse.osgi.internal.loader.classpath.ClasspathManager.findLocalClassImpl(Ljava/lang/String;Ljava/util/List;)Ljava/lang/Class; (132 bytes) @ 0x00000242034ca394 [0x00000242034c9e60+0x0000000000000534]
J 2090 c1 org.eclipse.osgi.internal.loader.classpath.ClasspathManager.findLocalClass(Ljava/lang/String;)Ljava/lang/Class; (210 bytes) @ 0x00000242034f7524 [0x00000242034f6860+0x0000000000000cc4]
J 1968 c1 org.eclipse.osgi.internal.loader.BundleLoader.findLocalClass(Ljava/lang/String;)Ljava/lang/Class; (159 bytes) @ 0x00000242034bde54 [0x00000242034bd260+0x0000000000000bf4]
J 1928 c1 org.eclipse.osgi.internal.loader.BundleLoader.findClass0(Ljava/lang/String;ZZ)Ljava/lang/Class; (490 bytes) @ 0x00000242034a5c6c [0x00000242034a2ae0+0x000000000000318c]
J 1885 c1 org.eclipse.osgi.internal.loader.BundleLoader.findClass(Ljava/lang/String;)Ljava/lang/Class; (8 bytes) @ 0x000002420348e84c [0x000002420348e7c0+0x000000000000008c]
J 1889 c1 org.eclipse.osgi.internal.loader.ModuleClassLoader.loadClass(Ljava/lang/String;Z)Ljava/lang/Class; (36 bytes) @ 0x000002420349074c [0x0000024203490520+0x000000000000022c]
J 1004 c1 java.lang.ClassLoader.loadClass(Ljava/lang/String;)Ljava/lang/Class; java.base@21.0.10 (7 bytes) @ 0x00000242032cea54 [0x00000242032ce940+0x0000000000000114]
v  ~StubRoutines::call_stub 0x000002420a67100d
j  org.eclipse.jdt.core.JavaCore.start(Lorg/osgi/framework/BundleContext;)V+6
j  org.eclipse.osgi.internal.framework.BundleContextImpl$2.run()Ljava/lang/Void;+23
j  org.eclipse.osgi.internal.framework.BundleContextImpl$2.run()Ljava/lang/Object;+1
J 1149 c1 java.security.AccessController.executePrivileged(Ljava/security/PrivilegedExceptionAction;Ljava/security/AccessControlContext;Ljava/lang/Class;)Ljava/lang/Object; java.base@21.0.10 (65 bytes) @ 0x00000242033108c4 [0x0000024203310760+0x0000000000000164]
j  java.security.AccessController.doPrivileged(Ljava/security/PrivilegedExceptionAction;)Ljava/lang/Object;+9 java.base@21.0.10
j  org.eclipse.osgi.internal.framework.BundleContextImpl.startActivator(Lorg/osgi/framework/BundleActivator;)V+9
j  org.eclipse.osgi.internal.framework.BundleContextImpl.start()V+141
j  org.eclipse.osgi.internal.framework.EquinoxBundle.startWorker0()V+35
j  org.eclipse.osgi.internal.framework.EquinoxBundle$EquinoxModule.startWorker()V+4
j  org.eclipse.osgi.container.Module.doStart([Lorg/eclipse/osgi/container/Module$StartOptions;)Lorg/eclipse/osgi/container/ModuleContainerAdaptor$ModuleEvent;+200
J 2389 c1 org.eclipse.osgi.container.Module.start([Lorg/eclipse/osgi/container/Module$StartOptions;)V (662 bytes) @ 0x00000242035a43bc [0x00000242035a22c0+0x00000000000020fc]
J 2579 c1 org.eclipse.osgi.framework.util.SecureAction.start(Lorg/eclipse/osgi/container/Module;[Lorg/eclipse/osgi/container/Module$StartOptions;)V (61 bytes) @ 0x0000024203600b1c [0x0000024203600960+0x00000000000001bc]
J 1970 c1 org.eclipse.osgi.internal.hooks.EclipseLazyStarter.postFindLocalClass(Ljava/lang/String;Ljava/lang/Class;Lorg/eclipse/osgi/internal/loader/classpath/ClasspathManager;)V (394 bytes) @ 0x00000242034c1614 [0x00000242034c0640+0x0000000000000fd4]
J 2090 c1 org.eclipse.osgi.internal.loader.classpath.ClasspathManager.findLocalClass(Ljava/lang/String;)Ljava/lang/Class; (210 bytes) @ 0x00000242034f7874 [0x00000242034f6860+0x0000000000001014]
J 1968 c1 org.eclipse.osgi.internal.loader.BundleLoader.findLocalClass(Ljava/lang/String;)Ljava/lang/Class; (159 bytes) @ 0x00000242034bde54 [0x00000242034bd260+0x0000000000000bf4]
J 2420 c1 org.eclipse.osgi.internal.loader.sources.SingleSourcePackage.loadClass(Ljava/lang/String;)Ljava/lang/Class; (9 bytes) @ 0x00000242035c624c [0x00000242035c6140+0x000000000000010c]
J 1928 c1 org.eclipse.osgi.internal.loader.BundleLoader.findClass0(Ljava/lang/String;ZZ)Ljava/lang/Class; (490 bytes) @ 0x00000242034a5b74 [0x00000242034a2ae0+0x0000000000003094]
J 1885 c1 org.eclipse.osgi.internal.loader.BundleLoader.findClass(Ljava/lang/String;)Ljava/lang/Class; (8 bytes) @ 0x000002420348e84c [0x000002420348e7c0+0x000000000000008c]
J 1889 c1 org.eclipse.osgi.internal.loader.ModuleClassLoader.loadClass(Ljava/lang/String;Z)Ljava/lang/Class; (36 bytes) @ 0x000002420349074c [0x0000024203490520+0x000000000000022c]
J 1004 c1 java.lang.ClassLoader.loadClass(Ljava/lang/String;)Ljava/lang/Class; java.base@21.0.10 (7 bytes) @ 0x00000242032cea54 [0x00000242032ce940+0x0000000000000114]
v  ~StubRoutines::call_stub 0x000002420a67100d
j  java.lang.Class.getDeclaredConstructors0(Z)[Ljava/lang/reflect/Constructor;+0 java.base@21.0.10
j  java.lang.Class.privateGetDeclaredConstructors(Z)[Ljava/lang/reflect/Constructor;+52 java.base@21.0.10
j  java.lang.Class.getConstructor0([Ljava/lang/Class;I)Ljava/lang/reflect/Constructor;+14 java.base@21.0.10
j  java.lang.Class.getConstructor([Ljava/lang/Class;)Ljava/lang/reflect/Constructor;+24 java.base@21.0.10
j  org.eclipse.osgi.internal.framework.BundleContextImpl.loadBundleActivator()Lorg/osgi/framework/BundleActivator;+105
j  org.eclipse.osgi.internal.framework.BundleContextImpl.start()V+18
j  org.eclipse.osgi.internal.framework.EquinoxBundle.startWorker0()V+35
j  org.eclipse.osgi.internal.framework.EquinoxBundle$EquinoxModule.startWorker()V+4
j  org.eclipse.osgi.container.Module.doStart([Lorg/eclipse/osgi/container/Module$StartOptions;)Lorg/eclipse/osgi/container/ModuleContainerAdaptor$ModuleEvent;+200
j  org.eclipse.osgi.container.Module.start([Lorg/eclipse/osgi/container/Module$StartOptions;)V+460
j  org.eclipse.osgi.container.ModuleContainer$ContainerStartLevel$2.run()V+83
j  org.eclipse.osgi.internal.framework.EquinoxContainerAdaptor$1$1.execute(Ljava/lang/Runnable;)V+1
j  org.eclipse.osgi.container.ModuleContainer$ContainerStartLevel.incStartLevel(ILjava/util/List;Z)V+193
j  org.eclipse.osgi.container.ModuleContainer$ContainerStartLevel.incStartLevel(ILjava/util/List;Ljava/util/List;Ljava/util/List;Ljava/util/List;)V+19
j  org.eclipse.osgi.container.ModuleContainer$ContainerStartLevel.doContainerStartLevel(Lorg/eclipse/osgi/container/Module;I[Lorg/osgi/framework/FrameworkListener;)V+358
j  org.eclipse.osgi.container.ModuleContainer$ContainerStartLevel.dispatchEvent(Lorg/eclipse/osgi/container/Module;[Lorg/osgi/framework/FrameworkListener;ILjava/lang/Integer;)V+32
j  org.eclipse.osgi.container.ModuleContainer$ContainerStartLevel.dispatchEvent(Ljava/lang/Object;Ljava/lang/Object;ILjava/lang/Object;)V+15
j  org.eclipse.osgi.framework.eventmgr.EventManager.dispatchEvent(Ljava/util/Set;Lorg/eclipse/osgi/framework/eventmgr/EventDispatcher;ILjava/lang/Object;)V+48
j  org.eclipse.osgi.framework.eventmgr.EventManager$EventThread.run()V+26
v  ~StubRoutines::call_stub 0x000002420a67100d

Compiled method (n/a) 4824 1113     n 0       java.lang.ClassLoader::defineClass1 (native)
 total in heap  [0x000002420ac82210,0x000002420ac82698] = 1160
 relocation     [0x000002420ac82370,0x000002420ac823a8] = 56
 main code      [0x000002420ac823c0,0x000002420ac82696] = 726
 stub code      [0x000002420ac82696,0x000002420ac82698] = 2

[Constant Pool (empty)]

[MachCode]
[Entry Point]
  # {method} {0x0000024217434f58} 'defineClass1' '(Ljava/lang/ClassLoader;Ljava/lang/String;[BIILjava/security/ProtectionDomain;Ljava/lang/String;)Ljava/lang/Class;' in 'java/lang/ClassLoader'
  # parm0:    rdx:rdx   = 'java/lang/ClassLoader'
  # parm1:    r8:r8     = 'java/lang/String'
  # parm2:    r9:r9     = '[B'
  # parm3:    rdi       = int
  # parm4:    rsi       = int
  # parm5:    rcx:rcx   = 'java/security/ProtectionDomain'
  # parm6:    [sp+0xa0]   = 'java/lang/String'  (sp of caller)
  0x000002420ac823c0: 448b 5208 | 49bb 0000 | 0017 4202 | 0000 4d03 | d349 3bc2 | 0f84 0600 

  0x000002420ac823d8: ;   {runtime_call ic_miss_stub}
  0x000002420ac823d8: 0000 e9a1 | c0a3 ff90 
[Verified Entry Point]
  0x000002420ac823e0: 8984 2400 | 80ff ff55 | 488b ec48 | 81ec 9000 | 0000 6690 | 4181 7f20 | 0100 0000 

  0x000002420ac823fc: ;   {runtime_call StubRoutines (final stubs)}
  0x000002420ac823fc: 7405 e8dd | 65a2 ff48 | 837d 1000 | 488d 4510 | 480f 4445 | 1048 8944 | 2440 4889 | 4c24 7048 
  0x000002420ac8241c: 83f9 0048 | 8d44 2470 | 480f 4444 | 2470 4889 | 4424 3848 | 8974 2430 | 4889 7c24 | 284c 894c 
  0x000002420ac8243c: 2458 4983 | f900 488d | 4424 5848 | 0f44 4424 | 5848 8944 | 2420 4c89 | 4424 5049 | 83f8 004c 
  0x000002420ac8245c: 8d4c 2450 | 4c0f 444c | 2450 4889 | 5424 4848 | 83fa 004c | 8d44 2448 | 4c0f 4444 

  0x000002420ac82478: ;   {oop(a 'java/lang/Class'{0x00000000800009c8} = 'java/lang/ClassLoader')}
  0x000002420ac82478: 2448 49be | c809 0080 | 0000 0000 | 4c89 7424 | 784c 8d74 | 2478 498b | d6c5 f877 

  0x000002420ac82494: ;   {internal_word}
  0x000002420ac82494: 49ba 9124 | c80a 4202 | 0000 4d89 | 97a8 0300 | 0049 89a7 | a003 0000 

  0x000002420ac824ac: ;   {external_word}
  0x000002420ac824ac: 49ba c65c | b028 fa7f | 0000 4180 | 3a00 0f84 | 4e00 0000 | 5241 5041 

  0x000002420ac824c4: ;   {metadata({method} {0x0000024217434f58} 'defineClass1' '(Ljava/lang/ClassLoader;Ljava/lang/String;[BIILjava/security/ProtectionDomain;Ljava/lang/String;)Ljava/lang/Class;' in 'java/lang/ClassLoader')}
  0x000002420ac824c4: 5148 ba50 | 4f43 1742 | 0200 0049 | 8bcf 4883 | ec20 40f6 | c40f 0f84 | 1900 0000 | 4883 ec08 
  0x000002420ac824e4: ;   {runtime_call}
  0x000002420ac824e4: 48b8 50e1 | 5928 fa7f | 0000 ffd0 | 4883 c408 | e90c 0000 

  0x000002420ac824f8: ;   {runtime_call}
  0x000002420ac824f8: 0048 b850 | e159 28fa | 7f00 00ff | d048 83c4 | 2041 5941 | 585a 498d | 8fc0 0300 | 0041 c787 
  0x000002420ac82518: 4c04 0000 | 0400 0000 

  0x000002420ac82520: ;   {runtime_call}
  0x000002420ac82520: 48b8 ac16 | 75a7 fa7f | 0000 ffd0 | c5f8 7741 | c787 4c04 | 0000 0500 | 0000 f083 | 4424 c000 
  0x000002420ac82540: 493b af50 | 0400 000f | 870e 0000 | 0041 83bf | 4804 0000 | 000f 842b | 0000 00c5 | f877 4889 
  0x000002420ac82560: 45f8 498b | cf4c 8be4 | 4883 ec20 | 4883 e4f0 

  0x000002420ac82570: ;   {runtime_call}
  0x000002420ac82570: 48b8 d052 | 2528 fa7f | 0000 ffd0 | 498b e44d | 33e4 488b | 45f8 41c7 | 874c 0400 | 0008 0000 
  0x000002420ac82590: 0041 83bf | c804 0000 | 020f 84ca 

  0x000002420ac8259c: ;   {external_word}
  0x000002420ac8259c: 0000 0049 | bac6 5cb0 | 28fa 7f00 | 0041 803a | 000f 844c | 0000 0048 

  0x000002420ac825b4: ;   {metadata({method} {0x0000024217434f58} 'defineClass1' '(Ljava/lang/ClassLoader;Ljava/lang/String;[BIILjava/security/ProtectionDomain;Ljava/lang/String;)Ljava/lang/Class;' in 'java/lang/ClassLoader')}
  0x000002420ac825b4: 8945 f848 | ba50 4f43 | 1742 0200 | 0049 8bcf | 4883 ec20 | 40f6 c40f | 0f84 1900 | 0000 4883 
  0x000002420ac825d4: ;   {runtime_call}
  0x000002420ac825d4: ec08 48b8 | 50e1 5928 | fa7f 0000 | ffd0 4883 | c408 e90c 

  0x000002420ac825e8: ;   {runtime_call}
  0x000002420ac825e8: 0000 0048 | b850 e159 | 28fa 7f00 | 00ff d048 | 83c4 2048 | 8b45 f849 | c787 a003 | 0000 0000 
  0x000002420ac82608: 0000 49c7 | 87a8 0300 | 0000 0000 | 00c5 f877 | 4885 c00f | 8425 0000 | 00a8 030f | 8508 0000 
  0x000002420ac82628: 0048 8b00 | e915 0000 | 00a8 010f | 8509 0000 | 0048 8b40 | fee9 0400 | 0000 488b | 40ff 498b 
  0x000002420ac82648: 8f30 0400 | 00c7 8100 | 0100 0000 | 0000 00c9 | 4983 7f08 | 000f 8501 | 0000 00c3 

  0x000002420ac82664: ;   {runtime_call StubRoutines (initial stubs)}
  0x000002420ac82664: e997 e89e | ffc5 f877 | 4889 45f8 | 4c8b e448 | 83ec 2048 

  0x000002420ac82678: ;   {runtime_call}
  0x000002420ac82678: 83e4 f048 | b8a0 185a | 28fa 7f00 | 00ff d049 | 8be4 4d33 | e448 8b45 | f8e9 09ff | ffff f4f4 
[/MachCode]


Compiled method (c1) 4840 1815       3       java.lang.ClassLoader::defineClass (43 bytes)
 total in heap  [0x000002420346be10,0x000002420346c770] = 2400
 relocation     [0x000002420346bf70,0x000002420346c010] = 160
 main code      [0x000002420346c020,0x000002420346c4c0] = 1184
 stub code      [0x000002420346c4c0,0x000002420346c538] = 120
 metadata       [0x000002420346c538,0x000002420346c568] = 48
 scopes data    [0x000002420346c568,0x000002420346c658] = 240
 scopes pcs     [0x000002420346c658,0x000002420346c738] = 224
 dependencies   [0x000002420346c738,0x000002420346c748] = 16
 nul chk table  [0x000002420346c748,0x000002420346c770] = 40

[Constant Pool (empty)]

[MachCode]
[Entry Point]
  # {method} {0x00000242174352d8} 'defineClass' '(Ljava/lang/String;[BIILjava/security/ProtectionDomain;)Ljava/lang/Class;' in 'java/lang/ClassLoader'
  # this:     rdx:rdx   = 'java/lang/ClassLoader'
  # parm0:    r8:r8     = 'java/lang/String'
  # parm1:    r9:r9     = '[B'
  # parm2:    rdi       = int
  # parm3:    rsi       = int
  # parm4:    rcx:rcx   = 'java/security/ProtectionDomain'
  #           [sp+0xc0]  (sp of caller)
  0x000002420346c020: 448b 5208 | 49bb 0000 | 0017 4202 | 0000 4d03 | d34c 3bd0 

  0x000002420346c034: ;   {runtime_call ic_miss_stub}
  0x000002420346c034: 0f85 4624 | 2507 660f | 1f44 0000 
[Verified Entry Point]
  0x000002420346c040: 8984 2400 | 80ff ff55 | 4881 ecb0 | 0000 0090 | 4181 7f20 | 0100 0000 

  0x000002420346c058: ;   {runtime_call StubRoutines (final stubs)}
  0x000002420346c058: 7405 e881 | c923 0748 | 8954 2478 

  0x000002420346c064: ;   {metadata(method data for {method} {0x00000242174352d8} 'defineClass' '(Ljava/lang/String;[BIILjava/security/ProtectionDomain;)Ljava/lang/Class;' in 'java/lang/ClassLoader')}
  0x000002420346c064: 48bb f099 | 365b 4202 | 0000 8b83 | cc00 0000 | 83c0 0289 | 83cc 0000 | 0025 fe07 | 0000 85c0 
  0x000002420346c084: 0f84 5803 | 0000 89b4 | 2494 0000 | 0089 bc24 | 9000 0000 | 4c89 8c24 | 8800 0000 

  0x000002420346c0a0: ;   {metadata(method data for {method} {0x00000242174352d8} 'defineClass' '(Ljava/lang/String;[BIILjava/security/ProtectionDomain;)Ljava/lang/Class;' in 'java/lang/ClassLoader')}
  0x000002420346c0a0: 488b da48 | b8f0 9936 | 5b42 0200 | 0048 8380 | 1001 0000 | 0149 8bd8 | 4c8b c34c | 8bc9 488b 
  0x000002420346c0c0: ca48 8bd1 | 4889 9c24 | 8000 0000 

  0x000002420346c0cc: ;   {optimized virtual_call}
  0x000002420346c0cc: 6666 90e8 

  0x000002420346c0d0: ; ImmutableOopMap {[120]=Oop [128]=Oop [136]=Oop }
                      ;*invokevirtual preDefineClass {reexecute=0 rethrow=0 return_oop=0}
                      ; - java.lang.ClassLoader::defineClass@4
  0x000002420346c0d0: 4cb7 efff 

  0x000002420346c0d4: ;   {other}
  0x000002420346c0d4: 0f1f 8400 | c402 0000 | 4889 8424 | 9800 0000 | 488b 5424 

  0x000002420346c0e8: ;   {metadata(method data for {method} {0x00000242174352d8} 'defineClass' '(Ljava/lang/String;[BIILjava/security/ProtectionDomain;)Ljava/lang/Class;' in 'java/lang/ClassLoader')}
  0x000002420346c0e8: 7849 b8f0 | 9936 5b42 | 0200 0049 | 8380 4801 

  0x000002420346c0f8: ;   {metadata(method data for {method} {0x0000024217434fc0} 'defineClassSourceLocation' '(Ljava/security/ProtectionDomain;)Ljava/lang/String;' in 'java/lang/ClassLoader')}
  0x000002420346c0f8: 0000 0149 | b808 a136 | 5b42 0200 | 0041 8b90 | cc00 0000 | 83c2 0241 | 8990 cc00 | 0000 81e2 
  0x000002420346c118: feff 1f00 | 85d2 0f84 | df02 0000 

  0x000002420346c124: ; implicit exception: dispatches to 0x000002420346c424
  0x000002420346c124: 483b 004c 

  0x000002420346c128: ;   {metadata(method data for {method} {0x0000024217434fc0} 'defineClassSourceLocation' '(Ljava/security/ProtectionDomain;)Ljava/lang/String;' in 'java/lang/ClassLoader')}
  0x000002420346c128: 8bc0 48ba | 08a1 365b | 4202 0000 | 4883 8210 | 0100 0001 | 448b 4010 

  0x000002420346c140: ;   {metadata(method data for {method} {0x0000024217434fc0} 'defineClassSourceLocation' '(Ljava/security/ProtectionDomain;)Ljava/lang/String;' in 'java/lang/ClassLoader')}
  0x000002420346c140: 4d85 c048 | ba08 a136 | 5b42 0200 | 0048 c7c6 | 5801 0000 | 7507 48c7 | c648 0100 | 0048 8b3c 
  0x000002420346c160: 3248 8d7f | 0148 893c | 320f 850f 

  0x000002420346c16c: ;   {oop(nullptr)}
  0x000002420346c16c: 0000 0048 | bb00 0000 | 0000 0000 | 00e9 a901 | 0000 493b | 0049 8bd0 

  0x000002420346c184: ;   {metadata(method data for {method} {0x0000024217434fc0} 'defineClassSourceLocation' '(Ljava/security/ProtectionDomain;)Ljava/lang/String;' in 'java/lang/ClassLoader')}
  0x000002420346c184: 48be 08a1 | 365b 4202 | 0000 4883 | 8668 0100 | 0001 418b | 500c 4885 

  0x000002420346c19c: ;   {metadata(method data for {method} {0x0000024217434fc0} 'defineClassSourceLocation' '(Ljava/security/ProtectionDomain;)Ljava/lang/String;' in 'java/lang/ClassLoader')}
  0x000002420346c19c: d248 be08 | a136 5b42 | 0200 0048 | c7c7 b001 | 0000 7507 | 48c7 c7a0 | 0100 0048 | 8b1c 3e48 
  0x000002420346c1bc: 8d5b 0148 | 891c 3e0f | 850f 0000 

  0x000002420346c1c8: ;   {oop(nullptr)}
  0x000002420346c1c8: 0048 bb00 | 0000 0000 | 0000 00e9 | 4f01 0000 

  0x000002420346c1d8: ;   {metadata(method data for {method} {0x0000024217434fc0} 'defineClassSourceLocation' '(Ljava/security/ProtectionDomain;)Ljava/lang/String;' in 'java/lang/ClassLoader')}
  0x000002420346c1d8: 48be 08a1 | 365b 4202 | 0000 4883 | 86c0 0100 | 0001 483b | 024c 8bc2 

  0x000002420346c1f0: ;   {metadata(method data for {method} {0x0000024217434fc0} 'defineClassSourceLocation' '(Ljava/security/ProtectionDomain;)Ljava/lang/String;' in 'java/lang/ClassLoader')}
  0x000002420346c1f0: 48be 08a1 | 365b 4202 | 0000 4883 | 86f8 0100 

  0x000002420346c200: ;   {metadata(method data for {method} {0x000002421701abf0} 'toString' '()Ljava/lang/String;' in 'java/net/URL')}
  0x000002420346c200: 0001 49b8 | d894 365b | 4202 0000 | 418b b0cc | 0000 0083 | c602 4189 | b0cc 0000 | 0081 e6fe 
  0x000002420346c220: ff1f 0085 | f60f 8408 | 0200 004c 

  0x000002420346c22c: ;   {metadata(method data for {method} {0x000002421701abf0} 'toString' '()Ljava/lang/String;' in 'java/net/URL')}
  0x000002420346c22c: 8bc2 48be | d894 365b | 4202 0000 | 4883 8610 | 0100 0001 

  0x000002420346c240: ;   {metadata(method data for {method} {0x0000024217428b60} 'toExternalForm' '()Ljava/lang/String;' in 'java/net/URL')}
  0x000002420346c240: 49b8 1812 | 365b 4202 | 0000 418b | b0cc 0000 | 0083 c602 | 4189 b0cc | 0000 0081 | e6fe ff1f 
  0x000002420346c260: 0085 f60f | 84eb 0100 | 008b 7238 

  0x000002420346c26c: ; implicit exception: dispatches to 0x000002420346c475
  0x000002420346c26c: 483b 064c 

  0x000002420346c270: ;   {metadata(method data for {method} {0x0000024217428b60} 'toExternalForm' '()Ljava/lang/String;' in 'java/net/URL')}
  0x000002420346c270: 8bc6 48bf | 1812 365b | 4202 0000 | 458b 4008 | 49ba 0000 | 0017 4202 | 0000 4d03 | c24c 3b87 
  0x000002420346c290: 2001 0000 | 750d 4883 | 8728 0100 | 0001 e960 | 0000 004c | 3b87 3001 | 0000 750d | 4883 8738 
  0x000002420346c2b0: 0100 0001 | e94a 0000 | 0048 83bf | 2001 0000 | 0075 174c | 8987 2001 | 0000 48c7 | 8728 0100 
  0x000002420346c2d0: 0001 0000 | 00e9 2900 | 0000 4883 | bf30 0100 | 0000 7517 | 4c89 8730 | 0100 0048 | c787 3801 
  0x000002420346c2f0: 0000 0100 | 0000 e908 | 0000 0048 | 8387 1001 | 0000 014c | 8bc2 488b | d60f 1f40 | 0048 b8f8 
  0x000002420346c310: 3121 1742 

  0x000002420346c314: ;   {virtual_call}
  0x000002420346c314: 0200 00e8 

  0x000002420346c318: ; ImmutableOopMap {[120]=Oop [128]=Oop [136]=Oop [152]=Oop }
                      ;*invokevirtual toExternalForm {reexecute=0 rethrow=0 return_oop=0}
                      ; - java.net.URL::toExternalForm@5
                      ; - java.net.URL::toString@1
                      ; - java.lang.ClassLoader::defineClassSourceLocation@22
                      ; - java.lang.ClassLoader::defineClass@12
  0x000002420346c318: 84f3 2407 

  0x000002420346c31c: ;   {other}
  0x000002420346c31c: 0f1f 8400 | 0c05 0001 | 488b d848 | 8b84 2498 | 0000 008b | b424 9400 | 0000 8bbc | 2490 0000 
  0x000002420346c33c: 004c 8b8c | 2488 0000 | 004c 8b84 | 2480 0000 | 0048 8b54 

  0x000002420346c350: ;   {metadata(method data for {method} {0x00000242174352d8} 'defineClass' '(Ljava/lang/String;[BIILjava/security/ProtectionDomain;)Ljava/lang/Class;' in 'java/lang/ClassLoader')}
  0x000002420346c350: 2478 48b9 | f099 365b | 4202 0000 | 4883 8180 | 0100 0001 | 4c8b da49 | 8bd3 488b | c848 891c 
  0x000002420346c370: 2466 0f1f 

  0x000002420346c374: ;   {static_call}
  0x000002420346c374: 4400 00e8 

  0x000002420346c378: ; ImmutableOopMap {[120]=Oop [152]=Oop }
                      ;*invokestatic defineClass1 {reexecute=0 rethrow=0 return_oop=0}
                      ; - java.lang.ClassLoader::defineClass@27
  0x000002420346c378: 6460 8107 

  0x000002420346c37c: ;   {other}
  0x000002420346c37c: 0f1f 8400 | 6c05 0002 | 488b 5424 

  0x000002420346c388: ;   {metadata(method data for {method} {0x00000242174352d8} 'defineClass' '(Ljava/lang/String;[BIILjava/security/ProtectionDomain;)Ljava/lang/Class;' in 'java/lang/ClassLoader')}
  0x000002420346c388: 7849 b8f0 | 9936 5b42 | 0200 0049 | 8380 9001 | 0000 014c | 8bc0 4c8b | 8c24 9800 | 0000 488b 
  0x000002420346c3a8: 5424 7848 | 8984 24a0 | 0000 000f 

  0x000002420346c3b4: ;   {optimized virtual_call}
  0x000002420346c3b4: 1f40 00e8 

  0x000002420346c3b8: ; ImmutableOopMap {[160]=Oop }
                      ;*invokevirtual postDefineClass {reexecute=0 rethrow=0 return_oop=0}
                      ; - java.lang.ClassLoader::defineClass@37
  0x000002420346c3b8: e43d f8ff 

  0x000002420346c3bc: ;   {other}
  0x000002420346c3bc: 0f1f 8400 | ac05 0003 | 488b 8424 | a000 0000 | 4881 c4b0 | 0000 005d 

  0x000002420346c3d4: ;   {poll_return}
  0x000002420346c3d4: 493b a750 | 0400 000f | 8799 0000 

  0x000002420346c3e0: ;   {metadata({method} {0x00000242174352d8} 'defineClass' '(Ljava/lang/String;[BIILjava/security/ProtectionDomain;)Ljava/lang/Class;' in 'java/lang/ClassLoader')}
  0x000002420346c3e0: 00c3 49ba | d052 4317 | 4202 0000 | 4c89 5424 | 0848 c704 | 24ff ffff 

  0x000002420346c3f8: ;   {runtime_call counter_overflow Runtime1 stub}
  0x000002420346c3f8: ffe8 028a 

  0x000002420346c3fc: ; ImmutableOopMap {rdx=Oop r8=Oop r9=Oop rcx=Oop [120]=Oop }
                      ;*synchronization entry
                      ; - java.lang.ClassLoader::defineClass@-1
  0x000002420346c3fc: 3007 e987 

  0x000002420346c400: ;   {metadata({method} {0x0000024217434fc0} 'defineClassSourceLocation' '(Ljava/security/ProtectionDomain;)Ljava/lang/String;' in 'java/lang/ClassLoader')}
  0x000002420346c400: fcff ff49 | bab8 4f43 | 1742 0200 | 004c 8954 | 2408 48c7 | 0424 ffff 

  0x000002420346c418: ;   {runtime_call counter_overflow Runtime1 stub}
  0x000002420346c418: ffff e8e1 

  0x000002420346c41c: ; ImmutableOopMap {rax=Oop [120]=Oop [128]=Oop [136]=Oop [152]=Oop }
                      ;*synchronization entry
                      ; - java.lang.ClassLoader::defineClassSourceLocation@-1
                      ; - java.lang.ClassLoader::defineClass@12
  0x000002420346c41c: 8930 07e9 | 00fd ffff 

  0x000002420346c424: ;   {runtime_call throw_null_pointer_exception Runtime1 stub}
  0x000002420346c424: e8d7 3830 

  0x000002420346c428: ; ImmutableOopMap {rax=Oop [120]=Oop [128]=Oop [136]=Oop [152]=Oop }
                      ;*invokevirtual getCodeSource {reexecute=0 rethrow=0 return_oop=0}
                      ; - java.lang.ClassLoader::defineClassSourceLocation@1
                      ; - java.lang.ClassLoader::defineClass@12
                      ;   {runtime_call throw_null_pointer_exception Runtime1 stub}
  0x000002420346c428: 07e8 d238 

  0x000002420346c42c: ; ImmutableOopMap {rax=Oop r8=Oop [120]=Oop [128]=Oop [136]=Oop [152]=Oop }
                      ;*invokevirtual getLocation {reexecute=0 rethrow=0 return_oop=0}
                      ; - java.lang.ClassLoader::defineClassSourceLocation@12
                      ; - java.lang.ClassLoader::defineClass@12
                      ;   {runtime_call throw_null_pointer_exception Runtime1 stub}
  0x000002420346c42c: 3007 e8cd 

  0x000002420346c430: ; ImmutableOopMap {rdx=Oop [120]=Oop [128]=Oop [136]=Oop [152]=Oop }
                      ;*invokevirtual toString {reexecute=0 rethrow=0 return_oop=0}
                      ; - java.lang.ClassLoader::defineClassSourceLocation@22
                      ; - java.lang.ClassLoader::defineClass@12
                      ;   {metadata({method} {0x000002421701abf0} 'toString' '()Ljava/lang/String;' in 'java/net/URL')}
  0x000002420346c430: 3830 0749 | bae8 ab01 | 1742 0200 | 004c 8954 | 2408 48c7 | 0424 ffff 

  0x000002420346c448: ;   {runtime_call counter_overflow Runtime1 stub}
  0x000002420346c448: ffff e8b1 

  0x000002420346c44c: ; ImmutableOopMap {rdx=Oop [120]=Oop [128]=Oop [136]=Oop [152]=Oop }
                      ;*synchronization entry
                      ; - java.net.URL::toString@-1
                      ; - java.lang.ClassLoader::defineClassSourceLocation@22
                      ; - java.lang.ClassLoader::defineClass@12
  0x000002420346c44c: 8930 07e9 | d7fd ffff 

  0x000002420346c454: ;   {metadata({method} {0x0000024217428b60} 'toExternalForm' '()Ljava/lang/String;' in 'java/net/URL')}
  0x000002420346c454: 49ba 588b | 4217 4202 | 0000 4c89 | 5424 0848 | c704 24ff 

  0x000002420346c468: ;   {runtime_call counter_overflow Runtime1 stub}
  0x000002420346c468: ffff ffe8 

  0x000002420346c46c: ; ImmutableOopMap {rdx=Oop [120]=Oop [128]=Oop [136]=Oop [152]=Oop }
                      ;*synchronization entry
                      ; - java.net.URL::toExternalForm@-1
                      ; - java.net.URL::toString@1
                      ; - java.lang.ClassLoader::defineClassSourceLocation@22
                      ; - java.lang.ClassLoader::defineClass@12
  0x000002420346c46c: 9089 3007 | e9f4 fdff 

  0x000002420346c474: ;   {runtime_call throw_null_pointer_exception Runtime1 stub}
  0x000002420346c474: ffe8 8638 

  0x000002420346c478: ; ImmutableOopMap {rdx=Oop rsi=Oop [120]=Oop [128]=Oop [136]=Oop [152]=Oop }
                      ;*invokevirtual toExternalForm {reexecute=0 rethrow=0 return_oop=0}
                      ; - java.net.URL::toExternalForm@5
                      ; - java.net.URL::toString@1
                      ; - java.lang.ClassLoader::defineClassSourceLocation@22
                      ; - java.lang.ClassLoader::defineClass@12
                      ;   {internal_word}
  0x000002420346c478: 3007 49ba | d4c3 4603 | 4202 0000 | 4d89 9768 

  0x000002420346c488: ;   {runtime_call SafepointBlob}
  0x000002420346c488: 0400 00e9 | 7086 2507 | 498b 8700 | 0500 0049 | c787 0005 | 0000 0000 | 0000 49c7 | 8708 0500 
  0x000002420346c4a8: 0000 0000 | 0048 81c4 | b000 0000 

  0x000002420346c4b4: ;   {runtime_call unwind_exception Runtime1 stub}
  0x000002420346c4b4: 5de9 4629 | 3007 f4f4 | f4f4 f4f4 
[Stub Code]
  0x000002420346c4c0: ;   {no_reloc}
  0x000002420346c4c0: 0f1f 4400 

  0x000002420346c4c4: ;   {static_stub}
  0x000002420346c4c4: 0048 bb00 | 0000 0000 

  0x000002420346c4cc: ;   {runtime_call nmethod}
  0x000002420346c4cc: 0000 00e9 | fbff ffff 

  0x000002420346c4d4: ;   {static_stub}
  0x000002420346c4d4: 48bb 0000 | 0000 0000 

  0x000002420346c4dc: ;   {runtime_call nmethod}
  0x000002420346c4dc: 0000 e9fb 

  0x000002420346c4e0: ;   {static_stub}
  0x000002420346c4e0: ffff ff48 | bb00 0000 | 0000 0000 

  0x000002420346c4ec: ;   {runtime_call nmethod}
  0x000002420346c4ec: 00e9 fbff 

  0x000002420346c4f0: ;   {static_stub}
  0x000002420346c4f0: ffff 48bb | 0000 0000 | 0000 0000 

  0x000002420346c4fc: ;   {runtime_call nmethod}
  0x000002420346c4fc: e9fb ffff 

  0x000002420346c500: ;   {runtime_call handle_exception_from_callee Runtime1 stub}
  0x000002420346c500: ffe8 fa55 

  0x000002420346c504: ;   {external_word}
  0x000002420346c504: 3007 48b9 | 4053 8628 | fa7f 0000 | 4883 e4f0 

  0x000002420346c514: ;   {runtime_call}
  0x000002420346c514: 48b8 b0c3 | 4828 fa7f | 0000 ffd0 

  0x000002420346c520: ;   {section_word}
  0x000002420346c520: f449 ba21 | c546 0342 | 0200 0041 

  0x000002420346c52c: ;   {runtime_call DeoptimizationBlob}
  0x000002420346c52c: 52e9 6e78 | 2507 f4f4 | f4f4 f4f4 
[/MachCode]


Compiled method (c1) 4873 2367   !   3       org.eclipse.osgi.internal.loader.ModuleClassLoader::defineClass (67 bytes)
 total in heap  [0x0000024203597a90,0x0000024203598670] = 3040
 relocation     [0x0000024203597bf0,0x0000024203597c98] = 168
 main code      [0x0000024203597ca0,0x00000242035982a0] = 1536
 stub code      [0x00000242035982a0,0x0000024203598310] = 112
 oops           [0x0000024203598310,0x0000024203598318] = 8
 metadata       [0x0000024203598318,0x0000024203598358] = 64
 scopes data    [0x0000024203598358,0x00000242035984a8] = 336
 scopes pcs     [0x00000242035984a8,0x00000242035985b8] = 272
 dependencies   [0x00000242035985b8,0x00000242035985d0] = 24
 handler table  [0x00000242035985d0,0x0000024203598648] = 120
 nul chk table  [0x0000024203598648,0x0000024203598670] = 40

[Constant Pool (empty)]

[MachCode]
[Entry Point]
  # {method} {0x000002425b5dfe98} 'defineClass' '(Ljava/lang/String;[BLorg/eclipse/osgi/internal/loader/classpath/ClasspathEntry;)Lorg/eclipse/osgi/internal/loader/ModuleClassLoader$DefineClassResult;' in 'org/eclipse/osgi/internal/loader/ModuleClassLoader'
  # this:     rdx:rdx   = 'org/eclipse/osgi/internal/loader/ModuleClassLoader'
  # parm0:    r8:r8     = 'java/lang/String'
  # parm1:    r9:r9     = '[B'
  # parm2:    rdi:rdi   = 'org/eclipse/osgi/internal/loader/classpath/ClasspathEntry'
  #           [sp+0xb0]  (sp of caller)
  0x0000024203597ca0: 448b 5208 | 49bb 0000 | 0017 4202 | 0000 4d03 | d34c 3bd0 

  0x0000024203597cb4: ;   {runtime_call ic_miss_stub}
  0x0000024203597cb4: 0f85 c667 | 1207 660f | 1f44 0000 
[Verified Entry Point]
  0x0000024203597cc0: 8984 2400 | 80ff ff55 | 4881 eca0 | 0000 0090 | 4181 7f20 | 0100 0000 

  0x0000024203597cd8: ;   {runtime_call StubRoutines (final stubs)}
  0x0000024203597cd8: 7405 e801 

  0x0000024203597cdc: ;   {metadata(method data for {method} {0x000002425b5dfe98} 'defineClass' '(Ljava/lang/String;[BLorg/eclipse/osgi/internal/loader/classpath/ClasspathEntry;)Lorg/eclipse/osgi/internal/loader/ModuleClassLoader$DefineClassResult;' in 'org/eclipse/osgi/internal/loader/ModuleClassLoader')}
  0x0000024203597cdc: 0d11 0748 | bef8 0fb0 | 5b42 0200 | 008b 9ecc | 0000 0083 | c302 899e | cc00 0000 | 81e3 fe07 
  0x0000024203597cfc: 0000 85db | 0f84 5304 | 0000 4889 | 7c24 704c | 894c 2468 

  0x0000024203597d10: ;   {metadata(method data for {method} {0x000002425b5dfe98} 'defineClass' '(Ljava/lang/String;[BLorg/eclipse/osgi/internal/loader/classpath/ClasspathEntry;)Lorg/eclipse/osgi/internal/loader/ModuleClassLoader$DefineClassResult;' in 'org/eclipse/osgi/internal/loader/ModuleClassLoader')}
  0x0000024203597d10: 488b f248 | bbf8 0fb0 | 5b42 0200 | 008b 7608 | 49ba 0000 | 0017 4202 | 0000 4903 | f248 3bb3 
  0x0000024203597d30: 2001 0000 | 750d 4883 | 8328 0100 | 0001 e960 | 0000 0048 | 3bb3 3001 | 0000 750d | 4883 8338 
  0x0000024203597d50: 0100 0001 | e94a 0000 | 0048 83bb | 2001 0000 | 0075 1748 | 89b3 2001 | 0000 48c7 | 8328 0100 
  0x0000024203597d70: 0001 0000 | 00e9 2900 | 0000 4883 | bb30 0100 | 0000 7517 | 4889 b330 | 0100 0048 | c783 3801 
  0x0000024203597d90: 0000 0100 | 0000 e908 | 0000 0048 | 8383 1001 

  0x0000024203597da0: ;   {metadata(method data for {method} {0x000002425b624b48} 'getClassLoadingLock' '(Ljava/lang/String;)Ljava/lang/Object;' in 'org/eclipse/osgi/internal/loader/ModuleClassLoader')}
  0x0000024203597da0: 0000 0148 | bea8 dc98 | 5b42 0200 | 008b 9ecc | 0000 0083 | c302 899e | cc00 0000 | 81e3 feff 
  0x0000024203597dc0: 1f00 85db | 0f84 b003 | 0000 8b72 | 5048 3b06 

  0x0000024203597dd0: ;   {metadata(method data for {method} {0x000002425b624b48} 'getClassLoadingLock' '(Ljava/lang/String;)Ljava/lang/Object;' in 'org/eclipse/osgi/internal/loader/ModuleClassLoader')}
  0x0000024203597dd0: 488b de48 | b8a8 dc98 | 5b42 0200 | 0048 8380 | 1001 0000 | 0149 8bd8 | 4c8b c348 | 8954 2458 
  0x0000024203597df0: 488b d648 | 895c 2460 | 0f1f 8000 

  0x0000024203597dfc: ;   {optimized virtual_call}
  0x0000024203597dfc: 0000 00e8 

  0x0000024203597e00: ; ImmutableOopMap {[88]=Oop [96]=Oop [104]=Oop [112]=Oop }
                      ;*invokevirtual getLock {reexecute=0 rethrow=0 return_oop=0}
                      ; - org.eclipse.osgi.internal.loader.ModuleClassLoader::getClassLoadingLock@5 (line 437)
                      ; - org.eclipse.osgi.internal.loader.ModuleClassLoader::defineClass@8 (line 312)
  0x0000024203597e00: fc27 f2ff 

  0x0000024203597e04: ;   {other}
  0x0000024203597e04: 0f1f 8400 | 7403 0000 | 4889 4424 | 7848 8d94 | 2480 0000 | 0048 8bf0 | 4889 7208 

  0x0000024203597e20: ; implicit exception: dispatches to 0x00000242035981a0
  0x0000024203597e20: 488b 0648 | 83c8 0148 | 8902 f048 | 0fb1 160f | 8412 0000 | 0048 2bc4 | 4825 07f0 | ffff 4889 
  0x0000024203597e40: 020f 855e | 0300 0049 | ff87 5005 | 0000 488b 

  0x0000024203597e50: ;   {metadata(method data for {method} {0x000002425b5dfe98} 'defineClass' '(Ljava/lang/String;[BLorg/eclipse/osgi/internal/loader/classpath/ClasspathEntry;)Lorg/eclipse/osgi/internal/loader/ModuleClassLoader$DefineClassResult;' in 'org/eclipse/osgi/internal/loader/ModuleClassLoader')}
  0x0000024203597e50: 5424 5848 | bef8 0fb0 | 5b42 0200 | 0048 8386 | 4801 0000 

  0x0000024203597e64: ;   {metadata(method data for {method} {0x00000242174353e0} 'findLoadedClass' '(Ljava/lang/String;)Ljava/lang/Class;' in 'java/lang/ClassLoader')}
  0x0000024203597e64: 0148 bad0 | dd23 5b42 | 0200 008b | b2cc 0000 | 0083 c602 | 89b2 cc00 | 0000 81e6 | feff 1f00 
  0x0000024203597e84: 85f6 0f84 | 2c03 0000 

  0x0000024203597e8c: ;   {metadata(method data for {method} {0x00000242174353e0} 'findLoadedClass' '(Ljava/lang/String;)Ljava/lang/Class;' in 'java/lang/ClassLoader')}
  0x0000024203597e8c: 48ba d0dd | 235b 4202 | 0000 4883 | 8210 0100 | 0001 488b | 5424 600f 

  0x0000024203597ea4: ;   {static_call}
  0x0000024203597ea4: 1f40 00e8 

  0x0000024203597ea8: ; ImmutableOopMap {[88]=Oop [96]=Oop [104]=Oop [112]=Oop [120]=Oop [136]=Oop }
                      ;*invokestatic checkName {reexecute=0 rethrow=0 return_oop=0}
                      ; - java.lang.ClassLoader::findLoadedClass@1
                      ; - org.eclipse.osgi.internal.loader.ModuleClassLoader::defineClass@17 (line 313)
  0x0000024203597ea8: 942a 7607 

  0x0000024203597eac: ;   {other}
  0x0000024203597eac: 0f1f 8400 | 1c04 0001 

  0x0000024203597eb4: ;   {metadata(method data for {method} {0x00000242174353e0} 'findLoadedClass' '(Ljava/lang/String;)Ljava/lang/Class;' in 'java/lang/ClassLoader')}
  0x0000024203597eb4: 85c0 49b8 | d0dd 235b | 4202 0000 | 48c7 c220 | 0100 0075 | 0748 c7c2 | 3001 0000 | 498b 3410 
  0x0000024203597ed4: 488d 7601 | 4989 3410 | 0f85 0f00 

  0x0000024203597ee0: ;   {oop(nullptr)}
  0x0000024203597ee0: 0000 48be | 0000 0000 | 0000 0000 | e936 0000 | 0048 8b54 

  0x0000024203597ef4: ;   {metadata(method data for {method} {0x00000242174353e0} 'findLoadedClass' '(Ljava/lang/String;)Ljava/lang/Class;' in 'java/lang/ClassLoader')}
  0x0000024203597ef4: 2458 49b8 | d0dd 235b | 4202 0000 | 4983 8040 | 0100 0001 | 4c8b 4424 | 6048 8b54 | 2458 0f1f 
  0x0000024203597f14: ;   {optimized virtual_call}
  0x0000024203597f14: 4400 00e8 

  0x0000024203597f18: ; ImmutableOopMap {[88]=Oop [96]=Oop [104]=Oop [112]=Oop [120]=Oop [136]=Oop }
                      ;*invokevirtual findLoadedClass0 {reexecute=0 rethrow=0 return_oop=0}
                      ; - java.lang.ClassLoader::findLoadedClass@11
                      ; - org.eclipse.osgi.internal.loader.ModuleClassLoader::defineClass@17 (line 313)
  0x0000024203597f18: a4bf 6907 

  0x0000024203597f1c: ;   {other}
  0x0000024203597f1c: 0f1f 8400 | 8c04 0002 | 488b f048 

  0x0000024203597f28: ;   {metadata(method data for {method} {0x000002425b5dfe98} 'defineClass' '(Ljava/lang/String;[BLorg/eclipse/osgi/internal/loader/classpath/ClasspathEntry;)Lorg/eclipse/osgi/internal/loader/ModuleClassLoader$DefineClassResult;' in 'org/eclipse/osgi/internal/loader/ModuleClassLoader')}
  0x0000024203597f28: 85f6 49b8 | f80f b05b | 4202 0000 | 49c7 c190 | 0100 0074 | 0749 c7c1 | 8001 0000 | 4b8b 3c08 
  0x0000024203597f48: 488d 7f01 | 4b89 3c08 | 0f84 0e00 | 0000 488b | de41 b800 | 0000 00e9 | 6900 0000 | 488b 7c24 
  0x0000024203597f68: 704c 8b4c | 2468 4c8b | 4424 6048 | 8b54 2458 

  0x0000024203597f78: ; implicit exception: dispatches to 0x00000242035981d9
  0x0000024203597f78: 418b 710c 

  0x0000024203597f7c: ; implicit exception: dispatches to 0x00000242035981de
  0x0000024203597f7c: 483b 0748 

  0x0000024203597f80: ;   {metadata(method data for {method} {0x000002425b5dfe98} 'defineClass' '(Ljava/lang/String;[BLorg/eclipse/osgi/internal/loader/classpath/ClasspathEntry;)Lorg/eclipse/osgi/internal/loader/ModuleClassLoader$DefineClassResult;' in 'org/eclipse/osgi/internal/loader/ModuleClassLoader')}
  0x0000024203597f80: 8bcf 48bb | f80f b05b | 4202 0000 | 4883 83b8 | 0100 0001 | 8b4f 1048 

  0x0000024203597f98: ;   {metadata(method data for {method} {0x000002425b5dfe98} 'defineClass' '(Ljava/lang/String;[BLorg/eclipse/osgi/internal/loader/classpath/ClasspathEntry;)Lorg/eclipse/osgi/internal/loader/ModuleClassLoader$DefineClassResult;' in 'org/eclipse/osgi/internal/loader/ModuleClassLoader')}
  0x0000024203597f98: 8bfa 48bb | f80f b05b | 4202 0000 | 4883 83d8 | 0100 0001 | bf00 0000 | 0066 0f1f 

  0x0000024203597fb4: ;   {optimized virtual_call}
  0x0000024203597fb4: 4400 00e8 

  0x0000024203597fb8: ; ImmutableOopMap {[120]=Oop [136]=Oop }
                      ;*invokevirtual defineClass {reexecute=0 rethrow=0 return_oop=0}
                      ; - org.eclipse.osgi.internal.loader.ModuleClassLoader::defineClass@37 (line 315)
  0x0000024203597fb8: 8440 edff 

  0x0000024203597fbc: ;   {other}
  0x0000024203597fbc: 0f1f 8400 | 2c05 0003 | 488b d841 | b801 0000 | 0048 8d84 | 2480 0000 | 0048 8b10 | 4885 d20f 
  0x0000024203597fdc: 840f 0000 | 0048 8b70 | 08f0 480f | b116 0f85 | f301 0000 | 49ff 8f50 

  0x0000024203597ff4: ;   {metadata(method data for {method} {0x000002425b5dfe98} 'defineClass' '(Ljava/lang/String;[BLorg/eclipse/osgi/internal/loader/classpath/ClasspathEntry;)Lorg/eclipse/osgi/internal/loader/ModuleClassLoader$DefineClassResult;' in 'org/eclipse/osgi/internal/loader/ModuleClassLoader')}
  0x0000024203597ff4: 0500 0048 | baf8 0fb0 | 5b42 0200 | 00ff 8210 

  0x0000024203598004: ;   {metadata('org/eclipse/osgi/internal/loader/ModuleClassLoader$DefineClassResult')}
  0x0000024203598004: 0200 0048 | ba18 a211 | 1842 0200 | 0049 8b87 | b801 0000 | 488d 7818 | 493b bfc8 | 0100 000f 
  0x0000024203598024: 87d0 0100 | 0049 89bf | b801 0000 | 48c7 0001 | 0000 0048 | 8bca 49ba | 0000 0017 | 4202 0000 
  0x0000024203598044: 492b ca89 | 4808 4833 | c989 480c | 4833 c948 | 8948 1048 

  0x0000024203598058: ;   {metadata(method data for {method} {0x000002425b5dfe98} 'defineClass' '(Ljava/lang/String;[BLorg/eclipse/osgi/internal/loader/classpath/ClasspathEntry;)Lorg/eclipse/osgi/internal/loader/ModuleClassLoader$DefineClassResult;' in 'org/eclipse/osgi/internal/loader/ModuleClassLoader')}
  0x0000024203598058: 8bf0 48bf | f80f b05b | 4202 0000 | 4883 8728 | 0200 0001 

  0x000002420359806c: ;   {metadata(method data for {method} {0x000002425b73e188} '<init>' '(Ljava/lang/Class;Z)V' in 'org/eclipse/osgi/internal/loader/ModuleClassLoader$DefineClassResult')}
  0x000002420359806c: 48be e0a4 | a25b 4202 | 0000 8bbe | cc00 0000 | 83c7 0289 | becc 0000 | 0081 e7fe | ff1f 0085 
  0x000002420359808c: ff0f 8473 | 0100 0048 

  0x0000024203598094: ;   {metadata(method data for {method} {0x000002425b73e188} '<init>' '(Ljava/lang/Class;Z)V' in 'org/eclipse/osgi/internal/loader/ModuleClassLoader$DefineClassResult')}
  0x0000024203598094: 8bf0 48bf | e0a4 a25b | 4202 0000 | 4883 8710 | 0100 0001 

  0x00000242035980a8: ;   {metadata(method data for {method} {0x0000024217474dc0} '<init>' '()V' in 'java/lang/Object')}
  0x00000242035980a8: 48be 9067 | 005b 4202 | 0000 8bbe | cc00 0000 | 83c7 0289 | becc 0000 | 0081 e7fe | ff1f 0085 
  0x00000242035980c8: ff0f 8458 | 0100 004c | 8bd3 4489 | 5010 488d | 3048 c1ee | 0948 bf00 | 00d4 1142 | 0200 00c6 
  0x00000242035980e8: 043e 0041 | 83e0 0144 | 8840 0c48 | 81c4 a000 

  0x00000242035980f8: ;   {poll_return}
  0x00000242035980f8: 0000 5d49 | 3ba7 5004 | 0000 0f87 | 4001 0000 | c349 8b87 | 0005 0000 | 4d33 d24d | 8997 0005 
  0x0000024203598118: 0000 4d33 | d24d 8997 | 0805 0000 | 488b f048 | 8d84 2480 | 0000 0048 | 8b38 4885 | ff0f 840f 
  0x0000024203598138: 0000 0048 | 8b58 08f0 | 480f b13b | 0f85 1401 | 0000 49ff | 8f50 0500 | 0048 8bc6 | e938 0100 
  0x0000024203598158: ;   {metadata({method} {0x000002425b5dfe98} 'defineClass' '(Ljava/lang/String;[BLorg/eclipse/osgi/internal/loader/classpath/ClasspathEntry;)Lorg/eclipse/osgi/internal/loader/ModuleClassLoader$DefineClassResult;' in 'org/eclipse/osgi/internal/loader/ModuleClassLoader')}
  0x0000024203598158: 0049 ba90 | fe5d 5b42 | 0200 004c | 8954 2408 | 48c7 0424 | ffff ffff 

  0x0000024203598170: ;   {runtime_call counter_overflow Runtime1 stub}
  0x0000024203598170: e88b cc1d 

  0x0000024203598174: ; ImmutableOopMap {rdx=Oop r8=Oop r9=Oop rdi=Oop }
                      ;*synchronization entry
                      ; - org.eclipse.osgi.internal.loader.ModuleClassLoader::defineClass@-1 (line 310)
  0x0000024203598174: 07e9 8cfb 

  0x0000024203598178: ;   {metadata({method} {0x000002425b624b48} 'getClassLoadingLock' '(Ljava/lang/String;)Ljava/lang/Object;' in 'org/eclipse/osgi/internal/loader/ModuleClassLoader')}
  0x0000024203598178: ffff 49ba | 404b 625b | 4202 0000 | 4c89 5424 | 0848 c704 | 24ff ffff 

  0x0000024203598190: ;   {runtime_call counter_overflow Runtime1 stub}
  0x0000024203598190: ffe8 6acc 

  0x0000024203598194: ; ImmutableOopMap {rdx=Oop r8=Oop [104]=Oop [112]=Oop }
                      ;*synchronization entry
                      ; - org.eclipse.osgi.internal.loader.ModuleClassLoader::getClassLoadingLock@-1 (line 437)
                      ; - org.eclipse.osgi.internal.loader.ModuleClassLoader::defineClass@8 (line 312)
  0x0000024203598194: 1d07 e92f 

  0x0000024203598198: ;   {runtime_call throw_null_pointer_exception Runtime1 stub}
  0x0000024203598198: fcff ffe8 

  0x000002420359819c: ; ImmutableOopMap {rdx=Oop r8=Oop rsi=Oop [104]=Oop [112]=Oop }
                      ;*invokevirtual getLock {reexecute=0 rethrow=0 return_oop=0}
                      ; - org.eclipse.osgi.internal.loader.ModuleClassLoader::getClassLoadingLock@5 (line 437)
                      ; - org.eclipse.osgi.internal.loader.ModuleClassLoader::defineClass@8 (line 312)
  0x000002420359819c: 607b 1d07 

  0x00000242035981a0: ;   {runtime_call throw_null_pointer_exception Runtime1 stub}
  0x00000242035981a0: e85b 7b1d 

  0x00000242035981a4: ; ImmutableOopMap {rsi=Oop [88]=Oop [96]=Oop [104]=Oop [112]=Oop [120]=Oop }
                      ;*monitorenter {reexecute=0 rethrow=0 return_oop=0}
                      ; - org.eclipse.osgi.internal.loader.ModuleClassLoader::defineClass@14 (line 312)
  0x00000242035981a4: 0748 8974 | 2408 4889 

  0x00000242035981ac: ;   {runtime_call monitorenter_nofpu Runtime1 stub}
  0x00000242035981ac: 1424 e84d 

  0x00000242035981b0: ; ImmutableOopMap {rsi=Oop [88]=Oop [96]=Oop [104]=Oop [112]=Oop [120]=Oop [136]=Oop }
                      ;*monitorenter {reexecute=0 rethrow=0 return_oop=0}
                      ; - org.eclipse.osgi.internal.loader.ModuleClassLoader::defineClass@14 (line 312)
  0x00000242035981b0: ab1d 07e9 | 96fc ffff 

  0x00000242035981b8: ;   {metadata({method} {0x00000242174353e0} 'findLoadedClass' '(Ljava/lang/String;)Ljava/lang/Class;' in 'java/lang/ClassLoader')}
  0x00000242035981b8: 49ba d853 | 4317 4202 | 0000 4c89 | 5424 0848 | c704 24ff 

  0x00000242035981cc: ;   {runtime_call counter_overflow Runtime1 stub}
  0x00000242035981cc: ffff ffe8 

  0x00000242035981d0: ; ImmutableOopMap {[88]=Oop [96]=Oop [104]=Oop [112]=Oop [120]=Oop [136]=Oop }
                      ;*synchronization entry
                      ; - java.lang.ClassLoader::findLoadedClass@-1
                      ; - org.eclipse.osgi.internal.loader.ModuleClassLoader::defineClass@17 (line 313)
  0x00000242035981d0: 2ccc 1d07 | e9b3 fcff 

  0x00000242035981d8: ;   {runtime_call throw_null_pointer_exception Runtime1 stub}
  0x00000242035981d8: ffe8 227b 

  0x00000242035981dc: ; ImmutableOopMap {rdx=Oop r8=Oop r9=Oop rdi=Oop [120]=Oop [136]=Oop }
                      ;*arraylength {reexecute=0 rethrow=0 return_oop=0}
                      ; - org.eclipse.osgi.internal.loader.ModuleClassLoader::defineClass@32 (line 315)
                      ;   {runtime_call throw_null_pointer_exception Runtime1 stub}
  0x00000242035981dc: 1d07 e81d 

  0x00000242035981e0: ; ImmutableOopMap {rdx=Oop r8=Oop r9=Oop rdi=Oop [120]=Oop [136]=Oop }
                      ;*invokevirtual getDomain {reexecute=0 rethrow=0 return_oop=0}
                      ; - org.eclipse.osgi.internal.loader.ModuleClassLoader::defineClass@34 (line 315)
  0x00000242035981e0: 7b1d 0748 | 8d84 2480 | 0000 0048 

  0x00000242035981ec: ;   {runtime_call monitorexit_nofpu Runtime1 stub}
  0x00000242035981ec: 8904 24e8 | 0cb1 1d07 | e9fe fdff | ff48 8bd2 

  0x00000242035981fc: ;   {runtime_call fast_new_instance Runtime1 stub}
  0x00000242035981fc: e8ff 831d 

  0x0000024203598200: ; ImmutableOopMap {rbx=Oop }
                      ;*new {reexecute=0 rethrow=0 return_oop=0}
                      ; - org.eclipse.osgi.internal.loader.ModuleClassLoader::defineClass@55 (line 319)
  0x0000024203598200: 07e9 51fe 

  0x0000024203598204: ;   {metadata({method} {0x000002425b73e188} '<init>' '(Ljava/lang/Class;Z)V' in 'org/eclipse/osgi/internal/loader/ModuleClassLoader$DefineClassResult')}
  0x0000024203598204: ffff 49ba | 80e1 735b | 4202 0000 | 4c89 5424 | 0848 c704 | 24ff ffff 

  0x000002420359821c: ;   {runtime_call counter_overflow Runtime1 stub}
  0x000002420359821c: ffe8 decb 

  0x0000024203598220: ; ImmutableOopMap {rbx=Oop rax=Oop }
                      ;*synchronization entry
                      ; - org.eclipse.osgi.internal.loader.ModuleClassLoader$DefineClassResult::<init>@-1 (line 96)
                      ; - org.eclipse.osgi.internal.loader.ModuleClassLoader::defineClass@63 (line 319)
  0x0000024203598220: 1d07 e96c 

  0x0000024203598224: ;   {metadata({method} {0x0000024217474dc0} '<init>' '()V' in 'java/lang/Object')}
  0x0000024203598224: feff ff49 | bab8 4d47 | 1742 0200 | 004c 8954 | 2408 48c7 | 0424 ffff 

  0x000002420359823c: ;   {runtime_call counter_overflow Runtime1 stub}
  0x000002420359823c: ffff e8bd 

  0x0000024203598240: ; ImmutableOopMap {rbx=Oop rax=Oop }
                      ;*synchronization entry
                      ; - java.lang.Object::<init>@-1
                      ; - org.eclipse.osgi.internal.loader.ModuleClassLoader$DefineClassResult::<init>@1 (line 96)
                      ; - org.eclipse.osgi.internal.loader.ModuleClassLoader::defineClass@63 (line 319)
  0x0000024203598240: cb1d 07e9 | 87fe ffff 

  0x0000024203598248: ;   {internal_word}
  0x0000024203598248: 49ba fb80 | 5903 4202 | 0000 4d89 | 9768 0400 

  0x0000024203598258: ;   {runtime_call SafepointBlob}
  0x0000024203598258: 00e9 a2c8 | 1207 488d | 8424 8000 | 0000 4889 

  0x0000024203598268: ;   {runtime_call monitorexit_nofpu Runtime1 stub}
  0x0000024203598268: 0424 e891 | b01d 07e9 | ddfe ffff | 498b 8700 | 0500 0049 | c787 0005 | 0000 0000 | 0000 49c7 
  0x0000024203598288: 8708 0500 | 0000 0000 | 0048 81c4 | a000 0000 

  0x0000024203598298: ;   {runtime_call unwind_exception Runtime1 stub}
  0x0000024203598298: 5de9 626b | 1d07 f4f4 
[Stub Code]
  0x00000242035982a0: ;   {no_reloc}
  0x00000242035982a0: 48bb 0000 | 0000 0000 

  0x00000242035982a8: ;   {runtime_call nmethod}
  0x00000242035982a8: 0000 e9fb 

  0x00000242035982ac: ;   {static_stub}
  0x00000242035982ac: ffff ff48 | bb00 0000 | 0000 0000 

  0x00000242035982b8: ;   {runtime_call nmethod}
  0x00000242035982b8: 00e9 fbff 

  0x00000242035982bc: ;   {static_stub}
  0x00000242035982bc: ffff 48bb | 0000 0000 | 0000 0000 

  0x00000242035982c8: ;   {runtime_call nmethod}
  0x00000242035982c8: e9fb ffff 

  0x00000242035982cc: ;   {static_stub}
  0x00000242035982cc: ff48 bb00 | 0000 0000 

  0x00000242035982d4: ;   {runtime_call nmethod}
  0x00000242035982d4: 0000 00e9 | fbff ffff 
[Exception Handler]
  0x00000242035982dc: ;   {runtime_call handle_exception_from_callee Runtime1 stub}
  0x00000242035982dc: e81f 981d 

  0x00000242035982e0: ;   {external_word}
  0x00000242035982e0: 0748 b940 | 5386 28fa | 7f00 0048 

  0x00000242035982ec: ;   {runtime_call}
  0x00000242035982ec: 83e4 f048 | b8b0 c348 | 28fa 7f00 | 00ff d0f4 
[Deopt Handler Code]
  0x00000242035982fc: ;   {section_word}
  0x00000242035982fc: 49ba fc82 | 5903 4202 | 0000 4152 

  0x0000024203598308: ;   {runtime_call DeoptimizationBlob}
  0x0000024203598308: e993 ba12 | 07f4 f4f4 
[/MachCode]


---------------  P R O C E S S  ---------------

Threads class SMR info:
_java_thread_list=0x000002425f214870, length=20, elements={
0x000002427fb5b230, 0x0000024216dfd1c0, 0x000002427fc02750, 0x000002427fc051b0,
0x000002427fc07c20, 0x000002427fc09be0, 0x000002427fc0dce0, 0x000002427fc158b0,
0x000002427fc17360, 0x000002425953fcd0, 0x000002425967e740, 0x000002425a5b1530,
0x000002425f172ab0, 0x000002425f132c10, 0x00000242595d97f0, 0x000002425f358390,
0x000002425f476290, 0x000002425f446700, 0x000002425f21fe50, 0x000002425f0600c0
}

Java Threads: ( => current thread )
  0x000002427fb5b230 JavaThread "main"                              [_thread_blocked, id=8024, stack(0x00000065cb400000,0x00000065cb500000) (1024K)]
  0x0000024216dfd1c0 JavaThread "Reference Handler"          daemon [_thread_blocked, id=904, stack(0x00000065cb800000,0x00000065cb900000) (1024K)]
  0x000002427fc02750 JavaThread "Finalizer"                  daemon [_thread_blocked, id=8172, stack(0x00000065cb900000,0x00000065cba00000) (1024K)]
  0x000002427fc051b0 JavaThread "Signal Dispatcher"          daemon [_thread_blocked, id=23712, stack(0x00000065cba00000,0x00000065cbb00000) (1024K)]
  0x000002427fc07c20 JavaThread "Attach Listener"            daemon [_thread_blocked, id=15076, stack(0x00000065cbb00000,0x00000065cbc00000) (1024K)]
  0x000002427fc09be0 JavaThread "Service Thread"             daemon [_thread_blocked, id=4168, stack(0x00000065cbc00000,0x00000065cbd00000) (1024K)]
  0x000002427fc0dce0 JavaThread "Monitor Deflation Thread"   daemon [_thread_blocked, id=15532, stack(0x00000065cbd00000,0x00000065cbe00000) (1024K)]
  0x000002427fc158b0 JavaThread "C2 CompilerThread0"         daemon [_thread_in_native, id=16828, stack(0x00000065cbe00000,0x00000065cbf00000) (1024K)]
  0x000002427fc17360 JavaThread "C1 CompilerThread0"         daemon [_thread_in_native, id=23696, stack(0x00000065cbf00000,0x00000065cc000000) (1024K)]
  0x000002425953fcd0 JavaThread "Common-Cleaner"             daemon [_thread_blocked, id=672, stack(0x00000065cc000000,0x00000065cc100000) (1024K)]
  0x000002425967e740 JavaThread "Notification Thread"        daemon [_thread_blocked, id=3844, stack(0x00000065cc200000,0x00000065cc300000) (1024K)]
  0x000002425a5b1530 JavaThread "Active Thread: Equinox Container: 59ea13c6-6b31-4290-aeb0-6465c685d3a0"        [_thread_blocked, id=11836, stack(0x00000065cca00000,0x00000065ccb00000) (1024K)]
  0x000002425f172ab0 JavaThread "Framework Event Dispatcher: Equinox Container: 59ea13c6-6b31-4290-aeb0-6465c685d3a0" daemon [_thread_blocked, id=20164, stack(0x00000065cc300000,0x00000065cc400000) (1024K)]
=>0x000002425f132c10 JavaThread "Start Level: Equinox Container: 59ea13c6-6b31-4290-aeb0-6465c685d3a0" daemon [_thread_in_vm, id=23500, stack(0x00000065ccb00000,0x00000065ccc00000) (1024K)]
  0x00000242595d97f0 JavaThread "SCR Component Actor"        daemon [_thread_blocked, id=3496, stack(0x00000065cc100000,0x00000065cc200000) (1024K)]
  0x000002425f358390 JavaThread "Worker-JM"                         [_thread_blocked, id=23792, stack(0x00000065ccf00000,0x00000065cd000000) (1024K)]
  0x000002425f476290 JavaThread "JNA Cleaner"                daemon [_thread_blocked, id=19380, stack(0x00000065ccd00000,0x00000065cce00000) (1024K)]
  0x000002425f446700 JavaThread "Worker-0: Building"                [_thread_in_vm, id=20024, stack(0x00000065cd100000,0x00000065cd200000) (1024K)]
  0x000002425f21fe50 JavaThread "Worker-1"                          [_thread_blocked, id=13036, stack(0x00000065cd200000,0x00000065cd300000) (1024K)]
  0x000002425f0600c0 JavaThread "C2 CompilerThread1"         daemon [_thread_in_native, id=4496, stack(0x00000065cd300000,0x00000065cd400000) (1024K)]
Total: 20

Other Threads:
  0x0000024216de49d0 VMThread "VM Thread"                           [id=8252, stack(0x00000065cb700000,0x00000065cb800000) (1024K)]
  0x0000024216cdbb20 WatcherThread "VM Periodic Task Thread"        [id=12392, stack(0x00000065cb600000,0x00000065cb700000) (1024K)]
  0x000002427fb79490 WorkerThread "GC Thread#0"                     [id=21180, stack(0x00000065cb500000,0x00000065cb600000) (1024K)]
  0x000002425f042750 WorkerThread "GC Thread#1"                     [id=1148, stack(0x00000065cc400000,0x00000065cc500000) (1024K)]
  0x000002425969f2b0 WorkerThread "GC Thread#2"                     [id=12948, stack(0x00000065cc500000,0x00000065cc600000) (1024K)]
  0x000002425969f660 WorkerThread "GC Thread#3"                     [id=5564, stack(0x00000065cc600000,0x00000065cc700000) (1024K)]
  0x000002425969fa10 WorkerThread "GC Thread#4"                     [id=10412, stack(0x00000065cc700000,0x00000065cc800000) (1024K)]
  0x000002425969fdc0 WorkerThread "GC Thread#5"                     [id=11096, stack(0x00000065cc800000,0x00000065cc900000) (1024K)]
  0x000002425a42fab0 WorkerThread "GC Thread#6"                     [id=22604, stack(0x00000065cc900000,0x00000065cca00000) (1024K)]
  0x000002425f07a470 WorkerThread "GC Thread#7"                     [id=19928, stack(0x00000065ccc00000,0x00000065ccd00000) (1024K)]
  0x000002425f32f1b0 WorkerThread "GC Thread#8"                     [id=13436, stack(0x00000065cce00000,0x00000065ccf00000) (1024K)]
  0x000002425f2829a0 WorkerThread "GC Thread#9"                     [id=4024, stack(0x00000065cd000000,0x00000065cd100000) (1024K)]
Total: 12

Threads with active compile tasks:
C2 CompilerThread0  4916 2596       4       java.lang.invoke.MethodType::makeImpl (109 bytes)
C1 CompilerThread0  4916 2625       3       org.lombokweb.asm.ClassReader::readMethod (1070 bytes)
C2 CompilerThread1  4916 2623       4       org.lombokweb.asm.ClassReader::readUtf (44 bytes)
Total: 3

VM state: not at safepoint (normal execution)

VM Mutex/Monitor currently owned by a thread:  ([mutex/lock_event])
[0x00007ffa28b1c4e0] Metaspace_lock - owner thread: 0x000002425f132c10

Heap address: 0x0000000080000000, size: 2048 MB, Compressed Oops mode: 32-bit

CDS archive(s) mapped at: [0x0000024217000000-0x0000024217ba0000-0x0000024217ba0000), size 12189696, SharedBaseAddress: 0x0000024217000000, ArchiveRelocationMode: 1.
Compressed class space mapped at: 0x0000024218000000-0x0000024258000000, reserved size: 1073741824
Narrow klass base: 0x0000024217000000, Narrow klass shift: 0, Narrow klass range: 0x100000000

GC Precious Log:
 CardTable entry size: 512
 CPUs: 12 total, 12 available
 Memory: 7501M
 Large Page Support: Disabled
 NUMA Support: Disabled
 Compressed Oops: Enabled (32-bit)
 Alignments: Space 512K, Generation 512K, Heap 2M
 Heap Min Capacity: 100M
 Heap Initial Capacity: 100M
 Heap Max Capacity: 2G
 Pre-touch: Disabled
 Parallel Workers: 10

Heap:
 PSYoungGen      total 29696K, used 28448K [0x00000000d5580000, 0x00000000d7680000, 0x0000000100000000)
  eden space 25600K, 95% used [0x00000000d5580000,0x00000000d6d4c1a0,0x00000000d6e80000)
  from space 4096K, 99% used [0x00000000d6e80000,0x00000000d727c1b0,0x00000000d7280000)
  to   space 4096K, 0% used [0x00000000d7280000,0x00000000d7280000,0x00000000d7680000)
 ParOldGen       total 68608K, used 2890K [0x0000000080000000, 0x0000000084300000, 0x00000000d5580000)
  object space 68608K, 4% used [0x0000000080000000,0x00000000802d2b48,0x0000000084300000)
 Metaspace       used 16739K, committed 17344K, reserved 1114112K
  class space    used 1759K, committed 2048K, reserved 1048576K

Card table byte_map: [0x0000024212140000,0x0000024212550000] _byte_map_base: 0x0000024211d40000

Marking Bits: (ParMarkBitMap*) 0x00007ffa28b23450
 Begin Bits: [0x0000024212800000, 0x0000024214800000)
 End Bits:   [0x0000024214800000, 0x0000024216800000)

Polling page: 0x000002427e170000

Metaspace:

Usage:
  Non-class:     14.63 MB used.
      Class:      1.72 MB used.
       Both:     16.35 MB used.

Virtual space:
  Non-class space:       64.00 MB reserved,      14.94 MB ( 23%) committed,  1 nodes.
      Class space:        1.00 GB reserved,       2.00 MB ( <1%) committed,  1 nodes.
             Both:        1.06 GB reserved,      16.94 MB (  2%) committed. 

Chunk freelists:
   Non-Class:  624.00 KB
       Class:  13.94 MB
        Both:  14.55 MB

MaxMetaspaceSize: unlimited
CompressedClassSpaceSize: 1.00 GB
Initial GC threshold: 21.00 MB
Current GC threshold: 21.00 MB
CDS: on
 - commit_granule_bytes: 65536.
 - commit_granule_words: 8192.
 - virtual_space_node_default_size: 8388608.
 - enlarge_chunks_in_place: 1.
 - use_allocation_guard: 0.


Internal statistics:

num_allocs_failed_limit: 0.
num_arena_births: 504.
num_arena_deaths: 0.
num_vsnodes_births: 2.
num_vsnodes_deaths: 0.
num_space_committed: 271.
num_space_uncommitted: 0.
num_chunks_returned_to_freelist: 0.
num_chunks_taken_from_freelist: 1130.
num_chunk_merges: 0.
num_chunk_splits: 713.
num_chunks_enlarged: 443.
num_inconsistent_stats: 0.

CodeHeap 'non-profiled nmethods': size=120000Kb used=1116Kb max_used=1116Kb free=118883Kb
 bounds [0x000002420ac10000, 0x000002420ae80000, 0x0000024212140000]
CodeHeap 'profiled nmethods': size=120000Kb used=4945Kb max_used=4945Kb free=115054Kb
 bounds [0x0000024203140000, 0x0000024203620000, 0x000002420a670000]
CodeHeap 'non-nmethods': size=5760Kb used=1274Kb max_used=1289Kb free=4485Kb
 bounds [0x000002420a670000, 0x000002420a8e0000, 0x000002420ac10000]
CodeCache: size=245760Kb, used=7335Kb, max_used=7350Kb, free=238422Kb
 total_blobs=3165, nmethods=2616, adapters=455, full_count=0
Compilation: enabled, stopped_count=0, restarted_count=0

Compilation events (20 events):
Event: 4.723 Thread 0x000002427fc17360 2615       3       org.eclipse.jdt.core.JavaCore$$Lambda/0x000002421820aa20::applyAsDouble (8 bytes)
Event: 4.723 Thread 0x000002427fc17360 nmethod 2615 0x0000024203611410 code [0x00000242036115c0, 0x00000242036117f0]
Event: 4.745 Thread 0x000002427fc17360 2616       3       org.lombokweb.asm.SymbolTable::addConstantMemberReference (29 bytes)
Event: 4.746 Thread 0x000002427fc17360 nmethod 2616 0x0000024203611890 code [0x0000024203611a80, 0x0000024203611e30]
Event: 4.746 Thread 0x000002427fc17360 2617       3       org.lombokweb.asm.SymbolTable::hash (15 bytes)
Event: 4.746 Thread 0x000002427fc17360 nmethod 2617 0x0000024203612110 code [0x00000242036122c0, 0x0000024203612440]
Event: 4.746 Thread 0x000002427fc17360 2618       3       org.lombokweb.asm.SymbolTable$Entry::<init> (18 bytes)
Event: 4.746 Thread 0x000002427fc17360 nmethod 2618 0x0000024203612590 code [0x0000024203612740, 0x00000242036128b8]
Event: 4.746 Thread 0x000002427fc17360 2619       3       org.lombokweb.asm.SymbolTable::addConstantNameAndType (28 bytes)
Event: 4.747 Thread 0x000002427fc17360 nmethod 2619 0x0000024203612990 code [0x0000024203612b80, 0x0000024203612eb8]
Event: 4.747 Thread 0x000002427fc17360 2620       3       java.util.regex.Pattern$$Lambda/0x800000031::is (9 bytes)
Event: 4.747 Thread 0x000002427fc17360 nmethod 2620 0x0000024203613110 code [0x00000242036132c0, 0x0000024203613540]
Event: 4.747 Thread 0x000002427fc17360 2621       3       java.util.regex.Pattern::lambda$negate$7 (16 bytes)
Event: 4.747 Thread 0x000002427fc17360 nmethod 2621 0x0000024203613610 code [0x00000242036137c0, 0x00000242036139c8]
Event: 4.748 Thread 0x000002427fc17360 2622       3       org.lombokweb.asm.ByteVector::putByteArray (49 bytes)
Event: 4.748 Thread 0x000002427fc17360 nmethod 2622 0x0000024203613a90 code [0x0000024203613c60, 0x0000024203613f28]
Event: 4.756 Thread 0x000002427fc17360 2624       3       org.lombokweb.asm.ByteVector::<init> (13 bytes)
Event: 4.757 Thread 0x000002427fc17360 nmethod 2624 0x0000024203614090 code [0x0000024203614240, 0x0000024203614460]
Event: 4.757 Thread 0x000002427fc17360 2625       3       org.lombokweb.asm.ClassReader::readMethod (1070 bytes)
Event: 4.757 Thread 0x000002425f0600c0 2623       4       org.lombokweb.asm.ClassReader::readUtf (44 bytes)

GC Heap History (6 events):
Event: 1.475 GC heap before
{Heap before GC invocations=1 (full 0):
 PSYoungGen      total 29696K, used 25600K [0x00000000d5580000, 0x00000000d7680000, 0x0000000100000000)
  eden space 25600K, 100% used [0x00000000d5580000,0x00000000d6e80000,0x00000000d6e80000)
  from space 4096K, 0% used [0x00000000d7280000,0x00000000d7280000,0x00000000d7680000)
  to   space 4096K, 0% used [0x00000000d6e80000,0x00000000d6e80000,0x00000000d7280000)
 ParOldGen       total 68608K, used 0K [0x0000000080000000, 0x0000000084300000, 0x00000000d5580000)
  object space 68608K, 0% used [0x0000000080000000,0x0000000080000000,0x0000000084300000)
 Metaspace       used 4343K, committed 4608K, reserved 1114112K
  class space    used 474K, committed 576K, reserved 1048576K
}
Event: 1.487 GC heap after
{Heap after GC invocations=1 (full 0):
 PSYoungGen      total 29696K, used 3312K [0x00000000d5580000, 0x00000000d7680000, 0x0000000100000000)
  eden space 25600K, 0% used [0x00000000d5580000,0x00000000d5580000,0x00000000d6e80000)
  from space 4096K, 80% used [0x00000000d6e80000,0x00000000d71bc148,0x00000000d7280000)
  to   space 4096K, 0% used [0x00000000d7280000,0x00000000d7280000,0x00000000d7680000)
 ParOldGen       total 68608K, used 16K [0x0000000080000000, 0x0000000084300000, 0x00000000d5580000)
  object space 68608K, 0% used [0x0000000080000000,0x0000000080004000,0x0000000084300000)
 Metaspace       used 4343K, committed 4608K, reserved 1114112K
  class space    used 474K, committed 576K, reserved 1048576K
}
Event: 2.722 GC heap before
{Heap before GC invocations=2 (full 0):
 PSYoungGen      total 29696K, used 28912K [0x00000000d5580000, 0x00000000d7680000, 0x0000000100000000)
  eden space 25600K, 100% used [0x00000000d5580000,0x00000000d6e80000,0x00000000d6e80000)
  from space 4096K, 80% used [0x00000000d6e80000,0x00000000d71bc148,0x00000000d7280000)
  to   space 4096K, 0% used [0x00000000d7280000,0x00000000d7280000,0x00000000d7680000)
 ParOldGen       total 68608K, used 16K [0x0000000080000000, 0x0000000084300000, 0x00000000d5580000)
  object space 68608K, 0% used [0x0000000080000000,0x0000000080004000,0x0000000084300000)
 Metaspace       used 8142K, committed 8448K, reserved 1114112K
  class space    used 863K, committed 960K, reserved 1048576K
}
Event: 2.733 GC heap after
{Heap after GC invocations=2 (full 0):
 PSYoungGen      total 29696K, used 4092K [0x00000000d5580000, 0x00000000d7680000, 0x0000000100000000)
  eden space 25600K, 0% used [0x00000000d5580000,0x00000000d5580000,0x00000000d6e80000)
  from space 4096K, 99% used [0x00000000d7280000,0x00000000d767f008,0x00000000d7680000)
  to   space 4096K, 0% used [0x00000000d6e80000,0x00000000d6e80000,0x00000000d7280000)
 ParOldGen       total 68608K, used 1119K [0x0000000080000000, 0x0000000084300000, 0x00000000d5580000)
  object space 68608K, 1% used [0x0000000080000000,0x0000000080117eb8,0x0000000084300000)
 Metaspace       used 8142K, committed 8448K, reserved 1114112K
  class space    used 863K, committed 960K, reserved 1048576K
}
Event: 3.731 GC heap before
{Heap before GC invocations=3 (full 0):
 PSYoungGen      total 29696K, used 29692K [0x00000000d5580000, 0x00000000d7680000, 0x0000000100000000)
  eden space 25600K, 100% used [0x00000000d5580000,0x00000000d6e80000,0x00000000d6e80000)
  from space 4096K, 99% used [0x00000000d7280000,0x00000000d767f008,0x00000000d7680000)
  to   space 4096K, 0% used [0x00000000d6e80000,0x00000000d6e80000,0x00000000d7280000)
 ParOldGen       total 68608K, used 1119K [0x0000000080000000, 0x0000000084300000, 0x00000000d5580000)
  object space 68608K, 1% used [0x0000000080000000,0x0000000080117eb8,0x0000000084300000)
 Metaspace       used 12959K, committed 13440K, reserved 1114112K
  class space    used 1373K, committed 1600K, reserved 1048576K
}
Event: 3.739 GC heap after
{Heap after GC invocations=3 (full 0):
 PSYoungGen      total 29696K, used 4080K [0x00000000d5580000, 0x00000000d7680000, 0x0000000100000000)
  eden space 25600K, 0% used [0x00000000d5580000,0x00000000d5580000,0x00000000d6e80000)
  from space 4096K, 99% used [0x00000000d6e80000,0x00000000d727c1b0,0x00000000d7280000)
  to   space 4096K, 0% used [0x00000000d7280000,0x00000000d7280000,0x00000000d7680000)
 ParOldGen       total 68608K, used 2890K [0x0000000080000000, 0x0000000084300000, 0x00000000d5580000)
  object space 68608K, 4% used [0x0000000080000000,0x00000000802d2b48,0x0000000084300000)
 Metaspace       used 12959K, committed 13440K, reserved 1114112K
  class space    used 1373K, committed 1600K, reserved 1048576K
}

Dll operation events (10 events):
Event: 0.032 Loaded shared library c:\Users\kalra\.vscode\extensions\redhat.java-1.53.0-win32-x64\jre\21.0.10-win32-x86_64\bin\java.dll
Event: 0.225 Loaded shared library c:\Users\kalra\.vscode\extensions\redhat.java-1.53.0-win32-x64\jre\21.0.10-win32-x86_64\bin\zip.dll
Event: 0.270 Loaded shared library C:\Users\kalra\.vscode\extensions\redhat.java-1.53.0-win32-x64\jre\21.0.10-win32-x86_64\bin\instrument.dll
Event: 0.281 Loaded shared library C:\Users\kalra\.vscode\extensions\redhat.java-1.53.0-win32-x64\jre\21.0.10-win32-x86_64\bin\net.dll
Event: 0.288 Loaded shared library C:\Users\kalra\.vscode\extensions\redhat.java-1.53.0-win32-x64\jre\21.0.10-win32-x86_64\bin\nio.dll
Event: 0.295 Loaded shared library C:\Users\kalra\.vscode\extensions\redhat.java-1.53.0-win32-x64\jre\21.0.10-win32-x86_64\bin\zip.dll
Event: 0.337 Loaded shared library C:\Users\kalra\.vscode\extensions\redhat.java-1.53.0-win32-x64\jre\21.0.10-win32-x86_64\bin\jimage.dll
Event: 0.516 Loaded shared library c:\Users\kalra\.vscode\extensions\redhat.java-1.53.0-win32-x64\jre\21.0.10-win32-x86_64\bin\verify.dll
Event: 2.694 Loaded shared library C:\Users\kalra\AppData\Roaming\Code\User\globalStorage\redhat.java\1.53.0\config_ss_win\org.eclipse.equinox.launcher\org.eclipse.equinox.launcher.win32.win32.x86_64_1.3.0.v20260203-2149\eclipse_11919.dll
Event: 4.387 Loaded shared library C:\Users\kalra\AppData\Local\Temp\jna-101813893\jna17190367420772132345.dll

Deoptimization events (20 events):
Event: 4.718 Thread 0x000002425f132c10 Uncommon trap: trap_request=0xffffff45 fr.pc=0x000002420ad192c0 relative=0x0000000000000b00
Event: 4.718 Thread 0x000002425f132c10 Uncommon trap: reason=unstable_if action=reinterpret pc=0x000002420ad192c0 method=jdk.internal.org.objectweb.asm.Frame.execute(IILjdk/internal/org/objectweb/asm/Symbol;Ljdk/internal/org/objectweb/asm/SymbolTable;)V @ 1 c2
Event: 4.718 Thread 0x000002425f132c10 DEOPT PACKING pc=0x000002420ad192c0 sp=0x00000065ccbf80c0
Event: 4.718 Thread 0x000002425f132c10 DEOPT UNPACKING pc=0x000002420a6c3aa2 sp=0x00000065ccbf8048 mode 2
Event: 4.746 Thread 0x000002425f132c10 Uncommon trap: trap_request=0xffffffde fr.pc=0x000002420ad0a014 relative=0x00000000000003b4
Event: 4.746 Thread 0x000002425f132c10 Uncommon trap: reason=class_check action=maybe_recompile pc=0x000002420ad0a014 method=java.util.regex.Pattern$BmpCharPropertyGreedy.match(Ljava/util/regex/Matcher;ILjava/lang/CharSequence;)Z @ 70 c2
Event: 4.746 Thread 0x000002425f132c10 DEOPT PACKING pc=0x000002420ad0a014 sp=0x00000065ccbf3500
Event: 4.746 Thread 0x000002425f132c10 DEOPT UNPACKING pc=0x000002420a6c3aa2 sp=0x00000065ccbf34a8 mode 2
Event: 4.746 Thread 0x000002425f132c10 Uncommon trap: trap_request=0xffffffde fr.pc=0x000002420ad0a014 relative=0x00000000000003b4
Event: 4.746 Thread 0x000002425f132c10 Uncommon trap: reason=class_check action=maybe_recompile pc=0x000002420ad0a014 method=java.util.regex.Pattern$BmpCharPropertyGreedy.match(Ljava/util/regex/Matcher;ILjava/lang/CharSequence;)Z @ 70 c2
Event: 4.746 Thread 0x000002425f132c10 DEOPT PACKING pc=0x000002420ad0a014 sp=0x00000065ccbf3350
Event: 4.746 Thread 0x000002425f132c10 DEOPT UNPACKING pc=0x000002420a6c3aa2 sp=0x00000065ccbf32f8 mode 2
Event: 4.747 Thread 0x000002425f132c10 Uncommon trap: trap_request=0xffffffde fr.pc=0x000002420ad0a014 relative=0x00000000000003b4
Event: 4.747 Thread 0x000002425f132c10 Uncommon trap: reason=class_check action=maybe_recompile pc=0x000002420ad0a014 method=java.util.regex.Pattern$BmpCharPropertyGreedy.match(Ljava/util/regex/Matcher;ILjava/lang/CharSequence;)Z @ 70 c2
Event: 4.747 Thread 0x000002425f132c10 DEOPT PACKING pc=0x000002420ad0a014 sp=0x00000065ccbf3510
Event: 4.747 Thread 0x000002425f132c10 DEOPT UNPACKING pc=0x000002420a6c3aa2 sp=0x00000065ccbf34b8 mode 2
Event: 4.747 Thread 0x000002425f132c10 Uncommon trap: trap_request=0xffffffde fr.pc=0x000002420ad0a014 relative=0x00000000000003b4
Event: 4.747 Thread 0x000002425f132c10 Uncommon trap: reason=class_check action=maybe_recompile pc=0x000002420ad0a014 method=java.util.regex.Pattern$BmpCharPropertyGreedy.match(Ljava/util/regex/Matcher;ILjava/lang/CharSequence;)Z @ 70 c2
Event: 4.747 Thread 0x000002425f132c10 DEOPT PACKING pc=0x000002420ad0a014 sp=0x00000065ccbf3360
Event: 4.747 Thread 0x000002425f132c10 DEOPT UNPACKING pc=0x000002420a6c3aa2 sp=0x00000065ccbf3308 mode 2

Classes loaded (20 events):
Event: 4.530 Loading class java/lang/ThreadDeath
Event: 4.531 Loading class java/lang/ThreadDeath done
Event: 4.549 Loading class java/util/stream/SortedOps$SizedRefSortingSink
Event: 4.549 Loading class java/util/stream/SortedOps$SizedRefSortingSink done
Event: 4.618 Loading class java/util/concurrent/atomic/Striped64$1
Event: 4.618 Loading class java/util/concurrent/atomic/Striped64$1 done
Event: 4.660 Loading class java/net/Authenticator
Event: 4.660 Loading class java/net/Authenticator done
Event: 4.664 Loading class java/net/SocketAddress
Event: 4.665 Loading class java/net/SocketAddress done
Event: 4.665 Loading class java/net/InetSocketAddress
Event: 4.665 Loading class java/net/InetSocketAddress done
Event: 4.665 Loading class java/nio/channels/AsynchronousByteChannel
Event: 4.665 Loading class java/nio/channels/AsynchronousChannel
Event: 4.665 Loading class java/nio/channels/AsynchronousChannel done
Event: 4.665 Loading class java/nio/channels/AsynchronousByteChannel done
Event: 4.723 Loading class java/util/Collections$UnmodifiableSortedSet
Event: 4.724 Loading class java/util/Collections$UnmodifiableSortedSet done
Event: 4.735 Loading class java/util/zip/GZIPOutputStream
Event: 4.736 Loading class java/util/zip/GZIPOutputStream done

Classes unloaded (0 events):
No events

Classes redefined (0 events):
No events

Internal exceptions (20 events):
Event: 4.431 Thread 0x000002425f132c10 Exception <a 'java/lang/NoSuchMethodError'{0x00000000d641df00}: 'void java.lang.invoke.DirectMethodHandle$Holder.invokeSpecial(java.lang.Object, java.lang.Object, java.lang.Object, int)'> (0x00000000d641df00) 
thrown [s\src\hotspot\share\interpreter\linkResolver.cpp, line 773]
Event: 4.431 Thread 0x000002425f132c10 Exception <a 'java/lang/NoSuchMethodError'{0x00000000d6421890}: 'void java.lang.invoke.DelegatingMethodHandle$Holder.reinvoke_L(java.lang.Object, java.lang.Object, int)'> (0x00000000d6421890) 
thrown [s\src\hotspot\share\interpreter\linkResolver.cpp, line 773]
Event: 4.433 Thread 0x000002425f132c10 Exception <a 'java/lang/NoSuchMethodError'{0x00000000d6428578}: 'int java.lang.invoke.Invokers$Holder.invokeExact_MT(java.lang.Object, java.lang.Object, java.lang.Object)'> (0x00000000d6428578) 
thrown [s\src\hotspot\share\interpreter\linkResolver.cpp, line 773]
Event: 4.469 Thread 0x000002425f132c10 Exception <a 'java/lang/NoSuchMethodError'{0x00000000d6534140}: 'void java.lang.invoke.Invokers$Holder.invokeExact_MT(java.lang.Object, java.lang.Object, int, java.lang.Object)'> (0x00000000d6534140) 
thrown [s\src\hotspot\share\interpreter\linkResolver.cpp, line 773]
Event: 4.523 Thread 0x000002425f132c10 Exception <a 'java/lang/NoSuchMethodError'{0x00000000d662fcd8}: 'java.lang.Object java.lang.invoke.DirectMethodHandle$Holder.invokeSpecial(java.lang.Object, java.lang.Object, java.lang.Object, long, java.lang.Object)'> (0x00000000d662fcd8) 
thrown [s\src\hotspot\share\interpreter\linkResolver.cpp, line 773]
Event: 4.525 Thread 0x000002425f132c10 Exception <a 'java/lang/NoSuchMethodError'{0x00000000d6637520}: 'java.lang.Object java.lang.invoke.DirectMethodHandle$Holder.newInvokeSpecial(java.lang.Object, java.lang.Object, java.lang.Object, long)'> (0x00000000d6637520) 
thrown [s\src\hotspot\share\interpreter\linkResolver.cpp, line 773]
Event: 4.526 Thread 0x000002425f132c10 Exception <a 'java/lang/NoSuchMethodError'{0x00000000d663b8d0}: 'java.lang.Object java.lang.invoke.DirectMethodHandle$Holder.invokeSpecial(java.lang.Object, java.lang.Object, java.lang.Object, java.lang.Object, long)'> (0x00000000d663b8d0) 
thrown [s\src\hotspot\share\interpreter\linkResolver.cpp, line 773]
Event: 4.527 Thread 0x000002425f132c10 Exception <a 'java/lang/NoSuchMethodError'{0x00000000d663f4f0}: 'java.lang.Object java.lang.invoke.Invokers$Holder.linkToTargetMethod(java.lang.Object, java.lang.Object, long, java.lang.Object)'> (0x00000000d663f4f0) 
thrown [s\src\hotspot\share\interpreter\linkResolver.cpp, line 773]
Event: 4.546 Thread 0x000002425f132c10 Exception <a 'java/lang/NoSuchMethodError'{0x00000000d66b1458}: 'int java.lang.invoke.DirectMethodHandle$Holder.invokeStaticInit(java.lang.Object, java.lang.Object, java.lang.Object)'> (0x00000000d66b1458) 
thrown [s\src\hotspot\share\interpreter\linkResolver.cpp, line 773]
Event: 4.566 Thread 0x000002425f132c10 Exception <a 'java/lang/IncompatibleClassChangeError'{0x00000000d6740538}: Found class java.lang.Object, but interface was expected> (0x00000000d6740538) 
thrown [s\src\hotspot\share\interpreter\linkResolver.cpp, line 840]
Event: 4.574 Thread 0x000002425f132c10 Exception <a 'java/lang/NoSuchMethodError'{0x00000000d67538c8}: 'java.lang.Object java.lang.invoke.DirectMethodHandle$Holder.invokeSpecial(java.lang.Object, java.lang.Object, java.lang.Object, int, java.lang.Object, java.lang.Object)'> (0x00000000d67538c8) 
thrown [s\src\hotspot\share\interpreter\linkResolver.cpp, line 773]
Event: 4.577 Thread 0x000002425f132c10 Exception <a 'java/lang/NoSuchMethodError'{0x00000000d675b3a0}: 'java.lang.Object java.lang.invoke.DirectMethodHandle$Holder.newInvokeSpecial(java.lang.Object, java.lang.Object, java.lang.Object, int, java.lang.Object)'> (0x00000000d675b3a0) 
thrown [s\src\hotspot\share\interpreter\linkResolver.cpp, line 773]
Event: 4.578 Thread 0x000002425f132c10 Exception <a 'java/lang/NoSuchMethodError'{0x00000000d675f320}: 'java.lang.Object java.lang.invoke.DirectMethodHandle$Holder.invokeSpecial(java.lang.Object, java.lang.Object, java.lang.Object, java.lang.Object, int, java.lang.Object)'> (0x00000000d675f320) 
thrown [s\src\hotspot\share\interpreter\linkResolver.cpp, line 773]
Event: 4.579 Thread 0x000002425f132c10 Exception <a 'java/lang/NoSuchMethodError'{0x00000000d6762e60}: 'java.lang.Object java.lang.invoke.Invokers$Holder.linkToTargetMethod(java.lang.Object, java.lang.Object, int, java.lang.Object, java.lang.Object)'> (0x00000000d6762e60) 
thrown [s\src\hotspot\share\interpreter\linkResolver.cpp, line 773]
Event: 4.582 Thread 0x000002425f446700 Exception <a 'java/lang/NoSuchMethodError'{0x00000000d667b9a0}: 'java.lang.Object java.lang.invoke.DirectMethodHandle$Holder.invokeSpecial(java.lang.Object, java.lang.Object, int, java.lang.Object, java.lang.Object)'> (0x00000000d667b9a0) 
thrown [s\src\hotspot\share\interpreter\linkResolver.cpp, line 773]
Event: 4.583 Thread 0x000002425f446700 Exception <a 'java/lang/NoSuchMethodError'{0x00000000d66826d8}: 'java.lang.Object java.lang.invoke.DirectMethodHandle$Holder.newInvokeSpecial(java.lang.Object, java.lang.Object, int, java.lang.Object)'> (0x00000000d66826d8) 
thrown [s\src\hotspot\share\interpreter\linkResolver.cpp, line 773]
Event: 4.585 Thread 0x000002425f446700 Exception <a 'java/lang/NoSuchMethodError'{0x00000000d6685fb8}: 'java.lang.Object java.lang.invoke.DirectMethodHandle$Holder.invokeSpecial(java.lang.Object, java.lang.Object, java.lang.Object, int, java.lang.Object)'> (0x00000000d6685fb8) 
thrown [s\src\hotspot\share\interpreter\linkResolver.cpp, line 773]
Event: 4.628 Thread 0x000002425f132c10 Exception <a 'java/lang/NoSuchMethodError'{0x00000000d6888b88}: 'void java.lang.invoke.DirectMethodHandle$Holder.invokeSpecial(java.lang.Object, java.lang.Object, java.lang.Object, java.lang.Object, java.lang.Object)'> (0x00000000d6888b88) 
thrown [s\src\hotspot\share\interpreter\linkResolver.cpp, line 773]
Event: 4.718 Thread 0x000002425f132c10 Exception <a 'java/lang/NoSuchMethodError'{0x00000000d6b55728}: 'double java.lang.invoke.DirectMethodHandle$Holder.invokeStatic(java.lang.Object, java.lang.Object)'> (0x00000000d6b55728) 
thrown [s\src\hotspot\share\interpreter\linkResolver.cpp, line 773]
Event: 4.719 Thread 0x000002425f132c10 Exception <a 'java/lang/NoSuchMethodError'{0x00000000d6b58de8}: 'double java.lang.invoke.DirectMethodHandle$Holder.invokeStaticInit(java.lang.Object, java.lang.Object)'> (0x00000000d6b58de8) 
thrown [s\src\hotspot\share\interpreter\linkResolver.cpp, line 773]

ZGC Phase Switch (0 events):
No events

VM Operations (20 events):
Event: 2.309 Executing non-safepoint VM operation: HandshakeAllThreads (Deoptimize)
Event: 2.309 Executing non-safepoint VM operation: HandshakeAllThreads (Deoptimize) done
Event: 2.701 Executing safepoint VM operation: ICBufferFull
Event: 2.701 Executing safepoint VM operation: ICBufferFull done
Event: 2.722 Executing safepoint VM operation: ParallelGCFailedAllocation (Allocation Failure)
Event: 2.733 Executing safepoint VM operation: ParallelGCFailedAllocation (Allocation Failure) done
Event: 2.994 Executing non-safepoint VM operation: HandshakeAllThreads (Deoptimize)
Event: 2.994 Executing non-safepoint VM operation: HandshakeAllThreads (Deoptimize) done
Event: 3.464 Executing non-safepoint VM operation: HandshakeAllThreads (Deoptimize)
Event: 3.465 Executing non-safepoint VM operation: HandshakeAllThreads (Deoptimize) done
Event: 3.731 Executing safepoint VM operation: ParallelGCFailedAllocation (Allocation Failure)
Event: 3.739 Executing safepoint VM operation: ParallelGCFailedAllocation (Allocation Failure) done
Event: 3.874 Executing non-safepoint VM operation: HandshakeAllThreads (Deoptimize)
Event: 3.874 Executing non-safepoint VM operation: HandshakeAllThreads (Deoptimize) done
Event: 3.885 Executing non-safepoint VM operation: HandshakeAllThreads (Deoptimize)
Event: 3.885 Executing non-safepoint VM operation: HandshakeAllThreads (Deoptimize) done
Event: 3.923 Executing non-safepoint VM operation: HandshakeAllThreads (Deoptimize)
Event: 3.923 Executing non-safepoint VM operation: HandshakeAllThreads (Deoptimize) done
Event: 4.404 Executing non-safepoint VM operation: HandshakeAllThreads (Deoptimize)
Event: 4.404 Executing non-safepoint VM operation: HandshakeAllThreads (Deoptimize) done

Memory protections (0 events):
No events

Nmethod flushes (0 events):
No events

Events (20 events):
Event: 0.500 Thread 0x000002427fc17360 Thread added: 0x00000242595d8fe0
Event: 0.718 Thread 0x000002427fb5b230 Thread added: 0x000002425967e740
Event: 0.970 Thread 0x000002427fc17360 Thread added: 0x000002425a4bcf50
Event: 1.625 Thread 0x000002425a4bcf50 Thread exited: 0x000002425a4bcf50
Event: 1.790 Thread 0x000002427fc17360 Thread added: 0x000002425a9e1d50
Event: 2.188 Thread 0x000002427fb5b230 Thread added: 0x000002425a5b1530
Event: 2.630 Thread 0x000002425a9e1d50 Thread exited: 0x000002425a9e1d50
Event: 2.673 Thread 0x000002427fb5b230 Thread added: 0x000002425f172ab0
Event: 2.682 Thread 0x000002427fb5b230 Thread added: 0x000002425f132c10
Event: 2.775 Thread 0x00000242595d8fe0 Thread exited: 0x00000242595d8fe0
Event: 2.969 Thread 0x000002425f132c10 Thread added: 0x00000242595d97f0
Event: 3.132 Thread 0x000002427fc17360 Thread added: 0x000002425f05f320
Event: 3.132 Thread 0x000002427fc17360 Thread added: 0x000002425f061c00
Event: 3.538 Thread 0x000002425f132c10 Thread added: 0x000002425f358390
Event: 3.576 Thread 0x000002425f061c00 Thread exited: 0x000002425f061c00
Event: 4.116 Thread 0x000002425f05f320 Thread exited: 0x000002425f05f320
Event: 4.446 Thread 0x000002425f132c10 Thread added: 0x000002425f476290
Event: 4.535 Thread 0x000002425f132c10 Thread added: 0x000002425f446700
Event: 4.583 Thread 0x000002425f132c10 Thread added: 0x000002425f21fe50
Event: 4.757 Thread 0x000002427fc17360 Thread added: 0x000002425f0600c0


Dynamic libraries:
0x00007ff771880000 - 0x00007ff77188e000 	c:\Users\kalra\.vscode\extensions\redhat.java-1.53.0-win32-x64\jre\21.0.10-win32-x86_64\bin\java.exe
0x00007ffac2180000 - 0x00007ffac23e7000 	C:\WINDOWS\SYSTEM32\ntdll.dll
0x00007ffac0d20000 - 0x00007ffac0de9000 	C:\WINDOWS\System32\KERNEL32.DLL
0x00007ffabee80000 - 0x00007ffabf271000 	C:\WINDOWS\System32\KERNELBASE.dll
0x00007ffabec00000 - 0x00007ffabed4b000 	C:\WINDOWS\System32\ucrtbase.dll
0x00007ffaa7dd0000 - 0x00007ffaa7dee000 	c:\Users\kalra\.vscode\extensions\redhat.java-1.53.0-win32-x64\jre\21.0.10-win32-x86_64\bin\VCRUNTIME140.dll
0x00007ffaa7780000 - 0x00007ffaa7798000 	c:\Users\kalra\.vscode\extensions\redhat.java-1.53.0-win32-x64\jre\21.0.10-win32-x86_64\bin\jli.dll
0x00007ffac0f10000 - 0x00007ffac10d5000 	C:\WINDOWS\System32\USER32.dll
0x00007ffabea60000 - 0x00007ffabea87000 	C:\WINDOWS\System32\win32u.dll
0x00007ffaa79f0000 - 0x00007ffaa7c83000 	C:\WINDOWS\WinSxS\amd64_microsoft.windows.common-controls_6595b64144ccf1df_6.0.26100.8037_none_3e092faae333b53b\COMCTL32.dll
0x00007ffac2090000 - 0x00007ffac20bb000 	C:\WINDOWS\System32\GDI32.dll
0x00007ffac07f0000 - 0x00007ffac0899000 	C:\WINDOWS\System32\msvcrt.dll
0x00007ffabed50000 - 0x00007ffabee7b000 	C:\WINDOWS\System32\gdi32full.dll
0x00007ffabfd00000 - 0x00007ffabfda3000 	C:\WINDOWS\System32\msvcp_win.dll
0x00007ffac07b0000 - 0x00007ffac07e1000 	C:\WINDOWS\System32\IMM32.DLL
0x00007ffab4ea0000 - 0x00007ffab4eac000 	c:\Users\kalra\.vscode\extensions\redhat.java-1.53.0-win32-x64\jre\21.0.10-win32-x86_64\bin\vcruntime140_1.dll
0x00007ffa8a000000 - 0x00007ffa8a08d000 	c:\Users\kalra\.vscode\extensions\redhat.java-1.53.0-win32-x64\jre\21.0.10-win32-x86_64\bin\msvcp140.dll
0x00007ffa27e60000 - 0x00007ffa28c01000 	c:\Users\kalra\.vscode\extensions\redhat.java-1.53.0-win32-x64\jre\21.0.10-win32-x86_64\bin\server\jvm.dll
0x00007ffac02f0000 - 0x00007ffac03ab000 	C:\WINDOWS\System32\ADVAPI32.dll
0x00007ffac0a80000 - 0x00007ffac0b27000 	C:\WINDOWS\System32\sechost.dll
0x00007ffac0df0000 - 0x00007ffac0f08000 	C:\WINDOWS\System32\RPCRT4.dll
0x00007ffac1860000 - 0x00007ffac18d4000 	C:\WINDOWS\System32\WS2_32.dll
0x00007ffabe8c0000 - 0x00007ffabe91e000 	C:\WINDOWS\SYSTEM32\POWRPROF.dll
0x00007ffab7ae0000 - 0x00007ffab7aeb000 	C:\WINDOWS\SYSTEM32\VERSION.dll
0x00007ffab7aa0000 - 0x00007ffab7ad5000 	C:\WINDOWS\SYSTEM32\WINMM.dll
0x00007ffabe8a0000 - 0x00007ffabe8b4000 	C:\WINDOWS\SYSTEM32\UMPDC.dll
0x00007ffabd7f0000 - 0x00007ffabd80b000 	C:\WINDOWS\SYSTEM32\kernel.appcore.dll
0x00007ffaa7830000 - 0x00007ffaa783a000 	c:\Users\kalra\.vscode\extensions\redhat.java-1.53.0-win32-x64\jre\21.0.10-win32-x86_64\bin\jimage.dll
0x00007ffab3490000 - 0x00007ffab36d2000 	C:\WINDOWS\SYSTEM32\DBGHELP.DLL
0x00007ffac03b0000 - 0x00007ffac0732000 	C:\WINDOWS\System32\combase.dll
0x00007ffac08a0000 - 0x00007ffac0977000 	C:\WINDOWS\System32\OLEAUT32.dll
0x00007ffaa1b70000 - 0x00007ffaa1bab000 	C:\WINDOWS\SYSTEM32\dbgcore.DLL
0x00007ffabea90000 - 0x00007ffabeb35000 	C:\WINDOWS\System32\bcryptPrimitives.dll
0x00007ffaa7770000 - 0x00007ffaa777f000 	c:\Users\kalra\.vscode\extensions\redhat.java-1.53.0-win32-x64\jre\21.0.10-win32-x86_64\bin\instrument.dll
0x00007ffaa7750000 - 0x00007ffaa7770000 	c:\Users\kalra\.vscode\extensions\redhat.java-1.53.0-win32-x64\jre\21.0.10-win32-x86_64\bin\java.dll
0x00007ffac10f0000 - 0x00007ffac184f000 	C:\WINDOWS\System32\SHELL32.dll
0x00007ffabfdb0000 - 0x00007ffabff1a000 	C:\WINDOWS\System32\wintypes.dll
0x00007ffabf490000 - 0x00007ffabfcf4000 	C:\WINDOWS\System32\windows.storage.dll
0x00007ffac18e0000 - 0x00007ffac19d7000 	C:\WINDOWS\System32\SHCORE.dll
0x00007ffac0740000 - 0x00007ffac07a7000 	C:\WINDOWS\System32\shlwapi.dll
0x00007ffabe980000 - 0x00007ffabe9a9000 	C:\WINDOWS\SYSTEM32\profapi.dll
0x00007ffaa74b0000 - 0x00007ffaa74c8000 	c:\Users\kalra\.vscode\extensions\redhat.java-1.53.0-win32-x64\jre\21.0.10-win32-x86_64\bin\zip.dll
0x00007ffaa7740000 - 0x00007ffaa7750000 	C:\Users\kalra\.vscode\extensions\redhat.java-1.53.0-win32-x64\jre\21.0.10-win32-x86_64\bin\net.dll
0x00007ffab81d0000 - 0x00007ffab82f7000 	C:\WINDOWS\SYSTEM32\WINHTTP.dll
0x00007ffabdd60000 - 0x00007ffabddcb000 	C:\WINDOWS\system32\mswsock.dll
0x00007ffaa56a0000 - 0x00007ffaa56b6000 	C:\Users\kalra\.vscode\extensions\redhat.java-1.53.0-win32-x64\jre\21.0.10-win32-x86_64\bin\nio.dll
0x00007ffaa76a0000 - 0x00007ffaa76b0000 	c:\Users\kalra\.vscode\extensions\redhat.java-1.53.0-win32-x64\jre\21.0.10-win32-x86_64\bin\verify.dll
0x00007ffa954e0000 - 0x00007ffa95525000 	C:\Users\kalra\AppData\Roaming\Code\User\globalStorage\redhat.java\1.53.0\config_ss_win\org.eclipse.equinox.launcher\org.eclipse.equinox.launcher.win32.win32.x86_64_1.3.0.v20260203-2149\eclipse_11919.dll
0x00007ffabff70000 - 0x00007ffac0105000 	C:\WINDOWS\System32\ole32.dll
0x00007ffabe040000 - 0x00007ffabe05b000 	C:\WINDOWS\SYSTEM32\CRYPTSP.dll
0x00007ffabd750000 - 0x00007ffabd789000 	C:\WINDOWS\system32\rsaenh.dll
0x00007ffabde10000 - 0x00007ffabde42000 	C:\WINDOWS\SYSTEM32\USERENV.dll
0x00007ffabe950000 - 0x00007ffabe97a000 	C:\WINDOWS\SYSTEM32\bcrypt.dll
0x00007ffabe060000 - 0x00007ffabe06c000 	C:\WINDOWS\SYSTEM32\CRYPTBASE.dll
0x00007ffabd1e0000 - 0x00007ffabd213000 	C:\WINDOWS\SYSTEM32\IPHLPAPI.DLL
0x00007ffac10e0000 - 0x00007ffac10ea000 	C:\WINDOWS\System32\NSI.dll
0x00007ffa94a30000 - 0x00007ffa94a79000 	C:\Users\kalra\AppData\Local\Temp\jna-101813893\jna17190367420772132345.dll
0x00007ffac0bf0000 - 0x00007ffac0bf8000 	C:\WINDOWS\System32\PSAPI.DLL

JVMTI agents:
c:\Users\kalra\.vscode\extensions\redhat.java-1.53.0-win32-x64\lombok\lombok-1.18.39-4050.jar path:c:\Users\kalra\.vscode\extensions\redhat.java-1.53.0-win32-x64\jre\21.0.10-win32-x86_64\bin\instrument.dll, loaded, initialized, instrumentlib options:none

dbghelp: loaded successfully - version: 4.0.5 - missing functions: none
symbol engine: initialized successfully - sym options: 0x614 - pdb path: .;c:\Users\kalra\.vscode\extensions\redhat.java-1.53.0-win32-x64\jre\21.0.10-win32-x86_64\bin;C:\WINDOWS\SYSTEM32;C:\WINDOWS\WinSxS\amd64_microsoft.windows.common-controls_6595b64144ccf1df_6.0.26100.8037_none_3e092faae333b53b;c:\Users\kalra\.vscode\extensions\redhat.java-1.53.0-win32-x64\jre\21.0.10-win32-x86_64\bin\server;C:\Users\kalra\AppData\Roaming\Code\User\globalStorage\redhat.java\1.53.0\config_ss_win\org.eclipse.equinox.launcher\org.eclipse.equinox.launcher.win32.win32.x86_64_1.3.0.v20260203-2149;C:\Users\kalra\AppData\Local\Temp\jna-101813893

VM Arguments:
jvm_args: --add-modules=ALL-SYSTEM --add-opens=java.base/java.util=ALL-UNNAMED --add-opens=java.base/java.lang=ALL-UNNAMED --add-opens=java.base/sun.nio.fs=ALL-UNNAMED -Declipse.application=org.eclipse.jdt.ls.core.id1 -Dosgi.bundles.defaultStartLevel=4 -Declipse.product=org.eclipse.jdt.ls.core.product -Djava.import.generatesMetadataFilesAtProjectRoot=false -DDetectVMInstallationsJob.disabled=true -Dfile.encoding=utf8 -XX:+UseParallelGC -XX:GCTimeRatio=4 -XX:AdaptiveSizePolicyWeight=90 -Dsun.zip.disableMemoryMapping=true -Xmx2G -Xms100m -Xlog:disable -javaagent:c:\Users\kalra\.vscode\extensions\redhat.java-1.53.0-win32-x64\lombok\lombok-1.18.39-4050.jar 
java_command: c:\Users\kalra\.vscode\extensions\redhat.java-1.53.0-win32-x64\server\plugins\org.eclipse.equinox.launcher_1.7.100.v20251111-0406.jar -configuration c:\Users\kalra\AppData\Roaming\Code\User\globalStorage\redhat.java\1.53.0\config_ss_win -data c:\Users\kalra\AppData\Roaming\Code\User\workspaceStorage\4fda5c3b26c15e0cb27154c0e992db6d\redhat.java\ss_ws --pipe=\\.\pipe\lsp-d1414e5fdb5e4567f61d305fe180019e-sock
java_class_path (initial): c:\Users\kalra\.vscode\extensions\redhat.java-1.53.0-win32-x64\server\plugins\org.eclipse.equinox.launcher_1.7.100.v20251111-0406.jar
Launcher Type: SUN_STANDARD

[Global flags]
    uintx AdaptiveSizePolicyWeight                 = 90                                        {product} {command line}
     intx CICompilerCount                          = 4                                         {product} {ergonomic}
    uintx GCTimeRatio                              = 4                                         {product} {command line}
   size_t InitialHeapSize                          = 104857600                                 {product} {command line}
   size_t MaxHeapSize                              = 2147483648                                {product} {command line}
   size_t MaxNewSize                               = 715653120                                 {product} {ergonomic}
   size_t MinHeapDeltaBytes                        = 524288                                    {product} {ergonomic}
   size_t MinHeapSize                              = 104857600                                 {product} {command line}
   size_t NewSize                                  = 34603008                                  {product} {ergonomic}
    uintx NonNMethodCodeHeapSize                   = 5839372                                {pd product} {ergonomic}
    uintx NonProfiledCodeHeapSize                  = 122909434                              {pd product} {ergonomic}
   size_t OldSize                                  = 70254592                                  {product} {ergonomic}
    uintx ProfiledCodeHeapSize                     = 122909434                              {pd product} {ergonomic}
    uintx ReservedCodeCacheSize                    = 251658240                              {pd product} {ergonomic}
     bool SegmentedCodeCache                       = true                                      {product} {ergonomic}
   size_t SoftMaxHeapSize                          = 2147483648                             {manageable} {ergonomic}
     bool UseCompressedOops                        = true                           {product lp64_product} {ergonomic}
     bool UseLargePagesIndividualAllocation        = false                                  {pd product} {ergonomic}
     bool UseParallelGC                            = true                                      {product} {command line}

Logging:
Log output configuration:
 #0: stdout all=off uptime,level,tags foldmultilines=false
 #1: stderr all=off uptime,level,tags foldmultilines=false

Release file:
JAVA_VERSION="21.0.10" 
MODULES="java.base java.compiler java.datatransfer java.xml java.prefs java.desktop java.instrument java.logging java.management java.security.sasl java.naming java.rmi java.management.rmi java.net.http java.scripting java.security.jgss java.transaction.xa java.sql java.sql.rowset java.xml.crypto java.se java.smartcardio jdk.accessibility jdk.internal.jvmstat jdk.attach jdk.charsets jdk.internal.opt jdk.zipfs jdk.compiler jdk.crypto.ec jdk.crypto.cryptoki jdk.crypto.mscapi jdk.dynalink jdk.internal.ed jdk.editpad jdk.hotspot.agent jdk.httpserver jdk.internal.le jdk.internal.vm.ci jdk.internal.vm.compiler jdk.internal.vm.compiler.management jdk.jartool jdk.javadoc jdk.jcmd jdk.management jdk.management.agent jdk.jconsole jdk.jdeps jdk.jdwp.agent jdk.jdi jdk.jfr jdk.jshell jdk.jsobject jdk.jstatd jdk.localedata jdk.management.jfr jdk.naming.dns jdk.naming.rmi jdk.net jdk.nio.mapmode jdk.random jdk.sctp jdk.security.auth jdk.security.jgss jdk.unsupported jdk.unsupported.desktop jdk.xml.dom" 

Environment Variables:
PATH=C:\Users\kalra\AppData\Local\Programs\Microsoft VS Code;C:\Python314\Scripts\;C:\Python314\;C:\Program Files\nodejs\;C:\ProgramData\chocolatey\bin;D:\Git\cmd;C:\Users\kalra\AppData\Local\Programs\Python\Python313\Scripts\;C:\Users\kalra\AppData\Local\Programs\Python\Python313\;C:\Program Files\MySQL\MySQL Shell 8.0\bin\;C:\Users\kalra\AppData\Local\Programs\Python\Python312\Scripts\;C:\Users\kalra\AppData\Local\Programs\Python\Python312\;C:\Users\kalra\AppData\Local\Microsoft\WindowsApps;C:\Users\kalra\AppData\Local\Programs\Microsoft VS Code\bin;C:\Program Files\Azure Data Studio\bin;%JAVA_HOME%\bin;C:\Program Files\Maven\apache-maven-3.9.11\bin;C:\Program Files\MySQL\MySQL Server 8.0\bin;C:\Users\kalra\AppData\Roaming\npm;C:\Users\kalra\Downloads\flutter_windows_3.41.4-stable\flutter\bin;C:\Windows\System32;C:\Program Files\Git\cmd;C:\Windows\System32\WindowsPowerShell\v1.0\;
USERNAME=kalra
OS=Windows_NT
PROCESSOR_IDENTIFIER=AMD64 Family 23 Model 104 Stepping 1, AuthenticAMD
TMP=C:\Users\kalra\AppData\Local\Temp
TEMP=C:\Users\kalra\AppData\Local\Temp




Periodic native trim disabled

---------------  S Y S T E M  ---------------

OS:
 Windows 11 , 64 bit Build 26100 (10.0.26100.7920)
OS uptime: 0 days 2:52 hours
Hyper-V role detected

CPU: total 12 (initial active 12) (12 cores per cpu, 2 threads per core) family 23 model 104 stepping 1 microcode 0x8608107, cx8, cmov, fxsr, ht, mmx, 3dnowpref, sse, sse2, sse3, ssse3, sse4a, sse4.1, sse4.2, popcnt, lzcnt, tsc, tscinvbit, avx, avx2, aes, clmul, bmi1, bmi2, adx, sha, fma, vzeroupper, clflush, clflushopt, hv, rdtscp, rdpid, f16c
Processor Information for the first 12 processors :
  Max Mhz: 2100, Current Mhz: 1686, Mhz Limit: 2100

Memory: 4k page, system-wide physical 7501M (750M free)
TotalPageFile size 14972M (AvailPageFile size 131M)
current process WorkingSet (physical memory assigned to process): 120M, peak: 120M
current process commit charge ("private bytes"): 266M, peak: 266M

vm_info: OpenJDK 64-Bit Server VM (21.0.10+7-LTS) for windows-amd64 JRE (21.0.10+7-LTS), built on 2026-01-20T00:00:00Z by "admin" with MS VC++ 17.12 (VS2022)

END.
