#
# There is insufficient memory for the Java Runtime Environment to continue.
# Native memory allocation (malloc) failed to allocate 646992 bytes. Error detail: Chunk::new
# Possible reasons:
#   The system is out of physical RAM or swap space
#   This process is running with CompressedOops enabled, and the Java Heap may be blocking the growth of the native heap
# Possible solutions:
#   Reduce memory load on the system
#   Increase physical memory or swap space
#   Check if swap backing store is full
#   Decrease Java heap size (-Xmx/-Xms)
#   Decrease number of Java threads
#   Decrease Java thread stack sizes (-Xss)
#   Set larger code cache with -XX:ReservedCodeCacheSize=
#   JVM is running with Unscaled Compressed Oops mode in which the Java heap is
#     placed in the first 4GB address space. The Java Heap base address is the
#     maximum limit for the native heap growth. Please use -XX:HeapBaseMinAddress
#     to set the Java Heap base and to place the Java Heap above 4GB virtual address.
# This output file may be truncated or incomplete.
#
#  Out of Memory Error (arena.cpp:168), pid=10836, tid=3088
#
# JRE version: OpenJDK Runtime Environment Temurin-21.0.10+7 (21.0.10+7) (build 21.0.10+7-LTS)
# Java VM: OpenJDK 64-Bit Server VM Temurin-21.0.10+7 (21.0.10+7-LTS, mixed mode, sharing, tiered, compressed oops, compressed class ptrs, parallel gc, windows-amd64)
# No core dump will be written. Minidumps are not enabled by default on client versions of Windows
#

---------------  S U M M A R Y ------------

Command Line: --add-modules=ALL-SYSTEM --add-opens=java.base/java.util=ALL-UNNAMED --add-opens=java.base/java.lang=ALL-UNNAMED --add-opens=java.base/sun.nio.fs=ALL-UNNAMED -Declipse.application=org.eclipse.jdt.ls.core.id1 -Dosgi.bundles.defaultStartLevel=4 -Declipse.product=org.eclipse.jdt.ls.core.product -Djava.import.generatesMetadataFilesAtProjectRoot=false -DDetectVMInstallationsJob.disabled=true -Dfile.encoding=utf8 -XX:+UseParallelGC -XX:GCTimeRatio=4 -XX:AdaptiveSizePolicyWeight=90 -Dsun.zip.disableMemoryMapping=true -Xmx2G -Xms100m -Xlog:disable -javaagent:c:\Users\kalra\.vscode\extensions\redhat.java-1.53.0-win32-x64\lombok\lombok-1.18.39-4050.jar -XX:+HeapDumpOnOutOfMemoryError -XX:HeapDumpPath=c:\Users\kalra\AppData\Roaming\Code\User\workspaceStorage\4fda5c3b26c15e0cb27154c0e992db6d\redhat.java -Daether.dependencyCollector.impl=bf c:\Users\kalra\.vscode\extensions\redhat.java-1.53.0-win32-x64\server\plugins\org.eclipse.equinox.launcher_1.7.100.v20251111-0406.jar -configuration c:\Users\kalra\AppData\Roaming\Code\User\globalStorage\redhat.java\1.53.0\config_win -data c:\Users\kalra\AppData\Roaming\Code\User\workspaceStorage\4fda5c3b26c15e0cb27154c0e992db6d\redhat.java\jdt_ws --pipe=\\.\pipe\lsp-d01e2b9833bf9666a134dfefdd483bae-sock

Host: AMD Ryzen 5 5500U with Radeon Graphics         , 12 cores, 7G,  Windows 11 , 64 bit Build 26100 (10.0.26100.7920)
Time: Sun Mar 29 13:19:32 2026 India Standard Time elapsed time: 4.136828 seconds (0d 0h 0m 4s)

---------------  T H R E A D  ---------------

Current thread (0x000002a059d2ac60):  JavaThread "C2 CompilerThread0" daemon [_thread_in_native, id=3088, stack(0x000000f1a2700000,0x000000f1a2800000) (1024K)]


Current CompileTask:
C2:4136 2317       4       org.eclipse.osgi.util.ManifestElement::readLine (122 bytes)

Stack: [0x000000f1a2700000,0x000000f1a2800000]
Native frames: (J=compiled Java code, j=interpreted, Vv=VM code, C=native code)
V  [jvm.dll+0x6d7a39]
V  [jvm.dll+0x8b4b26]
V  [jvm.dll+0x8b70de]
V  [jvm.dll+0x8b77c3]
V  [jvm.dll+0x284346]
V  [jvm.dll+0xc66ed]
V  [jvm.dll+0xc6c31]
V  [jvm.dll+0x3bec3b]
V  [jvm.dll+0x38b162]
V  [jvm.dll+0x38a5aa]
V  [jvm.dll+0x24c560]
V  [jvm.dll+0x24bb40]
V  [jvm.dll+0x1cb34e]
V  [jvm.dll+0x25b85d]
V  [jvm.dll+0x259dea]
V  [jvm.dll+0x3f857e]
V  [jvm.dll+0x85f59d]
V  [jvm.dll+0x6d626d]
C  [ucrtbase.dll+0x37b0]
C  [KERNEL32.DLL+0x2e8d7]
C  [ntdll.dll+0x8c48c]


---------------  P R O C E S S  ---------------

Threads class SMR info:
_java_thread_list=0x000002a077aa8680, length=16, elements={
0x000002a05775ad10, 0x000002a059c1ba50, 0x000002a059d12710, 0x000002a059d16000,
0x000002a059d18c70, 0x000002a059d1c710, 0x000002a059d27d30, 0x000002a059d2ac60,
0x000002a071995f40, 0x000002a071b8bbd0, 0x000002a071cd2d20, 0x000002a07756f7d0,
0x000002a0779fe830, 0x000002a077998ab0, 0x000002a0779555f0, 0x000002a07797b770
}

Java Threads: ( => current thread )
  0x000002a05775ad10 JavaThread "main"                              [_thread_blocked, id=1728, stack(0x000000f1a1d00000,0x000000f1a1e00000) (1024K)]
  0x000002a059c1ba50 JavaThread "Reference Handler"          daemon [_thread_blocked, id=10104, stack(0x000000f1a2100000,0x000000f1a2200000) (1024K)]
  0x000002a059d12710 JavaThread "Finalizer"                  daemon [_thread_blocked, id=9728, stack(0x000000f1a2200000,0x000000f1a2300000) (1024K)]
  0x000002a059d16000 JavaThread "Signal Dispatcher"          daemon [_thread_blocked, id=22212, stack(0x000000f1a2300000,0x000000f1a2400000) (1024K)]
  0x000002a059d18c70 JavaThread "Attach Listener"            daemon [_thread_blocked, id=4044, stack(0x000000f1a2400000,0x000000f1a2500000) (1024K)]
  0x000002a059d1c710 JavaThread "Service Thread"             daemon [_thread_blocked, id=22684, stack(0x000000f1a2500000,0x000000f1a2600000) (1024K)]
  0x000002a059d27d30 JavaThread "Monitor Deflation Thread"   daemon [_thread_blocked, id=7732, stack(0x000000f1a2600000,0x000000f1a2700000) (1024K)]
=>0x000002a059d2ac60 JavaThread "C2 CompilerThread0"         daemon [_thread_in_native, id=3088, stack(0x000000f1a2700000,0x000000f1a2800000) (1024K)]
  0x000002a071995f40 JavaThread "C1 CompilerThread0"         daemon [_thread_blocked, id=23420, stack(0x000000f1a2800000,0x000000f1a2900000) (1024K)]
  0x000002a071b8bbd0 JavaThread "Common-Cleaner"             daemon [_thread_blocked, id=23436, stack(0x000000f1a2a00000,0x000000f1a2b00000) (1024K)]
  0x000002a071cd2d20 JavaThread "Notification Thread"        daemon [_thread_blocked, id=3976, stack(0x000000f1a2b00000,0x000000f1a2c00000) (1024K)]
  0x000002a07756f7d0 JavaThread "Active Thread: Equinox Container: f1d8d7bc-a43c-410e-9612-5b90fbd59775"        [_thread_blocked, id=11344, stack(0x000000f1a3200000,0x000000f1a3300000) (1024K)]
  0x000002a0779fe830 JavaThread "Refresh Thread: Equinox Container: f1d8d7bc-a43c-410e-9612-5b90fbd59775" daemon [_thread_blocked, id=1692, stack(0x000000f1a3400000,0x000000f1a3500000) (1024K)]
  0x000002a077998ab0 JavaThread "Framework Event Dispatcher: Equinox Container: f1d8d7bc-a43c-410e-9612-5b90fbd59775" daemon [_thread_blocked, id=22756, stack(0x000000f1a2900000,0x000000f1a2a00000) (1024K)]
  0x000002a0779555f0 JavaThread "Start Level: Equinox Container: f1d8d7bc-a43c-410e-9612-5b90fbd59775" daemon [_thread_in_Java, id=16212, stack(0x000000f1a3500000,0x000000f1a3600000) (1024K)]
  0x000002a07797b770 JavaThread "Bundle File Closer"         daemon [_thread_blocked, id=1400, stack(0x000000f1a3900000,0x000000f1a3a00000) (1024K)]
Total: 16

Other Threads:
  0x000002a059c02c80 VMThread "VM Thread"                           [id=10304, stack(0x000000f1a2000000,0x000000f1a2100000) (1024K)]
  0x000002a059afca00 WatcherThread "VM Periodic Task Thread"        [id=2188, stack(0x000000f1a1f00000,0x000000f1a2000000) (1024K)]
  0x000002a059c91a80 WorkerThread "GC Thread#0"                     [id=15268, stack(0x000000f1a1e00000,0x000000f1a1f00000) (1024K)]
  0x000002a0776586c0 WorkerThread "GC Thread#1"                     [id=21732, stack(0x000000f1a2c00000,0x000000f1a2d00000) (1024K)]
  0x000002a07717daa0 WorkerThread "GC Thread#2"                     [id=11340, stack(0x000000f1a2d00000,0x000000f1a2e00000) (1024K)]
  0x000002a077096720 WorkerThread "GC Thread#3"                     [id=17108, stack(0x000000f1a2e00000,0x000000f1a2f00000) (1024K)]
  0x000002a077096ad0 WorkerThread "GC Thread#4"                     [id=14524, stack(0x000000f1a2f00000,0x000000f1a3000000) (1024K)]
  0x000002a0774a5b20 WorkerThread "GC Thread#5"                     [id=22420, stack(0x000000f1a3000000,0x000000f1a3100000) (1024K)]
  0x000002a0774a5ed0 WorkerThread "GC Thread#6"                     [id=9152, stack(0x000000f1a3100000,0x000000f1a3200000) (1024K)]
  0x000002a077431130 WorkerThread "GC Thread#7"                     [id=12624, stack(0x000000f1a3300000,0x000000f1a3400000) (1024K)]
  0x000002a077d798f0 WorkerThread "GC Thread#8"                     [id=23372, stack(0x000000f1a3700000,0x000000f1a3800000) (1024K)]
  0x000002a077c59240 WorkerThread "GC Thread#9"                     [id=19696, stack(0x000000f1a3800000,0x000000f1a3900000) (1024K)]
Total: 12

Threads with active compile tasks:
C2 CompilerThread0  4157 2317       4       org.eclipse.osgi.util.ManifestElement::readLine (122 bytes)
Total: 1

VM state: not at safepoint (normal execution)

VM Mutex/Monitor currently owned by a thread: None

Heap address: 0x0000000080000000, size: 2048 MB, Compressed Oops mode: 32-bit

CDS archive(s) mapped at: [0x000002a000000000-0x000002a000ba0000-0x000002a000ba0000), size 12189696, SharedBaseAddress: 0x000002a000000000, ArchiveRelocationMode: 1.
Compressed class space mapped at: 0x000002a001000000-0x000002a041000000, reserved size: 1073741824
Narrow klass base: 0x000002a000000000, Narrow klass shift: 0, Narrow klass range: 0x100000000

GC Precious Log:
 CardTable entry size: 512
 CPUs: 12 total, 12 available
 Memory: 7501M
 Large Page Support: Disabled
 NUMA Support: Disabled
 Compressed Oops: Enabled (32-bit)
 Alignments: Space 512K, Generation 512K, Heap 2M
 Heap Min Capacity: 100M
 Heap Initial Capacity: 100M
 Heap Max Capacity: 2G
 Pre-touch: Disabled
 Parallel Workers: 10

Heap:
 PSYoungGen      total 29696K, used 14153K [0x00000000d5580000, 0x00000000d7680000, 0x0000000100000000)
  eden space 25600K, 39% used [0x00000000d5580000,0x00000000d5f534a0,0x00000000d6e80000)
  from space 4096K, 99% used [0x00000000d6e80000,0x00000000d727f168,0x00000000d7280000)
  to   space 4096K, 0% used [0x00000000d7280000,0x00000000d7280000,0x00000000d7680000)
 ParOldGen       total 68608K, used 4847K [0x0000000080000000, 0x0000000084300000, 0x00000000d5580000)
  object space 68608K, 7% used [0x0000000080000000,0x00000000804bbd70,0x0000000084300000)
 Metaspace       used 9572K, committed 9856K, reserved 1114112K
  class space    used 1009K, committed 1152K, reserved 1048576K

Card table byte_map: [0x000002a059610000,0x000002a059a20000] _byte_map_base: 0x000002a059210000

Marking Bits: (ParMarkBitMap*) 0x00007ffa33ef3450
 Begin Bits: [0x000002a06c120000, 0x000002a06e120000)
 End Bits:   [0x000002a06e120000, 0x000002a070120000)

Polling page: 0x000002a057a70000

Metaspace:

Usage:
  Non-class:      8.36 MB used.
      Class:   1009.80 KB used.
       Both:      9.35 MB used.

Virtual space:
  Non-class space:       64.00 MB reserved,       8.50 MB ( 13%) committed,  1 nodes.
      Class space:        1.00 GB reserved,       1.12 MB ( <1%) committed,  1 nodes.
             Both:        1.06 GB reserved,       9.62 MB ( <1%) committed. 

Chunk freelists:
   Non-Class:  6.75 MB
       Class:  14.79 MB
        Both:  21.54 MB

MaxMetaspaceSize: unlimited
CompressedClassSpaceSize: 1.00 GB
Initial GC threshold: 21.00 MB
Current GC threshold: 21.00 MB
CDS: on
 - commit_granule_bytes: 65536.
 - commit_granule_words: 8192.
 - virtual_space_node_default_size: 8388608.
 - enlarge_chunks_in_place: 1.
 - use_allocation_guard: 0.


Internal statistics:

num_allocs_failed_limit: 0.
num_arena_births: 256.
num_arena_deaths: 0.
num_vsnodes_births: 2.
num_vsnodes_deaths: 0.
num_space_committed: 154.
num_space_uncommitted: 0.
num_chunks_returned_to_freelist: 0.
num_chunks_taken_from_freelist: 512.
num_chunk_merges: 0.
num_chunk_splits: 324.
num_chunks_enlarged: 213.
num_inconsistent_stats: 0.

CodeHeap 'non-profiled nmethods': size=120000Kb used=1052Kb max_used=1052Kb free=118947Kb
 bounds [0x000002a064940000, 0x000002a064bb0000, 0x000002a06be70000]
CodeHeap 'profiled nmethods': size=120000Kb used=4447Kb max_used=4447Kb free=115552Kb
 bounds [0x000002a05ce70000, 0x000002a05d2d0000, 0x000002a0643a0000]
CodeHeap 'non-nmethods': size=5760Kb used=1228Kb max_used=1253Kb free=4531Kb
 bounds [0x000002a0643a0000, 0x000002a064610000, 0x000002a064940000]
CodeCache: size=245760Kb, used=6727Kb, max_used=6752Kb, free=239030Kb
 total_blobs=2815, nmethods=2323, adapters=398, full_count=0
Compilation: enabled, stopped_count=0, restarted_count=0

Compilation events (20 events):
Event: 4.077 Thread 0x000002a071995f40 2319       3       java.lang.AbstractStringBuilder::setLength (82 bytes)
Event: 4.078 Thread 0x000002a071995f40 nmethod 2319 0x000002a05d2c3610 code [0x000002a05d2c3840, 0x000002a05d2c3fe8]
Event: 4.081 Thread 0x000002a071995f40 2320       3       org.eclipse.osgi.internal.hookregistry.ClassLoaderHook::classLoaderCreated (1 bytes)
Event: 4.081 Thread 0x000002a071995f40 nmethod 2320 0x000002a05d2c4310 code [0x000002a05d2c44a0, 0x000002a05d2c45a8]
Event: 4.087 Thread 0x000002a071995f40 2321       3       java.security.CodeSource::<init> (52 bytes)
Event: 4.087 Thread 0x000002a071995f40 nmethod 2321 0x000002a05d2c4610 code [0x000002a05d2c47e0, 0x000002a05d2c4c38]
Event: 4.091 Thread 0x000002a071995f40 2323       3       java.util.WeakHashMap::isEmpty (13 bytes)
Event: 4.091 Thread 0x000002a071995f40 nmethod 2323 0x000002a05d2c4d90 code [0x000002a05d2c4f40, 0x000002a05d2c51f8]
Event: 4.091 Thread 0x000002a071995f40 2324       3       java.util.WeakHashMap::size (18 bytes)
Event: 4.091 Thread 0x000002a071995f40 nmethod 2324 0x000002a05d2c5310 code [0x000002a05d2c54c0, 0x000002a05d2c5670]
Event: 4.115 Thread 0x000002a071995f40 2325       1       java.util.LinkedList::size (5 bytes)
Event: 4.116 Thread 0x000002a071995f40 nmethod 2325 0x000002a064a46e90 code [0x000002a064a47020, 0x000002a064a470e8]
Event: 4.117 Thread 0x000002a071995f40 2326       3       org.eclipse.osgi.storage.ManifestLocalization$EmptyResouceBundle::<init> (15 bytes)
Event: 4.117 Thread 0x000002a071995f40 nmethod 2326 0x000002a05d2c5710 code [0x000002a05d2c58c0, 0x000002a05d2c5ad8]
Event: 4.117 Thread 0x000002a071995f40 2327       3       org.eclipse.osgi.storage.ManifestLocalization$EmptyResouceBundle::isEmpty (22 bytes)
Event: 4.117 Thread 0x000002a071995f40 nmethod 2327 0x000002a05d2c5c10 code [0x000002a05d2c5de0, 0x000002a05d2c6120]
Event: 4.131 Thread 0x000002a071995f40 2328       3       java.io.BufferedInputStream::fill (204 bytes)
Event: 4.132 Thread 0x000002a071995f40 nmethod 2328 0x000002a05d2c6210 code [0x000002a05d2c6480, 0x000002a05d2c6f50]
Event: 4.132 Thread 0x000002a071995f40 2329       3       java.io.BufferedInputStream::getInIfOpen (21 bytes)
Event: 4.132 Thread 0x000002a071995f40 nmethod 2329 0x000002a05d2c7290 code [0x000002a05d2c7440, 0x000002a05d2c7648]

GC Heap History (6 events):
Event: 1.247 GC heap before
{Heap before GC invocations=1 (full 0):
 PSYoungGen      total 29696K, used 25600K [0x00000000d5580000, 0x00000000d7680000, 0x0000000100000000)
  eden space 25600K, 100% used [0x00000000d5580000,0x00000000d6e80000,0x00000000d6e80000)
  from space 4096K, 0% used [0x00000000d7280000,0x00000000d7280000,0x00000000d7680000)
  to   space 4096K, 0% used [0x00000000d6e80000,0x00000000d6e80000,0x00000000d7280000)
 ParOldGen       total 68608K, used 0K [0x0000000080000000, 0x0000000084300000, 0x00000000d5580000)
  object space 68608K, 0% used [0x0000000080000000,0x0000000080000000,0x0000000084300000)
 Metaspace       used 4350K, committed 4608K, reserved 1114112K
  class space    used 473K, committed 576K, reserved 1048576K
}
Event: 1.258 GC heap after
{Heap after GC invocations=1 (full 0):
 PSYoungGen      total 29696K, used 3303K [0x00000000d5580000, 0x00000000d7680000, 0x0000000100000000)
  eden space 25600K, 0% used [0x00000000d5580000,0x00000000d5580000,0x00000000d6e80000)
  from space 4096K, 80% used [0x00000000d6e80000,0x00000000d71b9e98,0x00000000d7280000)
  to   space 4096K, 0% used [0x00000000d7280000,0x00000000d7280000,0x00000000d7680000)
 ParOldGen       total 68608K, used 16K [0x0000000080000000, 0x0000000084300000, 0x00000000d5580000)
  object space 68608K, 0% used [0x0000000080000000,0x0000000080004000,0x0000000084300000)
 Metaspace       used 4350K, committed 4608K, reserved 1114112K
  class space    used 473K, committed 576K, reserved 1048576K
}
Event: 2.443 GC heap before
{Heap before GC invocations=2 (full 0):
 PSYoungGen      total 29696K, used 28903K [0x00000000d5580000, 0x00000000d7680000, 0x0000000100000000)
  eden space 25600K, 100% used [0x00000000d5580000,0x00000000d6e80000,0x00000000d6e80000)
  from space 4096K, 80% used [0x00000000d6e80000,0x00000000d71b9e98,0x00000000d7280000)
  to   space 4096K, 0% used [0x00000000d7280000,0x00000000d7280000,0x00000000d7680000)
 ParOldGen       total 68608K, used 16K [0x0000000080000000, 0x0000000084300000, 0x00000000d5580000)
  object space 68608K, 0% used [0x0000000080000000,0x0000000080004000,0x0000000084300000)
 Metaspace       used 7977K, committed 8256K, reserved 1114112K
  class space    used 831K, committed 960K, reserved 1048576K
}
Event: 2.453 GC heap after
{Heap after GC invocations=2 (full 0):
 PSYoungGen      total 29696K, used 4064K [0x00000000d5580000, 0x00000000d7680000, 0x0000000100000000)
  eden space 25600K, 0% used [0x00000000d5580000,0x00000000d5580000,0x00000000d6e80000)
  from space 4096K, 99% used [0x00000000d7280000,0x00000000d7678158,0x00000000d7680000)
  to   space 4096K, 0% used [0x00000000d6e80000,0x00000000d6e80000,0x00000000d7280000)
 ParOldGen       total 68608K, used 2140K [0x0000000080000000, 0x0000000084300000, 0x00000000d5580000)
  object space 68608K, 3% used [0x0000000080000000,0x0000000080217030,0x0000000084300000)
 Metaspace       used 7977K, committed 8256K, reserved 1114112K
  class space    used 831K, committed 960K, reserved 1048576K
}
Event: 3.495 GC heap before
{Heap before GC invocations=3 (full 0):
 PSYoungGen      total 29696K, used 29654K [0x00000000d5580000, 0x00000000d7680000, 0x0000000100000000)
  eden space 25600K, 99% used [0x00000000d5580000,0x00000000d6e7d9b0,0x00000000d6e80000)
  from space 4096K, 99% used [0x00000000d7280000,0x00000000d7678158,0x00000000d7680000)
  to   space 4096K, 0% used [0x00000000d6e80000,0x00000000d6e80000,0x00000000d7280000)
 ParOldGen       total 68608K, used 2140K [0x0000000080000000, 0x0000000084300000, 0x00000000d5580000)
  object space 68608K, 3% used [0x0000000080000000,0x0000000080217030,0x0000000084300000)
 Metaspace       used 9469K, committed 9792K, reserved 1114112K
  class space    used 1009K, committed 1152K, reserved 1048576K
}
Event: 3.504 GC heap after
{Heap after GC invocations=3 (full 0):
 PSYoungGen      total 29696K, used 4092K [0x00000000d5580000, 0x00000000d7680000, 0x0000000100000000)
  eden space 25600K, 0% used [0x00000000d5580000,0x00000000d5580000,0x00000000d6e80000)
  from space 4096K, 99% used [0x00000000d6e80000,0x00000000d727f168,0x00000000d7280000)
  to   space 4096K, 0% used [0x00000000d7280000,0x00000000d7280000,0x00000000d7680000)
 ParOldGen       total 68608K, used 4847K [0x0000000080000000, 0x0000000084300000, 0x00000000d5580000)
  object space 68608K, 7% used [0x0000000080000000,0x00000000804bbd70,0x0000000084300000)
 Metaspace       used 9469K, committed 9792K, reserved 1114112K
  class space    used 1009K, committed 1152K, reserved 1048576K
}

Dll operation events (9 events):
Event: 0.020 Loaded shared library c:\Users\kalra\.vscode\extensions\redhat.java-1.53.0-win32-x64\jre\21.0.10-win32-x86_64\bin\java.dll
Event: 0.143 Loaded shared library c:\Users\kalra\.vscode\extensions\redhat.java-1.53.0-win32-x64\jre\21.0.10-win32-x86_64\bin\zip.dll
Event: 0.171 Loaded shared library C:\Users\kalra\.vscode\extensions\redhat.java-1.53.0-win32-x64\jre\21.0.10-win32-x86_64\bin\instrument.dll
Event: 0.180 Loaded shared library C:\Users\kalra\.vscode\extensions\redhat.java-1.53.0-win32-x64\jre\21.0.10-win32-x86_64\bin\net.dll
Event: 0.184 Loaded shared library C:\Users\kalra\.vscode\extensions\redhat.java-1.53.0-win32-x64\jre\21.0.10-win32-x86_64\bin\nio.dll
Event: 0.189 Loaded shared library C:\Users\kalra\.vscode\extensions\redhat.java-1.53.0-win32-x64\jre\21.0.10-win32-x86_64\bin\zip.dll
Event: 0.223 Loaded shared library C:\Users\kalra\.vscode\extensions\redhat.java-1.53.0-win32-x64\jre\21.0.10-win32-x86_64\bin\jimage.dll
Event: 0.364 Loaded shared library c:\Users\kalra\.vscode\extensions\redhat.java-1.53.0-win32-x64\jre\21.0.10-win32-x86_64\bin\verify.dll
Event: 2.526 Loaded shared library C:\Users\kalra\AppData\Roaming\Code\User\globalStorage\redhat.java\1.53.0\config_win\org.eclipse.equinox.launcher\org.eclipse.equinox.launcher.win32.win32.x86_64_1.3.0.v20260203-2149\eclipse_11919.dll

Deoptimization events (20 events):
Event: 3.802 Thread 0x000002a0779555f0 DEOPT PACKING pc=0x000002a05d2a87c9 sp=0x000000f1a35fd0f0
Event: 3.802 Thread 0x000002a0779555f0 DEOPT UNPACKING pc=0x000002a0643f4242 sp=0x000000f1a35fc560 mode 0
Event: 3.831 Thread 0x000002a0779555f0 DEOPT PACKING pc=0x000002a05d2a87c9 sp=0x000000f1a35fd160
Event: 3.831 Thread 0x000002a0779555f0 DEOPT UNPACKING pc=0x000002a0643f4242 sp=0x000000f1a35fc5d0 mode 0
Event: 3.851 Thread 0x000002a0779555f0 DEOPT PACKING pc=0x000002a05d2a87c9 sp=0x000000f1a35fd0f0
Event: 3.851 Thread 0x000002a0779555f0 DEOPT UNPACKING pc=0x000002a0643f4242 sp=0x000000f1a35fc560 mode 0
Event: 3.996 Thread 0x000002a0779555f0 Uncommon trap: trap_request=0xffffff45 fr.pc=0x000002a0649b91cc relative=0x000000000000018c
Event: 3.996 Thread 0x000002a0779555f0 Uncommon trap: reason=unstable_if action=reinterpret pc=0x000002a0649b91cc method=java.lang.String.startsWith(Ljava/lang/String;I)Z @ 50 c2
Event: 3.996 Thread 0x000002a0779555f0 DEOPT PACKING pc=0x000002a0649b91cc sp=0x000000f1a35fe200
Event: 3.996 Thread 0x000002a0779555f0 DEOPT UNPACKING pc=0x000002a0643f3aa2 sp=0x000000f1a35fe130 mode 2
Event: 4.023 Thread 0x000002a0779555f0 DEOPT PACKING pc=0x000002a05d2771f5 sp=0x000000f1a35fde30
Event: 4.023 Thread 0x000002a0779555f0 DEOPT UNPACKING pc=0x000002a0643f4242 sp=0x000000f1a35fd310 mode 0
Event: 4.041 Thread 0x000002a0779555f0 DEOPT PACKING pc=0x000002a05d2771f5 sp=0x000000f1a35fddf0
Event: 4.041 Thread 0x000002a0779555f0 DEOPT UNPACKING pc=0x000002a0643f4242 sp=0x000000f1a35fd2d0 mode 0
Event: 4.072 Thread 0x000002a0779555f0 DEOPT PACKING pc=0x000002a05d2771f5 sp=0x000000f1a35fddf0
Event: 4.072 Thread 0x000002a0779555f0 DEOPT UNPACKING pc=0x000002a0643f4242 sp=0x000000f1a35fd2d0 mode 0
Event: 4.099 Thread 0x000002a0779555f0 DEOPT PACKING pc=0x000002a05d2771f5 sp=0x000000f1a35fddf0
Event: 4.099 Thread 0x000002a0779555f0 DEOPT UNPACKING pc=0x000002a0643f4242 sp=0x000000f1a35fd2d0 mode 0
Event: 4.125 Thread 0x000002a0779555f0 DEOPT PACKING pc=0x000002a05d2771f5 sp=0x000000f1a35fddf0
Event: 4.125 Thread 0x000002a0779555f0 DEOPT UNPACKING pc=0x000002a0643f4242 sp=0x000000f1a35fd2d0 mode 0

Classes loaded (20 events):
Event: 2.865 Loading class sun/util/logging/resources/logging_en_IN
Event: 2.865 Loading class sun/util/logging/resources/logging_en_IN done
Event: 2.868 Loading class java/util/Formatter$DateTime
Event: 2.868 Loading class java/util/Formatter$DateTime done
Event: 2.868 Loading class java/util/Formatter$FixedString
Event: 2.868 Loading class java/util/Formatter$FixedString done
Event: 2.870 Loading class java/time/ZonedDateTime$1
Event: 2.870 Loading class java/time/ZonedDateTime$1 done
Event: 2.878 Loading class jdk/internal/module/ModulePatcher$PatchedModuleReader
Event: 2.878 Loading class jdk/internal/module/ModulePatcher$PatchedModuleReader done
Event: 2.887 Loading class sun/util/resources/LocaleData$CommonResourceBundleProvider
Event: 2.887 Loading class sun/util/resources/LocaleData$LocaleDataResourceBundleProvider
Event: 2.887 Loading class java/util/spi/ResourceBundleProvider
Event: 2.887 Loading class java/util/spi/ResourceBundleProvider done
Event: 2.887 Loading class sun/util/resources/LocaleData$LocaleDataResourceBundleProvider done
Event: 2.887 Loading class sun/util/resources/LocaleData$CommonResourceBundleProvider done
Event: 2.890 Loading class sun/text/resources/cldr/FormatData_en
Event: 2.890 Loading class sun/text/resources/cldr/FormatData_en done
Event: 2.891 Loading class sun/util/resources/Bundles$2
Event: 2.891 Loading class sun/util/resources/Bundles$2 done

Classes unloaded (0 events):
No events

Classes redefined (0 events):
No events

Internal exceptions (20 events):
Event: 1.369 Thread 0x000002a05775ad10 Implicit null exception at 0x000002a0649a4fa9 to 0x000002a0649a5aa4
Event: 1.369 Thread 0x000002a05775ad10 Implicit null exception at 0x000002a06499f21a to 0x000002a06499f424
Event: 1.370 Thread 0x000002a05775ad10 Exception <a 'java/lang/NoSuchMethodError'{0x00000000d5738d70}: 'void java.lang.invoke.DirectMethodHandle$Holder.invokeStatic(java.lang.Object, java.lang.Object, java.lang.Object, java.lang.Object)'> (0x00000000d5738d70) 
thrown [s\src\hotspot\share\interpreter\linkResolver.cpp, line 773]
Event: 1.373 Thread 0x000002a05775ad10 Implicit null exception at 0x000002a0649a0d1a to 0x000002a0649a0f24
Event: 1.373 Thread 0x000002a05775ad10 Implicit null exception at 0x000002a0649981bd to 0x000002a064998241
Event: 1.510 Thread 0x000002a05775ad10 Exception <a 'java/lang/NoSuchMethodError'{0x00000000d59e93c8}: 'void java.lang.invoke.DirectMethodHandle$Holder.invokeSpecial(java.lang.Object, java.lang.Object, java.lang.Object)'> (0x00000000d59e93c8) 
thrown [s\src\hotspot\share\interpreter\linkResolver.cpp, line 773]
Event: 1.875 Thread 0x000002a05775ad10 Exception <a 'java/lang/NoSuchMethodError'{0x00000000d64827c8}: 'int java.lang.invoke.DirectMethodHandle$Holder.invokeVirtual(java.lang.Object, java.lang.Object)'> (0x00000000d64827c8) 
thrown [s\src\hotspot\share\interpreter\linkResolver.cpp, line 773]
Event: 1.978 Thread 0x000002a05775ad10 Exception <a 'java/lang/NoSuchMethodError'{0x00000000d65fac50}: 'int java.lang.invoke.DirectMethodHandle$Holder.invokeStaticInit(java.lang.Object, java.lang.Object, java.lang.Object, java.lang.Object)'> (0x00000000d65fac50) 
thrown [s\src\hotspot\share\interpreter\linkResolver.cpp, line 773]
Event: 1.980 Thread 0x000002a05775ad10 Exception <a 'java/lang/IncompatibleClassChangeError'{0x00000000d6603058}: Found class java.lang.Object, but interface was expected> (0x00000000d6603058) 
thrown [s\src\hotspot\share\interpreter\linkResolver.cpp, line 840]
Event: 1.982 Thread 0x000002a05775ad10 Exception <a 'java/lang/NoSuchMethodError'{0x00000000d6609628}: 'void java.lang.invoke.DirectMethodHandle$Holder.invokeStaticInit(java.lang.Object, java.lang.Object)'> (0x00000000d6609628) 
thrown [s\src\hotspot\share\interpreter\linkResolver.cpp, line 773]
Event: 1.983 Thread 0x000002a05775ad10 Exception <a 'java/lang/NoSuchMethodError'{0x00000000d6612940}: 'int java.lang.invoke.DirectMethodHandle$Holder.invokeStaticInit(java.lang.Object, java.lang.Object)'> (0x00000000d6612940) 
thrown [s\src\hotspot\share\interpreter\linkResolver.cpp, line 773]
Event: 2.059 Thread 0x000002a05775ad10 Exception <a 'java/lang/NoSuchMethodError'{0x00000000d685b188}: 'java.lang.Object java.lang.invoke.DirectMethodHandle$Holder.newInvokeSpecial(java.lang.Object, int, java.lang.Object)'> (0x00000000d685b188) 
thrown [s\src\hotspot\share\interpreter\linkResolver.cpp, line 773]
Event: 2.152 Thread 0x000002a05775ad10 Exception <a 'java/lang/ClassNotFoundException'{0x00000000d6a73f10}: sun/net/www/protocol/plurl/Handler> (0x00000000d6a73f10) 
thrown [s\src\hotspot\share\classfile\systemDictionary.cpp, line 312]
Event: 2.152 Thread 0x000002a05775ad10 Exception <a 'java/lang/ClassNotFoundException'{0x00000000d6a74d90}: sun/net/www/protocol/plurl/Handler> (0x00000000d6a74d90) 
thrown [s\src\hotspot\share\classfile\systemDictionary.cpp, line 312]
Event: 2.514 Thread 0x000002a05775ad10 Exception <a 'java/lang/UnsatisfiedLinkError'{0x00000000d563d2b8}: 'void org.eclipse.equinox.launcher.JNIBridge._update_splash()'> (0x00000000d563d2b8) 
thrown [s\src\hotspot\share\prims\nativeLookup.cpp, line 415]
Event: 2.612 Thread 0x000002a0779fe830 Exception <a 'java/lang/NoSuchMethodError'{0x00000000d58e8408}: 'void java.lang.invoke.DirectMethodHandle$Holder.invokeInterface(java.lang.Object, java.lang.Object, java.lang.Object)'> (0x00000000d58e8408) 
thrown [s\src\hotspot\share\interpreter\linkResolver.cpp, line 773]
Event: 2.788 Thread 0x000002a0779555f0 Exception <a 'java/lang/NoSuchMethodError'{0x00000000d5cbac68}: 'java.lang.Object java.lang.invoke.DirectMethodHandle$Holder.newInvokeSpecial(java.lang.Object, java.lang.Object, int, java.lang.Object)'> (0x00000000d5cbac68) 
thrown [s\src\hotspot\share\interpreter\linkResolver.cpp, line 773]
Event: 2.790 Thread 0x000002a0779555f0 Exception <a 'java/lang/NoSuchMethodError'{0x00000000d5cbea98}: 'java.lang.Object java.lang.invoke.DirectMethodHandle$Holder.invokeSpecial(java.lang.Object, java.lang.Object, java.lang.Object, int, java.lang.Object)'> (0x00000000d5cbea98) 
thrown [s\src\hotspot\share\interpreter\linkResolver.cpp, line 773]
Event: 2.819 Thread 0x000002a0779555f0 Exception <a 'java/lang/NoClassDefFoundError'{0x00000000d5d667a8}: jakarta/servlet/ServletContainerInitializer> (0x00000000d5d667a8) 
thrown [s\src\hotspot\share\classfile\systemDictionary.cpp, line 301]
Event: 2.861 Thread 0x000002a0779555f0 Exception <a 'java/lang/ClassNotFoundException'{0x00000000d5ebb090}: sun/util/logging/resources/spi/loggingProvider> (0x00000000d5ebb090) 
thrown [s\src\hotspot\share\classfile\systemDictionary.cpp, line 312]

ZGC Phase Switch (0 events):
No events

VM Operations (20 events):
Event: 2.113 Executing non-safepoint VM operation: HandshakeAllThreads (Deoptimize)
Event: 2.113 Executing non-safepoint VM operation: HandshakeAllThreads (Deoptimize) done
Event: 2.145 Executing non-safepoint VM operation: HandshakeAllThreads (Deoptimize)
Event: 2.145 Executing non-safepoint VM operation: HandshakeAllThreads (Deoptimize) done
Event: 2.288 Executing safepoint VM operation: ICBufferFull
Event: 2.289 Executing safepoint VM operation: ICBufferFull done
Event: 2.443 Executing safepoint VM operation: ParallelGCFailedAllocation (Allocation Failure)
Event: 2.453 Executing safepoint VM operation: ParallelGCFailedAllocation (Allocation Failure) done
Event: 2.842 Executing non-safepoint VM operation: HandshakeAllThreads (Deoptimize)
Event: 2.843 Executing non-safepoint VM operation: HandshakeAllThreads (Deoptimize) done
Event: 2.879 Executing non-safepoint VM operation: HandshakeAllThreads (Deoptimize)
Event: 2.879 Executing non-safepoint VM operation: HandshakeAllThreads (Deoptimize) done
Event: 2.904 Executing non-safepoint VM operation: HandshakeAllThreads (Deoptimize)
Event: 2.905 Executing non-safepoint VM operation: HandshakeAllThreads (Deoptimize) done
Event: 2.949 Executing non-safepoint VM operation: HandshakeAllThreads (Deoptimize)
Event: 2.949 Executing non-safepoint VM operation: HandshakeAllThreads (Deoptimize) done
Event: 3.495 Executing safepoint VM operation: ParallelGCFailedAllocation (Allocation Failure)
Event: 3.504 Executing safepoint VM operation: ParallelGCFailedAllocation (Allocation Failure) done
Event: 3.664 Executing non-safepoint VM operation: HandshakeAllThreads (Deoptimize)
Event: 3.664 Executing non-safepoint VM operation: HandshakeAllThreads (Deoptimize) done

Memory protections (0 events):
No events

Nmethod flushes (0 events):
No events

Events (20 events):
Event: 0.084 Thread 0x000002a05775ad10 Thread added: 0x000002a059d12710
Event: 0.084 Thread 0x000002a05775ad10 Thread added: 0x000002a059d16000
Event: 0.085 Thread 0x000002a05775ad10 Thread added: 0x000002a059d18c70
Event: 0.085 Thread 0x000002a05775ad10 Thread added: 0x000002a059d1c710
Event: 0.085 Thread 0x000002a05775ad10 Thread added: 0x000002a059d27d30
Event: 0.085 Thread 0x000002a05775ad10 Thread added: 0x000002a059d2ac60
Event: 0.085 Thread 0x000002a05775ad10 Thread added: 0x000002a071995f40
Event: 0.158 Thread 0x000002a071995f40 Thread added: 0x000002a071b7e670
Event: 0.175 Thread 0x000002a05775ad10 Thread added: 0x000002a071b8bbd0
Event: 0.542 Thread 0x000002a05775ad10 Thread added: 0x000002a071cd2d20
Event: 1.490 Thread 0x000002a071b7e670 Thread exited: 0x000002a071b7e670
Event: 1.505 Thread 0x000002a071995f40 Thread added: 0x000002a0776572d0
Event: 2.002 Thread 0x000002a05775ad10 Thread added: 0x000002a07756f7d0
Event: 2.510 Thread 0x000002a05775ad10 Thread added: 0x000002a0779fe830
Event: 2.611 Thread 0x000002a0776572d0 Thread exited: 0x000002a0776572d0
Event: 2.618 Thread 0x000002a0779fe830 Thread added: 0x000002a077998ab0
Event: 2.628 Thread 0x000002a05775ad10 Thread added: 0x000002a0779555f0
Event: 2.962 Thread 0x000002a071995f40 Thread added: 0x000002a0779a9980
Event: 3.626 Thread 0x000002a0779555f0 Thread added: 0x000002a07797b770
Event: 3.973 Thread 0x000002a0779a9980 Thread exited: 0x000002a0779a9980


Dynamic libraries:
0x00007ff697d00000 - 0x00007ff697d0e000 	c:\Users\kalra\.vscode\extensions\redhat.java-1.53.0-win32-x64\jre\21.0.10-win32-x86_64\bin\java.exe
0x00007ffac2180000 - 0x00007ffac23e7000 	C:\WINDOWS\SYSTEM32\ntdll.dll
0x00007ffac0d20000 - 0x00007ffac0de9000 	C:\WINDOWS\System32\KERNEL32.DLL
0x00007ffabee80000 - 0x00007ffabf271000 	C:\WINDOWS\System32\KERNELBASE.dll
0x00007ffabec00000 - 0x00007ffabed4b000 	C:\WINDOWS\System32\ucrtbase.dll
0x00007ffa462a0000 - 0x00007ffa462b8000 	c:\Users\kalra\.vscode\extensions\redhat.java-1.53.0-win32-x64\jre\21.0.10-win32-x86_64\bin\jli.dll
0x00007ffac0f10000 - 0x00007ffac10d5000 	C:\WINDOWS\System32\USER32.dll
0x00007ffabea60000 - 0x00007ffabea87000 	C:\WINDOWS\System32\win32u.dll
0x00007ffac2090000 - 0x00007ffac20bb000 	C:\WINDOWS\System32\GDI32.dll
0x00007ffabed50000 - 0x00007ffabee7b000 	C:\WINDOWS\System32\gdi32full.dll
0x00007ffabfd00000 - 0x00007ffabfda3000 	C:\WINDOWS\System32\msvcp_win.dll
0x00007ffa46240000 - 0x00007ffa4625e000 	c:\Users\kalra\.vscode\extensions\redhat.java-1.53.0-win32-x64\jre\21.0.10-win32-x86_64\bin\VCRUNTIME140.dll
0x00007ffaa79f0000 - 0x00007ffaa7c83000 	C:\WINDOWS\WinSxS\amd64_microsoft.windows.common-controls_6595b64144ccf1df_6.0.26100.8037_none_3e092faae333b53b\COMCTL32.dll
0x00007ffac07f0000 - 0x00007ffac0899000 	C:\WINDOWS\System32\msvcrt.dll
0x00007ffac07b0000 - 0x00007ffac07e1000 	C:\WINDOWS\System32\IMM32.DLL
0x00007ffaa7430000 - 0x00007ffaa743c000 	c:\Users\kalra\.vscode\extensions\redhat.java-1.53.0-win32-x64\jre\21.0.10-win32-x86_64\bin\vcruntime140_1.dll
0x00007ffa33fe0000 - 0x00007ffa3406d000 	c:\Users\kalra\.vscode\extensions\redhat.java-1.53.0-win32-x64\jre\21.0.10-win32-x86_64\bin\msvcp140.dll
0x00007ffa33230000 - 0x00007ffa33fd1000 	c:\Users\kalra\.vscode\extensions\redhat.java-1.53.0-win32-x64\jre\21.0.10-win32-x86_64\bin\server\jvm.dll
0x00007ffac02f0000 - 0x00007ffac03ab000 	C:\WINDOWS\System32\ADVAPI32.dll
0x00007ffac0a80000 - 0x00007ffac0b27000 	C:\WINDOWS\System32\sechost.dll
0x00007ffac0df0000 - 0x00007ffac0f08000 	C:\WINDOWS\System32\RPCRT4.dll
0x00007ffac1860000 - 0x00007ffac18d4000 	C:\WINDOWS\System32\WS2_32.dll
0x00007ffab7ae0000 - 0x00007ffab7aeb000 	C:\WINDOWS\SYSTEM32\VERSION.dll
0x00007ffabe8c0000 - 0x00007ffabe91e000 	C:\WINDOWS\SYSTEM32\POWRPROF.dll
0x00007ffab7aa0000 - 0x00007ffab7ad5000 	C:\WINDOWS\SYSTEM32\WINMM.dll
0x00007ffabe8a0000 - 0x00007ffabe8b4000 	C:\WINDOWS\SYSTEM32\UMPDC.dll
0x00007ffabd7f0000 - 0x00007ffabd80b000 	C:\WINDOWS\SYSTEM32\kernel.appcore.dll
0x00007ffaa4fe0000 - 0x00007ffaa4fea000 	c:\Users\kalra\.vscode\extensions\redhat.java-1.53.0-win32-x64\jre\21.0.10-win32-x86_64\bin\jimage.dll
0x00007ffab3490000 - 0x00007ffab36d2000 	C:\WINDOWS\SYSTEM32\DBGHELP.DLL
0x00007ffac03b0000 - 0x00007ffac0732000 	C:\WINDOWS\System32\combase.dll
0x00007ffac08a0000 - 0x00007ffac0977000 	C:\WINDOWS\System32\OLEAUT32.dll
0x00007ffaa1b70000 - 0x00007ffaa1bab000 	C:\WINDOWS\SYSTEM32\dbgcore.DLL
0x00007ffabea90000 - 0x00007ffabeb35000 	C:\WINDOWS\System32\bcryptPrimitives.dll
0x00007ffa9f730000 - 0x00007ffa9f73f000 	c:\Users\kalra\.vscode\extensions\redhat.java-1.53.0-win32-x64\jre\21.0.10-win32-x86_64\bin\instrument.dll
0x00007ffa45140000 - 0x00007ffa45160000 	c:\Users\kalra\.vscode\extensions\redhat.java-1.53.0-win32-x64\jre\21.0.10-win32-x86_64\bin\java.dll
0x00007ffac10f0000 - 0x00007ffac184f000 	C:\WINDOWS\System32\SHELL32.dll
0x00007ffabfdb0000 - 0x00007ffabff1a000 	C:\WINDOWS\System32\wintypes.dll
0x00007ffabf490000 - 0x00007ffabfcf4000 	C:\WINDOWS\System32\windows.storage.dll
0x00007ffac18e0000 - 0x00007ffac19d7000 	C:\WINDOWS\System32\SHCORE.dll
0x00007ffac0740000 - 0x00007ffac07a7000 	C:\WINDOWS\System32\shlwapi.dll
0x00007ffabe980000 - 0x00007ffabe9a9000 	C:\WINDOWS\SYSTEM32\profapi.dll
0x00007ffa3d3c0000 - 0x00007ffa3d3d8000 	c:\Users\kalra\.vscode\extensions\redhat.java-1.53.0-win32-x64\jre\21.0.10-win32-x86_64\bin\zip.dll
0x00007ffa9dac0000 - 0x00007ffa9dad0000 	C:\Users\kalra\.vscode\extensions\redhat.java-1.53.0-win32-x64\jre\21.0.10-win32-x86_64\bin\net.dll
0x00007ffab81d0000 - 0x00007ffab82f7000 	C:\WINDOWS\SYSTEM32\WINHTTP.dll
0x00007ffabdd60000 - 0x00007ffabddcb000 	C:\WINDOWS\system32\mswsock.dll
0x00007ffa3d3a0000 - 0x00007ffa3d3b6000 	C:\Users\kalra\.vscode\extensions\redhat.java-1.53.0-win32-x64\jre\21.0.10-win32-x86_64\bin\nio.dll
0x00007ffa940f0000 - 0x00007ffa94100000 	c:\Users\kalra\.vscode\extensions\redhat.java-1.53.0-win32-x64\jre\21.0.10-win32-x86_64\bin\verify.dll
0x00007ffa7ec00000 - 0x00007ffa7ec45000 	C:\Users\kalra\AppData\Roaming\Code\User\globalStorage\redhat.java\1.53.0\config_win\org.eclipse.equinox.launcher\org.eclipse.equinox.launcher.win32.win32.x86_64_1.3.0.v20260203-2149\eclipse_11919.dll
0x00007ffabff70000 - 0x00007ffac0105000 	C:\WINDOWS\System32\ole32.dll

JVMTI agents:
c:\Users\kalra\.vscode\extensions\redhat.java-1.53.0-win32-x64\lombok\lombok-1.18.39-4050.jar path:c:\Users\kalra\.vscode\extensions\redhat.java-1.53.0-win32-x64\jre\21.0.10-win32-x86_64\bin\instrument.dll, loaded, initialized, instrumentlib options:none

dbghelp: loaded successfully - version: 4.0.5 - missing functions: none
symbol engine: initialized successfully - sym options: 0x614 - pdb path: .;c:\Users\kalra\.vscode\extensions\redhat.java-1.53.0-win32-x64\jre\21.0.10-win32-x86_64\bin;C:\WINDOWS\SYSTEM32;C:\WINDOWS\WinSxS\amd64_microsoft.windows.common-controls_6595b64144ccf1df_6.0.26100.8037_none_3e092faae333b53b;c:\Users\kalra\.vscode\extensions\redhat.java-1.53.0-win32-x64\jre\21.0.10-win32-x86_64\bin\server;C:\Users\kalra\AppData\Roaming\Code\User\globalStorage\redhat.java\1.53.0\config_win\org.eclipse.equinox.launcher\org.eclipse.equinox.launcher.win32.win32.x86_64_1.3.0.v20260203-2149

VM Arguments:
jvm_args: --add-modules=ALL-SYSTEM --add-opens=java.base/java.util=ALL-UNNAMED --add-opens=java.base/java.lang=ALL-UNNAMED --add-opens=java.base/sun.nio.fs=ALL-UNNAMED -Declipse.application=org.eclipse.jdt.ls.core.id1 -Dosgi.bundles.defaultStartLevel=4 -Declipse.product=org.eclipse.jdt.ls.core.product -Djava.import.generatesMetadataFilesAtProjectRoot=false -DDetectVMInstallationsJob.disabled=true -Dfile.encoding=utf8 -XX:+UseParallelGC -XX:GCTimeRatio=4 -XX:AdaptiveSizePolicyWeight=90 -Dsun.zip.disableMemoryMapping=true -Xmx2G -Xms100m -Xlog:disable -javaagent:c:\Users\kalra\.vscode\extensions\redhat.java-1.53.0-win32-x64\lombok\lombok-1.18.39-4050.jar -XX:+HeapDumpOnOutOfMemoryError -XX:HeapDumpPath=c:\Users\kalra\AppData\Roaming\Code\User\workspaceStorage\4fda5c3b26c15e0cb27154c0e992db6d\redhat.java -Daether.dependencyCollector.impl=bf 
java_command: c:\Users\kalra\.vscode\extensions\redhat.java-1.53.0-win32-x64\server\plugins\org.eclipse.equinox.launcher_1.7.100.v20251111-0406.jar -configuration c:\Users\kalra\AppData\Roaming\Code\User\globalStorage\redhat.java\1.53.0\config_win -data c:\Users\kalra\AppData\Roaming\Code\User\workspaceStorage\4fda5c3b26c15e0cb27154c0e992db6d\redhat.java\jdt_ws --pipe=\\.\pipe\lsp-d01e2b9833bf9666a134dfefdd483bae-sock
java_class_path (initial): c:\Users\kalra\.vscode\extensions\redhat.java-1.53.0-win32-x64\server\plugins\org.eclipse.equinox.launcher_1.7.100.v20251111-0406.jar
Launcher Type: SUN_STANDARD

[Global flags]
    uintx AdaptiveSizePolicyWeight                 = 90                                        {product} {command line}
     intx CICompilerCount                          = 4                                         {product} {ergonomic}
    uintx GCTimeRatio                              = 4                                         {product} {command line}
     bool HeapDumpOnOutOfMemoryError               = true                                   {manageable} {command line}
    ccstr HeapDumpPath                             = c:\Users\kalra\AppData\Roaming\Code\User\workspaceStorage\4fda5c3b26c15e0cb27154c0e992db6d\redhat.java         {manageable} {command line}
   size_t InitialHeapSize                          = 104857600                                 {product} {command line}
   size_t MaxHeapSize                              = 2147483648                                {product} {command line}
   size_t MaxNewSize                               = 715653120                                 {product} {ergonomic}
   size_t MinHeapDeltaBytes                        = 524288                                    {product} {ergonomic}
   size_t MinHeapSize                              = 104857600                                 {product} {command line}
   size_t NewSize                                  = 34603008                                  {product} {ergonomic}
    uintx NonNMethodCodeHeapSize                   = 5839372                                {pd product} {ergonomic}
    uintx NonProfiledCodeHeapSize                  = 122909434                              {pd product} {ergonomic}
   size_t OldSize                                  = 70254592                                  {product} {ergonomic}
    uintx ProfiledCodeHeapSize                     = 122909434                              {pd product} {ergonomic}
    uintx ReservedCodeCacheSize                    = 251658240                              {pd product} {ergonomic}
     bool SegmentedCodeCache                       = true                                      {product} {ergonomic}
   size_t SoftMaxHeapSize                          = 2147483648                             {manageable} {ergonomic}
     bool UseCompressedOops                        = true                           {product lp64_product} {ergonomic}
     bool UseLargePagesIndividualAllocation        = false                                  {pd product} {ergonomic}
     bool UseParallelGC                            = true                                      {product} {command line}

Logging:
Log output configuration:
 #0: stdout all=off uptime,level,tags foldmultilines=false
 #1: stderr all=off uptime,level,tags foldmultilines=false

Release file:
JAVA_VERSION="21.0.10" 
MODULES="java.base java.compiler java.datatransfer java.xml java.prefs java.desktop java.instrument java.logging java.management java.security.sasl java.naming java.rmi java.management.rmi java.net.http java.scripting java.security.jgss java.transaction.xa java.sql java.sql.rowset java.xml.crypto java.se java.smartcardio jdk.accessibility jdk.internal.jvmstat jdk.attach jdk.charsets jdk.internal.opt jdk.zipfs jdk.compiler jdk.crypto.ec jdk.crypto.cryptoki jdk.crypto.mscapi jdk.dynalink jdk.internal.ed jdk.editpad jdk.hotspot.agent jdk.httpserver jdk.internal.le jdk.internal.vm.ci jdk.internal.vm.compiler jdk.internal.vm.compiler.management jdk.jartool jdk.javadoc jdk.jcmd jdk.management jdk.management.agent jdk.jconsole jdk.jdeps jdk.jdwp.agent jdk.jdi jdk.jfr jdk.jshell jdk.jsobject jdk.jstatd jdk.localedata jdk.management.jfr jdk.naming.dns jdk.naming.rmi jdk.net jdk.nio.mapmode jdk.random jdk.sctp jdk.security.auth jdk.security.jgss jdk.unsupported jdk.unsupported.desktop jdk.xml.dom" 

Environment Variables:
PATH=C:\Users\kalra\AppData\Local\Programs\Microsoft VS Code;C:\Python314\Scripts\;C:\Python314\;C:\Program Files\nodejs\;C:\ProgramData\chocolatey\bin;D:\Git\cmd;C:\Users\kalra\AppData\Local\Programs\Python\Python313\Scripts\;C:\Users\kalra\AppData\Local\Programs\Python\Python313\;C:\Program Files\MySQL\MySQL Shell 8.0\bin\;C:\Users\kalra\AppData\Local\Programs\Python\Python312\Scripts\;C:\Users\kalra\AppData\Local\Programs\Python\Python312\;C:\Users\kalra\AppData\Local\Microsoft\WindowsApps;C:\Users\kalra\AppData\Local\Programs\Microsoft VS Code\bin;C:\Program Files\Azure Data Studio\bin;%JAVA_HOME%\bin;C:\Program Files\Maven\apache-maven-3.9.11\bin;C:\Program Files\MySQL\MySQL Server 8.0\bin;C:\Users\kalra\AppData\Roaming\npm;C:\Users\kalra\Downloads\flutter_windows_3.41.4-stable\flutter\bin;C:\Windows\System32;C:\Program Files\Git\cmd;C:\Windows\System32\WindowsPowerShell\v1.0\;
USERNAME=kalra
OS=Windows_NT
PROCESSOR_IDENTIFIER=AMD64 Family 23 Model 104 Stepping 1, AuthenticAMD
TMP=C:\Users\kalra\AppData\Local\Temp
TEMP=C:\Users\kalra\AppData\Local\Temp




Periodic native trim disabled

---------------  S Y S T E M  ---------------

OS:
 Windows 11 , 64 bit Build 26100 (10.0.26100.7920)
OS uptime: 0 days 0:10 hours
Hyper-V role detected

CPU: total 12 (initial active 12) (12 cores per cpu, 2 threads per core) family 23 model 104 stepping 1 microcode 0x8608107, cx8, cmov, fxsr, ht, mmx, 3dnowpref, sse, sse2, sse3, ssse3, sse4a, sse4.1, sse4.2, popcnt, lzcnt, tsc, tscinvbit, avx, avx2, aes, clmul, bmi1, bmi2, adx, sha, fma, vzeroupper, clflush, clflushopt, hv, rdtscp, rdpid, f16c
Processor Information for the first 12 processors :
  Max Mhz: 2100, Current Mhz: 2100, Mhz Limit: 2100

Memory: 4k page, system-wide physical 7501M (575M free)
TotalPageFile size 15092M (AvailPageFile size 3M)
current process WorkingSet (physical memory assigned to process): 110M, peak: 110M
current process commit charge ("private bytes"): 257M, peak: 258M

vm_info: OpenJDK 64-Bit Server VM (21.0.10+7-LTS) for windows-amd64 JRE (21.0.10+7-LTS), built on 2026-01-20T00:00:00Z by "admin" with MS VC++ 17.12 (VS2022)

END.
