#
# There is insufficient memory for the Java Runtime Environment to continue.
# Native memory allocation (malloc) failed to allocate 1188544 bytes. Error detail: Chunk::new
# Possible reasons:
#   The system is out of physical RAM or swap space
#   This process is running with CompressedOops enabled, and the Java Heap may be blocking the growth of the native heap
# Possible solutions:
#   Reduce memory load on the system
#   Increase physical memory or swap space
#   Check if swap backing store is full
#   Decrease Java heap size (-Xmx/-Xms)
#   Decrease number of Java threads
#   Decrease Java thread stack sizes (-Xss)
#   Set larger code cache with -XX:ReservedCodeCacheSize=
#   JVM is running with Unscaled Compressed Oops mode in which the Java heap is
#     placed in the first 4GB address space. The Java Heap base address is the
#     maximum limit for the native heap growth. Please use -XX:HeapBaseMinAddress
#     to set the Java Heap base and to place the Java Heap above 4GB virtual address.
# This output file may be truncated or incomplete.
#
#  Out of Memory Error (arena.cpp:168), pid=24528, tid=22844
#
# JRE version: OpenJDK Runtime Environment Temurin-21.0.10+7 (21.0.10+7) (build 21.0.10+7-LTS)
# Java VM: OpenJDK 64-Bit Server VM Temurin-21.0.10+7 (21.0.10+7-LTS, mixed mode, sharing, tiered, compressed oops, compressed class ptrs, parallel gc, windows-amd64)
# No core dump will be written. Minidumps are not enabled by default on client versions of Windows
#

---------------  S U M M A R Y ------------

Command Line: --add-modules=ALL-SYSTEM --add-opens=java.base/java.util=ALL-UNNAMED --add-opens=java.base/java.lang=ALL-UNNAMED --add-opens=java.base/sun.nio.fs=ALL-UNNAMED -Declipse.application=org.eclipse.jdt.ls.core.id1 -Dosgi.bundles.defaultStartLevel=4 -Declipse.product=org.eclipse.jdt.ls.core.product -Djava.import.generatesMetadataFilesAtProjectRoot=false -DDetectVMInstallationsJob.disabled=true -Dfile.encoding=utf8 -XX:+UseParallelGC -XX:GCTimeRatio=4 -XX:AdaptiveSizePolicyWeight=90 -Dsun.zip.disableMemoryMapping=true -Xmx2G -Xms100m -Xlog:disable -javaagent:c:\Users\kalra\.vscode\extensions\redhat.java-1.53.0-win32-x64\lombok\lombok-1.18.39-4050.jar -XX:+HeapDumpOnOutOfMemoryError -XX:HeapDumpPath=c:\Users\kalra\AppData\Roaming\Code\User\workspaceStorage\4fda5c3b26c15e0cb27154c0e992db6d\redhat.java -Daether.dependencyCollector.impl=bf c:\Users\kalra\.vscode\extensions\redhat.java-1.53.0-win32-x64\server\plugins\org.eclipse.equinox.launcher_1.7.100.v20251111-0406.jar -configuration c:\Users\kalra\AppData\Roaming\Code\User\globalStorage\redhat.java\1.53.0\config_win -data c:\Users\kalra\AppData\Roaming\Code\User\workspaceStorage\4fda5c3b26c15e0cb27154c0e992db6d\redhat.java\jdt_ws --pipe=\\.\pipe\lsp-04832dddc0f545466efc52eb0fa56266-sock

Host: AMD Ryzen 5 5500U with Radeon Graphics         , 12 cores, 7G,  Windows 11 , 64 bit Build 26100 (10.0.26100.7920)
Time: Fri Mar 27 14:02:48 2026 India Standard Time elapsed time: 13.552927 seconds (0d 0h 0m 13s)

---------------  T H R E A D  ---------------

Current thread (0x0000028c189afdc0):  JavaThread "C2 CompilerThread1" daemon [_thread_in_native, id=22844, stack(0x000000ed7c300000,0x000000ed7c400000) (1024K)]


Current CompileTask:
C2:13553 10512 % !   4       org.eclipse.jdt.internal.compiler.classfmt.ClassFileReader::<init> @ 81 (1968 bytes)

Stack: [0x000000ed7c300000,0x000000ed7c400000]
Native frames: (J=compiled Java code, j=interpreted, Vv=VM code, C=native code)
V  [jvm.dll+0x6d7a39]
V  [jvm.dll+0x8b4b26]
V  [jvm.dll+0x8b70de]
V  [jvm.dll+0x8b77c3]
V  [jvm.dll+0x284346]
V  [jvm.dll+0xc66ed]
V  [jvm.dll+0xc6c31]
V  [jvm.dll+0x3bec3b]
V  [jvm.dll+0x1e3d62]
V  [jvm.dll+0x24c6b3]
V  [jvm.dll+0x24bb40]
V  [jvm.dll+0x1cb34e]
V  [jvm.dll+0x25b85d]
V  [jvm.dll+0x259dea]
V  [jvm.dll+0x3f857e]
V  [jvm.dll+0x85f59d]
V  [jvm.dll+0x6d626d]
C  [ucrtbase.dll+0x37b0]
C  [KERNEL32.DLL+0x2e8d7]
C  [ntdll.dll+0x8c48c]


---------------  P R O C E S S  ---------------

Threads class SMR info:
_java_thread_list=0x0000028c20a78430, length=90, elements={
0x0000028bbfa3e5b0, 0x0000028bbf9ec9f0, 0x0000028bbf9ed810, 0x0000028bbfae4bc0,
0x0000028c187b2780, 0x0000028bbfaeaf20, 0x0000028bbfaf2890, 0x0000028bbfafb160,
0x0000028bbfafe140, 0x0000028c189afdc0, 0x0000028c189f9b40, 0x0000028c189f8e20,
0x0000028c189f94b0, 0x0000028c189fa1d0, 0x0000028c189faef0, 0x0000028c189fa860,
0x0000028c189fb580, 0x0000028c189fbc10, 0x0000028c189fc2a0, 0x0000028c19e7a090,
0x0000028c19e78ce0, 0x0000028c19e7a720, 0x0000028c19e7adb0, 0x0000028c19e79a00,
0x0000028c1eb0bc00, 0x0000028c19e7b440, 0x0000028c19e7bad0, 0x0000028c19e7c160,
0x0000028c19e7c7f0, 0x0000028c19e79370, 0x0000028c19e7fc70, 0x0000028c19e80300,
0x0000028c19e7d510, 0x0000028c19e7e8c0, 0x0000028c19e7dba0, 0x0000028c19e7e230,
0x0000028c19e7ce80, 0x0000028c19e7ef50, 0x0000028c19e7f5e0, 0x0000028c210fa790,
0x0000028c210fbb40, 0x0000028c210fc1d0, 0x0000028c210fae20, 0x0000028c210fc860,
0x0000028c210fcef0, 0x0000028c210f9a70, 0x0000028c210fd580, 0x0000028c210fa100,
0x0000028c210fdc10, 0x0000028c210ff650, 0x0000028c210fe2a0, 0x0000028c21100a00,
0x0000028c210ffce0, 0x0000028c21101090, 0x0000028c21100370, 0x0000028c210fe930,
0x0000028c210fefc0, 0x0000028c212a8b60, 0x0000028c212a9f10, 0x0000028c212ab2c0,
0x0000028c212aa5a0, 0x0000028c212a7e40, 0x0000028c212a9880, 0x0000028c212a91f0,
0x0000028c212aac30, 0x0000028c212ab950, 0x0000028c212a84d0, 0x0000028c212ac670,
0x0000028c212abfe0, 0x0000028c212acd00, 0x0000028c212ad390, 0x0000028c226eba20,
0x0000028c226eb390, 0x0000028c226e92c0, 0x0000028c226ea670, 0x0000028c226e9950,
0x0000028c226e9fe0, 0x0000028c226ee180, 0x0000028c226ead00, 0x0000028c226eeea0,
0x0000028c226ec0b0, 0x0000028c226ee810, 0x0000028c226ef530, 0x0000028c226ecdd0,
0x0000028c226edaf0, 0x0000028c226efbc0, 0x0000028c226ec740, 0x0000028c226f08e0,
0x0000028c226f0250, 0x0000028c226ed460
}

Java Threads: ( => current thread )
  0x0000028bbfa3e5b0 JavaThread "main"                              [_thread_blocked, id=21932, stack(0x000000ed7b700000,0x000000ed7b800000) (1024K)]
  0x0000028bbf9ec9f0 JavaThread "Reference Handler"          daemon [_thread_blocked, id=14656, stack(0x000000ed7bb00000,0x000000ed7bc00000) (1024K)]
  0x0000028bbf9ed810 JavaThread "Finalizer"                  daemon [_thread_blocked, id=15984, stack(0x000000ed7bc00000,0x000000ed7bd00000) (1024K)]
  0x0000028bbfae4bc0 JavaThread "Signal Dispatcher"          daemon [_thread_blocked, id=16700, stack(0x000000ed7bd00000,0x000000ed7be00000) (1024K)]
  0x0000028c187b2780 JavaThread "Attach Listener"            daemon [_thread_blocked, id=4528, stack(0x000000ed7be00000,0x000000ed7bf00000) (1024K)]
  0x0000028bbfaeaf20 JavaThread "Service Thread"             daemon [_thread_blocked, id=3148, stack(0x000000ed7bf00000,0x000000ed7c000000) (1024K)]
  0x0000028bbfaf2890 JavaThread "Monitor Deflation Thread"   daemon [_thread_blocked, id=16536, stack(0x000000ed7c000000,0x000000ed7c100000) (1024K)]
  0x0000028bbfafb160 JavaThread "C2 CompilerThread0"         daemon [_thread_in_native, id=23568, stack(0x000000ed7c100000,0x000000ed7c200000) (1024K)]
  0x0000028bbfafe140 JavaThread "C1 CompilerThread0"         daemon [_thread_in_native, id=20336, stack(0x000000ed7c200000,0x000000ed7c300000) (1024K)]
=>0x0000028c189afdc0 JavaThread "C2 CompilerThread1"         daemon [_thread_in_native, id=22844, stack(0x000000ed7c300000,0x000000ed7c400000) (1024K)]
  0x0000028c189f9b40 JavaThread "Common-Cleaner"             daemon [_thread_blocked, id=11392, stack(0x000000ed7c400000,0x000000ed7c500000) (1024K)]
  0x0000028c189f8e20 JavaThread "Notification Thread"        daemon [_thread_blocked, id=11412, stack(0x000000ed7c500000,0x000000ed7c600000) (1024K)]
  0x0000028c189f94b0 JavaThread "Active Thread: Equinox Container: fc587e58-7e4f-4aa2-9e22-bddf23006c37"        [_thread_blocked, id=20576, stack(0x000000ed7cd00000,0x000000ed7ce00000) (1024K)]
  0x0000028c189fa1d0 JavaThread "Refresh Thread: Equinox Container: fc587e58-7e4f-4aa2-9e22-bddf23006c37" daemon [_thread_blocked, id=13000, stack(0x000000ed7cf00000,0x000000ed7d000000) (1024K)]
  0x0000028c189faef0 JavaThread "Framework Event Dispatcher: Equinox Container: fc587e58-7e4f-4aa2-9e22-bddf23006c37" daemon [_thread_blocked, id=15312, stack(0x000000ed7d000000,0x000000ed7d100000) (1024K)]
  0x0000028c189fa860 JavaThread "Start Level: Equinox Container: fc587e58-7e4f-4aa2-9e22-bddf23006c37" daemon [_thread_blocked, id=5220, stack(0x000000ed7d100000,0x000000ed7d200000) (1024K)]
  0x0000028c189fb580 JavaThread "Bundle File Closer"         daemon [_thread_blocked, id=10688, stack(0x000000ed7d400000,0x000000ed7d500000) (1024K)]
  0x0000028c189fbc10 JavaThread "SCR Component Actor"        daemon [_thread_blocked, id=988, stack(0x000000ed7c600000,0x000000ed7c700000) (1024K)]
  0x0000028c189fc2a0 JavaThread "Worker-JM"                         [_thread_blocked, id=8460, stack(0x000000ed7d600000,0x000000ed7d700000) (1024K)]
  0x0000028c19e7a090 JavaThread "JNA Cleaner"                daemon [_thread_blocked, id=15568, stack(0x000000ed7d700000,0x000000ed7d800000) (1024K)]
  0x0000028c19e78ce0 JavaThread "Worker-0"                          [_thread_blocked, id=13152, stack(0x000000ed7d800000,0x000000ed7d900000) (1024K)]
  0x0000028c19e7a720 JavaThread "Worker-1: Building"                [_thread_in_Java, id=14944, stack(0x000000ed7d900000,0x000000ed7da00000) (1024K)]
  0x0000028c19e7adb0 JavaThread "Worker-2"                          [_thread_blocked, id=11592, stack(0x000000ed7da00000,0x000000ed7db00000) (1024K)]
  0x0000028c19e79a00 JavaThread "Java indexing"              daemon [_thread_blocked, id=14404, stack(0x000000ed7d500000,0x000000ed7d600000) (1024K)]
  0x0000028c1eb0bc00 JavaThread "C2 CompilerThread2"         daemon [_thread_in_native, id=2508, stack(0x000000ed7db00000,0x000000ed7dc00000) (1024K)]
  0x0000028c19e7b440 JavaThread "Worker-3"                          [_thread_blocked, id=12744, stack(0x000000ed7de00000,0x000000ed7df00000) (1024K)]
  0x0000028c19e7bad0 JavaThread "Worker-4: Initialize workspace"        [_thread_blocked, id=13748, stack(0x000000ed7df00000,0x000000ed7e000000) (1024K)]
  0x0000028c19e7c160 JavaThread "Thread-1"                   daemon [_thread_in_native, id=11328, stack(0x000000ed7e000000,0x000000ed7e100000) (1024K)]
  0x0000028c19e7c7f0 JavaThread "Thread-2"                   daemon [_thread_in_native, id=12712, stack(0x000000ed7e100000,0x000000ed7e200000) (1024K)]
  0x0000028c19e79370 JavaThread "Thread-3"                   daemon [_thread_in_native, id=5544, stack(0x000000ed7e200000,0x000000ed7e300000) (1024K)]
  0x0000028c19e7fc70 JavaThread "Thread-4"                   daemon [_thread_in_native, id=10888, stack(0x000000ed7e300000,0x000000ed7e400000) (1024K)]
  0x0000028c19e80300 JavaThread "Thread-5"                   daemon [_thread_in_native, id=1164, stack(0x000000ed7e400000,0x000000ed7e500000) (1024K)]
  0x0000028c19e7d510 JavaThread "Thread-6"                   daemon [_thread_in_native, id=22584, stack(0x000000ed7e500000,0x000000ed7e600000) (1024K)]
  0x0000028c19e7e8c0 JavaThread "Thread-7"                   daemon [_thread_in_native, id=11240, stack(0x000000ed7e600000,0x000000ed7e700000) (1024K)]
  0x0000028c19e7dba0 JavaThread "Thread-8"                   daemon [_thread_in_native, id=10224, stack(0x000000ed7e700000,0x000000ed7e800000) (1024K)]
  0x0000028c19e7e230 JavaThread "Thread-9"                   daemon [_thread_in_native, id=23656, stack(0x000000ed7e800000,0x000000ed7e900000) (1024K)]
  0x0000028c19e7ce80 JavaThread "Thread-10"                  daemon [_thread_in_native, id=16952, stack(0x000000ed7e900000,0x000000ed7ea00000) (1024K)]
  0x0000028c19e7ef50 JavaThread "Thread-11"                  daemon [_thread_in_native, id=16460, stack(0x000000ed7ea00000,0x000000ed7eb00000) (1024K)]
  0x0000028c19e7f5e0 JavaThread "Thread-12"                  daemon [_thread_in_native, id=24376, stack(0x000000ed7eb00000,0x000000ed7ec00000) (1024K)]
  0x0000028c210fa790 JavaThread "Thread-13"                  daemon [_thread_in_native, id=14892, stack(0x000000ed7ec00000,0x000000ed7ed00000) (1024K)]
  0x0000028c210fbb40 JavaThread "pool-2-thread-1"                   [_thread_blocked, id=8944, stack(0x000000ed7ed00000,0x000000ed7ee00000) (1024K)]
  0x0000028c210fc1d0 JavaThread "WorkspaceEventsHandler"            [_thread_blocked, id=23948, stack(0x000000ed7ee00000,0x000000ed7ef00000) (1024K)]
  0x0000028c210fae20 JavaThread "pool-1-thread-1"                   [_thread_blocked, id=8620, stack(0x000000ed7ef00000,0x000000ed7f000000) (1024K)]
  0x0000028c210fc860 JavaThread "Equinox resolver thread - Equinox Container: fc587e58-7e4f-4aa2-9e22-bddf23006c37" daemon [_thread_blocked, id=20644, stack(0x000000ed7f000000,0x000000ed7f100000) (1024K)]
  0x0000028c210fcef0 JavaThread "Equinox resolver thread - Equinox Container: fc587e58-7e4f-4aa2-9e22-bddf23006c37" daemon [_thread_blocked, id=2832, stack(0x000000ed7f100000,0x000000ed7f200000) (1024K)]
  0x0000028c210f9a70 JavaThread "Equinox resolver thread - Equinox Container: fc587e58-7e4f-4aa2-9e22-bddf23006c37" daemon [_thread_blocked, id=22488, stack(0x000000ed7f200000,0x000000ed7f300000) (1024K)]
  0x0000028c210fd580 JavaThread "Equinox resolver thread - Equinox Container: fc587e58-7e4f-4aa2-9e22-bddf23006c37" daemon [_thread_blocked, id=23932, stack(0x000000ed7f300000,0x000000ed7f400000) (1024K)]
  0x0000028c210fa100 JavaThread "Equinox resolver thread - Equinox Container: fc587e58-7e4f-4aa2-9e22-bddf23006c37" daemon [_thread_blocked, id=4712, stack(0x000000ed7f400000,0x000000ed7f500000) (1024K)]
  0x0000028c210fdc10 JavaThread "Equinox resolver thread - Equinox Container: fc587e58-7e4f-4aa2-9e22-bddf23006c37" daemon [_thread_blocked, id=15448, stack(0x000000ed7f500000,0x000000ed7f600000) (1024K)]
  0x0000028c210ff650 JavaThread "Equinox resolver thread - Equinox Container: fc587e58-7e4f-4aa2-9e22-bddf23006c37" daemon [_thread_blocked, id=9416, stack(0x000000ed7f600000,0x000000ed7f700000) (1024K)]
  0x0000028c210fe2a0 JavaThread "Equinox resolver thread - Equinox Container: fc587e58-7e4f-4aa2-9e22-bddf23006c37" daemon [_thread_blocked, id=2560, stack(0x000000ed7f700000,0x000000ed7f800000) (1024K)]
  0x0000028c21100a00 JavaThread "Equinox resolver thread - Equinox Container: fc587e58-7e4f-4aa2-9e22-bddf23006c37" daemon [_thread_blocked, id=6188, stack(0x000000ed7f800000,0x000000ed7f900000) (1024K)]
  0x0000028c210ffce0 JavaThread "Equinox resolver thread - Equinox Container: fc587e58-7e4f-4aa2-9e22-bddf23006c37" daemon [_thread_blocked, id=4392, stack(0x000000ed7f900000,0x000000ed7fa00000) (1024K)]
  0x0000028c21101090 JavaThread "Equinox resolver thread - Equinox Container: fc587e58-7e4f-4aa2-9e22-bddf23006c37" daemon [_thread_blocked, id=5888, stack(0x000000ed7fa00000,0x000000ed7fb00000) (1024K)]
  0x0000028c21100370 JavaThread "Equinox resolver thread - Equinox Container: fc587e58-7e4f-4aa2-9e22-bddf23006c37" daemon [_thread_blocked, id=3700, stack(0x000000ed7fb00000,0x000000ed7fc00000) (1024K)]
  0x0000028c210fe930 JavaThread "ForkJoinPool.commonPool-worker-1" daemon [_thread_blocked, id=12868, stack(0x000000ed7fc00000,0x000000ed7fd00000) (1024K)]
  0x0000028c210fefc0 JavaThread "ForkJoinPool.commonPool-worker-2" daemon [_thread_blocked, id=3864, stack(0x000000ed7fd00000,0x000000ed7fe00000) (1024K)]
  0x0000028c212a8b60 JavaThread "ForkJoinPool.commonPool-worker-3" daemon [_thread_blocked, id=13616, stack(0x000000ed7fe00000,0x000000ed7ff00000) (1024K)]
  0x0000028c212a9f10 JavaThread "ForkJoinPool.commonPool-worker-4" daemon [_thread_blocked, id=18128, stack(0x000000ed7ff00000,0x000000ed80000000) (1024K)]
  0x0000028c212ab2c0 JavaThread "ForkJoinPool.commonPool-worker-5" daemon [_thread_blocked, id=304, stack(0x000000ed00000000,0x000000ed00100000) (1024K)]
  0x0000028c212aa5a0 JavaThread "ForkJoinPool.commonPool-worker-7" daemon [_thread_blocked, id=592, stack(0x000000ed00100000,0x000000ed00200000) (1024K)]
  0x0000028c212a7e40 JavaThread "ForkJoinPool.commonPool-worker-6" daemon [_thread_blocked, id=5628, stack(0x000000ed00200000,0x000000ed00300000) (1024K)]
  0x0000028c212a9880 JavaThread "ForkJoinPool.commonPool-worker-8" daemon [_thread_blocked, id=22504, stack(0x000000ed00300000,0x000000ed00400000) (1024K)]
  0x0000028c212a91f0 JavaThread "ForkJoinPool.commonPool-worker-9" daemon [_thread_blocked, id=24356, stack(0x000000ed00400000,0x000000ed00500000) (1024K)]
  0x0000028c212aac30 JavaThread "ForkJoinPool.commonPool-worker-10" daemon [_thread_blocked, id=14708, stack(0x000000ed00500000,0x000000ed00600000) (1024K)]
  0x0000028c212ab950 JavaThread "ForkJoinPool.commonPool-worker-11" daemon [_thread_blocked, id=24448, stack(0x000000ed00600000,0x000000ed00700000) (1024K)]
  0x0000028c212a84d0 JavaThread "Worker-5"                          [_thread_blocked, id=13508, stack(0x000000ed00700000,0x000000ed00800000) (1024K)]
  0x0000028c212ac670 JavaThread "Cleaner-0"                  daemon [_thread_blocked, id=20104, stack(0x000000ed00800000,0x000000ed00900000) (1024K)]
  0x0000028c212abfe0 JavaThread "LocalFile Deleter"          daemon [_thread_blocked, id=20216, stack(0x000000ed00900000,0x000000ed00a00000) (1024K)]
  0x0000028c212acd00 JavaThread "LocalFile Deleter"          daemon [_thread_blocked, id=24100, stack(0x000000ed00a00000,0x000000ed00b00000) (1024K)]
  0x0000028c212ad390 JavaThread "LocalFile Deleter"          daemon [_thread_blocked, id=18776, stack(0x000000ed00b00000,0x000000ed00c00000) (1024K)]
  0x0000028c226eba20 JavaThread "LocalFile Deleter"          daemon [_thread_blocked, id=22520, stack(0x000000ed00c00000,0x000000ed00d00000) (1024K)]
  0x0000028c226eb390 JavaThread "LocalFile Deleter"          daemon [_thread_blocked, id=13772, stack(0x000000ed00d00000,0x000000ed00e00000) (1024K)]
  0x0000028c226e92c0 JavaThread "LocalFile Deleter"          daemon [_thread_blocked, id=16108, stack(0x000000ed00e00000,0x000000ed00f00000) (1024K)]
  0x0000028c226ea670 JavaThread "LocalFile Deleter"          daemon [_thread_blocked, id=14852, stack(0x000000ed00f00000,0x000000ed01000000) (1024K)]
  0x0000028c226e9950 JavaThread "LocalFile Deleter"          daemon [_thread_blocked, id=7084, stack(0x000000ed01000000,0x000000ed01100000) (1024K)]
  0x0000028c226e9fe0 JavaThread "LocalFile Deleter"          daemon [_thread_blocked, id=14572, stack(0x000000ed01100000,0x000000ed01200000) (1024K)]
  0x0000028c226ee180 JavaThread "LocalFile Deleter"          daemon [_thread_blocked, id=7420, stack(0x000000ed01200000,0x000000ed01300000) (1024K)]
  0x0000028c226ead00 JavaThread "LocalFile Deleter"          daemon [_thread_blocked, id=1680, stack(0x000000ed01300000,0x000000ed01400000) (1024K)]
  0x0000028c226eeea0 JavaThread "LocalFile Deleter"          daemon [_thread_blocked, id=22972, stack(0x000000ed01400000,0x000000ed01500000) (1024K)]
  0x0000028c226ec0b0 JavaThread "Compiler Source File Reader" daemon [_thread_blocked, id=4660, stack(0x000000ed01500000,0x000000ed01600000) (1024K)]
  0x0000028c226ee810 JavaThread "Compiler Source File Reader" daemon [_thread_blocked, id=5928, stack(0x000000ed01600000,0x000000ed01700000) (1024K)]
  0x0000028c226ef530 JavaThread "Compiler Source File Reader" daemon [_thread_blocked, id=19692, stack(0x000000ed01700000,0x000000ed01800000) (1024K)]
  0x0000028c226ecdd0 JavaThread "Compiler Source File Reader" daemon [_thread_blocked, id=19316, stack(0x000000ed01800000,0x000000ed01900000) (1024K)]
  0x0000028c226edaf0 JavaThread "Compiler Source File Reader" daemon [_thread_blocked, id=8672, stack(0x000000ed01900000,0x000000ed01a00000) (1024K)]
  0x0000028c226efbc0 JavaThread "Compiler Source File Reader" daemon [_thread_blocked, id=14428, stack(0x000000ed01a00000,0x000000ed01b00000) (1024K)]
  0x0000028c226ec740 JavaThread "Compiler Source File Reader" daemon [_thread_blocked, id=18000, stack(0x000000ed01b00000,0x000000ed01c00000) (1024K)]
  0x0000028c226f08e0 JavaThread "Compiler Source File Reader" daemon [_thread_blocked, id=6788, stack(0x000000ed01c00000,0x000000ed01d00000) (1024K)]
  0x0000028c226f0250 JavaThread "Compiler Source File Reader" daemon [_thread_blocked, id=21544, stack(0x000000ed01d00000,0x000000ed01e00000) (1024K)]
  0x0000028c226ed460 JavaThread "Compiler Source File Reader" daemon [_thread_blocked, id=23564, stack(0x000000ed01e00000,0x000000ed01f00000) (1024K)]
Total: 90

Other Threads:
  0x0000028bbf9d4210 VMThread "VM Thread"                           [id=17204, stack(0x000000ed7ba00000,0x000000ed7bb00000) (1024K)]
  0x0000028bbf8cca00 WatcherThread "VM Periodic Task Thread"        [id=7752, stack(0x000000ed7b900000,0x000000ed7ba00000) (1024K)]
  0x0000028bbfa5cc50 WorkerThread "GC Thread#0"                     [id=4648, stack(0x000000ed7b800000,0x000000ed7b900000) (1024K)]
  0x0000028c19cf7610 WorkerThread "GC Thread#1"                     [id=12564, stack(0x000000ed7c700000,0x000000ed7c800000) (1024K)]
  0x0000028c19cf79c0 WorkerThread "GC Thread#2"                     [id=7032, stack(0x000000ed7c800000,0x000000ed7c900000) (1024K)]
  0x0000028c19f10d10 WorkerThread "GC Thread#3"                     [id=24228, stack(0x000000ed7c900000,0x000000ed7ca00000) (1024K)]
  0x0000028c19f110c0 WorkerThread "GC Thread#4"                     [id=8788, stack(0x000000ed7ca00000,0x000000ed7cb00000) (1024K)]
  0x0000028c1e11deb0 WorkerThread "GC Thread#5"                     [id=15828, stack(0x000000ed7cb00000,0x000000ed7cc00000) (1024K)]
  0x0000028c1e187960 WorkerThread "GC Thread#6"                     [id=12796, stack(0x000000ed7cc00000,0x000000ed7cd00000) (1024K)]
  0x0000028c1e20b590 WorkerThread "GC Thread#7"                     [id=21948, stack(0x000000ed7ce00000,0x000000ed7cf00000) (1024K)]
  0x0000028c1e770010 WorkerThread "GC Thread#8"                     [id=21972, stack(0x000000ed7d200000,0x000000ed7d300000) (1024K)]
  0x0000028c1e7703c0 WorkerThread "GC Thread#9"                     [id=17784, stack(0x000000ed7d300000,0x000000ed7d400000) (1024K)]
Total: 12

Threads with active compile tasks:
C2 CompilerThread0  13586 10676       4       org.eclipse.jdt.internal.compiler.parser.Scanner::internalScanIdentifierOrKeyword (5041 bytes)
C1 CompilerThread0  13587 10828   !   2       org.eclipse.jdt.internal.compiler.lookup.BinaryTypeBinding::createMethods (411 bytes)
C2 CompilerThread1  13587 10512 % !   4       org.eclipse.jdt.internal.compiler.classfmt.ClassFileReader::<init> @ 81 (1968 bytes)
C2 CompilerThread2  13587 10705   !   4       org.eclipse.jdt.internal.compiler.parser.Scanner::getNextToken0 (3068 bytes)
Total: 4

VM state: not at safepoint (normal execution)

VM Mutex/Monitor currently owned by a thread: None

Heap address: 0x0000000080000000, size: 2048 MB, Compressed Oops mode: 32-bit

CDS archive(s) mapped at: [0x0000028bd7000000-0x0000028bd7ba0000-0x0000028bd7ba0000), size 12189696, SharedBaseAddress: 0x0000028bd7000000, ArchiveRelocationMode: 1.
Compressed class space mapped at: 0x0000028bd8000000-0x0000028c18000000, reserved size: 1073741824
Narrow klass base: 0x0000028bd7000000, Narrow klass shift: 0, Narrow klass range: 0x100000000

GC Precious Log:
 CardTable entry size: 512
 CPUs: 12 total, 12 available
 Memory: 7501M
 Large Page Support: Disabled
 NUMA Support: Disabled
 Compressed Oops: Enabled (32-bit)
 Alignments: Space 512K, Generation 512K, Heap 2M
 Heap Min Capacity: 100M
 Heap Initial Capacity: 100M
 Heap Max Capacity: 2G
 Pre-touch: Disabled
 Parallel Workers: 10

Heap:
 PSYoungGen      total 9728K, used 8669K [0x00000000d5580000, 0x00000000d6080000, 0x0000000100000000)
  eden space 9216K, 88% used [0x00000000d5580000,0x00000000d5d83410,0x00000000d5e80000)
  from space 512K, 93% used [0x00000000d5f00000,0x00000000d5f78020,0x00000000d5f80000)
  to   space 1024K, 0% used [0x00000000d5f80000,0x00000000d5f80000,0x00000000d6080000)
 ParOldGen       total 84992K, used 84918K [0x0000000080000000, 0x0000000085300000, 0x00000000d5580000)
  object space 84992K, 99% used [0x0000000080000000,0x00000000852ed858,0x0000000085300000)
 Metaspace       used 66834K, committed 68288K, reserved 1114112K
  class space    used 7085K, committed 7744K, reserved 1048576K

Card table byte_map: [0x0000028bbf3e0000,0x0000028bbf7f0000] _byte_map_base: 0x0000028bbefe0000

Marking Bits: (ParMarkBitMap*) 0x00007ff8198a3450
 Begin Bits: [0x0000028bd1ef0000, 0x0000028bd3ef0000)
 End Bits:   [0x0000028bd3ef0000, 0x0000028bd5ef0000)

Polling page: 0x0000028bbd7f0000

Metaspace:

Usage:
  Non-class:     58.35 MB used.
      Class:      6.92 MB used.
       Both:     65.27 MB used.

Virtual space:
  Non-class space:       64.00 MB reserved,      59.12 MB ( 92%) committed,  1 nodes.
      Class space:        1.00 GB reserved,       7.56 MB ( <1%) committed,  1 nodes.
             Both:        1.06 GB reserved,      66.69 MB (  6%) committed. 

Chunk freelists:
   Non-Class:  4.02 MB
       Class:  8.39 MB
        Both:  12.41 MB

MaxMetaspaceSize: unlimited
CompressedClassSpaceSize: 1.00 GB
Initial GC threshold: 21.00 MB
Current GC threshold: 97.31 MB
CDS: on
 - commit_granule_bytes: 65536.
 - commit_granule_words: 8192.
 - virtual_space_node_default_size: 8388608.
 - enlarge_chunks_in_place: 1.
 - use_allocation_guard: 0.


Internal statistics:

num_allocs_failed_limit: 9.
num_arena_births: 1200.
num_arena_deaths: 14.
num_vsnodes_births: 2.
num_vsnodes_deaths: 0.
num_space_committed: 1067.
num_space_uncommitted: 0.
num_chunks_returned_to_freelist: 23.
num_chunks_taken_from_freelist: 4416.
num_chunk_merges: 14.
num_chunk_splits: 2693.
num_chunks_enlarged: 1476.
num_inconsistent_stats: 0.

CodeHeap 'non-profiled nmethods': size=120000Kb used=5979Kb max_used=5979Kb free=114020Kb
 bounds [0x0000028bca710000, 0x0000028bcacf0000, 0x0000028bd1c40000]
CodeHeap 'profiled nmethods': size=120000Kb used=21058Kb max_used=21058Kb free=98941Kb
 bounds [0x0000028bc2c40000, 0x0000028bc40e0000, 0x0000028bca170000]
CodeHeap 'non-nmethods': size=5760Kb used=1456Kb max_used=1522Kb free=4303Kb
 bounds [0x0000028bca170000, 0x0000028bca3e0000, 0x0000028bca710000]
CodeCache: size=245760Kb, used=28493Kb, max_used=28559Kb, free=217264Kb
 total_blobs=10714, nmethods=9941, adapters=678, full_count=0
Compilation: enabled, stopped_count=0, restarted_count=0

Compilation events (20 events):
Event: 13.546 Thread 0x0000028bbfafe140 nmethod 10764 0x0000028bc40b5d10 code [0x0000028bc40b5f80, 0x0000028bc40b67d8]
Event: 13.546 Thread 0x0000028bbfafe140 10765       2       java.lang.invoke.DelegatingMethodHandle$Holder::reinvoke_L (20 bytes)
Event: 13.547 Thread 0x0000028bbfafe140 nmethod 10765 0x0000028bc40b6d10 code [0x0000028bc40b6ec0, 0x0000028bc40b7060]
Event: 13.547 Thread 0x0000028bbfafe140 10766       2       java.lang.invoke.Invokers$Holder::linkToTargetMethod (10 bytes)
Event: 13.547 Thread 0x0000028bbfafe140 nmethod 10766 0x0000028bc40b7190 code [0x0000028bc40b7340, 0x0000028bc40b74b0]
Event: 13.547 Thread 0x0000028bbfafe140 10767       2       java.lang.invoke.LambdaForm$MH/0x0000028bd8202800::invoke (99 bytes)
Event: 13.547 Thread 0x0000028bbfafe140 nmethod 10767 0x0000028bc40b7590 code [0x0000028bc40b77a0, 0x0000028bc40b7b38]
Event: 13.547 Thread 0x0000028bbfafe140 10768       2       java.lang.invoke.LambdaForm$MH/0x0000028bd8202000::invoke (46 bytes)
Event: 13.547 Thread 0x0000028bbfafe140 nmethod 10768 0x0000028bc40b7e10 code [0x0000028bc40b7fe0, 0x0000028bc40b8200]
Event: 13.547 Thread 0x0000028bbfafe140 10769       2       java.lang.invoke.LambdaForm$MH/0x0000028bd8200c00::invoke (45 bytes)
Event: 13.547 Thread 0x0000028bbfafe140 nmethod 10769 0x0000028bc40b8390 code [0x0000028bc40b8560, 0x0000028bc40b8788]
Event: 13.547 Thread 0x0000028bbfafe140 10762       1       java.util.stream.TerminalOp::getOpFlags (2 bytes)
Event: 13.548 Thread 0x0000028bbfafe140 nmethod 10762 0x0000028bcace6110 code [0x0000028bcace62a0, 0x0000028bcace6368]
Event: 13.548 Thread 0x0000028bbfafe140 10770       2       org.eclipse.jdt.internal.compiler.env.IModuleAwareNameEnvironment::getUniqueModulesDeclaringPackage (85 bytes)
Event: 13.548 Thread 0x0000028bbfafe140 nmethod 10770 0x0000028bc40b8910 code [0x0000028bc40b8b00, 0x0000028bc40b8e58]
Event: 13.548 Thread 0x0000028bbfafe140 10771       2       org.eclipse.jdt.internal.compiler.lookup.ModuleBinding$UnNamedModule::canAccess (77 bytes)
Event: 13.549 Thread 0x0000028bbfafe140 nmethod 10771 0x0000028bc40b9090 code [0x0000028bc40b92a0, 0x0000028bc40b9678]
Event: 13.549 Thread 0x0000028bbfafe140 10772       2       java.util.function.Predicate$$Lambda/0x0000028bd85e74d0::test (11 bytes)
Event: 13.549 Thread 0x0000028bbfafe140 nmethod 10772 0x0000028bc40b9890 code [0x0000028bc40b9a40, 0x0000028bc40b9bf0]
Event: 13.550 Thread 0x0000028bbfafe140 10774       2       org.eclipse.jdt.internal.compiler.ast.CompilationUnitDeclaration::isSimpleCompilationUnit (32 bytes)

GC Heap History (20 events):
Event: 12.340 GC heap before
{Heap before GC invocations=87 (full 3):
 PSYoungGen      total 10752K, used 10521K [0x00000000d5580000, 0x00000000d6200000, 0x0000000100000000)
  eden space 9728K, 100% used [0x00000000d5580000,0x00000000d5f00000,0x00000000d5f00000)
  from space 1024K, 77% used [0x00000000d6000000,0x00000000d60c6680,0x00000000d6100000)
  to   space 1024K, 0% used [0x00000000d6100000,0x00000000d6100000,0x00000000d6200000)
 ParOldGen       total 78848K, used 78756K [0x0000000080000000, 0x0000000084d00000, 0x00000000d5580000)
  object space 78848K, 99% used [0x0000000080000000,0x0000000084ce9160,0x0000000084d00000)
 Metaspace       used 63606K, committed 65088K, reserved 1114112K
  class space    used 6819K, committed 7488K, reserved 1048576K
}
Event: 12.342 GC heap after
{Heap after GC invocations=87 (full 3):
 PSYoungGen      total 10240K, used 1014K [0x00000000d5580000, 0x00000000d6400000, 0x0000000100000000)
  eden space 9216K, 0% used [0x00000000d5580000,0x00000000d5580000,0x00000000d5e80000)
  from space 1024K, 99% used [0x00000000d6100000,0x00000000d61fd920,0x00000000d6200000)
  to   space 2560K, 0% used [0x00000000d5e80000,0x00000000d5e80000,0x00000000d6100000)
 ParOldGen       total 79872K, used 79677K [0x0000000080000000, 0x0000000084e00000, 0x00000000d5580000)
  object space 79872K, 99% used [0x0000000080000000,0x0000000084dcf470,0x0000000084e00000)
 Metaspace       used 63606K, committed 65088K, reserved 1114112K
  class space    used 6819K, committed 7488K, reserved 1048576K
}
Event: 12.383 GC heap before
{Heap before GC invocations=88 (full 3):
 PSYoungGen      total 10240K, used 10230K [0x00000000d5580000, 0x00000000d6400000, 0x0000000100000000)
  eden space 9216K, 100% used [0x00000000d5580000,0x00000000d5e80000,0x00000000d5e80000)
  from space 1024K, 99% used [0x00000000d6100000,0x00000000d61fd920,0x00000000d6200000)
  to   space 2560K, 0% used [0x00000000d5e80000,0x00000000d5e80000,0x00000000d6100000)
 ParOldGen       total 79872K, used 79677K [0x0000000080000000, 0x0000000084e00000, 0x00000000d5580000)
  object space 79872K, 99% used [0x0000000080000000,0x0000000084dcf470,0x0000000084e00000)
 Metaspace       used 63944K, committed 65408K, reserved 1114112K
  class space    used 6843K, committed 7488K, reserved 1048576K
}
Event: 12.386 GC heap after
{Heap after GC invocations=88 (full 3):
 PSYoungGen      total 10752K, used 1430K [0x00000000d5580000, 0x00000000d6280000, 0x0000000100000000)
  eden space 9216K, 0% used [0x00000000d5580000,0x00000000d5580000,0x00000000d5e80000)
  from space 1536K, 93% used [0x00000000d5e80000,0x00000000d5fe5a00,0x00000000d6000000)
  to   space 2048K, 0% used [0x00000000d6080000,0x00000000d6080000,0x00000000d6280000)
 ParOldGen       total 81408K, used 80935K [0x0000000080000000, 0x0000000084f80000, 0x00000000d5580000)
  object space 81408K, 99% used [0x0000000080000000,0x0000000084f09da8,0x0000000084f80000)
 Metaspace       used 63944K, committed 65408K, reserved 1114112K
  class space    used 6843K, committed 7488K, reserved 1048576K
}
Event: 12.457 GC heap before
{Heap before GC invocations=89 (full 3):
 PSYoungGen      total 10752K, used 9236K [0x00000000d5580000, 0x00000000d6280000, 0x0000000100000000)
  eden space 9216K, 84% used [0x00000000d5580000,0x00000000d5d1f760,0x00000000d5e80000)
  from space 1536K, 93% used [0x00000000d5e80000,0x00000000d5fe5a00,0x00000000d6000000)
  to   space 2048K, 0% used [0x00000000d6080000,0x00000000d6080000,0x00000000d6280000)
 ParOldGen       total 81408K, used 80935K [0x0000000080000000, 0x0000000084f80000, 0x00000000d5580000)
  object space 81408K, 99% used [0x0000000080000000,0x0000000084f09da8,0x0000000084f80000)
 Metaspace       used 64115K, committed 65600K, reserved 1114112K
  class space    used 6849K, committed 7488K, reserved 1048576K
}
Event: 12.460 GC heap after
{Heap after GC invocations=89 (full 3):
 PSYoungGen      total 10752K, used 1183K [0x00000000d5580000, 0x00000000d6200000, 0x0000000100000000)
  eden space 9216K, 0% used [0x00000000d5580000,0x00000000d5580000,0x00000000d5e80000)
  from space 1536K, 77% used [0x00000000d6080000,0x00000000d61a7e78,0x00000000d6200000)
  to   space 1536K, 0% used [0x00000000d5e80000,0x00000000d5e80000,0x00000000d6000000)
 ParOldGen       total 81920K, used 81643K [0x0000000080000000, 0x0000000085000000, 0x00000000d5580000)
  object space 81920K, 99% used [0x0000000080000000,0x0000000084fbae88,0x0000000085000000)
 Metaspace       used 64115K, committed 65600K, reserved 1114112K
  class space    used 6849K, committed 7488K, reserved 1048576K
}
Event: 12.509 GC heap before
{Heap before GC invocations=90 (full 3):
 PSYoungGen      total 10752K, used 10399K [0x00000000d5580000, 0x00000000d6200000, 0x0000000100000000)
  eden space 9216K, 100% used [0x00000000d5580000,0x00000000d5e80000,0x00000000d5e80000)
  from space 1536K, 77% used [0x00000000d6080000,0x00000000d61a7e78,0x00000000d6200000)
  to   space 1536K, 0% used [0x00000000d5e80000,0x00000000d5e80000,0x00000000d6000000)
 ParOldGen       total 81920K, used 81643K [0x0000000080000000, 0x0000000085000000, 0x00000000d5580000)
  object space 81920K, 99% used [0x0000000080000000,0x0000000084fbae88,0x0000000085000000)
 Metaspace       used 64468K, committed 65984K, reserved 1114112K
  class space    used 6883K, committed 7552K, reserved 1048576K
}
Event: 12.513 GC heap after
{Heap after GC invocations=90 (full 3):
 PSYoungGen      total 10752K, used 943K [0x00000000d5580000, 0x00000000d6180000, 0x0000000100000000)
  eden space 9216K, 0% used [0x00000000d5580000,0x00000000d5580000,0x00000000d5e80000)
  from space 1536K, 61% used [0x00000000d5e80000,0x00000000d5f6bc58,0x00000000d6000000)
  to   space 1536K, 0% used [0x00000000d6000000,0x00000000d6000000,0x00000000d6180000)
 ParOldGen       total 82944K, used 82695K [0x0000000080000000, 0x0000000085100000, 0x00000000d5580000)
  object space 82944K, 99% used [0x0000000080000000,0x00000000850c1f90,0x0000000085100000)
 Metaspace       used 64468K, committed 65984K, reserved 1114112K
  class space    used 6883K, committed 7552K, reserved 1048576K
}
Event: 12.576 GC heap before
{Heap before GC invocations=91 (full 3):
 PSYoungGen      total 10752K, used 10159K [0x00000000d5580000, 0x00000000d6180000, 0x0000000100000000)
  eden space 9216K, 100% used [0x00000000d5580000,0x00000000d5e80000,0x00000000d5e80000)
  from space 1536K, 61% used [0x00000000d5e80000,0x00000000d5f6bc58,0x00000000d6000000)
  to   space 1536K, 0% used [0x00000000d6000000,0x00000000d6000000,0x00000000d6180000)
 ParOldGen       total 82944K, used 82695K [0x0000000080000000, 0x0000000085100000, 0x00000000d5580000)
  object space 82944K, 99% used [0x0000000080000000,0x00000000850c1f90,0x0000000085100000)
 Metaspace       used 65101K, committed 66624K, reserved 1114112K
  class space    used 6936K, committed 7616K, reserved 1048576K
}
Event: 12.579 GC heap after
{Heap after GC invocations=91 (full 3):
 PSYoungGen      total 10240K, used 975K [0x00000000d5580000, 0x00000000d6100000, 0x0000000100000000)
  eden space 9216K, 0% used [0x00000000d5580000,0x00000000d5580000,0x00000000d5e80000)
  from space 1024K, 95% used [0x00000000d6000000,0x00000000d60f3ca8,0x00000000d6100000)
  to   space 1024K, 0% used [0x00000000d5f00000,0x00000000d5f00000,0x00000000d6000000)
 ParOldGen       total 83456K, used 83445K [0x0000000080000000, 0x0000000085180000, 0x00000000d5580000)
  object space 83456K, 99% used [0x0000000080000000,0x000000008517d700,0x0000000085180000)
 Metaspace       used 65101K, committed 66624K, reserved 1114112K
  class space    used 6936K, committed 7616K, reserved 1048576K
}
Event: 12.624 GC heap before
{Heap before GC invocations=92 (full 3):
 PSYoungGen      total 10240K, used 10191K [0x00000000d5580000, 0x00000000d6100000, 0x0000000100000000)
  eden space 9216K, 100% used [0x00000000d5580000,0x00000000d5e80000,0x00000000d5e80000)
  from space 1024K, 95% used [0x00000000d6000000,0x00000000d60f3ca8,0x00000000d6100000)
  to   space 1024K, 0% used [0x00000000d5f00000,0x00000000d5f00000,0x00000000d6000000)
 ParOldGen       total 83456K, used 83445K [0x0000000080000000, 0x0000000085180000, 0x00000000d5580000)
  object space 83456K, 99% used [0x0000000080000000,0x000000008517d700,0x0000000085180000)
 Metaspace       used 65415K, committed 66880K, reserved 1114112K
  class space    used 6962K, committed 7616K, reserved 1048576K
}
Event: 12.626 GC heap after
{Heap after GC invocations=92 (full 3):
 PSYoungGen      total 9728K, used 448K [0x00000000d5580000, 0x00000000d6080000, 0x0000000100000000)
  eden space 9216K, 0% used [0x00000000d5580000,0x00000000d5580000,0x00000000d5e80000)
  from space 512K, 87% used [0x00000000d5f00000,0x00000000d5f70020,0x00000000d5f80000)
  to   space 1024K, 0% used [0x00000000d5f80000,0x00000000d5f80000,0x00000000d6080000)
 ParOldGen       total 84480K, used 84241K [0x0000000080000000, 0x0000000085280000, 0x00000000d5580000)
  object space 84480K, 99% used [0x0000000080000000,0x0000000085244628,0x0000000085280000)
 Metaspace       used 65415K, committed 66880K, reserved 1114112K
  class space    used 6962K, committed 7616K, reserved 1048576K
}
Event: 12.707 GC heap before
{Heap before GC invocations=93 (full 3):
 PSYoungGen      total 9728K, used 9664K [0x00000000d5580000, 0x00000000d6080000, 0x0000000100000000)
  eden space 9216K, 100% used [0x00000000d5580000,0x00000000d5e80000,0x00000000d5e80000)
  from space 512K, 87% used [0x00000000d5f00000,0x00000000d5f70020,0x00000000d5f80000)
  to   space 1024K, 0% used [0x00000000d5f80000,0x00000000d5f80000,0x00000000d6080000)
 ParOldGen       total 84480K, used 84241K [0x0000000080000000, 0x0000000085280000, 0x00000000d5580000)
  object space 84480K, 99% used [0x0000000080000000,0x0000000085244628,0x0000000085280000)
 Metaspace       used 65787K, committed 67264K, reserved 1114112K
  class space    used 6997K, committed 7680K, reserved 1048576K
}
Event: 12.708 GC heap after
{Heap after GC invocations=93 (full 3):
 PSYoungGen      total 9728K, used 320K [0x00000000d5580000, 0x00000000d6000000, 0x0000000100000000)
  eden space 9216K, 0% used [0x00000000d5580000,0x00000000d5580000,0x00000000d5e80000)
  from space 512K, 62% used [0x00000000d5f80000,0x00000000d5fd0000,0x00000000d6000000)
  to   space 512K, 0% used [0x00000000d5f00000,0x00000000d5f00000,0x00000000d5f80000)
 ParOldGen       total 84480K, used 84401K [0x0000000080000000, 0x0000000085280000, 0x00000000d5580000)
  object space 84480K, 99% used [0x0000000080000000,0x000000008526c648,0x0000000085280000)
 Metaspace       used 65787K, committed 67264K, reserved 1114112K
  class space    used 6997K, committed 7680K, reserved 1048576K
}
Event: 12.915 GC heap before
{Heap before GC invocations=94 (full 3):
 PSYoungGen      total 9728K, used 9534K [0x00000000d5580000, 0x00000000d6000000, 0x0000000100000000)
  eden space 9216K, 99% used [0x00000000d5580000,0x00000000d5e7fa98,0x00000000d5e80000)
  from space 512K, 62% used [0x00000000d5f80000,0x00000000d5fd0000,0x00000000d6000000)
  to   space 512K, 0% used [0x00000000d5f00000,0x00000000d5f00000,0x00000000d5f80000)
 ParOldGen       total 84480K, used 84401K [0x0000000080000000, 0x0000000085280000, 0x00000000d5580000)
  object space 84480K, 99% used [0x0000000080000000,0x000000008526c648,0x0000000085280000)
 Metaspace       used 65913K, committed 67392K, reserved 1114112K
  class space    used 7000K, committed 7680K, reserved 1048576K
}
Event: 12.918 GC heap after
{Heap after GC invocations=94 (full 3):
 PSYoungGen      total 9728K, used 509K [0x00000000d5580000, 0x00000000d6080000, 0x0000000100000000)
  eden space 9216K, 0% used [0x00000000d5580000,0x00000000d5580000,0x00000000d5e80000)
  from space 512K, 99% used [0x00000000d5f00000,0x00000000d5f7f638,0x00000000d5f80000)
  to   space 1024K, 0% used [0x00000000d5f80000,0x00000000d5f80000,0x00000000d6080000)
 ParOldGen       total 84992K, used 84566K [0x0000000080000000, 0x0000000085300000, 0x00000000d5580000)
  object space 84992K, 99% used [0x0000000080000000,0x0000000085295848,0x0000000085300000)
 Metaspace       used 65913K, committed 67392K, reserved 1114112K
  class space    used 7000K, committed 7680K, reserved 1048576K
}
Event: 12.955 GC heap before
{Heap before GC invocations=95 (full 3):
 PSYoungGen      total 9728K, used 9721K [0x00000000d5580000, 0x00000000d6080000, 0x0000000100000000)
  eden space 9216K, 99% used [0x00000000d5580000,0x00000000d5e7efa8,0x00000000d5e80000)
  from space 512K, 99% used [0x00000000d5f00000,0x00000000d5f7f638,0x00000000d5f80000)
  to   space 1024K, 0% used [0x00000000d5f80000,0x00000000d5f80000,0x00000000d6080000)
 ParOldGen       total 84992K, used 84566K [0x0000000080000000, 0x0000000085300000, 0x00000000d5580000)
  object space 84992K, 99% used [0x0000000080000000,0x0000000085295848,0x0000000085300000)
 Metaspace       used 65920K, committed 67392K, reserved 1114112K
  class space    used 7000K, committed 7680K, reserved 1048576K
}
Event: 12.956 GC heap after
{Heap after GC invocations=95 (full 3):
 PSYoungGen      total 9728K, used 320K [0x00000000d5580000, 0x00000000d6000000, 0x0000000100000000)
  eden space 9216K, 0% used [0x00000000d5580000,0x00000000d5580000,0x00000000d5e80000)
  from space 512K, 62% used [0x00000000d5f80000,0x00000000d5fd0000,0x00000000d6000000)
  to   space 512K, 0% used [0x00000000d5f00000,0x00000000d5f00000,0x00000000d5f80000)
 ParOldGen       total 84992K, used 84798K [0x0000000080000000, 0x0000000085300000, 0x00000000d5580000)
  object space 84992K, 99% used [0x0000000080000000,0x00000000852cf848,0x0000000085300000)
 Metaspace       used 65920K, committed 67392K, reserved 1114112K
  class space    used 7000K, committed 7680K, reserved 1048576K
}
Event: 13.347 GC heap before
{Heap before GC invocations=96 (full 3):
 PSYoungGen      total 9728K, used 9536K [0x00000000d5580000, 0x00000000d6000000, 0x0000000100000000)
  eden space 9216K, 100% used [0x00000000d5580000,0x00000000d5e80000,0x00000000d5e80000)
  from space 512K, 62% used [0x00000000d5f80000,0x00000000d5fd0000,0x00000000d6000000)
  to   space 512K, 0% used [0x00000000d5f00000,0x00000000d5f00000,0x00000000d5f80000)
 ParOldGen       total 84992K, used 84798K [0x0000000080000000, 0x0000000085300000, 0x00000000d5580000)
  object space 84992K, 99% used [0x0000000080000000,0x00000000852cf848,0x0000000085300000)
 Metaspace       used 66581K, committed 68096K, reserved 1114112K
  class space    used 7062K, committed 7744K, reserved 1048576K
}
Event: 13.348 GC heap after
{Heap after GC invocations=96 (full 3):
 PSYoungGen      total 9728K, used 480K [0x00000000d5580000, 0x00000000d6080000, 0x0000000100000000)
  eden space 9216K, 0% used [0x00000000d5580000,0x00000000d5580000,0x00000000d5e80000)
  from space 512K, 93% used [0x00000000d5f00000,0x00000000d5f78020,0x00000000d5f80000)
  to   space 1024K, 0% used [0x00000000d5f80000,0x00000000d5f80000,0x00000000d6080000)
 ParOldGen       total 84992K, used 84918K [0x0000000080000000, 0x0000000085300000, 0x00000000d5580000)
  object space 84992K, 99% used [0x0000000080000000,0x00000000852ed858,0x0000000085300000)
 Metaspace       used 66581K, committed 68096K, reserved 1114112K
  class space    used 7062K, committed 7744K, reserved 1048576K
}

Dll operation events (10 events):
Event: 0.011 Loaded shared library c:\Users\kalra\.vscode\extensions\redhat.java-1.53.0-win32-x64\jre\21.0.10-win32-x86_64\bin\java.dll
Event: 0.069 Loaded shared library c:\Users\kalra\.vscode\extensions\redhat.java-1.53.0-win32-x64\jre\21.0.10-win32-x86_64\bin\zip.dll
Event: 0.088 Loaded shared library C:\Users\kalra\.vscode\extensions\redhat.java-1.53.0-win32-x64\jre\21.0.10-win32-x86_64\bin\instrument.dll
Event: 0.093 Loaded shared library C:\Users\kalra\.vscode\extensions\redhat.java-1.53.0-win32-x64\jre\21.0.10-win32-x86_64\bin\net.dll
Event: 0.095 Loaded shared library C:\Users\kalra\.vscode\extensions\redhat.java-1.53.0-win32-x64\jre\21.0.10-win32-x86_64\bin\nio.dll
Event: 0.098 Loaded shared library C:\Users\kalra\.vscode\extensions\redhat.java-1.53.0-win32-x64\jre\21.0.10-win32-x86_64\bin\zip.dll
Event: 0.117 Loaded shared library C:\Users\kalra\.vscode\extensions\redhat.java-1.53.0-win32-x64\jre\21.0.10-win32-x86_64\bin\jimage.dll
Event: 0.183 Loaded shared library c:\Users\kalra\.vscode\extensions\redhat.java-1.53.0-win32-x64\jre\21.0.10-win32-x86_64\bin\verify.dll
Event: 1.330 Loaded shared library C:\Users\kalra\AppData\Roaming\Code\User\globalStorage\redhat.java\1.53.0\config_win\org.eclipse.equinox.launcher\org.eclipse.equinox.launcher.win32.win32.x86_64_1.3.0.v20260203-2149\eclipse_11919.dll
Event: 2.644 Loaded shared library C:\Users\kalra\AppData\Local\Temp\jna-101813893\jna1970082569548867834.dll

Deoptimization events (20 events):
Event: 13.371 Thread 0x0000028c19e7a720 Uncommon trap: trap_request=0xffffff45 fr.pc=0x0000028bca9fd28c relative=0x00000000000005ec
Event: 13.371 Thread 0x0000028c19e7a720 Uncommon trap: reason=unstable_if action=reinterpret pc=0x0000028bca9fd28c method=sun.nio.fs.WindowsNativeDispatcher.asNativeBuffer(Ljava/lang/String;)Lsun/nio/fs/NativeBuffer; @ 52 c2
Event: 13.371 Thread 0x0000028c19e7a720 DEOPT PACKING pc=0x0000028bca9fd28c sp=0x000000ed7d9fde70
Event: 13.371 Thread 0x0000028c19e7a720 DEOPT UNPACKING pc=0x0000028bca1c3aa2 sp=0x000000ed7d9fde38 mode 2
Event: 13.419 Thread 0x0000028c226ec0b0 DEOPT PACKING pc=0x0000028bc38ad704 sp=0x000000ed015fee60
Event: 13.419 Thread 0x0000028c226ec0b0 DEOPT UNPACKING pc=0x0000028bca1c4242 sp=0x000000ed015fe3b8 mode 0
Event: 13.419 Thread 0x0000028c226ecdd0 DEOPT PACKING pc=0x0000028bc38ad704 sp=0x000000ed018fe9a0
Event: 13.419 Thread 0x0000028c226ecdd0 DEOPT UNPACKING pc=0x0000028bca1c4242 sp=0x000000ed018fdef8 mode 0
Event: 13.461 Thread 0x0000028c19e7a720 Uncommon trap: trap_request=0xffffff45 fr.pc=0x0000028bcac95c24 relative=0x0000000000000084
Event: 13.461 Thread 0x0000028c19e7a720 Uncommon trap: reason=unstable_if action=reinterpret pc=0x0000028bcac95c24 method=org.eclipse.jdt.internal.compiler.parser.ScannerHelper.isJavaIdentifierPart(JC)Z @ 4 c2
Event: 13.461 Thread 0x0000028c19e7a720 DEOPT PACKING pc=0x0000028bcac95c24 sp=0x000000ed7d9fdd80
Event: 13.461 Thread 0x0000028c19e7a720 DEOPT UNPACKING pc=0x0000028bca1c3aa2 sp=0x000000ed7d9fdd18 mode 2
Event: 13.508 Thread 0x0000028c19e7a720 Uncommon trap: trap_request=0xffffff45 fr.pc=0x0000028bcac64f14 relative=0x00000000000003b4
Event: 13.508 Thread 0x0000028c19e7a720 Uncommon trap: reason=unstable_if action=reinterpret pc=0x0000028bcac64f14 method=java.util.IdentityHashMap.maskNull(Ljava/lang/Object;)Ljava/lang/Object; @ 1 c2
Event: 13.508 Thread 0x0000028c19e7a720 DEOPT PACKING pc=0x0000028bcac64f14 sp=0x000000ed7d9fd510
Event: 13.508 Thread 0x0000028c19e7a720 DEOPT UNPACKING pc=0x0000028bca1c3aa2 sp=0x000000ed7d9fd428 mode 2
Event: 13.509 Thread 0x0000028c19e7a720 Uncommon trap: trap_request=0xffffff45 fr.pc=0x0000028bcacdd0e4 relative=0x0000000000000044
Event: 13.509 Thread 0x0000028c19e7a720 Uncommon trap: reason=unstable_if action=reinterpret pc=0x0000028bcacdd0e4 method=java.util.IdentityHashMap.maskNull(Ljava/lang/Object;)Ljava/lang/Object; @ 1 c2
Event: 13.509 Thread 0x0000028c19e7a720 DEOPT PACKING pc=0x0000028bcacdd0e4 sp=0x000000ed7d9fd480
Event: 13.509 Thread 0x0000028c19e7a720 DEOPT UNPACKING pc=0x0000028bca1c3aa2 sp=0x000000ed7d9fd420 mode 2

Classes loaded (20 events):
Event: 10.200 Loading class java/util/Hashtable$KeySet
Event: 10.201 Loading class java/util/Hashtable$KeySet done
Event: 10.543 Loading class java/lang/UnsupportedClassVersionError
Event: 10.544 Loading class java/lang/UnsupportedClassVersionError done
Event: 11.443 Loading class java/util/stream/ReduceOps$4
Event: 11.443 Loading class java/util/stream/ReduceOps$4 done
Event: 11.443 Loading class java/util/stream/ReduceOps$4ReducingSink
Event: 11.443 Loading class java/util/stream/ReduceOps$4ReducingSink done
Event: 11.445 Loading class java/nio/file/Files$2
Event: 11.446 Loading class java/nio/file/Files$2 done
Event: 12.154 Loading class sun/nio/cs/ISO_8859_1$Decoder
Event: 12.155 Loading class sun/nio/cs/ISO_8859_1$Decoder done
Event: 12.444 Loading class jdk/internal/ref/CleanerImpl$InnocuousThreadFactory
Event: 12.444 Loading class jdk/internal/ref/CleanerImpl$InnocuousThreadFactory done
Event: 12.671 Loading class java/lang/invoke/MethodHandleImpl$CountingWrapper$1
Event: 12.671 Loading class java/lang/invoke/MethodHandleImpl$CountingWrapper$1 done
Event: 12.957 Loading class java/util/HashMap$EntrySpliterator
Event: 12.958 Loading class java/util/HashMap$EntrySpliterator done
Event: 13.215 Loading class java/util/ImmutableCollections$SubList
Event: 13.215 Loading class java/util/ImmutableCollections$SubList done

Classes unloaded (7 events):
Event: 3.237 Thread 0x0000028bbf9d4210 Unloading class 0x0000028bd81a4000 'java/lang/invoke/LambdaForm$MH+0x0000028bd81a4000'
Event: 3.237 Thread 0x0000028bbf9d4210 Unloading class 0x0000028bd81a3c00 'java/lang/invoke/LambdaForm$MH+0x0000028bd81a3c00'
Event: 3.237 Thread 0x0000028bbf9d4210 Unloading class 0x0000028bd81a3800 'java/lang/invoke/LambdaForm$MH+0x0000028bd81a3800'
Event: 3.237 Thread 0x0000028bbf9d4210 Unloading class 0x0000028bd81a3400 'java/lang/invoke/LambdaForm$MH+0x0000028bd81a3400'
Event: 3.237 Thread 0x0000028bbf9d4210 Unloading class 0x0000028bd81a3000 'java/lang/invoke/LambdaForm$BMH+0x0000028bd81a3000'
Event: 3.237 Thread 0x0000028bbf9d4210 Unloading class 0x0000028bd81a2c00 'java/lang/invoke/LambdaForm$DMH+0x0000028bd81a2c00'
Event: 3.237 Thread 0x0000028bbf9d4210 Unloading class 0x0000028bd81a1800 'java/lang/invoke/LambdaForm$DMH+0x0000028bd81a1800'

Classes redefined (0 events):
No events

Internal exceptions (20 events):
Event: 12.072 Thread 0x0000028c212a84d0 Exception <a 'java/io/FileNotFoundException'{0x00000000d5c2f1c0}> (0x00000000d5c2f1c0) 
thrown [s\src\hotspot\share\prims\jni.cpp, line 520]
Event: 12.072 Thread 0x0000028c212a84d0 Exception <a 'java/io/FileNotFoundException'{0x00000000d5c2ff28}> (0x00000000d5c2ff28) 
thrown [s\src\hotspot\share\prims\jni.cpp, line 520]
Event: 12.521 Thread 0x0000028c19e7bad0 Exception <a 'sun/nio/fs/WindowsException'{0x00000000d56f64a0}> (0x00000000d56f64a0) 
thrown [s\src\hotspot\share\prims\jni.cpp, line 520]
Event: 12.521 Thread 0x0000028c19e7bad0 Exception <a 'sun/nio/fs/WindowsException'{0x00000000d56f6ff8}> (0x00000000d56f6ff8) 
thrown [s\src\hotspot\share\prims\jni.cpp, line 520]
Event: 12.887 Thread 0x0000028c212aa5a0 Exception <a 'sun/nio/fs/WindowsException'{0x00000000d58779f0}> (0x00000000d58779f0) 
thrown [s\src\hotspot\share\prims\jni.cpp, line 520]
Event: 12.887 Thread 0x0000028c212aa5a0 Exception <a 'sun/nio/fs/WindowsException'{0x00000000d58782f0}> (0x00000000d58782f0) 
thrown [s\src\hotspot\share\prims\jni.cpp, line 520]
Event: 12.888 Thread 0x0000028c212aa5a0 Exception <a 'sun/nio/fs/WindowsException'{0x00000000d5894858}> (0x00000000d5894858) 
thrown [s\src\hotspot\share\prims\jni.cpp, line 520]
Event: 12.888 Thread 0x0000028c212aa5a0 Exception <a 'sun/nio/fs/WindowsException'{0x00000000d58a1930}> (0x00000000d58a1930) 
thrown [s\src\hotspot\share\prims\jni.cpp, line 520]
Event: 12.889 Thread 0x0000028c212aa5a0 Exception <a 'sun/nio/fs/WindowsException'{0x00000000d58a3380}> (0x00000000d58a3380) 
thrown [s\src\hotspot\share\prims\jni.cpp, line 520]
Event: 12.889 Thread 0x0000028c212aa5a0 Exception <a 'sun/nio/fs/WindowsException'{0x00000000d58a3eb0}> (0x00000000d58a3eb0) 
thrown [s\src\hotspot\share\prims\jni.cpp, line 520]
Event: 12.893 Thread 0x0000028c212aa5a0 Exception <a 'sun/nio/fs/WindowsException'{0x00000000d5939538}> (0x00000000d5939538) 
thrown [s\src\hotspot\share\prims\jni.cpp, line 520]
Event: 12.894 Thread 0x0000028c212aa5a0 Exception <a 'sun/nio/fs/WindowsException'{0x00000000d595b728}> (0x00000000d595b728) 
thrown [s\src\hotspot\share\prims\jni.cpp, line 520]
Event: 13.372 Thread 0x0000028c19e7a720 Exception <a 'sun/nio/fs/WindowsException'{0x00000000d5638ac0}> (0x00000000d5638ac0) 
thrown [s\src\hotspot\share\prims\jni.cpp, line 520]
Event: 13.375 Thread 0x0000028c212abfe0 Exception <a 'sun/nio/fs/WindowsException'{0x00000000d5647bc8}> (0x00000000d5647bc8) 
thrown [s\src\hotspot\share\prims\jni.cpp, line 520]
Event: 13.376 Thread 0x0000028c212acd00 Exception <a 'sun/nio/fs/WindowsException'{0x00000000d564e670}> (0x00000000d564e670) 
thrown [s\src\hotspot\share\prims\jni.cpp, line 520]
Event: 13.377 Thread 0x0000028c212ad390 Exception <a 'sun/nio/fs/WindowsException'{0x00000000d56553b0}> (0x00000000d56553b0) 
thrown [s\src\hotspot\share\prims\jni.cpp, line 520]
Event: 13.378 Thread 0x0000028c226eba20 Exception <a 'sun/nio/fs/WindowsException'{0x00000000d565bde8}> (0x00000000d565bde8) 
thrown [s\src\hotspot\share\prims\jni.cpp, line 520]
Event: 13.379 Thread 0x0000028c226eb390 Exception <a 'sun/nio/fs/WindowsException'{0x00000000d5662ee8}> (0x00000000d5662ee8) 
thrown [s\src\hotspot\share\prims\jni.cpp, line 520]
Event: 13.379 Thread 0x0000028c226ea670 Exception <a 'sun/nio/fs/WindowsException'{0x00000000d5670138}> (0x00000000d5670138) 
thrown [s\src\hotspot\share\prims\jni.cpp, line 520]
Event: 13.508 Thread 0x0000028c19e7a720 Implicit null exception at 0x0000028bcac64ba3 to 0x0000028bcac64f00

ZGC Phase Switch (0 events):
No events

VM Operations (20 events):
Event: 12.457 Executing safepoint VM operation: ParallelGCFailedAllocation (Allocation Failure)
Event: 12.460 Executing safepoint VM operation: ParallelGCFailedAllocation (Allocation Failure) done
Event: 12.509 Executing safepoint VM operation: ParallelGCFailedAllocation (Allocation Failure)
Event: 12.513 Executing safepoint VM operation: ParallelGCFailedAllocation (Allocation Failure) done
Event: 12.575 Executing safepoint VM operation: ParallelGCFailedAllocation (Allocation Failure)
Event: 12.579 Executing safepoint VM operation: ParallelGCFailedAllocation (Allocation Failure) done
Event: 12.624 Executing safepoint VM operation: ParallelGCFailedAllocation (Allocation Failure)
Event: 12.626 Executing safepoint VM operation: ParallelGCFailedAllocation (Allocation Failure) done
Event: 12.706 Executing safepoint VM operation: ParallelGCFailedAllocation (Allocation Failure)
Event: 12.708 Executing safepoint VM operation: ParallelGCFailedAllocation (Allocation Failure) done
Event: 12.915 Executing safepoint VM operation: ParallelGCFailedAllocation (Allocation Failure)
Event: 12.918 Executing safepoint VM operation: ParallelGCFailedAllocation (Allocation Failure) done
Event: 12.954 Executing safepoint VM operation: ParallelGCFailedAllocation (Allocation Failure)
Event: 12.956 Executing safepoint VM operation: ParallelGCFailedAllocation (Allocation Failure) done
Event: 13.236 Executing non-safepoint VM operation: HandshakeAllThreads (Deoptimize)
Event: 13.236 Executing non-safepoint VM operation: HandshakeAllThreads (Deoptimize) done
Event: 13.347 Executing safepoint VM operation: ParallelGCFailedAllocation (Allocation Failure)
Event: 13.348 Executing safepoint VM operation: ParallelGCFailedAllocation (Allocation Failure) done
Event: 13.364 Executing non-safepoint VM operation: HandshakeAllThreads (Deoptimize)
Event: 13.364 Executing non-safepoint VM operation: HandshakeAllThreads (Deoptimize) done

Memory protections (0 events):
No events

Nmethod flushes (20 events):
Event: 10.620 Thread 0x0000028bbf9d4210 flushing  nmethod 0x0000028bc349e690
Event: 10.620 Thread 0x0000028bbf9d4210 flushing  nmethod 0x0000028bc34ac190
Event: 10.620 Thread 0x0000028bbf9d4210 flushing  nmethod 0x0000028bc34bce10
Event: 10.620 Thread 0x0000028bbf9d4210 flushing  nmethod 0x0000028bc34bd410
Event: 10.620 Thread 0x0000028bbf9d4210 flushing  nmethod 0x0000028bc34c1190
Event: 10.620 Thread 0x0000028bbf9d4210 flushing  nmethod 0x0000028bc34c1910
Event: 10.620 Thread 0x0000028bbf9d4210 flushing  nmethod 0x0000028bc34c3390
Event: 10.620 Thread 0x0000028bbf9d4210 flushing  nmethod 0x0000028bc34d0210
Event: 10.620 Thread 0x0000028bbf9d4210 flushing  nmethod 0x0000028bc34eb790
Event: 10.620 Thread 0x0000028bbf9d4210 flushing  nmethod 0x0000028bc34ed490
Event: 10.620 Thread 0x0000028bbf9d4210 flushing  nmethod 0x0000028bc3506d90
Event: 10.620 Thread 0x0000028bbf9d4210 flushing  nmethod 0x0000028bc351e390
Event: 10.620 Thread 0x0000028bbf9d4210 flushing  nmethod 0x0000028bc3546b90
Event: 10.620 Thread 0x0000028bbf9d4210 flushing  nmethod 0x0000028bc3548490
Event: 10.620 Thread 0x0000028bbf9d4210 flushing  nmethod 0x0000028bc3550b90
Event: 10.620 Thread 0x0000028bbf9d4210 flushing  nmethod 0x0000028bc3552410
Event: 10.620 Thread 0x0000028bbf9d4210 flushing  nmethod 0x0000028bc3552b90
Event: 10.620 Thread 0x0000028bbf9d4210 flushing  nmethod 0x0000028bc3552f10
Event: 10.620 Thread 0x0000028bbf9d4210 flushing  nmethod 0x0000028bc3553290
Event: 10.620 Thread 0x0000028bbf9d4210 flushing  nmethod 0x0000028bc3553810

Events (20 events):
Event: 13.376 Thread 0x0000028c212abfe0 Thread added: 0x0000028c212ad390
Event: 13.377 Thread 0x0000028c212ad390 Thread added: 0x0000028c226eba20
Event: 13.377 Thread 0x0000028c212acd00 Thread added: 0x0000028c226eb390
Event: 13.377 Thread 0x0000028c226eba20 Thread added: 0x0000028c226e92c0
Event: 13.378 Thread 0x0000028c226eb390 Thread added: 0x0000028c226ea670
Event: 13.378 Thread 0x0000028c212ad390 Thread added: 0x0000028c226e9950
Event: 13.378 Thread 0x0000028c212ad390 Thread added: 0x0000028c226e9fe0
Event: 13.378 Thread 0x0000028c226eba20 Thread added: 0x0000028c226ee180
Event: 13.378 Thread 0x0000028c226ea670 Thread added: 0x0000028c226ead00
Event: 13.379 Thread 0x0000028c226e9fe0 Thread added: 0x0000028c226eeea0
Event: 13.412 Thread 0x0000028c19e7a720 Thread added: 0x0000028c226ec0b0
Event: 13.413 Thread 0x0000028c19e7a720 Thread added: 0x0000028c226ee810
Event: 13.413 Thread 0x0000028c19e7a720 Thread added: 0x0000028c226ef530
Event: 13.413 Thread 0x0000028c19e7a720 Thread added: 0x0000028c226ecdd0
Event: 13.414 Thread 0x0000028c19e7a720 Thread added: 0x0000028c226edaf0
Event: 13.414 Thread 0x0000028c19e7a720 Thread added: 0x0000028c226efbc0
Event: 13.415 Thread 0x0000028c19e7a720 Thread added: 0x0000028c226ec740
Event: 13.415 Thread 0x0000028c19e7a720 Thread added: 0x0000028c226f08e0
Event: 13.416 Thread 0x0000028c19e7a720 Thread added: 0x0000028c226f0250
Event: 13.416 Thread 0x0000028c19e7a720 Thread added: 0x0000028c226ed460


Dynamic libraries:
0x00007ff79dbe0000 - 0x00007ff79dbee000 	c:\Users\kalra\.vscode\extensions\redhat.java-1.53.0-win32-x64\jre\21.0.10-win32-x86_64\bin\java.exe
0x00007ff8b4ac0000 - 0x00007ff8b4d27000 	C:\WINDOWS\SYSTEM32\ntdll.dll
0x00007ff8b2bb0000 - 0x00007ff8b2c79000 	C:\WINDOWS\System32\KERNEL32.DLL
0x00007ff8b1580000 - 0x00007ff8b1971000 	C:\WINDOWS\System32\KERNELBASE.dll
0x00007ff8b22b0000 - 0x00007ff8b23fb000 	C:\WINDOWS\System32\ucrtbase.dll
0x00007ff878890000 - 0x00007ff8788a8000 	c:\Users\kalra\.vscode\extensions\redhat.java-1.53.0-win32-x64\jre\21.0.10-win32-x86_64\bin\jli.dll
0x00007ff8b4420000 - 0x00007ff8b45e5000 	C:\WINDOWS\System32\USER32.dll
0x00007ff8b1980000 - 0x00007ff8b19a7000 	C:\WINDOWS\System32\win32u.dll
0x00007ff89a420000 - 0x00007ff89a6b3000 	C:\WINDOWS\WinSxS\amd64_microsoft.windows.common-controls_6595b64144ccf1df_6.0.26100.8037_none_3e092faae333b53b\COMCTL32.dll
0x00007ff882410000 - 0x00007ff88242e000 	c:\Users\kalra\.vscode\extensions\redhat.java-1.53.0-win32-x64\jre\21.0.10-win32-x86_64\bin\VCRUNTIME140.dll
0x00007ff8b3f40000 - 0x00007ff8b3f6b000 	C:\WINDOWS\System32\GDI32.dll
0x00007ff8b3f70000 - 0x00007ff8b4019000 	C:\WINDOWS\System32\msvcrt.dll
0x00007ff8b13a0000 - 0x00007ff8b14cb000 	C:\WINDOWS\System32\gdi32full.dll
0x00007ff8b14d0000 - 0x00007ff8b1573000 	C:\WINDOWS\System32\msvcp_win.dll
0x00007ff8b4870000 - 0x00007ff8b48a1000 	C:\WINDOWS\System32\IMM32.DLL
0x00007ff8a56e0000 - 0x00007ff8a56ec000 	c:\Users\kalra\.vscode\extensions\redhat.java-1.53.0-win32-x64\jre\21.0.10-win32-x86_64\bin\vcruntime140_1.dll
0x00007ff850660000 - 0x00007ff8506ed000 	c:\Users\kalra\.vscode\extensions\redhat.java-1.53.0-win32-x64\jre\21.0.10-win32-x86_64\bin\msvcp140.dll
0x00007ff818be0000 - 0x00007ff819981000 	c:\Users\kalra\.vscode\extensions\redhat.java-1.53.0-win32-x64\jre\21.0.10-win32-x86_64\bin\server\jvm.dll
0x00007ff8b4780000 - 0x00007ff8b483b000 	C:\WINDOWS\System32\ADVAPI32.dll
0x00007ff8b3630000 - 0x00007ff8b36d7000 	C:\WINDOWS\System32\sechost.dll
0x00007ff8b2d40000 - 0x00007ff8b2e58000 	C:\WINDOWS\System32\RPCRT4.dll
0x00007ff8b2e60000 - 0x00007ff8b2ed4000 	C:\WINDOWS\System32\WS2_32.dll
0x00007ff8aa610000 - 0x00007ff8aa645000 	C:\WINDOWS\SYSTEM32\WINMM.dll
0x00007ff8aa600000 - 0x00007ff8aa60b000 	C:\WINDOWS\SYSTEM32\VERSION.dll
0x00007ff8b1200000 - 0x00007ff8b125e000 	C:\WINDOWS\SYSTEM32\POWRPROF.dll
0x00007ff8b11e0000 - 0x00007ff8b11f4000 	C:\WINDOWS\SYSTEM32\UMPDC.dll
0x00007ff8b0130000 - 0x00007ff8b014b000 	C:\WINDOWS\SYSTEM32\kernel.appcore.dll
0x00007ff8a56f0000 - 0x00007ff8a56fa000 	c:\Users\kalra\.vscode\extensions\redhat.java-1.53.0-win32-x64\jre\21.0.10-win32-x86_64\bin\jimage.dll
0x00007ff8a5b80000 - 0x00007ff8a5dc2000 	C:\WINDOWS\SYSTEM32\DBGHELP.DLL
0x00007ff8b4080000 - 0x00007ff8b4402000 	C:\WINDOWS\System32\combase.dll
0x00007ff8b3550000 - 0x00007ff8b3627000 	C:\WINDOWS\System32\OLEAUT32.dll
0x00007ff895010000 - 0x00007ff89504b000 	C:\WINDOWS\SYSTEM32\dbgcore.DLL
0x00007ff8b2400000 - 0x00007ff8b24a5000 	C:\WINDOWS\System32\bcryptPrimitives.dll
0x00007ff899cd0000 - 0x00007ff899cdf000 	c:\Users\kalra\.vscode\extensions\redhat.java-1.53.0-win32-x64\jre\21.0.10-win32-x86_64\bin\instrument.dll
0x00007ff8766c0000 - 0x00007ff8766e0000 	c:\Users\kalra\.vscode\extensions\redhat.java-1.53.0-win32-x64\jre\21.0.10-win32-x86_64\bin\java.dll
0x00007ff8b37d0000 - 0x00007ff8b3f2f000 	C:\WINDOWS\System32\SHELL32.dll
0x00007ff8b26f0000 - 0x00007ff8b285a000 	C:\WINDOWS\System32\wintypes.dll
0x00007ff8b19b0000 - 0x00007ff8b2214000 	C:\WINDOWS\System32\windows.storage.dll
0x00007ff8b4980000 - 0x00007ff8b4a77000 	C:\WINDOWS\System32\SHCORE.dll
0x00007ff8b36e0000 - 0x00007ff8b3747000 	C:\WINDOWS\System32\shlwapi.dll
0x00007ff8b12c0000 - 0x00007ff8b12e9000 	C:\WINDOWS\SYSTEM32\profapi.dll
0x00007ff8766a0000 - 0x00007ff8766b8000 	c:\Users\kalra\.vscode\extensions\redhat.java-1.53.0-win32-x64\jre\21.0.10-win32-x86_64\bin\zip.dll
0x00007ff887670000 - 0x00007ff887680000 	C:\Users\kalra\.vscode\extensions\redhat.java-1.53.0-win32-x64\jre\21.0.10-win32-x86_64\bin\net.dll
0x00007ff8aa810000 - 0x00007ff8aa937000 	C:\WINDOWS\SYSTEM32\WINHTTP.dll
0x00007ff8b06a0000 - 0x00007ff8b070b000 	C:\WINDOWS\system32\mswsock.dll
0x00007ff876680000 - 0x00007ff876696000 	C:\Users\kalra\.vscode\extensions\redhat.java-1.53.0-win32-x64\jre\21.0.10-win32-x86_64\bin\nio.dll
0x00007ff882490000 - 0x00007ff8824a0000 	c:\Users\kalra\.vscode\extensions\redhat.java-1.53.0-win32-x64\jre\21.0.10-win32-x86_64\bin\verify.dll
0x00007ff86adc0000 - 0x00007ff86ae05000 	C:\Users\kalra\AppData\Roaming\Code\User\globalStorage\redhat.java\1.53.0\config_win\org.eclipse.equinox.launcher\org.eclipse.equinox.launcher.win32.win32.x86_64_1.3.0.v20260203-2149\eclipse_11919.dll
0x00007ff8b2a10000 - 0x00007ff8b2ba5000 	C:\WINDOWS\System32\ole32.dll
0x00007ff8b0980000 - 0x00007ff8b099b000 	C:\WINDOWS\SYSTEM32\CRYPTSP.dll
0x00007ff8b0090000 - 0x00007ff8b00c9000 	C:\WINDOWS\system32\rsaenh.dll
0x00007ff8b0750000 - 0x00007ff8b0782000 	C:\WINDOWS\SYSTEM32\USERENV.dll
0x00007ff8b1290000 - 0x00007ff8b12ba000 	C:\WINDOWS\SYSTEM32\bcrypt.dll
0x00007ff8b09a0000 - 0x00007ff8b09ac000 	C:\WINDOWS\SYSTEM32\CRYPTBASE.dll
0x00007ff8afb20000 - 0x00007ff8afb53000 	C:\WINDOWS\SYSTEM32\IPHLPAPI.DLL
0x00007ff8b45f0000 - 0x00007ff8b45fa000 	C:\WINDOWS\System32\NSI.dll
0x00007ff868a90000 - 0x00007ff868ad9000 	C:\Users\kalra\AppData\Local\Temp\jna-101813893\jna1970082569548867834.dll
0x00007ff8b2c80000 - 0x00007ff8b2c88000 	C:\WINDOWS\System32\PSAPI.DLL
0x00007ff8ac410000 - 0x00007ff8ac42d000 	C:\WINDOWS\SYSTEM32\dhcpcsvc6.DLL
0x00007ff8ac300000 - 0x00007ff8ac323000 	C:\WINDOWS\SYSTEM32\dhcpcsvc.DLL

JVMTI agents:
c:\Users\kalra\.vscode\extensions\redhat.java-1.53.0-win32-x64\lombok\lombok-1.18.39-4050.jar path:c:\Users\kalra\.vscode\extensions\redhat.java-1.53.0-win32-x64\jre\21.0.10-win32-x86_64\bin\instrument.dll, loaded, initialized, instrumentlib options:none

dbghelp: loaded successfully - version: 4.0.5 - missing functions: none
symbol engine: initialized successfully - sym options: 0x614 - pdb path: .;c:\Users\kalra\.vscode\extensions\redhat.java-1.53.0-win32-x64\jre\21.0.10-win32-x86_64\bin;C:\WINDOWS\SYSTEM32;C:\WINDOWS\WinSxS\amd64_microsoft.windows.common-controls_6595b64144ccf1df_6.0.26100.8037_none_3e092faae333b53b;c:\Users\kalra\.vscode\extensions\redhat.java-1.53.0-win32-x64\jre\21.0.10-win32-x86_64\bin\server;C:\Users\kalra\AppData\Roaming\Code\User\globalStorage\redhat.java\1.53.0\config_win\org.eclipse.equinox.launcher\org.eclipse.equinox.launcher.win32.win32.x86_64_1.3.0.v20260203-2149;C:\Users\kalra\AppData\Local\Temp\jna-101813893

VM Arguments:
jvm_args: --add-modules=ALL-SYSTEM --add-opens=java.base/java.util=ALL-UNNAMED --add-opens=java.base/java.lang=ALL-UNNAMED --add-opens=java.base/sun.nio.fs=ALL-UNNAMED -Declipse.application=org.eclipse.jdt.ls.core.id1 -Dosgi.bundles.defaultStartLevel=4 -Declipse.product=org.eclipse.jdt.ls.core.product -Djava.import.generatesMetadataFilesAtProjectRoot=false -DDetectVMInstallationsJob.disabled=true -Dfile.encoding=utf8 -XX:+UseParallelGC -XX:GCTimeRatio=4 -XX:AdaptiveSizePolicyWeight=90 -Dsun.zip.disableMemoryMapping=true -Xmx2G -Xms100m -Xlog:disable -javaagent:c:\Users\kalra\.vscode\extensions\redhat.java-1.53.0-win32-x64\lombok\lombok-1.18.39-4050.jar -XX:+HeapDumpOnOutOfMemoryError -XX:HeapDumpPath=c:\Users\kalra\AppData\Roaming\Code\User\workspaceStorage\4fda5c3b26c15e0cb27154c0e992db6d\redhat.java -Daether.dependencyCollector.impl=bf 
java_command: c:\Users\kalra\.vscode\extensions\redhat.java-1.53.0-win32-x64\server\plugins\org.eclipse.equinox.launcher_1.7.100.v20251111-0406.jar -configuration c:\Users\kalra\AppData\Roaming\Code\User\globalStorage\redhat.java\1.53.0\config_win -data c:\Users\kalra\AppData\Roaming\Code\User\workspaceStorage\4fda5c3b26c15e0cb27154c0e992db6d\redhat.java\jdt_ws --pipe=\\.\pipe\lsp-04832dddc0f545466efc52eb0fa56266-sock
java_class_path (initial): c:\Users\kalra\.vscode\extensions\redhat.java-1.53.0-win32-x64\server\plugins\org.eclipse.equinox.launcher_1.7.100.v20251111-0406.jar
Launcher Type: SUN_STANDARD

[Global flags]
    uintx AdaptiveSizePolicyWeight                 = 90                                        {product} {command line}
     intx CICompilerCount                          = 4                                         {product} {ergonomic}
    uintx GCTimeRatio                              = 4                                         {product} {command line}
     bool HeapDumpOnOutOfMemoryError               = true                                   {manageable} {command line}
    ccstr HeapDumpPath                             = c:\Users\kalra\AppData\Roaming\Code\User\workspaceStorage\4fda5c3b26c15e0cb27154c0e992db6d\redhat.java         {manageable} {command line}
   size_t InitialHeapSize                          = 104857600                                 {product} {command line}
   size_t MaxHeapSize                              = 2147483648                                {product} {command line}
   size_t MaxNewSize                               = 715653120                                 {product} {ergonomic}
   size_t MinHeapDeltaBytes                        = 524288                                    {product} {ergonomic}
   size_t MinHeapSize                              = 104857600                                 {product} {command line}
   size_t NewSize                                  = 34603008                                  {product} {ergonomic}
    uintx NonNMethodCodeHeapSize                   = 5839372                                {pd product} {ergonomic}
    uintx NonProfiledCodeHeapSize                  = 122909434                              {pd product} {ergonomic}
   size_t OldSize                                  = 70254592                                  {product} {ergonomic}
    uintx ProfiledCodeHeapSize                     = 122909434                              {pd product} {ergonomic}
    uintx ReservedCodeCacheSize                    = 251658240                              {pd product} {ergonomic}
     bool SegmentedCodeCache                       = true                                      {product} {ergonomic}
   size_t SoftMaxHeapSize                          = 2147483648                             {manageable} {ergonomic}
     bool UseCompressedOops                        = true                           {product lp64_product} {ergonomic}
     bool UseLargePagesIndividualAllocation        = false                                  {pd product} {ergonomic}
     bool UseParallelGC                            = true                                      {product} {command line}

Logging:
Log output configuration:
 #0: stdout all=off uptime,level,tags foldmultilines=false
 #1: stderr all=off uptime,level,tags foldmultilines=false

Release file:
JAVA_VERSION="21.0.10" 
MODULES="java.base java.compiler java.datatransfer java.xml java.prefs java.desktop java.instrument java.logging java.management java.security.sasl java.naming java.rmi java.management.rmi java.net.http java.scripting java.security.jgss java.transaction.xa java.sql java.sql.rowset java.xml.crypto java.se java.smartcardio jdk.accessibility jdk.internal.jvmstat jdk.attach jdk.charsets jdk.internal.opt jdk.zipfs jdk.compiler jdk.crypto.ec jdk.crypto.cryptoki jdk.crypto.mscapi jdk.dynalink jdk.internal.ed jdk.editpad jdk.hotspot.agent jdk.httpserver jdk.internal.le jdk.internal.vm.ci jdk.internal.vm.compiler jdk.internal.vm.compiler.management jdk.jartool jdk.javadoc jdk.jcmd jdk.management jdk.management.agent jdk.jconsole jdk.jdeps jdk.jdwp.agent jdk.jdi jdk.jfr jdk.jshell jdk.jsobject jdk.jstatd jdk.localedata jdk.management.jfr jdk.naming.dns jdk.naming.rmi jdk.net jdk.nio.mapmode jdk.random jdk.sctp jdk.security.auth jdk.security.jgss jdk.unsupported jdk.unsupported.desktop jdk.xml.dom" 

Environment Variables:
PATH=C:\Users\kalra\AppData\Local\Programs\Microsoft VS Code;C:\Python314\Scripts\;C:\Python314\;C:\Program Files\nodejs\;C:\ProgramData\chocolatey\bin;D:\Git\cmd;C:\Users\kalra\AppData\Local\Programs\Python\Python313\Scripts\;C:\Users\kalra\AppData\Local\Programs\Python\Python313\;C:\Program Files\MySQL\MySQL Shell 8.0\bin\;C:\Users\kalra\AppData\Local\Programs\Python\Python312\Scripts\;C:\Users\kalra\AppData\Local\Programs\Python\Python312\;C:\Users\kalra\AppData\Local\Microsoft\WindowsApps;C:\Users\kalra\AppData\Local\Programs\Microsoft VS Code\bin;C:\Program Files\Azure Data Studio\bin;%JAVA_HOME%\bin;C:\Program Files\Maven\apache-maven-3.9.11\bin;C:\Program Files\MySQL\MySQL Server 8.0\bin;C:\Users\kalra\AppData\Roaming\npm;C:\Users\kalra\Downloads\flutter_windows_3.41.4-stable\flutter\bin;C:\Windows\System32;C:\Program Files\Git\cmd;C:\Windows\System32\WindowsPowerShell\v1.0\;
USERNAME=kalra
OS=Windows_NT
PROCESSOR_IDENTIFIER=AMD64 Family 23 Model 104 Stepping 1, AuthenticAMD
TMP=C:\Users\kalra\AppData\Local\Temp
TEMP=C:\Users\kalra\AppData\Local\Temp




Periodic native trim disabled

---------------  S Y S T E M  ---------------

OS:
 Windows 11 , 64 bit Build 26100 (10.0.26100.7920)
OS uptime: 0 days 13:47 hours
Hyper-V role detected

CPU: total 12 (initial active 12) (12 cores per cpu, 2 threads per core) family 23 model 104 stepping 1 microcode 0x8608107, cx8, cmov, fxsr, ht, mmx, 3dnowpref, sse, sse2, sse3, ssse3, sse4a, sse4.1, sse4.2, popcnt, lzcnt, tsc, tscinvbit, avx, avx2, aes, clmul, bmi1, bmi2, adx, sha, fma, vzeroupper, clflush, clflushopt, hv, rdtscp, rdpid, f16c
Processor Information for the first 12 processors :
  Max Mhz: 2100, Current Mhz: 2100, Mhz Limit: 2100

Memory: 4k page, system-wide physical 7501M (747M free)
TotalPageFile size 16264M (AvailPageFile size 8M)
current process WorkingSet (physical memory assigned to process): 321M, peak: 323M
current process commit charge ("private bytes"): 398M, peak: 400M

vm_info: OpenJDK 64-Bit Server VM (21.0.10+7-LTS) for windows-amd64 JRE (21.0.10+7-LTS), built on 2026-01-20T00:00:00Z by "admin" with MS VC++ 17.12 (VS2022)

END.
