#
# There is insufficient memory for the Java Runtime Environment to continue.
# Native memory allocation (malloc) failed to allocate 1048576 bytes. Error detail: AllocateHeap
# Possible reasons:
#   The system is out of physical RAM or swap space
#   This process is running with CompressedOops enabled, and the Java Heap may be blocking the growth of the native heap
# Possible solutions:
#   Reduce memory load on the system
#   Increase physical memory or swap space
#   Check if swap backing store is full
#   Decrease Java heap size (-Xmx/-Xms)
#   Decrease number of Java threads
#   Decrease Java thread stack sizes (-Xss)
#   Set larger code cache with -XX:ReservedCodeCacheSize=
#   JVM is running with Unscaled Compressed Oops mode in which the Java heap is
#     placed in the first 4GB address space. The Java Heap base address is the
#     maximum limit for the native heap growth. Please use -XX:HeapBaseMinAddress
#     to set the Java Heap base and to place the Java Heap above 4GB virtual address.
# This output file may be truncated or incomplete.
#
#  Out of Memory Error (allocation.cpp:44), pid=22680, tid=21304
#
# JRE version:  (21.0.10+7) (build )
# Java VM: OpenJDK 64-Bit Server VM (21.0.10+7-LTS, mixed mode, sharing, tiered, compressed oops, compressed class ptrs, parallel gc, windows-amd64)
# No core dump will be written. Minidumps are not enabled by default on client versions of Windows
#

---------------  S U M M A R Y ------------

Command Line: --add-modules=ALL-SYSTEM --add-opens=java.base/java.util=ALL-UNNAMED --add-opens=java.base/java.lang=ALL-UNNAMED --add-opens=java.base/sun.nio.fs=ALL-UNNAMED -Declipse.application=org.eclipse.jdt.ls.core.id1 -Dosgi.bundles.defaultStartLevel=4 -Declipse.product=org.eclipse.jdt.ls.core.product -Djava.import.generatesMetadataFilesAtProjectRoot=false -DDetectVMInstallationsJob.disabled=true -Dfile.encoding=utf8 -XX:+UseParallelGC -XX:GCTimeRatio=4 -XX:AdaptiveSizePolicyWeight=90 -Dsun.zip.disableMemoryMapping=true -Xmx2G -Xms100m -Xlog:disable -javaagent:c:\Users\kalra\.vscode\extensions\redhat.java-1.53.0-win32-x64\lombok\lombok-1.18.39-4050.jar -XX:+HeapDumpOnOutOfMemoryError -XX:HeapDumpPath=c:\Users\kalra\AppData\Roaming\Code\User\workspaceStorage\4fda5c3b26c15e0cb27154c0e992db6d\redhat.java -Daether.dependencyCollector.impl=bf c:\Users\kalra\.vscode\extensions\redhat.java-1.53.0-win32-x64\server\plugins\org.eclipse.equinox.launcher_1.7.100.v20251111-0406.jar -configuration c:\Users\kalra\AppData\Roaming\Code\User\globalStorage\redhat.java\1.53.0\config_win -data c:\Users\kalra\AppData\Roaming\Code\User\workspaceStorage\4fda5c3b26c15e0cb27154c0e992db6d\redhat.java\jdt_ws --pipe=\\.\pipe\lsp-f40aae7899ac1ed6e61b2fc863d68b64-sock

Host: AMD Ryzen 5 5500U with Radeon Graphics         , 12 cores, 7G,  Windows 11 , 64 bit Build 26100 (10.0.26100.7920)
Time: Fri Mar 27 16:06:45 2026 India Standard Time elapsed time: 0.056140 seconds (0d 0h 0m 0s)

---------------  T H R E A D  ---------------

Current thread (0x000002034c0bb120):  JavaThread "Unknown thread" [_thread_in_vm, id=21304, stack(0x000000250eb00000,0x000000250ec00000) (1024K)]

Stack: [0x000000250eb00000,0x000000250ec00000]
Native frames: (J=compiled Java code, j=interpreted, Vv=VM code, C=native code)
V  [jvm.dll+0x6d7a39]
V  [jvm.dll+0x8b4b26]
V  [jvm.dll+0x8b70de]
V  [jvm.dll+0x8b77c3]
V  [jvm.dll+0x284346]
V  [jvm.dll+0xc1277]
V  [jvm.dll+0x70bbd0]
V  [jvm.dll+0x70c73c]
V  [jvm.dll+0x6e65d3]
V  [jvm.dll+0x87f17c]
V  [jvm.dll+0x3c49fc]
V  [jvm.dll+0x867e6b]
V  [jvm.dll+0x457b31]
V  [jvm.dll+0x459721]
C  [jli.dll+0x52d0]
C  [ucrtbase.dll+0x37b0]
C  [KERNEL32.DLL+0x2e8d7]
C  [ntdll.dll+0x8c48c]


---------------  P R O C E S S  ---------------

Threads class SMR info:
_java_thread_list=0x000002034e65f280, length=1, elements={
0x000002034c0bb120
}

Java Threads: ( => current thread )
=>0x000002034c0bb120 JavaThread "Unknown thread"             [_thread_in_vm, id=21304, stack(0x000000250eb00000,0x000000250ec00000) (1024K)]
Total: 1

Other Threads:
  0x000002034e4bca00 WatcherThread "VM Periodic Task Thread"        [id=17328, stack(0x000000250ed00000,0x000000250ee00000) (1024K)]
  0x000002034e652be0 WorkerThread "GC Thread#0"                     [id=23156, stack(0x000000250ec00000,0x000000250ed00000) (1024K)]
Total: 2

Threads with active compile tasks:
Total: 0

VM state: not at safepoint (normal execution)

VM Mutex/Monitor currently owned by a thread: None

Heap address: 0x0000000080000000, size: 2048 MB, Compressed Oops mode: 32-bit

CDS archive(s) mapped at: [0x0000020300000000-0x0000020300ba0000-0x0000020300ba0000), size 12189696, SharedBaseAddress: 0x0000020300000000, ArchiveRelocationMode: 1.
Compressed class space mapped at: 0x0000020301000000-0x0000020341000000, reserved size: 1073741824
Narrow klass base: 0x0000020300000000, Narrow klass shift: 0, Narrow klass range: 0x100000000

GC Precious Log:
 CardTable entry size: 512
 CPUs: 12 total, 12 available
 Memory: 7501M
 Large Page Support: Disabled
 NUMA Support: Disabled
 Compressed Oops: Enabled (32-bit)
 Alignments: Space 512K, Generation 512K, Heap 2M
 Heap Min Capacity: 100M
 Heap Initial Capacity: 100M
 Heap Max Capacity: 2G
 Pre-touch: Disabled
 Parallel Workers: 10

Heap:
 PSYoungGen      total 29696K, used 512K [0x00000000d5580000, 0x00000000d7680000, 0x0000000100000000)
  eden space 25600K, 2% used [0x00000000d5580000,0x00000000d5600020,0x00000000d6e80000)
  from space 4096K, 0% used [0x00000000d7280000,0x00000000d7280000,0x00000000d7680000)
  to   space 4096K, 0% used [0x00000000d6e80000,0x00000000d6e80000,0x00000000d7280000)
 ParOldGen       total 68608K, used 0K [0x0000000080000000, 0x0000000084300000, 0x00000000d5580000)
  object space 68608K, 0% used [0x0000000080000000,0x0000000080000000,0x0000000084300000)
 Metaspace       used 0K, committed 0K, reserved 1048576K
  class space    used 0K, committed 0K, reserved 1048576K

Card table byte_map: [0x000002034dfd0000,0x000002034e3e0000] _byte_map_base: 0x000002034dbd0000

Marking Bits: (ParMarkBitMap*) 0x00007ffed0743450
 Begin Bits: [0x0000020360ae0000, 0x0000020362ae0000)
 End Bits:   [0x0000020362ae0000, 0x0000020364ae0000)

Polling page: 0x000002034c3e0000

Metaspace:

Usage:
  Non-class:      0 bytes used.
      Class:      0 bytes used.
       Both:      0 bytes used.

Virtual space:
  Non-class space:        0 bytes reserved,       0 bytes (  ?%) committed,  0 nodes.
      Class space:        1.00 GB reserved,       0 bytes (  0%) committed,  1 nodes.
             Both:        1.00 GB reserved,       0 bytes (  0%) committed. 

Chunk freelists:
   Non-Class:  0 bytes
       Class:  16.00 MB
        Both:  16.00 MB

MaxMetaspaceSize: unlimited
CompressedClassSpaceSize: 1.00 GB
Initial GC threshold: 21.00 MB
Current GC threshold: 17179869184.00 GB
CDS: on
 - commit_granule_bytes: 65536.
 - commit_granule_words: 8192.
 - virtual_space_node_default_size: 8388608.
 - enlarge_chunks_in_place: 1.
 - use_allocation_guard: 0.


Internal statistics:

num_allocs_failed_limit: 0.
num_arena_births: 0.
num_arena_deaths: 0.
num_vsnodes_births: 1.
num_vsnodes_deaths: 0.
num_space_committed: 0.
num_space_uncommitted: 0.
num_chunks_returned_to_freelist: 0.
num_chunks_taken_from_freelist: 1.
num_chunk_merges: 0.
num_chunk_splits: 1.
num_chunks_enlarged: 0.
num_inconsistent_stats: 0.

CodeHeap 'non-profiled nmethods': size=120000Kb used=0Kb max_used=0Kb free=120000Kb
 bounds [0x0000020359300000, 0x0000020359570000, 0x0000020360830000]
CodeHeap 'profiled nmethods': size=120000Kb used=0Kb max_used=0Kb free=120000Kb
 bounds [0x0000020351830000, 0x0000020351aa0000, 0x0000020358d60000]
CodeHeap 'non-nmethods': size=5760Kb used=194Kb max_used=342Kb free=5565Kb
 bounds [0x0000020358d60000, 0x0000020358fd0000, 0x0000020359300000]
CodeCache: size=245760Kb, used=194Kb, max_used=342Kb, free=245565Kb
 total_blobs=70, nmethods=0, adapters=48, full_count=0
Compilation: enabled, stopped_count=0, restarted_count=0

Compilation events (0 events):
No events

GC Heap History (0 events):
No events

Dll operation events (1 events):
Event: 0.017 Loaded shared library c:\Users\kalra\.vscode\extensions\redhat.java-1.53.0-win32-x64\jre\21.0.10-win32-x86_64\bin\java.dll

Deoptimization events (0 events):
No events

Classes loaded (0 events):
No events

Classes unloaded (0 events):
No events

Classes redefined (0 events):
No events

Internal exceptions (0 events):
No events

ZGC Phase Switch (0 events):
No events

VM Operations (0 events):
No events

Memory protections (0 events):
No events

Nmethod flushes (0 events):
No events

Events (1 events):
Event: 0.049 Thread 0x000002034c0bb120 Thread added: 0x000002034c0bb120


Dynamic libraries:
0x00007ff7bc7a0000 - 0x00007ff7bc7ae000 	c:\Users\kalra\.vscode\extensions\redhat.java-1.53.0-win32-x64\jre\21.0.10-win32-x86_64\bin\java.exe
0x00007fff8a940000 - 0x00007fff8aba7000 	C:\WINDOWS\SYSTEM32\ntdll.dll
0x00007fff89670000 - 0x00007fff89739000 	C:\WINDOWS\System32\KERNEL32.DLL
0x00007fff88170000 - 0x00007fff88561000 	C:\WINDOWS\System32\KERNELBASE.dll
0x00007fff87ff0000 - 0x00007fff8813b000 	C:\WINDOWS\System32\ucrtbase.dll
0x00007fff1d800000 - 0x00007fff1d818000 	c:\Users\kalra\.vscode\extensions\redhat.java-1.53.0-win32-x64\jre\21.0.10-win32-x86_64\bin\jli.dll
0x00007fff1d090000 - 0x00007fff1d0ae000 	c:\Users\kalra\.vscode\extensions\redhat.java-1.53.0-win32-x64\jre\21.0.10-win32-x86_64\bin\VCRUNTIME140.dll
0x00007fff899a0000 - 0x00007fff89b65000 	C:\WINDOWS\System32\USER32.dll
0x00007fff6aee0000 - 0x00007fff6b173000 	C:\WINDOWS\WinSxS\amd64_microsoft.windows.common-controls_6595b64144ccf1df_6.0.26100.8037_none_3e092faae333b53b\COMCTL32.dll
0x00007fff88140000 - 0x00007fff88167000 	C:\WINDOWS\System32\win32u.dll
0x00007fff89750000 - 0x00007fff897f9000 	C:\WINDOWS\System32\msvcrt.dll
0x00007fff89180000 - 0x00007fff891ab000 	C:\WINDOWS\System32\GDI32.dll
0x00007fff87220000 - 0x00007fff8734b000 	C:\WINDOWS\System32\gdi32full.dll
0x00007fff87eb0000 - 0x00007fff87f53000 	C:\WINDOWS\System32\msvcp_win.dll
0x00007fff89110000 - 0x00007fff89141000 	C:\WINDOWS\System32\IMM32.DLL
0x00007fff61c50000 - 0x00007fff61c5c000 	c:\Users\kalra\.vscode\extensions\redhat.java-1.53.0-win32-x64\jre\21.0.10-win32-x86_64\bin\vcruntime140_1.dll
0x00007ffefe240000 - 0x00007ffefe2cd000 	c:\Users\kalra\.vscode\extensions\redhat.java-1.53.0-win32-x64\jre\21.0.10-win32-x86_64\bin\msvcp140.dll
0x00007ffecfa80000 - 0x00007ffed0821000 	c:\Users\kalra\.vscode\extensions\redhat.java-1.53.0-win32-x64\jre\21.0.10-win32-x86_64\bin\server\jvm.dll
0x00007fff8a2e0000 - 0x00007fff8a39b000 	C:\WINDOWS\System32\ADVAPI32.dll
0x00007fff886e0000 - 0x00007fff88787000 	C:\WINDOWS\System32\sechost.dll
0x00007fff89450000 - 0x00007fff89568000 	C:\WINDOWS\System32\RPCRT4.dll
0x00007fff88820000 - 0x00007fff88894000 	C:\WINDOWS\System32\WS2_32.dll
0x00007fff87080000 - 0x00007fff870de000 	C:\WINDOWS\SYSTEM32\POWRPROF.dll
0x00007fff817c0000 - 0x00007fff817cb000 	C:\WINDOWS\SYSTEM32\VERSION.dll
0x00007fff81780000 - 0x00007fff817b5000 	C:\WINDOWS\SYSTEM32\WINMM.dll
0x00007fff87060000 - 0x00007fff87074000 	C:\WINDOWS\SYSTEM32\UMPDC.dll
0x00007fff85fb0000 - 0x00007fff85fcb000 	C:\WINDOWS\SYSTEM32\kernel.appcore.dll
0x00007fff56a80000 - 0x00007fff56a8a000 	c:\Users\kalra\.vscode\extensions\redhat.java-1.53.0-win32-x64\jre\21.0.10-win32-x86_64\bin\jimage.dll
0x00007fff7b9f0000 - 0x00007fff7bc32000 	C:\WINDOWS\SYSTEM32\DBGHELP.DLL
0x00007fff8a570000 - 0x00007fff8a8f2000 	C:\WINDOWS\System32\combase.dll
0x00007fff89320000 - 0x00007fff893f7000 	C:\WINDOWS\System32\OLEAUT32.dll
0x00007fff6dad0000 - 0x00007fff6db0b000 	C:\WINDOWS\SYSTEM32\dbgcore.DLL
0x00007fff88630000 - 0x00007fff886d5000 	C:\WINDOWS\System32\bcryptPrimitives.dll
0x00007fff565b0000 - 0x00007fff565bf000 	c:\Users\kalra\.vscode\extensions\redhat.java-1.53.0-win32-x64\jre\21.0.10-win32-x86_64\bin\instrument.dll
0x00007fff1b110000 - 0x00007fff1b130000 	c:\Users\kalra\.vscode\extensions\redhat.java-1.53.0-win32-x64\jre\21.0.10-win32-x86_64\bin\java.dll

JVMTI agents:
c:\Users\kalra\.vscode\extensions\redhat.java-1.53.0-win32-x64\lombok\lombok-1.18.39-4050.jar path:none, loaded, not initialized, instrumentlib options:none

dbghelp: loaded successfully - version: 4.0.5 - missing functions: none
symbol engine: initialized successfully - sym options: 0x614 - pdb path: .;c:\Users\kalra\.vscode\extensions\redhat.java-1.53.0-win32-x64\jre\21.0.10-win32-x86_64\bin;C:\WINDOWS\SYSTEM32;C:\WINDOWS\WinSxS\amd64_microsoft.windows.common-controls_6595b64144ccf1df_6.0.26100.8037_none_3e092faae333b53b;c:\Users\kalra\.vscode\extensions\redhat.java-1.53.0-win32-x64\jre\21.0.10-win32-x86_64\bin\server

VM Arguments:
jvm_args: --add-modules=ALL-SYSTEM --add-opens=java.base/java.util=ALL-UNNAMED --add-opens=java.base/java.lang=ALL-UNNAMED --add-opens=java.base/sun.nio.fs=ALL-UNNAMED -Declipse.application=org.eclipse.jdt.ls.core.id1 -Dosgi.bundles.defaultStartLevel=4 -Declipse.product=org.eclipse.jdt.ls.core.product -Djava.import.generatesMetadataFilesAtProjectRoot=false -DDetectVMInstallationsJob.disabled=true -Dfile.encoding=utf8 -XX:+UseParallelGC -XX:GCTimeRatio=4 -XX:AdaptiveSizePolicyWeight=90 -Dsun.zip.disableMemoryMapping=true -Xmx2G -Xms100m -Xlog:disable -javaagent:c:\Users\kalra\.vscode\extensions\redhat.java-1.53.0-win32-x64\lombok\lombok-1.18.39-4050.jar -XX:+HeapDumpOnOutOfMemoryError -XX:HeapDumpPath=c:\Users\kalra\AppData\Roaming\Code\User\workspaceStorage\4fda5c3b26c15e0cb27154c0e992db6d\redhat.java -Daether.dependencyCollector.impl=bf 
java_command: c:\Users\kalra\.vscode\extensions\redhat.java-1.53.0-win32-x64\server\plugins\org.eclipse.equinox.launcher_1.7.100.v20251111-0406.jar -configuration c:\Users\kalra\AppData\Roaming\Code\User\globalStorage\redhat.java\1.53.0\config_win -data c:\Users\kalra\AppData\Roaming\Code\User\workspaceStorage\4fda5c3b26c15e0cb27154c0e992db6d\redhat.java\jdt_ws --pipe=\\.\pipe\lsp-f40aae7899ac1ed6e61b2fc863d68b64-sock
java_class_path (initial): c:\Users\kalra\.vscode\extensions\redhat.java-1.53.0-win32-x64\server\plugins\org.eclipse.equinox.launcher_1.7.100.v20251111-0406.jar
Launcher Type: SUN_STANDARD

[Global flags]
    uintx AdaptiveSizePolicyWeight                 = 90                                        {product} {command line}
     intx CICompilerCount                          = 4                                         {product} {ergonomic}
    uintx GCTimeRatio                              = 4                                         {product} {command line}
     bool HeapDumpOnOutOfMemoryError               = true                                   {manageable} {command line}
    ccstr HeapDumpPath                             = c:\Users\kalra\AppData\Roaming\Code\User\workspaceStorage\4fda5c3b26c15e0cb27154c0e992db6d\redhat.java         {manageable} {command line}
   size_t InitialHeapSize                          = 104857600                                 {product} {command line}
   size_t MaxHeapSize                              = 2147483648                                {product} {command line}
   size_t MaxNewSize                               = 715653120                                 {product} {ergonomic}
   size_t MinHeapDeltaBytes                        = 524288                                    {product} {ergonomic}
   size_t MinHeapSize                              = 104857600                                 {product} {command line}
   size_t NewSize                                  = 34603008                                  {product} {ergonomic}
    uintx NonNMethodCodeHeapSize                   = 5839372                                {pd product} {ergonomic}
    uintx NonProfiledCodeHeapSize                  = 122909434                              {pd product} {ergonomic}
   size_t OldSize                                  = 70254592                                  {product} {ergonomic}
    uintx ProfiledCodeHeapSize                     = 122909434                              {pd product} {ergonomic}
    uintx ReservedCodeCacheSize                    = 251658240                              {pd product} {ergonomic}
     bool SegmentedCodeCache                       = true                                      {product} {ergonomic}
   size_t SoftMaxHeapSize                          = 2147483648                             {manageable} {ergonomic}
     bool UseCompressedOops                        = true                           {product lp64_product} {ergonomic}
     bool UseLargePagesIndividualAllocation        = false                                  {pd product} {ergonomic}
     bool UseParallelGC                            = true                                      {product} {command line}

Logging:
Log output configuration:
 #0: stdout all=off uptime,level,tags foldmultilines=false
 #1: stderr all=off uptime,level,tags foldmultilines=false

Release file:
<release file has not been read>
Environment Variables:
PATH=C:\Users\kalra\AppData\Local\Programs\Microsoft VS Code;C:\Python314\Scripts\;C:\Python314\;C:\Program Files\nodejs\;C:\ProgramData\chocolatey\bin;D:\Git\cmd;C:\Users\kalra\AppData\Local\Programs\Python\Python313\Scripts\;C:\Users\kalra\AppData\Local\Programs\Python\Python313\;C:\Program Files\MySQL\MySQL Shell 8.0\bin\;C:\Users\kalra\AppData\Local\Programs\Python\Python312\Scripts\;C:\Users\kalra\AppData\Local\Programs\Python\Python312\;C:\Users\kalra\AppData\Local\Microsoft\WindowsApps;C:\Users\kalra\AppData\Local\Programs\Microsoft VS Code\bin;C:\Program Files\Azure Data Studio\bin;%JAVA_HOME%\bin;C:\Program Files\Maven\apache-maven-3.9.11\bin;C:\Program Files\MySQL\MySQL Server 8.0\bin;C:\Users\kalra\AppData\Roaming\npm;C:\Users\kalra\Downloads\flutter_windows_3.41.4-stable\flutter\bin;C:\Windows\System32;C:\Program Files\Git\cmd;C:\Windows\System32\WindowsPowerShell\v1.0\;
USERNAME=kalra
OS=Windows_NT
PROCESSOR_IDENTIFIER=AMD64 Family 23 Model 104 Stepping 1, AuthenticAMD
TMP=C:\Users\kalra\AppData\Local\Temp
TEMP=C:\Users\kalra\AppData\Local\Temp




Periodic native trim disabled

---------------  S Y S T E M  ---------------

OS:
 Windows 11 , 64 bit Build 26100 (10.0.26100.7920)
OS uptime: 0 days 1:32 hours
Hyper-V role detected

CPU: total 12 (initial active 12) (12 cores per cpu, 2 threads per core) family 23 model 104 stepping 1 microcode 0x8608107, cx8, cmov, fxsr, ht, mmx, 3dnowpref, sse, sse2, sse3, ssse3, sse4a, sse4.1, sse4.2, popcnt, lzcnt, tsc, tscinvbit, avx, avx2, aes, clmul, bmi1, bmi2, adx, sha, fma, vzeroupper, clflush, clflushopt, hv, rdtscp, rdpid, f16c
Processor Information for the first 12 processors :
  Max Mhz: 2100, Current Mhz: 2100, Mhz Limit: 2100

Memory: 4k page, system-wide physical 7501M (726M free)
TotalPageFile size 16211M (AvailPageFile size 5M)
current process WorkingSet (physical memory assigned to process): 26M, peak: 26M
current process commit charge ("private bytes"): 198M, peak: 199M

vm_info: OpenJDK 64-Bit Server VM (21.0.10+7-LTS) for windows-amd64 JRE (21.0.10+7-LTS), built on 2026-01-20T00:00:00Z by "admin" with MS VC++ 17.12 (VS2022)

END.
