#
# There is insufficient memory for the Java Runtime Environment to continue.
# Native memory allocation (malloc) failed to allocate 311136 bytes. Error detail: Chunk::new
# Possible reasons:
#   The system is out of physical RAM or swap space
#   This process is running with CompressedOops enabled, and the Java Heap may be blocking the growth of the native heap
# Possible solutions:
#   Reduce memory load on the system
#   Increase physical memory or swap space
#   Check if swap backing store is full
#   Decrease Java heap size (-Xmx/-Xms)
#   Decrease number of Java threads
#   Decrease Java thread stack sizes (-Xss)
#   Set larger code cache with -XX:ReservedCodeCacheSize=
#   JVM is running with Unscaled Compressed Oops mode in which the Java heap is
#     placed in the first 4GB address space. The Java Heap base address is the
#     maximum limit for the native heap growth. Please use -XX:HeapBaseMinAddress
#     to set the Java Heap base and to place the Java Heap above 4GB virtual address.
# This output file may be truncated or incomplete.
#
#  Out of Memory Error (arena.cpp:168), pid=7732, tid=23432
#
# JRE version: OpenJDK Runtime Environment Temurin-21.0.10+7 (21.0.10+7) (build 21.0.10+7-LTS)
# Java VM: OpenJDK 64-Bit Server VM Temurin-21.0.10+7 (21.0.10+7-LTS, mixed mode, sharing, tiered, compressed oops, compressed class ptrs, parallel gc, windows-amd64)
# No core dump will be written. Minidumps are not enabled by default on client versions of Windows
#

---------------  S U M M A R Y ------------

Command Line: --add-modules=ALL-SYSTEM --add-opens=java.base/java.util=ALL-UNNAMED --add-opens=java.base/java.lang=ALL-UNNAMED --add-opens=java.base/sun.nio.fs=ALL-UNNAMED -Declipse.application=org.eclipse.jdt.ls.core.id1 -Dosgi.bundles.defaultStartLevel=4 -Declipse.product=org.eclipse.jdt.ls.core.product -Djava.import.generatesMetadataFilesAtProjectRoot=false -DDetectVMInstallationsJob.disabled=true -Dfile.encoding=utf8 -XX:+UseParallelGC -XX:GCTimeRatio=4 -XX:AdaptiveSizePolicyWeight=90 -Dsun.zip.disableMemoryMapping=true -Xmx2G -Xms100m -Xlog:disable -javaagent:c:\Users\kalra\.vscode\extensions\redhat.java-1.53.0-win32-x64\lombok\lombok-1.18.39-4050.jar -XX:+HeapDumpOnOutOfMemoryError -XX:HeapDumpPath=c:\Users\kalra\AppData\Roaming\Code\User\workspaceStorage\4fda5c3b26c15e0cb27154c0e992db6d\redhat.java -Daether.dependencyCollector.impl=bf c:\Users\kalra\.vscode\extensions\redhat.java-1.53.0-win32-x64\server\plugins\org.eclipse.equinox.launcher_1.7.100.v20251111-0406.jar -configuration c:\Users\kalra\AppData\Roaming\Code\User\globalStorage\redhat.java\1.53.0\config_win -data c:\Users\kalra\AppData\Roaming\Code\User\workspaceStorage\4fda5c3b26c15e0cb27154c0e992db6d\redhat.java\jdt_ws --pipe=\\.\pipe\lsp-d73502414a265438d23d16679cdbb99d-sock

Host: AMD Ryzen 5 5500U with Radeon Graphics         , 12 cores, 7G,  Windows 11 , 64 bit Build 26100 (10.0.26100.7920)
Time: Sun Mar 29 13:15:56 2026 India Standard Time elapsed time: 1.282642 seconds (0d 0h 0m 1s)

---------------  T H R E A D  ---------------

Current thread (0x000001bb8c5d2cc0):  JavaThread "C2 CompilerThread0" daemon [_thread_in_native, id=23432, stack(0x000000369fb00000,0x000000369fc00000) (1024K)]


Current CompileTask:
C2:1282  978   !   4       java.util.jar.Attributes::read (494 bytes)

Stack: [0x000000369fb00000,0x000000369fc00000]
Native frames: (J=compiled Java code, j=interpreted, Vv=VM code, C=native code)
V  [jvm.dll+0x6d7a39]
V  [jvm.dll+0x8b4b26]
V  [jvm.dll+0x8b70de]
V  [jvm.dll+0x8b77c3]
V  [jvm.dll+0x284346]
V  [jvm.dll+0xc66ed]
V  [jvm.dll+0xc6c31]
V  [jvm.dll+0x2fb29e]
V  [jvm.dll+0x5fe884]
V  [jvm.dll+0x255b17]
V  [jvm.dll+0x255edd]
V  [jvm.dll+0x24e500]
V  [jvm.dll+0x24ba42]
V  [jvm.dll+0x1cb34e]
V  [jvm.dll+0x25b85d]
V  [jvm.dll+0x259dea]
V  [jvm.dll+0x3f857e]
V  [jvm.dll+0x85f59d]
V  [jvm.dll+0x6d626d]
C  [ucrtbase.dll+0x37b0]
C  [KERNEL32.DLL+0x2e8d7]
C  [ntdll.dll+0x8c48c]


---------------  P R O C E S S  ---------------

Threads class SMR info:
_java_thread_list=0x000001bbe74792c0, length=13, elements={
0x000001bb8bf2c710, 0x000001bba4c7c6d0, 0x000001bba4c7e850, 0x000001bb8c5c86d0,
0x000001bb8c5cb340, 0x000001bb8c5cdeb0, 0x000001bb8c5ce910, 0x000001bb8c5d2cc0,
0x000001bb8c5d5b30, 0x000001bbe7329a90, 0x000001bbe7462eb0, 0x000001bbe74832b0,
0x000001bbe8138b40
}

Java Threads: ( => current thread )
  0x000001bb8bf2c710 JavaThread "main"                              [_thread_in_vm, id=23404, stack(0x000000369f100000,0x000000369f200000) (1024K)]
  0x000001bba4c7c6d0 JavaThread "Reference Handler"          daemon [_thread_blocked, id=23532, stack(0x000000369f500000,0x000000369f600000) (1024K)]
  0x000001bba4c7e850 JavaThread "Finalizer"                  daemon [_thread_blocked, id=23504, stack(0x000000369f600000,0x000000369f700000) (1024K)]
  0x000001bb8c5c86d0 JavaThread "Signal Dispatcher"          daemon [_thread_blocked, id=22588, stack(0x000000369f700000,0x000000369f800000) (1024K)]
  0x000001bb8c5cb340 JavaThread "Attach Listener"            daemon [_thread_blocked, id=22592, stack(0x000000369f800000,0x000000369f900000) (1024K)]
  0x000001bb8c5cdeb0 JavaThread "Service Thread"             daemon [_thread_blocked, id=22580, stack(0x000000369f900000,0x000000369fa00000) (1024K)]
  0x000001bb8c5ce910 JavaThread "Monitor Deflation Thread"   daemon [_thread_blocked, id=23360, stack(0x000000369fa00000,0x000000369fb00000) (1024K)]
=>0x000001bb8c5d2cc0 JavaThread "C2 CompilerThread0"         daemon [_thread_in_native, id=23432, stack(0x000000369fb00000,0x000000369fc00000) (1024K)]
  0x000001bb8c5d5b30 JavaThread "C1 CompilerThread0"         daemon [_thread_blocked, id=23288, stack(0x000000369fc00000,0x000000369fd00000) (1024K)]
  0x000001bbe7329a90 JavaThread "Common-Cleaner"             daemon [_thread_blocked, id=7612, stack(0x000000369fd00000,0x000000369fe00000) (1024K)]
  0x000001bbe7462eb0 JavaThread "C2 CompilerThread1"         daemon [_thread_blocked, id=3448, stack(0x000000369ff00000,0x00000036a0000000) (1024K)]
  0x000001bbe74832b0 JavaThread "Notification Thread"        daemon [_thread_blocked, id=22784, stack(0x00000036a0000000,0x00000036a0100000) (1024K)]
  0x000001bbe8138b40 JavaThread "C2 CompilerThread2"         daemon [_thread_blocked, id=23520, stack(0x00000036a0100000,0x00000036a0200000) (1024K)]
Total: 13

Other Threads:
  0x000001bb8c5c2a60 VMThread "VM Thread"                           [id=23328, stack(0x000000369f400000,0x000000369f500000) (1024K)]
  0x000001bba4b5ca00 WatcherThread "VM Periodic Task Thread"        [id=23380, stack(0x000000369f300000,0x000000369f400000) (1024K)]
  0x000001bb8c53e2e0 WorkerThread "GC Thread#0"                     [id=23364, stack(0x000000369f200000,0x000000369f300000) (1024K)]
Total: 3

Threads with active compile tasks:
C2 CompilerThread0  1304  978   !   4       java.util.jar.Attributes::read (494 bytes)
Total: 1

VM state: not at safepoint (normal execution)

VM Mutex/Monitor currently owned by a thread: None

Heap address: 0x0000000080000000, size: 2048 MB, Compressed Oops mode: 32-bit

CDS archive(s) mapped at: [0x000001bba5000000-0x000001bba5ba0000-0x000001bba5ba0000), size 12189696, SharedBaseAddress: 0x000001bba5000000, ArchiveRelocationMode: 1.
Compressed class space mapped at: 0x000001bba6000000-0x000001bbe6000000, reserved size: 1073741824
Narrow klass base: 0x000001bba5000000, Narrow klass shift: 0, Narrow klass range: 0x100000000

GC Precious Log:
 CardTable entry size: 512
 CPUs: 12 total, 12 available
 Memory: 7501M
 Large Page Support: Disabled
 NUMA Support: Disabled
 Compressed Oops: Enabled (32-bit)
 Alignments: Space 512K, Generation 512K, Heap 2M
 Heap Min Capacity: 100M
 Heap Initial Capacity: 100M
 Heap Max Capacity: 2G
 Pre-touch: Disabled
 Parallel Workers: 10

Heap:
 PSYoungGen      total 29696K, used 20528K [0x00000000d5580000, 0x00000000d7680000, 0x0000000100000000)
  eden space 25600K, 80% used [0x00000000d5580000,0x00000000d698c148,0x00000000d6e80000)
  from space 4096K, 0% used [0x00000000d7280000,0x00000000d7280000,0x00000000d7680000)
  to   space 4096K, 0% used [0x00000000d6e80000,0x00000000d6e80000,0x00000000d7280000)
 ParOldGen       total 68608K, used 0K [0x0000000080000000, 0x0000000084300000, 0x00000000d5580000)
  object space 68608K, 0% used [0x0000000080000000,0x0000000080000000,0x0000000084300000)
 Metaspace       used 3672K, committed 3904K, reserved 1114112K
  class space    used 400K, committed 512K, reserved 1048576K

Card table byte_map: [0x000001bb9ffc0000,0x000001bba03d0000] _byte_map_base: 0x000001bb9fbc0000

Marking Bits: (ParMarkBitMap*) 0x00007ff9db9b3450
 Begin Bits: [0x000001bba0680000, 0x000001bba2680000)
 End Bits:   [0x000001bba2680000, 0x000001bba4680000)

Polling page: 0x000001bb8c240000

Metaspace:

Usage:
  Non-class:      3.20 MB used.
      Class:    401.67 KB used.
       Both:      3.59 MB used.

Virtual space:
  Non-class space:       64.00 MB reserved,       3.31 MB (  5%) committed,  1 nodes.
      Class space:        1.00 GB reserved,     512.00 KB ( <1%) committed,  1 nodes.
             Both:        1.06 GB reserved,       3.81 MB ( <1%) committed. 

Chunk freelists:
   Non-Class:  11.38 MB
       Class:  15.46 MB
        Both:  26.84 MB

MaxMetaspaceSize: unlimited
CompressedClassSpaceSize: 1.00 GB
Initial GC threshold: 21.00 MB
Current GC threshold: 21.00 MB
CDS: on
 - commit_granule_bytes: 65536.
 - commit_granule_words: 8192.
 - virtual_space_node_default_size: 8388608.
 - enlarge_chunks_in_place: 1.
 - use_allocation_guard: 0.


Internal statistics:

num_allocs_failed_limit: 0.
num_arena_births: 172.
num_arena_deaths: 0.
num_vsnodes_births: 2.
num_vsnodes_deaths: 0.
num_space_committed: 61.
num_space_uncommitted: 0.
num_chunks_returned_to_freelist: 0.
num_chunks_taken_from_freelist: 223.
num_chunk_merges: 0.
num_chunk_splits: 145.
num_chunks_enlarged: 80.
num_inconsistent_stats: 0.

CodeHeap 'non-profiled nmethods': size=120000Kb used=400Kb max_used=400Kb free=119599Kb
 bounds [0x000001bb988b0000, 0x000001bb98b20000, 0x000001bb9fde0000]
CodeHeap 'profiled nmethods': size=120000Kb used=1606Kb max_used=1606Kb free=118393Kb
 bounds [0x000001bb90de0000, 0x000001bb91050000, 0x000001bb98310000]
CodeHeap 'non-nmethods': size=5760Kb used=1192Kb max_used=1217Kb free=4567Kb
 bounds [0x000001bb98310000, 0x000001bb98580000, 0x000001bb988b0000]
CodeCache: size=245760Kb, used=3198Kb, max_used=3223Kb, free=242559Kb
 total_blobs=1457, nmethods=1006, adapters=358, full_count=0
Compilation: enabled, stopped_count=0, restarted_count=0

Compilation events (20 events):
Event: 1.249 Thread 0x000001bb8c5d5b30  989       3       sun.security.util.DerOutputStream::putLength (147 bytes)
Event: 1.252 Thread 0x000001bb8c5d5b30 nmethod 989 0x000001bb90f5f190 code [0x000001bb90f5f560, 0x000001bb90f619d8]
Event: 1.252 Thread 0x000001bb8c5d5b30  991  s    3       java.util.Hashtable::put (104 bytes)
Event: 1.252 Thread 0x000001bbe8138b40 nmethod 976 0x000001bb9890fa10 code [0x000001bb9890fbe0, 0x000001bb98910328]
Event: 1.252 Thread 0x000001bbe8138b40  979       4       java.lang.String::<init> (22 bytes)
Event: 1.252 Thread 0x000001bb8c5d5b30 nmethod 991 0x000001bb90f62910 code [0x000001bb90f62b20, 0x000001bb90f631f8]
Event: 1.252 Thread 0x000001bb8c5d5b30  994  s    3       java.util.Hashtable::get (69 bytes)
Event: 1.253 Thread 0x000001bb8c5d5b30 nmethod 994 0x000001bb90f63490 code [0x000001bb90f63680, 0x000001bb90f63bd0]
Event: 1.253 Thread 0x000001bb8c5d5b30  992       3       java.util.Hashtable::addEntry (87 bytes)
Event: 1.253 Thread 0x000001bb8c5d5b30 nmethod 992 0x000001bb90f63d90 code [0x000001bb90f63f80, 0x000001bb90f645b0]
Event: 1.253 Thread 0x000001bb8c5d5b30  993       3       java.util.Hashtable$Entry::<init> (26 bytes)
Event: 1.253 Thread 0x000001bb8c5d5b30 nmethod 993 0x000001bb90f64810 code [0x000001bb90f649c0, 0x000001bb90f64b70]
Event: 1.253 Thread 0x000001bb8c5d5b30  996       3       sun.security.util.SignatureFileVerifier::matches (89 bytes)
Event: 1.254 Thread 0x000001bbe8138b40 nmethod 979 0x000001bb98910710 code [0x000001bb989108c0, 0x000001bb98910a48]
Event: 1.255 Thread 0x000001bb8c5d5b30 nmethod 996 0x000001bb90f64c10 code [0x000001bb90f64ec0, 0x000001bb90f65d10]
Event: 1.255 Thread 0x000001bb8c5d5b30  995       3       sun.security.util.SignatureFileVerifier::updateSigners (132 bytes)
Event: 1.256 Thread 0x000001bb8c5d5b30 nmethod 995 0x000001bb90f66310 code [0x000001bb90f665c0, 0x000001bb90f67460]
Event: 1.256 Thread 0x000001bb8c5d5b30  990       3       java.lang.StringLatin1::indexOf (25 bytes)
Event: 1.256 Thread 0x000001bb8c5d5b30 nmethod 990 0x000001bb90f67a10 code [0x000001bb90f67be0, 0x000001bb90f67dd0]
Event: 1.275 Thread 0x000001bbe7462eb0 nmethod 980 0x000001bb98910c10 code [0x000001bb98910ec0, 0x000001bb98912228]

GC Heap History (0 events):
No events

Dll operation events (8 events):
Event: 0.019 Loaded shared library c:\Users\kalra\.vscode\extensions\redhat.java-1.53.0-win32-x64\jre\21.0.10-win32-x86_64\bin\java.dll
Event: 0.175 Loaded shared library c:\Users\kalra\.vscode\extensions\redhat.java-1.53.0-win32-x64\jre\21.0.10-win32-x86_64\bin\zip.dll
Event: 0.221 Loaded shared library C:\Users\kalra\.vscode\extensions\redhat.java-1.53.0-win32-x64\jre\21.0.10-win32-x86_64\bin\instrument.dll
Event: 0.231 Loaded shared library C:\Users\kalra\.vscode\extensions\redhat.java-1.53.0-win32-x64\jre\21.0.10-win32-x86_64\bin\net.dll
Event: 0.235 Loaded shared library C:\Users\kalra\.vscode\extensions\redhat.java-1.53.0-win32-x64\jre\21.0.10-win32-x86_64\bin\nio.dll
Event: 0.242 Loaded shared library C:\Users\kalra\.vscode\extensions\redhat.java-1.53.0-win32-x64\jre\21.0.10-win32-x86_64\bin\zip.dll
Event: 0.274 Loaded shared library C:\Users\kalra\.vscode\extensions\redhat.java-1.53.0-win32-x64\jre\21.0.10-win32-x86_64\bin\jimage.dll
Event: 0.414 Loaded shared library c:\Users\kalra\.vscode\extensions\redhat.java-1.53.0-win32-x64\jre\21.0.10-win32-x86_64\bin\verify.dll

Deoptimization events (20 events):
Event: 0.812 Thread 0x000001bb8bf2c710 DEOPT PACKING pc=0x000001bb988f029c sp=0x000000369f1fd970
Event: 0.812 Thread 0x000001bb8bf2c710 DEOPT UNPACKING pc=0x000001bb98363aa2 sp=0x000000369f1fd8c0 mode 2
Event: 0.971 Thread 0x000001bb8bf2c710 Uncommon trap: trap_request=0xffffff45 fr.pc=0x000001bb988f6bac relative=0x000000000000008c
Event: 0.971 Thread 0x000001bb8bf2c710 Uncommon trap: reason=unstable_if action=reinterpret pc=0x000001bb988f6bac method=jdk.internal.misc.Unsafe.convEndian(ZI)I @ 4 c2
Event: 0.971 Thread 0x000001bb8bf2c710 DEOPT PACKING pc=0x000001bb988f6bac sp=0x000000369f1fdcd0
Event: 0.971 Thread 0x000001bb8bf2c710 DEOPT UNPACKING pc=0x000001bb98363aa2 sp=0x000000369f1fdc00 mode 2
Event: 0.979 Thread 0x000001bb8bf2c710 Uncommon trap: trap_request=0xffffff45 fr.pc=0x000001bb988e32d0 relative=0x00000000000005f0
Event: 0.979 Thread 0x000001bb8bf2c710 Uncommon trap: reason=unstable_if action=reinterpret pc=0x000001bb988e32d0 method=java.lang.AbstractStringBuilder.append(Ljava/lang/String;)Ljava/lang/AbstractStringBuilder; @ 1 c2
Event: 0.979 Thread 0x000001bb8bf2c710 DEOPT PACKING pc=0x000001bb988e32d0 sp=0x000000369f1fe030
Event: 0.979 Thread 0x000001bb8bf2c710 DEOPT UNPACKING pc=0x000001bb98363aa2 sp=0x000000369f1fdfc0 mode 2
Event: 0.980 Thread 0x000001bb8bf2c710 Uncommon trap: trap_request=0xffffff45 fr.pc=0x000001bb988e3ebc relative=0x00000000000005dc
Event: 0.980 Thread 0x000001bb8bf2c710 Uncommon trap: reason=unstable_if action=reinterpret pc=0x000001bb988e3ebc method=java.lang.AbstractStringBuilder.append(Ljava/lang/String;)Ljava/lang/AbstractStringBuilder; @ 1 c2
Event: 0.980 Thread 0x000001bb8bf2c710 DEOPT PACKING pc=0x000001bb988e3ebc sp=0x000000369f1fdfe0
Event: 0.980 Thread 0x000001bb8bf2c710 DEOPT UNPACKING pc=0x000001bb98363aa2 sp=0x000000369f1fdfc8 mode 2
Event: 1.025 Thread 0x000001bb8bf2c710 DEOPT PACKING pc=0x000001bb90ef357b sp=0x000000369f1fd510
Event: 1.025 Thread 0x000001bb8bf2c710 DEOPT UNPACKING pc=0x000001bb98364242 sp=0x000000369f1fc988 mode 0
Event: 1.228 Thread 0x000001bb8bf2c710 Uncommon trap: trap_request=0xffffff45 fr.pc=0x000001bb9890b898 relative=0x0000000000000638
Event: 1.228 Thread 0x000001bb8bf2c710 Uncommon trap: reason=unstable_if action=reinterpret pc=0x000001bb9890b898 method=java.util.jar.Manifest$FastInputStream.readLine([BII)I @ 130 c2
Event: 1.228 Thread 0x000001bb8bf2c710 DEOPT PACKING pc=0x000001bb9890b898 sp=0x000000369f1fea00
Event: 1.228 Thread 0x000001bb8bf2c710 DEOPT UNPACKING pc=0x000001bb98363aa2 sp=0x000000369f1fe990 mode 2

Classes loaded (20 events):
Event: 1.174 Loading class java/nio/file/attribute/AclFileAttributeView
Event: 1.174 Loading class java/nio/file/attribute/FileOwnerAttributeView
Event: 1.174 Loading class java/nio/file/attribute/FileOwnerAttributeView done
Event: 1.174 Loading class java/nio/file/attribute/AclFileAttributeView done
Event: 1.174 Loading class sun/nio/fs/AbstractAclFileAttributeView done
Event: 1.174 Loading class sun/nio/fs/WindowsAclFileAttributeView done
Event: 1.175 Loading class sun/nio/fs/WindowsSecurity
Event: 1.176 Loading class sun/nio/fs/WindowsSecurity done
Event: 1.176 Loading class sun/nio/fs/WindowsFileStore
Event: 1.177 Loading class java/nio/file/FileStore
Event: 1.177 Loading class java/nio/file/FileStore done
Event: 1.177 Loading class sun/nio/fs/WindowsFileStore done
Event: 1.181 Loading class java/net/URLClassLoader$1
Event: 1.182 Loading class java/net/URLClassLoader$1 done
Event: 1.255 Loading class java/io/FilePermission$1
Event: 1.255 Loading class jdk/internal/access/JavaIOFilePermissionAccess
Event: 1.255 Loading class jdk/internal/access/JavaIOFilePermissionAccess done
Event: 1.255 Loading class java/io/FilePermission$1 done
Event: 1.256 Loading class java/io/FilePermissionCollection
Event: 1.256 Loading class java/io/FilePermissionCollection done

Classes unloaded (0 events):
No events

Classes redefined (0 events):
No events

Internal exceptions (20 events):
Event: 0.346 Thread 0x000001bb8bf2c710 Exception <a 'java/lang/NoSuchMethodError'{0x00000000d59f8b40}: 'int java.lang.invoke.DirectMethodHandle$Holder.invokeSpecial(java.lang.Object, java.lang.Object, java.lang.Object)'> (0x00000000d59f8b40) 
thrown [s\src\hotspot\share\interpreter\linkResolver.cpp, line 773]
Event: 0.350 Thread 0x000001bb8bf2c710 Exception <a 'java/lang/NoSuchMethodError'{0x00000000d5a04800}: 'java.lang.Object java.lang.invoke.DirectMethodHandle$Holder.invokeStatic(java.lang.Object, java.lang.Object, int)'> (0x00000000d5a04800) 
thrown [s\src\hotspot\share\interpreter\linkResolver.cpp, line 773]
Event: 0.351 Thread 0x000001bb8bf2c710 Exception <a 'java/lang/NoSuchMethodError'{0x00000000d5a09150}: 'void java.lang.invoke.DirectMethodHandle$Holder.invokeStatic(java.lang.Object, java.lang.Object, int, java.lang.Object)'> (0x00000000d5a09150) 
thrown [s\src\hotspot\share\interpreter\linkResolver.cpp, line 773]
Event: 0.353 Thread 0x000001bb8bf2c710 Exception <a 'java/lang/NoSuchMethodError'{0x00000000d5a0cce0}: 'void java.lang.invoke.DirectMethodHandle$Holder.invokeSpecial(java.lang.Object, java.lang.Object, java.lang.Object, int, java.lang.Object)'> (0x00000000d5a0cce0) 
thrown [s\src\hotspot\share\interpreter\linkResolver.cpp, line 773]
Event: 0.354 Thread 0x000001bb8bf2c710 Exception <a 'java/lang/NoSuchMethodError'{0x00000000d5a10150}: 'void java.lang.invoke.DelegatingMethodHandle$Holder.delegate(java.lang.Object, java.lang.Object, int, java.lang.Object)'> (0x00000000d5a10150) 
thrown [s\src\hotspot\share\interpreter\linkResolver.cpp, line 773]
Event: 0.469 Thread 0x000001bb8bf2c710 Exception <a 'java/lang/NoSuchMethodError'{0x00000000d5bcf210}: 'void java.lang.invoke.DelegatingMethodHandle$Holder.reinvoke_L(java.lang.Object, java.lang.Object, java.lang.Object, int)'> (0x00000000d5bcf210) 
thrown [s\src\hotspot\share\interpreter\linkResolver.cpp, line 773]
Event: 0.678 Thread 0x000001bb8bf2c710 Exception <a 'java/lang/NoSuchMethodError'{0x00000000d605ae48}: 'void java.lang.invoke.DirectMethodHandle$Holder.invokeVirtual(java.lang.Object, java.lang.Object)'> (0x00000000d605ae48) 
thrown [s\src\hotspot\share\interpreter\linkResolver.cpp, line 773]
Event: 0.887 Thread 0x000001bb8bf2c710 Exception <a 'java/lang/NoSuchMethodError'{0x00000000d6440150}: 'void java.lang.invoke.DirectMethodHandle$Holder.invokeStatic(java.lang.Object, java.lang.Object)'> (0x00000000d6440150) 
thrown [s\src\hotspot\share\interpreter\linkResolver.cpp, line 773]
Event: 0.902 Thread 0x000001bb8bf2c710 Exception <a 'java/lang/ClassNotFoundException'{0x00000000d6468248}: sun/net/www/protocol/c/Handler> (0x00000000d6468248) 
thrown [s\src\hotspot\share\classfile\systemDictionary.cpp, line 312]
Event: 0.960 Thread 0x000001bb8bf2c710 Exception <a 'java/io/FileNotFoundException'{0x00000000d64cf440}> (0x00000000d64cf440) 
thrown [s\src\hotspot\share\prims\jni.cpp, line 520]
Event: 0.963 Thread 0x000001bb8bf2c710 Exception <a 'java/io/FileNotFoundException'{0x00000000d64d0768}> (0x00000000d64d0768) 
thrown [s\src\hotspot\share\prims\jni.cpp, line 520]
Event: 0.964 Thread 0x000001bb8bf2c710 Exception <a 'java/io/FileNotFoundException'{0x00000000d64d13e0}> (0x00000000d64d13e0) 
thrown [s\src\hotspot\share\prims\jni.cpp, line 520]
Event: 0.968 Thread 0x000001bb8bf2c710 Exception <a 'java/io/FileNotFoundException'{0x00000000d64d1f20}> (0x00000000d64d1f20) 
thrown [s\src\hotspot\share\prims\jni.cpp, line 520]
Event: 0.979 Thread 0x000001bb8bf2c710 Implicit null exception at 0x000001bb988e2d24 to 0x000001bb988e32b8
Event: 0.980 Thread 0x000001bb8bf2c710 Implicit null exception at 0x000001bb988e3920 to 0x000001bb988e3ea4
Event: 0.984 Thread 0x000001bb8bf2c710 Exception <a 'java/io/FileNotFoundException'{0x00000000d650c0b0}> (0x00000000d650c0b0) 
thrown [s\src\hotspot\share\prims\jni.cpp, line 520]
Event: 1.023 Thread 0x000001bb8bf2c710 Exception <a 'java/lang/NoSuchMethodError'{0x00000000d6548a80}: 'java.lang.Object java.lang.invoke.DirectMethodHandle$Holder.invokeInterface(java.lang.Object, java.lang.Object)'> (0x00000000d6548a80) 
thrown [s\src\hotspot\share\interpreter\linkResolver.cpp, line 773]
Event: 1.030 Thread 0x000001bb8bf2c710 Exception <a 'java/lang/NoSuchMethodError'{0x00000000d655c4f0}: 'java.lang.Object java.lang.invoke.Invokers$Holder.invokeExact_MT(java.lang.Object, java.lang.Object, java.lang.Object, java.lang.Object, java.lang.Object, java.lang.Object)'> (0x00000000d655c4f0) 
thrown [s\src\hotspot\share\interpreter\linkResolver.cpp, line 773]
Event: 1.047 Thread 0x000001bb8bf2c710 Exception <a 'java/lang/NoSuchMethodError'{0x00000000d65735c8}: 'int java.lang.invoke.DirectMethodHandle$Holder.invokeStatic(java.lang.Object, java.lang.Object, java.lang.Object, java.lang.Object, java.lang.Object)'> (0x00000000d65735c8) 
thrown [s\src\hotspot\share\interpreter\linkResolver.cpp, line 773]
Event: 1.139 Thread 0x000001bb8bf2c710 Exception <a 'java/lang/NoSuchMethodError'{0x00000000d6608b28}: 'java.lang.Object java.lang.invoke.DirectMethodHandle$Holder.invokeInterface(java.lang.Object, java.lang.Object, int)'> (0x00000000d6608b28) 
thrown [s\src\hotspot\share\interpreter\linkResolver.cpp, line 773]

ZGC Phase Switch (0 events):
No events

VM Operations (8 events):
Event: 0.172 Executing non-safepoint VM operation: HandshakeAllThreads (Deoptimize)
Event: 0.172 Executing non-safepoint VM operation: HandshakeAllThreads (Deoptimize) done
Event: 0.294 Executing non-safepoint VM operation: HandshakeAllThreads (Deoptimize)
Event: 0.294 Executing non-safepoint VM operation: HandshakeAllThreads (Deoptimize) done
Event: 0.824 Executing non-safepoint VM operation: HandshakeAllThreads (Deoptimize)
Event: 0.824 Executing non-safepoint VM operation: HandshakeAllThreads (Deoptimize) done
Event: 0.877 Executing non-safepoint VM operation: HandshakeAllThreads (Deoptimize)
Event: 0.877 Executing non-safepoint VM operation: HandshakeAllThreads (Deoptimize) done

Memory protections (0 events):
No events

Nmethod flushes (0 events):
No events

Events (13 events):
Event: 0.049 Thread 0x000001bb8bf2c710 Thread added: 0x000001bb8bf2c710
Event: 0.103 Thread 0x000001bb8bf2c710 Thread added: 0x000001bba4c7c6d0
Event: 0.104 Thread 0x000001bb8bf2c710 Thread added: 0x000001bba4c7e850
Event: 0.104 Thread 0x000001bb8bf2c710 Thread added: 0x000001bb8c5c86d0
Event: 0.105 Thread 0x000001bb8bf2c710 Thread added: 0x000001bb8c5cb340
Event: 0.105 Thread 0x000001bb8bf2c710 Thread added: 0x000001bb8c5cdeb0
Event: 0.105 Thread 0x000001bb8bf2c710 Thread added: 0x000001bb8c5ce910
Event: 0.105 Thread 0x000001bb8bf2c710 Thread added: 0x000001bb8c5d2cc0
Event: 0.105 Thread 0x000001bb8bf2c710 Thread added: 0x000001bb8c5d5b30
Event: 0.225 Thread 0x000001bb8bf2c710 Thread added: 0x000001bbe7329a90
Event: 0.407 Thread 0x000001bb8c5d2cc0 Thread added: 0x000001bbe7462eb0
Event: 0.589 Thread 0x000001bb8bf2c710 Thread added: 0x000001bbe74832b0
Event: 0.735 Thread 0x000001bbe7462eb0 Thread added: 0x000001bbe8138b40


Dynamic libraries:
0x00007ff702ad0000 - 0x00007ff702ade000 	c:\Users\kalra\.vscode\extensions\redhat.java-1.53.0-win32-x64\jre\21.0.10-win32-x86_64\bin\java.exe
0x00007ffac2180000 - 0x00007ffac23e7000 	C:\WINDOWS\SYSTEM32\ntdll.dll
0x00007ffac0d20000 - 0x00007ffac0de9000 	C:\WINDOWS\System32\KERNEL32.DLL
0x00007ffabee80000 - 0x00007ffabf271000 	C:\WINDOWS\System32\KERNELBASE.dll
0x00007ffabec00000 - 0x00007ffabed4b000 	C:\WINDOWS\System32\ucrtbase.dll
0x00007ffa46290000 - 0x00007ffa462a8000 	c:\Users\kalra\.vscode\extensions\redhat.java-1.53.0-win32-x64\jre\21.0.10-win32-x86_64\bin\jli.dll
0x00007ffac0f10000 - 0x00007ffac10d5000 	C:\WINDOWS\System32\USER32.dll
0x00007ffabea60000 - 0x00007ffabea87000 	C:\WINDOWS\System32\win32u.dll
0x00007ffac2090000 - 0x00007ffac20bb000 	C:\WINDOWS\System32\GDI32.dll
0x00007ffabed50000 - 0x00007ffabee7b000 	C:\WINDOWS\System32\gdi32full.dll
0x00007ffabfd00000 - 0x00007ffabfda3000 	C:\WINDOWS\System32\msvcp_win.dll
0x00007ffa46240000 - 0x00007ffa4625e000 	c:\Users\kalra\.vscode\extensions\redhat.java-1.53.0-win32-x64\jre\21.0.10-win32-x86_64\bin\VCRUNTIME140.dll
0x00007ffaa79f0000 - 0x00007ffaa7c83000 	C:\WINDOWS\WinSxS\amd64_microsoft.windows.common-controls_6595b64144ccf1df_6.0.26100.8037_none_3e092faae333b53b\COMCTL32.dll
0x00007ffac07f0000 - 0x00007ffac0899000 	C:\WINDOWS\System32\msvcrt.dll
0x00007ffac07b0000 - 0x00007ffac07e1000 	C:\WINDOWS\System32\IMM32.DLL
0x00007ffa6e090000 - 0x00007ffa6e09c000 	c:\Users\kalra\.vscode\extensions\redhat.java-1.53.0-win32-x64\jre\21.0.10-win32-x86_64\bin\vcruntime140_1.dll
0x00007ffa206d0000 - 0x00007ffa2075d000 	c:\Users\kalra\.vscode\extensions\redhat.java-1.53.0-win32-x64\jre\21.0.10-win32-x86_64\bin\msvcp140.dll
0x00007ff9dacf0000 - 0x00007ff9dba91000 	c:\Users\kalra\.vscode\extensions\redhat.java-1.53.0-win32-x64\jre\21.0.10-win32-x86_64\bin\server\jvm.dll
0x00007ffac02f0000 - 0x00007ffac03ab000 	C:\WINDOWS\System32\ADVAPI32.dll
0x00007ffac0a80000 - 0x00007ffac0b27000 	C:\WINDOWS\System32\sechost.dll
0x00007ffac0df0000 - 0x00007ffac0f08000 	C:\WINDOWS\System32\RPCRT4.dll
0x00007ffac1860000 - 0x00007ffac18d4000 	C:\WINDOWS\System32\WS2_32.dll
0x00007ffabe8c0000 - 0x00007ffabe91e000 	C:\WINDOWS\SYSTEM32\POWRPROF.dll
0x00007ffab7aa0000 - 0x00007ffab7ad5000 	C:\WINDOWS\SYSTEM32\WINMM.dll
0x00007ffab7ae0000 - 0x00007ffab7aeb000 	C:\WINDOWS\SYSTEM32\VERSION.dll
0x00007ffabe8a0000 - 0x00007ffabe8b4000 	C:\WINDOWS\SYSTEM32\UMPDC.dll
0x00007ffabd7f0000 - 0x00007ffabd80b000 	C:\WINDOWS\SYSTEM32\kernel.appcore.dll
0x00007ffa4f770000 - 0x00007ffa4f77a000 	c:\Users\kalra\.vscode\extensions\redhat.java-1.53.0-win32-x64\jre\21.0.10-win32-x86_64\bin\jimage.dll
0x00007ffab3490000 - 0x00007ffab36d2000 	C:\WINDOWS\SYSTEM32\DBGHELP.DLL
0x00007ffac03b0000 - 0x00007ffac0732000 	C:\WINDOWS\System32\combase.dll
0x00007ffac08a0000 - 0x00007ffac0977000 	C:\WINDOWS\System32\OLEAUT32.dll
0x00007ffaa1b70000 - 0x00007ffaa1bab000 	C:\WINDOWS\SYSTEM32\dbgcore.DLL
0x00007ffabea90000 - 0x00007ffabeb35000 	C:\WINDOWS\System32\bcryptPrimitives.dll
0x00007ffa4f6a0000 - 0x00007ffa4f6af000 	c:\Users\kalra\.vscode\extensions\redhat.java-1.53.0-win32-x64\jre\21.0.10-win32-x86_64\bin\instrument.dll
0x00007ffa206b0000 - 0x00007ffa206d0000 	c:\Users\kalra\.vscode\extensions\redhat.java-1.53.0-win32-x64\jre\21.0.10-win32-x86_64\bin\java.dll
0x00007ffac10f0000 - 0x00007ffac184f000 	C:\WINDOWS\System32\SHELL32.dll
0x00007ffabfdb0000 - 0x00007ffabff1a000 	C:\WINDOWS\System32\wintypes.dll
0x00007ffabf490000 - 0x00007ffabfcf4000 	C:\WINDOWS\System32\windows.storage.dll
0x00007ffac18e0000 - 0x00007ffac19d7000 	C:\WINDOWS\System32\SHCORE.dll
0x00007ffac0740000 - 0x00007ffac07a7000 	C:\WINDOWS\System32\shlwapi.dll
0x00007ffabe980000 - 0x00007ffabe9a9000 	C:\WINDOWS\SYSTEM32\profapi.dll
0x00007ffa94040000 - 0x00007ffa94058000 	c:\Users\kalra\.vscode\extensions\redhat.java-1.53.0-win32-x64\jre\21.0.10-win32-x86_64\bin\zip.dll
0x00007ffa94030000 - 0x00007ffa94040000 	C:\Users\kalra\.vscode\extensions\redhat.java-1.53.0-win32-x64\jre\21.0.10-win32-x86_64\bin\net.dll
0x00007ffab81d0000 - 0x00007ffab82f7000 	C:\WINDOWS\SYSTEM32\WINHTTP.dll
0x00007ffabdd60000 - 0x00007ffabddcb000 	C:\WINDOWS\system32\mswsock.dll
0x00007ffa20690000 - 0x00007ffa206a6000 	C:\Users\kalra\.vscode\extensions\redhat.java-1.53.0-win32-x64\jre\21.0.10-win32-x86_64\bin\nio.dll
0x00007ffa94020000 - 0x00007ffa94030000 	c:\Users\kalra\.vscode\extensions\redhat.java-1.53.0-win32-x64\jre\21.0.10-win32-x86_64\bin\verify.dll

JVMTI agents:
c:\Users\kalra\.vscode\extensions\redhat.java-1.53.0-win32-x64\lombok\lombok-1.18.39-4050.jar path:c:\Users\kalra\.vscode\extensions\redhat.java-1.53.0-win32-x64\jre\21.0.10-win32-x86_64\bin\instrument.dll, loaded, initialized, instrumentlib options:none

dbghelp: loaded successfully - version: 4.0.5 - missing functions: none
symbol engine: initialized successfully - sym options: 0x614 - pdb path: .;c:\Users\kalra\.vscode\extensions\redhat.java-1.53.0-win32-x64\jre\21.0.10-win32-x86_64\bin;C:\WINDOWS\SYSTEM32;C:\WINDOWS\WinSxS\amd64_microsoft.windows.common-controls_6595b64144ccf1df_6.0.26100.8037_none_3e092faae333b53b;c:\Users\kalra\.vscode\extensions\redhat.java-1.53.0-win32-x64\jre\21.0.10-win32-x86_64\bin\server

VM Arguments:
jvm_args: --add-modules=ALL-SYSTEM --add-opens=java.base/java.util=ALL-UNNAMED --add-opens=java.base/java.lang=ALL-UNNAMED --add-opens=java.base/sun.nio.fs=ALL-UNNAMED -Declipse.application=org.eclipse.jdt.ls.core.id1 -Dosgi.bundles.defaultStartLevel=4 -Declipse.product=org.eclipse.jdt.ls.core.product -Djava.import.generatesMetadataFilesAtProjectRoot=false -DDetectVMInstallationsJob.disabled=true -Dfile.encoding=utf8 -XX:+UseParallelGC -XX:GCTimeRatio=4 -XX:AdaptiveSizePolicyWeight=90 -Dsun.zip.disableMemoryMapping=true -Xmx2G -Xms100m -Xlog:disable -javaagent:c:\Users\kalra\.vscode\extensions\redhat.java-1.53.0-win32-x64\lombok\lombok-1.18.39-4050.jar -XX:+HeapDumpOnOutOfMemoryError -XX:HeapDumpPath=c:\Users\kalra\AppData\Roaming\Code\User\workspaceStorage\4fda5c3b26c15e0cb27154c0e992db6d\redhat.java -Daether.dependencyCollector.impl=bf 
java_command: c:\Users\kalra\.vscode\extensions\redhat.java-1.53.0-win32-x64\server\plugins\org.eclipse.equinox.launcher_1.7.100.v20251111-0406.jar -configuration c:\Users\kalra\AppData\Roaming\Code\User\globalStorage\redhat.java\1.53.0\config_win -data c:\Users\kalra\AppData\Roaming\Code\User\workspaceStorage\4fda5c3b26c15e0cb27154c0e992db6d\redhat.java\jdt_ws --pipe=\\.\pipe\lsp-d73502414a265438d23d16679cdbb99d-sock
java_class_path (initial): c:\Users\kalra\.vscode\extensions\redhat.java-1.53.0-win32-x64\server\plugins\org.eclipse.equinox.launcher_1.7.100.v20251111-0406.jar
Launcher Type: SUN_STANDARD

[Global flags]
    uintx AdaptiveSizePolicyWeight                 = 90                                        {product} {command line}
     intx CICompilerCount                          = 4                                         {product} {ergonomic}
    uintx GCTimeRatio                              = 4                                         {product} {command line}
     bool HeapDumpOnOutOfMemoryError               = true                                   {manageable} {command line}
    ccstr HeapDumpPath                             = c:\Users\kalra\AppData\Roaming\Code\User\workspaceStorage\4fda5c3b26c15e0cb27154c0e992db6d\redhat.java         {manageable} {command line}
   size_t InitialHeapSize                          = 104857600                                 {product} {command line}
   size_t MaxHeapSize                              = 2147483648                                {product} {command line}
   size_t MaxNewSize                               = 715653120                                 {product} {ergonomic}
   size_t MinHeapDeltaBytes                        = 524288                                    {product} {ergonomic}
   size_t MinHeapSize                              = 104857600                                 {product} {command line}
   size_t NewSize                                  = 34603008                                  {product} {ergonomic}
    uintx NonNMethodCodeHeapSize                   = 5839372                                {pd product} {ergonomic}
    uintx NonProfiledCodeHeapSize                  = 122909434                              {pd product} {ergonomic}
   size_t OldSize                                  = 70254592                                  {product} {ergonomic}
    uintx ProfiledCodeHeapSize                     = 122909434                              {pd product} {ergonomic}
    uintx ReservedCodeCacheSize                    = 251658240                              {pd product} {ergonomic}
     bool SegmentedCodeCache                       = true                                      {product} {ergonomic}
   size_t SoftMaxHeapSize                          = 2147483648                             {manageable} {ergonomic}
     bool UseCompressedOops                        = true                           {product lp64_product} {ergonomic}
     bool UseLargePagesIndividualAllocation        = false                                  {pd product} {ergonomic}
     bool UseParallelGC                            = true                                      {product} {command line}

Logging:
Log output configuration:
 #0: stdout all=off uptime,level,tags foldmultilines=false
 #1: stderr all=off uptime,level,tags foldmultilines=false

Release file:
JAVA_VERSION="21.0.10" 
MODULES="java.base java.compiler java.datatransfer java.xml java.prefs java.desktop java.instrument java.logging java.management java.security.sasl java.naming java.rmi java.management.rmi java.net.http java.scripting java.security.jgss java.transaction.xa java.sql java.sql.rowset java.xml.crypto java.se java.smartcardio jdk.accessibility jdk.internal.jvmstat jdk.attach jdk.charsets jdk.internal.opt jdk.zipfs jdk.compiler jdk.crypto.ec jdk.crypto.cryptoki jdk.crypto.mscapi jdk.dynalink jdk.internal.ed jdk.editpad jdk.hotspot.agent jdk.httpserver jdk.internal.le jdk.internal.vm.ci jdk.internal.vm.compiler jdk.internal.vm.compiler.management jdk.jartool jdk.javadoc jdk.jcmd jdk.management jdk.management.agent jdk.jconsole jdk.jdeps jdk.jdwp.agent jdk.jdi jdk.jfr jdk.jshell jdk.jsobject jdk.jstatd jdk.localedata jdk.management.jfr jdk.naming.dns jdk.naming.rmi jdk.net jdk.nio.mapmode jdk.random jdk.sctp jdk.security.auth jdk.security.jgss jdk.unsupported jdk.unsupported.desktop jdk.xml.dom" 

Environment Variables:
PATH=C:\Users\kalra\AppData\Local\Programs\Microsoft VS Code;C:\Python314\Scripts\;C:\Python314\;C:\Program Files\nodejs\;C:\ProgramData\chocolatey\bin;D:\Git\cmd;C:\Users\kalra\AppData\Local\Programs\Python\Python313\Scripts\;C:\Users\kalra\AppData\Local\Programs\Python\Python313\;C:\Program Files\MySQL\MySQL Shell 8.0\bin\;C:\Users\kalra\AppData\Local\Programs\Python\Python312\Scripts\;C:\Users\kalra\AppData\Local\Programs\Python\Python312\;C:\Users\kalra\AppData\Local\Microsoft\WindowsApps;C:\Users\kalra\AppData\Local\Programs\Microsoft VS Code\bin;C:\Program Files\Azure Data Studio\bin;%JAVA_HOME%\bin;C:\Program Files\Maven\apache-maven-3.9.11\bin;C:\Program Files\MySQL\MySQL Server 8.0\bin;C:\Users\kalra\AppData\Roaming\npm;C:\Users\kalra\Downloads\flutter_windows_3.41.4-stable\flutter\bin;C:\Windows\System32;C:\Program Files\Git\cmd;C:\Windows\System32\WindowsPowerShell\v1.0\;
USERNAME=kalra
OS=Windows_NT
PROCESSOR_IDENTIFIER=AMD64 Family 23 Model 104 Stepping 1, AuthenticAMD
TMP=C:\Users\kalra\AppData\Local\Temp
TEMP=C:\Users\kalra\AppData\Local\Temp




Periodic native trim disabled

---------------  S Y S T E M  ---------------

OS:
 Windows 11 , 64 bit Build 26100 (10.0.26100.7920)
OS uptime: 0 days 0:06 hours
Hyper-V role detected

CPU: total 12 (initial active 12) (12 cores per cpu, 2 threads per core) family 23 model 104 stepping 1 microcode 0x8608107, cx8, cmov, fxsr, ht, mmx, 3dnowpref, sse, sse2, sse3, ssse3, sse4a, sse4.1, sse4.2, popcnt, lzcnt, tsc, tscinvbit, avx, avx2, aes, clmul, bmi1, bmi2, adx, sha, fma, vzeroupper, clflush, clflushopt, hv, rdtscp, rdpid, f16c
Processor Information for the first 12 processors :
  Max Mhz: 2100, Current Mhz: 2100, Mhz Limit: 2100

Memory: 4k page, system-wide physical 7501M (830M free)
TotalPageFile size 15124M (AvailPageFile size 9M)
current process WorkingSet (physical memory assigned to process): 72M, peak: 72M
current process commit charge ("private bytes"): 240M, peak: 242M

vm_info: OpenJDK 64-Bit Server VM (21.0.10+7-LTS) for windows-amd64 JRE (21.0.10+7-LTS), built on 2026-01-20T00:00:00Z by "admin" with MS VC++ 17.12 (VS2022)

END.
