#
# There is insufficient memory for the Java Runtime Environment to continue.
# Native memory allocation (malloc) failed to allocate 1241696 bytes. Error detail: Chunk::new
# Possible reasons:
#   The system is out of physical RAM or swap space
#   This process is running with CompressedOops enabled, and the Java Heap may be blocking the growth of the native heap
# Possible solutions:
#   Reduce memory load on the system
#   Increase physical memory or swap space
#   Check if swap backing store is full
#   Decrease Java heap size (-Xmx/-Xms)
#   Decrease number of Java threads
#   Decrease Java thread stack sizes (-Xss)
#   Set larger code cache with -XX:ReservedCodeCacheSize=
#   JVM is running with Unscaled Compressed Oops mode in which the Java heap is
#     placed in the first 4GB address space. The Java Heap base address is the
#     maximum limit for the native heap growth. Please use -XX:HeapBaseMinAddress
#     to set the Java Heap base and to place the Java Heap above 4GB virtual address.
# This output file may be truncated or incomplete.
#
#  Out of Memory Error (arena.cpp:168), pid=14372, tid=22508
#
# JRE version: OpenJDK Runtime Environment Temurin-21.0.10+7 (21.0.10+7) (build 21.0.10+7-LTS)
# Java VM: OpenJDK 64-Bit Server VM Temurin-21.0.10+7 (21.0.10+7-LTS, mixed mode, sharing, tiered, compressed oops, compressed class ptrs, parallel gc, windows-amd64)
# No core dump will be written. Minidumps are not enabled by default on client versions of Windows
#

---------------  S U M M A R Y ------------

Command Line: --add-modules=ALL-SYSTEM --add-opens=java.base/java.util=ALL-UNNAMED --add-opens=java.base/java.lang=ALL-UNNAMED --add-opens=java.base/sun.nio.fs=ALL-UNNAMED -Declipse.application=org.eclipse.jdt.ls.core.id1 -Dosgi.bundles.defaultStartLevel=4 -Declipse.product=org.eclipse.jdt.ls.core.product -Djava.import.generatesMetadataFilesAtProjectRoot=false -DDetectVMInstallationsJob.disabled=true -Dfile.encoding=utf8 -XX:+UseParallelGC -XX:GCTimeRatio=4 -XX:AdaptiveSizePolicyWeight=90 -Dsun.zip.disableMemoryMapping=true -Xmx2G -Xms100m -Xlog:disable -javaagent:c:\Users\kalra\.vscode\extensions\redhat.java-1.53.0-win32-x64\lombok\lombok-1.18.39-4050.jar c:\Users\kalra\.vscode\extensions\redhat.java-1.53.0-win32-x64\server\plugins\org.eclipse.equinox.launcher_1.7.100.v20251111-0406.jar -configuration c:\Users\kalra\AppData\Roaming\Code\User\globalStorage\redhat.java\1.53.0\config_ss_win -data c:\Users\kalra\AppData\Roaming\Code\User\workspaceStorage\4fda5c3b26c15e0cb27154c0e992db6d\redhat.java\ss_ws --pipe=\\.\pipe\lsp-eadf0e1f6916f2a36f5c14d44f7403bc-sock

Host: AMD Ryzen 5 5500U with Radeon Graphics         , 12 cores, 7G,  Windows 11 , 64 bit Build 26100 (10.0.26100.7920)
Time: Sun Mar 29 13:21:28 2026 India Standard Time elapsed time: 13.855711 seconds (0d 0h 0m 13s)

---------------  T H R E A D  ---------------

Current thread (0x0000021e5818e460):  JavaThread "C2 CompilerThread0" daemon [_thread_in_native, id=22508, stack(0x000000665e000000,0x000000665e100000) (1024K)]


Current CompileTask:
C2:13855 5134   !   4       org.eclipse.osgi.internal.loader.BundleLoader::findClass0 (490 bytes)

Stack: [0x000000665e000000,0x000000665e100000]
Native frames: (J=compiled Java code, j=interpreted, Vv=VM code, C=native code)
V  [jvm.dll+0x6d7a39]
V  [jvm.dll+0x8b4b26]
V  [jvm.dll+0x8b70de]
V  [jvm.dll+0x8b77c3]
V  [jvm.dll+0x284346]
V  [jvm.dll+0xc66ed]
V  [jvm.dll+0xc6c31]
V  [jvm.dll+0x2fb29e]
V  [jvm.dll+0x5fe884]
V  [jvm.dll+0x255b17]
V  [jvm.dll+0x255edd]
V  [jvm.dll+0x24e500]
V  [jvm.dll+0x24ba42]
V  [jvm.dll+0x1cb34e]
V  [jvm.dll+0x25b85d]
V  [jvm.dll+0x259dea]
V  [jvm.dll+0x3f857e]
V  [jvm.dll+0x85f59d]
V  [jvm.dll+0x6d626d]
C  [ucrtbase.dll+0x37b0]
C  [KERNEL32.DLL+0x2e8d7]
C  [ntdll.dll+0x8c48c]


---------------  P R O C E S S  ---------------

Threads class SMR info:
_java_thread_list=0x0000021e77442df0, length=57, elements={
0x0000021e580ce0b0, 0x0000021e5807b600, 0x0000021e58172fe0, 0x0000021e58176a50,
0x0000021e581795c0, 0x0000021e5817e350, 0x0000021e581816e0, 0x0000021e5818e460,
0x0000021e6fdfbfc0, 0x0000021e58184b60, 0x0000021e58181d70, 0x0000021e581844d0,
0x0000021e581837b0, 0x0000021e58182400, 0x0000021e58182a90, 0x0000021e58183e40,
0x0000021e75fe5f10, 0x0000021e75fe37b0, 0x0000021e75fe4b60, 0x0000021e75fe65a0,
0x0000021e75fe3120, 0x0000021e75fe51f0, 0x0000021e75fe6c30, 0x0000021e75fe5880,
0x0000021e75fe72c0, 0x0000021e75fe3e40, 0x0000021e75fe7950, 0x0000021e75fe44d0,
0x0000021e75fea740, 0x0000021e75fe7fe0, 0x0000021e75fe8670, 0x0000021e75fe8d00,
0x0000021e75fe9390, 0x0000021e75fe9a20, 0x0000021e75fea0b0, 0x0000021e76ce1450,
0x0000021e76cdfa10, 0x0000021e76ce0dc0, 0x0000021e76cde660, 0x0000021e76ce1ae0,
0x0000021e76ce2170, 0x0000021e76cdf380, 0x0000021e76ce00a0, 0x0000021e76ce0730,
0x0000021e76cdecf0, 0x0000021e76ce3bb0, 0x0000021e76ce4f60, 0x0000021e76ce48d0,
0x0000021e76ce4240, 0x0000021e76ce55f0, 0x0000021e76ce5c80, 0x0000021e76ce2e90,
0x0000021e76ce3520, 0x0000021e77292850, 0x0000021e77292ee0, 0x0000021e77294290,
0x0000021e779327c0
}

Java Threads: ( => current thread )
  0x0000021e580ce0b0 JavaThread "main"                              [_thread_blocked, id=5052, stack(0x000000665d600000,0x000000665d700000) (1024K)]
  0x0000021e5807b600 JavaThread "Reference Handler"          daemon [_thread_blocked, id=3952, stack(0x000000665da00000,0x000000665db00000) (1024K)]
  0x0000021e58172fe0 JavaThread "Finalizer"                  daemon [_thread_blocked, id=10480, stack(0x000000665db00000,0x000000665dc00000) (1024K)]
  0x0000021e58176a50 JavaThread "Signal Dispatcher"          daemon [_thread_blocked, id=11092, stack(0x000000665dc00000,0x000000665dd00000) (1024K)]
  0x0000021e581795c0 JavaThread "Attach Listener"            daemon [_thread_blocked, id=10320, stack(0x000000665dd00000,0x000000665de00000) (1024K)]
  0x0000021e5817e350 JavaThread "Service Thread"             daemon [_thread_blocked, id=2448, stack(0x000000665de00000,0x000000665df00000) (1024K)]
  0x0000021e581816e0 JavaThread "Monitor Deflation Thread"   daemon [_thread_blocked, id=13136, stack(0x000000665df00000,0x000000665e000000) (1024K)]
=>0x0000021e5818e460 JavaThread "C2 CompilerThread0"         daemon [_thread_in_native, id=22508, stack(0x000000665e000000,0x000000665e100000) (1024K)]
  0x0000021e6fdfbfc0 JavaThread "C1 CompilerThread0"         daemon [_thread_in_vm, id=9308, stack(0x000000665e100000,0x000000665e200000) (1024K)]
  0x0000021e58184b60 JavaThread "Common-Cleaner"             daemon [_thread_blocked, id=13656, stack(0x000000665e300000,0x000000665e400000) (1024K)]
  0x0000021e58181d70 JavaThread "Notification Thread"        daemon [_thread_blocked, id=12928, stack(0x000000665e400000,0x000000665e500000) (1024K)]
  0x0000021e581844d0 JavaThread "Active Thread: Equinox Container: edca9ab2-e06d-4ec0-8698-6964da48f41b"        [_thread_blocked, id=2456, stack(0x000000665ec00000,0x000000665ed00000) (1024K)]
  0x0000021e581837b0 JavaThread "Framework Event Dispatcher: Equinox Container: edca9ab2-e06d-4ec0-8698-6964da48f41b" daemon [_thread_blocked, id=4828, stack(0x000000665e500000,0x000000665e600000) (1024K)]
  0x0000021e58182400 JavaThread "Start Level: Equinox Container: edca9ab2-e06d-4ec0-8698-6964da48f41b" daemon [_thread_blocked, id=9524, stack(0x000000665ed00000,0x000000665ee00000) (1024K)]
  0x0000021e58182a90 JavaThread "SCR Component Actor"        daemon [_thread_blocked, id=21088, stack(0x000000665e200000,0x000000665e300000) (1024K)]
  0x0000021e58183e40 JavaThread "Worker-JM"                         [_thread_blocked, id=13544, stack(0x000000665f000000,0x000000665f100000) (1024K)]
  0x0000021e75fe5f10 JavaThread "JNA Cleaner"                daemon [_thread_blocked, id=22144, stack(0x000000665f300000,0x000000665f400000) (1024K)]
  0x0000021e75fe37b0 JavaThread "Worker-0"                          [_thread_blocked, id=21092, stack(0x000000665f400000,0x000000665f500000) (1024K)]
  0x0000021e75fe4b60 JavaThread "Worker-1"                          [_thread_blocked, id=10304, stack(0x000000665f500000,0x000000665f600000) (1024K)]
  0x0000021e75fe65a0 JavaThread "Thread-1"                   daemon [_thread_in_native, id=18672, stack(0x000000665f800000,0x000000665f900000) (1024K)]
  0x0000021e75fe3120 JavaThread "Thread-2"                   daemon [_thread_in_native, id=22400, stack(0x000000665f900000,0x000000665fa00000) (1024K)]
  0x0000021e75fe51f0 JavaThread "Thread-3"                   daemon [_thread_in_native, id=23300, stack(0x000000665fa00000,0x000000665fb00000) (1024K)]
  0x0000021e75fe6c30 JavaThread "Thread-4"                   daemon [_thread_in_native, id=23452, stack(0x000000665fb00000,0x000000665fc00000) (1024K)]
  0x0000021e75fe5880 JavaThread "Thread-5"                   daemon [_thread_in_native, id=4100, stack(0x000000665fc00000,0x000000665fd00000) (1024K)]
  0x0000021e75fe72c0 JavaThread "Thread-6"                   daemon [_thread_in_native, id=13380, stack(0x000000665fd00000,0x000000665fe00000) (1024K)]
  0x0000021e75fe3e40 JavaThread "Thread-7"                   daemon [_thread_in_native, id=22588, stack(0x000000665fe00000,0x000000665ff00000) (1024K)]
  0x0000021e75fe7950 JavaThread "Thread-8"                   daemon [_thread_in_native, id=2904, stack(0x000000665ff00000,0x0000006660000000) (1024K)]
  0x0000021e75fe44d0 JavaThread "Thread-9"                   daemon [_thread_in_native, id=13696, stack(0x0000006660000000,0x0000006660100000) (1024K)]
  0x0000021e75fea740 JavaThread "Thread-10"                  daemon [_thread_in_native, id=5324, stack(0x0000006660100000,0x0000006660200000) (1024K)]
  0x0000021e75fe7fe0 JavaThread "Thread-11"                  daemon [_thread_in_native, id=14136, stack(0x0000006660200000,0x0000006660300000) (1024K)]
  0x0000021e75fe8670 JavaThread "Thread-12"                  daemon [_thread_in_native, id=3084, stack(0x0000006660300000,0x0000006660400000) (1024K)]
  0x0000021e75fe8d00 JavaThread "Thread-13"                  daemon [_thread_in_native, id=20012, stack(0x0000006660400000,0x0000006660500000) (1024K)]
  0x0000021e75fe9390 JavaThread "pool-2-thread-1"                   [_thread_blocked, id=1864, stack(0x0000006660500000,0x0000006660600000) (1024K)]
  0x0000021e75fe9a20 JavaThread "Worker-2"                          [_thread_blocked, id=23324, stack(0x0000006660600000,0x0000006660700000) (1024K)]
  0x0000021e75fea0b0 JavaThread "Worker-3"                          [_thread_blocked, id=7644, stack(0x0000006660700000,0x0000006660800000) (1024K)]
  0x0000021e76ce1450 JavaThread "WorkspaceEventsHandler"            [_thread_blocked, id=22992, stack(0x0000006660800000,0x0000006660900000) (1024K)]
  0x0000021e76cdfa10 JavaThread "pool-1-thread-1"                   [_thread_in_Java, id=6588, stack(0x0000006660900000,0x0000006660a00000) (1024K)]
  0x0000021e76ce0dc0 JavaThread "LocalFile Deleter"          daemon [_thread_blocked, id=16004, stack(0x000000665f200000,0x000000665f300000) (1024K)]
  0x0000021e76cde660 JavaThread "LocalFile Deleter"          daemon [_thread_blocked, id=15856, stack(0x0000006660a00000,0x0000006660b00000) (1024K)]
  0x0000021e76ce1ae0 JavaThread "LocalFile Deleter"          daemon [_thread_blocked, id=15968, stack(0x0000006660b00000,0x0000006660c00000) (1024K)]
  0x0000021e76ce2170 JavaThread "LocalFile Deleter"          daemon [_thread_blocked, id=22372, stack(0x0000006660c00000,0x0000006660d00000) (1024K)]
  0x0000021e76cdf380 JavaThread "LocalFile Deleter"          daemon [_thread_blocked, id=11344, stack(0x0000006660d00000,0x0000006660e00000) (1024K)]
  0x0000021e76ce00a0 JavaThread "LocalFile Deleter"          daemon [_thread_blocked, id=20088, stack(0x0000006660e00000,0x0000006660f00000) (1024K)]
  0x0000021e76ce0730 JavaThread "LocalFile Deleter"          daemon [_thread_blocked, id=2240, stack(0x0000006660f00000,0x0000006661000000) (1024K)]
  0x0000021e76cdecf0 JavaThread "LocalFile Deleter"          daemon [_thread_blocked, id=15296, stack(0x0000006661000000,0x0000006661100000) (1024K)]
  0x0000021e76ce3bb0 JavaThread "ForkJoinPool.commonPool-worker-1" daemon [_thread_in_Java, id=22952, stack(0x0000006661200000,0x0000006661300000) (1024K)]
  0x0000021e76ce4f60 JavaThread "ForkJoinPool.commonPool-worker-2" daemon [_thread_in_Java, id=21184, stack(0x0000006661300000,0x0000006661400000) (1024K)]
  0x0000021e76ce48d0 JavaThread "ForkJoinPool.commonPool-worker-3" daemon [_thread_in_Java, id=9672, stack(0x0000006661400000,0x0000006661500000) (1024K)]
  0x0000021e76ce4240 JavaThread "ForkJoinPool.commonPool-worker-4" daemon [_thread_in_Java, id=14096, stack(0x0000006661500000,0x0000006661600000) (1024K)]
  0x0000021e76ce55f0 JavaThread "ForkJoinPool.commonPool-worker-5" daemon [_thread_in_Java, id=9252, stack(0x0000006661600000,0x0000006661700000) (1024K)]
  0x0000021e76ce5c80 JavaThread "ForkJoinPool.commonPool-worker-6" daemon [_thread_in_Java, id=21588, stack(0x0000006661700000,0x0000006661800000) (1024K)]
  0x0000021e76ce2e90 JavaThread "ForkJoinPool.commonPool-worker-7" daemon [_thread_in_Java, id=11400, stack(0x0000006661800000,0x0000006661900000) (1024K)]
  0x0000021e76ce3520 JavaThread "ForkJoinPool.commonPool-worker-8" daemon [_thread_in_Java, id=2816, stack(0x0000006661900000,0x0000006661a00000) (1024K)]
  0x0000021e77292850 JavaThread "ForkJoinPool.commonPool-worker-9" daemon [_thread_in_Java, id=15224, stack(0x0000006661a00000,0x0000006661b00000) (1024K)]
  0x0000021e77292ee0 JavaThread "ForkJoinPool.commonPool-worker-10" daemon [_thread_in_Java, id=22752, stack(0x0000006661b00000,0x0000006661c00000) (1024K)]
  0x0000021e77294290 JavaThread "ForkJoinPool.commonPool-worker-11" daemon [_thread_in_Java, id=12028, stack(0x0000006661c00000,0x0000006661d00000) (1024K)]
  0x0000021e779327c0 JavaThread "C2 CompilerThread1"         daemon [_thread_in_native, id=15548, stack(0x0000006661100000,0x0000006661200000) (1024K)]
Total: 57

Other Threads:
  0x0000021e581717d0 VMThread "VM Thread"                           [id=7696, stack(0x000000665d900000,0x000000665da00000) (1024K)]
  0x0000021e57f5ca00 WatcherThread "VM Periodic Task Thread"        [id=21432, stack(0x000000665d800000,0x000000665d900000) (1024K)]
  0x0000021e580ec810 WorkerThread "GC Thread#0"                     [id=13360, stack(0x000000665d700000,0x000000665d800000) (1024K)]
  0x0000021e753df700 WorkerThread "GC Thread#1"                     [id=4664, stack(0x000000665e600000,0x000000665e700000) (1024K)]
  0x0000021e753dfab0 WorkerThread "GC Thread#2"                     [id=2780, stack(0x000000665e700000,0x000000665e800000) (1024K)]
  0x0000021e753dfe60 WorkerThread "GC Thread#3"                     [id=13276, stack(0x000000665e800000,0x000000665e900000) (1024K)]
  0x0000021e752f6b30 WorkerThread "GC Thread#4"                     [id=3200, stack(0x000000665e900000,0x000000665ea00000) (1024K)]
  0x0000021e752f6ee0 WorkerThread "GC Thread#5"                     [id=2568, stack(0x000000665ea00000,0x000000665eb00000) (1024K)]
  0x0000021e752f7290 WorkerThread "GC Thread#6"                     [id=22288, stack(0x000000665eb00000,0x000000665ec00000) (1024K)]
  0x0000021e75d54710 WorkerThread "GC Thread#7"                     [id=3556, stack(0x000000665ee00000,0x000000665ef00000) (1024K)]
  0x0000021e75425be0 WorkerThread "GC Thread#8"                     [id=12532, stack(0x000000665ef00000,0x000000665f000000) (1024K)]
  0x0000021e75725190 WorkerThread "GC Thread#9"                     [id=11164, stack(0x000000665f100000,0x000000665f200000) (1024K)]
Total: 12

Threads with active compile tasks:
C2 CompilerThread0  13897 5134   !   4       org.eclipse.osgi.internal.loader.BundleLoader::findClass0 (490 bytes)
C1 CompilerThread0  13897 5159       3       org.eclipse.jdt.internal.compiler.parser.Parser::consumeRule (7843 bytes)
C2 CompilerThread1  13897 5137   !   4       org.eclipse.osgi.internal.loader.classpath.ClasspathManager::findLocalClass (210 bytes)
Total: 3

VM state: not at safepoint (normal execution)

VM Mutex/Monitor currently owned by a thread: None

Heap address: 0x0000000080000000, size: 2048 MB, Compressed Oops mode: 32-bit

CDS archive(s) mapped at: [0x0000021e00000000-0x0000021e00ba0000-0x0000021e00ba0000), size 12189696, SharedBaseAddress: 0x0000021e00000000, ArchiveRelocationMode: 1.
Compressed class space mapped at: 0x0000021e01000000-0x0000021e41000000, reserved size: 1073741824
Narrow klass base: 0x0000021e00000000, Narrow klass shift: 0, Narrow klass range: 0x100000000

GC Precious Log:
 CardTable entry size: 512
 CPUs: 12 total, 12 available
 Memory: 7501M
 Large Page Support: Disabled
 NUMA Support: Disabled
 Compressed Oops: Enabled (32-bit)
 Alignments: Space 512K, Generation 512K, Heap 2M
 Heap Min Capacity: 100M
 Heap Initial Capacity: 100M
 Heap Max Capacity: 2G
 Pre-touch: Disabled
 Parallel Workers: 10

Heap:
 PSYoungGen      total 22528K, used 7889K [0x00000000d5580000, 0x00000000d6d80000, 0x0000000100000000)
  eden space 21504K, 32% used [0x00000000d5580000,0x00000000d5c64670,0x00000000d6a80000)
  from space 1024K, 81% used [0x00000000d6c80000,0x00000000d6d50000,0x00000000d6d80000)
  to   space 1536K, 0% used [0x00000000d6a80000,0x00000000d6a80000,0x00000000d6c00000)
 ParOldGen       total 68608K, used 29695K [0x0000000080000000, 0x0000000084300000, 0x00000000d5580000)
  object space 68608K, 43% used [0x0000000080000000,0x0000000081cffe80,0x0000000084300000)
 Metaspace       used 38514K, committed 39488K, reserved 1114112K
  class space    used 3899K, committed 4352K, reserved 1048576K

Card table byte_map: [0x0000021e57a70000,0x0000021e57e80000] _byte_map_base: 0x0000021e57670000

Marking Bits: (ParMarkBitMap*) 0x00007ffa33d63450
 Begin Bits: [0x0000021e6a580000, 0x0000021e6c580000)
 End Bits:   [0x0000021e6c580000, 0x0000021e6e580000)

Polling page: 0x0000021e56140000

Metaspace:

Usage:
  Non-class:     33.80 MB used.
      Class:      3.81 MB used.
       Both:     37.61 MB used.

Virtual space:
  Non-class space:       64.00 MB reserved,      34.31 MB ( 54%) committed,  1 nodes.
      Class space:        1.00 GB reserved,       4.25 MB ( <1%) committed,  1 nodes.
             Both:        1.06 GB reserved,      38.56 MB (  4%) committed. 

Chunk freelists:
   Non-Class:  13.00 MB
       Class:  11.72 MB
        Both:  24.72 MB

MaxMetaspaceSize: unlimited
CompressedClassSpaceSize: 1.00 GB
Initial GC threshold: 21.00 MB
Current GC threshold: 58.38 MB
CDS: on
 - commit_granule_bytes: 65536.
 - commit_granule_words: 8192.
 - virtual_space_node_default_size: 8388608.
 - enlarge_chunks_in_place: 1.
 - use_allocation_guard: 0.


Internal statistics:

num_allocs_failed_limit: 6.
num_arena_births: 712.
num_arena_deaths: 14.
num_vsnodes_births: 2.
num_vsnodes_deaths: 0.
num_space_committed: 617.
num_space_uncommitted: 0.
num_chunks_returned_to_freelist: 20.
num_chunks_taken_from_freelist: 2281.
num_chunk_merges: 12.
num_chunk_splits: 1466.
num_chunks_enlarged: 931.
num_inconsistent_stats: 0.

CodeHeap 'non-profiled nmethods': size=120000Kb used=2601Kb max_used=2601Kb free=117398Kb
 bounds [0x0000021e62da0000, 0x0000021e63040000, 0x0000021e6a2d0000]
CodeHeap 'profiled nmethods': size=120000Kb used=9950Kb max_used=9950Kb free=110049Kb
 bounds [0x0000021e5b2d0000, 0x0000021e5bc90000, 0x0000021e62800000]
CodeHeap 'non-nmethods': size=5760Kb used=1383Kb max_used=1406Kb free=4376Kb
 bounds [0x0000021e62800000, 0x0000021e62a70000, 0x0000021e62da0000]
CodeCache: size=245760Kb, used=13934Kb, max_used=13957Kb, free=231823Kb
 total_blobs=5446, nmethods=4759, adapters=593, full_count=0
Compilation: enabled, stopped_count=0, restarted_count=0

Compilation events (20 events):
Event: 13.452 Thread 0x0000021e6fdfbfc0 5140       3       java.util.Arrays::spliterator (10 bytes)
Event: 13.452 Thread 0x0000021e6fdfbfc0 nmethod 5140 0x0000021e5bc7e710 code [0x0000021e5bc7e8c0, 0x0000021e5bc7e9e0]
Event: 13.471 Thread 0x0000021e6fdfbfc0 5142   !   3       java.util.concurrent.locks.AbstractQueuedSynchronizer::acquire (424 bytes)
Event: 13.475 Thread 0x0000021e6fdfbfc0 nmethod 5142 0x0000021e5bc7ea90 code [0x0000021e5bc7ee20, 0x0000021e5bc80608]
Event: 13.477 Thread 0x0000021e6fdfbfc0 5144   !   3       org.eclipse.osgi.container.ModuleDatabase::getWiring (31 bytes)
Event: 13.478 Thread 0x0000021e6fdfbfc0 nmethod 5144 0x0000021e5bc80e10 code [0x0000021e5bc81080, 0x0000021e5bc819f0]
Event: 13.490 Thread 0x0000021e6fdfbfc0 5145       3       java.util.concurrent.ConcurrentHashMap::addCount (280 bytes)
Event: 13.492 Thread 0x0000021e6fdfbfc0 nmethod 5145 0x0000021e5bc81e90 code [0x0000021e5bc820e0, 0x0000021e5bc829d0]
Event: 13.551 Thread 0x0000021e6fdfbfc0 5146       3       java.lang.StringLatin1::toBytes (9 bytes)
Event: 13.551 Thread 0x0000021e6fdfbfc0 nmethod 5146 0x0000021e5bc82d10 code [0x0000021e5bc82ea0, 0x0000021e5bc83028]
Event: 13.561 Thread 0x0000021e6fdfbfc0 5147       3       lombok.launch.ShadowClassLoader::partOfShadow (46 bytes)
Event: 13.562 Thread 0x0000021e6fdfbfc0 nmethod 5147 0x0000021e5bc83110 code [0x0000021e5bc83300, 0x0000021e5bc836e8]
Event: 13.669 Thread 0x0000021e6fdfbfc0 5148       3       org.eclipse.osgi.internal.loader.classpath.ClasspathManager::findLocalResourceImpl (81 bytes)
Event: 13.670 Thread 0x0000021e6fdfbfc0 nmethod 5148 0x0000021e5bc83890 code [0x0000021e5bc83a60, 0x0000021e5bc83e40]
Event: 13.682 Thread 0x0000021e6fdfbfc0 5149       3       jdk.internal.loader.AbstractClassLoaderValue::<init> (5 bytes)
Event: 13.682 Thread 0x0000021e6fdfbfc0 nmethod 5149 0x0000021e5bc84090 code [0x0000021e5bc84240, 0x0000021e5bc843a8]
Event: 13.686 Thread 0x0000021e6fdfbfc0 5150       3       java.lang.Class::getDeclaredConstructor (31 bytes)
Event: 13.687 Thread 0x0000021e6fdfbfc0 nmethod 5150 0x0000021e5bc84490 code [0x0000021e5bc84700, 0x0000021e5bc84f68]
Event: 13.722 Thread 0x0000021e6fdfbfc0 5151       3       java.nio.CharBuffer::<init> (24 bytes)
Event: 13.722 Thread 0x0000021e6fdfbfc0 nmethod 5151 0x0000021e5bc85310 code [0x0000021e5bc854c0, 0x0000021e5bc85640]

GC Heap History (20 events):
Event: 9.071 GC heap before
{Heap before GC invocations=13 (full 1):
 PSYoungGen      total 24576K, used 24160K [0x00000000d5580000, 0x00000000d7180000, 0x0000000100000000)
  eden space 22016K, 100% used [0x00000000d5580000,0x00000000d6b00000,0x00000000d6b00000)
  from space 2560K, 83% used [0x00000000d6d00000,0x00000000d6f18010,0x00000000d6f80000)
  to   space 2048K, 0% used [0x00000000d6f80000,0x00000000d6f80000,0x00000000d7180000)
 ParOldGen       total 68608K, used 15781K [0x0000000080000000, 0x0000000084300000, 0x00000000d5580000)
  object space 68608K, 23% used [0x0000000080000000,0x0000000080f694f0,0x0000000084300000)
 Metaspace       used 32070K, committed 33024K, reserved 1114112K
  class space    used 3226K, committed 3648K, reserved 1048576K
}
Event: 9.079 GC heap after
{Heap after GC invocations=13 (full 1):
 PSYoungGen      total 23552K, used 2018K [0x00000000d5580000, 0x00000000d7500000, 0x0000000100000000)
  eden space 21504K, 0% used [0x00000000d5580000,0x00000000d5580000,0x00000000d6a80000)
  from space 2048K, 98% used [0x00000000d6f80000,0x00000000d7178820,0x00000000d7180000)
  to   space 5120K, 0% used [0x00000000d6a80000,0x00000000d6a80000,0x00000000d6f80000)
 ParOldGen       total 68608K, used 18077K [0x0000000080000000, 0x0000000084300000, 0x00000000d5580000)
  object space 68608K, 26% used [0x0000000080000000,0x00000000811a74f0,0x0000000084300000)
 Metaspace       used 32070K, committed 33024K, reserved 1114112K
  class space    used 3226K, committed 3648K, reserved 1048576K
}
Event: 9.195 GC heap before
{Heap before GC invocations=14 (full 1):
 PSYoungGen      total 23552K, used 23522K [0x00000000d5580000, 0x00000000d7500000, 0x0000000100000000)
  eden space 21504K, 100% used [0x00000000d5580000,0x00000000d6a80000,0x00000000d6a80000)
  from space 2048K, 98% used [0x00000000d6f80000,0x00000000d7178820,0x00000000d7180000)
  to   space 5120K, 0% used [0x00000000d6a80000,0x00000000d6a80000,0x00000000d6f80000)
 ParOldGen       total 68608K, used 18077K [0x0000000080000000, 0x0000000084300000, 0x00000000d5580000)
  object space 68608K, 26% used [0x0000000080000000,0x00000000811a74f0,0x0000000084300000)
 Metaspace       used 32089K, committed 33024K, reserved 1114112K
  class space    used 3226K, committed 3648K, reserved 1048576K
}
Event: 9.201 GC heap after
{Heap after GC invocations=14 (full 1):
 PSYoungGen      total 24064K, used 2112K [0x00000000d5580000, 0x00000000d7080000, 0x0000000100000000)
  eden space 21504K, 0% used [0x00000000d5580000,0x00000000d5580000,0x00000000d6a80000)
  from space 2560K, 82% used [0x00000000d6a80000,0x00000000d6c90000,0x00000000d6d00000)
  to   space 3072K, 0% used [0x00000000d6d80000,0x00000000d6d80000,0x00000000d7080000)
 ParOldGen       total 68608K, used 20067K [0x0000000080000000, 0x0000000084300000, 0x00000000d5580000)
  object space 68608K, 29% used [0x0000000080000000,0x0000000081398d10,0x0000000084300000)
 Metaspace       used 32089K, committed 33024K, reserved 1114112K
  class space    used 3226K, committed 3648K, reserved 1048576K
}
Event: 9.303 GC heap before
{Heap before GC invocations=15 (full 1):
 PSYoungGen      total 24064K, used 23616K [0x00000000d5580000, 0x00000000d7080000, 0x0000000100000000)
  eden space 21504K, 100% used [0x00000000d5580000,0x00000000d6a80000,0x00000000d6a80000)
  from space 2560K, 82% used [0x00000000d6a80000,0x00000000d6c90000,0x00000000d6d00000)
  to   space 3072K, 0% used [0x00000000d6d80000,0x00000000d6d80000,0x00000000d7080000)
 ParOldGen       total 68608K, used 20067K [0x0000000080000000, 0x0000000084300000, 0x00000000d5580000)
  object space 68608K, 29% used [0x0000000080000000,0x0000000081398d10,0x0000000084300000)
 Metaspace       used 32097K, committed 33024K, reserved 1114112K
  class space    used 3226K, committed 3648K, reserved 1048576K
}
Event: 9.310 GC heap after
{Heap after GC invocations=15 (full 1):
 PSYoungGen      total 24064K, used 2052K [0x00000000d5580000, 0x00000000d7000000, 0x0000000100000000)
  eden space 21504K, 0% used [0x00000000d5580000,0x00000000d5580000,0x00000000d6a80000)
  from space 2560K, 80% used [0x00000000d6d80000,0x00000000d6f81000,0x00000000d7000000)
  to   space 2560K, 0% used [0x00000000d6a80000,0x00000000d6a80000,0x00000000d6d00000)
 ParOldGen       total 68608K, used 22033K [0x0000000080000000, 0x0000000084300000, 0x00000000d5580000)
  object space 68608K, 32% used [0x0000000080000000,0x00000000815846d8,0x0000000084300000)
 Metaspace       used 32097K, committed 33024K, reserved 1114112K
  class space    used 3226K, committed 3648K, reserved 1048576K
}
Event: 9.463 GC heap before
{Heap before GC invocations=16 (full 1):
 PSYoungGen      total 24064K, used 23556K [0x00000000d5580000, 0x00000000d7000000, 0x0000000100000000)
  eden space 21504K, 100% used [0x00000000d5580000,0x00000000d6a80000,0x00000000d6a80000)
  from space 2560K, 80% used [0x00000000d6d80000,0x00000000d6f81000,0x00000000d7000000)
  to   space 2560K, 0% used [0x00000000d6a80000,0x00000000d6a80000,0x00000000d6d00000)
 ParOldGen       total 68608K, used 22033K [0x0000000080000000, 0x0000000084300000, 0x00000000d5580000)
  object space 68608K, 32% used [0x0000000080000000,0x00000000815846d8,0x0000000084300000)
 Metaspace       used 32131K, committed 33088K, reserved 1114112K
  class space    used 3229K, committed 3712K, reserved 1048576K
}
Event: 9.468 GC heap after
{Heap after GC invocations=16 (full 1):
 PSYoungGen      total 24064K, used 2240K [0x00000000d5580000, 0x00000000d6f80000, 0x0000000100000000)
  eden space 21504K, 0% used [0x00000000d5580000,0x00000000d5580000,0x00000000d6a80000)
  from space 2560K, 87% used [0x00000000d6a80000,0x00000000d6cb0010,0x00000000d6d00000)
  to   space 2560K, 0% used [0x00000000d6d00000,0x00000000d6d00000,0x00000000d6f80000)
 ParOldGen       total 68608K, used 23927K [0x0000000080000000, 0x0000000084300000, 0x00000000d5580000)
  object space 68608K, 34% used [0x0000000080000000,0x000000008175def0,0x0000000084300000)
 Metaspace       used 32131K, committed 33088K, reserved 1114112K
  class space    used 3229K, committed 3712K, reserved 1048576K
}
Event: 9.621 GC heap before
{Heap before GC invocations=17 (full 1):
 PSYoungGen      total 24064K, used 23744K [0x00000000d5580000, 0x00000000d6f80000, 0x0000000100000000)
  eden space 21504K, 100% used [0x00000000d5580000,0x00000000d6a80000,0x00000000d6a80000)
  from space 2560K, 87% used [0x00000000d6a80000,0x00000000d6cb0010,0x00000000d6d00000)
  to   space 2560K, 0% used [0x00000000d6d00000,0x00000000d6d00000,0x00000000d6f80000)
 ParOldGen       total 68608K, used 23927K [0x0000000080000000, 0x0000000084300000, 0x00000000d5580000)
  object space 68608K, 34% used [0x0000000080000000,0x000000008175def0,0x0000000084300000)
 Metaspace       used 32232K, committed 33216K, reserved 1114112K
  class space    used 3233K, committed 3712K, reserved 1048576K
}
Event: 9.630 GC heap after
{Heap after GC invocations=17 (full 1):
 PSYoungGen      total 23552K, used 1912K [0x00000000d5580000, 0x00000000d6f00000, 0x0000000100000000)
  eden space 21504K, 0% used [0x00000000d5580000,0x00000000d5580000,0x00000000d6a80000)
  from space 2048K, 93% used [0x00000000d6d00000,0x00000000d6ede200,0x00000000d6f00000)
  to   space 2048K, 0% used [0x00000000d6b00000,0x00000000d6b00000,0x00000000d6d00000)
 ParOldGen       total 68608K, used 26007K [0x0000000080000000, 0x0000000084300000, 0x00000000d5580000)
  object space 68608K, 37% used [0x0000000080000000,0x0000000081965f10,0x0000000084300000)
 Metaspace       used 32232K, committed 33216K, reserved 1114112K
  class space    used 3233K, committed 3712K, reserved 1048576K
}
Event: 10.241 GC heap before
{Heap before GC invocations=18 (full 1):
 PSYoungGen      total 23552K, used 23416K [0x00000000d5580000, 0x00000000d6f00000, 0x0000000100000000)
  eden space 21504K, 100% used [0x00000000d5580000,0x00000000d6a80000,0x00000000d6a80000)
  from space 2048K, 93% used [0x00000000d6d00000,0x00000000d6ede200,0x00000000d6f00000)
  to   space 2048K, 0% used [0x00000000d6b00000,0x00000000d6b00000,0x00000000d6d00000)
 ParOldGen       total 68608K, used 26007K [0x0000000080000000, 0x0000000084300000, 0x00000000d5580000)
  object space 68608K, 37% used [0x0000000080000000,0x0000000081965f10,0x0000000084300000)
 Metaspace       used 34363K, committed 35328K, reserved 1114112K
  class space    used 3440K, committed 3904K, reserved 1048576K
}
Event: 10.246 GC heap after
{Heap after GC invocations=18 (full 1):
 PSYoungGen      total 23552K, used 1611K [0x00000000d5580000, 0x00000000d6e80000, 0x0000000100000000)
  eden space 21504K, 0% used [0x00000000d5580000,0x00000000d5580000,0x00000000d6a80000)
  from space 2048K, 78% used [0x00000000d6b00000,0x00000000d6c92e78,0x00000000d6d00000)
  to   space 1536K, 0% used [0x00000000d6d00000,0x00000000d6d00000,0x00000000d6e80000)
 ParOldGen       total 68608K, used 27808K [0x0000000080000000, 0x0000000084300000, 0x00000000d5580000)
  object space 68608K, 40% used [0x0000000080000000,0x0000000081b28110,0x0000000084300000)
 Metaspace       used 34363K, committed 35328K, reserved 1114112K
  class space    used 3440K, committed 3904K, reserved 1048576K
}
Event: 10.657 GC heap before
{Heap before GC invocations=19 (full 1):
 PSYoungGen      total 23552K, used 7350K [0x00000000d5580000, 0x00000000d6e80000, 0x0000000100000000)
  eden space 21504K, 26% used [0x00000000d5580000,0x00000000d5b1abd8,0x00000000d6a80000)
  from space 2048K, 78% used [0x00000000d6b00000,0x00000000d6c92e78,0x00000000d6d00000)
  to   space 1536K, 0% used [0x00000000d6d00000,0x00000000d6d00000,0x00000000d6e80000)
 ParOldGen       total 68608K, used 27808K [0x0000000080000000, 0x0000000084300000, 0x00000000d5580000)
  object space 68608K, 40% used [0x0000000080000000,0x0000000081b28110,0x0000000084300000)
 Metaspace       used 34963K, committed 35840K, reserved 1114112K
  class space    used 3513K, committed 3904K, reserved 1048576K
}
Event: 10.660 GC heap after
{Heap after GC invocations=19 (full 1):
 PSYoungGen      total 22016K, used 416K [0x00000000d5580000, 0x00000000d6d80000, 0x0000000100000000)
  eden space 21504K, 0% used [0x00000000d5580000,0x00000000d5580000,0x00000000d6a80000)
  from space 512K, 81% used [0x00000000d6d00000,0x00000000d6d68000,0x00000000d6d80000)
  to   space 1024K, 0% used [0x00000000d6b80000,0x00000000d6b80000,0x00000000d6c80000)
 ParOldGen       total 68608K, used 29227K [0x0000000080000000, 0x0000000084300000, 0x00000000d5580000)
  object space 68608K, 42% used [0x0000000080000000,0x0000000081c8ae28,0x0000000084300000)
 Metaspace       used 34963K, committed 35840K, reserved 1114112K
  class space    used 3513K, committed 3904K, reserved 1048576K
}
Event: 10.661 GC heap before
{Heap before GC invocations=20 (full 2):
 PSYoungGen      total 22016K, used 416K [0x00000000d5580000, 0x00000000d6d80000, 0x0000000100000000)
  eden space 21504K, 0% used [0x00000000d5580000,0x00000000d5580000,0x00000000d6a80000)
  from space 512K, 81% used [0x00000000d6d00000,0x00000000d6d68000,0x00000000d6d80000)
  to   space 1024K, 0% used [0x00000000d6b80000,0x00000000d6b80000,0x00000000d6c80000)
 ParOldGen       total 68608K, used 29227K [0x0000000080000000, 0x0000000084300000, 0x00000000d5580000)
  object space 68608K, 42% used [0x0000000080000000,0x0000000081c8ae28,0x0000000084300000)
 Metaspace       used 34963K, committed 35840K, reserved 1114112K
  class space    used 3513K, committed 3904K, reserved 1048576K
}
Event: 10.721 GC heap after
{Heap after GC invocations=20 (full 2):
 PSYoungGen      total 22016K, used 0K [0x00000000d5580000, 0x00000000d6d80000, 0x0000000100000000)
  eden space 21504K, 0% used [0x00000000d5580000,0x00000000d5580000,0x00000000d6a80000)
  from space 512K, 0% used [0x00000000d6d00000,0x00000000d6d00000,0x00000000d6d80000)
  to   space 1024K, 0% used [0x00000000d6b80000,0x00000000d6b80000,0x00000000d6c80000)
 ParOldGen       total 68608K, used 27962K [0x0000000080000000, 0x0000000084300000, 0x00000000d5580000)
  object space 68608K, 40% used [0x0000000080000000,0x0000000081b4e9e8,0x0000000084300000)
 Metaspace       used 34963K, committed 35840K, reserved 1114112K
  class space    used 3513K, committed 3904K, reserved 1048576K
}
Event: 11.689 GC heap before
{Heap before GC invocations=21 (full 2):
 PSYoungGen      total 22016K, used 21504K [0x00000000d5580000, 0x00000000d6d80000, 0x0000000100000000)
  eden space 21504K, 100% used [0x00000000d5580000,0x00000000d6a80000,0x00000000d6a80000)
  from space 512K, 0% used [0x00000000d6d00000,0x00000000d6d00000,0x00000000d6d80000)
  to   space 1024K, 0% used [0x00000000d6b80000,0x00000000d6b80000,0x00000000d6c80000)
 ParOldGen       total 68608K, used 27962K [0x0000000080000000, 0x0000000084300000, 0x00000000d5580000)
  object space 68608K, 40% used [0x0000000080000000,0x0000000081b4e9e8,0x0000000084300000)
 Metaspace       used 36343K, committed 37312K, reserved 1114112K
  class space    used 3680K, committed 4096K, reserved 1048576K
}
Event: 11.692 GC heap after
{Heap after GC invocations=21 (full 2):
 PSYoungGen      total 22528K, used 992K [0x00000000d5580000, 0x00000000d6e80000, 0x0000000100000000)
  eden space 21504K, 0% used [0x00000000d5580000,0x00000000d5580000,0x00000000d6a80000)
  from space 1024K, 96% used [0x00000000d6b80000,0x00000000d6c78090,0x00000000d6c80000)
  to   space 2048K, 0% used [0x00000000d6c80000,0x00000000d6c80000,0x00000000d6e80000)
 ParOldGen       total 68608K, used 28666K [0x0000000080000000, 0x0000000084300000, 0x00000000d5580000)
  object space 68608K, 41% used [0x0000000080000000,0x0000000081bfead8,0x0000000084300000)
 Metaspace       used 36343K, committed 37312K, reserved 1114112K
  class space    used 3680K, committed 4096K, reserved 1048576K
}
Event: 13.383 GC heap before
{Heap before GC invocations=22 (full 2):
 PSYoungGen      total 22528K, used 22496K [0x00000000d5580000, 0x00000000d6e80000, 0x0000000100000000)
  eden space 21504K, 100% used [0x00000000d5580000,0x00000000d6a80000,0x00000000d6a80000)
  from space 1024K, 96% used [0x00000000d6b80000,0x00000000d6c78090,0x00000000d6c80000)
  to   space 2048K, 0% used [0x00000000d6c80000,0x00000000d6c80000,0x00000000d6e80000)
 ParOldGen       total 68608K, used 28666K [0x0000000080000000, 0x0000000084300000, 0x00000000d5580000)
  object space 68608K, 41% used [0x0000000080000000,0x0000000081bfead8,0x0000000084300000)
 Metaspace       used 37867K, committed 38848K, reserved 1114112K
  class space    used 3828K, committed 4288K, reserved 1048576K
}
Event: 13.386 GC heap after
{Heap after GC invocations=22 (full 2):
 PSYoungGen      total 22528K, used 832K [0x00000000d5580000, 0x00000000d6d80000, 0x0000000100000000)
  eden space 21504K, 0% used [0x00000000d5580000,0x00000000d5580000,0x00000000d6a80000)
  from space 1024K, 81% used [0x00000000d6c80000,0x00000000d6d50000,0x00000000d6d80000)
  to   space 1536K, 0% used [0x00000000d6a80000,0x00000000d6a80000,0x00000000d6c00000)
 ParOldGen       total 68608K, used 29695K [0x0000000080000000, 0x0000000084300000, 0x00000000d5580000)
  object space 68608K, 43% used [0x0000000080000000,0x0000000081cffe80,0x0000000084300000)
 Metaspace       used 37867K, committed 38848K, reserved 1114112K
  class space    used 3828K, committed 4288K, reserved 1048576K
}

Dll operation events (10 events):
Event: 0.026 Loaded shared library c:\Users\kalra\.vscode\extensions\redhat.java-1.53.0-win32-x64\jre\21.0.10-win32-x86_64\bin\java.dll
Event: 0.225 Loaded shared library c:\Users\kalra\.vscode\extensions\redhat.java-1.53.0-win32-x64\jre\21.0.10-win32-x86_64\bin\zip.dll
Event: 0.278 Loaded shared library C:\Users\kalra\.vscode\extensions\redhat.java-1.53.0-win32-x64\jre\21.0.10-win32-x86_64\bin\instrument.dll
Event: 0.294 Loaded shared library C:\Users\kalra\.vscode\extensions\redhat.java-1.53.0-win32-x64\jre\21.0.10-win32-x86_64\bin\net.dll
Event: 0.300 Loaded shared library C:\Users\kalra\.vscode\extensions\redhat.java-1.53.0-win32-x64\jre\21.0.10-win32-x86_64\bin\nio.dll
Event: 0.307 Loaded shared library C:\Users\kalra\.vscode\extensions\redhat.java-1.53.0-win32-x64\jre\21.0.10-win32-x86_64\bin\zip.dll
Event: 0.354 Loaded shared library C:\Users\kalra\.vscode\extensions\redhat.java-1.53.0-win32-x64\jre\21.0.10-win32-x86_64\bin\jimage.dll
Event: 0.528 Loaded shared library c:\Users\kalra\.vscode\extensions\redhat.java-1.53.0-win32-x64\jre\21.0.10-win32-x86_64\bin\verify.dll
Event: 2.767 Loaded shared library C:\Users\kalra\AppData\Roaming\Code\User\globalStorage\redhat.java\1.53.0\config_ss_win\org.eclipse.equinox.launcher\org.eclipse.equinox.launcher.win32.win32.x86_64_1.3.0.v20260203-2149\eclipse_11919.dll
Event: 4.788 Loaded shared library C:\Users\kalra\AppData\Local\Temp\jna-101813893\jna16634961963801757565.dll

Deoptimization events (20 events):
Event: 13.394 Thread 0x0000021e77294290 Uncommon trap: trap_request=0xffffff45 fr.pc=0x0000021e62e44a2c relative=0x000000000000016c
Event: 13.394 Thread 0x0000021e77294290 Uncommon trap: reason=unstable_if action=reinterpret pc=0x0000021e62e44a2c method=java.util.concurrent.ConcurrentHashMap.addCount(JI)V @ 34 c2
Event: 13.394 Thread 0x0000021e77294290 DEOPT PACKING pc=0x0000021e62e44a2c sp=0x0000006661cfd790
Event: 13.394 Thread 0x0000021e77294290 DEOPT UNPACKING pc=0x0000021e62853aa2 sp=0x0000006661cfd6d0 mode 2
Event: 13.394 Thread 0x0000021e76ce4f60 Uncommon trap: trap_request=0xffffff45 fr.pc=0x0000021e62e44a2c relative=0x000000000000016c
Event: 13.395 Thread 0x0000021e76ce4f60 Uncommon trap: reason=unstable_if action=reinterpret pc=0x0000021e62e44a2c method=java.util.concurrent.ConcurrentHashMap.addCount(JI)V @ 34 c2
Event: 13.397 Thread 0x0000021e76ce4f60 DEOPT PACKING pc=0x0000021e62e44a2c sp=0x00000066613fd660
Event: 13.397 Thread 0x0000021e76ce4f60 DEOPT UNPACKING pc=0x0000021e62853aa2 sp=0x00000066613fd5a0 mode 2
Event: 13.470 Thread 0x0000021e76ce48d0 DEOPT PACKING pc=0x0000021e5bba4c26 sp=0x00000066614fca70
Event: 13.470 Thread 0x0000021e76ce48d0 DEOPT UNPACKING pc=0x0000021e62854242 sp=0x00000066614fbf60 mode 0
Event: 13.477 Thread 0x0000021e77292ee0 Uncommon trap: trap_request=0xffffff45 fr.pc=0x0000021e62f23d7c relative=0x00000000000006dc
Event: 13.477 Thread 0x0000021e77292ee0 Uncommon trap: reason=unstable_if action=reinterpret pc=0x0000021e62f23d7c method=java.util.concurrent.locks.ReentrantReadWriteLock$Sync.tryReleaseShared(I)Z @ 129 c2
Event: 13.477 Thread 0x0000021e77292ee0 DEOPT PACKING pc=0x0000021e62f23d7c sp=0x0000006661bfd2c0
Event: 13.477 Thread 0x0000021e77292ee0 DEOPT UNPACKING pc=0x0000021e62853aa2 sp=0x0000006661bfd0b8 mode 2
Event: 13.542 Thread 0x0000021e76cdfa10 DEOPT PACKING pc=0x0000021e5b33ebc9 sp=0x00000066609f83b0
Event: 13.543 Thread 0x0000021e76cdfa10 DEOPT UNPACKING pc=0x0000021e62854242 sp=0x00000066609f7820 mode 0
Event: 13.718 Thread 0x0000021e76ce2e90 Uncommon trap: trap_request=0xffffffde fr.pc=0x0000021e62f46c2c relative=0x000000000000026c
Event: 13.718 Thread 0x0000021e76ce2e90 Uncommon trap: reason=class_check action=maybe_recompile pc=0x0000021e62f46c2c method=java.util.HashMap.removeNode(ILjava/lang/Object;Ljava/lang/Object;ZZ)Ljava/util/HashMap$Node; @ 283 c2
Event: 13.718 Thread 0x0000021e76ce2e90 DEOPT PACKING pc=0x0000021e62f46c2c sp=0x00000066618feef0
Event: 13.718 Thread 0x0000021e76ce2e90 DEOPT UNPACKING pc=0x0000021e62853aa2 sp=0x00000066618fee88 mode 2

Classes loaded (20 events):
Event: 10.376 Loading class java/util/Hashtable$ValueCollection
Event: 10.376 Loading class java/util/Hashtable$ValueCollection done
Event: 10.530 Loading class java/util/WeakHashMap$KeyIterator
Event: 10.530 Loading class java/util/WeakHashMap$KeyIterator done
Event: 10.722 Loading class java/util/concurrent/CompletableFuture$UniApply
Event: 10.722 Loading class java/util/concurrent/CompletableFuture$UniCompletion
Event: 10.723 Loading class java/util/concurrent/CompletableFuture$UniCompletion done
Event: 10.723 Loading class java/util/concurrent/CompletableFuture$UniApply done
Event: 10.728 Loading class java/util/concurrent/CancellationException
Event: 10.728 Loading class java/util/concurrent/CancellationException done
Event: 10.729 Loading class java/util/concurrent/CompletableFuture$UniAccept
Event: 10.730 Loading class java/util/concurrent/CompletableFuture$UniAccept done
Event: 10.730 Loading class java/util/concurrent/CompletableFuture$UniExceptionally
Event: 10.730 Loading class java/util/concurrent/CompletableFuture$UniExceptionally done
Event: 11.632 Loading class java/util/Vector$1
Event: 11.632 Loading class java/util/Vector$1 done
Event: 12.774 Loading class java/util/regex/Pattern$Caret
Event: 12.774 Loading class java/util/regex/Pattern$Caret done
Event: 13.566 Loading class java/util/regex/PatternSyntaxException
Event: 13.567 Loading class java/util/regex/PatternSyntaxException done

Classes unloaded (7 events):
Event: 5.826 Thread 0x0000021e581717d0 Unloading class 0x0000021e01194c00 'java/lang/invoke/LambdaForm$MH+0x0000021e01194c00'
Event: 5.826 Thread 0x0000021e581717d0 Unloading class 0x0000021e01194800 'java/lang/invoke/LambdaForm$MH+0x0000021e01194800'
Event: 5.826 Thread 0x0000021e581717d0 Unloading class 0x0000021e01194400 'java/lang/invoke/LambdaForm$MH+0x0000021e01194400'
Event: 5.826 Thread 0x0000021e581717d0 Unloading class 0x0000021e01194000 'java/lang/invoke/LambdaForm$MH+0x0000021e01194000'
Event: 5.826 Thread 0x0000021e581717d0 Unloading class 0x0000021e01193c00 'java/lang/invoke/LambdaForm$BMH+0x0000021e01193c00'
Event: 5.826 Thread 0x0000021e581717d0 Unloading class 0x0000021e01193800 'java/lang/invoke/LambdaForm$DMH+0x0000021e01193800'
Event: 5.826 Thread 0x0000021e581717d0 Unloading class 0x0000021e01192400 'java/lang/invoke/LambdaForm$DMH+0x0000021e01192400'

Classes redefined (0 events):
No events

Internal exceptions (20 events):
Event: 10.534 Thread 0x0000021e75fea0b0 Exception <a 'java/io/FileNotFoundException'{0x00000000d599cde0}> (0x00000000d599cde0) 
thrown [s\src\hotspot\share\prims\jni.cpp, line 520]
Event: 10.535 Thread 0x0000021e75fea0b0 Exception <a 'java/io/FileNotFoundException'{0x00000000d599db48}> (0x00000000d599db48) 
thrown [s\src\hotspot\share\prims\jni.cpp, line 520]
Event: 10.636 Thread 0x0000021e76cdfa10 Exception <a 'java/lang/IncompatibleClassChangeError'{0x00000000d5aec7d8}: Found class java.lang.Object, but interface was expected> (0x00000000d5aec7d8) 
thrown [s\src\hotspot\share\interpreter\linkResolver.cpp, line 840]
Event: 10.776 Thread 0x0000021e76cdfa10 Exception <a 'java/lang/IncompatibleClassChangeError'{0x00000000d56cef08}: Found class java.lang.Object, but interface was expected> (0x00000000d56cef08) 
thrown [s\src\hotspot\share\interpreter\linkResolver.cpp, line 840]
Event: 10.959 Thread 0x0000021e77294290 Exception <a 'java/lang/LinkageError'{0x00000000d5e15698}: loader lombok.launch.ShadowClassLoader @6aac7aa attempted duplicate class definition for lombok.launch.PatchFixesHider$Transform. (lombok.launch.PatchFixesHider$Transform is in unnamed module of loader lombok.launch.ShadowClassLoader @6aac7aa, parent loader org.eclipse.osgi.internal.loader.EquinoxClassLoader @8ab910b)> (0x00000000d5e15698) 
thrown [s\src\hotspot\share\classfile\systemDictionary.cpp, line 1672]
Event: 10.959 Thread 0x0000021e76ce3520 Exception <a 'java/lang/LinkageError'{0x00000000d5d78180}: loader lombok.launch.ShadowClassLoader @6aac7aa attempted duplicate class definition for lombok.launch.PatchFixesHider$Transform. (lombok.launch.PatchFixesHider$Transform is in unnamed module of loader lombok.launch.ShadowClassLoader @6aac7aa, parent loader org.eclipse.osgi.internal.loader.EquinoxClassLoader @8ab910b)> (0x00000000d5d78180) 
thrown [s\src\hotspot\share\classfile\systemDictionary.cpp, line 1672]
Event: 10.959 Thread 0x0000021e76ce55f0 Exception <a 'java/lang/LinkageError'{0x00000000d5d82fa8}: loader lombok.launch.ShadowClassLoader @6aac7aa attempted duplicate class definition for lombok.launch.PatchFixesHider$Transform. (lombok.launch.PatchFixesHider$Transform is in unnamed module of loader lombok.launch.ShadowClassLoader @6aac7aa, parent loader org.eclipse.osgi.internal.loader.EquinoxClassLoader @8ab910b)> (0x00000000d5d82fa8) 
thrown [s\src\hotspot\share\classfile\systemDictionary.cpp, line 1672]
Event: 10.960 Thread 0x0000021e76ce4f60 Exception <a 'java/lang/LinkageError'{0x00000000d5dbe128}: loader lombok.launch.ShadowClassLoader @6aac7aa attempted duplicate class definition for lombok.launch.PatchFixesHider$Transform. (lombok.launch.PatchFixesHider$Transform is in unnamed module of loader lombok.launch.ShadowClassLoader @6aac7aa, parent loader org.eclipse.osgi.internal.loader.EquinoxClassLoader @8ab910b)> (0x00000000d5dbe128) 
thrown [s\src\hotspot\share\classfile\systemDictionary.cpp, line 1672]
Event: 10.960 Thread 0x0000021e77292ee0 Exception <a 'java/lang/LinkageError'{0x00000000d5d5ca58}: loader lombok.launch.ShadowClassLoader @6aac7aa attempted duplicate class definition for lombok.launch.PatchFixesHider$Transform. (lombok.launch.PatchFixesHider$Transform is in unnamed module of loader lombok.launch.ShadowClassLoader @6aac7aa, parent loader org.eclipse.osgi.internal.loader.EquinoxClassLoader @8ab910b)> (0x00000000d5d5ca58) 
thrown [s\src\hotspot\share\classfile\systemDictionary.cpp, line 1672]
Event: 12.406 Thread 0x0000021e76ce4240 Implicit null exception at 0x0000021e62ec121d to 0x0000021e62ec1d18
Event: 13.212 Thread 0x0000021e77292ee0 Exception <a 'java/lang/LinkageError'{0x00000000d6921650}: loader lombok.launch.ShadowClassLoader @45b90c90 attempted duplicate class definition for lombok.launch.PatchFixesHider$FieldInitializer. (lombok.launch.PatchFixesHider$FieldInitializer is in unnamed module of loader lombok.launch.ShadowClassLoader @45b90c90, parent loader org.eclipse.osgi.internal.loader.EquinoxClassLoader @70ac8eb5)> (0x00000000d6921650) 
thrown [s\src\hotspot\share\classfile\systemDictionary.cpp, line 1672]
Event: 13.212 Thread 0x0000021e76ce5c80 Exception <a 'java/lang/LinkageError'{0x00000000d6927638}: loader lombok.launch.ShadowClassLoader @45b90c90 attempted duplicate class definition for lombok.launch.PatchFixesHider$FieldInitializer. (lombok.launch.PatchFixesHider$FieldInitializer is in unnamed module of loader lombok.launch.ShadowClassLoader @45b90c90, parent loader org.eclipse.osgi.internal.loader.EquinoxClassLoader @70ac8eb5)> (0x00000000d6927638) 
thrown [s\src\hotspot\share\classfile\systemDictionary.cpp, line 1672]
Event: 13.213 Thread 0x0000021e77294290 Exception <a 'java/lang/LinkageError'{0x00000000d68cbc70}: loader lombok.launch.ShadowClassLoader @45b90c90 attempted duplicate class definition for lombok.launch.PatchFixesHider$FieldInitializer. (lombok.launch.PatchFixesHider$FieldInitializer is in unnamed module of loader lombok.launch.ShadowClassLoader @45b90c90, parent loader org.eclipse.osgi.internal.loader.EquinoxClassLoader @70ac8eb5)> (0x00000000d68cbc70) 
thrown [s\src\hotspot\share\classfile\systemDictionary.cpp, line 1672]
Event: 13.219 Thread 0x0000021e76ce48d0 Exception <a 'java/lang/LinkageError'{0x00000000d69b3d00}: loader lombok.launch.ShadowClassLoader @45b90c90 attempted duplicate class definition for lombok.launch.PatchFixesHider$FieldInitializer. (lombok.launch.PatchFixesHider$FieldInitializer is in unnamed module of loader lombok.launch.ShadowClassLoader @45b90c90, parent loader org.eclipse.osgi.internal.loader.EquinoxClassLoader @70ac8eb5)> (0x00000000d69b3d00) 
thrown [s\src\hotspot\share\classfile\systemDictionary.cpp, line 1672]
Event: 13.228 Thread 0x0000021e76ce55f0 Exception <a 'java/lang/LinkageError'{0x00000000d69ba7b0}: loader lombok.launch.ShadowClassLoader @45b90c90 attempted duplicate class definition for lombok.launch.PatchFixesHider$FieldInitializer. (lombok.launch.PatchFixesHider$FieldInitializer is in unnamed module of loader lombok.launch.ShadowClassLoader @45b90c90, parent loader org.eclipse.osgi.internal.loader.EquinoxClassLoader @70ac8eb5)> (0x00000000d69ba7b0) 
thrown [s\src\hotspot\share\classfile\systemDictionary.cpp, line 1672]
Event: 13.228 Thread 0x0000021e76cdfa10 Exception <a 'java/lang/LinkageError'{0x00000000d69c3900}: loader lombok.launch.ShadowClassLoader @45b90c90 attempted duplicate class definition for lombok.launch.PatchFixesHider$FieldInitializer. (lombok.launch.PatchFixesHider$FieldInitializer is in unnamed module of loader lombok.launch.ShadowClassLoader @45b90c90, parent loader org.eclipse.osgi.internal.loader.EquinoxClassLoader @70ac8eb5)> (0x00000000d69c3900) 
thrown [s\src\hotspot\share\classfile\systemDictionary.cpp, line 1672]
Event: 13.228 Thread 0x0000021e76ce3bb0 Exception <a 'java/lang/LinkageError'{0x00000000d696a6d8}: loader lombok.launch.ShadowClassLoader @45b90c90 attempted duplicate class definition for lombok.launch.PatchFixesHider$FieldInitializer. (lombok.launch.PatchFixesHider$FieldInitializer is in unnamed module of loader lombok.launch.ShadowClassLoader @45b90c90, parent loader org.eclipse.osgi.internal.loader.EquinoxClassLoader @70ac8eb5)> (0x00000000d696a6d8) 
thrown [s\src\hotspot\share\classfile\systemDictionary.cpp, line 1672]
Event: 13.228 Thread 0x0000021e76ce2e90 Exception <a 'java/lang/LinkageError'{0x00000000d6941fe8}: loader lombok.launch.ShadowClassLoader @45b90c90 attempted duplicate class definition for lombok.launch.PatchFixesHider$FieldInitializer. (lombok.launch.PatchFixesHider$FieldInitializer is in unnamed module of loader lombok.launch.ShadowClassLoader @45b90c90, parent loader org.eclipse.osgi.internal.loader.EquinoxClassLoader @70ac8eb5)> (0x00000000d6941fe8) 
thrown [s\src\hotspot\share\classfile\systemDictionary.cpp, line 1672]
Event: 13.266 Thread 0x0000021e76ce4f60 Exception <a 'java/lang/LinkageError'{0x00000000d69d5030}: loader lombok.launch.ShadowClassLoader @45b90c90 attempted duplicate class definition for lombok.launch.PatchFixesHider$FieldInitializer. (lombok.launch.PatchFixesHider$FieldInitializer is in unnamed module of loader lombok.launch.ShadowClassLoader @45b90c90, parent loader org.eclipse.osgi.internal.loader.EquinoxClassLoader @70ac8eb5)> (0x00000000d69d5030) 
thrown [s\src\hotspot\share\classfile\systemDictionary.cpp, line 1672]
Event: 13.444 Thread 0x0000021e76ce4240 Exception <a 'java/lang/NoSuchMethodError'{0x00000000d55c88d8}: 'java.lang.Object java.lang.invoke.DirectMethodHandle$Holder.invokeSpecial(java.lang.Object, java.lang.Object, java.lang.Object, java.lang.Object, int, java.lang.Object, java.lang.Object)'> (0x00000000d55c88d8) 
thrown [s\src\hotspot\share\interpreter\linkResolver.cpp, line 773]

ZGC Phase Switch (0 events):
No events

VM Operations (20 events):
Event: 9.462 Executing safepoint VM operation: ParallelGCFailedAllocation (Allocation Failure)
Event: 9.468 Executing safepoint VM operation: ParallelGCFailedAllocation (Allocation Failure) done
Event: 9.620 Executing safepoint VM operation: ParallelGCFailedAllocation (Allocation Failure)
Event: 9.630 Executing safepoint VM operation: ParallelGCFailedAllocation (Allocation Failure) done
Event: 10.200 Executing non-safepoint VM operation: HandshakeAllThreads (Deoptimize)
Event: 10.200 Executing non-safepoint VM operation: HandshakeAllThreads (Deoptimize) done
Event: 10.241 Executing safepoint VM operation: ParallelGCFailedAllocation (Allocation Failure)
Event: 10.246 Executing safepoint VM operation: ParallelGCFailedAllocation (Allocation Failure) done
Event: 10.258 Executing non-safepoint VM operation: HandshakeAllThreads (Deoptimize)
Event: 10.258 Executing non-safepoint VM operation: HandshakeAllThreads (Deoptimize) done
Event: 10.657 Executing safepoint VM operation: CollectForMetadataAllocation (Metadata GC Threshold)
Event: 10.721 Executing safepoint VM operation: CollectForMetadataAllocation (Metadata GC Threshold) done
Event: 10.858 Executing non-safepoint VM operation: HandshakeAllThreads (Deoptimize)
Event: 10.859 Executing non-safepoint VM operation: HandshakeAllThreads (Deoptimize) done
Event: 11.689 Executing safepoint VM operation: ParallelGCFailedAllocation (Allocation Failure)
Event: 11.692 Executing safepoint VM operation: ParallelGCFailedAllocation (Allocation Failure) done
Event: 12.702 Executing safepoint VM operation: Cleanup
Event: 12.702 Executing safepoint VM operation: Cleanup done
Event: 13.383 Executing safepoint VM operation: ParallelGCFailedAllocation (Allocation Failure)
Event: 13.386 Executing safepoint VM operation: ParallelGCFailedAllocation (Allocation Failure) done

Memory protections (0 events):
No events

Nmethod flushes (20 events):
Event: 10.690 Thread 0x0000021e581717d0 flushing  nmethod 0x0000021e5b65e410
Event: 10.690 Thread 0x0000021e581717d0 flushing  nmethod 0x0000021e5b688e10
Event: 10.690 Thread 0x0000021e581717d0 flushing  nmethod 0x0000021e5b6f9310
Event: 10.690 Thread 0x0000021e581717d0 flushing  nmethod 0x0000021e5b71b390
Event: 10.690 Thread 0x0000021e581717d0 flushing  nmethod 0x0000021e5b71bd90
Event: 10.690 Thread 0x0000021e581717d0 flushing  nmethod 0x0000021e5b721790
Event: 10.690 Thread 0x0000021e581717d0 flushing  nmethod 0x0000021e5b724810
Event: 10.690 Thread 0x0000021e581717d0 flushing  nmethod 0x0000021e5b75cc10
Event: 10.690 Thread 0x0000021e581717d0 flushing  nmethod 0x0000021e5b75cf10
Event: 10.690 Thread 0x0000021e581717d0 flushing  nmethod 0x0000021e5b760410
Event: 10.690 Thread 0x0000021e581717d0 flushing  nmethod 0x0000021e5b760d90
Event: 10.690 Thread 0x0000021e581717d0 flushing  nmethod 0x0000021e5b797e10
Event: 10.690 Thread 0x0000021e581717d0 flushing  nmethod 0x0000021e5b798b10
Event: 10.690 Thread 0x0000021e581717d0 flushing  nmethod 0x0000021e5b798f10
Event: 10.690 Thread 0x0000021e581717d0 flushing  nmethod 0x0000021e5b799d10
Event: 10.690 Thread 0x0000021e581717d0 flushing  nmethod 0x0000021e5b79a690
Event: 10.690 Thread 0x0000021e581717d0 flushing  nmethod 0x0000021e5b7a2c10
Event: 10.690 Thread 0x0000021e581717d0 flushing  nmethod 0x0000021e5b7a9110
Event: 10.690 Thread 0x0000021e581717d0 flushing  nmethod 0x0000021e5b7a9b90
Event: 10.690 Thread 0x0000021e581717d0 flushing  nmethod 0x0000021e5b7aeb90

Events (20 events):
Event: 10.274 Thread 0x0000021e76ce0dc0 Thread added: 0x0000021e76ce1ae0
Event: 10.276 Thread 0x0000021e76ce1ae0 Thread added: 0x0000021e76ce2170
Event: 10.277 Thread 0x0000021e76cde660 Thread added: 0x0000021e76cdf380
Event: 10.279 Thread 0x0000021e76ce2170 Thread added: 0x0000021e76ce00a0
Event: 10.279 Thread 0x0000021e76cde660 Thread added: 0x0000021e76ce0730
Event: 10.280 Thread 0x0000021e76ce0730 Thread added: 0x0000021e76cdecf0
Event: 10.316 Thread 0x0000021e6fdfbfc0 Thread added: 0x0000021e7566d690
Event: 10.729 Thread 0x0000021e76cdfa10 Thread added: 0x0000021e76ce3bb0
Event: 10.735 Thread 0x0000021e76cdfa10 Thread added: 0x0000021e76ce4f60
Event: 10.740 Thread 0x0000021e76ce4f60 Thread added: 0x0000021e76ce48d0
Event: 10.749 Thread 0x0000021e76ce48d0 Thread added: 0x0000021e76ce4240
Event: 10.757 Thread 0x0000021e76cdfa10 Thread added: 0x0000021e76ce55f0
Event: 10.766 Thread 0x0000021e76cdfa10 Thread added: 0x0000021e76ce5c80
Event: 10.784 Thread 0x0000021e76cdfa10 Thread added: 0x0000021e76ce2e90
Event: 10.793 Thread 0x0000021e76cdfa10 Thread added: 0x0000021e76ce3520
Event: 10.802 Thread 0x0000021e76cdfa10 Thread added: 0x0000021e77292850
Event: 10.807 Thread 0x0000021e76cdfa10 Thread added: 0x0000021e77292ee0
Event: 10.813 Thread 0x0000021e76cdfa10 Thread added: 0x0000021e77294290
Event: 11.843 Thread 0x0000021e7566d690 Thread exited: 0x0000021e7566d690
Event: 13.174 Thread 0x0000021e6fdfbfc0 Thread added: 0x0000021e779327c0


Dynamic libraries:
0x00007ff6bf8c0000 - 0x00007ff6bf8ce000 	c:\Users\kalra\.vscode\extensions\redhat.java-1.53.0-win32-x64\jre\21.0.10-win32-x86_64\bin\java.exe
0x00007ffac2180000 - 0x00007ffac23e7000 	C:\WINDOWS\SYSTEM32\ntdll.dll
0x00007ffac0d20000 - 0x00007ffac0de9000 	C:\WINDOWS\System32\KERNEL32.DLL
0x00007ffabee80000 - 0x00007ffabf271000 	C:\WINDOWS\System32\KERNELBASE.dll
0x00007ffabec00000 - 0x00007ffabed4b000 	C:\WINDOWS\System32\ucrtbase.dll
0x00007ffa7aa30000 - 0x00007ffa7aa48000 	c:\Users\kalra\.vscode\extensions\redhat.java-1.53.0-win32-x64\jre\21.0.10-win32-x86_64\bin\jli.dll
0x00007ffa6e7a0000 - 0x00007ffa6e7be000 	c:\Users\kalra\.vscode\extensions\redhat.java-1.53.0-win32-x64\jre\21.0.10-win32-x86_64\bin\VCRUNTIME140.dll
0x00007ffac0f10000 - 0x00007ffac10d5000 	C:\WINDOWS\System32\USER32.dll
0x00007ffabea60000 - 0x00007ffabea87000 	C:\WINDOWS\System32\win32u.dll
0x00007ffac2090000 - 0x00007ffac20bb000 	C:\WINDOWS\System32\GDI32.dll
0x00007ffaa79f0000 - 0x00007ffaa7c83000 	C:\WINDOWS\WinSxS\amd64_microsoft.windows.common-controls_6595b64144ccf1df_6.0.26100.8037_none_3e092faae333b53b\COMCTL32.dll
0x00007ffabed50000 - 0x00007ffabee7b000 	C:\WINDOWS\System32\gdi32full.dll
0x00007ffac07f0000 - 0x00007ffac0899000 	C:\WINDOWS\System32\msvcrt.dll
0x00007ffabfd00000 - 0x00007ffabfda3000 	C:\WINDOWS\System32\msvcp_win.dll
0x00007ffac07b0000 - 0x00007ffac07e1000 	C:\WINDOWS\System32\IMM32.DLL
0x00007ffa940f0000 - 0x00007ffa940fc000 	c:\Users\kalra\.vscode\extensions\redhat.java-1.53.0-win32-x64\jre\21.0.10-win32-x86_64\bin\vcruntime140_1.dll
0x00007ffa3c450000 - 0x00007ffa3c4dd000 	c:\Users\kalra\.vscode\extensions\redhat.java-1.53.0-win32-x64\jre\21.0.10-win32-x86_64\bin\msvcp140.dll
0x00007ffa330a0000 - 0x00007ffa33e41000 	c:\Users\kalra\.vscode\extensions\redhat.java-1.53.0-win32-x64\jre\21.0.10-win32-x86_64\bin\server\jvm.dll
0x00007ffac02f0000 - 0x00007ffac03ab000 	C:\WINDOWS\System32\ADVAPI32.dll
0x00007ffac0a80000 - 0x00007ffac0b27000 	C:\WINDOWS\System32\sechost.dll
0x00007ffac0df0000 - 0x00007ffac0f08000 	C:\WINDOWS\System32\RPCRT4.dll
0x00007ffac1860000 - 0x00007ffac18d4000 	C:\WINDOWS\System32\WS2_32.dll
0x00007ffabe8c0000 - 0x00007ffabe91e000 	C:\WINDOWS\SYSTEM32\POWRPROF.dll
0x00007ffab7aa0000 - 0x00007ffab7ad5000 	C:\WINDOWS\SYSTEM32\WINMM.dll
0x00007ffab7ae0000 - 0x00007ffab7aeb000 	C:\WINDOWS\SYSTEM32\VERSION.dll
0x00007ffabe8a0000 - 0x00007ffabe8b4000 	C:\WINDOWS\SYSTEM32\UMPDC.dll
0x00007ffabd7f0000 - 0x00007ffabd80b000 	C:\WINDOWS\SYSTEM32\kernel.appcore.dll
0x00007ffa93fe0000 - 0x00007ffa93fea000 	c:\Users\kalra\.vscode\extensions\redhat.java-1.53.0-win32-x64\jre\21.0.10-win32-x86_64\bin\jimage.dll
0x00007ffab3490000 - 0x00007ffab36d2000 	C:\WINDOWS\SYSTEM32\DBGHELP.DLL
0x00007ffac03b0000 - 0x00007ffac0732000 	C:\WINDOWS\System32\combase.dll
0x00007ffac08a0000 - 0x00007ffac0977000 	C:\WINDOWS\System32\OLEAUT32.dll
0x00007ffaa1b70000 - 0x00007ffaa1bab000 	C:\WINDOWS\SYSTEM32\dbgcore.DLL
0x00007ffabea90000 - 0x00007ffabeb35000 	C:\WINDOWS\System32\bcryptPrimitives.dll
0x00007ffabc130000 - 0x00007ffabc13f000 	c:\Users\kalra\.vscode\extensions\redhat.java-1.53.0-win32-x64\jre\21.0.10-win32-x86_64\bin\instrument.dll
0x00007ffaba2f0000 - 0x00007ffaba310000 	c:\Users\kalra\.vscode\extensions\redhat.java-1.53.0-win32-x64\jre\21.0.10-win32-x86_64\bin\java.dll
0x00007ffac10f0000 - 0x00007ffac184f000 	C:\WINDOWS\System32\SHELL32.dll
0x00007ffabfdb0000 - 0x00007ffabff1a000 	C:\WINDOWS\System32\wintypes.dll
0x00007ffabf490000 - 0x00007ffabfcf4000 	C:\WINDOWS\System32\windows.storage.dll
0x00007ffac18e0000 - 0x00007ffac19d7000 	C:\WINDOWS\System32\SHCORE.dll
0x00007ffac0740000 - 0x00007ffac07a7000 	C:\WINDOWS\System32\shlwapi.dll
0x00007ffabe980000 - 0x00007ffabe9a9000 	C:\WINDOWS\SYSTEM32\profapi.dll
0x00007ffaba2d0000 - 0x00007ffaba2e8000 	c:\Users\kalra\.vscode\extensions\redhat.java-1.53.0-win32-x64\jre\21.0.10-win32-x86_64\bin\zip.dll
0x00007ffabbf50000 - 0x00007ffabbf60000 	C:\Users\kalra\.vscode\extensions\redhat.java-1.53.0-win32-x64\jre\21.0.10-win32-x86_64\bin\net.dll
0x00007ffab81d0000 - 0x00007ffab82f7000 	C:\WINDOWS\SYSTEM32\WINHTTP.dll
0x00007ffabdd60000 - 0x00007ffabddcb000 	C:\WINDOWS\system32\mswsock.dll
0x00007ffaba2b0000 - 0x00007ffaba2c6000 	C:\Users\kalra\.vscode\extensions\redhat.java-1.53.0-win32-x64\jre\21.0.10-win32-x86_64\bin\nio.dll
0x00007ffaba2a0000 - 0x00007ffaba2b0000 	c:\Users\kalra\.vscode\extensions\redhat.java-1.53.0-win32-x64\jre\21.0.10-win32-x86_64\bin\verify.dll
0x00007ffaba230000 - 0x00007ffaba275000 	C:\Users\kalra\AppData\Roaming\Code\User\globalStorage\redhat.java\1.53.0\config_ss_win\org.eclipse.equinox.launcher\org.eclipse.equinox.launcher.win32.win32.x86_64_1.3.0.v20260203-2149\eclipse_11919.dll
0x00007ffabff70000 - 0x00007ffac0105000 	C:\WINDOWS\System32\ole32.dll
0x00007ffabe040000 - 0x00007ffabe05b000 	C:\WINDOWS\SYSTEM32\CRYPTSP.dll
0x00007ffabd750000 - 0x00007ffabd789000 	C:\WINDOWS\system32\rsaenh.dll
0x00007ffabde10000 - 0x00007ffabde42000 	C:\WINDOWS\SYSTEM32\USERENV.dll
0x00007ffabe950000 - 0x00007ffabe97a000 	C:\WINDOWS\SYSTEM32\bcrypt.dll
0x00007ffabe060000 - 0x00007ffabe06c000 	C:\WINDOWS\SYSTEM32\CRYPTBASE.dll
0x00007ffabd1e0000 - 0x00007ffabd213000 	C:\WINDOWS\SYSTEM32\IPHLPAPI.DLL
0x00007ffac10e0000 - 0x00007ffac10ea000 	C:\WINDOWS\System32\NSI.dll
0x00007ffa84120000 - 0x00007ffa84169000 	C:\Users\kalra\AppData\Local\Temp\jna-101813893\jna16634961963801757565.dll
0x00007ffac0bf0000 - 0x00007ffac0bf8000 	C:\WINDOWS\System32\PSAPI.DLL
0x00007ffab9bb0000 - 0x00007ffab9bcd000 	C:\WINDOWS\SYSTEM32\dhcpcsvc6.DLL
0x00007ffab9b00000 - 0x00007ffab9b23000 	C:\WINDOWS\SYSTEM32\dhcpcsvc.DLL

JVMTI agents:
c:\Users\kalra\.vscode\extensions\redhat.java-1.53.0-win32-x64\lombok\lombok-1.18.39-4050.jar path:c:\Users\kalra\.vscode\extensions\redhat.java-1.53.0-win32-x64\jre\21.0.10-win32-x86_64\bin\instrument.dll, loaded, initialized, instrumentlib options:none

dbghelp: loaded successfully - version: 4.0.5 - missing functions: none
symbol engine: initialized successfully - sym options: 0x614 - pdb path: .;c:\Users\kalra\.vscode\extensions\redhat.java-1.53.0-win32-x64\jre\21.0.10-win32-x86_64\bin;C:\WINDOWS\SYSTEM32;C:\WINDOWS\WinSxS\amd64_microsoft.windows.common-controls_6595b64144ccf1df_6.0.26100.8037_none_3e092faae333b53b;c:\Users\kalra\.vscode\extensions\redhat.java-1.53.0-win32-x64\jre\21.0.10-win32-x86_64\bin\server;C:\Users\kalra\AppData\Roaming\Code\User\globalStorage\redhat.java\1.53.0\config_ss_win\org.eclipse.equinox.launcher\org.eclipse.equinox.launcher.win32.win32.x86_64_1.3.0.v20260203-2149;C:\Users\kalra\AppData\Local\Temp\jna-101813893

VM Arguments:
jvm_args: --add-modules=ALL-SYSTEM --add-opens=java.base/java.util=ALL-UNNAMED --add-opens=java.base/java.lang=ALL-UNNAMED --add-opens=java.base/sun.nio.fs=ALL-UNNAMED -Declipse.application=org.eclipse.jdt.ls.core.id1 -Dosgi.bundles.defaultStartLevel=4 -Declipse.product=org.eclipse.jdt.ls.core.product -Djava.import.generatesMetadataFilesAtProjectRoot=false -DDetectVMInstallationsJob.disabled=true -Dfile.encoding=utf8 -XX:+UseParallelGC -XX:GCTimeRatio=4 -XX:AdaptiveSizePolicyWeight=90 -Dsun.zip.disableMemoryMapping=true -Xmx2G -Xms100m -Xlog:disable -javaagent:c:\Users\kalra\.vscode\extensions\redhat.java-1.53.0-win32-x64\lombok\lombok-1.18.39-4050.jar 
java_command: c:\Users\kalra\.vscode\extensions\redhat.java-1.53.0-win32-x64\server\plugins\org.eclipse.equinox.launcher_1.7.100.v20251111-0406.jar -configuration c:\Users\kalra\AppData\Roaming\Code\User\globalStorage\redhat.java\1.53.0\config_ss_win -data c:\Users\kalra\AppData\Roaming\Code\User\workspaceStorage\4fda5c3b26c15e0cb27154c0e992db6d\redhat.java\ss_ws --pipe=\\.\pipe\lsp-eadf0e1f6916f2a36f5c14d44f7403bc-sock
java_class_path (initial): c:\Users\kalra\.vscode\extensions\redhat.java-1.53.0-win32-x64\server\plugins\org.eclipse.equinox.launcher_1.7.100.v20251111-0406.jar
Launcher Type: SUN_STANDARD

[Global flags]
    uintx AdaptiveSizePolicyWeight                 = 90                                        {product} {command line}
     intx CICompilerCount                          = 4                                         {product} {ergonomic}
    uintx GCTimeRatio                              = 4                                         {product} {command line}
   size_t InitialHeapSize                          = 104857600                                 {product} {command line}
   size_t MaxHeapSize                              = 2147483648                                {product} {command line}
   size_t MaxNewSize                               = 715653120                                 {product} {ergonomic}
   size_t MinHeapDeltaBytes                        = 524288                                    {product} {ergonomic}
   size_t MinHeapSize                              = 104857600                                 {product} {command line}
   size_t NewSize                                  = 34603008                                  {product} {ergonomic}
    uintx NonNMethodCodeHeapSize                   = 5839372                                {pd product} {ergonomic}
    uintx NonProfiledCodeHeapSize                  = 122909434                              {pd product} {ergonomic}
   size_t OldSize                                  = 70254592                                  {product} {ergonomic}
    uintx ProfiledCodeHeapSize                     = 122909434                              {pd product} {ergonomic}
    uintx ReservedCodeCacheSize                    = 251658240                              {pd product} {ergonomic}
     bool SegmentedCodeCache                       = true                                      {product} {ergonomic}
   size_t SoftMaxHeapSize                          = 2147483648                             {manageable} {ergonomic}
     bool UseCompressedOops                        = true                           {product lp64_product} {ergonomic}
     bool UseLargePagesIndividualAllocation        = false                                  {pd product} {ergonomic}
     bool UseParallelGC                            = true                                      {product} {command line}

Logging:
Log output configuration:
 #0: stdout all=off uptime,level,tags foldmultilines=false
 #1: stderr all=off uptime,level,tags foldmultilines=false

Release file:
JAVA_VERSION="21.0.10" 
MODULES="java.base java.compiler java.datatransfer java.xml java.prefs java.desktop java.instrument java.logging java.management java.security.sasl java.naming java.rmi java.management.rmi java.net.http java.scripting java.security.jgss java.transaction.xa java.sql java.sql.rowset java.xml.crypto java.se java.smartcardio jdk.accessibility jdk.internal.jvmstat jdk.attach jdk.charsets jdk.internal.opt jdk.zipfs jdk.compiler jdk.crypto.ec jdk.crypto.cryptoki jdk.crypto.mscapi jdk.dynalink jdk.internal.ed jdk.editpad jdk.hotspot.agent jdk.httpserver jdk.internal.le jdk.internal.vm.ci jdk.internal.vm.compiler jdk.internal.vm.compiler.management jdk.jartool jdk.javadoc jdk.jcmd jdk.management jdk.management.agent jdk.jconsole jdk.jdeps jdk.jdwp.agent jdk.jdi jdk.jfr jdk.jshell jdk.jsobject jdk.jstatd jdk.localedata jdk.management.jfr jdk.naming.dns jdk.naming.rmi jdk.net jdk.nio.mapmode jdk.random jdk.sctp jdk.security.auth jdk.security.jgss jdk.unsupported jdk.unsupported.desktop jdk.xml.dom" 

Environment Variables:
PATH=C:\Users\kalra\AppData\Local\Programs\Microsoft VS Code;C:\Python314\Scripts\;C:\Python314\;C:\Program Files\nodejs\;C:\ProgramData\chocolatey\bin;D:\Git\cmd;C:\Users\kalra\AppData\Local\Programs\Python\Python313\Scripts\;C:\Users\kalra\AppData\Local\Programs\Python\Python313\;C:\Program Files\MySQL\MySQL Shell 8.0\bin\;C:\Users\kalra\AppData\Local\Programs\Python\Python312\Scripts\;C:\Users\kalra\AppData\Local\Programs\Python\Python312\;C:\Users\kalra\AppData\Local\Microsoft\WindowsApps;C:\Users\kalra\AppData\Local\Programs\Microsoft VS Code\bin;C:\Program Files\Azure Data Studio\bin;%JAVA_HOME%\bin;C:\Program Files\Maven\apache-maven-3.9.11\bin;C:\Program Files\MySQL\MySQL Server 8.0\bin;C:\Users\kalra\AppData\Roaming\npm;C:\Users\kalra\Downloads\flutter_windows_3.41.4-stable\flutter\bin;C:\Windows\System32;C:\Program Files\Git\cmd;C:\Windows\System32\WindowsPowerShell\v1.0\;
USERNAME=kalra
OS=Windows_NT
PROCESSOR_IDENTIFIER=AMD64 Family 23 Model 104 Stepping 1, AuthenticAMD
TMP=C:\Users\kalra\AppData\Local\Temp
TEMP=C:\Users\kalra\AppData\Local\Temp




Periodic native trim disabled

---------------  S Y S T E M  ---------------

OS:
 Windows 11 , 64 bit Build 26100 (10.0.26100.7920)
OS uptime: 0 days 0:12 hours
Hyper-V role detected

CPU: total 12 (initial active 12) (12 cores per cpu, 2 threads per core) family 23 model 104 stepping 1 microcode 0x8608107, cx8, cmov, fxsr, ht, mmx, 3dnowpref, sse, sse2, sse3, ssse3, sse4a, sse4.1, sse4.2, popcnt, lzcnt, tsc, tscinvbit, avx, avx2, aes, clmul, bmi1, bmi2, adx, sha, fma, vzeroupper, clflush, clflushopt, hv, rdtscp, rdpid, f16c
Processor Information for the first 12 processors :
  Max Mhz: 2100, Current Mhz: 2100, Mhz Limit: 2100

Memory: 4k page, system-wide physical 7501M (599M free)
TotalPageFile size 15108M (AvailPageFile size 31M)
current process WorkingSet (physical memory assigned to process): 203M, peak: 207M
current process commit charge ("private bytes"): 318M, peak: 322M

vm_info: OpenJDK 64-Bit Server VM (21.0.10+7-LTS) for windows-amd64 JRE (21.0.10+7-LTS), built on 2026-01-20T00:00:00Z by "admin" with MS VC++ 17.12 (VS2022)

END.
