#
# There is insufficient memory for the Java Runtime Environment to continue.
# Native memory allocation (malloc) failed to allocate 1226384 bytes. Error detail: Chunk::new
# Possible reasons:
#   The system is out of physical RAM or swap space
#   This process is running with CompressedOops enabled, and the Java Heap may be blocking the growth of the native heap
# Possible solutions:
#   Reduce memory load on the system
#   Increase physical memory or swap space
#   Check if swap backing store is full
#   Decrease Java heap size (-Xmx/-Xms)
#   Decrease number of Java threads
#   Decrease Java thread stack sizes (-Xss)
#   Set larger code cache with -XX:ReservedCodeCacheSize=
#   JVM is running with Unscaled Compressed Oops mode in which the Java heap is
#     placed in the first 4GB address space. The Java Heap base address is the
#     maximum limit for the native heap growth. Please use -XX:HeapBaseMinAddress
#     to set the Java Heap base and to place the Java Heap above 4GB virtual address.
# This output file may be truncated or incomplete.
#
#  Out of Memory Error (arena.cpp:168), pid=10828, tid=14852
#
# JRE version: OpenJDK Runtime Environment Temurin-21.0.10+7 (21.0.10+7) (build 21.0.10+7-LTS)
# Java VM: OpenJDK 64-Bit Server VM Temurin-21.0.10+7 (21.0.10+7-LTS, mixed mode, sharing, tiered, compressed oops, compressed class ptrs, parallel gc, windows-amd64)
# No core dump will be written. Minidumps are not enabled by default on client versions of Windows
#

---------------  S U M M A R Y ------------

Command Line: --add-modules=ALL-SYSTEM --add-opens=java.base/java.util=ALL-UNNAMED --add-opens=java.base/java.lang=ALL-UNNAMED --add-opens=java.base/sun.nio.fs=ALL-UNNAMED -Declipse.application=org.eclipse.jdt.ls.core.id1 -Dosgi.bundles.defaultStartLevel=4 -Declipse.product=org.eclipse.jdt.ls.core.product -Djava.import.generatesMetadataFilesAtProjectRoot=false -DDetectVMInstallationsJob.disabled=true -Dfile.encoding=utf8 -XX:+UseParallelGC -XX:GCTimeRatio=4 -XX:AdaptiveSizePolicyWeight=90 -Dsun.zip.disableMemoryMapping=true -Xmx2G -Xms100m -Xlog:disable -javaagent:c:\Users\kalra\.vscode\extensions\redhat.java-1.53.0-win32-x64\lombok\lombok-1.18.39-4050.jar -XX:+HeapDumpOnOutOfMemoryError -XX:HeapDumpPath=c:\Users\kalra\AppData\Roaming\Code\User\workspaceStorage\4fda5c3b26c15e0cb27154c0e992db6d\redhat.java -Daether.dependencyCollector.impl=bf c:\Users\kalra\.vscode\extensions\redhat.java-1.53.0-win32-x64\server\plugins\org.eclipse.equinox.launcher_1.7.100.v20251111-0406.jar -configuration c:\Users\kalra\AppData\Roaming\Code\User\globalStorage\redhat.java\1.53.0\config_win -data c:\Users\kalra\AppData\Roaming\Code\User\workspaceStorage\4fda5c3b26c15e0cb27154c0e992db6d\redhat.java\jdt_ws --pipe=\\.\pipe\lsp-dcc9e1efe5776b75cfcf7604321c65d9-sock

Host: AMD Ryzen 5 5500U with Radeon Graphics         , 12 cores, 7G,  Windows 11 , 64 bit Build 26100 (10.0.26100.7920)
Time: Fri Mar 27 14:17:36 2026 India Standard Time elapsed time: 5.003574 seconds (0d 0h 0m 5s)

---------------  T H R E A D  ---------------

Current thread (0x00000142fed380d0):  JavaThread "C2 CompilerThread1" daemon [_thread_in_native, id=14852, stack(0x0000002088a00000,0x0000002088b00000) (1024K)]


Current CompileTask:
C2:5003 3106       4       java.lang.invoke.MethodType::makeImpl (109 bytes)

Stack: [0x0000002088a00000,0x0000002088b00000]
Native frames: (J=compiled Java code, j=interpreted, Vv=VM code, C=native code)
V  [jvm.dll+0x6d7a39]
V  [jvm.dll+0x8b4b26]
V  [jvm.dll+0x8b70de]
V  [jvm.dll+0x8b77c3]
V  [jvm.dll+0x284346]
V  [jvm.dll+0xc66ed]
V  [jvm.dll+0xc6c31]
V  [jvm.dll+0x3bec3b]
V  [jvm.dll+0x1e3f69]
V  [jvm.dll+0x24c6b3]
V  [jvm.dll+0x24bb40]
V  [jvm.dll+0x1cb34e]
V  [jvm.dll+0x25b85d]
V  [jvm.dll+0x259dea]
V  [jvm.dll+0x3f857e]
V  [jvm.dll+0x85f59d]
V  [jvm.dll+0x6d626d]
C  [ucrtbase.dll+0x37b0]
C  [KERNEL32.DLL+0x2e8d7]
C  [ntdll.dll+0x8c48c]


---------------  P R O C E S S  ---------------

Threads class SMR info:
_java_thread_list=0x00000142ff1fc670, length=23, elements={
0x00000142a42aea80, 0x00000142a425ba40, 0x00000142a425d9f0, 0x00000142a4358ae0,
0x00000142a4359740, 0x00000142a435d810, 0x00000142a4364d80, 0x00000142a436b0a0,
0x00000142fd022720, 0x00000142fd21d6e0, 0x00000142fd34f770, 0x00000142fe729720,
0x00000142fe8f8050, 0x00000142fe8b1ed0, 0x00000142fe8b2810, 0x00000142fefee040,
0x00000142fea0d6a0, 0x00000142ff1d5750, 0x00000142fed380d0, 0x00000142ff212500,
0x00000142ff20f080, 0x00000142ff210ac0, 0x00000142ff211150
}

Java Threads: ( => current thread )
  0x00000142a42aea80 JavaThread "main"                              [_thread_blocked, id=16348, stack(0x0000002087b00000,0x0000002087c00000) (1024K)]
  0x00000142a425ba40 JavaThread "Reference Handler"          daemon [_thread_blocked, id=16788, stack(0x0000002087f00000,0x0000002088000000) (1024K)]
  0x00000142a425d9f0 JavaThread "Finalizer"                  daemon [_thread_blocked, id=13500, stack(0x0000002088000000,0x0000002088100000) (1024K)]
  0x00000142a4358ae0 JavaThread "Signal Dispatcher"          daemon [_thread_blocked, id=7536, stack(0x0000002088100000,0x0000002088200000) (1024K)]
  0x00000142a4359740 JavaThread "Attach Listener"            daemon [_thread_blocked, id=7988, stack(0x0000002088200000,0x0000002088300000) (1024K)]
  0x00000142a435d810 JavaThread "Service Thread"             daemon [_thread_blocked, id=1660, stack(0x0000002088300000,0x0000002088400000) (1024K)]
  0x00000142a4364d80 JavaThread "Monitor Deflation Thread"   daemon [_thread_blocked, id=6700, stack(0x0000002088400000,0x0000002088500000) (1024K)]
  0x00000142a436b0a0 JavaThread "C2 CompilerThread0"         daemon [_thread_in_native, id=18568, stack(0x0000002088500000,0x0000002088600000) (1024K)]
  0x00000142fd022720 JavaThread "C1 CompilerThread0"         daemon [_thread_in_native, id=20912, stack(0x0000002088600000,0x0000002088700000) (1024K)]
  0x00000142fd21d6e0 JavaThread "Common-Cleaner"             daemon [_thread_blocked, id=4356, stack(0x0000002088700000,0x0000002088800000) (1024K)]
  0x00000142fd34f770 JavaThread "Notification Thread"        daemon [_thread_blocked, id=15500, stack(0x0000002088900000,0x0000002088a00000) (1024K)]
  0x00000142fe729720 JavaThread "Active Thread: Equinox Container: 6fb0683f-8cbc-4711-b084-dd33f49e3bee"        [_thread_blocked, id=22920, stack(0x0000002089100000,0x0000002089200000) (1024K)]
  0x00000142fe8f8050 JavaThread "Refresh Thread: Equinox Container: 6fb0683f-8cbc-4711-b084-dd33f49e3bee" daemon [_thread_blocked, id=20612, stack(0x0000002089300000,0x0000002089400000) (1024K)]
  0x00000142fe8b1ed0 JavaThread "Framework Event Dispatcher: Equinox Container: 6fb0683f-8cbc-4711-b084-dd33f49e3bee" daemon [_thread_blocked, id=17112, stack(0x0000002089400000,0x0000002089500000) (1024K)]
  0x00000142fe8b2810 JavaThread "Start Level: Equinox Container: 6fb0683f-8cbc-4711-b084-dd33f49e3bee" daemon [_thread_in_native, id=5944, stack(0x0000002089500000,0x0000002089600000) (1024K)]
  0x00000142fefee040 JavaThread "Bundle File Closer"         daemon [_thread_blocked, id=11328, stack(0x0000002089800000,0x0000002089900000) (1024K)]
  0x00000142fea0d6a0 JavaThread "SCR Component Actor"        daemon [_thread_blocked, id=13772, stack(0x0000002088800000,0x0000002088900000) (1024K)]
  0x00000142ff1d5750 JavaThread "Worker-JM"                         [_thread_blocked, id=23504, stack(0x0000002089900000,0x0000002089a00000) (1024K)]
=>0x00000142fed380d0 JavaThread "C2 CompilerThread1"         daemon [_thread_in_native, id=14852, stack(0x0000002088a00000,0x0000002088b00000) (1024K)]
  0x00000142ff212500 JavaThread "JNA Cleaner"                daemon [_thread_blocked, id=15844, stack(0x0000002089a00000,0x0000002089b00000) (1024K)]
  0x00000142ff20f080 JavaThread "Worker-0: Checking project encoding"        [_thread_blocked, id=13784, stack(0x0000002089b00000,0x0000002089c00000) (1024K)]
  0x00000142ff210ac0 JavaThread "Worker-1"                          [_thread_blocked, id=2804, stack(0x0000002089c00000,0x0000002089d00000) (1024K)]
  0x00000142ff211150 JavaThread "Worker-2"                          [_thread_blocked, id=6724, stack(0x0000002089d00000,0x0000002089e00000) (1024K)]
Total: 23

Other Threads:
  0x00000142a4350a00 VMThread "VM Thread"                           [id=7956, stack(0x0000002087e00000,0x0000002087f00000) (1024K)]
  0x00000142a413ca00 WatcherThread "VM Periodic Task Thread"        [id=9188, stack(0x0000002087d00000,0x0000002087e00000) (1024K)]
  0x00000142a42cc840 WorkerThread "GC Thread#0"                     [id=16700, stack(0x0000002087c00000,0x0000002087d00000) (1024K)]
  0x00000142fe15bed0 WorkerThread "GC Thread#1"                     [id=8840, stack(0x0000002088b00000,0x0000002088c00000) (1024K)]
  0x00000142fe15c280 WorkerThread "GC Thread#2"                     [id=8256, stack(0x0000002088c00000,0x0000002088d00000) (1024K)]
  0x00000142fe15c630 WorkerThread "GC Thread#3"                     [id=21520, stack(0x0000002088d00000,0x0000002088e00000) (1024K)]
  0x00000142fe15c9e0 WorkerThread "GC Thread#4"                     [id=9132, stack(0x0000002088e00000,0x0000002088f00000) (1024K)]
  0x00000142fe15cd90 WorkerThread "GC Thread#5"                     [id=9348, stack(0x0000002088f00000,0x0000002089000000) (1024K)]
  0x00000142fe2ff690 WorkerThread "GC Thread#6"                     [id=12848, stack(0x0000002089000000,0x0000002089100000) (1024K)]
  0x00000142fe8d8090 WorkerThread "GC Thread#7"                     [id=10464, stack(0x0000002089200000,0x0000002089300000) (1024K)]
  0x00000142ff036420 WorkerThread "GC Thread#8"                     [id=17356, stack(0x0000002089600000,0x0000002089700000) (1024K)]
  0x00000142fef99d80 WorkerThread "GC Thread#9"                     [id=4696, stack(0x0000002089700000,0x0000002089800000) (1024K)]
Total: 12

Threads with active compile tasks:
C2 CompilerThread0  5052 3397       4       org.objectweb.asm.ClassReader::readUtf (44 bytes)
C1 CompilerThread0  5052 3389       3       org.objectweb.asm.ClassReader::readCode (5117 bytes)
C2 CompilerThread1  5052 3106       4       java.lang.invoke.MethodType::makeImpl (109 bytes)
Total: 3

VM state: not at safepoint (normal execution)

VM Mutex/Monitor currently owned by a thread: None

Heap address: 0x0000000080000000, size: 2048 MB, Compressed Oops mode: 32-bit

CDS archive(s) mapped at: [0x00000142bb000000-0x00000142bbba0000-0x00000142bbba0000), size 12189696, SharedBaseAddress: 0x00000142bb000000, ArchiveRelocationMode: 1.
Compressed class space mapped at: 0x00000142bc000000-0x00000142fc000000, reserved size: 1073741824
Narrow klass base: 0x00000142bb000000, Narrow klass shift: 0, Narrow klass range: 0x100000000

GC Precious Log:
 CardTable entry size: 512
 CPUs: 12 total, 12 available
 Memory: 7501M
 Large Page Support: Disabled
 NUMA Support: Disabled
 Compressed Oops: Enabled (32-bit)
 Alignments: Space 512K, Generation 512K, Heap 2M
 Heap Min Capacity: 100M
 Heap Initial Capacity: 100M
 Heap Max Capacity: 2G
 Pre-touch: Disabled
 Parallel Workers: 10

Heap:
 PSYoungGen      total 29184K, used 26129K [0x00000000d5580000, 0x00000000d7a00000, 0x0000000100000000)
  eden space 25088K, 87% used [0x00000000d5580000,0x00000000d6b05f78,0x00000000d6e00000)
  from space 4096K, 99% used [0x00000000d6e80000,0x00000000d727e840,0x00000000d7280000)
  to   space 6144K, 0% used [0x00000000d7400000,0x00000000d7400000,0x00000000d7a00000)
 ParOldGen       total 68608K, used 8358K [0x0000000080000000, 0x0000000084300000, 0x00000000d5580000)
  object space 68608K, 12% used [0x0000000080000000,0x0000000080829980,0x0000000084300000)
 Metaspace       used 18364K, committed 19072K, reserved 1114112K
  class space    used 1935K, committed 2240K, reserved 1048576K

Card table byte_map: [0x00000142a3c50000,0x00000142a4060000] _byte_map_base: 0x00000142a3850000

Marking Bits: (ParMarkBitMap*) 0x00007ff828703450
 Begin Bits: [0x00000142b6760000, 0x00000142b8760000)
 End Bits:   [0x00000142b8760000, 0x00000142ba760000)

Polling page: 0x00000142a20c0000

Metaspace:

Usage:
  Non-class:     16.04 MB used.
      Class:      1.89 MB used.
       Both:     17.93 MB used.

Virtual space:
  Non-class space:       64.00 MB reserved,      16.44 MB ( 26%) committed,  1 nodes.
      Class space:        1.00 GB reserved,       2.19 MB ( <1%) committed,  1 nodes.
             Both:        1.06 GB reserved,      18.62 MB (  2%) committed. 

Chunk freelists:
   Non-Class:  15.00 MB
       Class:  13.65 MB
        Both:  28.65 MB

MaxMetaspaceSize: unlimited
CompressedClassSpaceSize: 1.00 GB
Initial GC threshold: 21.00 MB
Current GC threshold: 21.00 MB
CDS: on
 - commit_granule_bytes: 65536.
 - commit_granule_words: 8192.
 - virtual_space_node_default_size: 8388608.
 - enlarge_chunks_in_place: 1.
 - use_allocation_guard: 0.


Internal statistics:

num_allocs_failed_limit: 0.
num_arena_births: 560.
num_arena_deaths: 0.
num_vsnodes_births: 2.
num_vsnodes_deaths: 0.
num_space_committed: 298.
num_space_uncommitted: 0.
num_chunks_returned_to_freelist: 0.
num_chunks_taken_from_freelist: 1250.
num_chunk_merges: 0.
num_chunk_splits: 787.
num_chunks_enlarged: 524.
num_inconsistent_stats: 0.

CodeHeap 'non-profiled nmethods': size=120000Kb used=1456Kb max_used=1456Kb free=118543Kb
 bounds [0x00000142aef80000, 0x00000142af1f0000, 0x00000142b64b0000]
CodeHeap 'profiled nmethods': size=120000Kb used=6780Kb max_used=6780Kb free=113220Kb
 bounds [0x00000142a74b0000, 0x00000142a7b50000, 0x00000142ae9e0000]
CodeHeap 'non-nmethods': size=5760Kb used=1276Kb max_used=1292Kb free=4483Kb
 bounds [0x00000142ae9e0000, 0x00000142aec50000, 0x00000142aef80000]
CodeCache: size=245760Kb, used=9512Kb, max_used=9528Kb, free=236246Kb
 total_blobs=3935, nmethods=3382, adapters=459, full_count=0
Compilation: enabled, stopped_count=0, restarted_count=0

Compilation events (20 events):
Event: 4.977 Thread 0x00000142fd022720 3357       3       org.apache.felix.resolver.PackageSpaces$5::compute (9 bytes)
Event: 4.978 Thread 0x00000142fd022720 nmethod 3357 0x00000142a7b43390 code [0x00000142a7b43580, 0x00000142a7b43b70]
Event: 4.978 Thread 0x00000142fd022720 3358       3       org.apache.felix.resolver.PackageSpaces$5::compute (8 bytes)
Event: 4.978 Thread 0x00000142fd022720 nmethod 3358 0x00000142a7b43d90 code [0x00000142a7b43f60, 0x00000142a7b443e8]
Event: 4.978 Thread 0x00000142fd022720 3352       1       org.apache.felix.resolver.ResolveSession::getContext (5 bytes)
Event: 4.978 Thread 0x00000142fd022720 nmethod 3352 0x00000142af0e9990 code [0x00000142af0e9b20, 0x00000142af0e9be8]
Event: 4.982 Thread 0x00000142fd022720 3361       3       java.util.Hashtable$Enumerator::nextElement (111 bytes)
Event: 4.983 Thread 0x00000142fd022720 nmethod 3361 0x00000142a7b44590 code [0x00000142a7b44760, 0x00000142a7b44b88]
Event: 4.983 Thread 0x00000142fd022720 3366       1       org.apache.aries.spifly.BundleDescriptor::getFilter (5 bytes)
Event: 4.983 Thread 0x00000142fd022720 nmethod 3366 0x00000142af0e9c90 code [0x00000142af0e9e20, 0x00000142af0e9ee8]
Event: 4.983 Thread 0x00000142fd022720 3364       3       org.eclipse.osgi.internal.framework.FilterImpl$Equal::compare_String (25 bytes)
Event: 4.984 Thread 0x00000142fd022720 nmethod 3364 0x00000142a7b44d10 code [0x00000142a7b44ee0, 0x00000142a7b45150]
Event: 4.984 Thread 0x00000142fd022720 3365       3       org.eclipse.osgi.internal.framework.FilterImpl$Item::matches0 (15 bytes)
Event: 4.984 Thread 0x00000142fd022720 nmethod 3365 0x00000142a7b45210 code [0x00000142a7b453c0, 0x00000142a7b455e8]
Event: 4.984 Thread 0x00000142fd022720 3363       3       java.util.Hashtable::<init> (9 bytes)
Event: 4.985 Thread 0x00000142fd022720 nmethod 3363 0x00000142a7b45710 code [0x00000142a7b458e0, 0x00000142a7b45a28]
Event: 4.985 Thread 0x00000142fd022720 3362  s    1       java.util.Hashtable::size (5 bytes)
Event: 4.985 Thread 0x00000142fd022720 nmethod 3362 0x00000142af0e9f90 code [0x00000142af0ea120, 0x00000142af0ea2a8]
Event: 4.985 Thread 0x00000142fd022720 3367       1       org.apache.aries.spifly.BundleDescriptor::getBundleID (5 bytes)
Event: 4.985 Thread 0x00000142fd022720 nmethod 3367 0x00000142af0ea310 code [0x00000142af0ea4a0, 0x00000142af0ea568]

GC Heap History (10 events):
Event: 1.255 GC heap before
{Heap before GC invocations=1 (full 0):
 PSYoungGen      total 29696K, used 25600K [0x00000000d5580000, 0x00000000d7680000, 0x0000000100000000)
  eden space 25600K, 100% used [0x00000000d5580000,0x00000000d6e80000,0x00000000d6e80000)
  from space 4096K, 0% used [0x00000000d7280000,0x00000000d7280000,0x00000000d7680000)
  to   space 4096K, 0% used [0x00000000d6e80000,0x00000000d6e80000,0x00000000d7280000)
 ParOldGen       total 68608K, used 0K [0x0000000080000000, 0x0000000084300000, 0x00000000d5580000)
  object space 68608K, 0% used [0x0000000080000000,0x0000000080000000,0x0000000084300000)
 Metaspace       used 4324K, committed 4608K, reserved 1114112K
  class space    used 473K, committed 576K, reserved 1048576K
}
Event: 1.268 GC heap after
{Heap after GC invocations=1 (full 0):
 PSYoungGen      total 29696K, used 3319K [0x00000000d5580000, 0x00000000d7680000, 0x0000000100000000)
  eden space 25600K, 0% used [0x00000000d5580000,0x00000000d5580000,0x00000000d6e80000)
  from space 4096K, 81% used [0x00000000d6e80000,0x00000000d71bde88,0x00000000d7280000)
  to   space 4096K, 0% used [0x00000000d7280000,0x00000000d7280000,0x00000000d7680000)
 ParOldGen       total 68608K, used 16K [0x0000000080000000, 0x0000000084300000, 0x00000000d5580000)
  object space 68608K, 0% used [0x0000000080000000,0x0000000080004000,0x0000000084300000)
 Metaspace       used 4324K, committed 4608K, reserved 1114112K
  class space    used 473K, committed 576K, reserved 1048576K
}
Event: 2.188 GC heap before
{Heap before GC invocations=2 (full 0):
 PSYoungGen      total 29696K, used 28919K [0x00000000d5580000, 0x00000000d7680000, 0x0000000100000000)
  eden space 25600K, 100% used [0x00000000d5580000,0x00000000d6e80000,0x00000000d6e80000)
  from space 4096K, 81% used [0x00000000d6e80000,0x00000000d71bde88,0x00000000d7280000)
  to   space 4096K, 0% used [0x00000000d7280000,0x00000000d7280000,0x00000000d7680000)
 ParOldGen       total 68608K, used 16K [0x0000000080000000, 0x0000000084300000, 0x00000000d5580000)
  object space 68608K, 0% used [0x0000000080000000,0x0000000080004000,0x0000000084300000)
 Metaspace       used 7960K, committed 8256K, reserved 1114112K
  class space    used 830K, committed 960K, reserved 1048576K
}
Event: 2.197 GC heap after
{Heap after GC invocations=2 (full 0):
 PSYoungGen      total 29696K, used 4070K [0x00000000d5580000, 0x00000000d7680000, 0x0000000100000000)
  eden space 25600K, 0% used [0x00000000d5580000,0x00000000d5580000,0x00000000d6e80000)
  from space 4096K, 99% used [0x00000000d7280000,0x00000000d7679800,0x00000000d7680000)
  to   space 4096K, 0% used [0x00000000d6e80000,0x00000000d6e80000,0x00000000d7280000)
 ParOldGen       total 68608K, used 2177K [0x0000000080000000, 0x0000000084300000, 0x00000000d5580000)
  object space 68608K, 3% used [0x0000000080000000,0x0000000080220638,0x0000000084300000)
 Metaspace       used 7960K, committed 8256K, reserved 1114112K
  class space    used 830K, committed 960K, reserved 1048576K
}
Event: 2.770 GC heap before
{Heap before GC invocations=3 (full 0):
 PSYoungGen      total 29696K, used 29575K [0x00000000d5580000, 0x00000000d7680000, 0x0000000100000000)
  eden space 25600K, 99% used [0x00000000d5580000,0x00000000d6e68550,0x00000000d6e80000)
  from space 4096K, 99% used [0x00000000d7280000,0x00000000d7679800,0x00000000d7680000)
  to   space 4096K, 0% used [0x00000000d6e80000,0x00000000d6e80000,0x00000000d7280000)
 ParOldGen       total 68608K, used 2177K [0x0000000080000000, 0x0000000084300000, 0x00000000d5580000)
  object space 68608K, 3% used [0x0000000080000000,0x0000000080220638,0x0000000084300000)
 Metaspace       used 9435K, committed 9792K, reserved 1114112K
  class space    used 1010K, committed 1152K, reserved 1048576K
}
Event: 2.780 GC heap after
{Heap after GC invocations=3 (full 0):
 PSYoungGen      total 29696K, used 4083K [0x00000000d5580000, 0x00000000d7680000, 0x0000000100000000)
  eden space 25600K, 0% used [0x00000000d5580000,0x00000000d5580000,0x00000000d6e80000)
  from space 4096K, 99% used [0x00000000d6e80000,0x00000000d727cce8,0x00000000d7280000)
  to   space 4096K, 0% used [0x00000000d7280000,0x00000000d7280000,0x00000000d7680000)
 ParOldGen       total 68608K, used 4929K [0x0000000080000000, 0x0000000084300000, 0x00000000d5580000)
  object space 68608K, 7% used [0x0000000080000000,0x00000000804d06f0,0x0000000084300000)
 Metaspace       used 9435K, committed 9792K, reserved 1114112K
  class space    used 1010K, committed 1152K, reserved 1048576K
}
Event: 3.595 GC heap before
{Heap before GC invocations=4 (full 0):
 PSYoungGen      total 29696K, used 29683K [0x00000000d5580000, 0x00000000d7680000, 0x0000000100000000)
  eden space 25600K, 100% used [0x00000000d5580000,0x00000000d6e80000,0x00000000d6e80000)
  from space 4096K, 99% used [0x00000000d6e80000,0x00000000d727cce8,0x00000000d7280000)
  to   space 4096K, 0% used [0x00000000d7280000,0x00000000d7280000,0x00000000d7680000)
 ParOldGen       total 68608K, used 4929K [0x0000000080000000, 0x0000000084300000, 0x00000000d5580000)
  object space 68608K, 7% used [0x0000000080000000,0x00000000804d06f0,0x0000000084300000)
 Metaspace       used 11540K, committed 11904K, reserved 1114112K
  class space    used 1218K, committed 1408K, reserved 1048576K
}
Event: 3.601 GC heap after
{Heap after GC invocations=4 (full 0):
 PSYoungGen      total 29696K, used 4074K [0x00000000d5580000, 0x00000000d7680000, 0x0000000100000000)
  eden space 25600K, 0% used [0x00000000d5580000,0x00000000d5580000,0x00000000d6e80000)
  from space 4096K, 99% used [0x00000000d7280000,0x00000000d767aa38,0x00000000d7680000)
  to   space 4096K, 0% used [0x00000000d6e80000,0x00000000d6e80000,0x00000000d7280000)
 ParOldGen       total 68608K, used 6890K [0x0000000080000000, 0x0000000084300000, 0x00000000d5580000)
  object space 68608K, 10% used [0x0000000080000000,0x00000000806ba950,0x0000000084300000)
 Metaspace       used 11540K, committed 11904K, reserved 1114112K
  class space    used 1218K, committed 1408K, reserved 1048576K
}
Event: 4.445 GC heap before
{Heap before GC invocations=5 (full 0):
 PSYoungGen      total 29696K, used 29674K [0x00000000d5580000, 0x00000000d7680000, 0x0000000100000000)
  eden space 25600K, 100% used [0x00000000d5580000,0x00000000d6e80000,0x00000000d6e80000)
  from space 4096K, 99% used [0x00000000d7280000,0x00000000d767aa38,0x00000000d7680000)
  to   space 4096K, 0% used [0x00000000d6e80000,0x00000000d6e80000,0x00000000d7280000)
 ParOldGen       total 68608K, used 6890K [0x0000000080000000, 0x0000000084300000, 0x00000000d5580000)
  object space 68608K, 10% used [0x0000000080000000,0x00000000806ba950,0x0000000084300000)
 Metaspace       used 15415K, committed 16000K, reserved 1114112K
  class space    used 1598K, committed 1856K, reserved 1048576K
}
Event: 4.450 GC heap after
{Heap after GC invocations=5 (full 0):
 PSYoungGen      total 29184K, used 4090K [0x00000000d5580000, 0x00000000d7a00000, 0x0000000100000000)
  eden space 25088K, 0% used [0x00000000d5580000,0x00000000d5580000,0x00000000d6e00000)
  from space 4096K, 99% used [0x00000000d6e80000,0x00000000d727e840,0x00000000d7280000)
  to   space 6144K, 0% used [0x00000000d7400000,0x00000000d7400000,0x00000000d7a00000)
 ParOldGen       total 68608K, used 8358K [0x0000000080000000, 0x0000000084300000, 0x00000000d5580000)
  object space 68608K, 12% used [0x0000000080000000,0x0000000080829980,0x0000000084300000)
 Metaspace       used 15415K, committed 16000K, reserved 1114112K
  class space    used 1598K, committed 1856K, reserved 1048576K
}

Dll operation events (10 events):
Event: 0.047 Loaded shared library c:\Users\kalra\.vscode\extensions\redhat.java-1.53.0-win32-x64\jre\21.0.10-win32-x86_64\bin\java.dll
Event: 0.203 Loaded shared library c:\Users\kalra\.vscode\extensions\redhat.java-1.53.0-win32-x64\jre\21.0.10-win32-x86_64\bin\zip.dll
Event: 0.249 Loaded shared library C:\Users\kalra\.vscode\extensions\redhat.java-1.53.0-win32-x64\jre\21.0.10-win32-x86_64\bin\instrument.dll
Event: 0.261 Loaded shared library C:\Users\kalra\.vscode\extensions\redhat.java-1.53.0-win32-x64\jre\21.0.10-win32-x86_64\bin\net.dll
Event: 0.266 Loaded shared library C:\Users\kalra\.vscode\extensions\redhat.java-1.53.0-win32-x64\jre\21.0.10-win32-x86_64\bin\nio.dll
Event: 0.272 Loaded shared library C:\Users\kalra\.vscode\extensions\redhat.java-1.53.0-win32-x64\jre\21.0.10-win32-x86_64\bin\zip.dll
Event: 0.312 Loaded shared library C:\Users\kalra\.vscode\extensions\redhat.java-1.53.0-win32-x64\jre\21.0.10-win32-x86_64\bin\jimage.dll
Event: 0.453 Loaded shared library c:\Users\kalra\.vscode\extensions\redhat.java-1.53.0-win32-x64\jre\21.0.10-win32-x86_64\bin\verify.dll
Event: 2.241 Loaded shared library C:\Users\kalra\AppData\Roaming\Code\User\globalStorage\redhat.java\1.53.0\config_win\org.eclipse.equinox.launcher\org.eclipse.equinox.launcher.win32.win32.x86_64_1.3.0.v20260203-2149\eclipse_11919.dll
Event: 4.615 Loaded shared library C:\Users\kalra\AppData\Local\Temp\jna-101813893\jna1627320882432491282.dll

Deoptimization events (20 events):
Event: 4.673 Thread 0x00000142fe8b2810 Uncommon trap: trap_request=0xffffffc6 fr.pc=0x00000142af03668c relative=0x0000000000000b8c
Event: 4.673 Thread 0x00000142fe8b2810 Uncommon trap: reason=bimorphic_or_optimized_type_check action=maybe_recompile pc=0x00000142af03668c method=java.util.HashMap.putVal(ILjava/lang/Object;Ljava/lang/Object;ZZ)Ljava/lang/Object; @ 91 c2
Event: 4.673 Thread 0x00000142fe8b2810 DEOPT PACKING pc=0x00000142af03668c sp=0x00000020895f7ee0
Event: 4.674 Thread 0x00000142fe8b2810 DEOPT UNPACKING pc=0x00000142aea33aa2 sp=0x00000020895f7e08 mode 2
Event: 4.710 Thread 0x00000142fe8b2810 Uncommon trap: trap_request=0xffffff45 fr.pc=0x00000142af0d7824 relative=0x0000000000000084
Event: 4.710 Thread 0x00000142fe8b2810 Uncommon trap: reason=unstable_if action=reinterpret pc=0x00000142af0d7824 method=java.lang.ref.SoftReference.get()Ljava/lang/Object; @ 6 c2
Event: 4.710 Thread 0x00000142fe8b2810 DEOPT PACKING pc=0x00000142af0d7824 sp=0x00000020895f9760
Event: 4.710 Thread 0x00000142fe8b2810 DEOPT UNPACKING pc=0x00000142aea33aa2 sp=0x00000020895f96f8 mode 2
Event: 4.738 Thread 0x00000142ff20f080 Uncommon trap: trap_request=0xffffff45 fr.pc=0x00000142af06a4e0 relative=0x00000000000000c0
Event: 4.738 Thread 0x00000142ff20f080 Uncommon trap: reason=unstable_if action=reinterpret pc=0x00000142af06a4e0 method=java.util.concurrent.locks.ReentrantLock$NonfairSync.initialTryLock()Z @ 25 c2
Event: 4.738 Thread 0x00000142ff20f080 DEOPT PACKING pc=0x00000142af06a4e0 sp=0x0000002089bfdf50
Event: 4.738 Thread 0x00000142ff20f080 DEOPT UNPACKING pc=0x00000142aea33aa2 sp=0x0000002089bfded0 mode 2
Event: 4.785 Thread 0x00000142fe8b2810 Uncommon trap: trap_request=0xffffff45 fr.pc=0x00000142af09da90 relative=0x0000000000000070
Event: 4.785 Thread 0x00000142fe8b2810 Uncommon trap: reason=unstable_if action=reinterpret pc=0x00000142af09da90 method=java.lang.ref.ReferenceQueue.poll()Ljava/lang/ref/Reference; @ 4 c2
Event: 4.785 Thread 0x00000142fe8b2810 DEOPT PACKING pc=0x00000142af09da90 sp=0x00000020895f3100
Event: 4.785 Thread 0x00000142fe8b2810 DEOPT UNPACKING pc=0x00000142aea33aa2 sp=0x00000020895f3088 mode 2
Event: 4.988 Thread 0x00000142fe8b2810 Uncommon trap: trap_request=0xffffff45 fr.pc=0x00000142af0ad644 relative=0x00000000000000a4
Event: 4.988 Thread 0x00000142fe8b2810 Uncommon trap: reason=unstable_if action=reinterpret pc=0x00000142af0ad644 method=java.lang.ref.ReferenceQueue.poll()Ljava/lang/ref/Reference; @ 4 c2
Event: 4.989 Thread 0x00000142fe8b2810 DEOPT PACKING pc=0x00000142af0ad644 sp=0x00000020895f38f0
Event: 4.989 Thread 0x00000142fe8b2810 DEOPT UNPACKING pc=0x00000142aea33aa2 sp=0x00000020895f37d8 mode 2

Classes loaded (20 events):
Event: 4.703 Loading class java/lang/ThreadDeath
Event: 4.703 Loading class java/lang/ThreadDeath done
Event: 4.716 Loading class java/util/stream/SortedOps$SizedRefSortingSink
Event: 4.716 Loading class java/util/stream/SortedOps$SizedRefSortingSink done
Event: 4.755 Loading class java/util/concurrent/atomic/Striped64$1
Event: 4.755 Loading class java/util/concurrent/atomic/Striped64$1 done
Event: 4.851 Loading class java/util/BitSet
Event: 4.851 Loading class java/util/BitSet done
Event: 4.859 Loading class sun/net/www/protocol/jrt/JavaRuntimeURLConnection
Event: 4.860 Loading class sun/net/www/protocol/jrt/JavaRuntimeURLConnection done
Event: 4.860 Loading class sun/net/www/protocol/jrt/JavaRuntimeURLConnection$1
Event: 4.860 Loading class sun/net/www/protocol/jrt/JavaRuntimeURLConnection$1 done
Event: 4.887 Loading class java/util/function/UnaryOperator
Event: 4.887 Loading class java/util/function/UnaryOperator done
Event: 4.891 Loading class java/util/ServiceConfigurationError
Event: 4.891 Loading class java/util/ServiceConfigurationError done
Event: 4.909 Loading class java/lang/InheritableThreadLocal
Event: 4.909 Loading class java/lang/InheritableThreadLocal done
Event: 4.980 Loading class java/security/AccessControlException
Event: 4.980 Loading class java/security/AccessControlException done

Classes unloaded (0 events):
No events

Classes redefined (0 events):
No events

Internal exceptions (20 events):
Event: 4.503 Thread 0x00000142fe8b2810 Exception <a 'java/lang/NoSuchMethodError'{0x00000000d57ec820}: 'java.lang.Object java.lang.invoke.DirectMethodHandle$Holder.invokeStaticInit(java.lang.Object, int)'> (0x00000000d57ec820) 
thrown [s\src\hotspot\share\interpreter\linkResolver.cpp, line 773]
Event: 4.552 Thread 0x00000142fe8b2810 Exception <a 'java/lang/NoSuchMethodError'{0x00000000d5a694f8}: 'java.lang.Object java.lang.invoke.DirectMethodHandle$Holder.invokeStaticInit(java.lang.Object, int, int, int, int)'> (0x00000000d5a694f8) 
thrown [s\src\hotspot\share\interpreter\linkResolver.cpp, line 773]
Event: 4.598 Thread 0x00000142fe8b2810 Exception <a 'java/lang/NoSuchMethodError'{0x00000000d5b90938}: 'java.lang.Object java.lang.invoke.DirectMethodHandle$Holder.invokeStaticInit(java.lang.Object, java.lang.Object, int, int, int, int)'> (0x00000000d5b90938) 
thrown [s\src\hotspot\share\interpreter\linkResolver.cpp, line 773]
Event: 4.646 Thread 0x00000142fe8b2810 Exception <a 'java/lang/NoSuchMethodError'{0x00000000d5ca73c8}: 'void java.lang.invoke.DirectMethodHandle$Holder.invokeSpecial(java.lang.Object, java.lang.Object, java.lang.Object, int)'> (0x00000000d5ca73c8) 
thrown [s\src\hotspot\share\interpreter\linkResolver.cpp, line 773]
Event: 4.647 Thread 0x00000142fe8b2810 Exception <a 'java/lang/NoSuchMethodError'{0x00000000d5caad58}: 'void java.lang.invoke.DelegatingMethodHandle$Holder.reinvoke_L(java.lang.Object, java.lang.Object, int)'> (0x00000000d5caad58) 
thrown [s\src\hotspot\share\interpreter\linkResolver.cpp, line 773]
Event: 4.647 Thread 0x00000142fe8b2810 Exception <a 'java/lang/NoSuchMethodError'{0x00000000d5cb1a40}: 'int java.lang.invoke.Invokers$Holder.invokeExact_MT(java.lang.Object, java.lang.Object, java.lang.Object)'> (0x00000000d5cb1a40) 
thrown [s\src\hotspot\share\interpreter\linkResolver.cpp, line 773]
Event: 4.676 Thread 0x00000142fe8b2810 Exception <a 'java/lang/NoSuchMethodError'{0x00000000d5dd82f8}: 'void java.lang.invoke.Invokers$Holder.invokeExact_MT(java.lang.Object, java.lang.Object, int, java.lang.Object)'> (0x00000000d5dd82f8) 
thrown [s\src\hotspot\share\interpreter\linkResolver.cpp, line 773]
Event: 4.699 Thread 0x00000142fe8b2810 Exception <a 'java/lang/NoSuchMethodError'{0x00000000d5ee2318}: 'java.lang.Object java.lang.invoke.DirectMethodHandle$Holder.invokeSpecial(java.lang.Object, java.lang.Object, java.lang.Object, long, java.lang.Object)'> (0x00000000d5ee2318) 
thrown [s\src\hotspot\share\interpreter\linkResolver.cpp, line 773]
Event: 4.700 Thread 0x00000142fe8b2810 Exception <a 'java/lang/NoSuchMethodError'{0x00000000d5ee9b60}: 'java.lang.Object java.lang.invoke.DirectMethodHandle$Holder.newInvokeSpecial(java.lang.Object, java.lang.Object, java.lang.Object, long)'> (0x00000000d5ee9b60) 
thrown [s\src\hotspot\share\interpreter\linkResolver.cpp, line 773]
Event: 4.701 Thread 0x00000142fe8b2810 Exception <a 'java/lang/NoSuchMethodError'{0x00000000d5eedf10}: 'java.lang.Object java.lang.invoke.DirectMethodHandle$Holder.invokeSpecial(java.lang.Object, java.lang.Object, java.lang.Object, java.lang.Object, long)'> (0x00000000d5eedf10) 
thrown [s\src\hotspot\share\interpreter\linkResolver.cpp, line 773]
Event: 4.701 Thread 0x00000142fe8b2810 Exception <a 'java/lang/NoSuchMethodError'{0x00000000d5ef1b30}: 'java.lang.Object java.lang.invoke.Invokers$Holder.linkToTargetMethod(java.lang.Object, java.lang.Object, long, java.lang.Object)'> (0x00000000d5ef1b30) 
thrown [s\src\hotspot\share\interpreter\linkResolver.cpp, line 773]
Event: 4.712 Thread 0x00000142fe8b2810 Exception <a 'java/lang/NoSuchMethodError'{0x00000000d5f52da8}: 'int java.lang.invoke.DirectMethodHandle$Holder.invokeStaticInit(java.lang.Object, java.lang.Object, java.lang.Object)'> (0x00000000d5f52da8) 
thrown [s\src\hotspot\share\interpreter\linkResolver.cpp, line 773]
Event: 4.729 Thread 0x00000142fe8b2810 Exception <a 'java/lang/IncompatibleClassChangeError'{0x00000000d601d348}: Found class java.lang.Object, but interface was expected> (0x00000000d601d348) 
thrown [s\src\hotspot\share\interpreter\linkResolver.cpp, line 840]
Event: 4.733 Thread 0x00000142fe8b2810 Exception <a 'java/lang/NoSuchMethodError'{0x00000000d602cea8}: 'java.lang.Object java.lang.invoke.DirectMethodHandle$Holder.invokeSpecial(java.lang.Object, java.lang.Object, java.lang.Object, int, java.lang.Object, java.lang.Object)'> (0x00000000d602cea8) 
thrown [s\src\hotspot\share\interpreter\linkResolver.cpp, line 773]
Event: 4.734 Thread 0x00000142fe8b2810 Exception <a 'java/lang/NoSuchMethodError'{0x00000000d60348c0}: 'java.lang.Object java.lang.invoke.DirectMethodHandle$Holder.newInvokeSpecial(java.lang.Object, java.lang.Object, java.lang.Object, int, java.lang.Object)'> (0x00000000d60348c0) 
thrown [s\src\hotspot\share\interpreter\linkResolver.cpp, line 773]
Event: 4.734 Thread 0x00000142fe8b2810 Exception <a 'java/lang/NoSuchMethodError'{0x00000000d6038840}: 'java.lang.Object java.lang.invoke.DirectMethodHandle$Holder.invokeSpecial(java.lang.Object, java.lang.Object, java.lang.Object, java.lang.Object, int, java.lang.Object)'> (0x00000000d6038840) 
thrown [s\src\hotspot\share\interpreter\linkResolver.cpp, line 773]
Event: 4.734 Thread 0x00000142fe8b2810 Exception <a 'java/lang/NoSuchMethodError'{0x00000000d603c380}: 'java.lang.Object java.lang.invoke.Invokers$Holder.linkToTargetMethod(java.lang.Object, java.lang.Object, int, java.lang.Object, java.lang.Object)'> (0x00000000d603c380) 
thrown [s\src\hotspot\share\interpreter\linkResolver.cpp, line 773]
Event: 4.735 Thread 0x00000142ff20f080 Exception <a 'java/lang/NoSuchMethodError'{0x00000000d5f6c6b0}: 'java.lang.Object java.lang.invoke.DirectMethodHandle$Holder.invokeSpecial(java.lang.Object, java.lang.Object, int, java.lang.Object, java.lang.Object)'> (0x00000000d5f6c6b0) 
thrown [s\src\hotspot\share\interpreter\linkResolver.cpp, line 773]
Event: 4.758 Thread 0x00000142fe8b2810 Exception <a 'java/lang/NoSuchMethodError'{0x00000000d615e2d8}: 'void java.lang.invoke.DirectMethodHandle$Holder.invokeSpecial(java.lang.Object, java.lang.Object, java.lang.Object, java.lang.Object, java.lang.Object)'> (0x00000000d615e2d8) 
thrown [s\src\hotspot\share\interpreter\linkResolver.cpp, line 773]
Event: 4.986 Thread 0x00000142fe8b2810 Exception <a 'java/lang/NoSuchMethodError'{0x00000000d69228a0}: 'java.lang.Object java.lang.invoke.DirectMethodHandle$Holder.invokeInterface(java.lang.Object, java.lang.Object, java.lang.Object)'> (0x00000000d69228a0) 
thrown [s\src\hotspot\share\interpreter\linkResolver.cpp, line 773]

ZGC Phase Switch (0 events):
No events

VM Operations (20 events):
Event: 3.587 Executing non-safepoint VM operation: HandshakeAllThreads (Deoptimize)
Event: 3.587 Executing non-safepoint VM operation: HandshakeAllThreads (Deoptimize) done
Event: 3.595 Executing safepoint VM operation: ParallelGCFailedAllocation (Allocation Failure)
Event: 3.601 Executing safepoint VM operation: ParallelGCFailedAllocation (Allocation Failure) done
Event: 4.403 Executing non-safepoint VM operation: HandshakeAllThreads (Deoptimize)
Event: 4.403 Executing non-safepoint VM operation: HandshakeAllThreads (Deoptimize) done
Event: 4.444 Executing safepoint VM operation: ParallelGCFailedAllocation (Allocation Failure)
Event: 4.450 Executing safepoint VM operation: ParallelGCFailedAllocation (Allocation Failure) done
Event: 4.584 Executing non-safepoint VM operation: HandshakeAllThreads (Deoptimize)
Event: 4.585 Executing non-safepoint VM operation: HandshakeAllThreads (Deoptimize) done
Event: 4.626 Executing non-safepoint VM operation: HandshakeAllThreads (Deoptimize)
Event: 4.626 Executing non-safepoint VM operation: HandshakeAllThreads (Deoptimize) done
Event: 4.861 Executing non-safepoint VM operation: HandshakeAllThreads (Deoptimize)
Event: 4.862 Executing non-safepoint VM operation: HandshakeAllThreads (Deoptimize) done
Event: 4.917 Executing non-safepoint VM operation: HandshakeAllThreads (Deoptimize)
Event: 4.917 Executing non-safepoint VM operation: HandshakeAllThreads (Deoptimize) done
Event: 4.930 Executing non-safepoint VM operation: HandshakeAllThreads (Deoptimize)
Event: 4.930 Executing non-safepoint VM operation: HandshakeAllThreads (Deoptimize) done
Event: 4.978 Executing non-safepoint VM operation: HandshakeAllThreads (Deoptimize)
Event: 4.978 Executing non-safepoint VM operation: HandshakeAllThreads (Deoptimize) done

Memory protections (0 events):
No events

Nmethod flushes (0 events):
No events

Events (20 events):
Event: 0.619 Thread 0x00000142a42aea80 Thread added: 0x00000142fd34f770
Event: 0.747 Thread 0x00000142fd022720 Thread added: 0x00000142fd3aa0a0
Event: 1.877 Thread 0x00000142a42aea80 Thread added: 0x00000142fe729720
Event: 2.230 Thread 0x00000142a42aea80 Thread added: 0x00000142fe8f8050
Event: 2.291 Thread 0x00000142fe8f8050 Thread added: 0x00000142fe8b1ed0
Event: 2.298 Thread 0x00000142a42aea80 Thread added: 0x00000142fe8b2810
Event: 2.320 Thread 0x00000142fd3aa0a0 Thread exited: 0x00000142fd3aa0a0
Event: 2.508 Thread 0x00000142fd022720 Thread added: 0x00000142fead9ae0
Event: 2.883 Thread 0x00000142fe8b2810 Thread added: 0x00000142fefee040
Event: 3.033 Thread 0x00000142fead9ae0 Thread exited: 0x00000142fead9ae0
Event: 3.552 Thread 0x00000142fd29cc60 Thread exited: 0x00000142fd29cc60
Event: 3.567 Thread 0x00000142fe8b2810 Thread added: 0x00000142fea0d6a0
Event: 3.704 Thread 0x00000142fd022720 Thread added: 0x00000142fed380d0
Event: 4.114 Thread 0x00000142fe8b2810 Thread added: 0x00000142ff1d5750
Event: 4.326 Thread 0x00000142fed380d0 Thread exited: 0x00000142fed380d0
Event: 4.462 Thread 0x00000142fd022720 Thread added: 0x00000142fed380d0
Event: 4.658 Thread 0x00000142fe8b2810 Thread added: 0x00000142ff212500
Event: 4.706 Thread 0x00000142fe8b2810 Thread added: 0x00000142ff20f080
Event: 4.736 Thread 0x00000142fe8b2810 Thread added: 0x00000142ff210ac0
Event: 4.737 Thread 0x00000142ff20f080 Thread added: 0x00000142ff211150


Dynamic libraries:
0x00007ff7b34e0000 - 0x00007ff7b34ee000 	c:\Users\kalra\.vscode\extensions\redhat.java-1.53.0-win32-x64\jre\21.0.10-win32-x86_64\bin\java.exe
0x00007ff8b4ac0000 - 0x00007ff8b4d27000 	C:\WINDOWS\SYSTEM32\ntdll.dll
0x00007ff8b2bb0000 - 0x00007ff8b2c79000 	C:\WINDOWS\System32\KERNEL32.DLL
0x00007ff8b1580000 - 0x00007ff8b1971000 	C:\WINDOWS\System32\KERNELBASE.dll
0x00007ff8b22b0000 - 0x00007ff8b23fb000 	C:\WINDOWS\System32\ucrtbase.dll
0x00007ff8a56e0000 - 0x00007ff8a56f8000 	c:\Users\kalra\.vscode\extensions\redhat.java-1.53.0-win32-x64\jre\21.0.10-win32-x86_64\bin\jli.dll
0x00007ff8958e0000 - 0x00007ff8958fe000 	c:\Users\kalra\.vscode\extensions\redhat.java-1.53.0-win32-x64\jre\21.0.10-win32-x86_64\bin\VCRUNTIME140.dll
0x00007ff8b4420000 - 0x00007ff8b45e5000 	C:\WINDOWS\System32\USER32.dll
0x00007ff8b1980000 - 0x00007ff8b19a7000 	C:\WINDOWS\System32\win32u.dll
0x00007ff89a420000 - 0x00007ff89a6b3000 	C:\WINDOWS\WinSxS\amd64_microsoft.windows.common-controls_6595b64144ccf1df_6.0.26100.8037_none_3e092faae333b53b\COMCTL32.dll
0x00007ff8b3f70000 - 0x00007ff8b4019000 	C:\WINDOWS\System32\msvcrt.dll
0x00007ff8b3f40000 - 0x00007ff8b3f6b000 	C:\WINDOWS\System32\GDI32.dll
0x00007ff8b13a0000 - 0x00007ff8b14cb000 	C:\WINDOWS\System32\gdi32full.dll
0x00007ff8b14d0000 - 0x00007ff8b1573000 	C:\WINDOWS\System32\msvcp_win.dll
0x00007ff8b4870000 - 0x00007ff8b48a1000 	C:\WINDOWS\System32\IMM32.DLL
0x00007ff8acca0000 - 0x00007ff8accac000 	c:\Users\kalra\.vscode\extensions\redhat.java-1.53.0-win32-x64\jre\21.0.10-win32-x86_64\bin\vcruntime140_1.dll
0x00007ff86a840000 - 0x00007ff86a8cd000 	c:\Users\kalra\.vscode\extensions\redhat.java-1.53.0-win32-x64\jre\21.0.10-win32-x86_64\bin\msvcp140.dll
0x00007ff827a40000 - 0x00007ff8287e1000 	c:\Users\kalra\.vscode\extensions\redhat.java-1.53.0-win32-x64\jre\21.0.10-win32-x86_64\bin\server\jvm.dll
0x00007ff8b4780000 - 0x00007ff8b483b000 	C:\WINDOWS\System32\ADVAPI32.dll
0x00007ff8b3630000 - 0x00007ff8b36d7000 	C:\WINDOWS\System32\sechost.dll
0x00007ff8b2d40000 - 0x00007ff8b2e58000 	C:\WINDOWS\System32\RPCRT4.dll
0x00007ff8b2e60000 - 0x00007ff8b2ed4000 	C:\WINDOWS\System32\WS2_32.dll
0x00007ff8b1200000 - 0x00007ff8b125e000 	C:\WINDOWS\SYSTEM32\POWRPROF.dll
0x00007ff8aa610000 - 0x00007ff8aa645000 	C:\WINDOWS\SYSTEM32\WINMM.dll
0x00007ff8aa600000 - 0x00007ff8aa60b000 	C:\WINDOWS\SYSTEM32\VERSION.dll
0x00007ff8b11e0000 - 0x00007ff8b11f4000 	C:\WINDOWS\SYSTEM32\UMPDC.dll
0x00007ff8b0130000 - 0x00007ff8b014b000 	C:\WINDOWS\SYSTEM32\kernel.appcore.dll
0x00007ff899cd0000 - 0x00007ff899cda000 	c:\Users\kalra\.vscode\extensions\redhat.java-1.53.0-win32-x64\jre\21.0.10-win32-x86_64\bin\jimage.dll
0x00007ff8a5b80000 - 0x00007ff8a5dc2000 	C:\WINDOWS\SYSTEM32\DBGHELP.DLL
0x00007ff8b4080000 - 0x00007ff8b4402000 	C:\WINDOWS\System32\combase.dll
0x00007ff8b3550000 - 0x00007ff8b3627000 	C:\WINDOWS\System32\OLEAUT32.dll
0x00007ff895010000 - 0x00007ff89504b000 	C:\WINDOWS\SYSTEM32\dbgcore.DLL
0x00007ff8b2400000 - 0x00007ff8b24a5000 	C:\WINDOWS\System32\bcryptPrimitives.dll
0x00007ff8958d0000 - 0x00007ff8958df000 	c:\Users\kalra\.vscode\extensions\redhat.java-1.53.0-win32-x64\jre\21.0.10-win32-x86_64\bin\instrument.dll
0x00007ff882410000 - 0x00007ff882430000 	c:\Users\kalra\.vscode\extensions\redhat.java-1.53.0-win32-x64\jre\21.0.10-win32-x86_64\bin\java.dll
0x00007ff8b37d0000 - 0x00007ff8b3f2f000 	C:\WINDOWS\System32\SHELL32.dll
0x00007ff8b26f0000 - 0x00007ff8b285a000 	C:\WINDOWS\System32\wintypes.dll
0x00007ff8b19b0000 - 0x00007ff8b2214000 	C:\WINDOWS\System32\windows.storage.dll
0x00007ff8b4980000 - 0x00007ff8b4a77000 	C:\WINDOWS\System32\SHCORE.dll
0x00007ff8b36e0000 - 0x00007ff8b3747000 	C:\WINDOWS\System32\shlwapi.dll
0x00007ff8b12c0000 - 0x00007ff8b12e9000 	C:\WINDOWS\SYSTEM32\profapi.dll
0x00007ff878a60000 - 0x00007ff878a78000 	c:\Users\kalra\.vscode\extensions\redhat.java-1.53.0-win32-x64\jre\21.0.10-win32-x86_64\bin\zip.dll
0x00007ff8958c0000 - 0x00007ff8958d0000 	C:\Users\kalra\.vscode\extensions\redhat.java-1.53.0-win32-x64\jre\21.0.10-win32-x86_64\bin\net.dll
0x00007ff8aa810000 - 0x00007ff8aa937000 	C:\WINDOWS\SYSTEM32\WINHTTP.dll
0x00007ff8b06a0000 - 0x00007ff8b070b000 	C:\WINDOWS\system32\mswsock.dll
0x00007ff86cc90000 - 0x00007ff86cca6000 	C:\Users\kalra\.vscode\extensions\redhat.java-1.53.0-win32-x64\jre\21.0.10-win32-x86_64\bin\nio.dll
0x00007ff887670000 - 0x00007ff887680000 	c:\Users\kalra\.vscode\extensions\redhat.java-1.53.0-win32-x64\jre\21.0.10-win32-x86_64\bin\verify.dll
0x00007ff876690000 - 0x00007ff8766d5000 	C:\Users\kalra\AppData\Roaming\Code\User\globalStorage\redhat.java\1.53.0\config_win\org.eclipse.equinox.launcher\org.eclipse.equinox.launcher.win32.win32.x86_64_1.3.0.v20260203-2149\eclipse_11919.dll
0x00007ff8b2a10000 - 0x00007ff8b2ba5000 	C:\WINDOWS\System32\ole32.dll
0x00007ff8b0980000 - 0x00007ff8b099b000 	C:\WINDOWS\SYSTEM32\CRYPTSP.dll
0x00007ff8b0090000 - 0x00007ff8b00c9000 	C:\WINDOWS\system32\rsaenh.dll
0x00007ff8b0750000 - 0x00007ff8b0782000 	C:\WINDOWS\SYSTEM32\USERENV.dll
0x00007ff8b1290000 - 0x00007ff8b12ba000 	C:\WINDOWS\SYSTEM32\bcrypt.dll
0x00007ff8b09a0000 - 0x00007ff8b09ac000 	C:\WINDOWS\SYSTEM32\CRYPTBASE.dll
0x00007ff8afb20000 - 0x00007ff8afb53000 	C:\WINDOWS\SYSTEM32\IPHLPAPI.DLL
0x00007ff8b45f0000 - 0x00007ff8b45fa000 	C:\WINDOWS\System32\NSI.dll
0x00007ff86bfa0000 - 0x00007ff86bfe9000 	C:\Users\kalra\AppData\Local\Temp\jna-101813893\jna1627320882432491282.dll
0x00007ff8b2c80000 - 0x00007ff8b2c88000 	C:\WINDOWS\System32\PSAPI.DLL

JVMTI agents:
c:\Users\kalra\.vscode\extensions\redhat.java-1.53.0-win32-x64\lombok\lombok-1.18.39-4050.jar path:c:\Users\kalra\.vscode\extensions\redhat.java-1.53.0-win32-x64\jre\21.0.10-win32-x86_64\bin\instrument.dll, loaded, initialized, instrumentlib options:none

dbghelp: loaded successfully - version: 4.0.5 - missing functions: none
symbol engine: initialized successfully - sym options: 0x614 - pdb path: .;c:\Users\kalra\.vscode\extensions\redhat.java-1.53.0-win32-x64\jre\21.0.10-win32-x86_64\bin;C:\WINDOWS\SYSTEM32;C:\WINDOWS\WinSxS\amd64_microsoft.windows.common-controls_6595b64144ccf1df_6.0.26100.8037_none_3e092faae333b53b;c:\Users\kalra\.vscode\extensions\redhat.java-1.53.0-win32-x64\jre\21.0.10-win32-x86_64\bin\server;C:\Users\kalra\AppData\Roaming\Code\User\globalStorage\redhat.java\1.53.0\config_win\org.eclipse.equinox.launcher\org.eclipse.equinox.launcher.win32.win32.x86_64_1.3.0.v20260203-2149;C:\Users\kalra\AppData\Local\Temp\jna-101813893

VM Arguments:
jvm_args: --add-modules=ALL-SYSTEM --add-opens=java.base/java.util=ALL-UNNAMED --add-opens=java.base/java.lang=ALL-UNNAMED --add-opens=java.base/sun.nio.fs=ALL-UNNAMED -Declipse.application=org.eclipse.jdt.ls.core.id1 -Dosgi.bundles.defaultStartLevel=4 -Declipse.product=org.eclipse.jdt.ls.core.product -Djava.import.generatesMetadataFilesAtProjectRoot=false -DDetectVMInstallationsJob.disabled=true -Dfile.encoding=utf8 -XX:+UseParallelGC -XX:GCTimeRatio=4 -XX:AdaptiveSizePolicyWeight=90 -Dsun.zip.disableMemoryMapping=true -Xmx2G -Xms100m -Xlog:disable -javaagent:c:\Users\kalra\.vscode\extensions\redhat.java-1.53.0-win32-x64\lombok\lombok-1.18.39-4050.jar -XX:+HeapDumpOnOutOfMemoryError -XX:HeapDumpPath=c:\Users\kalra\AppData\Roaming\Code\User\workspaceStorage\4fda5c3b26c15e0cb27154c0e992db6d\redhat.java -Daether.dependencyCollector.impl=bf 
java_command: c:\Users\kalra\.vscode\extensions\redhat.java-1.53.0-win32-x64\server\plugins\org.eclipse.equinox.launcher_1.7.100.v20251111-0406.jar -configuration c:\Users\kalra\AppData\Roaming\Code\User\globalStorage\redhat.java\1.53.0\config_win -data c:\Users\kalra\AppData\Roaming\Code\User\workspaceStorage\4fda5c3b26c15e0cb27154c0e992db6d\redhat.java\jdt_ws --pipe=\\.\pipe\lsp-dcc9e1efe5776b75cfcf7604321c65d9-sock
java_class_path (initial): c:\Users\kalra\.vscode\extensions\redhat.java-1.53.0-win32-x64\server\plugins\org.eclipse.equinox.launcher_1.7.100.v20251111-0406.jar
Launcher Type: SUN_STANDARD

[Global flags]
    uintx AdaptiveSizePolicyWeight                 = 90                                        {product} {command line}
     intx CICompilerCount                          = 4                                         {product} {ergonomic}
    uintx GCTimeRatio                              = 4                                         {product} {command line}
     bool HeapDumpOnOutOfMemoryError               = true                                   {manageable} {command line}
    ccstr HeapDumpPath                             = c:\Users\kalra\AppData\Roaming\Code\User\workspaceStorage\4fda5c3b26c15e0cb27154c0e992db6d\redhat.java         {manageable} {command line}
   size_t InitialHeapSize                          = 104857600                                 {product} {command line}
   size_t MaxHeapSize                              = 2147483648                                {product} {command line}
   size_t MaxNewSize                               = 715653120                                 {product} {ergonomic}
   size_t MinHeapDeltaBytes                        = 524288                                    {product} {ergonomic}
   size_t MinHeapSize                              = 104857600                                 {product} {command line}
   size_t NewSize                                  = 34603008                                  {product} {ergonomic}
    uintx NonNMethodCodeHeapSize                   = 5839372                                {pd product} {ergonomic}
    uintx NonProfiledCodeHeapSize                  = 122909434                              {pd product} {ergonomic}
   size_t OldSize                                  = 70254592                                  {product} {ergonomic}
    uintx ProfiledCodeHeapSize                     = 122909434                              {pd product} {ergonomic}
    uintx ReservedCodeCacheSize                    = 251658240                              {pd product} {ergonomic}
     bool SegmentedCodeCache                       = true                                      {product} {ergonomic}
   size_t SoftMaxHeapSize                          = 2147483648                             {manageable} {ergonomic}
     bool UseCompressedOops                        = true                           {product lp64_product} {ergonomic}
     bool UseLargePagesIndividualAllocation        = false                                  {pd product} {ergonomic}
     bool UseParallelGC                            = true                                      {product} {command line}

Logging:
Log output configuration:
 #0: stdout all=off uptime,level,tags foldmultilines=false
 #1: stderr all=off uptime,level,tags foldmultilines=false

Release file:
JAVA_VERSION="21.0.10" 
MODULES="java.base java.compiler java.datatransfer java.xml java.prefs java.desktop java.instrument java.logging java.management java.security.sasl java.naming java.rmi java.management.rmi java.net.http java.scripting java.security.jgss java.transaction.xa java.sql java.sql.rowset java.xml.crypto java.se java.smartcardio jdk.accessibility jdk.internal.jvmstat jdk.attach jdk.charsets jdk.internal.opt jdk.zipfs jdk.compiler jdk.crypto.ec jdk.crypto.cryptoki jdk.crypto.mscapi jdk.dynalink jdk.internal.ed jdk.editpad jdk.hotspot.agent jdk.httpserver jdk.internal.le jdk.internal.vm.ci jdk.internal.vm.compiler jdk.internal.vm.compiler.management jdk.jartool jdk.javadoc jdk.jcmd jdk.management jdk.management.agent jdk.jconsole jdk.jdeps jdk.jdwp.agent jdk.jdi jdk.jfr jdk.jshell jdk.jsobject jdk.jstatd jdk.localedata jdk.management.jfr jdk.naming.dns jdk.naming.rmi jdk.net jdk.nio.mapmode jdk.random jdk.sctp jdk.security.auth jdk.security.jgss jdk.unsupported jdk.unsupported.desktop jdk.xml.dom" 

Environment Variables:
PATH=C:\Users\kalra\AppData\Local\Programs\Microsoft VS Code;C:\Python314\Scripts\;C:\Python314\;C:\Program Files\nodejs\;C:\ProgramData\chocolatey\bin;D:\Git\cmd;C:\Users\kalra\AppData\Local\Programs\Python\Python313\Scripts\;C:\Users\kalra\AppData\Local\Programs\Python\Python313\;C:\Program Files\MySQL\MySQL Shell 8.0\bin\;C:\Users\kalra\AppData\Local\Programs\Python\Python312\Scripts\;C:\Users\kalra\AppData\Local\Programs\Python\Python312\;C:\Users\kalra\AppData\Local\Microsoft\WindowsApps;C:\Users\kalra\AppData\Local\Programs\Microsoft VS Code\bin;C:\Program Files\Azure Data Studio\bin;%JAVA_HOME%\bin;C:\Program Files\Maven\apache-maven-3.9.11\bin;C:\Program Files\MySQL\MySQL Server 8.0\bin;C:\Users\kalra\AppData\Roaming\npm;C:\Users\kalra\Downloads\flutter_windows_3.41.4-stable\flutter\bin;C:\Windows\System32;C:\Program Files\Git\cmd;C:\Windows\System32\WindowsPowerShell\v1.0\;
USERNAME=kalra
OS=Windows_NT
PROCESSOR_IDENTIFIER=AMD64 Family 23 Model 104 Stepping 1, AuthenticAMD
TMP=C:\Users\kalra\AppData\Local\Temp
TEMP=C:\Users\kalra\AppData\Local\Temp




Periodic native trim disabled

---------------  S Y S T E M  ---------------

OS:
 Windows 11 , 64 bit Build 26100 (10.0.26100.7920)
OS uptime: 0 days 14:02 hours
Hyper-V role detected

CPU: total 12 (initial active 12) (12 cores per cpu, 2 threads per core) family 23 model 104 stepping 1 microcode 0x8608107, cx8, cmov, fxsr, ht, mmx, 3dnowpref, sse, sse2, sse3, ssse3, sse4a, sse4.1, sse4.2, popcnt, lzcnt, tsc, tscinvbit, avx, avx2, aes, clmul, bmi1, bmi2, adx, sha, fma, vzeroupper, clflush, clflushopt, hv, rdtscp, rdpid, f16c
Processor Information for the first 12 processors :
  Max Mhz: 2100, Current Mhz: 2100, Mhz Limit: 2100

Memory: 4k page, system-wide physical 7501M (1018M free)
TotalPageFile size 16264M (AvailPageFile size 25M)
current process WorkingSet (physical memory assigned to process): 143M, peak: 145M
current process commit charge ("private bytes"): 288M, peak: 289M

vm_info: OpenJDK 64-Bit Server VM (21.0.10+7-LTS) for windows-amd64 JRE (21.0.10+7-LTS), built on 2026-01-20T00:00:00Z by "admin" with MS VC++ 17.12 (VS2022)

END.
