#
# There is insufficient memory for the Java Runtime Environment to continue.
# Native memory allocation (malloc) failed to allocate 878816 bytes. Error detail: Chunk::new
# Possible reasons:
#   The system is out of physical RAM or swap space
#   This process is running with CompressedOops enabled, and the Java Heap may be blocking the growth of the native heap
# Possible solutions:
#   Reduce memory load on the system
#   Increase physical memory or swap space
#   Check if swap backing store is full
#   Decrease Java heap size (-Xmx/-Xms)
#   Decrease number of Java threads
#   Decrease Java thread stack sizes (-Xss)
#   Set larger code cache with -XX:ReservedCodeCacheSize=
#   JVM is running with Unscaled Compressed Oops mode in which the Java heap is
#     placed in the first 4GB address space. The Java Heap base address is the
#     maximum limit for the native heap growth. Please use -XX:HeapBaseMinAddress
#     to set the Java Heap base and to place the Java Heap above 4GB virtual address.
# This output file may be truncated or incomplete.
#
#  Out of Memory Error (arena.cpp:168), pid=4364, tid=10296
#
# JRE version: OpenJDK Runtime Environment Temurin-21.0.10+7 (21.0.10+7) (build 21.0.10+7-LTS)
# Java VM: OpenJDK 64-Bit Server VM Temurin-21.0.10+7 (21.0.10+7-LTS, mixed mode, sharing, tiered, compressed oops, compressed class ptrs, parallel gc, windows-amd64)
# No core dump will be written. Minidumps are not enabled by default on client versions of Windows
#

---------------  S U M M A R Y ------------

Command Line: --add-modules=ALL-SYSTEM --add-opens=java.base/java.util=ALL-UNNAMED --add-opens=java.base/java.lang=ALL-UNNAMED --add-opens=java.base/sun.nio.fs=ALL-UNNAMED -Declipse.application=org.eclipse.jdt.ls.core.id1 -Dosgi.bundles.defaultStartLevel=4 -Declipse.product=org.eclipse.jdt.ls.core.product -Djava.import.generatesMetadataFilesAtProjectRoot=false -DDetectVMInstallationsJob.disabled=true -Dfile.encoding=utf8 -XX:+UseParallelGC -XX:GCTimeRatio=4 -XX:AdaptiveSizePolicyWeight=90 -Dsun.zip.disableMemoryMapping=true -Xmx2G -Xms100m -Xlog:disable -javaagent:c:\Users\kalra\.vscode\extensions\redhat.java-1.53.0-win32-x64\lombok\lombok-1.18.39-4050.jar -XX:+HeapDumpOnOutOfMemoryError -XX:HeapDumpPath=c:\Users\kalra\AppData\Roaming\Code\User\workspaceStorage\4fda5c3b26c15e0cb27154c0e992db6d\redhat.java -Daether.dependencyCollector.impl=bf c:\Users\kalra\.vscode\extensions\redhat.java-1.53.0-win32-x64\server\plugins\org.eclipse.equinox.launcher_1.7.100.v20251111-0406.jar -configuration c:\Users\kalra\AppData\Roaming\Code\User\globalStorage\redhat.java\1.53.0\config_win -data c:\Users\kalra\AppData\Roaming\Code\User\workspaceStorage\4fda5c3b26c15e0cb27154c0e992db6d\redhat.java\jdt_ws --pipe=\\.\pipe\lsp-eca8a27a489472cbfe2d1a491f724228-sock

Host: AMD Ryzen 5 5500U with Radeon Graphics         , 12 cores, 7G,  Windows 11 , 64 bit Build 26100 (10.0.26100.7920)
Time: Sat Mar 28 15:34:17 2026 India Standard Time elapsed time: 6015.329676 seconds (0d 1h 40m 15s)

---------------  T H R E A D  ---------------

Current thread (0x0000025e94cab700):  JavaThread "C2 CompilerThread2" daemon [_thread_in_native, id=10296, stack(0x000000b310100000,0x000000b310200000) (1024K)]


Current CompileTask:
C2:6015329 17406       4       org.eclipse.jdt.internal.compiler.lookup.BinaryTypeBinding::createMethod (1666 bytes)

Stack: [0x000000b310100000,0x000000b310200000]
Native frames: (J=compiled Java code, j=interpreted, Vv=VM code, C=native code)
V  [jvm.dll+0x6d7a39]
V  [jvm.dll+0x8b4b26]
V  [jvm.dll+0x8b70de]
V  [jvm.dll+0x8b77c3]
V  [jvm.dll+0x284346]
V  [jvm.dll+0xc66ed]
V  [jvm.dll+0xc6c31]
V  [jvm.dll+0x2fb29e]
V  [jvm.dll+0x5fe884]
V  [jvm.dll+0x255b17]
V  [jvm.dll+0x255edd]
V  [jvm.dll+0x24e500]
V  [jvm.dll+0x24ba42]
V  [jvm.dll+0x1cb34e]
V  [jvm.dll+0x25b85d]
V  [jvm.dll+0x259dea]
V  [jvm.dll+0x3f857e]
V  [jvm.dll+0x85f59d]
V  [jvm.dll+0x6d626d]
C  [ucrtbase.dll+0x37b0]
C  [KERNEL32.DLL+0x2e8d7]
C  [ntdll.dll+0x8c48c]


---------------  P R O C E S S  ---------------

Threads class SMR info:
_java_thread_list=0x0000025e97e17d40, length=84, elements={
0x0000025e333cad90, 0x0000025e3579bdf0, 0x0000025e35892770, 0x0000025e35896b40,
0x0000025e358997b0, 0x0000025e3589d9f0, 0x0000025e358a8450, 0x0000025e8e57a140,
0x0000025e8e57ae40, 0x0000025e8e79c080, 0x0000025e8e79d430, 0x0000025e8e79dac0,
0x0000025e8e79e150, 0x0000025e8e79cda0, 0x0000025e8e79e7e0, 0x0000025e8e79ee70,
0x0000025e8e79c710, 0x0000025e8e79f500, 0x0000025e8e769ff0, 0x0000025e8e7692d0,
0x0000025e8e767890, 0x0000025e8e76b3a0, 0x0000025e8e76ba30, 0x0000025e8e7685b0,
0x0000025e8e76c0c0, 0x0000025e8e76c750, 0x0000025e8e76d470, 0x0000025e8e76e190,
0x0000025e8e76cde0, 0x0000025e8e76db00, 0x0000025e8e76e820, 0x0000025e964b6830,
0x0000025e964b6ec0, 0x0000025e964b7550, 0x0000025e964b40d0, 0x0000025e964b61a0,
0x0000025e960ddbc0, 0x0000025e964b9620, 0x0000025e964b5480, 0x0000025e964b7be0,
0x0000025e964b8270, 0x0000025e964b4df0, 0x0000025e964ba340, 0x0000025e964ba9d0,
0x0000025e964bb060, 0x0000025e964b8900, 0x0000025e960d7fe0, 0x0000025e960d7950,
0x0000025e960dc180, 0x0000025e96f50780, 0x0000025e960d8d00, 0x0000025e960dc810,
0x0000025e960d9390, 0x0000025e960dcea0, 0x0000025e960d9a20, 0x0000025e960dd530,
0x0000025e960de250, 0x0000025e8e76a680, 0x0000025e8e768c40, 0x0000025e8e769960,
0x0000025e8e76ad10, 0x0000025e8e767f20, 0x0000025e94cab700, 0x0000025ea045af90,
0x0000025ea045a900, 0x0000025ea045a270, 0x0000025ea045b620, 0x0000025ea045bcb0,
0x0000025ea0459be0, 0x0000025ea0458830, 0x0000025ea045c340, 0x0000025ea0458ec0,
0x0000025ea045c9d0, 0x0000025ea045e410, 0x0000025ea045eaa0, 0x0000025ea045d060,
0x0000025ea045fe50, 0x0000025ea045dd80, 0x0000025ea045f130, 0x0000025ea045f7c0,
0x0000025e97babdc0, 0x0000025e97bab730, 0x0000025e97bac450, 0x0000025e97bab0a0
}

Java Threads: ( => current thread )
  0x0000025e333cad90 JavaThread "main"                              [_thread_blocked, id=17632, stack(0x000000b30b800000,0x000000b30b900000) (1024K)]
  0x0000025e3579bdf0 JavaThread "Reference Handler"          daemon [_thread_blocked, id=12604, stack(0x000000b30bc00000,0x000000b30bd00000) (1024K)]
  0x0000025e35892770 JavaThread "Finalizer"                  daemon [_thread_blocked, id=17628, stack(0x000000b30bd00000,0x000000b30be00000) (1024K)]
  0x0000025e35896b40 JavaThread "Signal Dispatcher"          daemon [_thread_blocked, id=15176, stack(0x000000b30be00000,0x000000b30bf00000) (1024K)]
  0x0000025e358997b0 JavaThread "Attach Listener"            daemon [_thread_blocked, id=18104, stack(0x000000b30bf00000,0x000000b30c000000) (1024K)]
  0x0000025e3589d9f0 JavaThread "Service Thread"             daemon [_thread_blocked, id=18220, stack(0x000000b30c000000,0x000000b30c100000) (1024K)]
  0x0000025e358a8450 JavaThread "Monitor Deflation Thread"   daemon [_thread_blocked, id=16492, stack(0x000000b30c100000,0x000000b30c200000) (1024K)]
  0x0000025e8e57a140 JavaThread "C2 CompilerThread0"         daemon [_thread_in_native, id=17464, stack(0x000000b30c200000,0x000000b30c300000) (1024K)]
  0x0000025e8e57ae40 JavaThread "C1 CompilerThread0"         daemon [_thread_blocked, id=8248, stack(0x000000b30c300000,0x000000b30c400000) (1024K)]
  0x0000025e8e79c080 JavaThread "Common-Cleaner"             daemon [_thread_blocked, id=15684, stack(0x000000b30c400000,0x000000b30c500000) (1024K)]
  0x0000025e8e79d430 JavaThread "Notification Thread"        daemon [_thread_blocked, id=11324, stack(0x000000b30c600000,0x000000b30c700000) (1024K)]
  0x0000025e8e79dac0 JavaThread "Active Thread: Equinox Container: d86453a1-2df1-475e-aae5-7dea028c04cc"        [_thread_blocked, id=12992, stack(0x000000b30ce00000,0x000000b30cf00000) (1024K)]
  0x0000025e8e79e150 JavaThread "Refresh Thread: Equinox Container: d86453a1-2df1-475e-aae5-7dea028c04cc" daemon [_thread_blocked, id=17924, stack(0x000000b30c700000,0x000000b30c800000) (1024K)]
  0x0000025e8e79cda0 JavaThread "Framework Event Dispatcher: Equinox Container: d86453a1-2df1-475e-aae5-7dea028c04cc" daemon [_thread_blocked, id=18356, stack(0x000000b30cf00000,0x000000b30d000000) (1024K)]
  0x0000025e8e79e7e0 JavaThread "Start Level: Equinox Container: d86453a1-2df1-475e-aae5-7dea028c04cc" daemon [_thread_blocked, id=13260, stack(0x000000b30d000000,0x000000b30d100000) (1024K)]
  0x0000025e8e79ee70 JavaThread "Bundle File Closer"         daemon [_thread_blocked, id=10476, stack(0x000000b30d400000,0x000000b30d500000) (1024K)]
  0x0000025e8e79c710 JavaThread "SCR Component Actor"        daemon [_thread_blocked, id=18292, stack(0x000000b30d100000,0x000000b30d200000) (1024K)]
  0x0000025e8e79f500 JavaThread "Worker-JM"                         [_thread_blocked, id=5248, stack(0x000000b30d600000,0x000000b30d700000) (1024K)]
  0x0000025e8e769ff0 JavaThread "JNA Cleaner"                daemon [_thread_blocked, id=19228, stack(0x000000b30d500000,0x000000b30d600000) (1024K)]
  0x0000025e8e7692d0 JavaThread "Java indexing"              daemon [_thread_blocked, id=17728, stack(0x000000b30da00000,0x000000b30db00000) (1024K)]
  0x0000025e8e767890 JavaThread "Thread-1"                   daemon [_thread_in_native, id=18900, stack(0x000000b30e000000,0x000000b30e100000) (1024K)]
  0x0000025e8e76b3a0 JavaThread "Thread-2"                   daemon [_thread_in_native, id=18980, stack(0x000000b30e100000,0x000000b30e200000) (1024K)]
  0x0000025e8e76ba30 JavaThread "Thread-3"                   daemon [_thread_in_native, id=18984, stack(0x000000b30e200000,0x000000b30e300000) (1024K)]
  0x0000025e8e7685b0 JavaThread "Thread-4"                   daemon [_thread_in_native, id=18884, stack(0x000000b30e300000,0x000000b30e400000) (1024K)]
  0x0000025e8e76c0c0 JavaThread "Thread-5"                   daemon [_thread_in_native, id=18924, stack(0x000000b30e400000,0x000000b30e500000) (1024K)]
  0x0000025e8e76c750 JavaThread "Thread-6"                   daemon [_thread_in_native, id=18736, stack(0x000000b30e500000,0x000000b30e600000) (1024K)]
  0x0000025e8e76d470 JavaThread "Thread-7"                   daemon [_thread_in_native, id=18852, stack(0x000000b30e600000,0x000000b30e700000) (1024K)]
  0x0000025e8e76e190 JavaThread "Thread-8"                   daemon [_thread_in_native, id=18740, stack(0x000000b30e700000,0x000000b30e800000) (1024K)]
  0x0000025e8e76cde0 JavaThread "Thread-9"                   daemon [_thread_in_native, id=18968, stack(0x000000b30e800000,0x000000b30e900000) (1024K)]
  0x0000025e8e76db00 JavaThread "Thread-10"                  daemon [_thread_in_native, id=18808, stack(0x000000b30e900000,0x000000b30ea00000) (1024K)]
  0x0000025e8e76e820 JavaThread "Thread-11"                  daemon [_thread_in_native, id=19132, stack(0x000000b30ea00000,0x000000b30eb00000) (1024K)]
  0x0000025e964b6830 JavaThread "Thread-12"                  daemon [_thread_in_native, id=19020, stack(0x000000b30eb00000,0x000000b30ec00000) (1024K)]
  0x0000025e964b6ec0 JavaThread "Thread-13"                  daemon [_thread_in_native, id=18972, stack(0x000000b30ec00000,0x000000b30ed00000) (1024K)]
  0x0000025e964b7550 JavaThread "pool-2-thread-1"                   [_thread_blocked, id=18804, stack(0x000000b30ed00000,0x000000b30ee00000) (1024K)]
  0x0000025e964b40d0 JavaThread "WorkspaceEventsHandler"            [_thread_blocked, id=18824, stack(0x000000b30ee00000,0x000000b30ef00000) (1024K)]
  0x0000025e964b61a0 JavaThread "pool-1-thread-1"                   [_thread_blocked, id=19164, stack(0x000000b30ef00000,0x000000b30f000000) (1024K)]
  0x0000025e960ddbc0 JavaThread "Worker-17"                         [_thread_blocked, id=11524, stack(0x000000b30b600000,0x000000b30b700000) (1024K)]
  0x0000025e964b9620 JavaThread "Cleaner-0"                  daemon [_thread_blocked, id=3504, stack(0x000000b30fa00000,0x000000b30fb00000) (1024K)]
  0x0000025e964b5480 JavaThread "Worker-28"                         [_thread_blocked, id=1540, stack(0x000000b30d900000,0x000000b30da00000) (1024K)]
  0x0000025e964b7be0 JavaThread "Worker-29"                         [_thread_blocked, id=22404, stack(0x000000b30b500000,0x000000b30b600000) (1024K)]
  0x0000025e964b8270 JavaThread "Worker-30: Register Watchers"        [_thread_blocked, id=10472, stack(0x000000b30d800000,0x000000b30d900000) (1024K)]
  0x0000025e964b4df0 JavaThread "Worker-31: Building"               [_thread_in_native, id=19948, stack(0x000000b30db00000,0x000000b30dc00000) (1024K)]
  0x0000025e964ba340 JavaThread "Worker-32"                         [_thread_blocked, id=18952, stack(0x000000b30dc00000,0x000000b30dd00000) (1024K)]
  0x0000025e964ba9d0 JavaThread "Worker-33"                         [_thread_blocked, id=17380, stack(0x000000b30dd00000,0x000000b30de00000) (1024K)]
  0x0000025e964bb060 JavaThread "Worker-34"                         [_thread_blocked, id=5412, stack(0x000000b30df00000,0x000000b30e000000) (1024K)]
  0x0000025e964b8900 JavaThread "Worker-35"                         [_thread_blocked, id=19248, stack(0x000000b30f000000,0x000000b30f100000) (1024K)]
  0x0000025e960d7fe0 JavaThread "ForkJoinPool.commonPool-worker-25" daemon [_thread_blocked, id=12860, stack(0x000000b30f200000,0x000000b30f300000) (1024K)]
  0x0000025e960d7950 JavaThread "ForkJoinPool.commonPool-worker-26" daemon [_thread_blocked, id=20704, stack(0x000000b30f300000,0x000000b30f400000) (1024K)]
  0x0000025e960dc180 JavaThread "ForkJoinPool.commonPool-worker-27" daemon [_thread_blocked, id=5632, stack(0x000000b30f400000,0x000000b30f500000) (1024K)]
  0x0000025e96f50780 JavaThread "C2 CompilerThread1"         daemon [_thread_in_native, id=2964, stack(0x000000b30d700000,0x000000b30d800000) (1024K)]
  0x0000025e960d8d00 JavaThread "LocalFile Deleter"          daemon [_thread_blocked, id=10660, stack(0x000000b30f100000,0x000000b30f200000) (1024K)]
  0x0000025e960dc810 JavaThread "LocalFile Deleter"          daemon [_thread_blocked, id=5636, stack(0x000000b30f500000,0x000000b30f600000) (1024K)]
  0x0000025e960d9390 JavaThread "LocalFile Deleter"          daemon [_thread_blocked, id=1792, stack(0x000000b30f600000,0x000000b30f700000) (1024K)]
  0x0000025e960dcea0 JavaThread "LocalFile Deleter"          daemon [_thread_blocked, id=19324, stack(0x000000b30f700000,0x000000b30f800000) (1024K)]
  0x0000025e960d9a20 JavaThread "LocalFile Deleter"          daemon [_thread_blocked, id=10848, stack(0x000000b30f800000,0x000000b30f900000) (1024K)]
  0x0000025e960dd530 JavaThread "LocalFile Deleter"          daemon [_thread_blocked, id=4940, stack(0x000000b30f900000,0x000000b30fa00000) (1024K)]
  0x0000025e960de250 JavaThread "LocalFile Deleter"          daemon [_thread_blocked, id=10444, stack(0x000000b30fb00000,0x000000b30fc00000) (1024K)]
  0x0000025e8e76a680 JavaThread "LocalFile Deleter"          daemon [_thread_blocked, id=4356, stack(0x000000b30fc00000,0x000000b30fd00000) (1024K)]
  0x0000025e8e768c40 JavaThread "LocalFile Deleter"          daemon [_thread_blocked, id=19976, stack(0x000000b30fd00000,0x000000b30fe00000) (1024K)]
  0x0000025e8e769960 JavaThread "LocalFile Deleter"          daemon [_thread_blocked, id=19084, stack(0x000000b30fe00000,0x000000b30ff00000) (1024K)]
  0x0000025e8e76ad10 JavaThread "LocalFile Deleter"          daemon [_thread_blocked, id=19880, stack(0x000000b30ff00000,0x000000b310000000) (1024K)]
  0x0000025e8e767f20 JavaThread "LocalFile Deleter"          daemon [_thread_blocked, id=5784, stack(0x000000b310000000,0x000000b310100000) (1024K)]
=>0x0000025e94cab700 JavaThread "C2 CompilerThread2"         daemon [_thread_in_native, id=10296, stack(0x000000b310100000,0x000000b310200000) (1024K)]
  0x0000025ea045af90 JavaThread "Compiler Source File Reader" daemon [_thread_blocked, id=20544, stack(0x000000b310200000,0x000000b310300000) (1024K)]
  0x0000025ea045a900 JavaThread "Compiler Source File Reader" daemon [_thread_blocked, id=18076, stack(0x000000b310300000,0x000000b310400000) (1024K)]
  0x0000025ea045a270 JavaThread "Compiler Source File Reader" daemon [_thread_blocked, id=12436, stack(0x000000b310400000,0x000000b310500000) (1024K)]
  0x0000025ea045b620 JavaThread "Compiler Source File Reader" daemon [_thread_blocked, id=3524, stack(0x000000b310500000,0x000000b310600000) (1024K)]
  0x0000025ea045bcb0 JavaThread "Compiler Source File Reader" daemon [_thread_blocked, id=7700, stack(0x000000b310600000,0x000000b310700000) (1024K)]
  0x0000025ea0459be0 JavaThread "Compiler Source File Reader" daemon [_thread_blocked, id=1888, stack(0x000000b310700000,0x000000b310800000) (1024K)]
  0x0000025ea0458830 JavaThread "Compiler Source File Reader" daemon [_thread_blocked, id=2124, stack(0x000000b310800000,0x000000b310900000) (1024K)]
  0x0000025ea045c340 JavaThread "Compiler Source File Reader" daemon [_thread_blocked, id=2300, stack(0x000000b310900000,0x000000b310a00000) (1024K)]
  0x0000025ea0458ec0 JavaThread "Compiler Source File Reader" daemon [_thread_blocked, id=19980, stack(0x000000b310a00000,0x000000b310b00000) (1024K)]
  0x0000025ea045c9d0 JavaThread "Compiler Source File Reader" daemon [_thread_blocked, id=12748, stack(0x000000b310b00000,0x000000b310c00000) (1024K)]
  0x0000025ea045e410 JavaThread "Compiler Processing Task"   daemon [_thread_blocked, id=21124, stack(0x000000b310c00000,0x000000b310d00000) (1024K)]
  0x0000025ea045eaa0 JavaThread "Compiler Class File Writer" daemon [_thread_blocked, id=11312, stack(0x000000b310d00000,0x000000b310e00000) (1024K)]
  0x0000025ea045d060 JavaThread "Compiler Class File Writer" daemon [_thread_blocked, id=13568, stack(0x000000b310e00000,0x000000b310f00000) (1024K)]
  0x0000025ea045fe50 JavaThread "Compiler Class File Writer" daemon [_thread_blocked, id=4672, stack(0x000000b310f00000,0x000000b311000000) (1024K)]
  0x0000025ea045dd80 JavaThread "Compiler Class File Writer" daemon [_thread_blocked, id=2480, stack(0x000000b311000000,0x000000b311100000) (1024K)]
  0x0000025ea045f130 JavaThread "Compiler Class File Writer" daemon [_thread_blocked, id=9944, stack(0x000000b311100000,0x000000b311200000) (1024K)]
  0x0000025ea045f7c0 JavaThread "Compiler Class File Writer" daemon [_thread_blocked, id=15072, stack(0x000000b311200000,0x000000b311300000) (1024K)]
  0x0000025e97babdc0 JavaThread "Compiler Class File Writer" daemon [_thread_blocked, id=20276, stack(0x000000b311300000,0x000000b311400000) (1024K)]
  0x0000025e97bab730 JavaThread "Compiler Class File Writer" daemon [_thread_blocked, id=6340, stack(0x000000b311400000,0x000000b311500000) (1024K)]
  0x0000025e97bac450 JavaThread "Compiler Class File Writer" daemon [_thread_blocked, id=14004, stack(0x000000b311500000,0x000000b311600000) (1024K)]
  0x0000025e97bab0a0 JavaThread "Compiler Class File Writer" daemon [_thread_blocked, id=7912, stack(0x000000b311600000,0x000000b311700000) (1024K)]
Total: 84

Other Threads:
  0x0000025e35782c80 VMThread "VM Thread"                           [id=10644, stack(0x000000b30bb00000,0x000000b30bc00000) (1024K)]
  0x0000025e3567ca00 WatcherThread "VM Periodic Task Thread"        [id=17608, stack(0x000000b30ba00000,0x000000b30bb00000) (1024K)]
  0x0000025e35812c40 WorkerThread "GC Thread#0"                     [id=18080, stack(0x000000b30b900000,0x000000b30ba00000) (1024K)]
  0x0000025e8f7dd5a0 WorkerThread "GC Thread#1"                     [id=13540, stack(0x000000b30c800000,0x000000b30c900000) (1024K)]
  0x0000025e8fd0e7a0 WorkerThread "GC Thread#2"                     [id=7812, stack(0x000000b30c900000,0x000000b30ca00000) (1024K)]
  0x0000025e8fd0eb50 WorkerThread "GC Thread#3"                     [id=17656, stack(0x000000b30ca00000,0x000000b30cb00000) (1024K)]
  0x0000025e8fc05bf0 WorkerThread "GC Thread#4"                     [id=15668, stack(0x000000b30cb00000,0x000000b30cc00000) (1024K)]
  0x0000025e8fc05fa0 WorkerThread "GC Thread#5"                     [id=6576, stack(0x000000b30cc00000,0x000000b30cd00000) (1024K)]
  0x0000025e8fc06350 WorkerThread "GC Thread#6"                     [id=6380, stack(0x000000b30cd00000,0x000000b30ce00000) (1024K)]
  0x0000025e8fcab5c0 WorkerThread "GC Thread#7"                     [id=9804, stack(0x000000b30c500000,0x000000b30c600000) (1024K)]
  0x0000025e941cf420 WorkerThread "GC Thread#8"                     [id=12792, stack(0x000000b30d200000,0x000000b30d300000) (1024K)]
  0x0000025e947910c0 WorkerThread "GC Thread#9"                     [id=10040, stack(0x000000b30d300000,0x000000b30d400000) (1024K)]
Total: 12

Threads with active compile tasks:
C2 CompilerThread0  6015381 17194       4       org.eclipse.jdt.internal.compiler.lookup.AnnotatableTypeSystem::getParameterizedType (11 bytes)
C2 CompilerThread1  6015381 17301       4       org.eclipse.jdt.internal.compiler.lookup.AnnotatableTypeSystem::getParameterizedType (123 bytes)
C2 CompilerThread2  6015381 17406       4       org.eclipse.jdt.internal.compiler.lookup.BinaryTypeBinding::createMethod (1666 bytes)
Total: 3

VM state: not at safepoint (normal execution)

VM Mutex/Monitor currently owned by a thread: None

Heap address: 0x0000000080000000, size: 2048 MB, Compressed Oops mode: 32-bit

CDS archive(s) mapped at: [0x0000025e4d000000-0x0000025e4dba0000-0x0000025e4dba0000), size 12189696, SharedBaseAddress: 0x0000025e4d000000, ArchiveRelocationMode: 1.
Compressed class space mapped at: 0x0000025e4e000000-0x0000025e8e000000, reserved size: 1073741824
Narrow klass base: 0x0000025e4d000000, Narrow klass shift: 0, Narrow klass range: 0x100000000

GC Precious Log:
 CardTable entry size: 512
 CPUs: 12 total, 12 available
 Memory: 7501M
 Large Page Support: Disabled
 NUMA Support: Disabled
 Compressed Oops: Enabled (32-bit)
 Alignments: Space 512K, Generation 512K, Heap 2M
 Heap Min Capacity: 100M
 Heap Initial Capacity: 100M
 Heap Max Capacity: 2G
 Pre-touch: Disabled
 Parallel Workers: 10

Heap:
 PSYoungGen      total 12288K, used 10590K [0x00000000d5580000, 0x00000000d6600000, 0x0000000100000000)
  eden space 11264K, 85% used [0x00000000d5580000,0x00000000d5edd560,0x00000000d6080000)
  from space 1024K, 97% used [0x00000000d6400000,0x00000000d64fa400,0x00000000d6500000)
  to   space 1024K, 0% used [0x00000000d6500000,0x00000000d6500000,0x00000000d6600000)
 ParOldGen       total 667648K, used 667523K [0x0000000080000000, 0x00000000a8c00000, 0x00000000d5580000)
  object space 667648K, 99% used [0x0000000080000000,0x00000000a8be0f08,0x00000000a8c00000)
 Metaspace       used 80372K, committed 82048K, reserved 1179648K
  class space    used 8467K, committed 9216K, reserved 1048576K

Card table byte_map: [0x0000025e35190000,0x0000025e355a0000] _byte_map_base: 0x0000025e34d90000

Marking Bits: (ParMarkBitMap*) 0x00007fffaee93450
 Begin Bits: [0x0000025e47ca0000, 0x0000025e49ca0000)
 End Bits:   [0x0000025e49ca0000, 0x0000025e4bca0000)

Polling page: 0x0000025e33360000

Metaspace:

Usage:
  Non-class:     70.22 MB used.
      Class:      8.27 MB used.
       Both:     78.49 MB used.

Virtual space:
  Non-class space:      128.00 MB reserved,      71.12 MB ( 56%) committed,  2 nodes.
      Class space:        1.00 GB reserved,       9.00 MB ( <1%) committed,  1 nodes.
             Both:        1.12 GB reserved,      80.12 MB (  7%) committed. 

Chunk freelists:
   Non-Class:  8.38 MB
       Class:  6.91 MB
        Both:  15.28 MB

MaxMetaspaceSize: unlimited
CompressedClassSpaceSize: 1.00 GB
Initial GC threshold: 21.00 MB
Current GC threshold: 98.12 MB
CDS: on
 - commit_granule_bytes: 65536.
 - commit_granule_words: 8192.
 - virtual_space_node_default_size: 8388608.
 - enlarge_chunks_in_place: 1.
 - use_allocation_guard: 0.


Internal statistics:

num_allocs_failed_limit: 15.
num_arena_births: 1420.
num_arena_deaths: 16.
num_vsnodes_births: 3.
num_vsnodes_deaths: 0.
num_space_committed: 1282.
num_space_uncommitted: 0.
num_chunks_returned_to_freelist: 32.
num_chunks_taken_from_freelist: 5148.
num_chunk_merges: 21.
num_chunk_splits: 3135.
num_chunks_enlarged: 1736.
num_inconsistent_stats: 0.

CodeHeap 'non-profiled nmethods': size=120000Kb used=13244Kb max_used=13244Kb free=106755Kb
 bounds [0x0000025e404c0000, 0x0000025e411b0000, 0x0000025e479f0000]
CodeHeap 'profiled nmethods': size=120000Kb used=39852Kb max_used=39852Kb free=80147Kb
 bounds [0x0000025e389f0000, 0x0000025e3b0e0000, 0x0000025e3ff20000]
CodeHeap 'non-nmethods': size=5760Kb used=1501Kb max_used=1576Kb free=4258Kb
 bounds [0x0000025e3ff20000, 0x0000025e40190000, 0x0000025e404c0000]
CodeCache: size=245760Kb, used=54597Kb, max_used=54672Kb, free=191160Kb
 total_blobs=17657, nmethods=16833, adapters=726, full_count=0
Compilation: enabled, stopped_count=0, restarted_count=0

Compilation events (20 events):
Event: 6015.293 Thread 0x0000025e8e57ae40 nmethod 17560 0x0000025e3b0bd690 code [0x0000025e3b0bdb60, 0x0000025e3b0c0110]
Event: 6015.293 Thread 0x0000025e8e57ae40 17554       3       org.eclipse.jdt.internal.compiler.codegen.ConstantPool::literalIndexForNameAndType (220 bytes)
Event: 6015.295 Thread 0x0000025e8e57ae40 nmethod 17554 0x0000025e3b0c0a90 code [0x0000025e3b0c0d20, 0x0000025e3b0c19a0]
Event: 6015.295 Thread 0x0000025e8e57ae40 17561       3       org.eclipse.jdt.internal.compiler.lookup.MethodBinding::isCompactConstructor (15 bytes)
Event: 6015.295 Thread 0x0000025e8e57ae40 nmethod 17561 0x0000025e3b0c1f90 code [0x0000025e3b0c2140, 0x0000025e3b0c22b8]
Event: 6015.296 Thread 0x0000025e8e57ae40 17562       3       org.eclipse.core.internal.resources.MarkerSet::hashFor (6 bytes)
Event: 6015.296 Thread 0x0000025e8e57ae40 nmethod 17562 0x0000025e3b0c2390 code [0x0000025e3b0c2540, 0x0000025e3b0c2720]
Event: 6015.298 Thread 0x0000025e8e57ae40 17563       3       org.eclipse.core.internal.resources.Workspace::beginOperation (80 bytes)
Event: 6015.300 Thread 0x0000025e8e57ae40 nmethod 17563 0x0000025e3b0c2810 code [0x0000025e3b0c2aa0, 0x0000025e3b0c3788]
Event: 6015.300 Thread 0x0000025e8e57ae40 17567       3       org.eclipse.jdt.internal.compiler.lookup.TypeBinding::isBaseType (17 bytes)
Event: 6015.300 Thread 0x0000025e8e57ae40 nmethod 17567 0x0000025e3b0c3c10 code [0x0000025e3b0c3dc0, 0x0000025e3b0c3f40]
Event: 6015.300 Thread 0x0000025e8e57ae40 17566   !   3       org.eclipse.jdt.internal.compiler.lookup.SourceTypeBinding::resolveTypesWithSuspendedTempErrorHandlingPolicy (2061 bytes)
Event: 6015.319 Thread 0x0000025e8e57ae40 nmethod 17566 0x0000025e3b0c4010 code [0x0000025e3b0c4a40, 0x0000025e3b0cc7f0]
Event: 6015.319 Thread 0x0000025e8e57ae40 17572       3       org.eclipse.jdt.internal.compiler.lookup.BoundSet::addBound (405 bytes)
Event: 6015.321 Thread 0x0000025e8e57ae40 nmethod 17572 0x0000025e3b0cf810 code [0x0000025e3b0cfba0, 0x0000025e3b0d1890]
Event: 6015.321 Thread 0x0000025e8e57ae40 17576   !   2       java.util.concurrent.ConcurrentHashMap::putVal (432 bytes)
Event: 6015.323 Thread 0x0000025e8e57ae40 nmethod 17576 0x0000025e3b0d2190 code [0x0000025e3b0d2440, 0x0000025e3b0d3128]
Event: 6015.323 Thread 0x0000025e8e57ae40 17568       3       java.util.function.Function::identity (6 bytes)
Event: 6015.324 Thread 0x0000025e8e57ae40 nmethod 17568 0x0000025e3b0d3990 code [0x0000025e3b0d3b40, 0x0000025e3b0d3db8]
Event: 6015.324 Thread 0x0000025e8e57ae40 17570       3       org.eclipse.jdt.internal.compiler.ast.SingleNameReference::resolveType (411 bytes)

GC Heap History (20 events):
Event: 6014.807 GC heap before
{Heap before GC invocations=229 (full 3):
 PSYoungGen      total 11776K, used 11680K [0x00000000d5580000, 0x00000000d6680000, 0x0000000100000000)
  eden space 11264K, 100% used [0x00000000d5580000,0x00000000d6080000,0x00000000d6080000)
  from space 512K, 81% used [0x00000000d6580000,0x00000000d65e8000,0x00000000d6600000)
  to   space 512K, 0% used [0x00000000d6600000,0x00000000d6600000,0x00000000d6680000)
 ParOldGen       total 665088K, used 664691K [0x0000000080000000, 0x00000000a8980000, 0x00000000d5580000)
  object space 665088K, 99% used [0x0000000080000000,0x00000000a891cda8,0x00000000a8980000)
 Metaspace       used 79803K, committed 81472K, reserved 1179648K
  class space    used 8434K, committed 9152K, reserved 1048576K
}
Event: 6014.811 GC heap after
{Heap after GC invocations=229 (full 3):
 PSYoungGen      total 11776K, used 416K [0x00000000d5580000, 0x00000000d6680000, 0x0000000100000000)
  eden space 11264K, 0% used [0x00000000d5580000,0x00000000d5580000,0x00000000d6080000)
  from space 512K, 81% used [0x00000000d6600000,0x00000000d6668000,0x00000000d6680000)
  to   space 512K, 0% used [0x00000000d6580000,0x00000000d6580000,0x00000000d6600000)
 ParOldGen       total 665088K, used 664971K [0x0000000080000000, 0x00000000a8980000, 0x00000000d5580000)
  object space 665088K, 99% used [0x0000000080000000,0x00000000a8962da8,0x00000000a8980000)
 Metaspace       used 79803K, committed 81472K, reserved 1179648K
  class space    used 8434K, committed 9152K, reserved 1048576K
}
Event: 6014.839 GC heap before
{Heap before GC invocations=230 (full 3):
 PSYoungGen      total 11776K, used 11680K [0x00000000d5580000, 0x00000000d6680000, 0x0000000100000000)
  eden space 11264K, 100% used [0x00000000d5580000,0x00000000d6080000,0x00000000d6080000)
  from space 512K, 81% used [0x00000000d6600000,0x00000000d6668000,0x00000000d6680000)
  to   space 512K, 0% used [0x00000000d6580000,0x00000000d6580000,0x00000000d6600000)
 ParOldGen       total 665088K, used 664971K [0x0000000080000000, 0x00000000a8980000, 0x00000000d5580000)
  object space 665088K, 99% used [0x0000000080000000,0x00000000a8962da8,0x00000000a8980000)
 Metaspace       used 79831K, committed 81472K, reserved 1179648K
  class space    used 8437K, committed 9152K, reserved 1048576K
}
Event: 6014.841 GC heap after
{Heap after GC invocations=230 (full 3):
 PSYoungGen      total 11776K, used 512K [0x00000000d5580000, 0x00000000d6680000, 0x0000000100000000)
  eden space 11264K, 0% used [0x00000000d5580000,0x00000000d5580000,0x00000000d6080000)
  from space 512K, 100% used [0x00000000d6580000,0x00000000d6600000,0x00000000d6600000)
  to   space 512K, 0% used [0x00000000d6600000,0x00000000d6600000,0x00000000d6680000)
 ParOldGen       total 665600K, used 665259K [0x0000000080000000, 0x00000000a8a00000, 0x00000000d5580000)
  object space 665600K, 99% used [0x0000000080000000,0x00000000a89aada8,0x00000000a8a00000)
 Metaspace       used 79831K, committed 81472K, reserved 1179648K
  class space    used 8437K, committed 9152K, reserved 1048576K
}
Event: 6014.872 GC heap before
{Heap before GC invocations=231 (full 3):
 PSYoungGen      total 11776K, used 11776K [0x00000000d5580000, 0x00000000d6680000, 0x0000000100000000)
  eden space 11264K, 100% used [0x00000000d5580000,0x00000000d6080000,0x00000000d6080000)
  from space 512K, 100% used [0x00000000d6580000,0x00000000d6600000,0x00000000d6600000)
  to   space 512K, 0% used [0x00000000d6600000,0x00000000d6600000,0x00000000d6680000)
 ParOldGen       total 665600K, used 665259K [0x0000000080000000, 0x00000000a8a00000, 0x00000000d5580000)
  object space 665600K, 99% used [0x0000000080000000,0x00000000a89aada8,0x00000000a8a00000)
 Metaspace       used 79888K, committed 81600K, reserved 1179648K
  class space    used 8444K, committed 9216K, reserved 1048576K
}
Event: 6014.874 GC heap after
{Heap after GC invocations=231 (full 3):
 PSYoungGen      total 11776K, used 496K [0x00000000d5580000, 0x00000000d6680000, 0x0000000100000000)
  eden space 11264K, 0% used [0x00000000d5580000,0x00000000d5580000,0x00000000d6080000)
  from space 512K, 96% used [0x00000000d6600000,0x00000000d667c008,0x00000000d6680000)
  to   space 1024K, 0% used [0x00000000d6480000,0x00000000d6480000,0x00000000d6580000)
 ParOldGen       total 666112K, used 665662K [0x0000000080000000, 0x00000000a8a80000, 0x00000000d5580000)
  object space 666112K, 99% used [0x0000000080000000,0x00000000a8a0f8d8,0x00000000a8a80000)
 Metaspace       used 79888K, committed 81600K, reserved 1179648K
  class space    used 8444K, committed 9216K, reserved 1048576K
}
Event: 6014.896 GC heap before
{Heap before GC invocations=232 (full 3):
 PSYoungGen      total 11776K, used 11760K [0x00000000d5580000, 0x00000000d6680000, 0x0000000100000000)
  eden space 11264K, 100% used [0x00000000d5580000,0x00000000d6080000,0x00000000d6080000)
  from space 512K, 96% used [0x00000000d6600000,0x00000000d667c008,0x00000000d6680000)
  to   space 1024K, 0% used [0x00000000d6480000,0x00000000d6480000,0x00000000d6580000)
 ParOldGen       total 666112K, used 665662K [0x0000000080000000, 0x00000000a8a80000, 0x00000000d5580000)
  object space 666112K, 99% used [0x0000000080000000,0x00000000a8a0f8d8,0x00000000a8a80000)
 Metaspace       used 79914K, committed 81600K, reserved 1179648K
  class space    used 8445K, committed 9216K, reserved 1048576K
}
Event: 6014.899 GC heap after
{Heap after GC invocations=232 (full 3):
 PSYoungGen      total 12288K, used 409K [0x00000000d5580000, 0x00000000d6680000, 0x0000000100000000)
  eden space 11264K, 0% used [0x00000000d5580000,0x00000000d5580000,0x00000000d6080000)
  from space 1024K, 39% used [0x00000000d6480000,0x00000000d64e6580,0x00000000d6580000)
  to   space 1024K, 0% used [0x00000000d6580000,0x00000000d6580000,0x00000000d6680000)
 ParOldGen       total 666112K, used 666065K [0x0000000080000000, 0x00000000a8a80000, 0x00000000d5580000)
  object space 666112K, 99% used [0x0000000080000000,0x00000000a8a744f8,0x00000000a8a80000)
 Metaspace       used 79914K, committed 81600K, reserved 1179648K
  class space    used 8445K, committed 9216K, reserved 1048576K
}
Event: 6014.929 GC heap before
{Heap before GC invocations=233 (full 3):
 PSYoungGen      total 12288K, used 11673K [0x00000000d5580000, 0x00000000d6680000, 0x0000000100000000)
  eden space 11264K, 100% used [0x00000000d5580000,0x00000000d6080000,0x00000000d6080000)
  from space 1024K, 39% used [0x00000000d6480000,0x00000000d64e6580,0x00000000d6580000)
  to   space 1024K, 0% used [0x00000000d6580000,0x00000000d6580000,0x00000000d6680000)
 ParOldGen       total 666112K, used 666065K [0x0000000080000000, 0x00000000a8a80000, 0x00000000d5580000)
  object space 666112K, 99% used [0x0000000080000000,0x00000000a8a744f8,0x00000000a8a80000)
 Metaspace       used 79956K, committed 81728K, reserved 1179648K
  class space    used 8446K, committed 9216K, reserved 1048576K
}
Event: 6014.931 GC heap after
{Heap after GC invocations=233 (full 3):
 PSYoungGen      total 12288K, used 648K [0x00000000d5580000, 0x00000000d6680000, 0x0000000100000000)
  eden space 11264K, 0% used [0x00000000d5580000,0x00000000d5580000,0x00000000d6080000)
  from space 1024K, 63% used [0x00000000d6580000,0x00000000d6622148,0x00000000d6680000)
  to   space 1024K, 0% used [0x00000000d6480000,0x00000000d6480000,0x00000000d6580000)
 ParOldGen       total 666624K, used 666266K [0x0000000080000000, 0x00000000a8b00000, 0x00000000d5580000)
  object space 666624K, 99% used [0x0000000080000000,0x00000000a8aa6a98,0x00000000a8b00000)
 Metaspace       used 79956K, committed 81728K, reserved 1179648K
  class space    used 8446K, committed 9216K, reserved 1048576K
}
Event: 6014.950 GC heap before
{Heap before GC invocations=234 (full 3):
 PSYoungGen      total 12288K, used 11912K [0x00000000d5580000, 0x00000000d6680000, 0x0000000100000000)
  eden space 11264K, 100% used [0x00000000d5580000,0x00000000d6080000,0x00000000d6080000)
  from space 1024K, 63% used [0x00000000d6580000,0x00000000d6622148,0x00000000d6680000)
  to   space 1024K, 0% used [0x00000000d6480000,0x00000000d6480000,0x00000000d6580000)
 ParOldGen       total 666624K, used 666266K [0x0000000080000000, 0x00000000a8b00000, 0x00000000d5580000)
  object space 666624K, 99% used [0x0000000080000000,0x00000000a8aa6a98,0x00000000a8b00000)
 Metaspace       used 79989K, committed 81728K, reserved 1179648K
  class space    used 8452K, committed 9216K, reserved 1048576K
}
Event: 6014.952 GC heap after
{Heap after GC invocations=234 (full 3):
 PSYoungGen      total 12288K, used 320K [0x00000000d5580000, 0x00000000d6600000, 0x0000000100000000)
  eden space 11264K, 0% used [0x00000000d5580000,0x00000000d5580000,0x00000000d6080000)
  from space 1024K, 31% used [0x00000000d6480000,0x00000000d64d0000,0x00000000d6580000)
  to   space 512K, 0% used [0x00000000d6580000,0x00000000d6580000,0x00000000d6600000)
 ParOldGen       total 666624K, used 666622K [0x0000000080000000, 0x00000000a8b00000, 0x00000000d5580000)
  object space 666624K, 99% used [0x0000000080000000,0x00000000a8aff978,0x00000000a8b00000)
 Metaspace       used 79989K, committed 81728K, reserved 1179648K
  class space    used 8452K, committed 9216K, reserved 1048576K
}
Event: 6014.977 GC heap before
{Heap before GC invocations=235 (full 3):
 PSYoungGen      total 12288K, used 11584K [0x00000000d5580000, 0x00000000d6600000, 0x0000000100000000)
  eden space 11264K, 100% used [0x00000000d5580000,0x00000000d6080000,0x00000000d6080000)
  from space 1024K, 31% used [0x00000000d6480000,0x00000000d64d0000,0x00000000d6580000)
  to   space 512K, 0% used [0x00000000d6580000,0x00000000d6580000,0x00000000d6600000)
 ParOldGen       total 666624K, used 666622K [0x0000000080000000, 0x00000000a8b00000, 0x00000000d5580000)
  object space 666624K, 99% used [0x0000000080000000,0x00000000a8aff978,0x00000000a8b00000)
 Metaspace       used 80021K, committed 81728K, reserved 1179648K
  class space    used 8455K, committed 9216K, reserved 1048576K
}
Event: 6014.978 GC heap after
{Heap after GC invocations=235 (full 3):
 PSYoungGen      total 11776K, used 411K [0x00000000d5580000, 0x00000000d6600000, 0x0000000100000000)
  eden space 11264K, 0% used [0x00000000d5580000,0x00000000d5580000,0x00000000d6080000)
  from space 512K, 80% used [0x00000000d6580000,0x00000000d65e6cb8,0x00000000d6600000)
  to   space 512K, 0% used [0x00000000d6500000,0x00000000d6500000,0x00000000d6580000)
 ParOldGen       total 667136K, used 666798K [0x0000000080000000, 0x00000000a8b80000, 0x00000000d5580000)
  object space 667136K, 99% used [0x0000000080000000,0x00000000a8b2b978,0x00000000a8b80000)
 Metaspace       used 80021K, committed 81728K, reserved 1179648K
  class space    used 8455K, committed 9216K, reserved 1048576K
}
Event: 6015.029 GC heap before
{Heap before GC invocations=236 (full 3):
 PSYoungGen      total 11776K, used 11675K [0x00000000d5580000, 0x00000000d6600000, 0x0000000100000000)
  eden space 11264K, 100% used [0x00000000d5580000,0x00000000d6080000,0x00000000d6080000)
  from space 512K, 80% used [0x00000000d6580000,0x00000000d65e6cb8,0x00000000d6600000)
  to   space 512K, 0% used [0x00000000d6500000,0x00000000d6500000,0x00000000d6580000)
 ParOldGen       total 667136K, used 666798K [0x0000000080000000, 0x00000000a8b80000, 0x00000000d5580000)
  object space 667136K, 99% used [0x0000000080000000,0x00000000a8b2b978,0x00000000a8b80000)
 Metaspace       used 80112K, committed 81856K, reserved 1179648K
  class space    used 8458K, committed 9216K, reserved 1048576K
}
Event: 6015.032 GC heap after
{Heap after GC invocations=236 (full 3):
 PSYoungGen      total 11776K, used 511K [0x00000000d5580000, 0x00000000d6600000, 0x0000000100000000)
  eden space 11264K, 0% used [0x00000000d5580000,0x00000000d5580000,0x00000000d6080000)
  from space 512K, 99% used [0x00000000d6500000,0x00000000d657ffa0,0x00000000d6580000)
  to   space 512K, 0% used [0x00000000d6580000,0x00000000d6580000,0x00000000d6600000)
 ParOldGen       total 667136K, used 667051K [0x0000000080000000, 0x00000000a8b80000, 0x00000000d5580000)
  object space 667136K, 99% used [0x0000000080000000,0x00000000a8b6af08,0x00000000a8b80000)
 Metaspace       used 80112K, committed 81856K, reserved 1179648K
  class space    used 8458K, committed 9216K, reserved 1048576K
}
Event: 6015.096 GC heap before
{Heap before GC invocations=237 (full 3):
 PSYoungGen      total 11776K, used 11775K [0x00000000d5580000, 0x00000000d6600000, 0x0000000100000000)
  eden space 11264K, 100% used [0x00000000d5580000,0x00000000d6080000,0x00000000d6080000)
  from space 512K, 99% used [0x00000000d6500000,0x00000000d657ffa0,0x00000000d6580000)
  to   space 512K, 0% used [0x00000000d6580000,0x00000000d6580000,0x00000000d6600000)
 ParOldGen       total 667136K, used 667051K [0x0000000080000000, 0x00000000a8b80000, 0x00000000d5580000)
  object space 667136K, 99% used [0x0000000080000000,0x00000000a8b6af08,0x00000000a8b80000)
 Metaspace       used 80141K, committed 81856K, reserved 1179648K
  class space    used 8460K, committed 9216K, reserved 1048576K
}
Event: 6015.098 GC heap after
{Heap after GC invocations=237 (full 3):
 PSYoungGen      total 11776K, used 383K [0x00000000d5580000, 0x00000000d6600000, 0x0000000100000000)
  eden space 11264K, 0% used [0x00000000d5580000,0x00000000d5580000,0x00000000d6080000)
  from space 512K, 74% used [0x00000000d6580000,0x00000000d65dff70,0x00000000d6600000)
  to   space 1024K, 0% used [0x00000000d6400000,0x00000000d6400000,0x00000000d6500000)
 ParOldGen       total 667648K, used 667387K [0x0000000080000000, 0x00000000a8c00000, 0x00000000d5580000)
  object space 667648K, 99% used [0x0000000080000000,0x00000000a8bbef08,0x00000000a8c00000)
 Metaspace       used 80141K, committed 81856K, reserved 1179648K
  class space    used 8460K, committed 9216K, reserved 1048576K
}
Event: 6015.228 GC heap before
{Heap before GC invocations=238 (full 3):
 PSYoungGen      total 11776K, used 11647K [0x00000000d5580000, 0x00000000d6600000, 0x0000000100000000)
  eden space 11264K, 100% used [0x00000000d5580000,0x00000000d6080000,0x00000000d6080000)
  from space 512K, 74% used [0x00000000d6580000,0x00000000d65dff70,0x00000000d6600000)
  to   space 1024K, 0% used [0x00000000d6400000,0x00000000d6400000,0x00000000d6500000)
 ParOldGen       total 667648K, used 667387K [0x0000000080000000, 0x00000000a8c00000, 0x00000000d5580000)
  object space 667648K, 99% used [0x0000000080000000,0x00000000a8bbef08,0x00000000a8c00000)
 Metaspace       used 80228K, committed 81984K, reserved 1179648K
  class space    used 8463K, committed 9216K, reserved 1048576K
}
Event: 6015.232 GC heap after
{Heap after GC invocations=238 (full 3):
 PSYoungGen      total 12288K, used 1001K [0x00000000d5580000, 0x00000000d6600000, 0x0000000100000000)
  eden space 11264K, 0% used [0x00000000d5580000,0x00000000d5580000,0x00000000d6080000)
  from space 1024K, 97% used [0x00000000d6400000,0x00000000d64fa400,0x00000000d6500000)
  to   space 1024K, 0% used [0x00000000d6500000,0x00000000d6500000,0x00000000d6600000)
 ParOldGen       total 667648K, used 667523K [0x0000000080000000, 0x00000000a8c00000, 0x00000000d5580000)
  object space 667648K, 99% used [0x0000000080000000,0x00000000a8be0f08,0x00000000a8c00000)
 Metaspace       used 80228K, committed 81984K, reserved 1179648K
  class space    used 8463K, committed 9216K, reserved 1048576K
}

Dll operation events (12 events):
Event: 0.016 Loaded shared library c:\Users\kalra\.vscode\extensions\redhat.java-1.53.0-win32-x64\jre\21.0.10-win32-x86_64\bin\java.dll
Event: 0.124 Loaded shared library c:\Users\kalra\.vscode\extensions\redhat.java-1.53.0-win32-x64\jre\21.0.10-win32-x86_64\bin\zip.dll
Event: 0.159 Loaded shared library C:\Users\kalra\.vscode\extensions\redhat.java-1.53.0-win32-x64\jre\21.0.10-win32-x86_64\bin\instrument.dll
Event: 0.168 Loaded shared library C:\Users\kalra\.vscode\extensions\redhat.java-1.53.0-win32-x64\jre\21.0.10-win32-x86_64\bin\net.dll
Event: 0.174 Loaded shared library C:\Users\kalra\.vscode\extensions\redhat.java-1.53.0-win32-x64\jre\21.0.10-win32-x86_64\bin\nio.dll
Event: 0.180 Loaded shared library C:\Users\kalra\.vscode\extensions\redhat.java-1.53.0-win32-x64\jre\21.0.10-win32-x86_64\bin\zip.dll
Event: 0.208 Loaded shared library C:\Users\kalra\.vscode\extensions\redhat.java-1.53.0-win32-x64\jre\21.0.10-win32-x86_64\bin\jimage.dll
Event: 0.335 Loaded shared library c:\Users\kalra\.vscode\extensions\redhat.java-1.53.0-win32-x64\jre\21.0.10-win32-x86_64\bin\verify.dll
Event: 2.952 Loaded shared library C:\Users\kalra\AppData\Roaming\Code\User\globalStorage\redhat.java\1.53.0\config_win\org.eclipse.equinox.launcher\org.eclipse.equinox.launcher.win32.win32.x86_64_1.3.0.v20260203-2149\eclipse_11919.dll
Event: 6.327 Loaded shared library C:\Users\kalra\AppData\Local\Temp\jna-101813893\jna7039745961109478228.dll
Event: 4918.512 Loaded shared library C:\Users\kalra\.vscode\extensions\redhat.java-1.53.0-win32-x64\jre\21.0.10-win32-x86_64\bin\sunmscapi.dll
Event: 6007.256 Loaded shared library C:\Users\kalra\.vscode\extensions\redhat.java-1.53.0-win32-x64\jre\21.0.10-win32-x86_64\bin\extnet.dll

Deoptimization events (20 events):
Event: 6014.843 Thread 0x0000025e964b4df0 Uncommon trap: trap_request=0xffffff45 fr.pc=0x0000025e40e1598c relative=0x000000000000006c
Event: 6014.843 Thread 0x0000025e964b4df0 Uncommon trap: reason=unstable_if action=reinterpret pc=0x0000025e40e1598c method=java.util.stream.AbstractSpinedBuffer.count()J @ 4 c2
Event: 6014.843 Thread 0x0000025e964b4df0 DEOPT PACKING pc=0x0000025e40e1598c sp=0x000000b30dbfe1c0
Event: 6014.843 Thread 0x0000025e964b4df0 DEOPT UNPACKING pc=0x0000025e3ff73aa2 sp=0x000000b30dbfe160 mode 2
Event: 6014.878 Thread 0x0000025ea045e410 Uncommon trap: trap_request=0xffffffd6 fr.pc=0x0000025e41173ba4 relative=0x0000000000000544
Event: 6014.878 Thread 0x0000025ea045e410 Uncommon trap: reason=array_check action=maybe_recompile pc=0x0000025e41173ba4 method=java.util.TimSort.reverseRange([Ljava/lang/Object;II)V @ 27 c2
Event: 6014.878 Thread 0x0000025ea045e410 DEOPT PACKING pc=0x0000025e41173ba4 sp=0x000000b310cfdf70
Event: 6014.878 Thread 0x0000025ea045e410 DEOPT UNPACKING pc=0x0000025e3ff73aa2 sp=0x000000b310cfde80 mode 2
Event: 6015.195 Thread 0x0000025e960d7fe0 Uncommon trap: trap_request=0xffffff45 fr.pc=0x0000025e4108fbb0 relative=0x0000000000000270
Event: 6015.195 Thread 0x0000025e960d7fe0 Uncommon trap: reason=unstable_if action=reinterpret pc=0x0000025e4108fbb0 method=org.eclipse.jdt.internal.core.BinaryType.equals(Ljava/lang/Object;)Z @ 11 c2
Event: 6015.195 Thread 0x0000025e960d7fe0 DEOPT PACKING pc=0x0000025e4108fbb0 sp=0x000000b30f2fe2b0
Event: 6015.195 Thread 0x0000025e960d7fe0 DEOPT UNPACKING pc=0x0000025e3ff73aa2 sp=0x000000b30f2fe260 mode 2
Event: 6015.235 Thread 0x0000025ea045e410 Uncommon trap: trap_request=0xffffff6e fr.pc=0x0000025e411abefc relative=0x000000000000015c
Event: 6015.235 Thread 0x0000025ea045e410 Uncommon trap: reason=loop_limit_check action=maybe_recompile pc=0x0000025e411abefc method=org.eclipse.jdt.internal.compiler.lookup.ReferenceBinding.compare([C[CII)I @ 46 c2
Event: 6015.235 Thread 0x0000025ea045e410 DEOPT PACKING pc=0x0000025e411abefc sp=0x000000b310cfe020
Event: 6015.235 Thread 0x0000025ea045e410 DEOPT UNPACKING pc=0x0000025e3ff73aa2 sp=0x000000b310cfdf90 mode 2
Event: 6015.250 Thread 0x0000025e960d7fe0 Uncommon trap: trap_request=0xffffffc6 fr.pc=0x0000025e4085c058 relative=0x0000000000000db8
Event: 6015.250 Thread 0x0000025e960d7fe0 Uncommon trap: reason=bimorphic_or_optimized_type_check action=maybe_recompile pc=0x0000025e4085c058 method=java.util.concurrent.ConcurrentHashMap.putVal(Ljava/lang/Object;Ljava/lang/Object;Z)Ljava/lang/Object; @ 159 c2
Event: 6015.250 Thread 0x0000025e960d7fe0 DEOPT PACKING pc=0x0000025e4085c058 sp=0x000000b30f2fe650
Event: 6015.250 Thread 0x0000025e960d7fe0 DEOPT UNPACKING pc=0x0000025e3ff73aa2 sp=0x000000b30f2fe5d0 mode 2

Classes loaded (20 events):
Event: 6007.751 Loading class sun/security/ssl/SSLEngineOutputRecord$RecordMemo done
Event: 6007.751 Loading class sun/security/ssl/SSLEngineOutputRecord$HandshakeMemo done
Event: 6007.837 Loading class sun/security/ssl/PreSharedKeyExtension$SHPreSharedKeySpec
Event: 6007.837 Loading class sun/security/ssl/PreSharedKeyExtension$SHPreSharedKeySpec done
Event: 6009.607 Loading class sun/nio/fs/WindowsFileCopy
Event: 6009.608 Loading class sun/nio/fs/WindowsFileCopy done
Event: 6009.683 Loading class java/lang/Throwable$WrappedPrintWriter
Event: 6009.685 Loading class java/lang/Throwable$PrintStreamOrWriter
Event: 6009.685 Loading class java/lang/Throwable$PrintStreamOrWriter done
Event: 6009.685 Loading class java/lang/Throwable$WrappedPrintWriter done
Event: 6010.685 Loading class javax/xml/transform/TransformerConfigurationException
Event: 6010.686 Loading class javax/xml/transform/TransformerConfigurationException done
Event: 6012.891 Loading class java/io/BufferedReader$1
Event: 6012.891 Loading class java/io/BufferedReader$1 done
Event: 6014.544 Loading class jdk/internal/module/IllegalAccessLogger
Event: 6014.544 Loading class jdk/internal/module/IllegalAccessLogger done
Event: 6014.566 Loading class java/util/concurrent/ArrayBlockingQueue
Event: 6014.566 Loading class java/util/concurrent/ArrayBlockingQueue done
Event: 6014.847 Loading class java/util/concurrent/ConcurrentHashMap$KeySpliterator
Event: 6014.848 Loading class java/util/concurrent/ConcurrentHashMap$KeySpliterator done

Classes unloaded (8 events):
Event: 7.361 Thread 0x0000025e35782c80 Unloading class 0x0000025e4e1a5400 'java/lang/invoke/LambdaForm$MH+0x0000025e4e1a5400'
Event: 7.361 Thread 0x0000025e35782c80 Unloading class 0x0000025e4e1a5000 'java/lang/invoke/LambdaForm$MH+0x0000025e4e1a5000'
Event: 7.361 Thread 0x0000025e35782c80 Unloading class 0x0000025e4e1a4c00 'java/lang/invoke/LambdaForm$MH+0x0000025e4e1a4c00'
Event: 7.361 Thread 0x0000025e35782c80 Unloading class 0x0000025e4e1a4800 'java/lang/invoke/LambdaForm$MH+0x0000025e4e1a4800'
Event: 7.361 Thread 0x0000025e35782c80 Unloading class 0x0000025e4e1a4400 'java/lang/invoke/LambdaForm$BMH+0x0000025e4e1a4400'
Event: 7.361 Thread 0x0000025e35782c80 Unloading class 0x0000025e4e1a4000 'java/lang/invoke/LambdaForm$DMH+0x0000025e4e1a4000'
Event: 7.361 Thread 0x0000025e35782c80 Unloading class 0x0000025e4e1a2c00 'java/lang/invoke/LambdaForm$DMH+0x0000025e4e1a2c00'
Event: 19.842 Thread 0x0000025e35782c80 Unloading class 0x0000025e4e634400 'java/lang/invoke/LambdaForm$DMH+0x0000025e4e634400'

Classes redefined (0 events):
No events

Internal exceptions (20 events):
Event: 6013.821 Thread 0x0000025e960d7fe0 Exception <a 'sun/nio/fs/WindowsException'{0x00000000d57b83d8}> (0x00000000d57b83d8) 
thrown [s\src\hotspot\share\prims\jni.cpp, line 520]
Event: 6013.821 Thread 0x0000025e960d7fe0 Exception <a 'sun/nio/fs/WindowsException'{0x00000000d57b8ca0}> (0x00000000d57b8ca0) 
thrown [s\src\hotspot\share\prims\jni.cpp, line 520]
Event: 6013.821 Thread 0x0000025e960d7fe0 Exception <a 'sun/nio/fs/WindowsException'{0x00000000d57ba3e8}> (0x00000000d57ba3e8) 
thrown [s\src\hotspot\share\prims\jni.cpp, line 520]
Event: 6013.821 Thread 0x0000025e960d7fe0 Exception <a 'sun/nio/fs/WindowsException'{0x00000000d57bacb0}> (0x00000000d57bacb0) 
thrown [s\src\hotspot\share\prims\jni.cpp, line 520]
Event: 6013.823 Thread 0x0000025e960d7fe0 Exception <a 'sun/nio/fs/WindowsException'{0x00000000d59057c8}> (0x00000000d59057c8) 
thrown [s\src\hotspot\share\prims\jni.cpp, line 520]
Event: 6013.823 Thread 0x0000025e960d7fe0 Exception <a 'sun/nio/fs/WindowsException'{0x00000000d5906090}> (0x00000000d5906090) 
thrown [s\src\hotspot\share\prims\jni.cpp, line 520]
Event: 6013.985 Thread 0x0000025e960ddbc0 Exception <a 'java/lang/NoSuchMethodError'{0x00000000d594f0d0}: 'int java.lang.invoke.DirectMethodHandle$Holder.invokeStatic(java.lang.Object)'> (0x00000000d594f0d0) 
thrown [s\src\hotspot\share\interpreter\linkResolver.cpp, line 773]
Event: 6013.999 Thread 0x0000025e960ddbc0 Exception <a 'sun/nio/fs/WindowsException'{0x00000000d59f2388}> (0x00000000d59f2388) 
thrown [s\src\hotspot\share\prims\jni.cpp, line 520]
Event: 6014.001 Thread 0x0000025e960d8d00 Exception <a 'sun/nio/fs/WindowsException'{0x00000000d5a195a8}> (0x00000000d5a195a8) 
thrown [s\src\hotspot\share\prims\jni.cpp, line 520]
Event: 6014.001 Thread 0x0000025e960d8d00 Exception <a 'sun/nio/fs/WindowsException'{0x00000000d5a1a6e0}> (0x00000000d5a1a6e0) 
thrown [s\src\hotspot\share\prims\jni.cpp, line 520]
Event: 6014.003 Thread 0x0000025e960d9390 Exception <a 'sun/nio/fs/WindowsException'{0x00000000d5a2c7a0}> (0x00000000d5a2c7a0) 
thrown [s\src\hotspot\share\prims\jni.cpp, line 520]
Event: 6014.003 Thread 0x0000025e960dc810 Exception <a 'sun/nio/fs/WindowsException'{0x00000000d5a23090}> (0x00000000d5a23090) 
thrown [s\src\hotspot\share\prims\jni.cpp, line 520]
Event: 6014.004 Thread 0x0000025e960d9a20 Exception <a 'sun/nio/fs/WindowsException'{0x00000000d5a3fa40}> (0x00000000d5a3fa40) 
thrown [s\src\hotspot\share\prims\jni.cpp, line 520]
Event: 6014.004 Thread 0x0000025e960de250 Exception <a 'sun/nio/fs/WindowsException'{0x00000000d5a524a8}> (0x00000000d5a524a8) 
thrown [s\src\hotspot\share\prims\jni.cpp, line 520]
Event: 6014.007 Thread 0x0000025e960ddbc0 Exception <a 'sun/nio/fs/WindowsException'{0x00000000d5a006a8}> (0x00000000d5a006a8) 
thrown [s\src\hotspot\share\prims\jni.cpp, line 520]
Event: 6014.007 Thread 0x0000025e960d8d00 Exception <a 'sun/nio/fs/WindowsException'{0x00000000d5a1c938}> (0x00000000d5a1c938) 
thrown [s\src\hotspot\share\prims\jni.cpp, line 520]
Event: 6014.008 Thread 0x0000025e960de250 Exception <a 'sun/nio/fs/WindowsException'{0x00000000d5a549e8}> (0x00000000d5a549e8) 
thrown [s\src\hotspot\share\prims\jni.cpp, line 520]
Event: 6014.849 Thread 0x0000025e964b4df0 Exception <a 'java/lang/NoSuchMethodError'{0x00000000d573b7d0}: 'java.lang.Object java.lang.invoke.DirectMethodHandle$Holder.invokeStatic(java.lang.Object, java.lang.Object, int, int, java.lang.Object)'> (0x00000000d573b7d0) 
thrown [s\src\hotspot\share\interpreter\linkResolver.cpp, line 773]
Event: 6014.850 Thread 0x0000025e964b4df0 Exception <a 'java/lang/NoSuchMethodError'{0x00000000d5742590}: 'java.lang.Object java.lang.invoke.DirectMethodHandle$Holder.newInvokeSpecial(java.lang.Object, java.lang.Object, int, int, java.lang.Object)'> (0x00000000d5742590) 
thrown [s\src\hotspot\share\interpreter\linkResolver.cpp, line 773]
Event: 6015.033 Thread 0x0000025ea045e410 Exception <a 'java/lang/NoSuchMethodError'{0x00000000d55e5578}: 'void java.lang.invoke.DirectMethodHandle$Holder.invokeStatic(java.lang.Object, int, java.lang.Object)'> (0x00000000d55e5578) 
thrown [s\src\hotspot\share\interpreter\linkResolver.cpp, line 773]

ZGC Phase Switch (0 events):
No events

VM Operations (20 events):
Event: 6014.872 Executing safepoint VM operation: ParallelGCFailedAllocation (Allocation Failure)
Event: 6014.874 Executing safepoint VM operation: ParallelGCFailedAllocation (Allocation Failure) done
Event: 6014.896 Executing safepoint VM operation: ParallelGCFailedAllocation (Allocation Failure)
Event: 6014.899 Executing safepoint VM operation: ParallelGCFailedAllocation (Allocation Failure) done
Event: 6014.929 Executing safepoint VM operation: ParallelGCFailedAllocation (Allocation Failure)
Event: 6014.931 Executing safepoint VM operation: ParallelGCFailedAllocation (Allocation Failure) done
Event: 6014.950 Executing safepoint VM operation: ParallelGCFailedAllocation (Allocation Failure)
Event: 6014.952 Executing safepoint VM operation: ParallelGCFailedAllocation (Allocation Failure) done
Event: 6014.977 Executing safepoint VM operation: ParallelGCFailedAllocation (Allocation Failure)
Event: 6014.978 Executing safepoint VM operation: ParallelGCFailedAllocation (Allocation Failure) done
Event: 6015.006 Executing non-safepoint VM operation: HandshakeAllThreads (Deoptimize)
Event: 6015.006 Executing non-safepoint VM operation: HandshakeAllThreads (Deoptimize) done
Event: 6015.023 Executing safepoint VM operation: ParallelGCFailedAllocation (Allocation Failure)
Event: 6015.032 Executing safepoint VM operation: ParallelGCFailedAllocation (Allocation Failure) done
Event: 6015.032 Executing non-safepoint VM operation: HandshakeAllThreads (Deoptimize)
Event: 6015.032 Executing non-safepoint VM operation: HandshakeAllThreads (Deoptimize) done
Event: 6015.096 Executing safepoint VM operation: ParallelGCFailedAllocation (Allocation Failure)
Event: 6015.098 Executing safepoint VM operation: ParallelGCFailedAllocation (Allocation Failure) done
Event: 6015.228 Executing safepoint VM operation: ParallelGCFailedAllocation (Allocation Failure)
Event: 6015.232 Executing safepoint VM operation: ParallelGCFailedAllocation (Allocation Failure) done

Memory protections (0 events):
No events

Nmethod flushes (20 events):
Event: 19.887 Thread 0x0000025e35782c80 flushing  nmethod 0x0000025e39279910
Event: 19.887 Thread 0x0000025e35782c80 flushing  nmethod 0x0000025e392c8f90
Event: 19.887 Thread 0x0000025e35782c80 flushing  nmethod 0x0000025e392cad90
Event: 19.887 Thread 0x0000025e35782c80 flushing  nmethod 0x0000025e39330d10
Event: 19.887 Thread 0x0000025e35782c80 flushing  nmethod 0x0000025e39331890
Event: 19.887 Thread 0x0000025e35782c80 flushing  nmethod 0x0000025e39337190
Event: 19.887 Thread 0x0000025e35782c80 flushing  nmethod 0x0000025e39337c90
Event: 19.887 Thread 0x0000025e35782c80 flushing  nmethod 0x0000025e3933e310
Event: 19.887 Thread 0x0000025e35782c80 flushing  nmethod 0x0000025e3933e810
Event: 19.887 Thread 0x0000025e35782c80 flushing  nmethod 0x0000025e39341710
Event: 19.887 Thread 0x0000025e35782c80 flushing  nmethod 0x0000025e39341a90
Event: 19.887 Thread 0x0000025e35782c80 flushing  nmethod 0x0000025e39342890
Event: 19.887 Thread 0x0000025e35782c80 flushing  nmethod 0x0000025e39342c90
Event: 19.887 Thread 0x0000025e35782c80 flushing  nmethod 0x0000025e39343010
Event: 19.887 Thread 0x0000025e35782c80 flushing  nmethod 0x0000025e39343390
Event: 19.887 Thread 0x0000025e35782c80 flushing  nmethod 0x0000025e39343910
Event: 19.887 Thread 0x0000025e35782c80 flushing  nmethod 0x0000025e39348010
Event: 19.887 Thread 0x0000025e35782c80 flushing  nmethod 0x0000025e39348390
Event: 19.887 Thread 0x0000025e35782c80 flushing  nmethod 0x0000025e39348790
Event: 19.887 Thread 0x0000025e35782c80 flushing  nmethod 0x0000025e39348d10

Events (20 events):
Event: 6014.222 Thread 0x0000025e964b4df0 Thread added: 0x0000025ea045a900
Event: 6014.222 Thread 0x0000025e964b4df0 Thread added: 0x0000025ea045a270
Event: 6014.222 Thread 0x0000025e964b4df0 Thread added: 0x0000025ea045b620
Event: 6014.222 Thread 0x0000025e964b4df0 Thread added: 0x0000025ea045bcb0
Event: 6014.222 Thread 0x0000025e964b4df0 Thread added: 0x0000025ea0459be0
Event: 6014.222 Thread 0x0000025e964b4df0 Thread added: 0x0000025ea0458830
Event: 6014.222 Thread 0x0000025e964b4df0 Thread added: 0x0000025ea045c340
Event: 6014.222 Thread 0x0000025e964b4df0 Thread added: 0x0000025ea0458ec0
Event: 6014.222 Thread 0x0000025e964b4df0 Thread added: 0x0000025ea045c9d0
Event: 6014.567 Thread 0x0000025e964b4df0 Thread added: 0x0000025ea045e410
Event: 6014.851 Thread 0x0000025e964b4df0 Thread added: 0x0000025ea045eaa0
Event: 6014.860 Thread 0x0000025e964b4df0 Thread added: 0x0000025ea045d060
Event: 6014.884 Thread 0x0000025e964b4df0 Thread added: 0x0000025ea045fe50
Event: 6014.936 Thread 0x0000025e964b4df0 Thread added: 0x0000025ea045dd80
Event: 6014.939 Thread 0x0000025e964b4df0 Thread added: 0x0000025ea045f130
Event: 6014.962 Thread 0x0000025e964b4df0 Thread added: 0x0000025ea045f7c0
Event: 6014.964 Thread 0x0000025e964b4df0 Thread added: 0x0000025e97babdc0
Event: 6014.983 Thread 0x0000025e964b4df0 Thread added: 0x0000025e97bab730
Event: 6014.983 Thread 0x0000025e964b4df0 Thread added: 0x0000025e97bac450
Event: 6014.983 Thread 0x0000025e964b4df0 Thread added: 0x0000025e97bab0a0


Dynamic libraries:
0x00007ff65fdd0000 - 0x00007ff65fdde000 	c:\Users\kalra\.vscode\extensions\redhat.java-1.53.0-win32-x64\jre\21.0.10-win32-x86_64\bin\java.exe
0x00007ff86cd60000 - 0x00007ff86cfc7000 	C:\WINDOWS\SYSTEM32\ntdll.dll
0x00007ff86bb10000 - 0x00007ff86bbd9000 	C:\WINDOWS\System32\KERNEL32.DLL
0x00007ff86a4a0000 - 0x00007ff86a891000 	C:\WINDOWS\System32\KERNELBASE.dll
0x00007ff86a350000 - 0x00007ff86a49b000 	C:\WINDOWS\System32\ucrtbase.dll
0x00007ff863dd0000 - 0x00007ff863dee000 	c:\Users\kalra\.vscode\extensions\redhat.java-1.53.0-win32-x64\jre\21.0.10-win32-x86_64\bin\VCRUNTIME140.dll
0x00007ff863db0000 - 0x00007ff863dc8000 	c:\Users\kalra\.vscode\extensions\redhat.java-1.53.0-win32-x64\jre\21.0.10-win32-x86_64\bin\jli.dll
0x00007ff86b940000 - 0x00007ff86bb05000 	C:\WINDOWS\System32\USER32.dll
0x00007ff86aad0000 - 0x00007ff86aaf7000 	C:\WINDOWS\System32\win32u.dll
0x00007ff8516e0000 - 0x00007ff851973000 	C:\WINDOWS\WinSxS\amd64_microsoft.windows.common-controls_6595b64144ccf1df_6.0.26100.8037_none_3e092faae333b53b\COMCTL32.dll
0x00007ff86c0d0000 - 0x00007ff86c0fb000 	C:\WINDOWS\System32\GDI32.dll
0x00007ff86af40000 - 0x00007ff86afe9000 	C:\WINDOWS\System32\msvcrt.dll
0x00007ff869840000 - 0x00007ff86996b000 	C:\WINDOWS\System32\gdi32full.dll
0x00007ff86aa20000 - 0x00007ff86aac3000 	C:\WINDOWS\System32\msvcp_win.dll
0x00007ff86bc30000 - 0x00007ff86bc61000 	C:\WINDOWS\System32\IMM32.DLL
0x00007ff863da0000 - 0x00007ff863dac000 	c:\Users\kalra\.vscode\extensions\redhat.java-1.53.0-win32-x64\jre\21.0.10-win32-x86_64\bin\vcruntime140_1.dll
0x00007fffaef80000 - 0x00007fffaf00d000 	c:\Users\kalra\.vscode\extensions\redhat.java-1.53.0-win32-x64\jre\21.0.10-win32-x86_64\bin\msvcp140.dll
0x00007fffae1d0000 - 0x00007fffaef71000 	c:\Users\kalra\.vscode\extensions\redhat.java-1.53.0-win32-x64\jre\21.0.10-win32-x86_64\bin\server\jvm.dll
0x00007ff86bc80000 - 0x00007ff86bd3b000 	C:\WINDOWS\System32\ADVAPI32.dll
0x00007ff86b890000 - 0x00007ff86b937000 	C:\WINDOWS\System32\sechost.dll
0x00007ff86acf0000 - 0x00007ff86ae08000 	C:\WINDOWS\System32\RPCRT4.dll
0x00007ff86b630000 - 0x00007ff86b6a4000 	C:\WINDOWS\System32\WS2_32.dll
0x00007ff862dd0000 - 0x00007ff862ddb000 	C:\WINDOWS\SYSTEM32\VERSION.dll
0x00007ff862630000 - 0x00007ff862665000 	C:\WINDOWS\SYSTEM32\WINMM.dll
0x00007ff8694a0000 - 0x00007ff8694fe000 	C:\WINDOWS\SYSTEM32\POWRPROF.dll
0x00007ff8693d0000 - 0x00007ff8693e4000 	C:\WINDOWS\SYSTEM32\UMPDC.dll
0x00007ff8683d0000 - 0x00007ff8683eb000 	C:\WINDOWS\SYSTEM32\kernel.appcore.dll
0x00007fffae1c0000 - 0x00007fffae1ca000 	c:\Users\kalra\.vscode\extensions\redhat.java-1.53.0-win32-x64\jre\21.0.10-win32-x86_64\bin\jimage.dll
0x00007ff85da90000 - 0x00007ff85dcd2000 	C:\WINDOWS\SYSTEM32\DBGHELP.DLL
0x00007ff86c8e0000 - 0x00007ff86cc62000 	C:\WINDOWS\System32\combase.dll
0x00007ff86b6b0000 - 0x00007ff86b787000 	C:\WINDOWS\System32\OLEAUT32.dll
0x00007ff84ca90000 - 0x00007ff84cacb000 	C:\WINDOWS\SYSTEM32\dbgcore.DLL
0x00007ff86a2a0000 - 0x00007ff86a345000 	C:\WINDOWS\System32\bcryptPrimitives.dll
0x00007fffae1b0000 - 0x00007fffae1bf000 	c:\Users\kalra\.vscode\extensions\redhat.java-1.53.0-win32-x64\jre\21.0.10-win32-x86_64\bin\instrument.dll
0x00007fffae190000 - 0x00007fffae1b0000 	c:\Users\kalra\.vscode\extensions\redhat.java-1.53.0-win32-x64\jre\21.0.10-win32-x86_64\bin\java.dll
0x00007ff86c100000 - 0x00007ff86c85f000 	C:\WINDOWS\System32\SHELL32.dll
0x00007ff8696d0000 - 0x00007ff86983a000 	C:\WINDOWS\System32\wintypes.dll
0x00007ff869970000 - 0x00007ff86a1d4000 	C:\WINDOWS\System32\windows.storage.dll
0x00007ff86b790000 - 0x00007ff86b887000 	C:\WINDOWS\System32\SHCORE.dll
0x00007ff86c870000 - 0x00007ff86c8d7000 	C:\WINDOWS\System32\shlwapi.dll
0x00007ff869560000 - 0x00007ff869589000 	C:\WINDOWS\SYSTEM32\profapi.dll
0x00007fffae170000 - 0x00007fffae188000 	c:\Users\kalra\.vscode\extensions\redhat.java-1.53.0-win32-x64\jre\21.0.10-win32-x86_64\bin\zip.dll
0x00007fffae160000 - 0x00007fffae170000 	C:\Users\kalra\.vscode\extensions\redhat.java-1.53.0-win32-x64\jre\21.0.10-win32-x86_64\bin\net.dll
0x00007ff863850000 - 0x00007ff863977000 	C:\WINDOWS\SYSTEM32\WINHTTP.dll
0x00007ff868940000 - 0x00007ff8689ab000 	C:\WINDOWS\system32\mswsock.dll
0x00007fffae140000 - 0x00007fffae156000 	C:\Users\kalra\.vscode\extensions\redhat.java-1.53.0-win32-x64\jre\21.0.10-win32-x86_64\bin\nio.dll
0x00007ff863e90000 - 0x00007ff863ea0000 	c:\Users\kalra\.vscode\extensions\redhat.java-1.53.0-win32-x64\jre\21.0.10-win32-x86_64\bin\verify.dll
0x00007ff804520000 - 0x00007ff804565000 	C:\Users\kalra\AppData\Roaming\Code\User\globalStorage\redhat.java\1.53.0\config_win\org.eclipse.equinox.launcher\org.eclipse.equinox.launcher.win32.win32.x86_64_1.3.0.v20260203-2149\eclipse_11919.dll
0x00007ff86bf30000 - 0x00007ff86c0c5000 	C:\WINDOWS\System32\ole32.dll
0x00007ff868c20000 - 0x00007ff868c3b000 	C:\WINDOWS\SYSTEM32\CRYPTSP.dll
0x00007ff868330000 - 0x00007ff868369000 	C:\WINDOWS\system32\rsaenh.dll
0x00007ff8689f0000 - 0x00007ff868a22000 	C:\WINDOWS\SYSTEM32\USERENV.dll
0x00007ff869530000 - 0x00007ff86955a000 	C:\WINDOWS\SYSTEM32\bcrypt.dll
0x00007ff868c40000 - 0x00007ff868c4c000 	C:\WINDOWS\SYSTEM32\CRYPTBASE.dll
0x00007ff867dc0000 - 0x00007ff867df3000 	C:\WINDOWS\SYSTEM32\IPHLPAPI.DLL
0x00007ff86bc70000 - 0x00007ff86bc7a000 	C:\WINDOWS\System32\NSI.dll
0x00007ff863cf0000 - 0x00007ff863d39000 	C:\Users\kalra\AppData\Local\Temp\jna-101813893\jna7039745961109478228.dll
0x00007ff86bf20000 - 0x00007ff86bf28000 	C:\WINDOWS\System32\PSAPI.DLL
0x00007ff864990000 - 0x00007ff8649ad000 	C:\WINDOWS\SYSTEM32\dhcpcsvc6.DLL
0x00007ff8647e0000 - 0x00007ff864803000 	C:\WINDOWS\SYSTEM32\dhcpcsvc.DLL
0x00007ff863e10000 - 0x00007ff863e1e000 	C:\Users\kalra\.vscode\extensions\redhat.java-1.53.0-win32-x64\jre\21.0.10-win32-x86_64\bin\sunmscapi.dll
0x00007ff86a8a0000 - 0x00007ff86aa17000 	C:\WINDOWS\System32\CRYPT32.dll
0x00007ff868e40000 - 0x00007ff868e70000 	C:\WINDOWS\SYSTEM32\ncrypt.dll
0x00007ff868df0000 - 0x00007ff868e2f000 	C:\WINDOWS\SYSTEM32\NTASN1.dll
0x00007ff867e50000 - 0x00007ff867f7a000 	C:\WINDOWS\SYSTEM32\DNSAPI.dll
0x00007ff862db0000 - 0x00007ff862dbb000 	C:\Windows\System32\rasadhlp.dll
0x00007ff864a60000 - 0x00007ff864ae6000 	C:\WINDOWS\System32\fwpuclnt.dll
0x00007ff864e90000 - 0x00007ff864e99000 	C:\Users\kalra\.vscode\extensions\redhat.java-1.53.0-win32-x64\jre\21.0.10-win32-x86_64\bin\extnet.dll

JVMTI agents:
c:\Users\kalra\.vscode\extensions\redhat.java-1.53.0-win32-x64\lombok\lombok-1.18.39-4050.jar path:c:\Users\kalra\.vscode\extensions\redhat.java-1.53.0-win32-x64\jre\21.0.10-win32-x86_64\bin\instrument.dll, loaded, initialized, instrumentlib options:none

dbghelp: loaded successfully - version: 4.0.5 - missing functions: none
symbol engine: initialized successfully - sym options: 0x614 - pdb path: .;c:\Users\kalra\.vscode\extensions\redhat.java-1.53.0-win32-x64\jre\21.0.10-win32-x86_64\bin;C:\WINDOWS\SYSTEM32;C:\WINDOWS\WinSxS\amd64_microsoft.windows.common-controls_6595b64144ccf1df_6.0.26100.8037_none_3e092faae333b53b;c:\Users\kalra\.vscode\extensions\redhat.java-1.53.0-win32-x64\jre\21.0.10-win32-x86_64\bin\server;C:\Users\kalra\AppData\Roaming\Code\User\globalStorage\redhat.java\1.53.0\config_win\org.eclipse.equinox.launcher\org.eclipse.equinox.launcher.win32.win32.x86_64_1.3.0.v20260203-2149;C:\Users\kalra\AppData\Local\Temp\jna-101813893

VM Arguments:
jvm_args: --add-modules=ALL-SYSTEM --add-opens=java.base/java.util=ALL-UNNAMED --add-opens=java.base/java.lang=ALL-UNNAMED --add-opens=java.base/sun.nio.fs=ALL-UNNAMED -Declipse.application=org.eclipse.jdt.ls.core.id1 -Dosgi.bundles.defaultStartLevel=4 -Declipse.product=org.eclipse.jdt.ls.core.product -Djava.import.generatesMetadataFilesAtProjectRoot=false -DDetectVMInstallationsJob.disabled=true -Dfile.encoding=utf8 -XX:+UseParallelGC -XX:GCTimeRatio=4 -XX:AdaptiveSizePolicyWeight=90 -Dsun.zip.disableMemoryMapping=true -Xmx2G -Xms100m -Xlog:disable -javaagent:c:\Users\kalra\.vscode\extensions\redhat.java-1.53.0-win32-x64\lombok\lombok-1.18.39-4050.jar -XX:+HeapDumpOnOutOfMemoryError -XX:HeapDumpPath=c:\Users\kalra\AppData\Roaming\Code\User\workspaceStorage\4fda5c3b26c15e0cb27154c0e992db6d\redhat.java -Daether.dependencyCollector.impl=bf 
java_command: c:\Users\kalra\.vscode\extensions\redhat.java-1.53.0-win32-x64\server\plugins\org.eclipse.equinox.launcher_1.7.100.v20251111-0406.jar -configuration c:\Users\kalra\AppData\Roaming\Code\User\globalStorage\redhat.java\1.53.0\config_win -data c:\Users\kalra\AppData\Roaming\Code\User\workspaceStorage\4fda5c3b26c15e0cb27154c0e992db6d\redhat.java\jdt_ws --pipe=\\.\pipe\lsp-eca8a27a489472cbfe2d1a491f724228-sock
java_class_path (initial): c:\Users\kalra\.vscode\extensions\redhat.java-1.53.0-win32-x64\server\plugins\org.eclipse.equinox.launcher_1.7.100.v20251111-0406.jar
Launcher Type: SUN_STANDARD

[Global flags]
    uintx AdaptiveSizePolicyWeight                 = 90                                        {product} {command line}
     intx CICompilerCount                          = 4                                         {product} {ergonomic}
    uintx GCTimeRatio                              = 4                                         {product} {command line}
     bool HeapDumpOnOutOfMemoryError               = true                                   {manageable} {command line}
    ccstr HeapDumpPath                             = c:\Users\kalra\AppData\Roaming\Code\User\workspaceStorage\4fda5c3b26c15e0cb27154c0e992db6d\redhat.java         {manageable} {command line}
   size_t InitialHeapSize                          = 104857600                                 {product} {command line}
   size_t MaxHeapSize                              = 2147483648                                {product} {command line}
   size_t MaxNewSize                               = 715653120                                 {product} {ergonomic}
   size_t MinHeapDeltaBytes                        = 524288                                    {product} {ergonomic}
   size_t MinHeapSize                              = 104857600                                 {product} {command line}
   size_t NewSize                                  = 34603008                                  {product} {ergonomic}
    uintx NonNMethodCodeHeapSize                   = 5839372                                {pd product} {ergonomic}
    uintx NonProfiledCodeHeapSize                  = 122909434                              {pd product} {ergonomic}
   size_t OldSize                                  = 70254592                                  {product} {ergonomic}
    uintx ProfiledCodeHeapSize                     = 122909434                              {pd product} {ergonomic}
    uintx ReservedCodeCacheSize                    = 251658240                              {pd product} {ergonomic}
     bool SegmentedCodeCache                       = true                                      {product} {ergonomic}
   size_t SoftMaxHeapSize                          = 2147483648                             {manageable} {ergonomic}
     bool UseCompressedOops                        = true                           {product lp64_product} {ergonomic}
     bool UseLargePagesIndividualAllocation        = false                                  {pd product} {ergonomic}
     bool UseParallelGC                            = true                                      {product} {command line}

Logging:
Log output configuration:
 #0: stdout all=off uptime,level,tags foldmultilines=false
 #1: stderr all=off uptime,level,tags foldmultilines=false

Release file:
JAVA_VERSION="21.0.10" 
MODULES="java.base java.compiler java.datatransfer java.xml java.prefs java.desktop java.instrument java.logging java.management java.security.sasl java.naming java.rmi java.management.rmi java.net.http java.scripting java.security.jgss java.transaction.xa java.sql java.sql.rowset java.xml.crypto java.se java.smartcardio jdk.accessibility jdk.internal.jvmstat jdk.attach jdk.charsets jdk.internal.opt jdk.zipfs jdk.compiler jdk.crypto.ec jdk.crypto.cryptoki jdk.crypto.mscapi jdk.dynalink jdk.internal.ed jdk.editpad jdk.hotspot.agent jdk.httpserver jdk.internal.le jdk.internal.vm.ci jdk.internal.vm.compiler jdk.internal.vm.compiler.management jdk.jartool jdk.javadoc jdk.jcmd jdk.management jdk.management.agent jdk.jconsole jdk.jdeps jdk.jdwp.agent jdk.jdi jdk.jfr jdk.jshell jdk.jsobject jdk.jstatd jdk.localedata jdk.management.jfr jdk.naming.dns jdk.naming.rmi jdk.net jdk.nio.mapmode jdk.random jdk.sctp jdk.security.auth jdk.security.jgss jdk.unsupported jdk.unsupported.desktop jdk.xml.dom" 

Environment Variables:
PATH=C:\Users\kalra\AppData\Local\Programs\Microsoft VS Code;C:\Python314\Scripts\;C:\Python314\;C:\Program Files\nodejs\;C:\ProgramData\chocolatey\bin;D:\Git\cmd;C:\Users\kalra\AppData\Local\Programs\Python\Python313\Scripts\;C:\Users\kalra\AppData\Local\Programs\Python\Python313\;C:\Program Files\MySQL\MySQL Shell 8.0\bin\;C:\Users\kalra\AppData\Local\Programs\Python\Python312\Scripts\;C:\Users\kalra\AppData\Local\Programs\Python\Python312\;C:\Users\kalra\AppData\Local\Microsoft\WindowsApps;C:\Users\kalra\AppData\Local\Programs\Microsoft VS Code\bin;C:\Program Files\Azure Data Studio\bin;%JAVA_HOME%\bin;C:\Program Files\Maven\apache-maven-3.9.11\bin;C:\Program Files\MySQL\MySQL Server 8.0\bin;C:\Users\kalra\AppData\Roaming\npm;C:\Users\kalra\Downloads\flutter_windows_3.41.4-stable\flutter\bin;C:\Windows\System32;C:\Program Files\Git\cmd;C:\Windows\System32\WindowsPowerShell\v1.0\;
USERNAME=kalra
OS=Windows_NT
PROCESSOR_IDENTIFIER=AMD64 Family 23 Model 104 Stepping 1, AuthenticAMD
TMP=C:\Users\kalra\AppData\Local\Temp
TEMP=C:\Users\kalra\AppData\Local\Temp




Periodic native trim disabled

---------------  S Y S T E M  ---------------

OS:
 Windows 11 , 64 bit Build 26100 (10.0.26100.7920)
OS uptime: 0 days 1:42 hours
Hyper-V role detected

CPU: total 12 (initial active 12) (12 cores per cpu, 2 threads per core) family 23 model 104 stepping 1 microcode 0x8608107, cx8, cmov, fxsr, ht, mmx, 3dnowpref, sse, sse2, sse3, ssse3, sse4a, sse4.1, sse4.2, popcnt, lzcnt, tsc, tscinvbit, avx, avx2, aes, clmul, bmi1, bmi2, adx, sha, fma, vzeroupper, clflush, clflushopt, hv, rdtscp, rdpid, f16c
Processor Information for the first 12 processors :
  Max Mhz: 2100, Current Mhz: 2100, Mhz Limit: 2100

Memory: 4k page, system-wide physical 7501M (765M free)
TotalPageFile size 14799M (AvailPageFile size 4M)
current process WorkingSet (physical memory assigned to process): 484M, peak: 484M
current process commit charge ("private bytes"): 1029M, peak: 1033M

vm_info: OpenJDK 64-Bit Server VM (21.0.10+7-LTS) for windows-amd64 JRE (21.0.10+7-LTS), built on 2026-01-20T00:00:00Z by "admin" with MS VC++ 17.12 (VS2022)

END.
