#
# There is insufficient memory for the Java Runtime Environment to continue.
# Native memory allocation (malloc) failed to allocate 344816 bytes. Error detail: Chunk::new
# Possible reasons:
#   The system is out of physical RAM or swap space
#   This process is running with CompressedOops enabled, and the Java Heap may be blocking the growth of the native heap
# Possible solutions:
#   Reduce memory load on the system
#   Increase physical memory or swap space
#   Check if swap backing store is full
#   Decrease Java heap size (-Xmx/-Xms)
#   Decrease number of Java threads
#   Decrease Java thread stack sizes (-Xss)
#   Set larger code cache with -XX:ReservedCodeCacheSize=
#   JVM is running with Unscaled Compressed Oops mode in which the Java heap is
#     placed in the first 4GB address space. The Java Heap base address is the
#     maximum limit for the native heap growth. Please use -XX:HeapBaseMinAddress
#     to set the Java Heap base and to place the Java Heap above 4GB virtual address.
# This output file may be truncated or incomplete.
#
#  Out of Memory Error (arena.cpp:168), pid=16724, tid=19916
#
# JRE version: OpenJDK Runtime Environment Temurin-21.0.10+7 (21.0.10+7) (build 21.0.10+7-LTS)
# Java VM: OpenJDK 64-Bit Server VM Temurin-21.0.10+7 (21.0.10+7-LTS, mixed mode, sharing, tiered, compressed oops, compressed class ptrs, parallel gc, windows-amd64)
# No core dump will be written. Minidumps are not enabled by default on client versions of Windows
#

---------------  S U M M A R Y ------------

Command Line: --add-modules=ALL-SYSTEM --add-opens=java.base/java.util=ALL-UNNAMED --add-opens=java.base/java.lang=ALL-UNNAMED --add-opens=java.base/sun.nio.fs=ALL-UNNAMED -Declipse.application=org.eclipse.jdt.ls.core.id1 -Dosgi.bundles.defaultStartLevel=4 -Declipse.product=org.eclipse.jdt.ls.core.product -Djava.import.generatesMetadataFilesAtProjectRoot=false -DDetectVMInstallationsJob.disabled=true -Dfile.encoding=utf8 -XX:+UseParallelGC -XX:GCTimeRatio=4 -XX:AdaptiveSizePolicyWeight=90 -Dsun.zip.disableMemoryMapping=true -Xmx2G -Xms100m -Xlog:disable -javaagent:c:\Users\kalra\.vscode\extensions\redhat.java-1.53.0-win32-x64\lombok\lombok-1.18.39-4050.jar -XX:+HeapDumpOnOutOfMemoryError -XX:HeapDumpPath=c:\Users\kalra\AppData\Roaming\Code\User\workspaceStorage\4fda5c3b26c15e0cb27154c0e992db6d\redhat.java -Daether.dependencyCollector.impl=bf c:\Users\kalra\.vscode\extensions\redhat.java-1.53.0-win32-x64\server\plugins\org.eclipse.equinox.launcher_1.7.100.v20251111-0406.jar -configuration c:\Users\kalra\AppData\Roaming\Code\User\globalStorage\redhat.java\1.53.0\config_win -data c:\Users\kalra\AppData\Roaming\Code\User\workspaceStorage\4fda5c3b26c15e0cb27154c0e992db6d\redhat.java\jdt_ws --pipe=\\.\pipe\lsp-3c314714daab64265e5f8628bac78ca2-sock

Host: AMD Ryzen 5 5500U with Radeon Graphics         , 12 cores, 7G,  Windows 11 , 64 bit Build 26100 (10.0.26100.7920)
Time: Fri Mar 27 02:09:51 2026 India Standard Time elapsed time: 9.072903 seconds (0d 0h 0m 9s)

---------------  T H R E A D  ---------------

Current thread (0x00000292fdb5c1b0):  JavaThread "C2 CompilerThread0" daemon [_thread_in_native, id=19916, stack(0x000000fbbc800000,0x000000fbbc900000) (1024K)]


Current CompileTask:
C2:9072 3545 %     4       sun.nio.fs.WindowsPathParser::normalize @ 18 (233 bytes)

Stack: [0x000000fbbc800000,0x000000fbbc900000]
Native frames: (J=compiled Java code, j=interpreted, Vv=VM code, C=native code)
V  [jvm.dll+0x6d7a39]
V  [jvm.dll+0x8b4b26]
V  [jvm.dll+0x8b70de]
V  [jvm.dll+0x8b77c3]
V  [jvm.dll+0x284346]
V  [jvm.dll+0xc66ed]
V  [jvm.dll+0xc6c31]
V  [jvm.dll+0x3bec01]
V  [jvm.dll+0x38b162]
V  [jvm.dll+0x38a5aa]
V  [jvm.dll+0x24c560]
V  [jvm.dll+0x24bb40]
V  [jvm.dll+0x1cb34e]
V  [jvm.dll+0x25b85d]
V  [jvm.dll+0x259dea]
V  [jvm.dll+0x3f857e]
V  [jvm.dll+0x85f59d]
V  [jvm.dll+0x6d626d]
C  [ucrtbase.dll+0x37b0]
C  [KERNEL32.DLL+0x2e8d7]
C  [ntdll.dll+0x8c48c]


---------------  P R O C E S S  ---------------

Threads class SMR info:
_java_thread_list=0x00000292c90e38e0, length=21, elements={
0x00000292eb0c1d20, 0x00000292fdb4af80, 0x00000292fdb4da80, 0x00000292fdb53790,
0x00000292fdb56330, 0x00000292fdb58900, 0x00000292fdb59360, 0x00000292fdb5c1b0,
0x00000292fef30b80, 0x00000292ff0aaf80, 0x00000292c9008070, 0x00000292c93d1d60,
0x00000292c99c4260, 0x00000292c9935de0, 0x00000292ff216450, 0x00000292c9bcb210,
0x00000292c9c28890, 0x00000292fef20940, 0x00000292c9c3c930, 0x00000292c9c394b0,
0x00000292c9c3c2a0
}

Java Threads: ( => current thread )
  0x00000292eb0c1d20 JavaThread "main"                              [_thread_blocked, id=10760, stack(0x000000fbbbe00000,0x000000fbbbf00000) (1024K)]
  0x00000292fdb4af80 JavaThread "Reference Handler"          daemon [_thread_blocked, id=19804, stack(0x000000fbbc200000,0x000000fbbc300000) (1024K)]
  0x00000292fdb4da80 JavaThread "Finalizer"                  daemon [_thread_blocked, id=8140, stack(0x000000fbbc300000,0x000000fbbc400000) (1024K)]
  0x00000292fdb53790 JavaThread "Signal Dispatcher"          daemon [_thread_blocked, id=14516, stack(0x000000fbbc400000,0x000000fbbc500000) (1024K)]
  0x00000292fdb56330 JavaThread "Attach Listener"            daemon [_thread_blocked, id=10468, stack(0x000000fbbc500000,0x000000fbbc600000) (1024K)]
  0x00000292fdb58900 JavaThread "Service Thread"             daemon [_thread_blocked, id=8256, stack(0x000000fbbc600000,0x000000fbbc700000) (1024K)]
  0x00000292fdb59360 JavaThread "Monitor Deflation Thread"   daemon [_thread_blocked, id=12984, stack(0x000000fbbc700000,0x000000fbbc800000) (1024K)]
=>0x00000292fdb5c1b0 JavaThread "C2 CompilerThread0"         daemon [_thread_in_native, id=19916, stack(0x000000fbbc800000,0x000000fbbc900000) (1024K)]
  0x00000292fef30b80 JavaThread "C1 CompilerThread0"         daemon [_thread_blocked, id=8128, stack(0x000000fbbc900000,0x000000fbbca00000) (1024K)]
  0x00000292ff0aaf80 JavaThread "Common-Cleaner"             daemon [_thread_blocked, id=3540, stack(0x000000fbbca00000,0x000000fbbcb00000) (1024K)]
  0x00000292c9008070 JavaThread "Notification Thread"        daemon [_thread_blocked, id=12452, stack(0x000000fbbcb00000,0x000000fbbcc00000) (1024K)]
  0x00000292c93d1d60 JavaThread "Active Thread: Equinox Container: 86647c11-7b10-4264-897b-fa8183a0f398"        [_thread_blocked, id=12880, stack(0x000000fbbd400000,0x000000fbbd500000) (1024K)]
  0x00000292c99c4260 JavaThread "Refresh Thread: Equinox Container: 86647c11-7b10-4264-897b-fa8183a0f398" daemon [_thread_blocked, id=17416, stack(0x000000fbbd500000,0x000000fbbd600000) (1024K)]
  0x00000292c9935de0 JavaThread "Framework Event Dispatcher: Equinox Container: 86647c11-7b10-4264-897b-fa8183a0f398" daemon [_thread_blocked, id=21764, stack(0x000000fbbd600000,0x000000fbbd700000) (1024K)]
  0x00000292ff216450 JavaThread "Start Level: Equinox Container: 86647c11-7b10-4264-897b-fa8183a0f398" daemon [_thread_in_native, id=15688, stack(0x000000fbbd700000,0x000000fbbd800000) (1024K)]
  0x00000292c9bcb210 JavaThread "Bundle File Closer"         daemon [_thread_blocked, id=9108, stack(0x000000fbbda00000,0x000000fbbdb00000) (1024K)]
  0x00000292c9c28890 JavaThread "SCR Component Actor"        daemon [_thread_blocked, id=21072, stack(0x000000fbbcc00000,0x000000fbbcd00000) (1024K)]
  0x00000292fef20940 JavaThread "Worker-JM"                         [_thread_blocked, id=7164, stack(0x000000fbbdb00000,0x000000fbbdc00000) (1024K)]
  0x00000292c9c3c930 JavaThread "JNA Cleaner"                daemon [_thread_blocked, id=20860, stack(0x000000fbbdc00000,0x000000fbbdd00000) (1024K)]
  0x00000292c9c394b0 JavaThread "Worker-0: Checking project encoding"        [_thread_blocked, id=23452, stack(0x000000fbbdd00000,0x000000fbbde00000) (1024K)]
  0x00000292c9c3c2a0 JavaThread "Worker-1"                          [_thread_blocked, id=17720, stack(0x000000fbbde00000,0x000000fbbdf00000) (1024K)]
Total: 21

Other Threads:
  0x00000292eb15a8c0 VMThread "VM Thread"                           [id=5012, stack(0x000000fbbc100000,0x000000fbbc200000) (1024K)]
  0x00000292fda3ca00 WatcherThread "VM Periodic Task Thread"        [id=2188, stack(0x000000fbbc000000,0x000000fbbc100000) (1024K)]
  0x00000292eb0d7b80 WorkerThread "GC Thread#0"                     [id=8436, stack(0x000000fbbbf00000,0x000000fbbc000000) (1024K)]
  0x00000292c928c690 WorkerThread "GC Thread#1"                     [id=23088, stack(0x000000fbbce00000,0x000000fbbcf00000) (1024K)]
  0x00000292c99517b0 WorkerThread "GC Thread#2"                     [id=10008, stack(0x000000fbbcf00000,0x000000fbbd000000) (1024K)]
  0x00000292c9951b60 WorkerThread "GC Thread#3"                     [id=6064, stack(0x000000fbbd000000,0x000000fbbd100000) (1024K)]
  0x00000292ff21a860 WorkerThread "GC Thread#4"                     [id=2880, stack(0x000000fbbd100000,0x000000fbbd200000) (1024K)]
  0x00000292ff21ac10 WorkerThread "GC Thread#5"                     [id=3832, stack(0x000000fbbd200000,0x000000fbbd300000) (1024K)]
  0x00000292ff21afc0 WorkerThread "GC Thread#6"                     [id=16796, stack(0x000000fbbd300000,0x000000fbbd400000) (1024K)]
  0x00000292c9a1a7c0 WorkerThread "GC Thread#7"                     [id=13412, stack(0x000000fbbcd00000,0x000000fbbce00000) (1024K)]
  0x00000292c9efea50 WorkerThread "GC Thread#8"                     [id=20840, stack(0x000000fbbd800000,0x000000fbbd900000) (1024K)]
  0x00000292c9d63920 WorkerThread "GC Thread#9"                     [id=15908, stack(0x000000fbbd900000,0x000000fbbda00000) (1024K)]
Total: 12

Threads with active compile tasks:
C2 CompilerThread0  9103 3545 %     4       sun.nio.fs.WindowsPathParser::normalize @ 18 (233 bytes)
Total: 1

VM state: not at safepoint (normal execution)

VM Mutex/Monitor currently owned by a thread: None

Heap address: 0x0000000080000000, size: 2048 MB, Compressed Oops mode: 32-bit

CDS archive(s) mapped at: [0x0000029284000000-0x0000029284ba0000-0x0000029284ba0000), size 12189696, SharedBaseAddress: 0x0000029284000000, ArchiveRelocationMode: 1.
Compressed class space mapped at: 0x0000029285000000-0x00000292c5000000, reserved size: 1073741824
Narrow klass base: 0x0000029284000000, Narrow klass shift: 0, Narrow klass range: 0x100000000

GC Precious Log:
 CardTable entry size: 512
 CPUs: 12 total, 12 available
 Memory: 7501M
 Large Page Support: Disabled
 NUMA Support: Disabled
 Compressed Oops: Enabled (32-bit)
 Alignments: Space 512K, Generation 512K, Heap 2M
 Heap Min Capacity: 100M
 Heap Initial Capacity: 100M
 Heap Max Capacity: 2G
 Pre-touch: Disabled
 Parallel Workers: 10

Heap:
 PSYoungGen      total 30208K, used 7263K [0x00000000d5580000, 0x00000000d7980000, 0x0000000100000000)
  eden space 24576K, 8% used [0x00000000d5580000,0x00000000d5790f50,0x00000000d6d80000)
  from space 5632K, 91% used [0x00000000d7400000,0x00000000d7906ea8,0x00000000d7980000)
  to   space 5632K, 0% used [0x00000000d6e80000,0x00000000d6e80000,0x00000000d7400000)
 ParOldGen       total 68608K, used 8307K [0x0000000080000000, 0x0000000084300000, 0x00000000d5580000)
  object space 68608K, 12% used [0x0000000080000000,0x000000008081cf10,0x0000000084300000)
 Metaspace       used 18773K, committed 19520K, reserved 1114112K
  class space    used 1976K, committed 2240K, reserved 1048576K

Card table byte_map: [0x00000292eaa70000,0x00000292eae80000] _byte_map_base: 0x00000292ea670000

Marking Bits: (ParMarkBitMap*) 0x00007fffebf03450
 Begin Bits: [0x0000029280000000, 0x0000029282000000)
 End Bits:   [0x0000029282000000, 0x0000029284000000)

Polling page: 0x00000292e90a0000

Metaspace:

Usage:
  Non-class:     16.40 MB used.
      Class:      1.93 MB used.
       Both:     18.33 MB used.

Virtual space:
  Non-class space:       64.00 MB reserved,      16.88 MB ( 26%) committed,  1 nodes.
      Class space:        1.00 GB reserved,       2.19 MB ( <1%) committed,  1 nodes.
             Both:        1.06 GB reserved,      19.06 MB (  2%) committed. 

Chunk freelists:
   Non-Class:  14.57 MB
       Class:  13.66 MB
        Both:  28.23 MB

MaxMetaspaceSize: unlimited
CompressedClassSpaceSize: 1.00 GB
Initial GC threshold: 21.00 MB
Current GC threshold: 21.00 MB
CDS: on
 - commit_granule_bytes: 65536.
 - commit_granule_words: 8192.
 - virtual_space_node_default_size: 8388608.
 - enlarge_chunks_in_place: 1.
 - use_allocation_guard: 0.


Internal statistics:

num_allocs_failed_limit: 0.
num_arena_births: 590.
num_arena_deaths: 0.
num_vsnodes_births: 2.
num_vsnodes_deaths: 0.
num_space_committed: 305.
num_space_uncommitted: 0.
num_chunks_returned_to_freelist: 0.
num_chunks_taken_from_freelist: 1320.
num_chunk_merges: 0.
num_chunk_splits: 831.
num_chunks_enlarged: 533.
num_inconsistent_stats: 0.

CodeHeap 'non-profiled nmethods': size=120000Kb used=1545Kb max_used=1545Kb free=118454Kb
 bounds [0x00000292f5d80000, 0x00000292f5ff0000, 0x00000292fd2b0000]
CodeHeap 'profiled nmethods': size=120000Kb used=7346Kb max_used=7346Kb free=112653Kb
 bounds [0x00000292ee2b0000, 0x00000292ee9e0000, 0x00000292f57e0000]
CodeHeap 'non-nmethods': size=5760Kb used=1279Kb max_used=1324Kb free=4480Kb
 bounds [0x00000292f57e0000, 0x00000292f5a50000, 0x00000292f5d80000]
CodeCache: size=245760Kb, used=10170Kb, max_used=10215Kb, free=235587Kb
 total_blobs=4102, nmethods=3547, adapters=461, full_count=0
Compilation: enabled, stopped_count=0, restarted_count=0

Compilation events (20 events):
Event: 8.956 Thread 0x00000292fef30b80 3533       3       java.lang.invoke.MethodHandles$Lookup::resolveOrFail (48 bytes)
Event: 8.957 Thread 0x00000292fef30b80 nmethod 3533 0x00000292ee9d6890 code [0x00000292ee9d6ae0, 0x00000292ee9d7190]
Event: 8.957 Thread 0x00000292fdb5c1b0 nmethod 3516 0x00000292f5f01c90 code [0x00000292f5f01e20, 0x00000292f5f01f00]
Event: 8.957 Thread 0x00000292fef30b80 3534       3       java.lang.invoke.MethodHandles$Lookup::checkMethodName (45 bytes)
Event: 8.957 Thread 0x00000292fef30b80 nmethod 3534 0x00000292ee9d7490 code [0x00000292ee9d76e0, 0x00000292ee9d7d98]
Event: 8.971 Thread 0x00000292fef30b80 3538   !   3       java.lang.ref.ReferenceQueue::enqueue (32 bytes)
Event: 8.972 Thread 0x00000292fef30b80 nmethod 3538 0x00000292ee9d8090 code [0x00000292ee9d82e0, 0x00000292ee9d8c18]
Event: 8.972 Thread 0x00000292fef30b80 3539       3       java.lang.ref.ReferenceQueue::signal (10 bytes)
Event: 8.973 Thread 0x00000292fef30b80 nmethod 3539 0x00000292ee9d8f90 code [0x00000292ee9d9180, 0x00000292ee9d9588]
Event: 8.976 Thread 0x00000292fef30b80 3540       3       org.objectweb.asm.Label::put (83 bytes)
Event: 8.976 Thread 0x00000292fef30b80 nmethod 3540 0x00000292ee9d9710 code [0x00000292ee9d9940, 0x00000292ee9d9d70]
Event: 8.977 Thread 0x00000292fdb5c1b0 3541       4       java.lang.StringConcatHelper::prepend (37 bytes)
Event: 8.977 Thread 0x00000292fef30b80 3542       3       org.objectweb.asm.SymbolTable::addTypeInternal (85 bytes)
Event: 8.978 Thread 0x00000292fef30b80 nmethod 3542 0x00000292ee9d9f10 code [0x00000292ee9da0e0, 0x00000292ee9da640]
Event: 8.979 Thread 0x00000292fdb5c1b0 nmethod 3541 0x00000292f5f02010 code [0x00000292f5f021a0, 0x00000292f5f02358]
Event: 8.984 Thread 0x00000292fef30b80 3543       3       java.util.regex.Matcher::match (154 bytes)
Event: 8.985 Thread 0x00000292fef30b80 nmethod 3543 0x00000292ee9da810 code [0x00000292ee9daa20, 0x00000292ee9dafa8]
Event: 8.985 Thread 0x00000292fef30b80 3544       3       java.util.Optional::isEmpty (13 bytes)
Event: 8.985 Thread 0x00000292fef30b80 nmethod 3544 0x00000292ee9db210 code [0x00000292ee9db3a0, 0x00000292ee9db500]
Event: 9.041 Thread 0x00000292fdb5c1b0 3545 %     4       sun.nio.fs.WindowsPathParser::normalize @ 18 (233 bytes)

GC Heap History (12 events):
Event: 1.759 GC heap before
{Heap before GC invocations=1 (full 0):
 PSYoungGen      total 29696K, used 25600K [0x00000000d5580000, 0x00000000d7680000, 0x0000000100000000)
  eden space 25600K, 100% used [0x00000000d5580000,0x00000000d6e80000,0x00000000d6e80000)
  from space 4096K, 0% used [0x00000000d7280000,0x00000000d7280000,0x00000000d7680000)
  to   space 4096K, 0% used [0x00000000d6e80000,0x00000000d6e80000,0x00000000d7280000)
 ParOldGen       total 68608K, used 0K [0x0000000080000000, 0x0000000084300000, 0x00000000d5580000)
  object space 68608K, 0% used [0x0000000080000000,0x0000000080000000,0x0000000084300000)
 Metaspace       used 4352K, committed 4608K, reserved 1114112K
  class space    used 474K, committed 576K, reserved 1048576K
}
Event: 1.770 GC heap after
{Heap after GC invocations=1 (full 0):
 PSYoungGen      total 29696K, used 3303K [0x00000000d5580000, 0x00000000d7680000, 0x0000000100000000)
  eden space 25600K, 0% used [0x00000000d5580000,0x00000000d5580000,0x00000000d6e80000)
  from space 4096K, 80% used [0x00000000d6e80000,0x00000000d71b9e98,0x00000000d7280000)
  to   space 4096K, 0% used [0x00000000d7280000,0x00000000d7280000,0x00000000d7680000)
 ParOldGen       total 68608K, used 16K [0x0000000080000000, 0x0000000084300000, 0x00000000d5580000)
  object space 68608K, 0% used [0x0000000080000000,0x0000000080004000,0x0000000084300000)
 Metaspace       used 4352K, committed 4608K, reserved 1114112K
  class space    used 474K, committed 576K, reserved 1048576K
}
Event: 3.274 GC heap before
{Heap before GC invocations=2 (full 0):
 PSYoungGen      total 29696K, used 28903K [0x00000000d5580000, 0x00000000d7680000, 0x0000000100000000)
  eden space 25600K, 100% used [0x00000000d5580000,0x00000000d6e80000,0x00000000d6e80000)
  from space 4096K, 80% used [0x00000000d6e80000,0x00000000d71b9e98,0x00000000d7280000)
  to   space 4096K, 0% used [0x00000000d7280000,0x00000000d7280000,0x00000000d7680000)
 ParOldGen       total 68608K, used 16K [0x0000000080000000, 0x0000000084300000, 0x00000000d5580000)
  object space 68608K, 0% used [0x0000000080000000,0x0000000080004000,0x0000000084300000)
 Metaspace       used 7978K, committed 8256K, reserved 1114112K
  class space    used 831K, committed 960K, reserved 1048576K
}
Event: 3.285 GC heap after
{Heap after GC invocations=2 (full 0):
 PSYoungGen      total 29696K, used 4070K [0x00000000d5580000, 0x00000000d7680000, 0x0000000100000000)
  eden space 25600K, 0% used [0x00000000d5580000,0x00000000d5580000,0x00000000d6e80000)
  from space 4096K, 99% used [0x00000000d7280000,0x00000000d7679800,0x00000000d7680000)
  to   space 4096K, 0% used [0x00000000d6e80000,0x00000000d6e80000,0x00000000d7280000)
 ParOldGen       total 68608K, used 2157K [0x0000000080000000, 0x0000000084300000, 0x00000000d5580000)
  object space 68608K, 3% used [0x0000000080000000,0x000000008021b6b8,0x0000000084300000)
 Metaspace       used 7978K, committed 8256K, reserved 1114112K
  class space    used 831K, committed 960K, reserved 1048576K
}
Event: 4.348 GC heap before
{Heap before GC invocations=3 (full 0):
 PSYoungGen      total 29696K, used 29617K [0x00000000d5580000, 0x00000000d7680000, 0x0000000100000000)
  eden space 25600K, 99% used [0x00000000d5580000,0x00000000d6e72e50,0x00000000d6e80000)
  from space 4096K, 99% used [0x00000000d7280000,0x00000000d7679800,0x00000000d7680000)
  to   space 4096K, 0% used [0x00000000d6e80000,0x00000000d6e80000,0x00000000d7280000)
 ParOldGen       total 68608K, used 2157K [0x0000000080000000, 0x0000000084300000, 0x00000000d5580000)
  object space 68608K, 3% used [0x0000000080000000,0x000000008021b6b8,0x0000000084300000)
 Metaspace       used 9467K, committed 9792K, reserved 1114112K
  class space    used 1010K, committed 1152K, reserved 1048576K
}
Event: 4.359 GC heap after
{Heap after GC invocations=3 (full 0):
 PSYoungGen      total 29696K, used 4069K [0x00000000d5580000, 0x00000000d7680000, 0x0000000100000000)
  eden space 25600K, 0% used [0x00000000d5580000,0x00000000d5580000,0x00000000d6e80000)
  from space 4096K, 99% used [0x00000000d6e80000,0x00000000d72795c0,0x00000000d7280000)
  to   space 4096K, 0% used [0x00000000d7280000,0x00000000d7280000,0x00000000d7680000)
 ParOldGen       total 68608K, used 4854K [0x0000000080000000, 0x0000000084300000, 0x00000000d5580000)
  object space 68608K, 7% used [0x0000000080000000,0x00000000804bdb20,0x0000000084300000)
 Metaspace       used 9467K, committed 9792K, reserved 1114112K
  class space    used 1010K, committed 1152K, reserved 1048576K
}
Event: 5.860 GC heap before
{Heap before GC invocations=4 (full 0):
 PSYoungGen      total 29696K, used 29669K [0x00000000d5580000, 0x00000000d7680000, 0x0000000100000000)
  eden space 25600K, 100% used [0x00000000d5580000,0x00000000d6e80000,0x00000000d6e80000)
  from space 4096K, 99% used [0x00000000d6e80000,0x00000000d72795c0,0x00000000d7280000)
  to   space 4096K, 0% used [0x00000000d7280000,0x00000000d7280000,0x00000000d7680000)
 ParOldGen       total 68608K, used 4854K [0x0000000080000000, 0x0000000084300000, 0x00000000d5580000)
  object space 68608K, 7% used [0x0000000080000000,0x00000000804bdb20,0x0000000084300000)
 Metaspace       used 11578K, committed 11968K, reserved 1114112K
  class space    used 1218K, committed 1408K, reserved 1048576K
}
Event: 5.868 GC heap after
{Heap after GC invocations=4 (full 0):
 PSYoungGen      total 29696K, used 4090K [0x00000000d5580000, 0x00000000d7680000, 0x0000000100000000)
  eden space 25600K, 0% used [0x00000000d5580000,0x00000000d5580000,0x00000000d6e80000)
  from space 4096K, 99% used [0x00000000d7280000,0x00000000d767eb88,0x00000000d7680000)
  to   space 4096K, 0% used [0x00000000d6e80000,0x00000000d6e80000,0x00000000d7280000)
 ParOldGen       total 68608K, used 6844K [0x0000000080000000, 0x0000000084300000, 0x00000000d5580000)
  object space 68608K, 9% used [0x0000000080000000,0x00000000806af318,0x0000000084300000)
 Metaspace       used 11578K, committed 11968K, reserved 1114112K
  class space    used 1218K, committed 1408K, reserved 1048576K
}
Event: 7.331 GC heap before
{Heap before GC invocations=5 (full 0):
 PSYoungGen      total 29696K, used 29690K [0x00000000d5580000, 0x00000000d7680000, 0x0000000100000000)
  eden space 25600K, 100% used [0x00000000d5580000,0x00000000d6e80000,0x00000000d6e80000)
  from space 4096K, 99% used [0x00000000d7280000,0x00000000d767eb88,0x00000000d7680000)
  to   space 4096K, 0% used [0x00000000d6e80000,0x00000000d6e80000,0x00000000d7280000)
 ParOldGen       total 68608K, used 6844K [0x0000000080000000, 0x0000000084300000, 0x00000000d5580000)
  object space 68608K, 9% used [0x0000000080000000,0x00000000806af318,0x0000000084300000)
 Metaspace       used 15477K, committed 16064K, reserved 1114112K
  class space    used 1600K, committed 1856K, reserved 1048576K
}
Event: 7.337 GC heap after
{Heap after GC invocations=5 (full 0):
 PSYoungGen      total 29184K, used 4064K [0x00000000d5580000, 0x00000000d7a00000, 0x0000000100000000)
  eden space 25088K, 0% used [0x00000000d5580000,0x00000000d5580000,0x00000000d6e00000)
  from space 4096K, 99% used [0x00000000d6e80000,0x00000000d72782f8,0x00000000d7280000)
  to   space 6144K, 0% used [0x00000000d7400000,0x00000000d7400000,0x00000000d7a00000)
 ParOldGen       total 68608K, used 8299K [0x0000000080000000, 0x0000000084300000, 0x00000000d5580000)
  object space 68608K, 12% used [0x0000000080000000,0x000000008081af10,0x0000000084300000)
 Metaspace       used 15477K, committed 16064K, reserved 1114112K
  class space    used 1600K, committed 1856K, reserved 1048576K
}
Event: 8.961 GC heap before
{Heap before GC invocations=6 (full 0):
 PSYoungGen      total 29184K, used 29152K [0x00000000d5580000, 0x00000000d7a00000, 0x0000000100000000)
  eden space 25088K, 100% used [0x00000000d5580000,0x00000000d6e00000,0x00000000d6e00000)
  from space 4096K, 99% used [0x00000000d6e80000,0x00000000d72782f8,0x00000000d7280000)
  to   space 6144K, 0% used [0x00000000d7400000,0x00000000d7400000,0x00000000d7a00000)
 ParOldGen       total 68608K, used 8299K [0x0000000080000000, 0x0000000084300000, 0x00000000d5580000)
  object space 68608K, 12% used [0x0000000080000000,0x000000008081af10,0x0000000084300000)
 Metaspace       used 18612K, committed 19392K, reserved 1114112K
  class space    used 1958K, committed 2240K, reserved 1048576K
}
Event: 8.971 GC heap after
{Heap after GC invocations=6 (full 0):
 PSYoungGen      total 30208K, used 5147K [0x00000000d5580000, 0x00000000d7980000, 0x0000000100000000)
  eden space 24576K, 0% used [0x00000000d5580000,0x00000000d5580000,0x00000000d6d80000)
  from space 5632K, 91% used [0x00000000d7400000,0x00000000d7906ea8,0x00000000d7980000)
  to   space 5632K, 0% used [0x00000000d6e80000,0x00000000d6e80000,0x00000000d7400000)
 ParOldGen       total 68608K, used 8307K [0x0000000080000000, 0x0000000084300000, 0x00000000d5580000)
  object space 68608K, 12% used [0x0000000080000000,0x000000008081cf10,0x0000000084300000)
 Metaspace       used 18612K, committed 19392K, reserved 1114112K
  class space    used 1958K, committed 2240K, reserved 1048576K
}

Dll operation events (10 events):
Event: 0.039 Loaded shared library c:\Users\kalra\.vscode\extensions\redhat.java-1.53.0-win32-x64\jre\21.0.10-win32-x86_64\bin\java.dll
Event: 0.511 Loaded shared library c:\Users\kalra\.vscode\extensions\redhat.java-1.53.0-win32-x64\jre\21.0.10-win32-x86_64\bin\zip.dll
Event: 0.548 Loaded shared library C:\Users\kalra\.vscode\extensions\redhat.java-1.53.0-win32-x64\jre\21.0.10-win32-x86_64\bin\instrument.dll
Event: 0.559 Loaded shared library C:\Users\kalra\.vscode\extensions\redhat.java-1.53.0-win32-x64\jre\21.0.10-win32-x86_64\bin\net.dll
Event: 0.566 Loaded shared library C:\Users\kalra\.vscode\extensions\redhat.java-1.53.0-win32-x64\jre\21.0.10-win32-x86_64\bin\nio.dll
Event: 0.577 Loaded shared library C:\Users\kalra\.vscode\extensions\redhat.java-1.53.0-win32-x64\jre\21.0.10-win32-x86_64\bin\zip.dll
Event: 0.612 Loaded shared library C:\Users\kalra\.vscode\extensions\redhat.java-1.53.0-win32-x64\jre\21.0.10-win32-x86_64\bin\jimage.dll
Event: 0.769 Loaded shared library c:\Users\kalra\.vscode\extensions\redhat.java-1.53.0-win32-x64\jre\21.0.10-win32-x86_64\bin\verify.dll
Event: 3.333 Loaded shared library C:\Users\kalra\AppData\Roaming\Code\User\globalStorage\redhat.java\1.53.0\config_win\org.eclipse.equinox.launcher\org.eclipse.equinox.launcher.win32.win32.x86_64_1.3.0.v20260203-2149\eclipse_11919.dll
Event: 8.044 Loaded shared library C:\Users\kalra\AppData\Local\Temp\jna-101813893\jna18155526250063741502.dll

Deoptimization events (20 events):
Event: 7.596 Thread 0x00000292ff216450 Uncommon trap: trap_request=0xffffff45 fr.pc=0x00000292f5dbb510 relative=0x0000000000000670
Event: 7.596 Thread 0x00000292ff216450 Uncommon trap: reason=unstable_if action=reinterpret pc=0x00000292f5dbb510 method=java.lang.String.replace(Ljava/lang/CharSequence;Ljava/lang/CharSequence;)Ljava/lang/String; @ 42 c2
Event: 7.596 Thread 0x00000292ff216450 DEOPT PACKING pc=0x00000292f5dbb510 sp=0x000000fbbd7f7b10
Event: 7.596 Thread 0x00000292ff216450 DEOPT UNPACKING pc=0x00000292f5833aa2 sp=0x000000fbbd7f7a90 mode 2
Event: 8.224 Thread 0x00000292ff216450 Uncommon trap: trap_request=0xffffffc6 fr.pc=0x00000292f5e41220 relative=0x0000000000000b20
Event: 8.224 Thread 0x00000292ff216450 Uncommon trap: reason=bimorphic_or_optimized_type_check action=maybe_recompile pc=0x00000292f5e41220 method=java.util.HashMap.putVal(ILjava/lang/Object;Ljava/lang/Object;ZZ)Ljava/lang/Object; @ 91 c2
Event: 8.224 Thread 0x00000292ff216450 DEOPT PACKING pc=0x00000292f5e41220 sp=0x000000fbbd7f8190
Event: 8.224 Thread 0x00000292ff216450 DEOPT UNPACKING pc=0x00000292f5833aa2 sp=0x000000fbbd7f80b8 mode 2
Event: 8.309 Thread 0x00000292ff216450 Uncommon trap: trap_request=0xffffff45 fr.pc=0x00000292f5ed4524 relative=0x0000000000000084
Event: 8.309 Thread 0x00000292ff216450 Uncommon trap: reason=unstable_if action=reinterpret pc=0x00000292f5ed4524 method=java.lang.ref.SoftReference.get()Ljava/lang/Object; @ 6 c2
Event: 8.309 Thread 0x00000292ff216450 DEOPT PACKING pc=0x00000292f5ed4524 sp=0x000000fbbd7f9a10
Event: 8.309 Thread 0x00000292ff216450 DEOPT UNPACKING pc=0x00000292f5833aa2 sp=0x000000fbbd7f99a8 mode 2
Event: 8.477 Thread 0x00000292c9c394b0 Uncommon trap: trap_request=0xffffff45 fr.pc=0x00000292f5e75e60 relative=0x00000000000000c0
Event: 8.477 Thread 0x00000292c9c394b0 Uncommon trap: reason=unstable_if action=reinterpret pc=0x00000292f5e75e60 method=java.util.concurrent.locks.ReentrantLock$NonfairSync.initialTryLock()Z @ 25 c2
Event: 8.477 Thread 0x00000292c9c394b0 DEOPT PACKING pc=0x00000292f5e75e60 sp=0x000000fbbddfe1e0
Event: 8.477 Thread 0x00000292c9c394b0 DEOPT UNPACKING pc=0x00000292f5833aa2 sp=0x000000fbbddfe160 mode 2
Event: 8.766 Thread 0x00000292ff216450 Uncommon trap: trap_request=0xffffff45 fr.pc=0x00000292f5ecafc4 relative=0x00000000000000a4
Event: 8.766 Thread 0x00000292ff216450 Uncommon trap: reason=unstable_if action=reinterpret pc=0x00000292f5ecafc4 method=java.lang.ref.ReferenceQueue.poll()Ljava/lang/ref/Reference; @ 4 c2
Event: 8.766 Thread 0x00000292ff216450 DEOPT PACKING pc=0x00000292f5ecafc4 sp=0x000000fbbd7f3b80
Event: 8.766 Thread 0x00000292ff216450 DEOPT UNPACKING pc=0x00000292f5833aa2 sp=0x000000fbbd7f3a68 mode 2

Classes loaded (20 events):
Event: 8.297 Loading class java/lang/ThreadDeath
Event: 8.297 Loading class java/lang/ThreadDeath done
Event: 8.324 Loading class java/util/stream/SortedOps$SizedRefSortingSink
Event: 8.325 Loading class java/util/stream/SortedOps$SizedRefSortingSink done
Event: 8.434 Loading class java/util/concurrent/atomic/Striped64$1
Event: 8.434 Loading class java/util/concurrent/atomic/Striped64$1 done
Event: 8.561 Loading class java/util/BitSet
Event: 8.562 Loading class java/util/BitSet done
Event: 8.586 Loading class sun/net/www/protocol/jrt/JavaRuntimeURLConnection
Event: 8.586 Loading class sun/net/www/protocol/jrt/JavaRuntimeURLConnection done
Event: 8.592 Loading class sun/net/www/protocol/jrt/JavaRuntimeURLConnection$1
Event: 8.592 Loading class sun/net/www/protocol/jrt/JavaRuntimeURLConnection$1 done
Event: 8.626 Loading class java/util/function/UnaryOperator
Event: 8.626 Loading class java/util/function/UnaryOperator done
Event: 8.629 Loading class java/util/ServiceConfigurationError
Event: 8.629 Loading class java/util/ServiceConfigurationError done
Event: 8.669 Loading class java/lang/InheritableThreadLocal
Event: 8.670 Loading class java/lang/InheritableThreadLocal done
Event: 8.756 Loading class java/security/AccessControlException
Event: 8.756 Loading class java/security/AccessControlException done

Classes unloaded (0 events):
No events

Classes redefined (0 events):
No events

Internal exceptions (20 events):
Event: 7.637 Thread 0x00000292ff216450 Exception <a 'java/lang/NoSuchMethodError'{0x00000000d5a50e08}: 'java.lang.Object java.lang.invoke.DirectMethodHandle$Holder.invokeStaticInit(java.lang.Object, int, int, int, int)'> (0x00000000d5a50e08) 
thrown [s\src\hotspot\share\interpreter\linkResolver.cpp, line 773]
Event: 8.009 Thread 0x00000292ff216450 Exception <a 'java/lang/NoSuchMethodError'{0x00000000d5b6cb28}: 'java.lang.Object java.lang.invoke.DirectMethodHandle$Holder.invokeStaticInit(java.lang.Object, java.lang.Object, int, int, int, int)'> (0x00000000d5b6cb28) 
thrown [s\src\hotspot\share\interpreter\linkResolver.cpp, line 773]
Event: 8.112 Thread 0x00000292ff216450 Exception <a 'java/lang/NoSuchMethodError'{0x00000000d5c83630}: 'void java.lang.invoke.DirectMethodHandle$Holder.invokeSpecial(java.lang.Object, java.lang.Object, java.lang.Object, int)'> (0x00000000d5c83630) 
thrown [s\src\hotspot\share\interpreter\linkResolver.cpp, line 773]
Event: 8.114 Thread 0x00000292ff216450 Exception <a 'java/lang/NoSuchMethodError'{0x00000000d5c86fc0}: 'void java.lang.invoke.DelegatingMethodHandle$Holder.reinvoke_L(java.lang.Object, java.lang.Object, int)'> (0x00000000d5c86fc0) 
thrown [s\src\hotspot\share\interpreter\linkResolver.cpp, line 773]
Event: 8.117 Thread 0x00000292ff216450 Exception <a 'java/lang/NoSuchMethodError'{0x00000000d5c8dca8}: 'int java.lang.invoke.Invokers$Holder.invokeExact_MT(java.lang.Object, java.lang.Object, java.lang.Object)'> (0x00000000d5c8dca8) 
thrown [s\src\hotspot\share\interpreter\linkResolver.cpp, line 773]
Event: 8.238 Thread 0x00000292ff216450 Exception <a 'java/lang/NoSuchMethodError'{0x00000000d5e30b28}: 'void java.lang.invoke.Invokers$Holder.invokeExact_MT(java.lang.Object, java.lang.Object, int, java.lang.Object)'> (0x00000000d5e30b28) 
thrown [s\src\hotspot\share\interpreter\linkResolver.cpp, line 773]
Event: 8.292 Thread 0x00000292ff216450 Exception <a 'java/lang/NoSuchMethodError'{0x00000000d5f3b1a8}: 'java.lang.Object java.lang.invoke.DirectMethodHandle$Holder.invokeSpecial(java.lang.Object, java.lang.Object, java.lang.Object, long, java.lang.Object)'> (0x00000000d5f3b1a8) 
thrown [s\src\hotspot\share\interpreter\linkResolver.cpp, line 773]
Event: 8.293 Thread 0x00000292ff216450 Exception <a 'java/lang/NoSuchMethodError'{0x00000000d5f42c50}: 'java.lang.Object java.lang.invoke.DirectMethodHandle$Holder.newInvokeSpecial(java.lang.Object, java.lang.Object, java.lang.Object, long)'> (0x00000000d5f42c50) 
thrown [s\src\hotspot\share\interpreter\linkResolver.cpp, line 773]
Event: 8.294 Thread 0x00000292ff216450 Exception <a 'java/lang/NoSuchMethodError'{0x00000000d5f47000}: 'java.lang.Object java.lang.invoke.DirectMethodHandle$Holder.invokeSpecial(java.lang.Object, java.lang.Object, java.lang.Object, java.lang.Object, long)'> (0x00000000d5f47000) 
thrown [s\src\hotspot\share\interpreter\linkResolver.cpp, line 773]
Event: 8.295 Thread 0x00000292ff216450 Exception <a 'java/lang/NoSuchMethodError'{0x00000000d5f4ac20}: 'java.lang.Object java.lang.invoke.Invokers$Holder.linkToTargetMethod(java.lang.Object, java.lang.Object, long, java.lang.Object)'> (0x00000000d5f4ac20) 
thrown [s\src\hotspot\share\interpreter\linkResolver.cpp, line 773]
Event: 8.314 Thread 0x00000292ff216450 Exception <a 'java/lang/NoSuchMethodError'{0x00000000d5fabec0}: 'int java.lang.invoke.DirectMethodHandle$Holder.invokeStaticInit(java.lang.Object, java.lang.Object, java.lang.Object)'> (0x00000000d5fabec0) 
thrown [s\src\hotspot\share\interpreter\linkResolver.cpp, line 773]
Event: 8.350 Thread 0x00000292ff216450 Exception <a 'java/lang/IncompatibleClassChangeError'{0x00000000d605dab0}: Found class java.lang.Object, but interface was expected> (0x00000000d605dab0) 
thrown [s\src\hotspot\share\interpreter\linkResolver.cpp, line 840]
Event: 8.357 Thread 0x00000292ff216450 Exception <a 'java/lang/NoSuchMethodError'{0x00000000d606d610}: 'java.lang.Object java.lang.invoke.DirectMethodHandle$Holder.invokeSpecial(java.lang.Object, java.lang.Object, java.lang.Object, int, java.lang.Object, java.lang.Object)'> (0x00000000d606d610) 
thrown [s\src\hotspot\share\interpreter\linkResolver.cpp, line 773]
Event: 8.359 Thread 0x00000292ff216450 Exception <a 'java/lang/NoSuchMethodError'{0x00000000d6075290}: 'java.lang.Object java.lang.invoke.DirectMethodHandle$Holder.newInvokeSpecial(java.lang.Object, java.lang.Object, java.lang.Object, int, java.lang.Object)'> (0x00000000d6075290) 
thrown [s\src\hotspot\share\interpreter\linkResolver.cpp, line 773]
Event: 8.360 Thread 0x00000292ff216450 Exception <a 'java/lang/NoSuchMethodError'{0x00000000d6079210}: 'java.lang.Object java.lang.invoke.DirectMethodHandle$Holder.invokeSpecial(java.lang.Object, java.lang.Object, java.lang.Object, java.lang.Object, int, java.lang.Object)'> (0x00000000d6079210) 
thrown [s\src\hotspot\share\interpreter\linkResolver.cpp, line 773]
Event: 8.362 Thread 0x00000292ff216450 Exception <a 'java/lang/NoSuchMethodError'{0x00000000d607cd50}: 'java.lang.Object java.lang.invoke.Invokers$Holder.linkToTargetMethod(java.lang.Object, java.lang.Object, int, java.lang.Object, java.lang.Object)'> (0x00000000d607cd50) 
thrown [s\src\hotspot\share\interpreter\linkResolver.cpp, line 773]
Event: 8.438 Thread 0x00000292ff216450 Exception <a 'java/lang/NoSuchMethodError'{0x00000000d616c898}: 'void java.lang.invoke.DirectMethodHandle$Holder.invokeSpecial(java.lang.Object, java.lang.Object, java.lang.Object, java.lang.Object, java.lang.Object)'> (0x00000000d616c898) 
thrown [s\src\hotspot\share\interpreter\linkResolver.cpp, line 773]
Event: 8.448 Thread 0x00000292c9c394b0 Exception <a 'java/lang/NoSuchMethodError'{0x00000000d61a5d90}: 'java.lang.Object java.lang.invoke.DirectMethodHandle$Holder.invokeSpecial(java.lang.Object, java.lang.Object, int, java.lang.Object, java.lang.Object)'> (0x00000000d61a5d90) 
thrown [s\src\hotspot\share\interpreter\linkResolver.cpp, line 773]
Event: 8.762 Thread 0x00000292ff216450 Exception <a 'java/lang/NoSuchMethodError'{0x00000000d6963f28}: 'java.lang.Object java.lang.invoke.DirectMethodHandle$Holder.invokeInterface(java.lang.Object, java.lang.Object, java.lang.Object)'> (0x00000000d6963f28) 
thrown [s\src\hotspot\share\interpreter\linkResolver.cpp, line 773]
Event: 8.955 Thread 0x00000292ff216450 Exception <a 'java/lang/NoSuchMethodError'{0x00000000d6de8210}: 'java.lang.Object java.lang.invoke.Invokers$Holder.linkToTargetMethod(java.lang.Object, long, java.lang.Object, java.lang.Object)'> (0x00000000d6de8210) 
thrown [s\src\hotspot\share\interpreter\linkResolver.cpp, line 773]

ZGC Phase Switch (0 events):
No events

VM Operations (20 events):
Event: 6.879 Executing safepoint VM operation: Cleanup
Event: 6.880 Executing safepoint VM operation: Cleanup done
Event: 7.219 Executing non-safepoint VM operation: HandshakeAllThreads (Deoptimize)
Event: 7.220 Executing non-safepoint VM operation: HandshakeAllThreads (Deoptimize) done
Event: 7.331 Executing safepoint VM operation: ParallelGCFailedAllocation (Allocation Failure)
Event: 7.337 Executing safepoint VM operation: ParallelGCFailedAllocation (Allocation Failure) done
Event: 7.995 Executing non-safepoint VM operation: HandshakeAllThreads (Deoptimize)
Event: 7.996 Executing non-safepoint VM operation: HandshakeAllThreads (Deoptimize) done
Event: 8.068 Executing non-safepoint VM operation: HandshakeAllThreads (Deoptimize)
Event: 8.068 Executing non-safepoint VM operation: HandshakeAllThreads (Deoptimize) done
Event: 8.593 Executing non-safepoint VM operation: HandshakeAllThreads (Deoptimize)
Event: 8.594 Executing non-safepoint VM operation: HandshakeAllThreads (Deoptimize) done
Event: 8.594 Executing safepoint VM operation: Cleanup
Event: 8.594 Executing safepoint VM operation: Cleanup done
Event: 8.679 Executing non-safepoint VM operation: HandshakeAllThreads (Deoptimize)
Event: 8.679 Executing non-safepoint VM operation: HandshakeAllThreads (Deoptimize) done
Event: 8.694 Executing non-safepoint VM operation: HandshakeAllThreads (Deoptimize)
Event: 8.694 Executing non-safepoint VM operation: HandshakeAllThreads (Deoptimize) done
Event: 8.961 Executing safepoint VM operation: ParallelGCFailedAllocation (Allocation Failure)
Event: 8.971 Executing safepoint VM operation: ParallelGCFailedAllocation (Allocation Failure) done

Memory protections (0 events):
No events

Nmethod flushes (0 events):
No events

Events (20 events):
Event: 0.551 Thread 0x00000292eb0c1d20 Thread added: 0x00000292ff0aaf80
Event: 1.012 Thread 0x00000292eb0c1d20 Thread added: 0x00000292c9008070
Event: 1.014 Thread 0x00000292fef30b80 Thread added: 0x00000292ff1d9690
Event: 1.272 Thread 0x00000292fef30b80 Thread added: 0x00000292ff29e3c0
Event: 2.687 Thread 0x00000292eb0c1d20 Thread added: 0x00000292c93d1d60
Event: 2.877 Thread 0x00000292ff29e3c0 Thread exited: 0x00000292ff29e3c0
Event: 3.320 Thread 0x00000292eb0c1d20 Thread added: 0x00000292c99c4260
Event: 3.398 Thread 0x00000292c99c4260 Thread added: 0x00000292c9935de0
Event: 3.411 Thread 0x00000292eb0c1d20 Thread added: 0x00000292ff216450
Event: 3.417 Thread 0x00000292ff1d9690 Thread exited: 0x00000292ff1d9690
Event: 3.818 Thread 0x00000292fdb5c1b0 Thread added: 0x00000292c9993800
Event: 4.462 Thread 0x00000292ff216450 Thread added: 0x00000292c9bcb210
Event: 4.600 Thread 0x00000292c9993800 Thread exited: 0x00000292c9993800
Event: 5.767 Thread 0x00000292ff216450 Thread added: 0x00000292c9c28890
Event: 6.239 Thread 0x00000292fef30b80 Thread added: 0x00000292c9ced4e0
Event: 6.485 Thread 0x00000292c9ced4e0 Thread exited: 0x00000292c9ced4e0
Event: 6.698 Thread 0x00000292ff216450 Thread added: 0x00000292fef20940
Event: 8.182 Thread 0x00000292ff216450 Thread added: 0x00000292c9c3c930
Event: 8.302 Thread 0x00000292ff216450 Thread added: 0x00000292c9c394b0
Event: 8.475 Thread 0x00000292c9c394b0 Thread added: 0x00000292c9c3c2a0


Dynamic libraries:
0x00007ff6b8ff0000 - 0x00007ff6b8ffe000 	c:\Users\kalra\.vscode\extensions\redhat.java-1.53.0-win32-x64\jre\21.0.10-win32-x86_64\bin\java.exe
0x00007ff8b4ac0000 - 0x00007ff8b4d27000 	C:\WINDOWS\SYSTEM32\ntdll.dll
0x00007ff8b2bb0000 - 0x00007ff8b2c79000 	C:\WINDOWS\System32\KERNEL32.DLL
0x00007ff8b1580000 - 0x00007ff8b1971000 	C:\WINDOWS\System32\KERNELBASE.dll
0x00007ff8aeb90000 - 0x00007ff8aec2f000 	C:\WINDOWS\SYSTEM32\apphelp.dll
0x00007ff8b22b0000 - 0x00007ff8b23fb000 	C:\WINDOWS\System32\ucrtbase.dll
0x00007ff87e790000 - 0x00007ff87e7a8000 	c:\Users\kalra\.vscode\extensions\redhat.java-1.53.0-win32-x64\jre\21.0.10-win32-x86_64\bin\jli.dll
0x00007ff882120000 - 0x00007ff88213e000 	c:\Users\kalra\.vscode\extensions\redhat.java-1.53.0-win32-x64\jre\21.0.10-win32-x86_64\bin\VCRUNTIME140.dll
0x00007ff8b4420000 - 0x00007ff8b45e5000 	C:\WINDOWS\System32\USER32.dll
0x00007ff89a420000 - 0x00007ff89a6b3000 	C:\WINDOWS\WinSxS\amd64_microsoft.windows.common-controls_6595b64144ccf1df_6.0.26100.8037_none_3e092faae333b53b\COMCTL32.dll
0x00007ff8b1980000 - 0x00007ff8b19a7000 	C:\WINDOWS\System32\win32u.dll
0x00007ff8b3f70000 - 0x00007ff8b4019000 	C:\WINDOWS\System32\msvcrt.dll
0x00007ff8b3f40000 - 0x00007ff8b3f6b000 	C:\WINDOWS\System32\GDI32.dll
0x00007ff8b13a0000 - 0x00007ff8b14cb000 	C:\WINDOWS\System32\gdi32full.dll
0x00007ff8b14d0000 - 0x00007ff8b1573000 	C:\WINDOWS\System32\msvcp_win.dll
0x00007ff8b4870000 - 0x00007ff8b48a1000 	C:\WINDOWS\System32\IMM32.DLL
0x00007ff8824e0000 - 0x00007ff8824ec000 	c:\Users\kalra\.vscode\extensions\redhat.java-1.53.0-win32-x64\jre\21.0.10-win32-x86_64\bin\vcruntime140_1.dll
0x00007ff86ae50000 - 0x00007ff86aedd000 	c:\Users\kalra\.vscode\extensions\redhat.java-1.53.0-win32-x64\jre\21.0.10-win32-x86_64\bin\msvcp140.dll
0x00007fffeb240000 - 0x00007fffebfe1000 	c:\Users\kalra\.vscode\extensions\redhat.java-1.53.0-win32-x64\jre\21.0.10-win32-x86_64\bin\server\jvm.dll
0x00007ff8b4780000 - 0x00007ff8b483b000 	C:\WINDOWS\System32\ADVAPI32.dll
0x00007ff8b3630000 - 0x00007ff8b36d7000 	C:\WINDOWS\System32\sechost.dll
0x00007ff8b2d40000 - 0x00007ff8b2e58000 	C:\WINDOWS\System32\RPCRT4.dll
0x00007ff8b2e60000 - 0x00007ff8b2ed4000 	C:\WINDOWS\System32\WS2_32.dll
0x00007ff8b1200000 - 0x00007ff8b125e000 	C:\WINDOWS\SYSTEM32\POWRPROF.dll
0x00007ff8aa600000 - 0x00007ff8aa60b000 	C:\WINDOWS\SYSTEM32\VERSION.dll
0x00007ff8aa610000 - 0x00007ff8aa645000 	C:\WINDOWS\SYSTEM32\WINMM.dll
0x00007ff8b11e0000 - 0x00007ff8b11f4000 	C:\WINDOWS\SYSTEM32\UMPDC.dll
0x00007ff8b0130000 - 0x00007ff8b014b000 	C:\WINDOWS\SYSTEM32\kernel.appcore.dll
0x00007ff882110000 - 0x00007ff88211a000 	c:\Users\kalra\.vscode\extensions\redhat.java-1.53.0-win32-x64\jre\21.0.10-win32-x86_64\bin\jimage.dll
0x00007ff8a5b80000 - 0x00007ff8a5dc2000 	C:\WINDOWS\SYSTEM32\DBGHELP.DLL
0x00007ff8b4080000 - 0x00007ff8b4402000 	C:\WINDOWS\System32\combase.dll
0x00007ff8b3550000 - 0x00007ff8b3627000 	C:\WINDOWS\System32\OLEAUT32.dll
0x00007ff895010000 - 0x00007ff89504b000 	C:\WINDOWS\SYSTEM32\dbgcore.DLL
0x00007ff8b2400000 - 0x00007ff8b24a5000 	C:\WINDOWS\System32\bcryptPrimitives.dll
0x00007ff8820e0000 - 0x00007ff8820ef000 	c:\Users\kalra\.vscode\extensions\redhat.java-1.53.0-win32-x64\jre\21.0.10-win32-x86_64\bin\instrument.dll
0x00007ff87e770000 - 0x00007ff87e790000 	c:\Users\kalra\.vscode\extensions\redhat.java-1.53.0-win32-x64\jre\21.0.10-win32-x86_64\bin\java.dll
0x00007ff8b37d0000 - 0x00007ff8b3f2f000 	C:\WINDOWS\System32\SHELL32.dll
0x00007ff8b26f0000 - 0x00007ff8b285a000 	C:\WINDOWS\System32\wintypes.dll
0x00007ff8b19b0000 - 0x00007ff8b2214000 	C:\WINDOWS\System32\windows.storage.dll
0x00007ff8b4980000 - 0x00007ff8b4a77000 	C:\WINDOWS\System32\SHCORE.dll
0x00007ff8b36e0000 - 0x00007ff8b3747000 	C:\WINDOWS\System32\shlwapi.dll
0x00007ff8b12c0000 - 0x00007ff8b12e9000 	C:\WINDOWS\SYSTEM32\profapi.dll
0x00007ff876180000 - 0x00007ff876198000 	c:\Users\kalra\.vscode\extensions\redhat.java-1.53.0-win32-x64\jre\21.0.10-win32-x86_64\bin\zip.dll
0x00007ff881ff0000 - 0x00007ff882000000 	C:\Users\kalra\.vscode\extensions\redhat.java-1.53.0-win32-x64\jre\21.0.10-win32-x86_64\bin\net.dll
0x00007ff8aa810000 - 0x00007ff8aa937000 	C:\WINDOWS\SYSTEM32\WINHTTP.dll
0x00007ff8b06a0000 - 0x00007ff8b070b000 	C:\WINDOWS\system32\mswsock.dll
0x00007ff876120000 - 0x00007ff876136000 	C:\Users\kalra\.vscode\extensions\redhat.java-1.53.0-win32-x64\jre\21.0.10-win32-x86_64\bin\nio.dll
0x00007ff876170000 - 0x00007ff876180000 	c:\Users\kalra\.vscode\extensions\redhat.java-1.53.0-win32-x64\jre\21.0.10-win32-x86_64\bin\verify.dll
0x00007ff848680000 - 0x00007ff8486c5000 	C:\Users\kalra\AppData\Roaming\Code\User\globalStorage\redhat.java\1.53.0\config_win\org.eclipse.equinox.launcher\org.eclipse.equinox.launcher.win32.win32.x86_64_1.3.0.v20260203-2149\eclipse_11919.dll
0x00007ff8b2a10000 - 0x00007ff8b2ba5000 	C:\WINDOWS\System32\ole32.dll
0x00007ff8b0980000 - 0x00007ff8b099b000 	C:\WINDOWS\SYSTEM32\CRYPTSP.dll
0x00007ff8b0090000 - 0x00007ff8b00c9000 	C:\WINDOWS\system32\rsaenh.dll
0x00007ff8b0750000 - 0x00007ff8b0782000 	C:\WINDOWS\SYSTEM32\USERENV.dll
0x00007ff8b1290000 - 0x00007ff8b12ba000 	C:\WINDOWS\SYSTEM32\bcrypt.dll
0x00007ff8b09a0000 - 0x00007ff8b09ac000 	C:\WINDOWS\SYSTEM32\CRYPTBASE.dll
0x00007ff8afb20000 - 0x00007ff8afb53000 	C:\WINDOWS\SYSTEM32\IPHLPAPI.DLL
0x00007ff8b45f0000 - 0x00007ff8b45fa000 	C:\WINDOWS\System32\NSI.dll
0x00007ff847ec0000 - 0x00007ff847f09000 	C:\Users\kalra\AppData\Local\Temp\jna-101813893\jna18155526250063741502.dll
0x00007ff8b2c80000 - 0x00007ff8b2c88000 	C:\WINDOWS\System32\PSAPI.DLL

JVMTI agents:
c:\Users\kalra\.vscode\extensions\redhat.java-1.53.0-win32-x64\lombok\lombok-1.18.39-4050.jar path:c:\Users\kalra\.vscode\extensions\redhat.java-1.53.0-win32-x64\jre\21.0.10-win32-x86_64\bin\instrument.dll, loaded, initialized, instrumentlib options:none

dbghelp: loaded successfully - version: 4.0.5 - missing functions: none
symbol engine: initialized successfully - sym options: 0x614 - pdb path: .;c:\Users\kalra\.vscode\extensions\redhat.java-1.53.0-win32-x64\jre\21.0.10-win32-x86_64\bin;C:\WINDOWS\SYSTEM32;C:\WINDOWS\WinSxS\amd64_microsoft.windows.common-controls_6595b64144ccf1df_6.0.26100.8037_none_3e092faae333b53b;c:\Users\kalra\.vscode\extensions\redhat.java-1.53.0-win32-x64\jre\21.0.10-win32-x86_64\bin\server;C:\Users\kalra\AppData\Roaming\Code\User\globalStorage\redhat.java\1.53.0\config_win\org.eclipse.equinox.launcher\org.eclipse.equinox.launcher.win32.win32.x86_64_1.3.0.v20260203-2149;C:\Users\kalra\AppData\Local\Temp\jna-101813893

VM Arguments:
jvm_args: --add-modules=ALL-SYSTEM --add-opens=java.base/java.util=ALL-UNNAMED --add-opens=java.base/java.lang=ALL-UNNAMED --add-opens=java.base/sun.nio.fs=ALL-UNNAMED -Declipse.application=org.eclipse.jdt.ls.core.id1 -Dosgi.bundles.defaultStartLevel=4 -Declipse.product=org.eclipse.jdt.ls.core.product -Djava.import.generatesMetadataFilesAtProjectRoot=false -DDetectVMInstallationsJob.disabled=true -Dfile.encoding=utf8 -XX:+UseParallelGC -XX:GCTimeRatio=4 -XX:AdaptiveSizePolicyWeight=90 -Dsun.zip.disableMemoryMapping=true -Xmx2G -Xms100m -Xlog:disable -javaagent:c:\Users\kalra\.vscode\extensions\redhat.java-1.53.0-win32-x64\lombok\lombok-1.18.39-4050.jar -XX:+HeapDumpOnOutOfMemoryError -XX:HeapDumpPath=c:\Users\kalra\AppData\Roaming\Code\User\workspaceStorage\4fda5c3b26c15e0cb27154c0e992db6d\redhat.java -Daether.dependencyCollector.impl=bf 
java_command: c:\Users\kalra\.vscode\extensions\redhat.java-1.53.0-win32-x64\server\plugins\org.eclipse.equinox.launcher_1.7.100.v20251111-0406.jar -configuration c:\Users\kalra\AppData\Roaming\Code\User\globalStorage\redhat.java\1.53.0\config_win -data c:\Users\kalra\AppData\Roaming\Code\User\workspaceStorage\4fda5c3b26c15e0cb27154c0e992db6d\redhat.java\jdt_ws --pipe=\\.\pipe\lsp-3c314714daab64265e5f8628bac78ca2-sock
java_class_path (initial): c:\Users\kalra\.vscode\extensions\redhat.java-1.53.0-win32-x64\server\plugins\org.eclipse.equinox.launcher_1.7.100.v20251111-0406.jar
Launcher Type: SUN_STANDARD

[Global flags]
    uintx AdaptiveSizePolicyWeight                 = 90                                        {product} {command line}
     intx CICompilerCount                          = 4                                         {product} {ergonomic}
    uintx GCTimeRatio                              = 4                                         {product} {command line}
     bool HeapDumpOnOutOfMemoryError               = true                                   {manageable} {command line}
    ccstr HeapDumpPath                             = c:\Users\kalra\AppData\Roaming\Code\User\workspaceStorage\4fda5c3b26c15e0cb27154c0e992db6d\redhat.java         {manageable} {command line}
   size_t InitialHeapSize                          = 104857600                                 {product} {command line}
   size_t MaxHeapSize                              = 2147483648                                {product} {command line}
   size_t MaxNewSize                               = 715653120                                 {product} {ergonomic}
   size_t MinHeapDeltaBytes                        = 524288                                    {product} {ergonomic}
   size_t MinHeapSize                              = 104857600                                 {product} {command line}
   size_t NewSize                                  = 34603008                                  {product} {ergonomic}
    uintx NonNMethodCodeHeapSize                   = 5839372                                {pd product} {ergonomic}
    uintx NonProfiledCodeHeapSize                  = 122909434                              {pd product} {ergonomic}
   size_t OldSize                                  = 70254592                                  {product} {ergonomic}
    uintx ProfiledCodeHeapSize                     = 122909434                              {pd product} {ergonomic}
    uintx ReservedCodeCacheSize                    = 251658240                              {pd product} {ergonomic}
     bool SegmentedCodeCache                       = true                                      {product} {ergonomic}
   size_t SoftMaxHeapSize                          = 2147483648                             {manageable} {ergonomic}
     bool UseCompressedOops                        = true                           {product lp64_product} {ergonomic}
     bool UseLargePagesIndividualAllocation        = false                                  {pd product} {ergonomic}
     bool UseParallelGC                            = true                                      {product} {command line}

Logging:
Log output configuration:
 #0: stdout all=off uptime,level,tags foldmultilines=false
 #1: stderr all=off uptime,level,tags foldmultilines=false

Release file:
JAVA_VERSION="21.0.10" 
MODULES="java.base java.compiler java.datatransfer java.xml java.prefs java.desktop java.instrument java.logging java.management java.security.sasl java.naming java.rmi java.management.rmi java.net.http java.scripting java.security.jgss java.transaction.xa java.sql java.sql.rowset java.xml.crypto java.se java.smartcardio jdk.accessibility jdk.internal.jvmstat jdk.attach jdk.charsets jdk.internal.opt jdk.zipfs jdk.compiler jdk.crypto.ec jdk.crypto.cryptoki jdk.crypto.mscapi jdk.dynalink jdk.internal.ed jdk.editpad jdk.hotspot.agent jdk.httpserver jdk.internal.le jdk.internal.vm.ci jdk.internal.vm.compiler jdk.internal.vm.compiler.management jdk.jartool jdk.javadoc jdk.jcmd jdk.management jdk.management.agent jdk.jconsole jdk.jdeps jdk.jdwp.agent jdk.jdi jdk.jfr jdk.jshell jdk.jsobject jdk.jstatd jdk.localedata jdk.management.jfr jdk.naming.dns jdk.naming.rmi jdk.net jdk.nio.mapmode jdk.random jdk.sctp jdk.security.auth jdk.security.jgss jdk.unsupported jdk.unsupported.desktop jdk.xml.dom" 

Environment Variables:
PATH=C:\Users\kalra\AppData\Local\Programs\Microsoft VS Code;C:\Python314\Scripts\;C:\Python314\;C:\Program Files\nodejs\;C:\ProgramData\chocolatey\bin;D:\Git\cmd;C:\Users\kalra\AppData\Local\Programs\Python\Python313\Scripts\;C:\Users\kalra\AppData\Local\Programs\Python\Python313\;C:\Program Files\MySQL\MySQL Shell 8.0\bin\;C:\Users\kalra\AppData\Local\Programs\Python\Python312\Scripts\;C:\Users\kalra\AppData\Local\Programs\Python\Python312\;C:\Users\kalra\AppData\Local\Microsoft\WindowsApps;C:\Users\kalra\AppData\Local\Programs\Microsoft VS Code\bin;C:\Program Files\Azure Data Studio\bin;%JAVA_HOME%\bin;C:\Program Files\Maven\apache-maven-3.9.11\bin;C:\Program Files\MySQL\MySQL Server 8.0\bin;C:\Users\kalra\AppData\Roaming\npm;C:\Users\kalra\Downloads\flutter_windows_3.41.4-stable\flutter\bin;C:\Windows\System32;C:\Program Files\Git\cmd;C:\Windows\System32\WindowsPowerShell\v1.0\;
USERNAME=kalra
OS=Windows_NT
PROCESSOR_IDENTIFIER=AMD64 Family 23 Model 104 Stepping 1, AuthenticAMD
TMP=C:\Users\kalra\AppData\Local\Temp
TEMP=C:\Users\kalra\AppData\Local\Temp




Periodic native trim disabled

---------------  S Y S T E M  ---------------

OS:
 Windows 11 , 64 bit Build 26100 (10.0.26100.7920)
OS uptime: 0 days 1:54 hours
Hyper-V role detected

CPU: total 12 (initial active 12) (12 cores per cpu, 2 threads per core) family 23 model 104 stepping 1 microcode 0x8608107, cx8, cmov, fxsr, ht, mmx, 3dnowpref, sse, sse2, sse3, ssse3, sse4a, sse4.1, sse4.2, popcnt, lzcnt, tsc, tscinvbit, avx, avx2, aes, clmul, bmi1, bmi2, adx, sha, fma, vzeroupper, clflush, clflushopt, hv, rdtscp, rdpid, f16c
Processor Information for the first 12 processors :
  Max Mhz: 2100, Current Mhz: 2100, Mhz Limit: 2100

Memory: 4k page, system-wide physical 7501M (173M free)
TotalPageFile size 18650M (AvailPageFile size 0M)
current process WorkingSet (physical memory assigned to process): 142M, peak: 143M
current process commit charge ("private bytes"): 283M, peak: 287M

vm_info: OpenJDK 64-Bit Server VM (21.0.10+7-LTS) for windows-amd64 JRE (21.0.10+7-LTS), built on 2026-01-20T00:00:00Z by "admin" with MS VC++ 17.12 (VS2022)

END.
