#
# There is insufficient memory for the Java Runtime Environment to continue.
# Native memory allocation (malloc) failed to allocate 856256 bytes. Error detail: Chunk::new
# Possible reasons:
#   The system is out of physical RAM or swap space
#   This process is running with CompressedOops enabled, and the Java Heap may be blocking the growth of the native heap
# Possible solutions:
#   Reduce memory load on the system
#   Increase physical memory or swap space
#   Check if swap backing store is full
#   Decrease Java heap size (-Xmx/-Xms)
#   Decrease number of Java threads
#   Decrease Java thread stack sizes (-Xss)
#   Set larger code cache with -XX:ReservedCodeCacheSize=
#   JVM is running with Unscaled Compressed Oops mode in which the Java heap is
#     placed in the first 4GB address space. The Java Heap base address is the
#     maximum limit for the native heap growth. Please use -XX:HeapBaseMinAddress
#     to set the Java Heap base and to place the Java Heap above 4GB virtual address.
# This output file may be truncated or incomplete.
#
#  Out of Memory Error (arena.cpp:168), pid=15036, tid=22876
#
# JRE version: OpenJDK Runtime Environment Temurin-21.0.10+7 (21.0.10+7) (build 21.0.10+7-LTS)
# Java VM: OpenJDK 64-Bit Server VM Temurin-21.0.10+7 (21.0.10+7-LTS, mixed mode, sharing, tiered, compressed oops, compressed class ptrs, parallel gc, windows-amd64)
# No core dump will be written. Minidumps are not enabled by default on client versions of Windows
#

---------------  S U M M A R Y ------------

Command Line: --add-modules=ALL-SYSTEM --add-opens=java.base/java.util=ALL-UNNAMED --add-opens=java.base/java.lang=ALL-UNNAMED --add-opens=java.base/sun.nio.fs=ALL-UNNAMED -Declipse.application=org.eclipse.jdt.ls.core.id1 -Dosgi.bundles.defaultStartLevel=4 -Declipse.product=org.eclipse.jdt.ls.core.product -Djava.import.generatesMetadataFilesAtProjectRoot=false -DDetectVMInstallationsJob.disabled=true -Dfile.encoding=utf8 -XX:+UseParallelGC -XX:GCTimeRatio=4 -XX:AdaptiveSizePolicyWeight=90 -Dsun.zip.disableMemoryMapping=true -Xmx2G -Xms100m -Xlog:disable -javaagent:c:\Users\kalra\.vscode\extensions\redhat.java-1.53.0-win32-x64\lombok\lombok-1.18.39-4050.jar -XX:+HeapDumpOnOutOfMemoryError -XX:HeapDumpPath=c:\Users\kalra\AppData\Roaming\Code\User\workspaceStorage\4fda5c3b26c15e0cb27154c0e992db6d\redhat.java -Daether.dependencyCollector.impl=bf c:\Users\kalra\.vscode\extensions\redhat.java-1.53.0-win32-x64\server\plugins\org.eclipse.equinox.launcher_1.7.100.v20251111-0406.jar -configuration c:\Users\kalra\AppData\Roaming\Code\User\globalStorage\redhat.java\1.53.0\config_win -data c:\Users\kalra\AppData\Roaming\Code\User\workspaceStorage\4fda5c3b26c15e0cb27154c0e992db6d\redhat.java\jdt_ws --pipe=\\.\pipe\lsp-01f79fab4a6b27a7643a03e50c23fbd9-sock

Host: AMD Ryzen 5 5500U with Radeon Graphics         , 12 cores, 7G,  Windows 11 , 64 bit Build 26100 (10.0.26100.7920)
Time: Fri Mar 27 13:52:00 2026 India Standard Time elapsed time: 12.649680 seconds (0d 0h 0m 12s)

---------------  T H R E A D  ---------------

Current thread (0x0000019b34a300b0):  JavaThread "C2 CompilerThread0" daemon [_thread_in_native, id=22876, stack(0x0000006909800000,0x0000006909900000) (1024K)]


Current CompileTask:
C2:12649 6456   !   4       org.eclipse.osgi.internal.loader.classpath.ClasspathManager::defineClass (636 bytes)

Stack: [0x0000006909800000,0x0000006909900000]
Native frames: (J=compiled Java code, j=interpreted, Vv=VM code, C=native code)
V  [jvm.dll+0x6d7a39]
V  [jvm.dll+0x8b4b26]
V  [jvm.dll+0x8b70de]
V  [jvm.dll+0x8b77c3]
V  [jvm.dll+0x284346]
V  [jvm.dll+0xc66ed]
V  [jvm.dll+0xc6c31]
V  [jvm.dll+0x3bec3b]
V  [jvm.dll+0x1e3bc4]
V  [jvm.dll+0x24c6b3]
V  [jvm.dll+0x24bb40]
V  [jvm.dll+0x1cb34e]
V  [jvm.dll+0x25b85d]
V  [jvm.dll+0x259dea]
V  [jvm.dll+0x3f857e]
V  [jvm.dll+0x85f59d]
V  [jvm.dll+0x6d626d]
C  [ucrtbase.dll+0x37b0]
C  [KERNEL32.DLL+0x2e8d7]
C  [ntdll.dll+0x8c48c]


---------------  P R O C E S S  ---------------

Threads class SMR info:
_java_thread_list=0x0000019b971034f0, length=54, elements={
0x0000019b3252ae00, 0x0000019b3492bae0, 0x0000019b3492e7d0, 0x0000019b34a26f80,
0x0000019b34a29bf0, 0x0000019b34a2c760, 0x0000019b34a2d1c0, 0x0000019b34a300b0,
0x0000019b34a37c60, 0x0000019b8d9e0970, 0x0000019b8dac3420, 0x0000019b8ee85f50,
0x0000019b8ee5dad0, 0x0000019b93366050, 0x0000019b93350aa0, 0x0000019b93a05060,
0x0000019b93695bb0, 0x0000019b9392bab0, 0x0000019b93a29d80, 0x0000019b93a28340,
0x0000019b93a296f0, 0x0000019b8eee5cb0, 0x0000019b93a2a410, 0x0000019b324f4750,
0x0000019b93a26f90, 0x0000019b93a27620, 0x0000019b93a27cb0, 0x0000019b93a289d0,
0x0000019b93a29060, 0x0000019b96193c50, 0x0000019b96195690, 0x0000019b961963b0,
0x0000019b96195d20, 0x0000019b96196a40, 0x0000019b961970d0, 0x0000019b96197760,
0x0000019b96195000, 0x0000019b96194970, 0x0000019b961942e0, 0x0000019b96198b10,
0x0000019b9619a550, 0x0000019b96199830, 0x0000019b9619abe0, 0x0000019b9619b270,
0x0000019b96197df0, 0x0000019b96198480, 0x0000019b96199ec0, 0x0000019b961991a0,
0x0000019b957194c0, 0x0000019b957187a0, 0x0000019b95718110, 0x0000019b95718e30,
0x0000019b95716040, 0x0000019b95716d60
}

Java Threads: ( => current thread )
  0x0000019b3252ae00 JavaThread "main"                              [_thread_blocked, id=2956, stack(0x0000006908e00000,0x0000006908f00000) (1024K)]
  0x0000019b3492bae0 JavaThread "Reference Handler"          daemon [_thread_blocked, id=19564, stack(0x0000006909200000,0x0000006909300000) (1024K)]
  0x0000019b3492e7d0 JavaThread "Finalizer"                  daemon [_thread_blocked, id=18380, stack(0x0000006909300000,0x0000006909400000) (1024K)]
  0x0000019b34a26f80 JavaThread "Signal Dispatcher"          daemon [_thread_blocked, id=11736, stack(0x0000006909400000,0x0000006909500000) (1024K)]
  0x0000019b34a29bf0 JavaThread "Attach Listener"            daemon [_thread_blocked, id=5604, stack(0x0000006909500000,0x0000006909600000) (1024K)]
  0x0000019b34a2c760 JavaThread "Service Thread"             daemon [_thread_blocked, id=996, stack(0x0000006909600000,0x0000006909700000) (1024K)]
  0x0000019b34a2d1c0 JavaThread "Monitor Deflation Thread"   daemon [_thread_blocked, id=23896, stack(0x0000006909700000,0x0000006909800000) (1024K)]
=>0x0000019b34a300b0 JavaThread "C2 CompilerThread0"         daemon [_thread_in_native, id=22876, stack(0x0000006909800000,0x0000006909900000) (1024K)]
  0x0000019b34a37c60 JavaThread "C1 CompilerThread0"         daemon [_thread_blocked, id=23164, stack(0x0000006909900000,0x0000006909a00000) (1024K)]
  0x0000019b8d9e0970 JavaThread "Common-Cleaner"             daemon [_thread_blocked, id=12992, stack(0x0000006909b00000,0x0000006909c00000) (1024K)]
  0x0000019b8dac3420 JavaThread "Notification Thread"        daemon [_thread_blocked, id=7944, stack(0x0000006909c00000,0x0000006909d00000) (1024K)]
  0x0000019b8ee85f50 JavaThread "Active Thread: Equinox Container: ecfbf29d-edb3-4411-9663-d1f3a70fbfab"        [_thread_blocked, id=11484, stack(0x000000690a400000,0x000000690a500000) (1024K)]
  0x0000019b8ee5dad0 JavaThread "Refresh Thread: Equinox Container: ecfbf29d-edb3-4411-9663-d1f3a70fbfab" daemon [_thread_blocked, id=14000, stack(0x000000690a600000,0x000000690a700000) (1024K)]
  0x0000019b93366050 JavaThread "Framework Event Dispatcher: Equinox Container: ecfbf29d-edb3-4411-9663-d1f3a70fbfab" daemon [_thread_blocked, id=10120, stack(0x000000690a700000,0x000000690a800000) (1024K)]
  0x0000019b93350aa0 JavaThread "Start Level: Equinox Container: ecfbf29d-edb3-4411-9663-d1f3a70fbfab" daemon [_thread_blocked, id=16984, stack(0x000000690a800000,0x000000690a900000) (1024K)]
  0x0000019b93a05060 JavaThread "Bundle File Closer"         daemon [_thread_blocked, id=24256, stack(0x000000690ab00000,0x000000690ac00000) (1024K)]
  0x0000019b93695bb0 JavaThread "SCR Component Actor"        daemon [_thread_blocked, id=7148, stack(0x0000006909a00000,0x0000006909b00000) (1024K)]
  0x0000019b9392bab0 JavaThread "Worker-JM"                         [_thread_blocked, id=1408, stack(0x000000690ad00000,0x000000690ae00000) (1024K)]
  0x0000019b93a29d80 JavaThread "JNA Cleaner"                daemon [_thread_blocked, id=1488, stack(0x0000006909d00000,0x0000006909e00000) (1024K)]
  0x0000019b93a28340 JavaThread "Worker-0"                          [_thread_blocked, id=16076, stack(0x000000690ac00000,0x000000690ad00000) (1024K)]
  0x0000019b93a296f0 JavaThread "Worker-1"                          [_thread_blocked, id=23708, stack(0x000000690ae00000,0x000000690af00000) (1024K)]
  0x0000019b8eee5cb0 JavaThread "C2 CompilerThread1"         daemon [_thread_in_native, id=11288, stack(0x000000690af00000,0x000000690b000000) (1024K)]
  0x0000019b93a2a410 JavaThread "Java indexing"              daemon [_thread_blocked, id=22264, stack(0x000000690b000000,0x000000690b100000) (1024K)]
  0x0000019b324f4750 JavaThread "C2 CompilerThread2"         daemon [_thread_in_native, id=24348, stack(0x000000690b100000,0x000000690b200000) (1024K)]
  0x0000019b93a26f90 JavaThread "Worker-2"                          [_thread_blocked, id=19724, stack(0x000000690b200000,0x000000690b300000) (1024K)]
  0x0000019b93a27620 JavaThread "Worker-3"                          [_thread_blocked, id=24052, stack(0x000000690b500000,0x000000690b600000) (1024K)]
  0x0000019b93a27cb0 JavaThread "Worker-4: Initialize Workspace"        [_thread_in_native, id=15140, stack(0x000000690b600000,0x000000690b700000) (1024K)]
  0x0000019b93a289d0 JavaThread "Thread-1"                   daemon [_thread_in_native, id=19920, stack(0x000000690b700000,0x000000690b800000) (1024K)]
  0x0000019b93a29060 JavaThread "Thread-2"                   daemon [_thread_in_native, id=14028, stack(0x000000690b800000,0x000000690b900000) (1024K)]
  0x0000019b96193c50 JavaThread "Thread-3"                   daemon [_thread_in_native, id=19780, stack(0x000000690b900000,0x000000690ba00000) (1024K)]
  0x0000019b96195690 JavaThread "Thread-4"                   daemon [_thread_in_native, id=16528, stack(0x000000690ba00000,0x000000690bb00000) (1024K)]
  0x0000019b961963b0 JavaThread "Thread-5"                   daemon [_thread_in_native, id=15408, stack(0x000000690bb00000,0x000000690bc00000) (1024K)]
  0x0000019b96195d20 JavaThread "Thread-6"                   daemon [_thread_in_native, id=23928, stack(0x000000690bc00000,0x000000690bd00000) (1024K)]
  0x0000019b96196a40 JavaThread "Thread-7"                   daemon [_thread_in_native, id=16212, stack(0x000000690bd00000,0x000000690be00000) (1024K)]
  0x0000019b961970d0 JavaThread "Thread-8"                   daemon [_thread_in_native, id=24108, stack(0x000000690be00000,0x000000690bf00000) (1024K)]
  0x0000019b96197760 JavaThread "Thread-9"                   daemon [_thread_in_native, id=22100, stack(0x000000690bf00000,0x000000690c000000) (1024K)]
  0x0000019b96195000 JavaThread "Thread-10"                  daemon [_thread_in_native, id=17040, stack(0x000000690c000000,0x000000690c100000) (1024K)]
  0x0000019b96194970 JavaThread "Thread-11"                  daemon [_thread_in_native, id=23756, stack(0x000000690c100000,0x000000690c200000) (1024K)]
  0x0000019b961942e0 JavaThread "Thread-12"                  daemon [_thread_in_native, id=15316, stack(0x000000690c200000,0x000000690c300000) (1024K)]
  0x0000019b96198b10 JavaThread "Thread-13"                  daemon [_thread_in_native, id=22316, stack(0x000000690c300000,0x000000690c400000) (1024K)]
  0x0000019b9619a550 JavaThread "pool-2-thread-1"                   [_thread_blocked, id=2120, stack(0x000000690c400000,0x000000690c500000) (1024K)]
  0x0000019b96199830 JavaThread "ForkJoinPool.commonPool-worker-1" daemon [_thread_blocked, id=10136, stack(0x000000690c500000,0x000000690c600000) (1024K)]
  0x0000019b9619abe0 JavaThread "ForkJoinPool.commonPool-worker-2" daemon [_thread_blocked, id=24244, stack(0x000000690c600000,0x000000690c700000) (1024K)]
  0x0000019b9619b270 JavaThread "ForkJoinPool.commonPool-worker-3" daemon [_thread_blocked, id=22108, stack(0x000000690c700000,0x000000690c800000) (1024K)]
  0x0000019b96197df0 JavaThread "ForkJoinPool.commonPool-worker-4" daemon [_thread_blocked, id=5316, stack(0x000000690c800000,0x000000690c900000) (1024K)]
  0x0000019b96198480 JavaThread "ForkJoinPool.commonPool-worker-5" daemon [_thread_blocked, id=23972, stack(0x000000690c900000,0x000000690ca00000) (1024K)]
  0x0000019b96199ec0 JavaThread "ForkJoinPool.commonPool-worker-6" daemon [_thread_blocked, id=17712, stack(0x000000690ca00000,0x000000690cb00000) (1024K)]
  0x0000019b961991a0 JavaThread "ForkJoinPool.commonPool-worker-7" daemon [_thread_blocked, id=22828, stack(0x000000690cb00000,0x000000690cc00000) (1024K)]
  0x0000019b957194c0 JavaThread "ForkJoinPool.commonPool-worker-8" daemon [_thread_blocked, id=9596, stack(0x000000690cc00000,0x000000690cd00000) (1024K)]
  0x0000019b957187a0 JavaThread "ForkJoinPool.commonPool-worker-9" daemon [_thread_blocked, id=19068, stack(0x000000690cd00000,0x000000690ce00000) (1024K)]
  0x0000019b95718110 JavaThread "ForkJoinPool.commonPool-worker-10" daemon [_thread_blocked, id=8512, stack(0x000000690ce00000,0x000000690cf00000) (1024K)]
  0x0000019b95718e30 JavaThread "WorkspaceEventsHandler"            [_thread_blocked, id=14936, stack(0x000000690cf00000,0x000000690d000000) (1024K)]
  0x0000019b95716040 JavaThread "pool-1-thread-1"                   [_thread_blocked, id=10708, stack(0x000000690d000000,0x000000690d100000) (1024K)]
  0x0000019b95716d60 JavaThread "ForkJoinPool.commonPool-worker-11" daemon [_thread_blocked, id=18508, stack(0x000000690d100000,0x000000690d200000) (1024K)]
Total: 54

Other Threads:
  0x0000019b34912c80 VMThread "VM Thread"                           [id=19048, stack(0x0000006909100000,0x0000006909200000) (1024K)]
  0x0000019b3480ca00 WatcherThread "VM Periodic Task Thread"        [id=19864, stack(0x0000006909000000,0x0000006909100000) (1024K)]
  0x0000019b349a1a80 WorkerThread "GC Thread#0"                     [id=22172, stack(0x0000006908f00000,0x0000006909000000) (1024K)]
  0x0000019b8eb65d10 WorkerThread "GC Thread#1"                     [id=14260, stack(0x0000006909e00000,0x0000006909f00000) (1024K)]
  0x0000019b8ec3f1d0 WorkerThread "GC Thread#2"                     [id=7576, stack(0x0000006909f00000,0x000000690a000000) (1024K)]
  0x0000019b8ec3f580 WorkerThread "GC Thread#3"                     [id=14776, stack(0x000000690a000000,0x000000690a100000) (1024K)]
  0x0000019b8ec3f930 WorkerThread "GC Thread#4"                     [id=24024, stack(0x000000690a100000,0x000000690a200000) (1024K)]
  0x0000019b8eb6a1f0 WorkerThread "GC Thread#5"                     [id=24232, stack(0x000000690a200000,0x000000690a300000) (1024K)]
  0x0000019b8eb6a5a0 WorkerThread "GC Thread#6"                     [id=4908, stack(0x000000690a300000,0x000000690a400000) (1024K)]
  0x0000019b93177c70 WorkerThread "GC Thread#7"                     [id=8372, stack(0x000000690a500000,0x000000690a600000) (1024K)]
  0x0000019b933b7e90 WorkerThread "GC Thread#8"                     [id=11072, stack(0x000000690a900000,0x000000690aa00000) (1024K)]
  0x0000019b933b8240 WorkerThread "GC Thread#9"                     [id=13676, stack(0x000000690aa00000,0x000000690ab00000) (1024K)]
Total: 12

Threads with active compile tasks:
C2 CompilerThread0  12679 6456   !   4       org.eclipse.osgi.internal.loader.classpath.ClasspathManager::defineClass (636 bytes)
C2 CompilerThread1  12679 6626       4       sun.nio.fs.Globs::toRegexPattern (745 bytes)
C2 CompilerThread2  12680 6466       4       java.lang.ClassLoader::defineClass (43 bytes)
Total: 3

VM state: not at safepoint (normal execution)

VM Mutex/Monitor currently owned by a thread: None

Heap address: 0x0000000080000000, size: 2048 MB, Compressed Oops mode: 32-bit

CDS archive(s) mapped at: [0x0000019b4c000000-0x0000019b4cba0000-0x0000019b4cba0000), size 12189696, SharedBaseAddress: 0x0000019b4c000000, ArchiveRelocationMode: 1.
Compressed class space mapped at: 0x0000019b4d000000-0x0000019b8d000000, reserved size: 1073741824
Narrow klass base: 0x0000019b4c000000, Narrow klass shift: 0, Narrow klass range: 0x100000000

GC Precious Log:
 CardTable entry size: 512
 CPUs: 12 total, 12 available
 Memory: 7501M
 Large Page Support: Disabled
 NUMA Support: Disabled
 Compressed Oops: Enabled (32-bit)
 Alignments: Space 512K, Generation 512K, Heap 2M
 Heap Min Capacity: 100M
 Heap Initial Capacity: 100M
 Heap Max Capacity: 2G
 Pre-touch: Disabled
 Parallel Workers: 10

Heap:
 PSYoungGen      total 23552K, used 14317K [0x00000000d5580000, 0x00000000d7280000, 0x0000000100000000)
  eden space 22016K, 58% used [0x00000000d5580000,0x00000000d6203730,0x00000000d6b00000)
  from space 1536K, 97% used [0x00000000d7080000,0x00000000d71f8000,0x00000000d7200000)
  to   space 512K, 0% used [0x00000000d7200000,0x00000000d7200000,0x00000000d7280000)
 ParOldGen       total 68608K, used 33438K [0x0000000080000000, 0x0000000084300000, 0x00000000d5580000)
  object space 68608K, 48% used [0x0000000080000000,0x00000000820a7800,0x0000000084300000)
 Metaspace       used 46871K, committed 48128K, reserved 1114112K
  class space    used 5105K, committed 5696K, reserved 1048576K

Card table byte_map: [0x0000019b34320000,0x0000019b34730000] _byte_map_base: 0x0000019b33f20000

Marking Bits: (ParMarkBitMap*) 0x00007ff819603450
 Begin Bits: [0x0000019b46e30000, 0x0000019b48e30000)
 End Bits:   [0x0000019b48e30000, 0x0000019b4ae30000)

Polling page: 0x0000019b32750000

Metaspace:

Usage:
  Non-class:     40.79 MB used.
      Class:      4.99 MB used.
       Both:     45.77 MB used.

Virtual space:
  Non-class space:       64.00 MB reserved,      41.44 MB ( 65%) committed,  1 nodes.
      Class space:        1.00 GB reserved,       5.56 MB ( <1%) committed,  1 nodes.
             Both:        1.06 GB reserved,      47.00 MB (  4%) committed. 

Chunk freelists:
   Non-Class:  5.81 MB
       Class:  10.36 MB
        Both:  16.17 MB

MaxMetaspaceSize: unlimited
CompressedClassSpaceSize: 1.00 GB
Initial GC threshold: 21.00 MB
Current GC threshold: 58.38 MB
CDS: on
 - commit_granule_bytes: 65536.
 - commit_granule_words: 8192.
 - virtual_space_node_default_size: 8388608.
 - enlarge_chunks_in_place: 1.
 - use_allocation_guard: 0.


Internal statistics:

num_allocs_failed_limit: 6.
num_arena_births: 976.
num_arena_deaths: 14.
num_vsnodes_births: 2.
num_vsnodes_deaths: 0.
num_space_committed: 752.
num_space_uncommitted: 0.
num_chunks_returned_to_freelist: 20.
num_chunks_taken_from_freelist: 3131.
num_chunk_merges: 11.
num_chunk_splits: 1908.
num_chunks_enlarged: 1049.
num_inconsistent_stats: 0.

CodeHeap 'non-profiled nmethods': size=120000Kb used=2973Kb max_used=2973Kb free=117026Kb
 bounds [0x0000019b3f650000, 0x0000019b3f940000, 0x0000019b46b80000]
CodeHeap 'profiled nmethods': size=120000Kb used=12736Kb max_used=12736Kb free=107263Kb
 bounds [0x0000019b37b80000, 0x0000019b38800000, 0x0000019b3f0b0000]
CodeHeap 'non-nmethods': size=5760Kb used=1368Kb max_used=1432Kb free=4391Kb
 bounds [0x0000019b3f0b0000, 0x0000019b3f320000, 0x0000019b3f650000]
CodeCache: size=245760Kb, used=17077Kb, max_used=17141Kb, free=228680Kb
 total_blobs=6708, nmethods=6043, adapters=571, full_count=0
Compilation: enabled, stopped_count=0, restarted_count=0

Compilation events (20 events):
Event: 12.548 Thread 0x0000019b34a37c60 nmethod 6614 0x0000019b387e2a90 code [0x0000019b387e2cc0, 0x0000019b387e3530]
Event: 12.548 Thread 0x0000019b34a37c60 6615   !   3       sun.nio.fs.WindowsDirectoryStream::iterator (66 bytes)
Event: 12.549 Thread 0x0000019b34a37c60 nmethod 6615 0x0000019b387e3810 code [0x0000019b387e3a00, 0x0000019b387e3ee8]
Event: 12.549 Thread 0x0000019b34a37c60 6616   !   3       sun.nio.fs.WindowsNativeDispatcher::FindFirstFile (75 bytes)
Event: 12.550 Thread 0x0000019b34a37c60 nmethod 6616 0x0000019b387e4190 code [0x0000019b387e4400, 0x0000019b387e4a90]
Event: 12.550 Thread 0x0000019b34a37c60 6617       3       sun.nio.fs.WindowsNativeDispatcher$FirstFile::<init> (5 bytes)
Event: 12.550 Thread 0x0000019b34a37c60 nmethod 6617 0x0000019b387e4e90 code [0x0000019b387e5040, 0x0000019b387e51a8]
Event: 12.550 Thread 0x0000019b34a37c60 6618       3       org.eclipse.jdt.ls.core.internal.managers.BasicFileDetector$1::preVisitDirectory (10 bytes)
Event: 12.551 Thread 0x0000019b34a37c60 nmethod 6618 0x0000019b387e5290 code [0x0000019b387e5440, 0x0000019b387e56a0]
Event: 12.551 Thread 0x0000019b34a37c60 6619       3       org.eclipse.jdt.ls.core.internal.managers.BasicFileDetector$1::preVisitDirectory (98 bytes)
Event: 12.552 Thread 0x0000019b34a37c60 nmethod 6619 0x0000019b387e5790 code [0x0000019b387e59e0, 0x0000019b387e60d0]
Event: 12.567 Thread 0x0000019b8eee5cb0 6620       4       java.util.regex.Pattern::atom (422 bytes)
Event: 12.578 Thread 0x0000019b34a37c60 6624       3       java.util.regex.Pattern$Dollar::match (209 bytes)
Event: 12.579 Thread 0x0000019b34a37c60 nmethod 6624 0x0000019b387e6310 code [0x0000019b387e65a0, 0x0000019b387e7248]
Event: 12.604 Thread 0x0000019b8eee5cb0 nmethod 6620 0x0000019b3f935190 code [0x0000019b3f935420, 0x0000019b3f936238]
Event: 12.605 Thread 0x0000019b8eee5cb0 6622       4       sun.nio.fs.WindowsPath::compareTo (118 bytes)
Event: 12.610 Thread 0x0000019b34a37c60 6627   !   3       sun.nio.fs.WindowsDirectoryStream::close (59 bytes)
Event: 12.611 Thread 0x0000019b8eee5cb0 nmethod 6622 0x0000019b3f936c10 code [0x0000019b3f936de0, 0x0000019b3f937170]
Event: 12.611 Thread 0x0000019b8eee5cb0 6626       4       sun.nio.fs.Globs::toRegexPattern (745 bytes)
Event: 12.611 Thread 0x0000019b34a37c60 nmethod 6627 0x0000019b387e7510 code [0x0000019b387e7720, 0x0000019b387e7bb0]

GC Heap History (20 events):
Event: 7.936 GC heap before
{Heap before GC invocations=12 (full 1):
 PSYoungGen      total 24576K, used 24174K [0x00000000d5580000, 0x00000000d7380000, 0x0000000100000000)
  eden space 23040K, 100% used [0x00000000d5580000,0x00000000d6c00000,0x00000000d6c00000)
  from space 1536K, 73% used [0x00000000d7200000,0x00000000d731b890,0x00000000d7380000)
  to   space 1536K, 0% used [0x00000000d7080000,0x00000000d7080000,0x00000000d7200000)
 ParOldGen       total 68608K, used 16089K [0x0000000080000000, 0x0000000084300000, 0x00000000d5580000)
  object space 68608K, 23% used [0x0000000080000000,0x0000000080fb6568,0x0000000084300000)
 Metaspace       used 31312K, committed 32448K, reserved 1114112K
  class space    used 3162K, committed 3584K, reserved 1048576K
}
Event: 7.940 GC heap after
{Heap after GC invocations=12 (full 1):
 PSYoungGen      total 24064K, used 1485K [0x00000000d5580000, 0x00000000d7280000, 0x0000000100000000)
  eden space 22528K, 0% used [0x00000000d5580000,0x00000000d5580000,0x00000000d6b80000)
  from space 1536K, 96% used [0x00000000d7080000,0x00000000d71f35e0,0x00000000d7200000)
  to   space 512K, 0% used [0x00000000d7200000,0x00000000d7200000,0x00000000d7280000)
 ParOldGen       total 68608K, used 17037K [0x0000000080000000, 0x0000000084300000, 0x00000000d5580000)
  object space 68608K, 24% used [0x0000000080000000,0x00000000810a3640,0x0000000084300000)
 Metaspace       used 31312K, committed 32448K, reserved 1114112K
  class space    used 3162K, committed 3584K, reserved 1048576K
}
Event: 8.144 GC heap before
{Heap before GC invocations=13 (full 1):
 PSYoungGen      total 24064K, used 24013K [0x00000000d5580000, 0x00000000d7280000, 0x0000000100000000)
  eden space 22528K, 100% used [0x00000000d5580000,0x00000000d6b80000,0x00000000d6b80000)
  from space 1536K, 96% used [0x00000000d7080000,0x00000000d71f35e0,0x00000000d7200000)
  to   space 512K, 0% used [0x00000000d7200000,0x00000000d7200000,0x00000000d7280000)
 ParOldGen       total 68608K, used 17037K [0x0000000080000000, 0x0000000084300000, 0x00000000d5580000)
  object space 68608K, 24% used [0x0000000080000000,0x00000000810a3640,0x0000000084300000)
 Metaspace       used 34184K, committed 35328K, reserved 1114112K
  class space    used 3527K, committed 4032K, reserved 1048576K
}
Event: 8.147 GC heap after
{Heap after GC invocations=13 (full 1):
 PSYoungGen      total 22528K, used 510K [0x00000000d5580000, 0x00000000d7280000, 0x0000000100000000)
  eden space 22016K, 0% used [0x00000000d5580000,0x00000000d5580000,0x00000000d6b00000)
  from space 512K, 99% used [0x00000000d7200000,0x00000000d727f9a0,0x00000000d7280000)
  to   space 3584K, 0% used [0x00000000d6b80000,0x00000000d6b80000,0x00000000d6f00000)
 ParOldGen       total 68608K, used 19432K [0x0000000080000000, 0x0000000084300000, 0x00000000d5580000)
  object space 68608K, 28% used [0x0000000080000000,0x00000000812fa290,0x0000000084300000)
 Metaspace       used 34184K, committed 35328K, reserved 1114112K
  class space    used 3527K, committed 4032K, reserved 1048576K
}
Event: 8.221 GC heap before
{Heap before GC invocations=14 (full 1):
 PSYoungGen      total 22528K, used 4358K [0x00000000d5580000, 0x00000000d7280000, 0x0000000100000000)
  eden space 22016K, 17% used [0x00000000d5580000,0x00000000d5941f38,0x00000000d6b00000)
  from space 512K, 99% used [0x00000000d7200000,0x00000000d727f9a0,0x00000000d7280000)
  to   space 3584K, 0% used [0x00000000d6b80000,0x00000000d6b80000,0x00000000d6f00000)
 ParOldGen       total 68608K, used 19432K [0x0000000080000000, 0x0000000084300000, 0x00000000d5580000)
  object space 68608K, 28% used [0x0000000080000000,0x00000000812fa290,0x0000000084300000)
 Metaspace       used 34680K, committed 35840K, reserved 1114112K
  class space    used 3583K, committed 4096K, reserved 1048576K
}
Event: 8.224 GC heap after
{Heap after GC invocations=14 (full 1):
 PSYoungGen      total 25600K, used 352K [0x00000000d5580000, 0x00000000d7280000, 0x0000000100000000)
  eden space 22016K, 0% used [0x00000000d5580000,0x00000000d5580000,0x00000000d6b00000)
  from space 3584K, 9% used [0x00000000d6b80000,0x00000000d6bd8000,0x00000000d6f00000)
  to   space 1536K, 0% used [0x00000000d7100000,0x00000000d7100000,0x00000000d7280000)
 ParOldGen       total 68608K, used 19954K [0x0000000080000000, 0x0000000084300000, 0x00000000d5580000)
  object space 68608K, 29% used [0x0000000080000000,0x000000008137ca98,0x0000000084300000)
 Metaspace       used 34680K, committed 35840K, reserved 1114112K
  class space    used 3583K, committed 4096K, reserved 1048576K
}
Event: 8.224 GC heap before
{Heap before GC invocations=15 (full 2):
 PSYoungGen      total 25600K, used 352K [0x00000000d5580000, 0x00000000d7280000, 0x0000000100000000)
  eden space 22016K, 0% used [0x00000000d5580000,0x00000000d5580000,0x00000000d6b00000)
  from space 3584K, 9% used [0x00000000d6b80000,0x00000000d6bd8000,0x00000000d6f00000)
  to   space 1536K, 0% used [0x00000000d7100000,0x00000000d7100000,0x00000000d7280000)
 ParOldGen       total 68608K, used 19954K [0x0000000080000000, 0x0000000084300000, 0x00000000d5580000)
  object space 68608K, 29% used [0x0000000080000000,0x000000008137ca98,0x0000000084300000)
 Metaspace       used 34680K, committed 35840K, reserved 1114112K
  class space    used 3583K, committed 4096K, reserved 1048576K
}
Event: 8.270 GC heap after
{Heap after GC invocations=15 (full 2):
 PSYoungGen      total 25600K, used 0K [0x00000000d5580000, 0x00000000d7280000, 0x0000000100000000)
  eden space 22016K, 0% used [0x00000000d5580000,0x00000000d5580000,0x00000000d6b00000)
  from space 3584K, 0% used [0x00000000d6b80000,0x00000000d6b80000,0x00000000d6f00000)
  to   space 1536K, 0% used [0x00000000d7100000,0x00000000d7100000,0x00000000d7280000)
 ParOldGen       total 68608K, used 19164K [0x0000000080000000, 0x0000000084300000, 0x00000000d5580000)
  object space 68608K, 27% used [0x0000000080000000,0x00000000812b7378,0x0000000084300000)
 Metaspace       used 34680K, committed 35840K, reserved 1114112K
  class space    used 3583K, committed 4096K, reserved 1048576K
}
Event: 8.788 GC heap before
{Heap before GC invocations=16 (full 2):
 PSYoungGen      total 25600K, used 22016K [0x00000000d5580000, 0x00000000d7280000, 0x0000000100000000)
  eden space 22016K, 100% used [0x00000000d5580000,0x00000000d6b00000,0x00000000d6b00000)
  from space 3584K, 0% used [0x00000000d6b80000,0x00000000d6b80000,0x00000000d6f00000)
  to   space 1536K, 0% used [0x00000000d7100000,0x00000000d7100000,0x00000000d7280000)
 ParOldGen       total 68608K, used 19164K [0x0000000080000000, 0x0000000084300000, 0x00000000d5580000)
  object space 68608K, 27% used [0x0000000080000000,0x00000000812b7378,0x0000000084300000)
 Metaspace       used 36657K, committed 37888K, reserved 1114112K
  class space    used 3847K, committed 4352K, reserved 1048576K
}
Event: 8.793 GC heap after
{Heap after GC invocations=16 (full 2):
 PSYoungGen      total 23552K, used 1520K [0x00000000d5580000, 0x00000000d7280000, 0x0000000100000000)
  eden space 22016K, 0% used [0x00000000d5580000,0x00000000d5580000,0x00000000d6b00000)
  from space 1536K, 98% used [0x00000000d7100000,0x00000000d727c010,0x00000000d7280000)
  to   space 3072K, 0% used [0x00000000d6c80000,0x00000000d6c80000,0x00000000d6f80000)
 ParOldGen       total 68608K, used 20184K [0x0000000080000000, 0x0000000084300000, 0x00000000d5580000)
  object space 68608K, 29% used [0x0000000080000000,0x00000000813b6120,0x0000000084300000)
 Metaspace       used 36657K, committed 37888K, reserved 1114112K
  class space    used 3847K, committed 4352K, reserved 1048576K
}
Event: 9.131 GC heap before
{Heap before GC invocations=17 (full 2):
 PSYoungGen      total 23552K, used 23536K [0x00000000d5580000, 0x00000000d7280000, 0x0000000100000000)
  eden space 22016K, 100% used [0x00000000d5580000,0x00000000d6b00000,0x00000000d6b00000)
  from space 1536K, 98% used [0x00000000d7100000,0x00000000d727c010,0x00000000d7280000)
  to   space 3072K, 0% used [0x00000000d6c80000,0x00000000d6c80000,0x00000000d6f80000)
 ParOldGen       total 68608K, used 20184K [0x0000000080000000, 0x0000000084300000, 0x00000000d5580000)
  object space 68608K, 29% used [0x0000000080000000,0x00000000813b6120,0x0000000084300000)
 Metaspace       used 37896K, committed 39104K, reserved 1114112K
  class space    used 4006K, committed 4544K, reserved 1048576K
}
Event: 9.141 GC heap after
{Heap after GC invocations=17 (full 2):
 PSYoungGen      total 25088K, used 3059K [0x00000000d5580000, 0x00000000d7d00000, 0x0000000100000000)
  eden space 22016K, 0% used [0x00000000d5580000,0x00000000d5580000,0x00000000d6b00000)
  from space 3072K, 99% used [0x00000000d6c80000,0x00000000d6f7ccf0,0x00000000d6f80000)
  to   space 9216K, 0% used [0x00000000d7400000,0x00000000d7400000,0x00000000d7d00000)
 ParOldGen       total 68608K, used 24886K [0x0000000080000000, 0x0000000084300000, 0x00000000d5580000)
  object space 68608K, 36% used [0x0000000080000000,0x000000008184d8f0,0x0000000084300000)
 Metaspace       used 37896K, committed 39104K, reserved 1114112K
  class space    used 4006K, committed 4544K, reserved 1048576K
}
Event: 9.458 GC heap before
{Heap before GC invocations=18 (full 2):
 PSYoungGen      total 25088K, used 25075K [0x00000000d5580000, 0x00000000d7d00000, 0x0000000100000000)
  eden space 22016K, 100% used [0x00000000d5580000,0x00000000d6b00000,0x00000000d6b00000)
  from space 3072K, 99% used [0x00000000d6c80000,0x00000000d6f7ccf0,0x00000000d6f80000)
  to   space 9216K, 0% used [0x00000000d7400000,0x00000000d7400000,0x00000000d7d00000)
 ParOldGen       total 68608K, used 24886K [0x0000000080000000, 0x0000000084300000, 0x00000000d5580000)
  object space 68608K, 36% used [0x0000000080000000,0x000000008184d8f0,0x0000000084300000)
 Metaspace       used 38912K, committed 40064K, reserved 1114112K
  class space    used 4130K, committed 4672K, reserved 1048576K
}
Event: 9.465 GC heap after
{Heap after GC invocations=18 (full 2):
 PSYoungGen      total 26112K, used 3961K [0x00000000d5580000, 0x00000000d7800000, 0x0000000100000000)
  eden space 22016K, 0% used [0x00000000d5580000,0x00000000d5580000,0x00000000d6b00000)
  from space 4096K, 96% used [0x00000000d7400000,0x00000000d77de430,0x00000000d7800000)
  to   space 5632K, 0% used [0x00000000d6d00000,0x00000000d6d00000,0x00000000d7280000)
 ParOldGen       total 68608K, used 27894K [0x0000000080000000, 0x0000000084300000, 0x00000000d5580000)
  object space 68608K, 40% used [0x0000000080000000,0x0000000081b3d830,0x0000000084300000)
 Metaspace       used 38912K, committed 40064K, reserved 1114112K
  class space    used 4130K, committed 4672K, reserved 1048576K
}
Event: 10.142 GC heap before
{Heap before GC invocations=19 (full 2):
 PSYoungGen      total 26112K, used 25977K [0x00000000d5580000, 0x00000000d7800000, 0x0000000100000000)
  eden space 22016K, 100% used [0x00000000d5580000,0x00000000d6b00000,0x00000000d6b00000)
  from space 4096K, 96% used [0x00000000d7400000,0x00000000d77de430,0x00000000d7800000)
  to   space 5632K, 0% used [0x00000000d6d00000,0x00000000d6d00000,0x00000000d7280000)
 ParOldGen       total 68608K, used 27894K [0x0000000080000000, 0x0000000084300000, 0x00000000d5580000)
  object space 68608K, 40% used [0x0000000080000000,0x0000000081b3d830,0x0000000084300000)
 Metaspace       used 41052K, committed 42240K, reserved 1114112K
  class space    used 4394K, committed 4864K, reserved 1048576K
}
Event: 10.147 GC heap after
{Heap after GC invocations=19 (full 2):
 PSYoungGen      total 23040K, used 992K [0x00000000d5580000, 0x00000000d7480000, 0x0000000100000000)
  eden space 22016K, 0% used [0x00000000d5580000,0x00000000d5580000,0x00000000d6b00000)
  from space 1024K, 96% used [0x00000000d6d00000,0x00000000d6df8000,0x00000000d6e00000)
  to   space 2560K, 0% used [0x00000000d7200000,0x00000000d7200000,0x00000000d7480000)
 ParOldGen       total 68608K, used 31585K [0x0000000080000000, 0x0000000084300000, 0x00000000d5580000)
  object space 68608K, 46% used [0x0000000080000000,0x0000000081ed8740,0x0000000084300000)
 Metaspace       used 41052K, committed 42240K, reserved 1114112K
  class space    used 4394K, committed 4864K, reserved 1048576K
}
Event: 10.915 GC heap before
{Heap before GC invocations=20 (full 2):
 PSYoungGen      total 23040K, used 23008K [0x00000000d5580000, 0x00000000d7480000, 0x0000000100000000)
  eden space 22016K, 100% used [0x00000000d5580000,0x00000000d6b00000,0x00000000d6b00000)
  from space 1024K, 96% used [0x00000000d6d00000,0x00000000d6df8000,0x00000000d6e00000)
  to   space 2560K, 0% used [0x00000000d7200000,0x00000000d7200000,0x00000000d7480000)
 ParOldGen       total 68608K, used 31585K [0x0000000080000000, 0x0000000084300000, 0x00000000d5580000)
  object space 68608K, 46% used [0x0000000080000000,0x0000000081ed8740,0x0000000084300000)
 Metaspace       used 43536K, committed 44736K, reserved 1114112K
  class space    used 4711K, committed 5248K, reserved 1048576K
}
Event: 10.919 GC heap after
{Heap after GC invocations=20 (full 2):
 PSYoungGen      total 23552K, used 1216K [0x00000000d5580000, 0x00000000d7380000, 0x0000000100000000)
  eden space 22016K, 0% used [0x00000000d5580000,0x00000000d5580000,0x00000000d6b00000)
  from space 1536K, 79% used [0x00000000d7200000,0x00000000d7330000,0x00000000d7380000)
  to   space 1536K, 0% used [0x00000000d7080000,0x00000000d7080000,0x00000000d7200000)
 ParOldGen       total 68608K, used 32417K [0x0000000080000000, 0x0000000084300000, 0x00000000d5580000)
  object space 68608K, 47% used [0x0000000080000000,0x0000000081fa8750,0x0000000084300000)
 Metaspace       used 43536K, committed 44736K, reserved 1114112K
  class space    used 4711K, committed 5248K, reserved 1048576K
}
Event: 11.937 GC heap before
{Heap before GC invocations=21 (full 2):
 PSYoungGen      total 23552K, used 23232K [0x00000000d5580000, 0x00000000d7380000, 0x0000000100000000)
  eden space 22016K, 100% used [0x00000000d5580000,0x00000000d6b00000,0x00000000d6b00000)
  from space 1536K, 79% used [0x00000000d7200000,0x00000000d7330000,0x00000000d7380000)
  to   space 1536K, 0% used [0x00000000d7080000,0x00000000d7080000,0x00000000d7200000)
 ParOldGen       total 68608K, used 32426K [0x0000000080000000, 0x0000000084300000, 0x00000000d5580000)
  object space 68608K, 47% used [0x0000000080000000,0x0000000081faaaf0,0x0000000084300000)
 Metaspace       used 45794K, committed 46976K, reserved 1114112K
  class space    used 5002K, committed 5568K, reserved 1048576K
}
Event: 11.941 GC heap after
{Heap after GC invocations=21 (full 2):
 PSYoungGen      total 23552K, used 1504K [0x00000000d5580000, 0x00000000d7280000, 0x0000000100000000)
  eden space 22016K, 0% used [0x00000000d5580000,0x00000000d5580000,0x00000000d6b00000)
  from space 1536K, 97% used [0x00000000d7080000,0x00000000d71f8000,0x00000000d7200000)
  to   space 512K, 0% used [0x00000000d7200000,0x00000000d7200000,0x00000000d7280000)
 ParOldGen       total 68608K, used 33438K [0x0000000080000000, 0x0000000084300000, 0x00000000d5580000)
  object space 68608K, 48% used [0x0000000080000000,0x00000000820a7800,0x0000000084300000)
 Metaspace       used 45794K, committed 46976K, reserved 1114112K
  class space    used 5002K, committed 5568K, reserved 1048576K
}

Dll operation events (10 events):
Event: 0.031 Loaded shared library c:\Users\kalra\.vscode\extensions\redhat.java-1.53.0-win32-x64\jre\21.0.10-win32-x86_64\bin\java.dll
Event: 0.172 Loaded shared library c:\Users\kalra\.vscode\extensions\redhat.java-1.53.0-win32-x64\jre\21.0.10-win32-x86_64\bin\zip.dll
Event: 0.220 Loaded shared library C:\Users\kalra\.vscode\extensions\redhat.java-1.53.0-win32-x64\jre\21.0.10-win32-x86_64\bin\instrument.dll
Event: 0.233 Loaded shared library C:\Users\kalra\.vscode\extensions\redhat.java-1.53.0-win32-x64\jre\21.0.10-win32-x86_64\bin\net.dll
Event: 0.238 Loaded shared library C:\Users\kalra\.vscode\extensions\redhat.java-1.53.0-win32-x64\jre\21.0.10-win32-x86_64\bin\nio.dll
Event: 0.246 Loaded shared library C:\Users\kalra\.vscode\extensions\redhat.java-1.53.0-win32-x64\jre\21.0.10-win32-x86_64\bin\zip.dll
Event: 0.280 Loaded shared library C:\Users\kalra\.vscode\extensions\redhat.java-1.53.0-win32-x64\jre\21.0.10-win32-x86_64\bin\jimage.dll
Event: 0.448 Loaded shared library c:\Users\kalra\.vscode\extensions\redhat.java-1.53.0-win32-x64\jre\21.0.10-win32-x86_64\bin\verify.dll
Event: 2.402 Loaded shared library C:\Users\kalra\AppData\Roaming\Code\User\globalStorage\redhat.java\1.53.0\config_win\org.eclipse.equinox.launcher\org.eclipse.equinox.launcher.win32.win32.x86_64_1.3.0.v20260203-2149\eclipse_11919.dll
Event: 5.298 Loaded shared library C:\Users\kalra\AppData\Local\Temp\jna-101813893\jna9626611106258902908.dll

Deoptimization events (20 events):
Event: 12.051 Thread 0x0000019b93a28340 Uncommon trap: trap_request=0xffffff45 fr.pc=0x0000019b3f7242cc relative=0x00000000000001ec
Event: 12.051 Thread 0x0000019b93a28340 Uncommon trap: reason=unstable_if action=reinterpret pc=0x0000019b3f7242cc method=java.lang.invoke.VarHandle.accessModeType(I)Ljava/lang/invoke/MethodType; @ 26 c2
Event: 12.051 Thread 0x0000019b93a28340 DEOPT PACKING pc=0x0000019b3f7242cc sp=0x000000690acfeaf0
Event: 12.051 Thread 0x0000019b93a28340 DEOPT UNPACKING pc=0x0000019b3f103aa2 sp=0x000000690acfe9d0 mode 2
Event: 12.051 Thread 0x0000019b93a28340 Uncommon trap: trap_request=0xffffff45 fr.pc=0x0000019b3f69ad00 relative=0x00000000000000c0
Event: 12.051 Thread 0x0000019b93a28340 Uncommon trap: reason=unstable_if action=reinterpret pc=0x0000019b3f69ad00 method=jdk.internal.misc.Unsafe.convEndian(ZI)I @ 4 c2
Event: 12.051 Thread 0x0000019b93a28340 DEOPT PACKING pc=0x0000019b3f69ad00 sp=0x000000690acfea90
Event: 12.051 Thread 0x0000019b93a28340 DEOPT UNPACKING pc=0x0000019b3f103aa2 sp=0x000000690acfe928 mode 2
Event: 12.251 Thread 0x0000019b93a27cb0 DEOPT PACKING pc=0x0000019b384da646 sp=0x000000690b6fe770
Event: 12.251 Thread 0x0000019b93a27cb0 DEOPT UNPACKING pc=0x0000019b3f104242 sp=0x000000690b6fdcf0 mode 0
Event: 12.405 Thread 0x0000019b93a27cb0 DEOPT PACKING pc=0x0000019b38395d65 sp=0x000000690b6fea30
Event: 12.405 Thread 0x0000019b93a27cb0 DEOPT UNPACKING pc=0x0000019b3f104242 sp=0x000000690b6fdee0 mode 0
Event: 12.427 Thread 0x0000019b93a27cb0 DEOPT PACKING pc=0x0000019b38395d65 sp=0x000000690b6fea70
Event: 12.427 Thread 0x0000019b93a27cb0 DEOPT UNPACKING pc=0x0000019b3f104242 sp=0x000000690b6fdf20 mode 0
Event: 12.450 Thread 0x0000019b93a27cb0 DEOPT PACKING pc=0x0000019b384da646 sp=0x000000690b6fe7a0
Event: 12.450 Thread 0x0000019b93a27cb0 DEOPT UNPACKING pc=0x0000019b3f104242 sp=0x000000690b6fdd20 mode 0
Event: 12.455 Thread 0x0000019b93a27cb0 Uncommon trap: trap_request=0xffffff45 fr.pc=0x0000019b3f920c10 relative=0x00000000000001b0
Event: 12.455 Thread 0x0000019b93a27cb0 Uncommon trap: reason=unstable_if action=reinterpret pc=0x0000019b3f920c10 method=java.util.regex.Pattern$SliceU.match(Ljava/util/regex/Matcher;ILjava/lang/CharSequence;)Z @ 18 c2
Event: 12.455 Thread 0x0000019b93a27cb0 DEOPT PACKING pc=0x0000019b3f920c10 sp=0x000000690b6fea40
Event: 12.455 Thread 0x0000019b93a27cb0 DEOPT UNPACKING pc=0x0000019b3f103aa2 sp=0x000000690b6fe9c8 mode 2

Classes loaded (20 events):
Event: 12.192 Loading class java/nio/file/FileTreeWalker$1
Event: 12.192 Loading class java/nio/file/FileTreeWalker$1 done
Event: 12.193 Loading class java/nio/file/FileTreeWalker$DirectoryNode
Event: 12.193 Loading class java/nio/file/FileTreeWalker$DirectoryNode done
Event: 12.193 Loading class java/nio/file/FileTreeWalker$Event
Event: 12.193 Loading class java/nio/file/FileTreeWalker$Event done
Event: 12.193 Loading class java/nio/file/FileTreeWalker$EventType
Event: 12.193 Loading class java/nio/file/FileTreeWalker$EventType done
Event: 12.194 Loading class java/nio/file/Files$3
Event: 12.194 Loading class java/nio/file/Files$3 done
Event: 12.194 Loading class sun/nio/fs/Globs
Event: 12.195 Loading class sun/nio/fs/Globs done
Event: 12.195 Loading class java/util/regex/Pattern$SliceU
Event: 12.195 Loading class java/util/regex/Pattern$SliceU done
Event: 12.195 Loading class sun/nio/fs/WindowsFileSystem$2
Event: 12.195 Loading class java/nio/file/PathMatcher
Event: 12.196 Loading class java/nio/file/PathMatcher done
Event: 12.196 Loading class sun/nio/fs/WindowsFileSystem$2 done
Event: 12.197 Loading class java/nio/file/FileVisitResult
Event: 12.197 Loading class java/nio/file/FileVisitResult done

Classes unloaded (7 events):
Event: 6.370 Thread 0x0000019b34912c80 Unloading class 0x0000019b4d1a4000 'java/lang/invoke/LambdaForm$MH+0x0000019b4d1a4000'
Event: 6.370 Thread 0x0000019b34912c80 Unloading class 0x0000019b4d1a3c00 'java/lang/invoke/LambdaForm$MH+0x0000019b4d1a3c00'
Event: 6.370 Thread 0x0000019b34912c80 Unloading class 0x0000019b4d1a3800 'java/lang/invoke/LambdaForm$MH+0x0000019b4d1a3800'
Event: 6.370 Thread 0x0000019b34912c80 Unloading class 0x0000019b4d1a3400 'java/lang/invoke/LambdaForm$MH+0x0000019b4d1a3400'
Event: 6.370 Thread 0x0000019b34912c80 Unloading class 0x0000019b4d1a3000 'java/lang/invoke/LambdaForm$BMH+0x0000019b4d1a3000'
Event: 6.370 Thread 0x0000019b34912c80 Unloading class 0x0000019b4d1a2c00 'java/lang/invoke/LambdaForm$DMH+0x0000019b4d1a2c00'
Event: 6.370 Thread 0x0000019b34912c80 Unloading class 0x0000019b4d1a1800 'java/lang/invoke/LambdaForm$DMH+0x0000019b4d1a1800'

Classes redefined (0 events):
No events

Internal exceptions (20 events):
Event: 12.451 Thread 0x0000019b93a27cb0 Exception <a 'sun/nio/fs/WindowsException'{0x00000000d5f01578}> (0x00000000d5f01578) 
thrown [s\src\hotspot\share\prims\jni.cpp, line 520]
Event: 12.451 Thread 0x0000019b93a27cb0 Exception <a 'sun/nio/fs/WindowsException'{0x00000000d5f01b20}> (0x00000000d5f01b20) 
thrown [s\src\hotspot\share\prims\jni.cpp, line 520]
Event: 12.451 Thread 0x0000019b93a27cb0 Exception <a 'sun/nio/fs/WindowsException'{0x00000000d5f020d0}> (0x00000000d5f020d0) 
thrown [s\src\hotspot\share\prims\jni.cpp, line 520]
Event: 12.451 Thread 0x0000019b93a27cb0 Exception <a 'sun/nio/fs/WindowsException'{0x00000000d5f02690}> (0x00000000d5f02690) 
thrown [s\src\hotspot\share\prims\jni.cpp, line 520]
Event: 12.452 Thread 0x0000019b93a27cb0 Exception <a 'sun/nio/fs/WindowsException'{0x00000000d5f05a88}> (0x00000000d5f05a88) 
thrown [s\src\hotspot\share\prims\jni.cpp, line 520]
Event: 12.452 Thread 0x0000019b93a27cb0 Exception <a 'sun/nio/fs/WindowsException'{0x00000000d5f06050}> (0x00000000d5f06050) 
thrown [s\src\hotspot\share\prims\jni.cpp, line 520]
Event: 12.452 Thread 0x0000019b93a27cb0 Exception <a 'sun/nio/fs/WindowsException'{0x00000000d5f06620}> (0x00000000d5f06620) 
thrown [s\src\hotspot\share\prims\jni.cpp, line 520]
Event: 12.452 Thread 0x0000019b93a27cb0 Exception <a 'sun/nio/fs/WindowsException'{0x00000000d5f06c00}> (0x00000000d5f06c00) 
thrown [s\src\hotspot\share\prims\jni.cpp, line 520]
Event: 12.453 Thread 0x0000019b93a27cb0 Exception <a 'sun/nio/fs/WindowsException'{0x00000000d5f09d48}> (0x00000000d5f09d48) 
thrown [s\src\hotspot\share\prims\jni.cpp, line 520]
Event: 12.453 Thread 0x0000019b93a27cb0 Exception <a 'sun/nio/fs/WindowsException'{0x00000000d5f0a2f8}> (0x00000000d5f0a2f8) 
thrown [s\src\hotspot\share\prims\jni.cpp, line 520]
Event: 12.453 Thread 0x0000019b93a27cb0 Exception <a 'sun/nio/fs/WindowsException'{0x00000000d5f0a8a8}> (0x00000000d5f0a8a8) 
thrown [s\src\hotspot\share\prims\jni.cpp, line 520]
Event: 12.453 Thread 0x0000019b93a27cb0 Exception <a 'sun/nio/fs/WindowsException'{0x00000000d5f0ae78}> (0x00000000d5f0ae78) 
thrown [s\src\hotspot\share\prims\jni.cpp, line 520]
Event: 12.454 Thread 0x0000019b93a27cb0 Exception <a 'sun/nio/fs/WindowsException'{0x00000000d5f0e808}> (0x00000000d5f0e808) 
thrown [s\src\hotspot\share\prims\jni.cpp, line 520]
Event: 12.454 Thread 0x0000019b93a27cb0 Exception <a 'sun/nio/fs/WindowsException'{0x00000000d5f0edf8}> (0x00000000d5f0edf8) 
thrown [s\src\hotspot\share\prims\jni.cpp, line 520]
Event: 12.454 Thread 0x0000019b93a27cb0 Exception <a 'sun/nio/fs/WindowsException'{0x00000000d5f0f3e8}> (0x00000000d5f0f3e8) 
thrown [s\src\hotspot\share\prims\jni.cpp, line 520]
Event: 12.454 Thread 0x0000019b93a27cb0 Exception <a 'sun/nio/fs/WindowsException'{0x00000000d5f0f9f0}> (0x00000000d5f0f9f0) 
thrown [s\src\hotspot\share\prims\jni.cpp, line 520]
Event: 12.456 Thread 0x0000019b93a27cb0 Exception <a 'sun/nio/fs/WindowsException'{0x00000000d5f15db8}> (0x00000000d5f15db8) 
thrown [s\src\hotspot\share\prims\jni.cpp, line 520]
Event: 12.456 Thread 0x0000019b93a27cb0 Exception <a 'sun/nio/fs/WindowsException'{0x00000000d5f163e8}> (0x00000000d5f163e8) 
thrown [s\src\hotspot\share\prims\jni.cpp, line 520]
Event: 12.456 Thread 0x0000019b93a27cb0 Exception <a 'sun/nio/fs/WindowsException'{0x00000000d5f16a18}> (0x00000000d5f16a18) 
thrown [s\src\hotspot\share\prims\jni.cpp, line 520]
Event: 12.456 Thread 0x0000019b93a27cb0 Exception <a 'sun/nio/fs/WindowsException'{0x00000000d5f17348}> (0x00000000d5f17348) 
thrown [s\src\hotspot\share\prims\jni.cpp, line 520]

ZGC Phase Switch (0 events):
No events

VM Operations (20 events):
Event: 9.458 Executing safepoint VM operation: ParallelGCFailedAllocation (Allocation Failure)
Event: 9.465 Executing safepoint VM operation: ParallelGCFailedAllocation (Allocation Failure) done
Event: 9.715 Executing non-safepoint VM operation: HandshakeAllThreads (Deoptimize)
Event: 9.716 Executing non-safepoint VM operation: HandshakeAllThreads (Deoptimize) done
Event: 10.009 Executing non-safepoint VM operation: HandshakeAllThreads (Deoptimize)
Event: 10.010 Executing non-safepoint VM operation: HandshakeAllThreads (Deoptimize) done
Event: 10.142 Executing safepoint VM operation: ParallelGCFailedAllocation (Allocation Failure)
Event: 10.147 Executing safepoint VM operation: ParallelGCFailedAllocation (Allocation Failure) done
Event: 10.317 Executing non-safepoint VM operation: HandshakeAllThreads (Deoptimize)
Event: 10.317 Executing non-safepoint VM operation: HandshakeAllThreads (Deoptimize) done
Event: 10.905 Executing non-safepoint VM operation: HandshakeAllThreads (Deoptimize)
Event: 10.905 Executing non-safepoint VM operation: HandshakeAllThreads (Deoptimize) done
Event: 10.915 Executing safepoint VM operation: ParallelGCFailedAllocation (Allocation Failure)
Event: 10.919 Executing safepoint VM operation: ParallelGCFailedAllocation (Allocation Failure) done
Event: 11.853 Executing safepoint VM operation: ICBufferFull
Event: 11.853 Executing safepoint VM operation: ICBufferFull done
Event: 11.936 Executing safepoint VM operation: ParallelGCFailedAllocation (Allocation Failure)
Event: 11.937 Executing safepoint VM operation: ParallelGCFailedAllocation (Allocation Failure) done
Event: 11.937 Executing safepoint VM operation: ParallelGCSystemGC (GCLocker Initiated GC)
Event: 11.941 Executing safepoint VM operation: ParallelGCSystemGC (GCLocker Initiated GC) done

Memory protections (0 events):
No events

Nmethod flushes (20 events):
Event: 8.249 Thread 0x0000019b34912c80 flushing  nmethod 0x0000019b38045910
Event: 8.249 Thread 0x0000019b34912c80 flushing  nmethod 0x0000019b380a3010
Event: 8.249 Thread 0x0000019b34912c80 flushing  nmethod 0x0000019b380b6290
Event: 8.249 Thread 0x0000019b34912c80 flushing  nmethod 0x0000019b380e8490
Event: 8.249 Thread 0x0000019b34912c80 flushing  nmethod 0x0000019b380efd90
Event: 8.249 Thread 0x0000019b34912c80 flushing  nmethod 0x0000019b3813ea90
Event: 8.249 Thread 0x0000019b34912c80 flushing  nmethod 0x0000019b3814f210
Event: 8.249 Thread 0x0000019b34912c80 flushing  nmethod 0x0000019b3818ff10
Event: 8.249 Thread 0x0000019b34912c80 flushing  nmethod 0x0000019b381c8a90
Event: 8.249 Thread 0x0000019b34912c80 flushing  nmethod 0x0000019b381c9f10
Event: 8.249 Thread 0x0000019b34912c80 flushing  nmethod 0x0000019b381ca810
Event: 8.249 Thread 0x0000019b34912c80 flushing  nmethod 0x0000019b381cba10
Event: 8.249 Thread 0x0000019b34912c80 flushing  nmethod 0x0000019b381cc210
Event: 8.249 Thread 0x0000019b34912c80 flushing  nmethod 0x0000019b381cd310
Event: 8.249 Thread 0x0000019b34912c80 flushing  nmethod 0x0000019b381cfe10
Event: 8.249 Thread 0x0000019b34912c80 flushing  nmethod 0x0000019b381d0f90
Event: 8.249 Thread 0x0000019b34912c80 flushing  nmethod 0x0000019b38268010
Event: 8.249 Thread 0x0000019b34912c80 flushing  nmethod 0x0000019b382d7190
Event: 8.249 Thread 0x0000019b34912c80 flushing  nmethod 0x0000019b382d7610
Event: 8.249 Thread 0x0000019b34912c80 flushing  nmethod 0x0000019b382e8e90

Events (20 events):
Event: 8.141 Thread 0x0000019b3252ae00 Thread added: 0x0000019b961970d0
Event: 8.142 Thread 0x0000019b3252ae00 Thread added: 0x0000019b96197760
Event: 8.142 Thread 0x0000019b3252ae00 Thread added: 0x0000019b96195000
Event: 8.143 Thread 0x0000019b3252ae00 Thread added: 0x0000019b96194970
Event: 8.148 Thread 0x0000019b3252ae00 Thread added: 0x0000019b961942e0
Event: 8.149 Thread 0x0000019b3252ae00 Thread added: 0x0000019b96198b10
Event: 8.199 Thread 0x0000019b3252ae00 Thread added: 0x0000019b9619a550
Event: 9.072 Thread 0x0000019b93a296f0 Thread added: 0x0000019b96199830
Event: 9.073 Thread 0x0000019b93a296f0 Thread added: 0x0000019b9619abe0
Event: 9.073 Thread 0x0000019b96199830 Thread added: 0x0000019b9619b270
Event: 9.074 Thread 0x0000019b9619abe0 Thread added: 0x0000019b96197df0
Event: 9.085 Thread 0x0000019b9619b270 Thread added: 0x0000019b96198480
Event: 9.087 Thread 0x0000019b96197df0 Thread added: 0x0000019b96199ec0
Event: 9.103 Thread 0x0000019b96199ec0 Thread added: 0x0000019b961991a0
Event: 9.104 Thread 0x0000019b96198480 Thread added: 0x0000019b957194c0
Event: 9.105 Thread 0x0000019b961991a0 Thread added: 0x0000019b957187a0
Event: 9.107 Thread 0x0000019b957194c0 Thread added: 0x0000019b95718110
Event: 9.120 Thread 0x0000019b3252ae00 Thread added: 0x0000019b95718e30
Event: 9.121 Thread 0x0000019b3252ae00 Thread added: 0x0000019b95716040
Event: 9.161 Thread 0x0000019b95718110 Thread added: 0x0000019b95716d60


Dynamic libraries:
0x00007ff6098c0000 - 0x00007ff6098ce000 	c:\Users\kalra\.vscode\extensions\redhat.java-1.53.0-win32-x64\jre\21.0.10-win32-x86_64\bin\java.exe
0x00007ff8b4ac0000 - 0x00007ff8b4d27000 	C:\WINDOWS\SYSTEM32\ntdll.dll
0x00007ff8b2bb0000 - 0x00007ff8b2c79000 	C:\WINDOWS\System32\KERNEL32.DLL
0x00007ff8b1580000 - 0x00007ff8b1971000 	C:\WINDOWS\System32\KERNELBASE.dll
0x00007ff8b22b0000 - 0x00007ff8b23fb000 	C:\WINDOWS\System32\ucrtbase.dll
0x00007ff86c6d0000 - 0x00007ff86c6e8000 	c:\Users\kalra\.vscode\extensions\redhat.java-1.53.0-win32-x64\jre\21.0.10-win32-x86_64\bin\jli.dll
0x00007ff8b4420000 - 0x00007ff8b45e5000 	C:\WINDOWS\System32\USER32.dll
0x00007ff8b1980000 - 0x00007ff8b19a7000 	C:\WINDOWS\System32\win32u.dll
0x00007ff8b3f40000 - 0x00007ff8b3f6b000 	C:\WINDOWS\System32\GDI32.dll
0x00007ff8b13a0000 - 0x00007ff8b14cb000 	C:\WINDOWS\System32\gdi32full.dll
0x00007ff8b14d0000 - 0x00007ff8b1573000 	C:\WINDOWS\System32\msvcp_win.dll
0x00007ff86c720000 - 0x00007ff86c73e000 	c:\Users\kalra\.vscode\extensions\redhat.java-1.53.0-win32-x64\jre\21.0.10-win32-x86_64\bin\VCRUNTIME140.dll
0x00007ff89a420000 - 0x00007ff89a6b3000 	C:\WINDOWS\WinSxS\amd64_microsoft.windows.common-controls_6595b64144ccf1df_6.0.26100.8037_none_3e092faae333b53b\COMCTL32.dll
0x00007ff8b3f70000 - 0x00007ff8b4019000 	C:\WINDOWS\System32\msvcrt.dll
0x00007ff8b4870000 - 0x00007ff8b48a1000 	C:\WINDOWS\System32\IMM32.DLL
0x00007ff89d450000 - 0x00007ff89d45c000 	c:\Users\kalra\.vscode\extensions\redhat.java-1.53.0-win32-x64\jre\21.0.10-win32-x86_64\bin\vcruntime140_1.dll
0x00007ff833dc0000 - 0x00007ff833e4d000 	c:\Users\kalra\.vscode\extensions\redhat.java-1.53.0-win32-x64\jre\21.0.10-win32-x86_64\bin\msvcp140.dll
0x00007ff818940000 - 0x00007ff8196e1000 	c:\Users\kalra\.vscode\extensions\redhat.java-1.53.0-win32-x64\jre\21.0.10-win32-x86_64\bin\server\jvm.dll
0x00007ff8b4780000 - 0x00007ff8b483b000 	C:\WINDOWS\System32\ADVAPI32.dll
0x00007ff8b3630000 - 0x00007ff8b36d7000 	C:\WINDOWS\System32\sechost.dll
0x00007ff8b2d40000 - 0x00007ff8b2e58000 	C:\WINDOWS\System32\RPCRT4.dll
0x00007ff8b2e60000 - 0x00007ff8b2ed4000 	C:\WINDOWS\System32\WS2_32.dll
0x00007ff8b1200000 - 0x00007ff8b125e000 	C:\WINDOWS\SYSTEM32\POWRPROF.dll
0x00007ff8aa600000 - 0x00007ff8aa60b000 	C:\WINDOWS\SYSTEM32\VERSION.dll
0x00007ff8aa610000 - 0x00007ff8aa645000 	C:\WINDOWS\SYSTEM32\WINMM.dll
0x00007ff8b11e0000 - 0x00007ff8b11f4000 	C:\WINDOWS\SYSTEM32\UMPDC.dll
0x00007ff8b0130000 - 0x00007ff8b014b000 	C:\WINDOWS\SYSTEM32\kernel.appcore.dll
0x00007ff89d410000 - 0x00007ff89d41a000 	c:\Users\kalra\.vscode\extensions\redhat.java-1.53.0-win32-x64\jre\21.0.10-win32-x86_64\bin\jimage.dll
0x00007ff8a5b80000 - 0x00007ff8a5dc2000 	C:\WINDOWS\SYSTEM32\DBGHELP.DLL
0x00007ff8b4080000 - 0x00007ff8b4402000 	C:\WINDOWS\System32\combase.dll
0x00007ff8b3550000 - 0x00007ff8b3627000 	C:\WINDOWS\System32\OLEAUT32.dll
0x00007ff895010000 - 0x00007ff89504b000 	C:\WINDOWS\SYSTEM32\dbgcore.DLL
0x00007ff8b2400000 - 0x00007ff8b24a5000 	C:\WINDOWS\System32\bcryptPrimitives.dll
0x00007ff89d460000 - 0x00007ff89d46f000 	c:\Users\kalra\.vscode\extensions\redhat.java-1.53.0-win32-x64\jre\21.0.10-win32-x86_64\bin\instrument.dll
0x00007ff867940000 - 0x00007ff867960000 	c:\Users\kalra\.vscode\extensions\redhat.java-1.53.0-win32-x64\jre\21.0.10-win32-x86_64\bin\java.dll
0x00007ff8b37d0000 - 0x00007ff8b3f2f000 	C:\WINDOWS\System32\SHELL32.dll
0x00007ff8b26f0000 - 0x00007ff8b285a000 	C:\WINDOWS\System32\wintypes.dll
0x00007ff8b19b0000 - 0x00007ff8b2214000 	C:\WINDOWS\System32\windows.storage.dll
0x00007ff8b4980000 - 0x00007ff8b4a77000 	C:\WINDOWS\System32\SHCORE.dll
0x00007ff8b36e0000 - 0x00007ff8b3747000 	C:\WINDOWS\System32\shlwapi.dll
0x00007ff8b12c0000 - 0x00007ff8b12e9000 	C:\WINDOWS\SYSTEM32\profapi.dll
0x00007ff837d70000 - 0x00007ff837d88000 	c:\Users\kalra\.vscode\extensions\redhat.java-1.53.0-win32-x64\jre\21.0.10-win32-x86_64\bin\zip.dll
0x00007ff868c10000 - 0x00007ff868c20000 	C:\Users\kalra\.vscode\extensions\redhat.java-1.53.0-win32-x64\jre\21.0.10-win32-x86_64\bin\net.dll
0x00007ff8aa810000 - 0x00007ff8aa937000 	C:\WINDOWS\SYSTEM32\WINHTTP.dll
0x00007ff8b06a0000 - 0x00007ff8b070b000 	C:\WINDOWS\system32\mswsock.dll
0x00007ff835710000 - 0x00007ff835726000 	C:\Users\kalra\.vscode\extensions\redhat.java-1.53.0-win32-x64\jre\21.0.10-win32-x86_64\bin\nio.dll
0x00007ff89d430000 - 0x00007ff89d440000 	c:\Users\kalra\.vscode\extensions\redhat.java-1.53.0-win32-x64\jre\21.0.10-win32-x86_64\bin\verify.dll
0x00007ff882400000 - 0x00007ff882445000 	C:\Users\kalra\AppData\Roaming\Code\User\globalStorage\redhat.java\1.53.0\config_win\org.eclipse.equinox.launcher\org.eclipse.equinox.launcher.win32.win32.x86_64_1.3.0.v20260203-2149\eclipse_11919.dll
0x00007ff8b2a10000 - 0x00007ff8b2ba5000 	C:\WINDOWS\System32\ole32.dll
0x00007ff8b0980000 - 0x00007ff8b099b000 	C:\WINDOWS\SYSTEM32\CRYPTSP.dll
0x00007ff8b0090000 - 0x00007ff8b00c9000 	C:\WINDOWS\system32\rsaenh.dll
0x00007ff8b0750000 - 0x00007ff8b0782000 	C:\WINDOWS\SYSTEM32\USERENV.dll
0x00007ff8b1290000 - 0x00007ff8b12ba000 	C:\WINDOWS\SYSTEM32\bcrypt.dll
0x00007ff8b09a0000 - 0x00007ff8b09ac000 	C:\WINDOWS\SYSTEM32\CRYPTBASE.dll
0x00007ff8afb20000 - 0x00007ff8afb53000 	C:\WINDOWS\SYSTEM32\IPHLPAPI.DLL
0x00007ff8b45f0000 - 0x00007ff8b45fa000 	C:\WINDOWS\System32\NSI.dll
0x00007ff83f330000 - 0x00007ff83f379000 	C:\Users\kalra\AppData\Local\Temp\jna-101813893\jna9626611106258902908.dll
0x00007ff8b2c80000 - 0x00007ff8b2c88000 	C:\WINDOWS\System32\PSAPI.DLL
0x00007ff8ac410000 - 0x00007ff8ac42d000 	C:\WINDOWS\SYSTEM32\dhcpcsvc6.DLL
0x00007ff8ac300000 - 0x00007ff8ac323000 	C:\WINDOWS\SYSTEM32\dhcpcsvc.DLL

JVMTI agents:
c:\Users\kalra\.vscode\extensions\redhat.java-1.53.0-win32-x64\lombok\lombok-1.18.39-4050.jar path:c:\Users\kalra\.vscode\extensions\redhat.java-1.53.0-win32-x64\jre\21.0.10-win32-x86_64\bin\instrument.dll, loaded, initialized, instrumentlib options:none

dbghelp: loaded successfully - version: 4.0.5 - missing functions: none
symbol engine: initialized successfully - sym options: 0x614 - pdb path: .;c:\Users\kalra\.vscode\extensions\redhat.java-1.53.0-win32-x64\jre\21.0.10-win32-x86_64\bin;C:\WINDOWS\SYSTEM32;C:\WINDOWS\WinSxS\amd64_microsoft.windows.common-controls_6595b64144ccf1df_6.0.26100.8037_none_3e092faae333b53b;c:\Users\kalra\.vscode\extensions\redhat.java-1.53.0-win32-x64\jre\21.0.10-win32-x86_64\bin\server;C:\Users\kalra\AppData\Roaming\Code\User\globalStorage\redhat.java\1.53.0\config_win\org.eclipse.equinox.launcher\org.eclipse.equinox.launcher.win32.win32.x86_64_1.3.0.v20260203-2149;C:\Users\kalra\AppData\Local\Temp\jna-101813893

VM Arguments:
jvm_args: --add-modules=ALL-SYSTEM --add-opens=java.base/java.util=ALL-UNNAMED --add-opens=java.base/java.lang=ALL-UNNAMED --add-opens=java.base/sun.nio.fs=ALL-UNNAMED -Declipse.application=org.eclipse.jdt.ls.core.id1 -Dosgi.bundles.defaultStartLevel=4 -Declipse.product=org.eclipse.jdt.ls.core.product -Djava.import.generatesMetadataFilesAtProjectRoot=false -DDetectVMInstallationsJob.disabled=true -Dfile.encoding=utf8 -XX:+UseParallelGC -XX:GCTimeRatio=4 -XX:AdaptiveSizePolicyWeight=90 -Dsun.zip.disableMemoryMapping=true -Xmx2G -Xms100m -Xlog:disable -javaagent:c:\Users\kalra\.vscode\extensions\redhat.java-1.53.0-win32-x64\lombok\lombok-1.18.39-4050.jar -XX:+HeapDumpOnOutOfMemoryError -XX:HeapDumpPath=c:\Users\kalra\AppData\Roaming\Code\User\workspaceStorage\4fda5c3b26c15e0cb27154c0e992db6d\redhat.java -Daether.dependencyCollector.impl=bf 
java_command: c:\Users\kalra\.vscode\extensions\redhat.java-1.53.0-win32-x64\server\plugins\org.eclipse.equinox.launcher_1.7.100.v20251111-0406.jar -configuration c:\Users\kalra\AppData\Roaming\Code\User\globalStorage\redhat.java\1.53.0\config_win -data c:\Users\kalra\AppData\Roaming\Code\User\workspaceStorage\4fda5c3b26c15e0cb27154c0e992db6d\redhat.java\jdt_ws --pipe=\\.\pipe\lsp-01f79fab4a6b27a7643a03e50c23fbd9-sock
java_class_path (initial): c:\Users\kalra\.vscode\extensions\redhat.java-1.53.0-win32-x64\server\plugins\org.eclipse.equinox.launcher_1.7.100.v20251111-0406.jar
Launcher Type: SUN_STANDARD

[Global flags]
    uintx AdaptiveSizePolicyWeight                 = 90                                        {product} {command line}
     intx CICompilerCount                          = 4                                         {product} {ergonomic}
    uintx GCTimeRatio                              = 4                                         {product} {command line}
     bool HeapDumpOnOutOfMemoryError               = true                                   {manageable} {command line}
    ccstr HeapDumpPath                             = c:\Users\kalra\AppData\Roaming\Code\User\workspaceStorage\4fda5c3b26c15e0cb27154c0e992db6d\redhat.java         {manageable} {command line}
   size_t InitialHeapSize                          = 104857600                                 {product} {command line}
   size_t MaxHeapSize                              = 2147483648                                {product} {command line}
   size_t MaxNewSize                               = 715653120                                 {product} {ergonomic}
   size_t MinHeapDeltaBytes                        = 524288                                    {product} {ergonomic}
   size_t MinHeapSize                              = 104857600                                 {product} {command line}
   size_t NewSize                                  = 34603008                                  {product} {ergonomic}
    uintx NonNMethodCodeHeapSize                   = 5839372                                {pd product} {ergonomic}
    uintx NonProfiledCodeHeapSize                  = 122909434                              {pd product} {ergonomic}
   size_t OldSize                                  = 70254592                                  {product} {ergonomic}
    uintx ProfiledCodeHeapSize                     = 122909434                              {pd product} {ergonomic}
    uintx ReservedCodeCacheSize                    = 251658240                              {pd product} {ergonomic}
     bool SegmentedCodeCache                       = true                                      {product} {ergonomic}
   size_t SoftMaxHeapSize                          = 2147483648                             {manageable} {ergonomic}
     bool UseCompressedOops                        = true                           {product lp64_product} {ergonomic}
     bool UseLargePagesIndividualAllocation        = false                                  {pd product} {ergonomic}
     bool UseParallelGC                            = true                                      {product} {command line}

Logging:
Log output configuration:
 #0: stdout all=off uptime,level,tags foldmultilines=false
 #1: stderr all=off uptime,level,tags foldmultilines=false

Release file:
JAVA_VERSION="21.0.10" 
MODULES="java.base java.compiler java.datatransfer java.xml java.prefs java.desktop java.instrument java.logging java.management java.security.sasl java.naming java.rmi java.management.rmi java.net.http java.scripting java.security.jgss java.transaction.xa java.sql java.sql.rowset java.xml.crypto java.se java.smartcardio jdk.accessibility jdk.internal.jvmstat jdk.attach jdk.charsets jdk.internal.opt jdk.zipfs jdk.compiler jdk.crypto.ec jdk.crypto.cryptoki jdk.crypto.mscapi jdk.dynalink jdk.internal.ed jdk.editpad jdk.hotspot.agent jdk.httpserver jdk.internal.le jdk.internal.vm.ci jdk.internal.vm.compiler jdk.internal.vm.compiler.management jdk.jartool jdk.javadoc jdk.jcmd jdk.management jdk.management.agent jdk.jconsole jdk.jdeps jdk.jdwp.agent jdk.jdi jdk.jfr jdk.jshell jdk.jsobject jdk.jstatd jdk.localedata jdk.management.jfr jdk.naming.dns jdk.naming.rmi jdk.net jdk.nio.mapmode jdk.random jdk.sctp jdk.security.auth jdk.security.jgss jdk.unsupported jdk.unsupported.desktop jdk.xml.dom" 

Environment Variables:
PATH=C:\Users\kalra\AppData\Local\Programs\Microsoft VS Code;C:\Python314\Scripts\;C:\Python314\;C:\Program Files\nodejs\;C:\ProgramData\chocolatey\bin;D:\Git\cmd;C:\Users\kalra\AppData\Local\Programs\Python\Python313\Scripts\;C:\Users\kalra\AppData\Local\Programs\Python\Python313\;C:\Program Files\MySQL\MySQL Shell 8.0\bin\;C:\Users\kalra\AppData\Local\Programs\Python\Python312\Scripts\;C:\Users\kalra\AppData\Local\Programs\Python\Python312\;C:\Users\kalra\AppData\Local\Microsoft\WindowsApps;C:\Users\kalra\AppData\Local\Programs\Microsoft VS Code\bin;C:\Program Files\Azure Data Studio\bin;%JAVA_HOME%\bin;C:\Program Files\Maven\apache-maven-3.9.11\bin;C:\Program Files\MySQL\MySQL Server 8.0\bin;C:\Users\kalra\AppData\Roaming\npm;C:\Users\kalra\Downloads\flutter_windows_3.41.4-stable\flutter\bin;C:\Windows\System32;C:\Program Files\Git\cmd;C:\Windows\System32\WindowsPowerShell\v1.0\;
USERNAME=kalra
OS=Windows_NT
PROCESSOR_IDENTIFIER=AMD64 Family 23 Model 104 Stepping 1, AuthenticAMD
TMP=C:\Users\kalra\AppData\Local\Temp
TEMP=C:\Users\kalra\AppData\Local\Temp




Periodic native trim disabled

---------------  S Y S T E M  ---------------

OS:
 Windows 11 , 64 bit Build 26100 (10.0.26100.7920)
OS uptime: 0 days 13:36 hours
Hyper-V role detected

CPU: total 12 (initial active 12) (12 cores per cpu, 2 threads per core) family 23 model 104 stepping 1 microcode 0x8608107, cx8, cmov, fxsr, ht, mmx, 3dnowpref, sse, sse2, sse3, ssse3, sse4a, sse4.1, sse4.2, popcnt, lzcnt, tsc, tscinvbit, avx, avx2, aes, clmul, bmi1, bmi2, adx, sha, fma, vzeroupper, clflush, clflushopt, hv, rdtscp, rdpid, f16c
Processor Information for the first 12 processors :
  Max Mhz: 2100, Current Mhz: 2100, Mhz Limit: 2100

Memory: 4k page, system-wide physical 7501M (647M free)
TotalPageFile size 16264M (AvailPageFile size 5M)
current process WorkingSet (physical memory assigned to process): 248M, peak: 253M
current process commit charge ("private bytes"): 360M, peak: 365M

vm_info: OpenJDK 64-Bit Server VM (21.0.10+7-LTS) for windows-amd64 JRE (21.0.10+7-LTS), built on 2026-01-20T00:00:00Z by "admin" with MS VC++ 17.12 (VS2022)

END.
