#
# There is insufficient memory for the Java Runtime Environment to continue.
# Native memory allocation (malloc) failed to allocate 1062656 bytes. Error detail: Chunk::new
# Possible reasons:
#   The system is out of physical RAM or swap space
#   This process is running with CompressedOops enabled, and the Java Heap may be blocking the growth of the native heap
# Possible solutions:
#   Reduce memory load on the system
#   Increase physical memory or swap space
#   Check if swap backing store is full
#   Decrease Java heap size (-Xmx/-Xms)
#   Decrease number of Java threads
#   Decrease Java thread stack sizes (-Xss)
#   Set larger code cache with -XX:ReservedCodeCacheSize=
#   JVM is running with Unscaled Compressed Oops mode in which the Java heap is
#     placed in the first 4GB address space. The Java Heap base address is the
#     maximum limit for the native heap growth. Please use -XX:HeapBaseMinAddress
#     to set the Java Heap base and to place the Java Heap above 4GB virtual address.
# This output file may be truncated or incomplete.
#
#  Out of Memory Error (arena.cpp:168), pid=14580, tid=16032
#
# JRE version: OpenJDK Runtime Environment Temurin-21.0.10+7 (21.0.10+7) (build 21.0.10+7-LTS)
# Java VM: OpenJDK 64-Bit Server VM Temurin-21.0.10+7 (21.0.10+7-LTS, mixed mode, sharing, tiered, compressed oops, compressed class ptrs, parallel gc, windows-amd64)
# No core dump will be written. Minidumps are not enabled by default on client versions of Windows
#

---------------  S U M M A R Y ------------

Command Line: --add-modules=ALL-SYSTEM --add-opens=java.base/java.util=ALL-UNNAMED --add-opens=java.base/java.lang=ALL-UNNAMED --add-opens=java.base/sun.nio.fs=ALL-UNNAMED -Declipse.application=org.eclipse.jdt.ls.core.id1 -Dosgi.bundles.defaultStartLevel=4 -Declipse.product=org.eclipse.jdt.ls.core.product -Djava.import.generatesMetadataFilesAtProjectRoot=false -DDetectVMInstallationsJob.disabled=true -Dfile.encoding=utf8 -XX:+UseParallelGC -XX:GCTimeRatio=4 -XX:AdaptiveSizePolicyWeight=90 -Dsun.zip.disableMemoryMapping=true -Xmx2G -Xms100m -Xlog:disable -javaagent:c:\Users\kalra\.vscode\extensions\redhat.java-1.53.0-win32-x64\lombok\lombok-1.18.39-4050.jar -XX:+HeapDumpOnOutOfMemoryError -XX:HeapDumpPath=c:\Users\kalra\AppData\Roaming\Code\User\workspaceStorage\4fda5c3b26c15e0cb27154c0e992db6d\redhat.java -Daether.dependencyCollector.impl=bf c:\Users\kalra\.vscode\extensions\redhat.java-1.53.0-win32-x64\server\plugins\org.eclipse.equinox.launcher_1.7.100.v20251111-0406.jar -configuration c:\Users\kalra\AppData\Roaming\Code\User\globalStorage\redhat.java\1.53.0\config_win -data c:\Users\kalra\AppData\Roaming\Code\User\workspaceStorage\4fda5c3b26c15e0cb27154c0e992db6d\redhat.java\jdt_ws --pipe=\\.\pipe\lsp-3ee6390a3937a7df1def96cb78d04ef7-sock

Host: AMD Ryzen 5 5500U with Radeon Graphics         , 12 cores, 7G,  Windows 11 , 64 bit Build 26100 (10.0.26100.7920)
Time: Thu Mar 26 20:37:46 2026 India Standard Time elapsed time: 96.124814 seconds (0d 0h 1m 36s)

---------------  T H R E A D  ---------------

Current thread (0x0000020371e0ee60):  JavaThread "C2 CompilerThread1" daemon [_thread_in_native, id=16032, stack(0x0000009b6ca00000,0x0000009b6cb00000) (1024K)]


Current CompileTask:
C2:96124 13322   !   4       org.eclipse.jdt.internal.compiler.classfmt.ClassFileReader::<init> (1968 bytes)

Stack: [0x0000009b6ca00000,0x0000009b6cb00000]
Native frames: (J=compiled Java code, j=interpreted, Vv=VM code, C=native code)
V  [jvm.dll+0x6d7a39]
V  [jvm.dll+0x8b4b26]
V  [jvm.dll+0x8b70de]
V  [jvm.dll+0x8b77c3]
V  [jvm.dll+0x284346]
V  [jvm.dll+0xc66ed]
V  [jvm.dll+0xc6c31]
V  [jvm.dll+0x2fb29e]
V  [jvm.dll+0x5fe884]
V  [jvm.dll+0x255b17]
V  [jvm.dll+0x255edd]
V  [jvm.dll+0x24e500]
V  [jvm.dll+0x24ba42]
V  [jvm.dll+0x1cb34e]
V  [jvm.dll+0x25b85d]
V  [jvm.dll+0x259dea]
V  [jvm.dll+0x3f857e]
V  [jvm.dll+0x85f59d]
V  [jvm.dll+0x6d626d]
C  [ucrtbase.dll+0x37b0]
C  [KERNEL32.DLL+0x2e8d7]
C  [ntdll.dll+0x8c48c]


---------------  P R O C E S S  ---------------

Threads class SMR info:
_java_thread_list=0x0000020371ddc710, length=55, elements={
0x000002030ed6a060, 0x000002031110bb80, 0x000002031110caa0, 0x0000020311207ea0,
0x0000020311209d90, 0x000002031120fe10, 0x0000020311213d40, 0x0000020369f1a040,
0x000002031121e180, 0x000002036a176f70, 0x000002036f0cbd50, 0x000002036f804fb0,
0x000002036f8346c0, 0x000002036f2b80e0, 0x000002036f8f3520, 0x000002036fa88c40,
0x000002036f97d800, 0x0000020370031240, 0x000002036f4868e0, 0x000002036f485530,
0x000002036f485bc0, 0x000002036f486250, 0x0000020370f81a60, 0x0000020370f82780,
0x0000020370f83b30, 0x0000020370f813d0, 0x0000020370f84850, 0x0000020370f84ee0,
0x0000020370f841c0, 0x0000020370f85570, 0x0000020370f82e10, 0x0000020370f834a0,
0x0000020370f820f0, 0x0000020370f87cd0, 0x0000020370f86fb0, 0x0000020370f86290,
0x0000020370f88360, 0x0000020370f87640, 0x0000020370f889f0, 0x0000020370f86920,
0x000002036fc31820, 0x000002036fc32540, 0x000002036fc338f0, 0x000002036fc33260,
0x000002036fc34ca0, 0x000002036fc33f80, 0x000002036fc32bd0, 0x000002036fc34610,
0x000002036fc35330, 0x000002036fc31eb0, 0x000002036fc38e40, 0x000002036fc387b0,
0x0000020373eeea40, 0x0000020371e0ee60, 0x0000020371e0d9f0
}

Java Threads: ( => current thread )
  0x000002030ed6a060 JavaThread "main"                              [_thread_blocked, id=18036, stack(0x0000009b6cd00000,0x0000009b6ce00000) (1024K)]
  0x000002031110bb80 JavaThread "Reference Handler"          daemon [_thread_blocked, id=584, stack(0x0000009b6d100000,0x0000009b6d200000) (1024K)]
  0x000002031110caa0 JavaThread "Finalizer"                  daemon [_thread_blocked, id=11292, stack(0x0000009b6d200000,0x0000009b6d300000) (1024K)]
  0x0000020311207ea0 JavaThread "Signal Dispatcher"          daemon [_thread_blocked, id=25724, stack(0x0000009b6d300000,0x0000009b6d400000) (1024K)]
  0x0000020311209d90 JavaThread "Attach Listener"            daemon [_thread_blocked, id=3400, stack(0x0000009b6d400000,0x0000009b6d500000) (1024K)]
  0x000002031120fe10 JavaThread "Service Thread"             daemon [_thread_blocked, id=20132, stack(0x0000009b6d500000,0x0000009b6d600000) (1024K)]
  0x0000020311213d40 JavaThread "Monitor Deflation Thread"   daemon [_thread_blocked, id=16768, stack(0x0000009b6d600000,0x0000009b6d700000) (1024K)]
  0x0000020369f1a040 JavaThread "C2 CompilerThread0"         daemon [_thread_in_native, id=24564, stack(0x0000009b6d700000,0x0000009b6d800000) (1024K)]
  0x000002031121e180 JavaThread "C1 CompilerThread0"         daemon [_thread_blocked, id=15772, stack(0x0000009b6d800000,0x0000009b6d900000) (1024K)]
  0x000002036a176f70 JavaThread "Common-Cleaner"             daemon [_thread_blocked, id=9372, stack(0x0000009b6da00000,0x0000009b6db00000) (1024K)]
  0x000002036f0cbd50 JavaThread "Notification Thread"        daemon [_thread_blocked, id=10432, stack(0x0000009b6db00000,0x0000009b6dc00000) (1024K)]
  0x000002036f804fb0 JavaThread "Active Thread: Equinox Container: 0ee12723-f831-4fee-a5b3-2745bacbef2f"        [_thread_blocked, id=10540, stack(0x0000009b6d900000,0x0000009b6da00000) (1024K)]
  0x000002036f8346c0 JavaThread "Refresh Thread: Equinox Container: 0ee12723-f831-4fee-a5b3-2745bacbef2f" daemon [_thread_blocked, id=12096, stack(0x0000009b6e400000,0x0000009b6e500000) (1024K)]
  0x000002036f2b80e0 JavaThread "Framework Event Dispatcher: Equinox Container: 0ee12723-f831-4fee-a5b3-2745bacbef2f" daemon [_thread_blocked, id=11132, stack(0x0000009b6e500000,0x0000009b6e600000) (1024K)]
  0x000002036f8f3520 JavaThread "Start Level: Equinox Container: 0ee12723-f831-4fee-a5b3-2745bacbef2f" daemon [_thread_blocked, id=18300, stack(0x0000009b6e300000,0x0000009b6e400000) (1024K)]
  0x000002036fa88c40 JavaThread "Bundle File Closer"         daemon [_thread_blocked, id=10848, stack(0x0000009b6e900000,0x0000009b6ea00000) (1024K)]
  0x000002036f97d800 JavaThread "SCR Component Actor"        daemon [_thread_blocked, id=13584, stack(0x0000009b6e600000,0x0000009b6e700000) (1024K)]
  0x0000020370031240 JavaThread "Worker-JM"                         [_thread_blocked, id=18176, stack(0x0000009b6eb00000,0x0000009b6ec00000) (1024K)]
  0x000002036f4868e0 JavaThread "JNA Cleaner"                daemon [_thread_blocked, id=19044, stack(0x0000009b6ea00000,0x0000009b6eb00000) (1024K)]
  0x000002036f485530 JavaThread "Worker-0"                          [_thread_blocked, id=9816, stack(0x0000009b6ec00000,0x0000009b6ed00000) (1024K)]
  0x000002036f485bc0 JavaThread "Worker-1"                          [_thread_blocked, id=7264, stack(0x0000009b6ed00000,0x0000009b6ee00000) (1024K)]
  0x000002036f486250 JavaThread "Worker-2"                          [_thread_blocked, id=9296, stack(0x0000009b6ef00000,0x0000009b6f000000) (1024K)]
  0x0000020370f81a60 JavaThread "Java indexing"              daemon [_thread_blocked, id=10784, stack(0x0000009b6f100000,0x0000009b6f200000) (1024K)]
  0x0000020370f82780 JavaThread "Worker-3"                          [_thread_blocked, id=23268, stack(0x0000009b6f400000,0x0000009b6f500000) (1024K)]
  0x0000020370f83b30 JavaThread "Worker-4"                          [_thread_blocked, id=27296, stack(0x0000009b6f500000,0x0000009b6f600000) (1024K)]
  0x0000020370f813d0 JavaThread "Thread-1"                   daemon [_thread_in_native, id=4080, stack(0x0000009b6f600000,0x0000009b6f700000) (1024K)]
  0x0000020370f84850 JavaThread "Thread-2"                   daemon [_thread_in_native, id=12440, stack(0x0000009b6f700000,0x0000009b6f800000) (1024K)]
  0x0000020370f84ee0 JavaThread "Thread-3"                   daemon [_thread_in_native, id=12680, stack(0x0000009b6f800000,0x0000009b6f900000) (1024K)]
  0x0000020370f841c0 JavaThread "Thread-4"                   daemon [_thread_in_native, id=3636, stack(0x0000009b6f900000,0x0000009b6fa00000) (1024K)]
  0x0000020370f85570 JavaThread "Thread-5"                   daemon [_thread_in_native, id=11916, stack(0x0000009b6fa00000,0x0000009b6fb00000) (1024K)]
  0x0000020370f82e10 JavaThread "Thread-6"                   daemon [_thread_in_native, id=488, stack(0x0000009b6fb00000,0x0000009b6fc00000) (1024K)]
  0x0000020370f834a0 JavaThread "Thread-7"                   daemon [_thread_in_native, id=12852, stack(0x0000009b6fc00000,0x0000009b6fd00000) (1024K)]
  0x0000020370f820f0 JavaThread "Thread-8"                   daemon [_thread_in_native, id=25104, stack(0x0000009b6fd00000,0x0000009b6fe00000) (1024K)]
  0x0000020370f87cd0 JavaThread "Thread-9"                   daemon [_thread_in_native, id=4220, stack(0x0000009b6fe00000,0x0000009b6ff00000) (1024K)]
  0x0000020370f86fb0 JavaThread "Thread-10"                  daemon [_thread_in_native, id=872, stack(0x0000009b6ff00000,0x0000009b70000000) (1024K)]
  0x0000020370f86290 JavaThread "Thread-11"                  daemon [_thread_in_native, id=16748, stack(0x0000009b70000000,0x0000009b70100000) (1024K)]
  0x0000020370f88360 JavaThread "Thread-12"                  daemon [_thread_in_native, id=27240, stack(0x0000009b70100000,0x0000009b70200000) (1024K)]
  0x0000020370f87640 JavaThread "Thread-13"                  daemon [_thread_in_native, id=14824, stack(0x0000009b70200000,0x0000009b70300000) (1024K)]
  0x0000020370f889f0 JavaThread "pool-2-thread-1"                   [_thread_blocked, id=7076, stack(0x0000009b70300000,0x0000009b70400000) (1024K)]
  0x0000020370f86920 JavaThread "WorkspaceEventsHandler"            [_thread_blocked, id=13128, stack(0x0000009b70500000,0x0000009b70600000) (1024K)]
  0x000002036fc31820 JavaThread "pool-1-thread-1"                   [_thread_blocked, id=22864, stack(0x0000009b70600000,0x0000009b70700000) (1024K)]
  0x000002036fc32540 JavaThread "ForkJoinPool.commonPool-worker-1" daemon [_thread_blocked, id=24012, stack(0x0000009b70700000,0x0000009b70800000) (1024K)]
  0x000002036fc338f0 JavaThread "ForkJoinPool.commonPool-worker-2" daemon [_thread_blocked, id=8836, stack(0x0000009b70800000,0x0000009b70900000) (1024K)]
  0x000002036fc33260 JavaThread "ForkJoinPool.commonPool-worker-3" daemon [_thread_blocked, id=420, stack(0x0000009b70900000,0x0000009b70a00000) (1024K)]
  0x000002036fc34ca0 JavaThread "ForkJoinPool.commonPool-worker-4" daemon [_thread_blocked, id=18844, stack(0x0000009b70a00000,0x0000009b70b00000) (1024K)]
  0x000002036fc33f80 JavaThread "ForkJoinPool.commonPool-worker-5" daemon [_thread_blocked, id=10912, stack(0x0000009b70b00000,0x0000009b70c00000) (1024K)]
  0x000002036fc32bd0 JavaThread "ForkJoinPool.commonPool-worker-6" daemon [_thread_blocked, id=23084, stack(0x0000009b70c00000,0x0000009b70d00000) (1024K)]
  0x000002036fc34610 JavaThread "ForkJoinPool.commonPool-worker-7" daemon [_thread_blocked, id=27184, stack(0x0000009b70d00000,0x0000009b70e00000) (1024K)]
  0x000002036fc35330 JavaThread "ForkJoinPool.commonPool-worker-8" daemon [_thread_blocked, id=13808, stack(0x0000009b70e00000,0x0000009b70f00000) (1024K)]
  0x000002036fc31eb0 JavaThread "ForkJoinPool.commonPool-worker-9" daemon [_thread_blocked, id=2620, stack(0x0000009b70f00000,0x0000009b71000000) (1024K)]
  0x000002036fc38e40 JavaThread "ForkJoinPool.commonPool-worker-10" daemon [_thread_blocked, id=4884, stack(0x0000009b71000000,0x0000009b71100000) (1024K)]
  0x000002036fc387b0 JavaThread "ForkJoinPool.commonPool-worker-11" daemon [_thread_blocked, id=16704, stack(0x0000009b71100000,0x0000009b71200000) (1024K)]
  0x0000020373eeea40 JavaThread "Cleaner-0"                  daemon [_thread_blocked, id=15756, stack(0x0000009b6f000000,0x0000009b6f100000) (1024K)]
=>0x0000020371e0ee60 JavaThread "C2 CompilerThread1"         daemon [_thread_in_native, id=16032, stack(0x0000009b6ca00000,0x0000009b6cb00000) (1024K)]
  0x0000020371e0d9f0 JavaThread "C2 CompilerThread2"         daemon [_thread_in_native, id=24876, stack(0x0000009b6cb00000,0x0000009b6cc00000) (1024K)]
Total: 55

Other Threads:
  0x00000203110f2c80 VMThread "VM Thread"                           [id=15444, stack(0x0000009b6d000000,0x0000009b6d100000) (1024K)]
  0x0000020310feca00 WatcherThread "VM Periodic Task Thread"        [id=6580, stack(0x0000009b6cf00000,0x0000009b6d000000) (1024K)]
  0x0000020311181be0 WorkerThread "GC Thread#0"                     [id=18816, stack(0x0000009b6ce00000,0x0000009b6cf00000) (1024K)]
  0x000002036f02a0a0 WorkerThread "GC Thread#1"                     [id=25760, stack(0x0000009b6dd00000,0x0000009b6de00000) (1024K)]
  0x000002036f3d0180 WorkerThread "GC Thread#2"                     [id=12988, stack(0x0000009b6de00000,0x0000009b6df00000) (1024K)]
  0x000002036f3d0530 WorkerThread "GC Thread#3"                     [id=18700, stack(0x0000009b6df00000,0x0000009b6e000000) (1024K)]
  0x000002036f6646f0 WorkerThread "GC Thread#4"                     [id=9616, stack(0x0000009b6e000000,0x0000009b6e100000) (1024K)]
  0x000002036f664aa0 WorkerThread "GC Thread#5"                     [id=11572, stack(0x0000009b6e100000,0x0000009b6e200000) (1024K)]
  0x000002036f6233a0 WorkerThread "GC Thread#6"                     [id=26392, stack(0x0000009b6e200000,0x0000009b6e300000) (1024K)]
  0x000002036f652dd0 WorkerThread "GC Thread#7"                     [id=5928, stack(0x0000009b6dc00000,0x0000009b6dd00000) (1024K)]
  0x000002036fe6b750 WorkerThread "GC Thread#8"                     [id=11412, stack(0x0000009b6e700000,0x0000009b6e800000) (1024K)]
  0x000002036fcd6120 WorkerThread "GC Thread#9"                     [id=21636, stack(0x0000009b6e800000,0x0000009b6e900000) (1024K)]
Total: 12

Threads with active compile tasks:
C2 CompilerThread0  96176 13337       4       org.eclipse.jdt.internal.compiler.lookup.ModuleBinding::getOrCreateDeclaredPackage (136 bytes)
C2 CompilerThread1  96176 13322   !   4       org.eclipse.jdt.internal.compiler.classfmt.ClassFileReader::<init> (1968 bytes)
C2 CompilerThread2  96176 13344       4       org.eclipse.jdt.internal.compiler.lookup.MethodBinding::setAnnotations (17 bytes)
Total: 3

VM state: not at safepoint (normal execution)

VM Mutex/Monitor currently owned by a thread: None

Heap address: 0x0000000080000000, size: 2048 MB, Compressed Oops mode: 32-bit

CDS archive(s) mapped at: [0x0000020328000000-0x0000020328ba0000-0x0000020328ba0000), size 12189696, SharedBaseAddress: 0x0000020328000000, ArchiveRelocationMode: 1.
Compressed class space mapped at: 0x0000020329000000-0x0000020369000000, reserved size: 1073741824
Narrow klass base: 0x0000020328000000, Narrow klass shift: 0, Narrow klass range: 0x100000000

GC Precious Log:
 CardTable entry size: 512
 CPUs: 12 total, 12 available
 Memory: 7501M
 Large Page Support: Disabled
 NUMA Support: Disabled
 Compressed Oops: Enabled (32-bit)
 Alignments: Space 512K, Generation 512K, Heap 2M
 Heap Min Capacity: 100M
 Heap Initial Capacity: 100M
 Heap Max Capacity: 2G
 Pre-touch: Disabled
 Parallel Workers: 10

Heap:
 PSYoungGen      total 3072K, used 2032K [0x00000000d5580000, 0x00000000d5a00000, 0x0000000100000000)
  eden space 2560K, 60% used [0x00000000d5580000,0x00000000d57001c0,0x00000000d5800000)
  from space 512K, 96% used [0x00000000d5900000,0x00000000d597c010,0x00000000d5980000)
  to   space 1024K, 0% used [0x00000000d5800000,0x00000000d5800000,0x00000000d5900000)
 ParOldGen       total 205312K, used 205054K [0x0000000080000000, 0x000000008c880000, 0x00000000d5580000)
  object space 205312K, 99% used [0x0000000080000000,0x000000008c83f9f0,0x000000008c880000)
 Metaspace       used 73194K, committed 74816K, reserved 1179648K
  class space    used 7658K, committed 8384K, reserved 1048576K

Card table byte_map: [0x0000020310b00000,0x0000020310f10000] _byte_map_base: 0x0000020310700000

Marking Bits: (ParMarkBitMap*) 0x00007ff827173450
 Begin Bits: [0x0000020323610000, 0x0000020325610000)
 End Bits:   [0x0000020325610000, 0x0000020327610000)

Polling page: 0x000002030ef90000

Metaspace:

Usage:
  Non-class:     64.00 MB used.
      Class:      7.48 MB used.
       Both:     71.48 MB used.

Virtual space:
  Non-class space:      128.00 MB reserved,      64.88 MB ( 51%) committed,  2 nodes.
      Class space:        1.00 GB reserved,       8.19 MB ( <1%) committed,  1 nodes.
             Both:        1.12 GB reserved,      73.06 MB (  6%) committed. 

Chunk freelists:
   Non-Class:  15.03 MB
       Class:  7.68 MB
        Both:  22.72 MB

MaxMetaspaceSize: unlimited
CompressedClassSpaceSize: 1.00 GB
Initial GC threshold: 21.00 MB
Current GC threshold: 97.31 MB
CDS: on
 - commit_granule_bytes: 65536.
 - commit_granule_words: 8192.
 - virtual_space_node_default_size: 8388608.
 - enlarge_chunks_in_place: 1.
 - use_allocation_guard: 0.


Internal statistics:

num_allocs_failed_limit: 9.
num_arena_births: 1314.
num_arena_deaths: 14.
num_vsnodes_births: 3.
num_vsnodes_deaths: 0.
num_space_committed: 1169.
num_space_uncommitted: 0.
num_chunks_returned_to_freelist: 23.
num_chunks_taken_from_freelist: 4671.
num_chunk_merges: 15.
num_chunk_splits: 2825.
num_chunks_enlarged: 1505.
num_inconsistent_stats: 0.

CodeHeap 'non-profiled nmethods': size=120000Kb used=8699Kb max_used=8699Kb free=111301Kb
 bounds [0x000002031be30000, 0x000002031c6b0000, 0x0000020323360000]
CodeHeap 'profiled nmethods': size=120000Kb used=28971Kb max_used=28971Kb free=91028Kb
 bounds [0x0000020314360000, 0x0000020315fb0000, 0x000002031b890000]
CodeHeap 'non-nmethods': size=5760Kb used=1494Kb max_used=1585Kb free=4265Kb
 bounds [0x000002031b890000, 0x000002031bb00000, 0x000002031be30000]
CodeCache: size=245760Kb, used=39164Kb, max_used=39255Kb, free=206594Kb
 total_blobs=13458, nmethods=12648, adapters=715, full_count=0
Compilation: enabled, stopped_count=0, restarted_count=0

Compilation events (20 events):
Event: 96.016 Thread 0x000002031121e180 13431       1       org.eclipse.jdt.internal.compiler.lookup.BinaryTypeBinding::prototype (5 bytes)
Event: 96.016 Thread 0x000002031121e180 nmethod 13431 0x000002031c68cd90 code [0x000002031c68cf20, 0x000002031c68cfe8]
Event: 96.016 Thread 0x000002031121e180 13426       1       org.eclipse.jdt.core.dom.Modifier::getNodeType0 (3 bytes)
Event: 96.016 Thread 0x000002031121e180 nmethod 13426 0x000002031c68d090 code [0x000002031c68d220, 0x000002031c68d2e8]
Event: 96.016 Thread 0x000002031121e180 13427       1       org.eclipse.jdt.internal.compiler.parser.Scanner::getCurrentTokenStartPosition (5 bytes)
Event: 96.016 Thread 0x000002031121e180 nmethod 13427 0x000002031c68d390 code [0x000002031c68d520, 0x000002031c68d5e8]
Event: 96.016 Thread 0x000002031121e180 13428       1       org.eclipse.jdt.core.dom.SimpleType::getNodeType0 (3 bytes)
Event: 96.016 Thread 0x000002031121e180 nmethod 13428 0x000002031c68d690 code [0x000002031c68d820, 0x000002031c68d8e8]
Event: 96.016 Thread 0x000002031121e180 13429       1       org.eclipse.jdt.core.dom.SimpleName::getIdentifier (5 bytes)
Event: 96.016 Thread 0x000002031121e180 nmethod 13429 0x000002031c68d990 code [0x000002031c68db20, 0x000002031c68dbe8]
Event: 96.016 Thread 0x000002031121e180 13441       1       org.eclipse.jdt.core.dom.ASTVisitor::visit (2 bytes)
Event: 96.016 Thread 0x000002031121e180 nmethod 13441 0x000002031c68dc90 code [0x000002031c68de20, 0x000002031c68dee8]
Event: 96.018 Thread 0x0000020369f1a040 nmethod 13321 0x000002031c68df90 code [0x000002031c68e4e0, 0x000002031c691b68]
Event: 96.018 Thread 0x0000020369f1a040 13387 %     4       org.eclipse.jdt.internal.core.util.Util::splitOn @ 37 (134 bytes)
Event: 96.077 Thread 0x0000020369f1a040 nmethod 13387% 0x000002031c693d90 code [0x000002031c694000, 0x000002031c695490]
Event: 96.077 Thread 0x0000020369f1a040 13336       4       org.eclipse.jdt.internal.compiler.lookup.PackageBinding::checkIfNullAnnotationPackage (70 bytes)
Event: 96.086 Thread 0x0000020369f1a040 nmethod 13336 0x000002031c696010 code [0x000002031c6961c0, 0x000002031c696568]
Event: 96.086 Thread 0x0000020369f1a040 13338       4       org.eclipse.jdt.internal.compiler.lookup.PackageBinding::clearMissingTagBit (24 bytes)
Event: 96.087 Thread 0x0000020369f1a040 nmethod 13338 0x000002031c696790 code [0x000002031c696920, 0x000002031c6969e0]
Event: 96.087 Thread 0x0000020369f1a040 13342 % !   4       org.eclipse.jdt.internal.core.NameLookup::seekModule @ 66 (267 bytes)

GC Heap History (20 events):
Event: 73.669 GC heap before
{Heap before GC invocations=218 (full 3):
 PSYoungGen      total 3584K, used 3130K [0x00000000d5580000, 0x00000000d5a00000, 0x0000000100000000)
  eden space 2560K, 100% used [0x00000000d5580000,0x00000000d5800000,0x00000000d5800000)
  from space 1024K, 55% used [0x00000000d5900000,0x00000000d598e900,0x00000000d5a00000)
  to   space 1024K, 0% used [0x00000000d5800000,0x00000000d5800000,0x00000000d5900000)
 ParOldGen       total 202240K, used 202212K [0x0000000080000000, 0x000000008c580000, 0x00000000d5580000)
  object space 202240K, 99% used [0x0000000080000000,0x000000008c579180,0x000000008c580000)
 Metaspace       used 73046K, committed 74624K, reserved 1179648K
  class space    used 7652K, committed 8320K, reserved 1048576K
}
Event: 73.671 GC heap after
{Heap after GC invocations=218 (full 3):
 PSYoungGen      total 3584K, used 256K [0x00000000d5580000, 0x00000000d5980000, 0x0000000100000000)
  eden space 2560K, 0% used [0x00000000d5580000,0x00000000d5580000,0x00000000d5800000)
  from space 1024K, 25% used [0x00000000d5800000,0x00000000d5840000,0x00000000d5900000)
  to   space 512K, 0% used [0x00000000d5900000,0x00000000d5900000,0x00000000d5980000)
 ParOldGen       total 202752K, used 202412K [0x0000000080000000, 0x000000008c600000, 0x00000000d5580000)
  object space 202752K, 99% used [0x0000000080000000,0x000000008c5ab180,0x000000008c600000)
 Metaspace       used 73046K, committed 74624K, reserved 1179648K
  class space    used 7652K, committed 8320K, reserved 1048576K
}
Event: 73.688 GC heap before
{Heap before GC invocations=219 (full 3):
 PSYoungGen      total 3584K, used 2816K [0x00000000d5580000, 0x00000000d5980000, 0x0000000100000000)
  eden space 2560K, 100% used [0x00000000d5580000,0x00000000d5800000,0x00000000d5800000)
  from space 1024K, 25% used [0x00000000d5800000,0x00000000d5840000,0x00000000d5900000)
  to   space 512K, 0% used [0x00000000d5900000,0x00000000d5900000,0x00000000d5980000)
 ParOldGen       total 202752K, used 202412K [0x0000000080000000, 0x000000008c600000, 0x00000000d5580000)
  object space 202752K, 99% used [0x0000000080000000,0x000000008c5ab180,0x000000008c600000)
 Metaspace       used 73047K, committed 74624K, reserved 1179648K
  class space    used 7652K, committed 8320K, reserved 1048576K
}
Event: 73.690 GC heap after
{Heap after GC invocations=219 (full 3):
 PSYoungGen      total 3072K, used 506K [0x00000000d5580000, 0x00000000d5a00000, 0x0000000100000000)
  eden space 2560K, 0% used [0x00000000d5580000,0x00000000d5580000,0x00000000d5800000)
  from space 512K, 98% used [0x00000000d5900000,0x00000000d597e900,0x00000000d5980000)
  to   space 1024K, 0% used [0x00000000d5800000,0x00000000d5800000,0x00000000d5900000)
 ParOldGen       total 202752K, used 202492K [0x0000000080000000, 0x000000008c600000, 0x00000000d5580000)
  object space 202752K, 99% used [0x0000000080000000,0x000000008c5bf180,0x000000008c600000)
 Metaspace       used 73047K, committed 74624K, reserved 1179648K
  class space    used 7652K, committed 8320K, reserved 1048576K
}
Event: 95.148 GC heap before
{Heap before GC invocations=220 (full 3):
 PSYoungGen      total 3072K, used 3066K [0x00000000d5580000, 0x00000000d5a00000, 0x0000000100000000)
  eden space 2560K, 99% used [0x00000000d5580000,0x00000000d57fff28,0x00000000d5800000)
  from space 512K, 98% used [0x00000000d5900000,0x00000000d597e900,0x00000000d5980000)
  to   space 1024K, 0% used [0x00000000d5800000,0x00000000d5800000,0x00000000d5900000)
 ParOldGen       total 202752K, used 202492K [0x0000000080000000, 0x000000008c600000, 0x00000000d5580000)
  object space 202752K, 99% used [0x0000000080000000,0x000000008c5bf180,0x000000008c600000)
 Metaspace       used 73075K, committed 74624K, reserved 1179648K
  class space    used 7652K, committed 8320K, reserved 1048576K
}
Event: 95.150 GC heap after
{Heap after GC invocations=220 (full 3):
 PSYoungGen      total 3584K, used 480K [0x00000000d5580000, 0x00000000d5a00000, 0x0000000100000000)
  eden space 2560K, 0% used [0x00000000d5580000,0x00000000d5580000,0x00000000d5800000)
  from space 1024K, 46% used [0x00000000d5800000,0x00000000d5878000,0x00000000d5900000)
  to   space 1024K, 0% used [0x00000000d5900000,0x00000000d5900000,0x00000000d5a00000)
 ParOldGen       total 203264K, used 202960K [0x0000000080000000, 0x000000008c680000, 0x00000000d5580000)
  object space 203264K, 99% used [0x0000000080000000,0x000000008c634390,0x000000008c680000)
 Metaspace       used 73075K, committed 74624K, reserved 1179648K
  class space    used 7652K, committed 8320K, reserved 1048576K
}
Event: 95.746 GC heap before
{Heap before GC invocations=221 (full 3):
 PSYoungGen      total 3584K, used 3039K [0x00000000d5580000, 0x00000000d5a00000, 0x0000000100000000)
  eden space 2560K, 99% used [0x00000000d5580000,0x00000000d57ffff8,0x00000000d5800000)
  from space 1024K, 46% used [0x00000000d5800000,0x00000000d5878000,0x00000000d5900000)
  to   space 1024K, 0% used [0x00000000d5900000,0x00000000d5900000,0x00000000d5a00000)
 ParOldGen       total 203264K, used 202960K [0x0000000080000000, 0x000000008c680000, 0x00000000d5580000)
  object space 203264K, 99% used [0x0000000080000000,0x000000008c634390,0x000000008c680000)
 Metaspace       used 73101K, committed 74688K, reserved 1179648K
  class space    used 7652K, committed 8320K, reserved 1048576K
}
Event: 95.747 GC heap after
{Heap after GC invocations=221 (full 3):
 PSYoungGen      total 3072K, used 372K [0x00000000d5580000, 0x00000000d5980000, 0x0000000100000000)
  eden space 2560K, 0% used [0x00000000d5580000,0x00000000d5580000,0x00000000d5800000)
  from space 512K, 72% used [0x00000000d5900000,0x00000000d595d220,0x00000000d5980000)
  to   space 512K, 0% used [0x00000000d5880000,0x00000000d5880000,0x00000000d5900000)
 ParOldGen       total 203264K, used 203232K [0x0000000080000000, 0x000000008c680000, 0x00000000d5580000)
  object space 203264K, 99% used [0x0000000080000000,0x000000008c678390,0x000000008c680000)
 Metaspace       used 73101K, committed 74688K, reserved 1179648K
  class space    used 7652K, committed 8320K, reserved 1048576K
}
Event: 95.756 GC heap before
{Heap before GC invocations=222 (full 3):
 PSYoungGen      total 3072K, used 2932K [0x00000000d5580000, 0x00000000d5980000, 0x0000000100000000)
  eden space 2560K, 100% used [0x00000000d5580000,0x00000000d5800000,0x00000000d5800000)
  from space 512K, 72% used [0x00000000d5900000,0x00000000d595d220,0x00000000d5980000)
  to   space 512K, 0% used [0x00000000d5880000,0x00000000d5880000,0x00000000d5900000)
 ParOldGen       total 203264K, used 203232K [0x0000000080000000, 0x000000008c680000, 0x00000000d5580000)
  object space 203264K, 99% used [0x0000000080000000,0x000000008c678390,0x000000008c680000)
 Metaspace       used 73104K, committed 74688K, reserved 1179648K
  class space    used 7652K, committed 8320K, reserved 1048576K
}
Event: 95.758 GC heap after
{Heap after GC invocations=222 (full 3):
 PSYoungGen      total 3072K, used 484K [0x00000000d5580000, 0x00000000d5a00000, 0x0000000100000000)
  eden space 2560K, 0% used [0x00000000d5580000,0x00000000d5580000,0x00000000d5800000)
  from space 512K, 94% used [0x00000000d5880000,0x00000000d58f9230,0x00000000d5900000)
  to   space 1024K, 0% used [0x00000000d5900000,0x00000000d5900000,0x00000000d5a00000)
 ParOldGen       total 203776K, used 203429K [0x0000000080000000, 0x000000008c700000, 0x00000000d5580000)
  object space 203776K, 99% used [0x0000000080000000,0x000000008c6a95b0,0x000000008c700000)
 Metaspace       used 73104K, committed 74688K, reserved 1179648K
  class space    used 7652K, committed 8320K, reserved 1048576K
}
Event: 95.770 GC heap before
{Heap before GC invocations=223 (full 3):
 PSYoungGen      total 3072K, used 3044K [0x00000000d5580000, 0x00000000d5a00000, 0x0000000100000000)
  eden space 2560K, 100% used [0x00000000d5580000,0x00000000d5800000,0x00000000d5800000)
  from space 512K, 94% used [0x00000000d5880000,0x00000000d58f9230,0x00000000d5900000)
  to   space 1024K, 0% used [0x00000000d5900000,0x00000000d5900000,0x00000000d5a00000)
 ParOldGen       total 203776K, used 203429K [0x0000000080000000, 0x000000008c700000, 0x00000000d5580000)
  object space 203776K, 99% used [0x0000000080000000,0x000000008c6a95b0,0x000000008c700000)
 Metaspace       used 73105K, committed 74688K, reserved 1179648K
  class space    used 7652K, committed 8320K, reserved 1048576K
}
Event: 95.771 GC heap after
{Heap after GC invocations=223 (full 3):
 PSYoungGen      total 3584K, used 592K [0x00000000d5580000, 0x00000000d5a00000, 0x0000000100000000)
  eden space 2560K, 0% used [0x00000000d5580000,0x00000000d5580000,0x00000000d5800000)
  from space 1024K, 57% used [0x00000000d5900000,0x00000000d5994010,0x00000000d5a00000)
  to   space 1024K, 0% used [0x00000000d5800000,0x00000000d5800000,0x00000000d5900000)
 ParOldGen       total 204288K, used 203889K [0x0000000080000000, 0x000000008c780000, 0x00000000d5580000)
  object space 204288K, 99% used [0x0000000080000000,0x000000008c71c7e0,0x000000008c780000)
 Metaspace       used 73105K, committed 74688K, reserved 1179648K
  class space    used 7652K, committed 8320K, reserved 1048576K
}
Event: 95.802 GC heap before
{Heap before GC invocations=224 (full 3):
 PSYoungGen      total 3584K, used 3152K [0x00000000d5580000, 0x00000000d5a00000, 0x0000000100000000)
  eden space 2560K, 100% used [0x00000000d5580000,0x00000000d5800000,0x00000000d5800000)
  from space 1024K, 57% used [0x00000000d5900000,0x00000000d5994010,0x00000000d5a00000)
  to   space 1024K, 0% used [0x00000000d5800000,0x00000000d5800000,0x00000000d5900000)
 ParOldGen       total 204288K, used 203889K [0x0000000080000000, 0x000000008c780000, 0x00000000d5580000)
  object space 204288K, 99% used [0x0000000080000000,0x000000008c71c7e0,0x000000008c780000)
 Metaspace       used 73112K, committed 74688K, reserved 1179648K
  class space    used 7652K, committed 8320K, reserved 1048576K
}
Event: 95.804 GC heap after
{Heap after GC invocations=224 (full 3):
 PSYoungGen      total 3584K, used 608K [0x00000000d5580000, 0x00000000d5a00000, 0x0000000100000000)
  eden space 2560K, 0% used [0x00000000d5580000,0x00000000d5580000,0x00000000d5800000)
  from space 1024K, 59% used [0x00000000d5800000,0x00000000d5898000,0x00000000d5900000)
  to   space 1024K, 0% used [0x00000000d5900000,0x00000000d5900000,0x00000000d5a00000)
 ParOldGen       total 204800K, used 204361K [0x0000000080000000, 0x000000008c800000, 0x00000000d5580000)
  object space 204800K, 99% used [0x0000000080000000,0x000000008c7927f0,0x000000008c800000)
 Metaspace       used 73112K, committed 74688K, reserved 1179648K
  class space    used 7652K, committed 8320K, reserved 1048576K
}
Event: 95.869 GC heap before
{Heap before GC invocations=225 (full 3):
 PSYoungGen      total 3584K, used 3168K [0x00000000d5580000, 0x00000000d5a00000, 0x0000000100000000)
  eden space 2560K, 100% used [0x00000000d5580000,0x00000000d5800000,0x00000000d5800000)
  from space 1024K, 59% used [0x00000000d5800000,0x00000000d5898000,0x00000000d5900000)
  to   space 1024K, 0% used [0x00000000d5900000,0x00000000d5900000,0x00000000d5a00000)
 ParOldGen       total 204800K, used 204361K [0x0000000080000000, 0x000000008c800000, 0x00000000d5580000)
  object space 204800K, 99% used [0x0000000080000000,0x000000008c7927f0,0x000000008c800000)
 Metaspace       used 73123K, committed 74688K, reserved 1179648K
  class space    used 7656K, committed 8320K, reserved 1048576K
}
Event: 95.872 GC heap after
{Heap after GC invocations=225 (full 3):
 PSYoungGen      total 3584K, used 570K [0x00000000d5580000, 0x00000000d5a00000, 0x0000000100000000)
  eden space 2560K, 0% used [0x00000000d5580000,0x00000000d5580000,0x00000000d5800000)
  from space 1024K, 55% used [0x00000000d5900000,0x00000000d598e900,0x00000000d5a00000)
  to   space 1024K, 0% used [0x00000000d5800000,0x00000000d5800000,0x00000000d5900000)
 ParOldGen       total 205312K, used 204865K [0x0000000080000000, 0x000000008c880000, 0x00000000d5580000)
  object space 205312K, 99% used [0x0000000080000000,0x000000008c8107f0,0x000000008c880000)
 Metaspace       used 73123K, committed 74688K, reserved 1179648K
  class space    used 7656K, committed 8320K, reserved 1048576K
}
Event: 95.924 GC heap before
{Heap before GC invocations=226 (full 3):
 PSYoungGen      total 3584K, used 3130K [0x00000000d5580000, 0x00000000d5a00000, 0x0000000100000000)
  eden space 2560K, 100% used [0x00000000d5580000,0x00000000d5800000,0x00000000d5800000)
  from space 1024K, 55% used [0x00000000d5900000,0x00000000d598e900,0x00000000d5a00000)
  to   space 1024K, 0% used [0x00000000d5800000,0x00000000d5800000,0x00000000d5900000)
 ParOldGen       total 205312K, used 204865K [0x0000000080000000, 0x000000008c880000, 0x00000000d5580000)
  object space 205312K, 99% used [0x0000000080000000,0x000000008c8107f0,0x000000008c880000)
 Metaspace       used 73139K, committed 74688K, reserved 1179648K
  class space    used 7657K, committed 8320K, reserved 1048576K
}
Event: 95.926 GC heap after
{Heap after GC invocations=226 (full 3):
 PSYoungGen      total 3584K, used 340K [0x00000000d5580000, 0x00000000d5980000, 0x0000000100000000)
  eden space 2560K, 0% used [0x00000000d5580000,0x00000000d5580000,0x00000000d5800000)
  from space 1024K, 33% used [0x00000000d5800000,0x00000000d5855200,0x00000000d5900000)
  to   space 512K, 0% used [0x00000000d5900000,0x00000000d5900000,0x00000000d5980000)
 ParOldGen       total 205312K, used 204937K [0x0000000080000000, 0x000000008c880000, 0x00000000d5580000)
  object space 205312K, 99% used [0x0000000080000000,0x000000008c8227f0,0x000000008c880000)
 Metaspace       used 73139K, committed 74688K, reserved 1179648K
  class space    used 7657K, committed 8320K, reserved 1048576K
}
Event: 95.950 GC heap before
{Heap before GC invocations=227 (full 3):
 PSYoungGen      total 3584K, used 2900K [0x00000000d5580000, 0x00000000d5980000, 0x0000000100000000)
  eden space 2560K, 100% used [0x00000000d5580000,0x00000000d5800000,0x00000000d5800000)
  from space 1024K, 33% used [0x00000000d5800000,0x00000000d5855200,0x00000000d5900000)
  to   space 512K, 0% used [0x00000000d5900000,0x00000000d5900000,0x00000000d5980000)
 ParOldGen       total 205312K, used 204937K [0x0000000080000000, 0x000000008c880000, 0x00000000d5580000)
  object space 205312K, 99% used [0x0000000080000000,0x000000008c8227f0,0x000000008c880000)
 Metaspace       used 73147K, committed 74752K, reserved 1179648K
  class space    used 7658K, committed 8384K, reserved 1048576K
}
Event: 95.952 GC heap after
{Heap after GC invocations=227 (full 3):
 PSYoungGen      total 3072K, used 496K [0x00000000d5580000, 0x00000000d5a00000, 0x0000000100000000)
  eden space 2560K, 0% used [0x00000000d5580000,0x00000000d5580000,0x00000000d5800000)
  from space 512K, 96% used [0x00000000d5900000,0x00000000d597c010,0x00000000d5980000)
  to   space 1024K, 0% used [0x00000000d5800000,0x00000000d5800000,0x00000000d5900000)
 ParOldGen       total 205312K, used 205054K [0x0000000080000000, 0x000000008c880000, 0x00000000d5580000)
  object space 205312K, 99% used [0x0000000080000000,0x000000008c83f9f0,0x000000008c880000)
 Metaspace       used 73147K, committed 74752K, reserved 1179648K
  class space    used 7658K, committed 8384K, reserved 1048576K
}

Dll operation events (12 events):
Event: 0.019 Loaded shared library c:\Users\kalra\.vscode\extensions\redhat.java-1.53.0-win32-x64\jre\21.0.10-win32-x86_64\bin\java.dll
Event: 0.134 Loaded shared library c:\Users\kalra\.vscode\extensions\redhat.java-1.53.0-win32-x64\jre\21.0.10-win32-x86_64\bin\zip.dll
Event: 0.181 Loaded shared library C:\Users\kalra\.vscode\extensions\redhat.java-1.53.0-win32-x64\jre\21.0.10-win32-x86_64\bin\instrument.dll
Event: 0.192 Loaded shared library C:\Users\kalra\.vscode\extensions\redhat.java-1.53.0-win32-x64\jre\21.0.10-win32-x86_64\bin\net.dll
Event: 0.197 Loaded shared library C:\Users\kalra\.vscode\extensions\redhat.java-1.53.0-win32-x64\jre\21.0.10-win32-x86_64\bin\nio.dll
Event: 0.205 Loaded shared library C:\Users\kalra\.vscode\extensions\redhat.java-1.53.0-win32-x64\jre\21.0.10-win32-x86_64\bin\zip.dll
Event: 0.248 Loaded shared library C:\Users\kalra\.vscode\extensions\redhat.java-1.53.0-win32-x64\jre\21.0.10-win32-x86_64\bin\jimage.dll
Event: 0.409 Loaded shared library c:\Users\kalra\.vscode\extensions\redhat.java-1.53.0-win32-x64\jre\21.0.10-win32-x86_64\bin\verify.dll
Event: 3.170 Loaded shared library C:\Users\kalra\AppData\Roaming\Code\User\globalStorage\redhat.java\1.53.0\config_win\org.eclipse.equinox.launcher\org.eclipse.equinox.launcher.win32.win32.x86_64_1.3.0.v20260203-2149\eclipse_11919.dll
Event: 7.084 Loaded shared library C:\Users\kalra\AppData\Local\Temp\jna-101813893\jna5100532926671054989.dll
Event: 11.237 Loaded shared library C:\Users\kalra\.vscode\extensions\redhat.java-1.53.0-win32-x64\jre\21.0.10-win32-x86_64\bin\sunmscapi.dll
Event: 11.900 Loaded shared library C:\Users\kalra\.vscode\extensions\redhat.java-1.53.0-win32-x64\jre\21.0.10-win32-x86_64\bin\extnet.dll

Deoptimization events (20 events):
Event: 73.323 Thread 0x000002036f485530 Uncommon trap: trap_request=0xffffffc6 fr.pc=0x000002031c5b1f68 relative=0x00000000000004e8
Event: 73.323 Thread 0x000002036f485530 Uncommon trap: reason=bimorphic_or_optimized_type_check action=maybe_recompile pc=0x000002031c5b1f68 method=java.util.HashMap.removeNode(ILjava/lang/Object;Ljava/lang/Object;ZZ)Ljava/util/HashMap$Node; @ 143 c2
Event: 73.323 Thread 0x000002036f485530 DEOPT PACKING pc=0x000002031c5b1f68 sp=0x0000009b6ecfe5e0
Event: 73.323 Thread 0x000002036f485530 DEOPT UNPACKING pc=0x000002031b8e3aa2 sp=0x0000009b6ecfe4d8 mode 2
Event: 73.587 Thread 0x000002036fc35330 DEOPT PACKING pc=0x0000020315c7c1a2 sp=0x0000009b70efd780
Event: 73.587 Thread 0x000002036fc35330 DEOPT UNPACKING pc=0x000002031b8e4242 sp=0x0000009b70efccf8 mode 0
Event: 73.672 Thread 0x000002036fc35330 DEOPT PACKING pc=0x0000020315c7c1a2 sp=0x0000009b70efd420
Event: 73.672 Thread 0x000002036fc35330 DEOPT UNPACKING pc=0x000002031b8e4242 sp=0x0000009b70efc998 mode 0
Event: 73.710 Thread 0x000002036fc35330 DEOPT PACKING pc=0x0000020315b2c053 sp=0x0000009b70efd7b0
Event: 73.710 Thread 0x000002036fc35330 DEOPT UNPACKING pc=0x000002031b8e4242 sp=0x0000009b70efcc60 mode 0
Event: 73.731 Thread 0x000002036fc35330 Uncommon trap: trap_request=0xffffffde fr.pc=0x000002031c2ca398 relative=0x0000000000000078
Event: 73.731 Thread 0x000002036fc35330 Uncommon trap: reason=class_check action=maybe_recompile pc=0x000002031c2ca398 method=java.util.LinkedHashMap.afterNodeInsertion(Z)V @ 15 c2
Event: 73.731 Thread 0x000002036fc35330 DEOPT PACKING pc=0x000002031c2ca398 sp=0x0000009b70efe880
Event: 73.732 Thread 0x000002036fc35330 DEOPT UNPACKING pc=0x000002031b8e3aa2 sp=0x0000009b70efe7f8 mode 2
Event: 95.743 Thread 0x000002036fc38e40 DEOPT PACKING pc=0x0000020315c7c1a2 sp=0x0000009b710fdc50
Event: 95.744 Thread 0x000002036fc38e40 DEOPT UNPACKING pc=0x000002031b8e4242 sp=0x0000009b710fd1c8 mode 0
Event: 95.815 Thread 0x000002036fc31eb0 DEOPT PACKING pc=0x0000020315c7c1a2 sp=0x0000009b70ffdc90
Event: 95.815 Thread 0x000002036fc31eb0 DEOPT UNPACKING pc=0x000002031b8e4242 sp=0x0000009b70ffd208 mode 0
Event: 95.923 Thread 0x000002036fc31eb0 DEOPT PACKING pc=0x0000020315c7c1a2 sp=0x0000009b70ffd9b0
Event: 95.923 Thread 0x000002036fc31eb0 DEOPT UNPACKING pc=0x000002031b8e4242 sp=0x0000009b70ffcf28 mode 0

Classes loaded (20 events):
Event: 41.136 Loading class java/util/stream/Nodes$IntArrayNode done
Event: 41.136 Loading class java/util/stream/Nodes$IntFixedNodeBuilder done
Event: 41.136 Loading class java/util/stream/ReferencePipeline$4$1
Event: 41.136 Loading class java/util/stream/ReferencePipeline$4$1 done
Event: 41.204 Loading class java/util/AbstractList$RandomAccessSubList
Event: 41.204 Loading class java/util/AbstractList$SubList
Event: 41.205 Loading class java/util/AbstractList$SubList done
Event: 41.205 Loading class java/util/AbstractList$RandomAccessSubList done
Event: 41.205 Loading class java/util/AbstractList$SubList$1
Event: 41.205 Loading class java/util/AbstractList$SubList$1 done
Event: 41.332 Loading class jdk/internal/ref/CleanerImpl$InnocuousThreadFactory
Event: 41.333 Loading class jdk/internal/ref/CleanerImpl$InnocuousThreadFactory done
Event: 41.582 Loading class java/nio/file/Files$2
Event: 41.582 Loading class java/nio/file/Files$2 done
Event: 41.807 Loading class java/util/stream/DistinctOps
Event: 41.807 Loading class java/util/stream/DistinctOps done
Event: 41.807 Loading class java/util/stream/DistinctOps$1
Event: 41.808 Loading class java/util/stream/DistinctOps$1 done
Event: 41.821 Loading class java/util/stream/DistinctOps$1$2
Event: 41.821 Loading class java/util/stream/DistinctOps$1$2 done

Classes unloaded (7 events):
Event: 8.515 Thread 0x00000203110f2c80 Unloading class 0x00000203291a9400 'java/lang/invoke/LambdaForm$MH+0x00000203291a9400'
Event: 8.515 Thread 0x00000203110f2c80 Unloading class 0x00000203291a9000 'java/lang/invoke/LambdaForm$MH+0x00000203291a9000'
Event: 8.515 Thread 0x00000203110f2c80 Unloading class 0x00000203291a8c00 'java/lang/invoke/LambdaForm$MH+0x00000203291a8c00'
Event: 8.515 Thread 0x00000203110f2c80 Unloading class 0x00000203291a8800 'java/lang/invoke/LambdaForm$MH+0x00000203291a8800'
Event: 8.515 Thread 0x00000203110f2c80 Unloading class 0x00000203291a8400 'java/lang/invoke/LambdaForm$BMH+0x00000203291a8400'
Event: 8.515 Thread 0x00000203110f2c80 Unloading class 0x00000203291a8000 'java/lang/invoke/LambdaForm$DMH+0x00000203291a8000'
Event: 8.515 Thread 0x00000203110f2c80 Unloading class 0x00000203291a6c00 'java/lang/invoke/LambdaForm$DMH+0x00000203291a6c00'

Classes redefined (0 events):
No events

Internal exceptions (20 events):
Event: 71.089 Thread 0x000002036fc338f0 Exception <a 'sun/nio/fs/WindowsException'{0x00000000d56e3768}> (0x00000000d56e3768) 
thrown [s\src\hotspot\share\prims\jni.cpp, line 520]
Event: 71.324 Thread 0x000002036f485530 Exception <a 'java/lang/NoSuchMethodError'{0x00000000d573e7f0}: 'java.lang.Object java.lang.invoke.DirectMethodHandle$Holder.invokeStatic(java.lang.Object, java.lang.Object, int, java.lang.Object, java.lang.Object)'> (0x00000000d573e7f0) 
thrown [s\src\hotspot\share\interpreter\linkResolver.cpp, line 773]
Event: 71.630 Thread 0x000002036f485530 Implicit null exception at 0x000002031c5ce79f to 0x000002031c5cefa8
Event: 71.640 Thread 0x000002036fc34610 Exception <a 'sun/nio/fs/WindowsException'{0x00000000d57ef6c0}> (0x00000000d57ef6c0) 
thrown [s\src\hotspot\share\prims\jni.cpp, line 520]
Event: 71.640 Thread 0x000002036fc34610 Exception <a 'sun/nio/fs/WindowsException'{0x00000000d57f1f50}> (0x00000000d57f1f50) 
thrown [s\src\hotspot\share\prims\jni.cpp, line 520]
Event: 71.649 Thread 0x000002036fc34610 Exception <a 'sun/nio/fs/WindowsException'{0x00000000d5589c08}> (0x00000000d5589c08) 
thrown [s\src\hotspot\share\prims\jni.cpp, line 520]
Event: 71.649 Thread 0x000002036fc34610 Exception <a 'sun/nio/fs/WindowsException'{0x00000000d558a740}> (0x00000000d558a740) 
thrown [s\src\hotspot\share\prims\jni.cpp, line 520]
Event: 71.651 Thread 0x000002036fc34610 Exception <a 'sun/nio/fs/WindowsException'{0x00000000d5595f00}> (0x00000000d5595f00) 
thrown [s\src\hotspot\share\prims\jni.cpp, line 520]
Event: 71.651 Thread 0x000002036fc34610 Exception <a 'sun/nio/fs/WindowsException'{0x00000000d55a07f8}> (0x00000000d55a07f8) 
thrown [s\src\hotspot\share\prims\jni.cpp, line 520]
Event: 71.662 Thread 0x000002036fc34610 Exception <a 'sun/nio/fs/WindowsException'{0x00000000d55f3ea0}> (0x00000000d55f3ea0) 
thrown [s\src\hotspot\share\prims\jni.cpp, line 520]
Event: 71.663 Thread 0x000002036fc34610 Exception <a 'sun/nio/fs/WindowsException'{0x00000000d55f49c8}> (0x00000000d55f49c8) 
thrown [s\src\hotspot\share\prims\jni.cpp, line 520]
Event: 72.182 Thread 0x000002036fc35330 Exception <a 'sun/nio/fs/WindowsException'{0x00000000d571df20}> (0x00000000d571df20) 
thrown [s\src\hotspot\share\prims\jni.cpp, line 520]
Event: 72.182 Thread 0x000002036fc35330 Exception <a 'sun/nio/fs/WindowsException'{0x00000000d5727da8}> (0x00000000d5727da8) 
thrown [s\src\hotspot\share\prims\jni.cpp, line 520]
Event: 72.183 Thread 0x000002036fc35330 Exception <a 'sun/nio/fs/WindowsException'{0x00000000d5728d78}> (0x00000000d5728d78) 
thrown [s\src\hotspot\share\prims\jni.cpp, line 520]
Event: 72.183 Thread 0x000002036fc35330 Exception <a 'sun/nio/fs/WindowsException'{0x00000000d5737958}> (0x00000000d5737958) 
thrown [s\src\hotspot\share\prims\jni.cpp, line 520]
Event: 72.185 Thread 0x000002036fc35330 Exception <a 'sun/nio/fs/WindowsException'{0x00000000d574f078}> (0x00000000d574f078) 
thrown [s\src\hotspot\share\prims\jni.cpp, line 520]
Event: 72.185 Thread 0x000002036fc35330 Exception <a 'sun/nio/fs/WindowsException'{0x00000000d574f8f0}> (0x00000000d574f8f0) 
thrown [s\src\hotspot\share\prims\jni.cpp, line 520]
Event: 72.196 Thread 0x000002036fc35330 Exception <a 'sun/nio/fs/WindowsException'{0x00000000d560d268}> (0x00000000d560d268) 
thrown [s\src\hotspot\share\prims\jni.cpp, line 520]
Event: 72.196 Thread 0x000002036fc35330 Exception <a 'sun/nio/fs/WindowsException'{0x00000000d56180d8}> (0x00000000d56180d8) 
thrown [s\src\hotspot\share\prims\jni.cpp, line 520]
Event: 72.481 Thread 0x000002036f485530 Implicit null exception at 0x000002031c4e0ca3 to 0x000002031c4e100c

ZGC Phase Switch (0 events):
No events

VM Operations (20 events):
Event: 73.688 Executing safepoint VM operation: ParallelGCFailedAllocation (Allocation Failure)
Event: 73.690 Executing safepoint VM operation: ParallelGCFailedAllocation (Allocation Failure) done
Event: 74.702 Executing safepoint VM operation: Cleanup
Event: 74.702 Executing safepoint VM operation: Cleanup done
Event: 95.148 Executing safepoint VM operation: ParallelGCFailedAllocation (Allocation Failure)
Event: 95.150 Executing safepoint VM operation: ParallelGCFailedAllocation (Allocation Failure) done
Event: 95.746 Executing safepoint VM operation: ParallelGCFailedAllocation (Allocation Failure)
Event: 95.748 Executing safepoint VM operation: ParallelGCFailedAllocation (Allocation Failure) done
Event: 95.756 Executing safepoint VM operation: ParallelGCFailedAllocation (Allocation Failure)
Event: 95.758 Executing safepoint VM operation: ParallelGCFailedAllocation (Allocation Failure) done
Event: 95.770 Executing safepoint VM operation: ParallelGCFailedAllocation (Allocation Failure)
Event: 95.772 Executing safepoint VM operation: ParallelGCFailedAllocation (Allocation Failure) done
Event: 95.802 Executing safepoint VM operation: ParallelGCFailedAllocation (Allocation Failure)
Event: 95.804 Executing safepoint VM operation: ParallelGCFailedAllocation (Allocation Failure) done
Event: 95.869 Executing safepoint VM operation: ParallelGCFailedAllocation (Allocation Failure)
Event: 95.872 Executing safepoint VM operation: ParallelGCFailedAllocation (Allocation Failure) done
Event: 95.924 Executing safepoint VM operation: ParallelGCFailedAllocation (Allocation Failure)
Event: 95.926 Executing safepoint VM operation: ParallelGCFailedAllocation (Allocation Failure) done
Event: 95.950 Executing safepoint VM operation: ParallelGCFailedAllocation (Allocation Failure)
Event: 95.953 Executing safepoint VM operation: ParallelGCFailedAllocation (Allocation Failure) done

Memory protections (0 events):
No events

Nmethod flushes (20 events):
Event: 33.765 Thread 0x00000203110f2c80 flushing  nmethod 0x0000020314c2cd10
Event: 33.765 Thread 0x00000203110f2c80 flushing  nmethod 0x0000020314c30610
Event: 33.765 Thread 0x00000203110f2c80 flushing  nmethod 0x0000020314c39910
Event: 33.765 Thread 0x00000203110f2c80 flushing  nmethod 0x0000020314c74990
Event: 33.765 Thread 0x00000203110f2c80 flushing  nmethod 0x0000020314c74f90
Event: 33.765 Thread 0x00000203110f2c80 flushing  nmethod 0x0000020314c75e90
Event: 33.765 Thread 0x00000203110f2c80 flushing  nmethod 0x0000020314c79a90
Event: 33.765 Thread 0x00000203110f2c80 flushing  nmethod 0x0000020314c7b090
Event: 33.765 Thread 0x00000203110f2c80 flushing  nmethod 0x0000020314c7c510
Event: 33.765 Thread 0x00000203110f2c80 flushing  nmethod 0x0000020314c7c910
Event: 33.765 Thread 0x00000203110f2c80 flushing  nmethod 0x0000020314c7dd90
Event: 33.765 Thread 0x00000203110f2c80 flushing  nmethod 0x0000020314c85510
Event: 33.765 Thread 0x00000203110f2c80 flushing  nmethod 0x0000020314c88610
Event: 33.765 Thread 0x00000203110f2c80 flushing  nmethod 0x0000020314c88990
Event: 33.765 Thread 0x00000203110f2c80 flushing  nmethod 0x0000020314c8be10
Event: 33.765 Thread 0x00000203110f2c80 flushing  nmethod 0x0000020314c8c410
Event: 33.765 Thread 0x00000203110f2c80 flushing osr nmethod 0x0000020314cb9210
Event: 33.765 Thread 0x00000203110f2c80 flushing  nmethod 0x0000020314cd2890
Event: 33.765 Thread 0x00000203110f2c80 flushing  nmethod 0x0000020314cd3890
Event: 33.765 Thread 0x00000203110f2c80 flushing  nmethod 0x0000020314cd3e90

Events (20 events):
Event: 41.164 Thread 0x000002031121e180 Thread added: 0x00000203705dd890
Event: 41.334 Thread 0x000002036fc33f80 Thread added: 0x0000020373eeea40
Event: 47.229 Thread 0x00000203705dd890 Thread exited: 0x00000203705dd890
Event: 48.611 Thread 0x00000203705ded00 Thread exited: 0x00000203705ded00
Event: 48.630 Thread 0x000002031121e180 Thread added: 0x00000203705ded00
Event: 48.659 Thread 0x000002031121e180 Thread added: 0x00000203705dd890
Event: 50.521 Thread 0x00000203705dd890 Thread exited: 0x00000203705dd890
Event: 50.521 Thread 0x00000203705ded00 Thread exited: 0x00000203705ded00
Event: 66.748 Thread 0x000002031121e180 Thread added: 0x00000203705dd890
Event: 66.748 Thread 0x000002031121e180 Thread added: 0x00000203705ded00
Event: 68.224 Thread 0x00000203705ded00 Thread exited: 0x00000203705ded00
Event: 68.400 Thread 0x00000203705dd890 Thread exited: 0x00000203705dd890
Event: 69.936 Thread 0x000002031121e180 Thread added: 0x00000203705ded00
Event: 70.342 Thread 0x00000203705ded00 Thread exited: 0x00000203705ded00
Event: 70.856 Thread 0x000002031121e180 Thread added: 0x000002036a295dc0
Event: 73.924 Thread 0x0000020369f1a040 Thread added: 0x0000020372b90760
Event: 78.960 Thread 0x0000020372b90760 Thread exited: 0x0000020372b90760
Event: 81.303 Thread 0x000002036a295dc0 Thread exited: 0x000002036a295dc0
Event: 95.743 Thread 0x000002031121e180 Thread added: 0x0000020371e0ee60
Event: 95.751 Thread 0x000002031121e180 Thread added: 0x0000020371e0d9f0


Dynamic libraries:
0x00007ff7c0080000 - 0x00007ff7c008e000 	c:\Users\kalra\.vscode\extensions\redhat.java-1.53.0-win32-x64\jre\21.0.10-win32-x86_64\bin\java.exe
0x00007ff8e0ea0000 - 0x00007ff8e1107000 	C:\WINDOWS\SYSTEM32\ntdll.dll
0x00007ff8e0c10000 - 0x00007ff8e0cd9000 	C:\WINDOWS\System32\KERNEL32.DLL
0x00007ff8de790000 - 0x00007ff8deb81000 	C:\WINDOWS\System32\KERNELBASE.dll
0x00007ff8dd9b0000 - 0x00007ff8ddafb000 	C:\WINDOWS\System32\ucrtbase.dll
0x00007ff8b8b90000 - 0x00007ff8b8bae000 	c:\Users\kalra\.vscode\extensions\redhat.java-1.53.0-win32-x64\jre\21.0.10-win32-x86_64\bin\VCRUNTIME140.dll
0x00007ff8b88a0000 - 0x00007ff8b88b8000 	c:\Users\kalra\.vscode\extensions\redhat.java-1.53.0-win32-x64\jre\21.0.10-win32-x86_64\bin\jli.dll
0x00007ff8e0330000 - 0x00007ff8e04f5000 	C:\WINDOWS\System32\USER32.dll
0x00007ff8dd810000 - 0x00007ff8dd837000 	C:\WINDOWS\System32\win32u.dll
0x00007ff8e0510000 - 0x00007ff8e053b000 	C:\WINDOWS\System32\GDI32.dll
0x00007ff8de5b0000 - 0x00007ff8de6db000 	C:\WINDOWS\System32\gdi32full.dll
0x00007ff8deb90000 - 0x00007ff8dec33000 	C:\WINDOWS\System32\msvcp_win.dll
0x00007ff8c4eb0000 - 0x00007ff8c5143000 	C:\WINDOWS\WinSxS\amd64_microsoft.windows.common-controls_6595b64144ccf1df_6.0.26100.8037_none_3e092faae333b53b\COMCTL32.dll
0x00007ff8e0140000 - 0x00007ff8e01e9000 	C:\WINDOWS\System32\msvcrt.dll
0x00007ff8e0b70000 - 0x00007ff8e0ba1000 	C:\WINDOWS\System32\IMM32.DLL
0x00007ff8c56a0000 - 0x00007ff8c56ac000 	c:\Users\kalra\.vscode\extensions\redhat.java-1.53.0-win32-x64\jre\21.0.10-win32-x86_64\bin\vcruntime140_1.dll
0x00007ff891e10000 - 0x00007ff891e9d000 	c:\Users\kalra\.vscode\extensions\redhat.java-1.53.0-win32-x64\jre\21.0.10-win32-x86_64\bin\msvcp140.dll
0x00007ff8264b0000 - 0x00007ff827251000 	c:\Users\kalra\.vscode\extensions\redhat.java-1.53.0-win32-x64\jre\21.0.10-win32-x86_64\bin\server\jvm.dll
0x00007ff8e0270000 - 0x00007ff8e032b000 	C:\WINDOWS\System32\ADVAPI32.dll
0x00007ff8e0960000 - 0x00007ff8e0a07000 	C:\WINDOWS\System32\sechost.dll
0x00007ff8dfc60000 - 0x00007ff8dfd78000 	C:\WINDOWS\System32\RPCRT4.dll
0x00007ff8e05b0000 - 0x00007ff8e0624000 	C:\WINDOWS\System32\WS2_32.dll
0x00007ff8dd5e0000 - 0x00007ff8dd63e000 	C:\WINDOWS\SYSTEM32\POWRPROF.dll
0x00007ff8d7020000 - 0x00007ff8d7055000 	C:\WINDOWS\SYSTEM32\WINMM.dll
0x00007ff8d7060000 - 0x00007ff8d706b000 	C:\WINDOWS\SYSTEM32\VERSION.dll
0x00007ff8dd5c0000 - 0x00007ff8dd5d4000 	C:\WINDOWS\SYSTEM32\UMPDC.dll
0x00007ff8dc510000 - 0x00007ff8dc52b000 	C:\WINDOWS\SYSTEM32\kernel.appcore.dll
0x00007ff8c4580000 - 0x00007ff8c458a000 	c:\Users\kalra\.vscode\extensions\redhat.java-1.53.0-win32-x64\jre\21.0.10-win32-x86_64\bin\jimage.dll
0x00007ff8d2f10000 - 0x00007ff8d3152000 	C:\WINDOWS\SYSTEM32\DBGHELP.DLL
0x00007ff8dfdb0000 - 0x00007ff8e0132000 	C:\WINDOWS\System32\combase.dll
0x00007ff8e0730000 - 0x00007ff8e0807000 	C:\WINDOWS\System32\OLEAUT32.dll
0x00007ff8c1bf0000 - 0x00007ff8c1c2b000 	C:\WINDOWS\SYSTEM32\dbgcore.DLL
0x00007ff8de6e0000 - 0x00007ff8de785000 	C:\WINDOWS\System32\bcryptPrimitives.dll
0x00007ff8c3710000 - 0x00007ff8c371f000 	c:\Users\kalra\.vscode\extensions\redhat.java-1.53.0-win32-x64\jre\21.0.10-win32-x86_64\bin\instrument.dll
0x00007ff8a6640000 - 0x00007ff8a6660000 	c:\Users\kalra\.vscode\extensions\redhat.java-1.53.0-win32-x64\jre\21.0.10-win32-x86_64\bin\java.dll
0x00007ff8df4f0000 - 0x00007ff8dfc4f000 	C:\WINDOWS\System32\SHELL32.dll
0x00007ff8dd840000 - 0x00007ff8dd9aa000 	C:\WINDOWS\System32\wintypes.dll
0x00007ff8ddbc0000 - 0x00007ff8de424000 	C:\WINDOWS\System32\windows.storage.dll
0x00007ff8e0630000 - 0x00007ff8e0727000 	C:\WINDOWS\System32\SHCORE.dll
0x00007ff8e0540000 - 0x00007ff8e05a7000 	C:\WINDOWS\System32\shlwapi.dll
0x00007ff8dd6a0000 - 0x00007ff8dd6c9000 	C:\WINDOWS\SYSTEM32\profapi.dll
0x00007ff8a65f0000 - 0x00007ff8a6608000 	c:\Users\kalra\.vscode\extensions\redhat.java-1.53.0-win32-x64\jre\21.0.10-win32-x86_64\bin\zip.dll
0x00007ff8c36e0000 - 0x00007ff8c36f0000 	C:\Users\kalra\.vscode\extensions\redhat.java-1.53.0-win32-x64\jre\21.0.10-win32-x86_64\bin\net.dll
0x00007ff8d6e90000 - 0x00007ff8d6fb7000 	C:\WINDOWS\SYSTEM32\WINHTTP.dll
0x00007ff8dca80000 - 0x00007ff8dcaeb000 	C:\WINDOWS\system32\mswsock.dll
0x00007ff8a6570000 - 0x00007ff8a6586000 	C:\Users\kalra\.vscode\extensions\redhat.java-1.53.0-win32-x64\jre\21.0.10-win32-x86_64\bin\nio.dll
0x00007ff8c3660000 - 0x00007ff8c3670000 	c:\Users\kalra\.vscode\extensions\redhat.java-1.53.0-win32-x64\jre\21.0.10-win32-x86_64\bin\verify.dll
0x00007ff8a5ee0000 - 0x00007ff8a5f25000 	C:\Users\kalra\AppData\Roaming\Code\User\globalStorage\redhat.java\1.53.0\config_win\org.eclipse.equinox.launcher\org.eclipse.equinox.launcher.win32.win32.x86_64_1.3.0.v20260203-2149\eclipse_11919.dll
0x00007ff8dec40000 - 0x00007ff8dedd5000 	C:\WINDOWS\System32\ole32.dll
0x00007ff8dcd60000 - 0x00007ff8dcd7b000 	C:\WINDOWS\SYSTEM32\CRYPTSP.dll
0x00007ff8dc470000 - 0x00007ff8dc4a9000 	C:\WINDOWS\system32\rsaenh.dll
0x00007ff8dcb30000 - 0x00007ff8dcb62000 	C:\WINDOWS\SYSTEM32\USERENV.dll
0x00007ff8dd670000 - 0x00007ff8dd69a000 	C:\WINDOWS\SYSTEM32\bcrypt.dll
0x00007ff8dcd80000 - 0x00007ff8dcd8c000 	C:\WINDOWS\SYSTEM32\CRYPTBASE.dll
0x00007ff8dbee0000 - 0x00007ff8dbf13000 	C:\WINDOWS\SYSTEM32\IPHLPAPI.DLL
0x00007ff8e0500000 - 0x00007ff8e050a000 	C:\WINDOWS\System32\NSI.dll
0x00007ff89dbc0000 - 0x00007ff89dc09000 	C:\Users\kalra\AppData\Local\Temp\jna-101813893\jna5100532926671054989.dll
0x00007ff8e0e50000 - 0x00007ff8e0e58000 	C:\WINDOWS\System32\PSAPI.DLL
0x00007ff8d88d0000 - 0x00007ff8d88ed000 	C:\WINDOWS\SYSTEM32\dhcpcsvc6.DLL
0x00007ff8d8670000 - 0x00007ff8d8693000 	C:\WINDOWS\SYSTEM32\dhcpcsvc.DLL
0x00007ff8b9020000 - 0x00007ff8b902e000 	C:\Users\kalra\.vscode\extensions\redhat.java-1.53.0-win32-x64\jre\21.0.10-win32-x86_64\bin\sunmscapi.dll
0x00007ff8de430000 - 0x00007ff8de5a7000 	C:\WINDOWS\System32\CRYPT32.dll
0x00007ff8dcf80000 - 0x00007ff8dcfb0000 	C:\WINDOWS\SYSTEM32\ncrypt.dll
0x00007ff8dcf30000 - 0x00007ff8dcf6f000 	C:\WINDOWS\SYSTEM32\NTASN1.dll
0x00007ff8dbf40000 - 0x00007ff8dc06a000 	C:\WINDOWS\SYSTEM32\DNSAPI.dll
0x00007ff8d6fe0000 - 0x00007ff8d6feb000 	C:\Windows\System32\rasadhlp.dll
0x00007ff8d8910000 - 0x00007ff8d8996000 	C:\WINDOWS\System32\fwpuclnt.dll
0x00007ff8b8ea0000 - 0x00007ff8b8ea9000 	C:\Users\kalra\.vscode\extensions\redhat.java-1.53.0-win32-x64\jre\21.0.10-win32-x86_64\bin\extnet.dll

JVMTI agents:
c:\Users\kalra\.vscode\extensions\redhat.java-1.53.0-win32-x64\lombok\lombok-1.18.39-4050.jar path:c:\Users\kalra\.vscode\extensions\redhat.java-1.53.0-win32-x64\jre\21.0.10-win32-x86_64\bin\instrument.dll, loaded, initialized, instrumentlib options:none

dbghelp: loaded successfully - version: 4.0.5 - missing functions: none
symbol engine: initialized successfully - sym options: 0x614 - pdb path: .;c:\Users\kalra\.vscode\extensions\redhat.java-1.53.0-win32-x64\jre\21.0.10-win32-x86_64\bin;C:\WINDOWS\SYSTEM32;C:\WINDOWS\WinSxS\amd64_microsoft.windows.common-controls_6595b64144ccf1df_6.0.26100.8037_none_3e092faae333b53b;c:\Users\kalra\.vscode\extensions\redhat.java-1.53.0-win32-x64\jre\21.0.10-win32-x86_64\bin\server;C:\Users\kalra\AppData\Roaming\Code\User\globalStorage\redhat.java\1.53.0\config_win\org.eclipse.equinox.launcher\org.eclipse.equinox.launcher.win32.win32.x86_64_1.3.0.v20260203-2149;C:\Users\kalra\AppData\Local\Temp\jna-101813893

VM Arguments:
jvm_args: --add-modules=ALL-SYSTEM --add-opens=java.base/java.util=ALL-UNNAMED --add-opens=java.base/java.lang=ALL-UNNAMED --add-opens=java.base/sun.nio.fs=ALL-UNNAMED -Declipse.application=org.eclipse.jdt.ls.core.id1 -Dosgi.bundles.defaultStartLevel=4 -Declipse.product=org.eclipse.jdt.ls.core.product -Djava.import.generatesMetadataFilesAtProjectRoot=false -DDetectVMInstallationsJob.disabled=true -Dfile.encoding=utf8 -XX:+UseParallelGC -XX:GCTimeRatio=4 -XX:AdaptiveSizePolicyWeight=90 -Dsun.zip.disableMemoryMapping=true -Xmx2G -Xms100m -Xlog:disable -javaagent:c:\Users\kalra\.vscode\extensions\redhat.java-1.53.0-win32-x64\lombok\lombok-1.18.39-4050.jar -XX:+HeapDumpOnOutOfMemoryError -XX:HeapDumpPath=c:\Users\kalra\AppData\Roaming\Code\User\workspaceStorage\4fda5c3b26c15e0cb27154c0e992db6d\redhat.java -Daether.dependencyCollector.impl=bf 
java_command: c:\Users\kalra\.vscode\extensions\redhat.java-1.53.0-win32-x64\server\plugins\org.eclipse.equinox.launcher_1.7.100.v20251111-0406.jar -configuration c:\Users\kalra\AppData\Roaming\Code\User\globalStorage\redhat.java\1.53.0\config_win -data c:\Users\kalra\AppData\Roaming\Code\User\workspaceStorage\4fda5c3b26c15e0cb27154c0e992db6d\redhat.java\jdt_ws --pipe=\\.\pipe\lsp-3ee6390a3937a7df1def96cb78d04ef7-sock
java_class_path (initial): c:\Users\kalra\.vscode\extensions\redhat.java-1.53.0-win32-x64\server\plugins\org.eclipse.equinox.launcher_1.7.100.v20251111-0406.jar
Launcher Type: SUN_STANDARD

[Global flags]
    uintx AdaptiveSizePolicyWeight                 = 90                                        {product} {command line}
     intx CICompilerCount                          = 4                                         {product} {ergonomic}
    uintx GCTimeRatio                              = 4                                         {product} {command line}
     bool HeapDumpOnOutOfMemoryError               = true                                   {manageable} {command line}
    ccstr HeapDumpPath                             = c:\Users\kalra\AppData\Roaming\Code\User\workspaceStorage\4fda5c3b26c15e0cb27154c0e992db6d\redhat.java         {manageable} {command line}
   size_t InitialHeapSize                          = 104857600                                 {product} {command line}
   size_t MaxHeapSize                              = 2147483648                                {product} {command line}
   size_t MaxNewSize                               = 715653120                                 {product} {ergonomic}
   size_t MinHeapDeltaBytes                        = 524288                                    {product} {ergonomic}
   size_t MinHeapSize                              = 104857600                                 {product} {command line}
   size_t NewSize                                  = 34603008                                  {product} {ergonomic}
    uintx NonNMethodCodeHeapSize                   = 5839372                                {pd product} {ergonomic}
    uintx NonProfiledCodeHeapSize                  = 122909434                              {pd product} {ergonomic}
   size_t OldSize                                  = 70254592                                  {product} {ergonomic}
    uintx ProfiledCodeHeapSize                     = 122909434                              {pd product} {ergonomic}
    uintx ReservedCodeCacheSize                    = 251658240                              {pd product} {ergonomic}
     bool SegmentedCodeCache                       = true                                      {product} {ergonomic}
   size_t SoftMaxHeapSize                          = 2147483648                             {manageable} {ergonomic}
     bool UseCompressedOops                        = true                           {product lp64_product} {ergonomic}
     bool UseLargePagesIndividualAllocation        = false                                  {pd product} {ergonomic}
     bool UseParallelGC                            = true                                      {product} {command line}

Logging:
Log output configuration:
 #0: stdout all=off uptime,level,tags foldmultilines=false
 #1: stderr all=off uptime,level,tags foldmultilines=false

Release file:
JAVA_VERSION="21.0.10" 
MODULES="java.base java.compiler java.datatransfer java.xml java.prefs java.desktop java.instrument java.logging java.management java.security.sasl java.naming java.rmi java.management.rmi java.net.http java.scripting java.security.jgss java.transaction.xa java.sql java.sql.rowset java.xml.crypto java.se java.smartcardio jdk.accessibility jdk.internal.jvmstat jdk.attach jdk.charsets jdk.internal.opt jdk.zipfs jdk.compiler jdk.crypto.ec jdk.crypto.cryptoki jdk.crypto.mscapi jdk.dynalink jdk.internal.ed jdk.editpad jdk.hotspot.agent jdk.httpserver jdk.internal.le jdk.internal.vm.ci jdk.internal.vm.compiler jdk.internal.vm.compiler.management jdk.jartool jdk.javadoc jdk.jcmd jdk.management jdk.management.agent jdk.jconsole jdk.jdeps jdk.jdwp.agent jdk.jdi jdk.jfr jdk.jshell jdk.jsobject jdk.jstatd jdk.localedata jdk.management.jfr jdk.naming.dns jdk.naming.rmi jdk.net jdk.nio.mapmode jdk.random jdk.sctp jdk.security.auth jdk.security.jgss jdk.unsupported jdk.unsupported.desktop jdk.xml.dom" 

Environment Variables:
PATH=C:\Users\kalra\AppData\Local\Programs\Microsoft VS Code;C:\Python314\Scripts\;C:\Python314\;C:\Program Files\nodejs\;C:\ProgramData\chocolatey\bin;D:\Git\cmd;C:\Users\kalra\AppData\Local\Programs\Python\Python313\Scripts\;C:\Users\kalra\AppData\Local\Programs\Python\Python313\;C:\Program Files\MySQL\MySQL Shell 8.0\bin\;C:\Users\kalra\AppData\Local\Programs\Python\Python312\Scripts\;C:\Users\kalra\AppData\Local\Programs\Python\Python312\;C:\Users\kalra\AppData\Local\Microsoft\WindowsApps;C:\Users\kalra\AppData\Local\Programs\Microsoft VS Code\bin;C:\Program Files\Azure Data Studio\bin;%JAVA_HOME%\bin;C:\Program Files\Maven\apache-maven-3.9.11\bin;C:\Program Files\MySQL\MySQL Server 8.0\bin;C:\Users\kalra\AppData\Roaming\npm;C:\Users\kalra\Downloads\flutter_windows_3.41.4-stable\flutter\bin;C:\Windows\System32;C:\Program Files\Git\cmd;C:\Windows\System32\WindowsPowerShell\v1.0\;
USERNAME=kalra
OS=Windows_NT
PROCESSOR_IDENTIFIER=AMD64 Family 23 Model 104 Stepping 1, AuthenticAMD
TMP=C:\Users\kalra\AppData\Local\Temp
TEMP=C:\Users\kalra\AppData\Local\Temp




Periodic native trim disabled

---------------  S Y S T E M  ---------------

OS:
 Windows 11 , 64 bit Build 26100 (10.0.26100.7920)
OS uptime: 1 days 20:10 hours
Hyper-V role detected

CPU: total 12 (initial active 12) (12 cores per cpu, 2 threads per core) family 23 model 104 stepping 1 microcode 0x8608107, cx8, cmov, fxsr, ht, mmx, 3dnowpref, sse, sse2, sse3, ssse3, sse4a, sse4.1, sse4.2, popcnt, lzcnt, tsc, tscinvbit, avx, avx2, aes, clmul, bmi1, bmi2, adx, sha, fma, vzeroupper, clflush, clflushopt, hv, rdtscp, rdpid, f16c
Processor Information for the first 12 processors :
  Max Mhz: 2100, Current Mhz: 2100, Mhz Limit: 2100

Memory: 4k page, system-wide physical 7501M (668M free)
TotalPageFile size 18395M (AvailPageFile size 76M)
current process WorkingSet (physical memory assigned to process): 294M, peak: 425M
current process commit charge ("private bytes"): 533M, peak: 553M

vm_info: OpenJDK 64-Bit Server VM (21.0.10+7-LTS) for windows-amd64 JRE (21.0.10+7-LTS), built on 2026-01-20T00:00:00Z by "admin" with MS VC++ 17.12 (VS2022)

END.
