#
# There is insufficient memory for the Java Runtime Environment to continue.
# Native memory allocation (malloc) failed to allocate 985616 bytes. Error detail: Chunk::new
# Possible reasons:
#   The system is out of physical RAM or swap space
#   This process is running with CompressedOops enabled, and the Java Heap may be blocking the growth of the native heap
# Possible solutions:
#   Reduce memory load on the system
#   Increase physical memory or swap space
#   Check if swap backing store is full
#   Decrease Java heap size (-Xmx/-Xms)
#   Decrease number of Java threads
#   Decrease Java thread stack sizes (-Xss)
#   Set larger code cache with -XX:ReservedCodeCacheSize=
#   JVM is running with Unscaled Compressed Oops mode in which the Java heap is
#     placed in the first 4GB address space. The Java Heap base address is the
#     maximum limit for the native heap growth. Please use -XX:HeapBaseMinAddress
#     to set the Java Heap base and to place the Java Heap above 4GB virtual address.
# This output file may be truncated or incomplete.
#
#  Out of Memory Error (arena.cpp:168), pid=12624, tid=9176
#
# JRE version: OpenJDK Runtime Environment Temurin-21.0.10+7 (21.0.10+7) (build 21.0.10+7-LTS)
# Java VM: OpenJDK 64-Bit Server VM Temurin-21.0.10+7 (21.0.10+7-LTS, mixed mode, sharing, tiered, compressed oops, compressed class ptrs, parallel gc, windows-amd64)
# No core dump will be written. Minidumps are not enabled by default on client versions of Windows
#

---------------  S U M M A R Y ------------

Command Line: --add-modules=ALL-SYSTEM --add-opens=java.base/java.util=ALL-UNNAMED --add-opens=java.base/java.lang=ALL-UNNAMED --add-opens=java.base/sun.nio.fs=ALL-UNNAMED -Declipse.application=org.eclipse.jdt.ls.core.id1 -Dosgi.bundles.defaultStartLevel=4 -Declipse.product=org.eclipse.jdt.ls.core.product -Djava.import.generatesMetadataFilesAtProjectRoot=false -DDetectVMInstallationsJob.disabled=true -Dfile.encoding=utf8 -XX:+UseParallelGC -XX:GCTimeRatio=4 -XX:AdaptiveSizePolicyWeight=90 -Dsun.zip.disableMemoryMapping=true -Xmx2G -Xms100m -Xlog:disable -javaagent:c:\Users\kalra\.vscode\extensions\redhat.java-1.53.0-win32-x64\lombok\lombok-1.18.39-4050.jar -XX:+HeapDumpOnOutOfMemoryError -XX:HeapDumpPath=c:\Users\kalra\AppData\Roaming\Code\User\workspaceStorage\4fda5c3b26c15e0cb27154c0e992db6d\redhat.java -Daether.dependencyCollector.impl=bf c:\Users\kalra\.vscode\extensions\redhat.java-1.53.0-win32-x64\server\plugins\org.eclipse.equinox.launcher_1.7.100.v20251111-0406.jar -configuration c:\Users\kalra\AppData\Roaming\Code\User\globalStorage\redhat.java\1.53.0\config_win -data c:\Users\kalra\AppData\Roaming\Code\User\workspaceStorage\4fda5c3b26c15e0cb27154c0e992db6d\redhat.java\jdt_ws --pipe=\\.\pipe\lsp-8728d3382513839c638094db5d2b20df-sock

Host: AMD Ryzen 5 5500U with Radeon Graphics         , 12 cores, 7G,  Windows 11 , 64 bit Build 26100 (10.0.26100.7920)
Time: Fri Mar 27 14:02:18 2026 India Standard Time elapsed time: 17.344078 seconds (0d 0h 0m 17s)

---------------  T H R E A D  ---------------

Current thread (0x000001dbecfbc5c0):  JavaThread "C2 CompilerThread2" daemon [_thread_in_native, id=9176, stack(0x000000b9efe00000,0x000000b9eff00000) (1024K)]


Current CompileTask:
C2:17344 11023       4       org.eclipse.jdt.internal.compiler.lookup.BinaryTypeBinding::createMethod (1666 bytes)

Stack: [0x000000b9efe00000,0x000000b9eff00000]
Native frames: (J=compiled Java code, j=interpreted, Vv=VM code, C=native code)
V  [jvm.dll+0x6d7a39]
V  [jvm.dll+0x8b4b26]
V  [jvm.dll+0x8b70de]
V  [jvm.dll+0x8b77c3]
V  [jvm.dll+0x284346]
V  [jvm.dll+0xc66ed]
V  [jvm.dll+0xc6c31]
V  [jvm.dll+0x2fb29e]
V  [jvm.dll+0x5fe884]
V  [jvm.dll+0x255b17]
V  [jvm.dll+0x24df54]
V  [jvm.dll+0x24ba42]
V  [jvm.dll+0x1cb34e]
V  [jvm.dll+0x25b85d]
V  [jvm.dll+0x259dea]
V  [jvm.dll+0x3f857e]
V  [jvm.dll+0x85f59d]
V  [jvm.dll+0x6d626d]
C  [ucrtbase.dll+0x37b0]
C  [KERNEL32.DLL+0x2e8d7]
C  [ntdll.dll+0x8c48c]


---------------  P R O C E S S  ---------------

Threads class SMR info:
_java_thread_list=0x000001dbf74ba120, length=94, elements={
0x000001dbd2e9b160, 0x000001dbd517bb80, 0x000001dbd517e870, 0x000001dbd5277700,
0x000001dbd527a770, 0x000001dbd5280790, 0x000001dbd52811f0, 0x000001dbecf03fe0,
0x000001dbecf28fa0, 0x000001dbed111e10, 0x000001dbed25eb60, 0x000001dbf26b0230,
0x000001dbf27305a0, 0x000001dbf2c51780, 0x000001dbf29ca200, 0x000001dbf2e0afa0,
0x000001dbf2d26670, 0x000001dbf2e7fed0, 0x000001dbf321b450, 0x000001dbf321a730,
0x000001dbf321bae0, 0x000001dbf321ce90, 0x000001dbf321a0a0, 0x000001dbf321c170,
0x000001dbf321d520, 0x000001dbf321c800, 0x000001dbf321adc0, 0x000001dbf57d7cf0,
0x000001dbf57d6fd0, 0x000001dbf57d6940, 0x000001dbf57d5c20, 0x000001dbf57d4f00,
0x000001dbf57d5590, 0x000001dbf57d7660, 0x000001dbf57d4870, 0x000001dbf57d8380,
0x000001dbf57d8a10, 0x000001dbf57d90a0, 0x000001dbf57d9730, 0x000001dbf57d62b0,
0x000001dbf57db800, 0x000001dbf57dbe90, 0x000001dbf5508e10, 0x000001dbf5508780,
0x000001dbf5507a60, 0x000001dbf5506020, 0x000001dbf5505990, 0x000001dbf55073d0,
0x000001dbf55080f0, 0x000001dbf55066b0, 0x000001dbf5506d40, 0x000001dbf550b570,
0x000001dbf550c290, 0x000001dbf28aaef0, 0x000001dbecfbc5c0, 0x000001dbf55094a0,
0x000001dbf550cfb0, 0x000001dbf5509b30, 0x000001dbf550a1c0, 0x000001dbf65e3280,
0x000001dbf65e5350, 0x000001dbf65e3fa0, 0x000001dbf6117be0, 0x000001dbf6117550,
0x000001dbf6118900, 0x000001dbf61161a0, 0x000001dbf6115b10, 0x000001dbf611bd80,
0x000001dbf611c410, 0x000001dbf6118f90, 0x000001dbf611caa0, 0x000001dbf611a9d0,
0x000001dbf6119620, 0x000001dbf611b060, 0x000001dbf611a340, 0x000001dbf6119cb0,
0x000001dbf611b6f0, 0x000001dbf65e3910, 0x000001dbf65e4cc0, 0x000001dbf65e1ed0,
0x000001dbf65e2560, 0x000001dbf65e2bf0, 0x000001dbf6675540, 0x000001dbf6676260,
0x000001dbf66768f0, 0x000001dbf6676f80, 0x000001dbf6677610, 0x000001dbf6675bd0,
0x000001dbf6677ca0, 0x000001dbf6678330, 0x000001dbf6679d70, 0x000001dbf6679050,
0x000001dbf667a400, 0x000001dbf66796e0
}

Java Threads: ( => current thread )
  0x000001dbd2e9b160 JavaThread "main"                              [_thread_blocked, id=876, stack(0x000000b9edc00000,0x000000b9edd00000) (1024K)]
  0x000001dbd517bb80 JavaThread "Reference Handler"          daemon [_thread_blocked, id=19068, stack(0x000000b9ee000000,0x000000b9ee100000) (1024K)]
  0x000001dbd517e870 JavaThread "Finalizer"                  daemon [_thread_blocked, id=10676, stack(0x000000b9ee100000,0x000000b9ee200000) (1024K)]
  0x000001dbd5277700 JavaThread "Signal Dispatcher"          daemon [_thread_blocked, id=19480, stack(0x000000b9ee200000,0x000000b9ee300000) (1024K)]
  0x000001dbd527a770 JavaThread "Attach Listener"            daemon [_thread_blocked, id=18248, stack(0x000000b9ee300000,0x000000b9ee400000) (1024K)]
  0x000001dbd5280790 JavaThread "Service Thread"             daemon [_thread_blocked, id=4948, stack(0x000000b9ee400000,0x000000b9ee500000) (1024K)]
  0x000001dbd52811f0 JavaThread "Monitor Deflation Thread"   daemon [_thread_blocked, id=3352, stack(0x000000b9ee500000,0x000000b9ee600000) (1024K)]
  0x000001dbecf03fe0 JavaThread "C2 CompilerThread0"         daemon [_thread_in_native, id=15560, stack(0x000000b9ee600000,0x000000b9ee700000) (1024K)]
  0x000001dbecf28fa0 JavaThread "C1 CompilerThread0"         daemon [_thread_in_native, id=18812, stack(0x000000b9ee700000,0x000000b9ee800000) (1024K)]
  0x000001dbed111e10 JavaThread "Common-Cleaner"             daemon [_thread_blocked, id=16668, stack(0x000000b9ee800000,0x000000b9ee900000) (1024K)]
  0x000001dbed25eb60 JavaThread "Notification Thread"        daemon [_thread_blocked, id=23888, stack(0x000000b9eea00000,0x000000b9eeb00000) (1024K)]
  0x000001dbf26b0230 JavaThread "Active Thread: Equinox Container: 67f4066f-3c3b-46ae-b67c-85013b6da7dd"        [_thread_blocked, id=5656, stack(0x000000b9ef200000,0x000000b9ef300000) (1024K)]
  0x000001dbf27305a0 JavaThread "Refresh Thread: Equinox Container: 67f4066f-3c3b-46ae-b67c-85013b6da7dd" daemon [_thread_blocked, id=22928, stack(0x000000b9ef400000,0x000000b9ef500000) (1024K)]
  0x000001dbf2c51780 JavaThread "Framework Event Dispatcher: Equinox Container: 67f4066f-3c3b-46ae-b67c-85013b6da7dd" daemon [_thread_blocked, id=24144, stack(0x000000b9ef500000,0x000000b9ef600000) (1024K)]
  0x000001dbf29ca200 JavaThread "Start Level: Equinox Container: 67f4066f-3c3b-46ae-b67c-85013b6da7dd" daemon [_thread_blocked, id=14012, stack(0x000000b9ef600000,0x000000b9ef700000) (1024K)]
  0x000001dbf2e0afa0 JavaThread "Bundle File Closer"         daemon [_thread_blocked, id=3904, stack(0x000000b9ef900000,0x000000b9efa00000) (1024K)]
  0x000001dbf2d26670 JavaThread "SCR Component Actor"        daemon [_thread_blocked, id=20656, stack(0x000000b9efa00000,0x000000b9efb00000) (1024K)]
  0x000001dbf2e7fed0 JavaThread "Worker-JM"                         [_thread_blocked, id=7808, stack(0x000000b9efb00000,0x000000b9efc00000) (1024K)]
  0x000001dbf321b450 JavaThread "JNA Cleaner"                daemon [_thread_blocked, id=18940, stack(0x000000b9eeb00000,0x000000b9eec00000) (1024K)]
  0x000001dbf321a730 JavaThread "Worker-0"                          [_thread_blocked, id=8776, stack(0x000000b9efc00000,0x000000b9efd00000) (1024K)]
  0x000001dbf321bae0 JavaThread "Worker-1: Building"                [_thread_blocked, id=24548, stack(0x000000b9efd00000,0x000000b9efe00000) (1024K)]
  0x000001dbf321ce90 JavaThread "Java indexing"              daemon [_thread_blocked, id=10260, stack(0x000000b9eff00000,0x000000b9f0000000) (1024K)]
  0x000001dbf321a0a0 JavaThread "Worker-2"                          [_thread_blocked, id=5356, stack(0x000000b9f0200000,0x000000b9f0300000) (1024K)]
  0x000001dbf321c170 JavaThread "Worker-3: Initialize workspace"        [_thread_blocked, id=17800, stack(0x000000b9f0300000,0x000000b9f0400000) (1024K)]
  0x000001dbf321d520 JavaThread "Worker-4"                          [_thread_blocked, id=21520, stack(0x000000b9f0400000,0x000000b9f0500000) (1024K)]
  0x000001dbf321c800 JavaThread "Thread-1"                   daemon [_thread_in_native, id=11904, stack(0x000000b9f0500000,0x000000b9f0600000) (1024K)]
  0x000001dbf321adc0 JavaThread "Thread-2"                   daemon [_thread_in_native, id=13764, stack(0x000000b9f0600000,0x000000b9f0700000) (1024K)]
  0x000001dbf57d7cf0 JavaThread "Thread-3"                   daemon [_thread_in_native, id=10872, stack(0x000000b9f0700000,0x000000b9f0800000) (1024K)]
  0x000001dbf57d6fd0 JavaThread "Thread-4"                   daemon [_thread_in_native, id=22120, stack(0x000000b9f0800000,0x000000b9f0900000) (1024K)]
  0x000001dbf57d6940 JavaThread "Thread-5"                   daemon [_thread_in_native, id=13096, stack(0x000000b9f0900000,0x000000b9f0a00000) (1024K)]
  0x000001dbf57d5c20 JavaThread "Thread-6"                   daemon [_thread_in_native, id=14096, stack(0x000000b9f0a00000,0x000000b9f0b00000) (1024K)]
  0x000001dbf57d4f00 JavaThread "Thread-7"                   daemon [_thread_in_native, id=20924, stack(0x000000b9f0b00000,0x000000b9f0c00000) (1024K)]
  0x000001dbf57d5590 JavaThread "Thread-8"                   daemon [_thread_in_native, id=8852, stack(0x000000b9f0c00000,0x000000b9f0d00000) (1024K)]
  0x000001dbf57d7660 JavaThread "Thread-9"                   daemon [_thread_in_native, id=4460, stack(0x000000b9f0d00000,0x000000b9f0e00000) (1024K)]
  0x000001dbf57d4870 JavaThread "Thread-10"                  daemon [_thread_in_native, id=8900, stack(0x000000b9f0e00000,0x000000b9f0f00000) (1024K)]
  0x000001dbf57d8380 JavaThread "Thread-11"                  daemon [_thread_in_native, id=20952, stack(0x000000b9f0f00000,0x000000b9f1000000) (1024K)]
  0x000001dbf57d8a10 JavaThread "Thread-12"                  daemon [_thread_in_native, id=4764, stack(0x000000b9f1000000,0x000000b9f1100000) (1024K)]
  0x000001dbf57d90a0 JavaThread "Thread-13"                  daemon [_thread_in_native, id=23044, stack(0x000000b9f1100000,0x000000b9f1200000) (1024K)]
  0x000001dbf57d9730 JavaThread "pool-2-thread-1"                   [_thread_blocked, id=4356, stack(0x000000b9f1200000,0x000000b9f1300000) (1024K)]
  0x000001dbf57d62b0 JavaThread "WorkspaceEventsHandler"            [_thread_blocked, id=12388, stack(0x000000b9f1300000,0x000000b9f1400000) (1024K)]
  0x000001dbf57db800 JavaThread "pool-1-thread-1"                   [_thread_blocked, id=21876, stack(0x000000b9f1400000,0x000000b9f1500000) (1024K)]
  0x000001dbf57dbe90 JavaThread "Equinox resolver thread - Equinox Container: 67f4066f-3c3b-46ae-b67c-85013b6da7dd" daemon [_thread_blocked, id=21720, stack(0x000000b9f1500000,0x000000b9f1600000) (1024K)]
  0x000001dbf5508e10 JavaThread "Equinox resolver thread - Equinox Container: 67f4066f-3c3b-46ae-b67c-85013b6da7dd" daemon [_thread_blocked, id=18468, stack(0x000000b9f1600000,0x000000b9f1700000) (1024K)]
  0x000001dbf5508780 JavaThread "Equinox resolver thread - Equinox Container: 67f4066f-3c3b-46ae-b67c-85013b6da7dd" daemon [_thread_blocked, id=15084, stack(0x000000b9f1700000,0x000000b9f1800000) (1024K)]
  0x000001dbf5507a60 JavaThread "Equinox resolver thread - Equinox Container: 67f4066f-3c3b-46ae-b67c-85013b6da7dd" daemon [_thread_blocked, id=8228, stack(0x000000b9f1800000,0x000000b9f1900000) (1024K)]
  0x000001dbf5506020 JavaThread "Equinox resolver thread - Equinox Container: 67f4066f-3c3b-46ae-b67c-85013b6da7dd" daemon [_thread_blocked, id=23272, stack(0x000000b9f1900000,0x000000b9f1a00000) (1024K)]
  0x000001dbf5505990 JavaThread "Equinox resolver thread - Equinox Container: 67f4066f-3c3b-46ae-b67c-85013b6da7dd" daemon [_thread_blocked, id=15424, stack(0x000000b9f1a00000,0x000000b9f1b00000) (1024K)]
  0x000001dbf55073d0 JavaThread "Equinox resolver thread - Equinox Container: 67f4066f-3c3b-46ae-b67c-85013b6da7dd" daemon [_thread_blocked, id=22024, stack(0x000000b9f1b00000,0x000000b9f1c00000) (1024K)]
  0x000001dbf55080f0 JavaThread "Equinox resolver thread - Equinox Container: 67f4066f-3c3b-46ae-b67c-85013b6da7dd" daemon [_thread_blocked, id=7132, stack(0x000000b9f1c00000,0x000000b9f1d00000) (1024K)]
  0x000001dbf55066b0 JavaThread "Equinox resolver thread - Equinox Container: 67f4066f-3c3b-46ae-b67c-85013b6da7dd" daemon [_thread_blocked, id=23976, stack(0x000000b9f1d00000,0x000000b9f1e00000) (1024K)]
  0x000001dbf5506d40 JavaThread "Equinox resolver thread - Equinox Container: 67f4066f-3c3b-46ae-b67c-85013b6da7dd" daemon [_thread_blocked, id=22756, stack(0x000000b9f1e00000,0x000000b9f1f00000) (1024K)]
  0x000001dbf550b570 JavaThread "Equinox resolver thread - Equinox Container: 67f4066f-3c3b-46ae-b67c-85013b6da7dd" daemon [_thread_blocked, id=23160, stack(0x000000b9f1f00000,0x000000b9f2000000) (1024K)]
  0x000001dbf550c290 JavaThread "Equinox resolver thread - Equinox Container: 67f4066f-3c3b-46ae-b67c-85013b6da7dd" daemon [_thread_blocked, id=11736, stack(0x000000b9f2000000,0x000000b9f2100000) (1024K)]
  0x000001dbf28aaef0 JavaThread "C2 CompilerThread1"         daemon [_thread_in_native, id=16372, stack(0x000000b9ee900000,0x000000b9eea00000) (1024K)]
=>0x000001dbecfbc5c0 JavaThread "C2 CompilerThread2"         daemon [_thread_in_native, id=9176, stack(0x000000b9efe00000,0x000000b9eff00000) (1024K)]
  0x000001dbf55094a0 JavaThread "ForkJoinPool.commonPool-worker-1" daemon [_thread_blocked, id=14792, stack(0x000000b9f2100000,0x000000b9f2200000) (1024K)]
  0x000001dbf550cfb0 JavaThread "Worker-5"                          [_thread_blocked, id=10800, stack(0x000000b9f2200000,0x000000b9f2300000) (1024K)]
  0x000001dbf5509b30 JavaThread "ForkJoinPool.commonPool-worker-2" daemon [_thread_blocked, id=23188, stack(0x000000b9f2300000,0x000000b9f2400000) (1024K)]
  0x000001dbf550a1c0 JavaThread "ForkJoinPool.commonPool-worker-3" daemon [_thread_blocked, id=9656, stack(0x000000b9f2400000,0x000000b9f2500000) (1024K)]
  0x000001dbf65e3280 JavaThread "ForkJoinPool.commonPool-worker-4" daemon [_thread_blocked, id=8984, stack(0x000000b9f2500000,0x000000b9f2600000) (1024K)]
  0x000001dbf65e5350 JavaThread "ForkJoinPool.commonPool-worker-5" daemon [_thread_blocked, id=21148, stack(0x000000b9f2600000,0x000000b9f2700000) (1024K)]
  0x000001dbf65e3fa0 JavaThread "ForkJoinPool.commonPool-worker-6" daemon [_thread_blocked, id=13136, stack(0x000000b9f2c00000,0x000000b9f2d00000) (1024K)]
  0x000001dbf6117be0 JavaThread "ForkJoinPool.commonPool-worker-7" daemon [_thread_blocked, id=11508, stack(0x000000b9f2d00000,0x000000b9f2e00000) (1024K)]
  0x000001dbf6117550 JavaThread "ForkJoinPool.commonPool-worker-8" daemon [_thread_blocked, id=932, stack(0x000000b9f2e00000,0x000000b9f2f00000) (1024K)]
  0x000001dbf6118900 JavaThread "ForkJoinPool.commonPool-worker-9" daemon [_thread_blocked, id=19472, stack(0x000000b9f2f00000,0x000000b9f3000000) (1024K)]
  0x000001dbf61161a0 JavaThread "ForkJoinPool.commonPool-worker-11" daemon [_thread_blocked, id=10540, stack(0x000000b9f3000000,0x000000b9f3100000) (1024K)]
  0x000001dbf6115b10 JavaThread "ForkJoinPool.commonPool-worker-10" daemon [_thread_blocked, id=4328, stack(0x000000b9f3100000,0x000000b9f3200000) (1024K)]
  0x000001dbf611bd80 JavaThread "Cleaner-0"                  daemon [_thread_blocked, id=21724, stack(0x000000b9f2700000,0x000000b9f2800000) (1024K)]
  0x000001dbf611c410 JavaThread "LocalFile Deleter"          daemon [_thread_blocked, id=21304, stack(0x000000b9f2800000,0x000000b9f2900000) (1024K)]
  0x000001dbf6118f90 JavaThread "LocalFile Deleter"          daemon [_thread_blocked, id=22216, stack(0x000000b9f2900000,0x000000b9f2a00000) (1024K)]
  0x000001dbf611caa0 JavaThread "LocalFile Deleter"          daemon [_thread_blocked, id=2368, stack(0x000000b9f2a00000,0x000000b9f2b00000) (1024K)]
  0x000001dbf611a9d0 JavaThread "LocalFile Deleter"          daemon [_thread_blocked, id=20492, stack(0x000000b9f2b00000,0x000000b9f2c00000) (1024K)]
  0x000001dbf6119620 JavaThread "LocalFile Deleter"          daemon [_thread_blocked, id=11176, stack(0x000000b9f3200000,0x000000b9f3300000) (1024K)]
  0x000001dbf611b060 JavaThread "LocalFile Deleter"          daemon [_thread_blocked, id=23636, stack(0x000000b9f3300000,0x000000b9f3400000) (1024K)]
  0x000001dbf611a340 JavaThread "LocalFile Deleter"          daemon [_thread_blocked, id=21796, stack(0x000000b9f3400000,0x000000b9f3500000) (1024K)]
  0x000001dbf6119cb0 JavaThread "LocalFile Deleter"          daemon [_thread_blocked, id=24272, stack(0x000000b9f3500000,0x000000b9f3600000) (1024K)]
  0x000001dbf611b6f0 JavaThread "LocalFile Deleter"          daemon [_thread_blocked, id=1972, stack(0x000000b9f3600000,0x000000b9f3700000) (1024K)]
  0x000001dbf65e3910 JavaThread "LocalFile Deleter"          daemon [_thread_blocked, id=10552, stack(0x000000b9f3700000,0x000000b9f3800000) (1024K)]
  0x000001dbf65e4cc0 JavaThread "LocalFile Deleter"          daemon [_thread_blocked, id=18288, stack(0x000000b9f3800000,0x000000b9f3900000) (1024K)]
  0x000001dbf65e1ed0 JavaThread "LocalFile Deleter"          daemon [_thread_blocked, id=2956, stack(0x000000b9f3900000,0x000000b9f3a00000) (1024K)]
  0x000001dbf65e2560 JavaThread "Compiler Source File Reader" daemon [_thread_blocked, id=17676, stack(0x000000b9f3a00000,0x000000b9f3b00000) (1024K)]
  0x000001dbf65e2bf0 JavaThread "Compiler Source File Reader" daemon [_thread_blocked, id=9212, stack(0x000000b9f3b00000,0x000000b9f3c00000) (1024K)]
  0x000001dbf6675540 JavaThread "Compiler Source File Reader" daemon [_thread_blocked, id=23972, stack(0x000000b9f3c00000,0x000000b9f3d00000) (1024K)]
  0x000001dbf6676260 JavaThread "Compiler Source File Reader" daemon [_thread_blocked, id=22092, stack(0x000000b9f3d00000,0x000000b9f3e00000) (1024K)]
  0x000001dbf66768f0 JavaThread "Compiler Source File Reader" daemon [_thread_blocked, id=16980, stack(0x000000b9f3e00000,0x000000b9f3f00000) (1024K)]
  0x000001dbf6676f80 JavaThread "Compiler Source File Reader" daemon [_thread_blocked, id=20248, stack(0x000000b9f3f00000,0x000000b9f4000000) (1024K)]
  0x000001dbf6677610 JavaThread "Compiler Source File Reader" daemon [_thread_blocked, id=14252, stack(0x000000b9f4000000,0x000000b9f4100000) (1024K)]
  0x000001dbf6675bd0 JavaThread "Compiler Source File Reader" daemon [_thread_blocked, id=13032, stack(0x000000b9f4100000,0x000000b9f4200000) (1024K)]
  0x000001dbf6677ca0 JavaThread "Compiler Source File Reader" daemon [_thread_blocked, id=4856, stack(0x000000b9f4200000,0x000000b9f4300000) (1024K)]
  0x000001dbf6678330 JavaThread "Compiler Source File Reader" daemon [_thread_blocked, id=1548, stack(0x000000b9f4300000,0x000000b9f4400000) (1024K)]
  0x000001dbf6679d70 JavaThread "Compiler Processing Task"   daemon [_thread_in_Java, id=5992, stack(0x000000b9f4400000,0x000000b9f4500000) (1024K)]
  0x000001dbf6679050 JavaThread "Compiler Class File Writer" daemon [_thread_blocked, id=20808, stack(0x000000b9f4500000,0x000000b9f4600000) (1024K)]
  0x000001dbf667a400 JavaThread "Compiler Class File Writer" daemon [_thread_blocked, id=22044, stack(0x000000b9f4600000,0x000000b9f4700000) (1024K)]
  0x000001dbf66796e0 JavaThread "Compiler Class File Writer" daemon [_thread_blocked, id=14044, stack(0x000000b9f4700000,0x000000b9f4800000) (1024K)]
Total: 94

Other Threads:
  0x000001dbd5162c80 VMThread "VM Thread"                           [id=13740, stack(0x000000b9edf00000,0x000000b9ee000000) (1024K)]
  0x000001dbd505ca00 WatcherThread "VM Periodic Task Thread"        [id=3988, stack(0x000000b9ede00000,0x000000b9edf00000) (1024K)]
  0x000001dbd51f2d20 WorkerThread "GC Thread#0"                     [id=16300, stack(0x000000b9edd00000,0x000000b9ede00000) (1024K)]
  0x000001dbf27dae80 WorkerThread "GC Thread#1"                     [id=7164, stack(0x000000b9eec00000,0x000000b9eed00000) (1024K)]
  0x000001dbf2927dd0 WorkerThread "GC Thread#2"                     [id=15184, stack(0x000000b9eed00000,0x000000b9eee00000) (1024K)]
  0x000001dbf2928180 WorkerThread "GC Thread#3"                     [id=1244, stack(0x000000b9eee00000,0x000000b9eef00000) (1024K)]
  0x000001dbf2928530 WorkerThread "GC Thread#4"                     [id=14272, stack(0x000000b9eef00000,0x000000b9ef000000) (1024K)]
  0x000001dbf29288e0 WorkerThread "GC Thread#5"                     [id=996, stack(0x000000b9ef000000,0x000000b9ef100000) (1024K)]
  0x000001dbf259d050 WorkerThread "GC Thread#6"                     [id=22340, stack(0x000000b9ef100000,0x000000b9ef200000) (1024K)]
  0x000001dbf2906520 WorkerThread "GC Thread#7"                     [id=8648, stack(0x000000b9ef300000,0x000000b9ef400000) (1024K)]
  0x000001dbf2f91590 WorkerThread "GC Thread#8"                     [id=4696, stack(0x000000b9ef700000,0x000000b9ef800000) (1024K)]
  0x000001dbf2f91940 WorkerThread "GC Thread#9"                     [id=11436, stack(0x000000b9ef800000,0x000000b9ef900000) (1024K)]
Total: 12

Threads with active compile tasks:
C2 CompilerThread0  17377 11303 % !   4       org.eclipse.jdt.internal.compiler.classfmt.ClassFileReader::<init> @ 81 (1968 bytes)
C1 CompilerThread0  17377 11386   !   2       org.eclipse.jdt.internal.compiler.lookup.ParameterizedTypeBinding::capture (313 bytes)
C2 CompilerThread1  17377 11297       4       org.eclipse.jdt.internal.compiler.lookup.LookupEnvironment::getTypeFromSignature (376 bytes)
C2 CompilerThread2  17377 11023       4       org.eclipse.jdt.internal.compiler.lookup.BinaryTypeBinding::createMethod (1666 bytes)
Total: 4

VM state: not at safepoint (normal execution)

VM Mutex/Monitor currently owned by a thread: None

Heap address: 0x0000000080000000, size: 2048 MB, Compressed Oops mode: 32-bit

CDS archive(s) mapped at: [0x000001db80000000-0x000001db80ba0000-0x000001db80ba0000), size 12189696, SharedBaseAddress: 0x000001db80000000, ArchiveRelocationMode: 1.
Compressed class space mapped at: 0x000001db81000000-0x000001dbc1000000, reserved size: 1073741824
Narrow klass base: 0x000001db80000000, Narrow klass shift: 0, Narrow klass range: 0x100000000

GC Precious Log:
 CardTable entry size: 512
 CPUs: 12 total, 12 available
 Memory: 7501M
 Large Page Support: Disabled
 NUMA Support: Disabled
 Compressed Oops: Enabled (32-bit)
 Alignments: Space 512K, Generation 512K, Heap 2M
 Heap Min Capacity: 100M
 Heap Initial Capacity: 100M
 Heap Max Capacity: 2G
 Pre-touch: Disabled
 Parallel Workers: 10

Heap:
 PSYoungGen      total 15360K, used 9441K [0x00000000d5580000, 0x00000000d6a80000, 0x0000000100000000)
  eden space 12288K, 51% used [0x00000000d5580000,0x00000000d5bbaeb0,0x00000000d6180000)
  from space 3072K, 99% used [0x00000000d6180000,0x00000000d647d8f0,0x00000000d6480000)
  to   space 4608K, 0% used [0x00000000d6600000,0x00000000d6600000,0x00000000d6a80000)
 ParOldGen       total 86016K, used 85786K [0x0000000080000000, 0x0000000085400000, 0x00000000d5580000)
  object space 86016K, 99% used [0x0000000080000000,0x00000000853c6a20,0x0000000085400000)
 Metaspace       used 67467K, committed 68992K, reserved 1114112K
  class space    used 7125K, committed 7808K, reserved 1048576K

Card table byte_map: [0x000001dbd4b70000,0x000001dbd4f80000] _byte_map_base: 0x000001dbd4770000

Marking Bits: (ParMarkBitMap*) 0x00007ff8198a3450
 Begin Bits: [0x000001dbe7680000, 0x000001dbe9680000)
 End Bits:   [0x000001dbe9680000, 0x000001dbeb680000)

Polling page: 0x000001dbd3010000

Metaspace:

Usage:
  Non-class:     58.93 MB used.
      Class:      6.96 MB used.
       Both:     65.89 MB used.

Virtual space:
  Non-class space:       64.00 MB reserved,      59.75 MB ( 93%) committed,  1 nodes.
      Class space:        1.00 GB reserved,       7.62 MB ( <1%) committed,  1 nodes.
             Both:        1.06 GB reserved,      67.38 MB (  6%) committed. 

Chunk freelists:
   Non-Class:  3.44 MB
       Class:  8.29 MB
        Both:  11.73 MB

MaxMetaspaceSize: unlimited
CompressedClassSpaceSize: 1.00 GB
Initial GC threshold: 21.00 MB
Current GC threshold: 97.31 MB
CDS: on
 - commit_granule_bytes: 65536.
 - commit_granule_words: 8192.
 - virtual_space_node_default_size: 8388608.
 - enlarge_chunks_in_place: 1.
 - use_allocation_guard: 0.


Internal statistics:

num_allocs_failed_limit: 9.
num_arena_births: 1218.
num_arena_deaths: 14.
num_vsnodes_births: 2.
num_vsnodes_deaths: 0.
num_space_committed: 1078.
num_space_uncommitted: 0.
num_chunks_returned_to_freelist: 23.
num_chunks_taken_from_freelist: 4485.
num_chunk_merges: 14.
num_chunk_splits: 2701.
num_chunks_enlarged: 1451.
num_inconsistent_stats: 0.

CodeHeap 'non-profiled nmethods': size=120000Kb used=6289Kb max_used=6289Kb free=113711Kb
 bounds [0x000001dbdfea0000, 0x000001dbe04d0000, 0x000001dbe73d0000]
CodeHeap 'profiled nmethods': size=120000Kb used=22460Kb max_used=22460Kb free=97539Kb
 bounds [0x000001dbd83d0000, 0x000001dbd99c0000, 0x000001dbdf900000]
CodeHeap 'non-nmethods': size=5760Kb used=1450Kb max_used=1503Kb free=4309Kb
 bounds [0x000001dbdf900000, 0x000001dbdfb70000, 0x000001dbdfea0000]
CodeCache: size=245760Kb, used=30199Kb, max_used=30252Kb, free=215559Kb
 total_blobs=11289, nmethods=10516, adapters=678, full_count=0
Compilation: enabled, stopped_count=0, restarted_count=0

Compilation events (20 events):
Event: 17.320 Thread 0x000001dbecf28fa0 11318       2       org.eclipse.jdt.internal.compiler.flow.FlowInfo::reachMode (7 bytes)
Event: 17.320 Thread 0x000001dbecf28fa0 nmethod 11318 0x000001dbd998aa90 code [0x000001dbd998ac20, 0x000001dbd998ad28]
Event: 17.320 Thread 0x000001dbecf28fa0 11320       2       org.eclipse.jdt.internal.compiler.codegen.CodeStream::recordPositionsFrom (8 bytes)
Event: 17.320 Thread 0x000001dbecf28fa0 nmethod 11320 0x000001dbd998ad90 code [0x000001dbd998af40, 0x000001dbd998b070]
Event: 17.320 Thread 0x000001dbecf28fa0 11321       2       org.eclipse.jdt.internal.compiler.codegen.CodeStream::recordPositionsFrom (813 bytes)
Event: 17.321 Thread 0x000001dbecf28fa0 nmethod 11321 0x000001dbd998b110 code [0x000001dbd998b3a0, 0x000001dbd998c008]
Event: 17.321 Thread 0x000001dbecf28fa0 11322 %     3       org.eclipse.jdt.internal.compiler.codegen.ConstantPool::literalIndex @ 152 (400 bytes)
Event: 17.324 Thread 0x000001dbecf28fa0 nmethod 11322% 0x000001dbd998c790 code [0x000001dbd998cb80, 0x000001dbd998ea70]
Event: 17.325 Thread 0x000001dbecf28fa0 11332       3       org.eclipse.jdt.internal.compiler.parser.Parser::consumeToken (2260 bytes)
Event: 17.333 Thread 0x000001dbecf28fa0 nmethod 11332 0x000001dbd998f810 code [0x000001dbd9990620, 0x000001dbd99993e0]
Event: 17.333 Thread 0x000001dbecf28fa0 11336       3       org.eclipse.jdt.internal.compiler.lookup.LookupEnvironment::getTypeFromVariantTypeSignature (222 bytes)
Event: 17.334 Thread 0x000001dbecf28fa0 nmethod 11336 0x000001dbd999b110 code [0x000001dbd999b3c0, 0x000001dbd999bed8]
Event: 17.334 Thread 0x000001dbecf28fa0 11337       3       org.eclipse.jdt.internal.compiler.lookup.LookupEnvironment::createParameterizedType (44 bytes)
Event: 17.335 Thread 0x000001dbecf28fa0 nmethod 11337 0x000001dbd999c290 code [0x000001dbd999c480, 0x000001dbd999c968]
Event: 17.335 Thread 0x000001dbecf28fa0 11325       3       org.eclipse.jdt.internal.compiler.lookup.SortedSimpleNameVector::add (84 bytes)
Event: 17.335 Thread 0x000001dbecf28fa0 nmethod 11325 0x000001dbd999cb10 code [0x000001dbd999cce0, 0x000001dbd999d118]
Event: 17.335 Thread 0x000001dbecf28fa0 11338       3       org.eclipse.jdt.internal.compiler.lookup.PackageBinding::getTypeOrPackage (368 bytes)
Event: 17.338 Thread 0x000001dbecf28fa0 nmethod 11338 0x000001dbd999d290 code [0x000001dbd999d720, 0x000001dbd99a00a8]
Event: 17.338 Thread 0x000001dbecf28fa0 11335       3       lombok.core.TypeResolver::typeRefToFullyQualifiedName (487 bytes)
Event: 17.341 Thread 0x000001dbf28aaef0 nmethod 11286 0x000001dbe04c1310 code [0x000001dbe04c1700, 0x000001dbe04c28f0]

GC Heap History (20 events):
Event: 15.669 GC heap before
{Heap before GC invocations=75 (full 3):
 PSYoungGen      total 17920K, used 17898K [0x00000000d5580000, 0x00000000d7180000, 0x0000000100000000)
  eden space 13312K, 100% used [0x00000000d5580000,0x00000000d6280000,0x00000000d6280000)
  from space 4608K, 99% used [0x00000000d6280000,0x00000000d66fa820,0x00000000d6700000)
  to   space 7680K, 0% used [0x00000000d6a00000,0x00000000d6a00000,0x00000000d7180000)
 ParOldGen       total 69632K, used 69586K [0x0000000080000000, 0x0000000084400000, 0x00000000d5580000)
  object space 69632K, 99% used [0x0000000080000000,0x00000000843f4af0,0x0000000084400000)
 Metaspace       used 62099K, committed 63552K, reserved 1114112K
  class space    used 6672K, committed 7296K, reserved 1048576K
}
Event: 15.677 GC heap after
{Heap after GC invocations=75 (full 3):
 PSYoungGen      total 17408K, used 3633K [0x00000000d5580000, 0x00000000d6e00000, 0x0000000100000000)
  eden space 13312K, 0% used [0x00000000d5580000,0x00000000d5580000,0x00000000d6280000)
  from space 4096K, 88% used [0x00000000d6a00000,0x00000000d6d8c4a0,0x00000000d6e00000)
  to   space 5120K, 0% used [0x00000000d6400000,0x00000000d6400000,0x00000000d6900000)
 ParOldGen       total 74240K, used 73933K [0x0000000080000000, 0x0000000084880000, 0x00000000d5580000)
  object space 74240K, 99% used [0x0000000080000000,0x0000000084833668,0x0000000084880000)
 Metaspace       used 62099K, committed 63552K, reserved 1114112K
  class space    used 6672K, committed 7296K, reserved 1048576K
}
Event: 15.901 GC heap before
{Heap before GC invocations=76 (full 3):
 PSYoungGen      total 17408K, used 16945K [0x00000000d5580000, 0x00000000d6e00000, 0x0000000100000000)
  eden space 13312K, 99% used [0x00000000d5580000,0x00000000d627fff8,0x00000000d6280000)
  from space 4096K, 88% used [0x00000000d6a00000,0x00000000d6d8c4a0,0x00000000d6e00000)
  to   space 5120K, 0% used [0x00000000d6400000,0x00000000d6400000,0x00000000d6900000)
 ParOldGen       total 74240K, used 73933K [0x0000000080000000, 0x0000000084880000, 0x00000000d5580000)
  object space 74240K, 99% used [0x0000000080000000,0x0000000084833668,0x0000000084880000)
 Metaspace       used 63285K, committed 64704K, reserved 1114112K
  class space    used 6778K, committed 7424K, reserved 1048576K
}
Event: 15.907 GC heap after
{Heap after GC invocations=76 (full 3):
 PSYoungGen      total 14848K, used 1109K [0x00000000d5580000, 0x00000000d6a80000, 0x0000000100000000)
  eden space 13312K, 0% used [0x00000000d5580000,0x00000000d5580000,0x00000000d6280000)
  from space 1536K, 72% used [0x00000000d6400000,0x00000000d6515650,0x00000000d6580000)
  to   space 2560K, 0% used [0x00000000d6800000,0x00000000d6800000,0x00000000d6a80000)
 ParOldGen       total 77312K, used 77125K [0x0000000080000000, 0x0000000084b80000, 0x00000000d5580000)
  object space 77312K, 99% used [0x0000000080000000,0x0000000084b517e8,0x0000000084b80000)
 Metaspace       used 63285K, committed 64704K, reserved 1114112K
  class space    used 6778K, committed 7424K, reserved 1048576K
}
Event: 15.966 GC heap before
{Heap before GC invocations=77 (full 3):
 PSYoungGen      total 14848K, used 14421K [0x00000000d5580000, 0x00000000d6a80000, 0x0000000100000000)
  eden space 13312K, 100% used [0x00000000d5580000,0x00000000d6280000,0x00000000d6280000)
  from space 1536K, 72% used [0x00000000d6400000,0x00000000d6515650,0x00000000d6580000)
  to   space 2560K, 0% used [0x00000000d6800000,0x00000000d6800000,0x00000000d6a80000)
 ParOldGen       total 77312K, used 77125K [0x0000000080000000, 0x0000000084b80000, 0x00000000d5580000)
  object space 77312K, 99% used [0x0000000080000000,0x0000000084b517e8,0x0000000084b80000)
 Metaspace       used 63983K, committed 65408K, reserved 1114112K
  class space    used 6839K, committed 7424K, reserved 1048576K
}
Event: 15.968 GC heap after
{Heap after GC invocations=77 (full 3):
 PSYoungGen      total 14848K, used 1296K [0x00000000d5580000, 0x00000000d6980000, 0x0000000100000000)
  eden space 13312K, 0% used [0x00000000d5580000,0x00000000d5580000,0x00000000d6280000)
  from space 1536K, 84% used [0x00000000d6800000,0x00000000d69443b0,0x00000000d6980000)
  to   space 1536K, 0% used [0x00000000d6400000,0x00000000d6400000,0x00000000d6580000)
 ParOldGen       total 77824K, used 77779K [0x0000000080000000, 0x0000000084c00000, 0x00000000d5580000)
  object space 77824K, 99% used [0x0000000080000000,0x0000000084bf4f18,0x0000000084c00000)
 Metaspace       used 63983K, committed 65408K, reserved 1114112K
  class space    used 6839K, committed 7424K, reserved 1048576K
}
Event: 16.037 GC heap before
{Heap before GC invocations=78 (full 3):
 PSYoungGen      total 14848K, used 14608K [0x00000000d5580000, 0x00000000d6980000, 0x0000000100000000)
  eden space 13312K, 100% used [0x00000000d5580000,0x00000000d6280000,0x00000000d6280000)
  from space 1536K, 84% used [0x00000000d6800000,0x00000000d69443b0,0x00000000d6980000)
  to   space 1536K, 0% used [0x00000000d6400000,0x00000000d6400000,0x00000000d6580000)
 ParOldGen       total 77824K, used 77779K [0x0000000080000000, 0x0000000084c00000, 0x00000000d5580000)
  object space 77824K, 99% used [0x0000000080000000,0x0000000084bf4f18,0x0000000084c00000)
 Metaspace       used 64383K, committed 65856K, reserved 1114112K
  class space    used 6875K, committed 7488K, reserved 1048576K
}
Event: 16.040 GC heap after
{Heap after GC invocations=78 (full 3):
 PSYoungGen      total 14848K, used 1533K [0x00000000d5580000, 0x00000000d6880000, 0x0000000100000000)
  eden space 13312K, 0% used [0x00000000d5580000,0x00000000d5580000,0x00000000d6280000)
  from space 1536K, 99% used [0x00000000d6400000,0x00000000d657f700,0x00000000d6580000)
  to   space 3072K, 0% used [0x00000000d6580000,0x00000000d6580000,0x00000000d6880000)
 ParOldGen       total 79360K, used 78908K [0x0000000080000000, 0x0000000084d80000, 0x00000000d5580000)
  object space 79360K, 99% used [0x0000000080000000,0x0000000084d0f180,0x0000000084d80000)
 Metaspace       used 64383K, committed 65856K, reserved 1114112K
  class space    used 6875K, committed 7488K, reserved 1048576K
}
Event: 16.110 GC heap before
{Heap before GC invocations=79 (full 3):
 PSYoungGen      total 14848K, used 14845K [0x00000000d5580000, 0x00000000d6880000, 0x0000000100000000)
  eden space 13312K, 100% used [0x00000000d5580000,0x00000000d6280000,0x00000000d6280000)
  from space 1536K, 99% used [0x00000000d6400000,0x00000000d657f700,0x00000000d6580000)
  to   space 3072K, 0% used [0x00000000d6580000,0x00000000d6580000,0x00000000d6880000)
 ParOldGen       total 79360K, used 78908K [0x0000000080000000, 0x0000000084d80000, 0x00000000d5580000)
  object space 79360K, 99% used [0x0000000080000000,0x0000000084d0f180,0x0000000084d80000)
 Metaspace       used 64675K, committed 66112K, reserved 1114112K
  class space    used 6898K, committed 7488K, reserved 1048576K
}
Event: 16.113 GC heap after
{Heap after GC invocations=79 (full 3):
 PSYoungGen      total 14848K, used 1087K [0x00000000d5580000, 0x00000000d6700000, 0x0000000100000000)
  eden space 13312K, 0% used [0x00000000d5580000,0x00000000d5580000,0x00000000d6280000)
  from space 1536K, 70% used [0x00000000d6580000,0x00000000d668fe78,0x00000000d6700000)
  to   space 2048K, 0% used [0x00000000d6300000,0x00000000d6300000,0x00000000d6500000)
 ParOldGen       total 80384K, used 80065K [0x0000000080000000, 0x0000000084e80000, 0x00000000d5580000)
  object space 80384K, 99% used [0x0000000080000000,0x0000000084e30540,0x0000000084e80000)
 Metaspace       used 64675K, committed 66112K, reserved 1114112K
  class space    used 6898K, committed 7488K, reserved 1048576K
}
Event: 16.261 GC heap before
{Heap before GC invocations=80 (full 3):
 PSYoungGen      total 14848K, used 14399K [0x00000000d5580000, 0x00000000d6700000, 0x0000000100000000)
  eden space 13312K, 100% used [0x00000000d5580000,0x00000000d6280000,0x00000000d6280000)
  from space 1536K, 70% used [0x00000000d6580000,0x00000000d668fe78,0x00000000d6700000)
  to   space 2048K, 0% used [0x00000000d6300000,0x00000000d6300000,0x00000000d6500000)
 ParOldGen       total 80384K, used 80065K [0x0000000080000000, 0x0000000084e80000, 0x00000000d5580000)
  object space 80384K, 99% used [0x0000000080000000,0x0000000084e30540,0x0000000084e80000)
 Metaspace       used 65410K, committed 66880K, reserved 1114112K
  class space    used 6949K, committed 7616K, reserved 1048576K
}
Event: 16.265 GC heap after
{Heap after GC invocations=80 (full 3):
 PSYoungGen      total 14848K, used 1342K [0x00000000d5580000, 0x00000000d6600000, 0x0000000100000000)
  eden space 13312K, 0% used [0x00000000d5580000,0x00000000d5580000,0x00000000d6280000)
  from space 1536K, 87% used [0x00000000d6300000,0x00000000d644f900,0x00000000d6480000)
  to   space 1536K, 0% used [0x00000000d6480000,0x00000000d6480000,0x00000000d6600000)
 ParOldGen       total 80896K, used 80888K [0x0000000080000000, 0x0000000084f00000, 0x00000000d5580000)
  object space 80896K, 99% used [0x0000000080000000,0x0000000084efe328,0x0000000084f00000)
 Metaspace       used 65410K, committed 66880K, reserved 1114112K
  class space    used 6949K, committed 7616K, reserved 1048576K
}
Event: 16.378 GC heap before
{Heap before GC invocations=81 (full 3):
 PSYoungGen      total 14848K, used 14020K [0x00000000d5580000, 0x00000000d6600000, 0x0000000100000000)
  eden space 13312K, 95% used [0x00000000d5580000,0x00000000d61e1ae0,0x00000000d6280000)
  from space 1536K, 87% used [0x00000000d6300000,0x00000000d644f900,0x00000000d6480000)
  to   space 1536K, 0% used [0x00000000d6480000,0x00000000d6480000,0x00000000d6600000)
 ParOldGen       total 81920K, used 81635K [0x0000000080000000, 0x0000000085000000, 0x00000000d5580000)
  object space 81920K, 99% used [0x0000000080000000,0x0000000084fb8d40,0x0000000085000000)
 Metaspace       used 65884K, committed 67392K, reserved 1114112K
  class space    used 6990K, committed 7616K, reserved 1048576K
}
Event: 16.380 GC heap after
{Heap after GC invocations=81 (full 3):
 PSYoungGen      total 13824K, used 495K [0x00000000d5580000, 0x00000000d6500000, 0x0000000100000000)
  eden space 13312K, 0% used [0x00000000d5580000,0x00000000d5580000,0x00000000d6280000)
  from space 512K, 96% used [0x00000000d6480000,0x00000000d64fbfe8,0x00000000d6500000)
  to   space 1024K, 0% used [0x00000000d6300000,0x00000000d6300000,0x00000000d6400000)
 ParOldGen       total 83456K, used 83003K [0x0000000080000000, 0x0000000085180000, 0x00000000d5580000)
  object space 83456K, 99% used [0x0000000080000000,0x000000008510eca8,0x0000000085180000)
 Metaspace       used 65884K, committed 67392K, reserved 1114112K
  class space    used 6990K, committed 7616K, reserved 1048576K
}
Event: 16.449 GC heap before
{Heap before GC invocations=82 (full 3):
 PSYoungGen      total 13824K, used 13807K [0x00000000d5580000, 0x00000000d6500000, 0x0000000100000000)
  eden space 13312K, 99% used [0x00000000d5580000,0x00000000d627fff8,0x00000000d6280000)
  from space 512K, 96% used [0x00000000d6480000,0x00000000d64fbfe8,0x00000000d6500000)
  to   space 1024K, 0% used [0x00000000d6300000,0x00000000d6300000,0x00000000d6400000)
 ParOldGen       total 83456K, used 83019K [0x0000000080000000, 0x0000000085180000, 0x00000000d5580000)
  object space 83456K, 99% used [0x0000000080000000,0x0000000085112fd0,0x0000000085180000)
 Metaspace       used 65922K, committed 67392K, reserved 1114112K
  class space    used 6994K, committed 7616K, reserved 1048576K
}
Event: 16.450 GC heap after
{Heap after GC invocations=82 (full 3):
 PSYoungGen      total 14336K, used 416K [0x00000000d5580000, 0x00000000d6500000, 0x0000000100000000)
  eden space 13312K, 0% used [0x00000000d5580000,0x00000000d5580000,0x00000000d6280000)
  from space 1024K, 40% used [0x00000000d6300000,0x00000000d6368020,0x00000000d6400000)
  to   space 512K, 0% used [0x00000000d6480000,0x00000000d6480000,0x00000000d6500000)
 ParOldGen       total 83456K, used 83287K [0x0000000080000000, 0x0000000085180000, 0x00000000d5580000)
  object space 83456K, 99% used [0x0000000080000000,0x0000000085155fe0,0x0000000085180000)
 Metaspace       used 65922K, committed 67392K, reserved 1114112K
  class space    used 6994K, committed 7616K, reserved 1048576K
}
Event: 16.954 GC heap before
{Heap before GC invocations=83 (full 3):
 PSYoungGen      total 14336K, used 13728K [0x00000000d5580000, 0x00000000d6500000, 0x0000000100000000)
  eden space 13312K, 100% used [0x00000000d5580000,0x00000000d6280000,0x00000000d6280000)
  from space 1024K, 40% used [0x00000000d6300000,0x00000000d6368020,0x00000000d6400000)
  to   space 512K, 0% used [0x00000000d6480000,0x00000000d6480000,0x00000000d6500000)
 ParOldGen       total 83456K, used 83287K [0x0000000080000000, 0x0000000085180000, 0x00000000d5580000)
  object space 83456K, 99% used [0x0000000080000000,0x0000000085155fe0,0x0000000085180000)
 Metaspace       used 66785K, committed 68352K, reserved 1114112K
  class space    used 7074K, committed 7744K, reserved 1048576K
}
Event: 16.957 GC heap after
{Heap after GC invocations=83 (full 3):
 PSYoungGen      total 12800K, used 492K [0x00000000d5580000, 0x00000000d6880000, 0x0000000100000000)
  eden space 12288K, 0% used [0x00000000d5580000,0x00000000d5580000,0x00000000d6180000)
  from space 512K, 96% used [0x00000000d6480000,0x00000000d64fb098,0x00000000d6500000)
  to   space 3072K, 0% used [0x00000000d6180000,0x00000000d6180000,0x00000000d6480000)
 ParOldGen       total 85504K, used 85060K [0x0000000080000000, 0x0000000085380000, 0x00000000d5580000)
  object space 85504K, 99% used [0x0000000080000000,0x0000000085311320,0x0000000085380000)
 Metaspace       used 66785K, committed 68352K, reserved 1114112K
  class space    used 7074K, committed 7744K, reserved 1048576K
}
Event: 17.224 GC heap before
{Heap before GC invocations=84 (full 3):
 PSYoungGen      total 12800K, used 12780K [0x00000000d5580000, 0x00000000d6880000, 0x0000000100000000)
  eden space 12288K, 100% used [0x00000000d5580000,0x00000000d6180000,0x00000000d6180000)
  from space 512K, 96% used [0x00000000d6480000,0x00000000d64fb098,0x00000000d6500000)
  to   space 3072K, 0% used [0x00000000d6180000,0x00000000d6180000,0x00000000d6480000)
 ParOldGen       total 85504K, used 85060K [0x0000000080000000, 0x0000000085380000, 0x00000000d5580000)
  object space 85504K, 99% used [0x0000000080000000,0x0000000085311320,0x0000000085380000)
 Metaspace       used 67199K, committed 68736K, reserved 1114112K
  class space    used 7109K, committed 7808K, reserved 1048576K
}
Event: 17.227 GC heap after
{Heap after GC invocations=84 (full 3):
 PSYoungGen      total 15360K, used 3062K [0x00000000d5580000, 0x00000000d6a80000, 0x0000000100000000)
  eden space 12288K, 0% used [0x00000000d5580000,0x00000000d5580000,0x00000000d6180000)
  from space 3072K, 99% used [0x00000000d6180000,0x00000000d647d8f0,0x00000000d6480000)
  to   space 4608K, 0% used [0x00000000d6600000,0x00000000d6600000,0x00000000d6a80000)
 ParOldGen       total 86016K, used 85786K [0x0000000080000000, 0x0000000085400000, 0x00000000d5580000)
  object space 86016K, 99% used [0x0000000080000000,0x00000000853c6a20,0x0000000085400000)
 Metaspace       used 67199K, committed 68736K, reserved 1114112K
  class space    used 7109K, committed 7808K, reserved 1048576K
}

Dll operation events (10 events):
Event: 0.017 Loaded shared library c:\Users\kalra\.vscode\extensions\redhat.java-1.53.0-win32-x64\jre\21.0.10-win32-x86_64\bin\java.dll
Event: 0.117 Loaded shared library c:\Users\kalra\.vscode\extensions\redhat.java-1.53.0-win32-x64\jre\21.0.10-win32-x86_64\bin\zip.dll
Event: 0.139 Loaded shared library C:\Users\kalra\.vscode\extensions\redhat.java-1.53.0-win32-x64\jre\21.0.10-win32-x86_64\bin\instrument.dll
Event: 0.145 Loaded shared library C:\Users\kalra\.vscode\extensions\redhat.java-1.53.0-win32-x64\jre\21.0.10-win32-x86_64\bin\net.dll
Event: 0.148 Loaded shared library C:\Users\kalra\.vscode\extensions\redhat.java-1.53.0-win32-x64\jre\21.0.10-win32-x86_64\bin\nio.dll
Event: 0.151 Loaded shared library C:\Users\kalra\.vscode\extensions\redhat.java-1.53.0-win32-x64\jre\21.0.10-win32-x86_64\bin\zip.dll
Event: 0.168 Loaded shared library C:\Users\kalra\.vscode\extensions\redhat.java-1.53.0-win32-x64\jre\21.0.10-win32-x86_64\bin\jimage.dll
Event: 0.266 Loaded shared library c:\Users\kalra\.vscode\extensions\redhat.java-1.53.0-win32-x64\jre\21.0.10-win32-x86_64\bin\verify.dll
Event: 1.920 Loaded shared library C:\Users\kalra\AppData\Roaming\Code\User\globalStorage\redhat.java\1.53.0\config_win\org.eclipse.equinox.launcher\org.eclipse.equinox.launcher.win32.win32.x86_64_1.3.0.v20260203-2149\eclipse_11919.dll
Event: 4.020 Loaded shared library C:\Users\kalra\AppData\Local\Temp\jna-101813893\jna16352697741309282250.dll

Deoptimization events (20 events):
Event: 17.231 Thread 0x000001dbf6679d70 Uncommon trap: trap_request=0xffffffc6 fr.pc=0x000001dbe00386bc relative=0x0000000000000ebc
Event: 17.231 Thread 0x000001dbf6679d70 Uncommon trap: reason=bimorphic_or_optimized_type_check action=maybe_recompile pc=0x000001dbe00386bc method=java.util.HashMap.putVal(ILjava/lang/Object;Ljava/lang/Object;ZZ)Ljava/lang/Object; @ 203 c2
Event: 17.231 Thread 0x000001dbf6679d70 DEOPT PACKING pc=0x000001dbe00386bc sp=0x000000b9f44fe760
Event: 17.231 Thread 0x000001dbf6679d70 DEOPT UNPACKING pc=0x000001dbdf953aa2 sp=0x000000b9f44fe5f8 mode 2
Event: 17.268 Thread 0x000001dbf6679d70 Uncommon trap: trap_request=0xffffff45 fr.pc=0x000001dbe0499748 relative=0x0000000000001d08
Event: 17.268 Thread 0x000001dbf6679d70 Uncommon trap: reason=unstable_if action=reinterpret pc=0x000001dbe0499748 method=org.eclipse.jdt.internal.compiler.util.HashtableOfType.get([C)Lorg/eclipse/jdt/internal/compiler/lookup/ReferenceBinding; @ 49 c2
Event: 17.268 Thread 0x000001dbf6679d70 DEOPT PACKING pc=0x000001dbe0499748 sp=0x000000b9f44fde40
Event: 17.268 Thread 0x000001dbf6679d70 DEOPT UNPACKING pc=0x000001dbdf953aa2 sp=0x000000b9f44fdce0 mode 2
Event: 17.289 Thread 0x000001dbf321bae0 Uncommon trap: trap_request=0xffffff45 fr.pc=0x000001dbe0221e88 relative=0x00000000000000e8
Event: 17.289 Thread 0x000001dbf321bae0 Uncommon trap: reason=unstable_if action=reinterpret pc=0x000001dbe0221e88 method=java.util.stream.SpinedBuffer.accept(Ljava/lang/Object;)V @ 9 c2
Event: 17.289 Thread 0x000001dbf321bae0 DEOPT PACKING pc=0x000001dbe0221e88 sp=0x000000b9efdfdd90
Event: 17.289 Thread 0x000001dbf321bae0 DEOPT UNPACKING pc=0x000001dbdf953aa2 sp=0x000000b9efdfdd38 mode 2
Event: 17.289 Thread 0x000001dbf321bae0 Uncommon trap: trap_request=0xffffff45 fr.pc=0x000001dbe039b30c relative=0x000000000000006c
Event: 17.289 Thread 0x000001dbf321bae0 Uncommon trap: reason=unstable_if action=reinterpret pc=0x000001dbe039b30c method=java.util.stream.AbstractSpinedBuffer.count()J @ 4 c2
Event: 17.289 Thread 0x000001dbf321bae0 DEOPT PACKING pc=0x000001dbe039b30c sp=0x000000b9efdfe120
Event: 17.289 Thread 0x000001dbf321bae0 DEOPT UNPACKING pc=0x000001dbdf953aa2 sp=0x000000b9efdfe0c0 mode 2
Event: 17.323 Thread 0x000001dbf6679d70 Uncommon trap: trap_request=0xffffff45 fr.pc=0x000001dbe048fb8c relative=0x0000000000001ccc
Event: 17.323 Thread 0x000001dbf6679d70 Uncommon trap: reason=unstable_if action=reinterpret pc=0x000001dbe048fb8c method=org.eclipse.jdt.internal.compiler.parser.Parser.consumeToken(Lorg/eclipse/jdt/internal/compiler/parser/TerminalToken;)V @ 8 c2
Event: 17.323 Thread 0x000001dbf6679d70 DEOPT PACKING pc=0x000001dbe048fb8c sp=0x000000b9f44feea0
Event: 17.323 Thread 0x000001dbf6679d70 DEOPT UNPACKING pc=0x000001dbdf953aa2 sp=0x000000b9f44fee48 mode 2

Classes loaded (20 events):
Event: 14.948 Loading class java/nio/file/Files$2
Event: 14.948 Loading class java/nio/file/Files$2 done
Event: 15.505 Loading class sun/nio/cs/ISO_8859_1$Decoder
Event: 15.506 Loading class sun/nio/cs/ISO_8859_1$Decoder done
Event: 16.076 Loading class jdk/internal/ref/CleanerImpl$InnocuousThreadFactory
Event: 16.077 Loading class jdk/internal/ref/CleanerImpl$InnocuousThreadFactory done
Event: 16.117 Loading class java/lang/invoke/MethodHandleImpl$CountingWrapper$1
Event: 16.118 Loading class java/lang/invoke/MethodHandleImpl$CountingWrapper$1 done
Event: 16.443 Loading class java/util/HashMap$EntrySpliterator
Event: 16.443 Loading class java/util/HashMap$EntrySpliterator done
Event: 16.750 Loading class java/util/ImmutableCollections$SubList
Event: 16.751 Loading class java/util/ImmutableCollections$SubList done
Event: 17.189 Loading class jdk/internal/module/IllegalAccessLogger
Event: 17.189 Loading class jdk/internal/module/IllegalAccessLogger done
Event: 17.211 Loading class java/util/concurrent/ArrayBlockingQueue
Event: 17.211 Loading class java/util/concurrent/ArrayBlockingQueue done
Event: 17.296 Loading class java/util/concurrent/ConcurrentHashMap$KeySpliterator
Event: 17.297 Loading class java/util/concurrent/ConcurrentHashMap$KeySpliterator done
Event: 17.305 Loading class sun/nio/ch/ChannelOutputStream
Event: 17.306 Loading class sun/nio/ch/ChannelOutputStream done

Classes unloaded (7 events):
Event: 5.105 Thread 0x000001dbd5162c80 Unloading class 0x000001db811aa000 'java/lang/invoke/LambdaForm$MH+0x000001db811aa000'
Event: 5.105 Thread 0x000001dbd5162c80 Unloading class 0x000001db811a9c00 'java/lang/invoke/LambdaForm$MH+0x000001db811a9c00'
Event: 5.105 Thread 0x000001dbd5162c80 Unloading class 0x000001db811a9800 'java/lang/invoke/LambdaForm$MH+0x000001db811a9800'
Event: 5.105 Thread 0x000001dbd5162c80 Unloading class 0x000001db811a9400 'java/lang/invoke/LambdaForm$MH+0x000001db811a9400'
Event: 5.105 Thread 0x000001dbd5162c80 Unloading class 0x000001db811a9000 'java/lang/invoke/LambdaForm$BMH+0x000001db811a9000'
Event: 5.105 Thread 0x000001dbd5162c80 Unloading class 0x000001db811a8c00 'java/lang/invoke/LambdaForm$DMH+0x000001db811a8c00'
Event: 5.105 Thread 0x000001dbd5162c80 Unloading class 0x000001db811a3800 'java/lang/invoke/LambdaForm$DMH+0x000001db811a3800'

Classes redefined (0 events):
No events

Internal exceptions (20 events):
Event: 15.710 Thread 0x000001dbf550cfb0 Exception <a 'java/io/FileNotFoundException'{0x00000000d5953f58}> (0x00000000d5953f58) 
thrown [s\src\hotspot\share\prims\jni.cpp, line 520]
Event: 15.923 Thread 0x000001dbf321c170 Exception <a 'sun/nio/fs/WindowsException'{0x00000000d5afa148}> (0x00000000d5afa148) 
thrown [s\src\hotspot\share\prims\jni.cpp, line 520]
Event: 15.923 Thread 0x000001dbf321c170 Exception <a 'sun/nio/fs/WindowsException'{0x00000000d5afaa28}> (0x00000000d5afaa28) 
thrown [s\src\hotspot\share\prims\jni.cpp, line 520]
Event: 16.359 Thread 0x000001dbf61161a0 Exception <a 'sun/nio/fs/WindowsException'{0x00000000d5f4d468}> (0x00000000d5f4d468) 
thrown [s\src\hotspot\share\prims\jni.cpp, line 520]
Event: 16.359 Thread 0x000001dbf61161a0 Exception <a 'sun/nio/fs/WindowsException'{0x00000000d5f4dd48}> (0x00000000d5f4dd48) 
thrown [s\src\hotspot\share\prims\jni.cpp, line 520]
Event: 16.360 Thread 0x000001dbf61161a0 Exception <a 'sun/nio/fs/WindowsException'{0x00000000d5f4ea90}> (0x00000000d5f4ea90) 
thrown [s\src\hotspot\share\prims\jni.cpp, line 520]
Event: 16.360 Thread 0x000001dbf61161a0 Exception <a 'sun/nio/fs/WindowsException'{0x00000000d5f77218}> (0x00000000d5f77218) 
thrown [s\src\hotspot\share\prims\jni.cpp, line 520]
Event: 16.361 Thread 0x000001dbf61161a0 Exception <a 'sun/nio/fs/WindowsException'{0x00000000d5f78a10}> (0x00000000d5f78a10) 
thrown [s\src\hotspot\share\prims\jni.cpp, line 520]
Event: 16.361 Thread 0x000001dbf61161a0 Exception <a 'sun/nio/fs/WindowsException'{0x00000000d5f834a0}> (0x00000000d5f834a0) 
thrown [s\src\hotspot\share\prims\jni.cpp, line 520]
Event: 16.368 Thread 0x000001dbf61161a0 Exception <a 'sun/nio/fs/WindowsException'{0x00000000d6043a68}> (0x00000000d6043a68) 
thrown [s\src\hotspot\share\prims\jni.cpp, line 520]
Event: 16.369 Thread 0x000001dbf61161a0 Exception <a 'sun/nio/fs/WindowsException'{0x00000000d6044348}> (0x00000000d6044348) 
thrown [s\src\hotspot\share\prims\jni.cpp, line 520]
Event: 16.910 Thread 0x000001dbf321bae0 Exception <a 'sun/nio/fs/WindowsException'{0x00000000d5fb59e0}> (0x00000000d5fb59e0) 
thrown [s\src\hotspot\share\prims\jni.cpp, line 520]
Event: 16.913 Thread 0x000001dbf611c410 Exception <a 'sun/nio/fs/WindowsException'{0x00000000d5fc2740}> (0x00000000d5fc2740) 
thrown [s\src\hotspot\share\prims\jni.cpp, line 520]
Event: 16.914 Thread 0x000001dbf611c410 Exception <a 'sun/nio/fs/WindowsException'{0x00000000d5fc7ae8}> (0x00000000d5fc7ae8) 
thrown [s\src\hotspot\share\prims\jni.cpp, line 520]
Event: 16.914 Thread 0x000001dbf611c410 Exception <a 'sun/nio/fs/WindowsException'{0x00000000d5fc9840}> (0x00000000d5fc9840) 
thrown [s\src\hotspot\share\prims\jni.cpp, line 520]
Event: 16.915 Thread 0x000001dbf6118f90 Exception <a 'sun/nio/fs/WindowsException'{0x00000000d5fcb068}> (0x00000000d5fcb068) 
thrown [s\src\hotspot\share\prims\jni.cpp, line 520]
Event: 16.915 Thread 0x000001dbf611caa0 Exception <a 'sun/nio/fs/WindowsException'{0x00000000d5fdc470}> (0x00000000d5fdc470) 
thrown [s\src\hotspot\share\prims\jni.cpp, line 520]
Event: 16.916 Thread 0x000001dbf6119620 Exception <a 'sun/nio/fs/WindowsException'{0x00000000d5fec5d0}> (0x00000000d5fec5d0) 
thrown [s\src\hotspot\share\prims\jni.cpp, line 520]
Event: 16.986 Thread 0x000001dbf321bae0 Implicit null exception at 0x000001dbe04214a3 to 0x000001dbe0421804
Event: 17.301 Thread 0x000001dbf321bae0 Exception <a 'java/lang/NoSuchMethodError'{0x00000000d582fd40}: 'java.lang.Object java.lang.invoke.DirectMethodHandle$Holder.newInvokeSpecial(java.lang.Object, java.lang.Object, int, int, java.lang.Object)'> (0x00000000d582fd40) 
thrown [s\src\hotspot\share\interpreter\linkResolver.cpp, line 773]

ZGC Phase Switch (0 events):
No events

VM Operations (20 events):
Event: 16.110 Executing safepoint VM operation: ParallelGCFailedAllocation (Allocation Failure)
Event: 16.113 Executing safepoint VM operation: ParallelGCFailedAllocation (Allocation Failure) done
Event: 16.261 Executing safepoint VM operation: ParallelGCFailedAllocation (Allocation Failure)
Event: 16.265 Executing safepoint VM operation: ParallelGCFailedAllocation (Allocation Failure) done
Event: 16.377 Executing safepoint VM operation: ParallelGCFailedAllocation (Allocation Failure)
Event: 16.378 Executing safepoint VM operation: ParallelGCFailedAllocation (Allocation Failure) done
Event: 16.378 Executing safepoint VM operation: ParallelGCSystemGC (GCLocker Initiated GC)
Event: 16.380 Executing safepoint VM operation: ParallelGCSystemGC (GCLocker Initiated GC) done
Event: 16.449 Executing safepoint VM operation: ParallelGCFailedAllocation (Allocation Failure)
Event: 16.450 Executing safepoint VM operation: ParallelGCFailedAllocation (Allocation Failure) done
Event: 16.772 Executing non-safepoint VM operation: HandshakeAllThreads (Deoptimize)
Event: 16.773 Executing non-safepoint VM operation: HandshakeAllThreads (Deoptimize) done
Event: 16.902 Executing non-safepoint VM operation: HandshakeAllThreads (Deoptimize)
Event: 16.902 Executing non-safepoint VM operation: HandshakeAllThreads (Deoptimize) done
Event: 16.954 Executing safepoint VM operation: ParallelGCFailedAllocation (Allocation Failure)
Event: 16.957 Executing safepoint VM operation: ParallelGCFailedAllocation (Allocation Failure) done
Event: 17.154 Executing safepoint VM operation: ICBufferFull
Event: 17.154 Executing safepoint VM operation: ICBufferFull done
Event: 17.224 Executing safepoint VM operation: ParallelGCFailedAllocation (Allocation Failure)
Event: 17.227 Executing safepoint VM operation: ParallelGCFailedAllocation (Allocation Failure) done

Memory protections (0 events):
No events

Nmethod flushes (20 events):
Event: 13.983 Thread 0x000001dbd5162c80 flushing  nmethod 0x000001dbd8ba4890
Event: 13.983 Thread 0x000001dbd5162c80 flushing  nmethod 0x000001dbd8bbe590
Event: 13.983 Thread 0x000001dbd5162c80 flushing osr nmethod 0x000001dbd8bcc410
Event: 13.983 Thread 0x000001dbd5162c80 flushing osr nmethod 0x000001dbd8bce110
Event: 13.983 Thread 0x000001dbd5162c80 flushing osr nmethod 0x000001dbd8c22590
Event: 13.983 Thread 0x000001dbd5162c80 flushing  nmethod 0x000001dbd8c51490
Event: 13.983 Thread 0x000001dbd5162c80 flushing  nmethod 0x000001dbd8c52410
Event: 13.983 Thread 0x000001dbd5162c80 flushing  nmethod 0x000001dbd8c54710
Event: 13.983 Thread 0x000001dbd5162c80 flushing  nmethod 0x000001dbd8c56090
Event: 13.983 Thread 0x000001dbd5162c80 flushing  nmethod 0x000001dbd8c62b90
Event: 13.983 Thread 0x000001dbd5162c80 flushing  nmethod 0x000001dbd8c73a10
Event: 13.983 Thread 0x000001dbd5162c80 flushing  nmethod 0x000001dbd8c74910
Event: 13.983 Thread 0x000001dbd5162c80 flushing  nmethod 0x000001dbd8c74f10
Event: 13.983 Thread 0x000001dbd5162c80 flushing  nmethod 0x000001dbd8c76010
Event: 13.983 Thread 0x000001dbd5162c80 flushing  nmethod 0x000001dbd8c77e10
Event: 13.983 Thread 0x000001dbd5162c80 flushing  nmethod 0x000001dbd8c85690
Event: 13.983 Thread 0x000001dbd5162c80 flushing  nmethod 0x000001dbd8c8ba90
Event: 13.983 Thread 0x000001dbd5162c80 flushing  nmethod 0x000001dbd8ca2290
Event: 13.983 Thread 0x000001dbd5162c80 flushing  nmethod 0x000001dbd8d03d10
Event: 13.983 Thread 0x000001dbd5162c80 flushing  nmethod 0x000001dbd8d07f90

Events (20 events):
Event: 16.916 Thread 0x000001dbf6118f90 Thread added: 0x000001dbf611a340
Event: 16.916 Thread 0x000001dbf611caa0 Thread added: 0x000001dbf6119cb0
Event: 16.916 Thread 0x000001dbf611b060 Thread added: 0x000001dbf611b6f0
Event: 16.916 Thread 0x000001dbf611caa0 Thread added: 0x000001dbf65e3910
Event: 16.916 Thread 0x000001dbf6118f90 Thread added: 0x000001dbf65e4cc0
Event: 16.916 Thread 0x000001dbf6119620 Thread added: 0x000001dbf65e1ed0
Event: 16.936 Thread 0x000001dbf321bae0 Thread added: 0x000001dbf65e2560
Event: 16.936 Thread 0x000001dbf321bae0 Thread added: 0x000001dbf65e2bf0
Event: 16.936 Thread 0x000001dbf321bae0 Thread added: 0x000001dbf6675540
Event: 16.937 Thread 0x000001dbf321bae0 Thread added: 0x000001dbf6676260
Event: 16.937 Thread 0x000001dbf321bae0 Thread added: 0x000001dbf66768f0
Event: 16.937 Thread 0x000001dbf6675540 Thread added: 0x000001dbf6676f80
Event: 16.937 Thread 0x000001dbf65e2560 Thread added: 0x000001dbf6677610
Event: 16.937 Thread 0x000001dbf66768f0 Thread added: 0x000001dbf6675bd0
Event: 16.938 Thread 0x000001dbf65e2bf0 Thread added: 0x000001dbf6677ca0
Event: 16.938 Thread 0x000001dbf6675bd0 Thread added: 0x000001dbf6678330
Event: 17.213 Thread 0x000001dbf321bae0 Thread added: 0x000001dbf6679d70
Event: 17.302 Thread 0x000001dbf321bae0 Thread added: 0x000001dbf6679050
Event: 17.310 Thread 0x000001dbf321bae0 Thread added: 0x000001dbf667a400
Event: 17.324 Thread 0x000001dbf321bae0 Thread added: 0x000001dbf66796e0


Dynamic libraries:
0x00007ff79dbe0000 - 0x00007ff79dbee000 	c:\Users\kalra\.vscode\extensions\redhat.java-1.53.0-win32-x64\jre\21.0.10-win32-x86_64\bin\java.exe
0x00007ff8b4ac0000 - 0x00007ff8b4d27000 	C:\WINDOWS\SYSTEM32\ntdll.dll
0x00007ff8b2bb0000 - 0x00007ff8b2c79000 	C:\WINDOWS\System32\KERNEL32.DLL
0x00007ff8b1580000 - 0x00007ff8b1971000 	C:\WINDOWS\System32\KERNELBASE.dll
0x00007ff8b22b0000 - 0x00007ff8b23fb000 	C:\WINDOWS\System32\ucrtbase.dll
0x00007ff882410000 - 0x00007ff88242e000 	c:\Users\kalra\.vscode\extensions\redhat.java-1.53.0-win32-x64\jre\21.0.10-win32-x86_64\bin\VCRUNTIME140.dll
0x00007ff878890000 - 0x00007ff8788a8000 	c:\Users\kalra\.vscode\extensions\redhat.java-1.53.0-win32-x64\jre\21.0.10-win32-x86_64\bin\jli.dll
0x00007ff8b4420000 - 0x00007ff8b45e5000 	C:\WINDOWS\System32\USER32.dll
0x00007ff89a420000 - 0x00007ff89a6b3000 	C:\WINDOWS\WinSxS\amd64_microsoft.windows.common-controls_6595b64144ccf1df_6.0.26100.8037_none_3e092faae333b53b\COMCTL32.dll
0x00007ff8b1980000 - 0x00007ff8b19a7000 	C:\WINDOWS\System32\win32u.dll
0x00007ff8b3f70000 - 0x00007ff8b4019000 	C:\WINDOWS\System32\msvcrt.dll
0x00007ff8b3f40000 - 0x00007ff8b3f6b000 	C:\WINDOWS\System32\GDI32.dll
0x00007ff8b13a0000 - 0x00007ff8b14cb000 	C:\WINDOWS\System32\gdi32full.dll
0x00007ff8b14d0000 - 0x00007ff8b1573000 	C:\WINDOWS\System32\msvcp_win.dll
0x00007ff8b4870000 - 0x00007ff8b48a1000 	C:\WINDOWS\System32\IMM32.DLL
0x00007ff8a56e0000 - 0x00007ff8a56ec000 	c:\Users\kalra\.vscode\extensions\redhat.java-1.53.0-win32-x64\jre\21.0.10-win32-x86_64\bin\vcruntime140_1.dll
0x00007ff850660000 - 0x00007ff8506ed000 	c:\Users\kalra\.vscode\extensions\redhat.java-1.53.0-win32-x64\jre\21.0.10-win32-x86_64\bin\msvcp140.dll
0x00007ff818be0000 - 0x00007ff819981000 	c:\Users\kalra\.vscode\extensions\redhat.java-1.53.0-win32-x64\jre\21.0.10-win32-x86_64\bin\server\jvm.dll
0x00007ff8b4780000 - 0x00007ff8b483b000 	C:\WINDOWS\System32\ADVAPI32.dll
0x00007ff8b3630000 - 0x00007ff8b36d7000 	C:\WINDOWS\System32\sechost.dll
0x00007ff8b2d40000 - 0x00007ff8b2e58000 	C:\WINDOWS\System32\RPCRT4.dll
0x00007ff8b2e60000 - 0x00007ff8b2ed4000 	C:\WINDOWS\System32\WS2_32.dll
0x00007ff8b1200000 - 0x00007ff8b125e000 	C:\WINDOWS\SYSTEM32\POWRPROF.dll
0x00007ff8aa600000 - 0x00007ff8aa60b000 	C:\WINDOWS\SYSTEM32\VERSION.dll
0x00007ff8aa610000 - 0x00007ff8aa645000 	C:\WINDOWS\SYSTEM32\WINMM.dll
0x00007ff8b11e0000 - 0x00007ff8b11f4000 	C:\WINDOWS\SYSTEM32\UMPDC.dll
0x00007ff8b0130000 - 0x00007ff8b014b000 	C:\WINDOWS\SYSTEM32\kernel.appcore.dll
0x00007ff899cd0000 - 0x00007ff899cda000 	c:\Users\kalra\.vscode\extensions\redhat.java-1.53.0-win32-x64\jre\21.0.10-win32-x86_64\bin\jimage.dll
0x00007ff8a5b80000 - 0x00007ff8a5dc2000 	C:\WINDOWS\SYSTEM32\DBGHELP.DLL
0x00007ff8b4080000 - 0x00007ff8b4402000 	C:\WINDOWS\System32\combase.dll
0x00007ff8b3550000 - 0x00007ff8b3627000 	C:\WINDOWS\System32\OLEAUT32.dll
0x00007ff895010000 - 0x00007ff89504b000 	C:\WINDOWS\SYSTEM32\dbgcore.DLL
0x00007ff8b2400000 - 0x00007ff8b24a5000 	C:\WINDOWS\System32\bcryptPrimitives.dll
0x00007ff8a56f0000 - 0x00007ff8a56ff000 	c:\Users\kalra\.vscode\extensions\redhat.java-1.53.0-win32-x64\jre\21.0.10-win32-x86_64\bin\instrument.dll
0x00007ff8766c0000 - 0x00007ff8766e0000 	c:\Users\kalra\.vscode\extensions\redhat.java-1.53.0-win32-x64\jre\21.0.10-win32-x86_64\bin\java.dll
0x00007ff8b37d0000 - 0x00007ff8b3f2f000 	C:\WINDOWS\System32\SHELL32.dll
0x00007ff8b26f0000 - 0x00007ff8b285a000 	C:\WINDOWS\System32\wintypes.dll
0x00007ff8b19b0000 - 0x00007ff8b2214000 	C:\WINDOWS\System32\windows.storage.dll
0x00007ff8b4980000 - 0x00007ff8b4a77000 	C:\WINDOWS\System32\SHCORE.dll
0x00007ff8b36e0000 - 0x00007ff8b3747000 	C:\WINDOWS\System32\shlwapi.dll
0x00007ff8b12c0000 - 0x00007ff8b12e9000 	C:\WINDOWS\SYSTEM32\profapi.dll
0x00007ff8766a0000 - 0x00007ff8766b8000 	c:\Users\kalra\.vscode\extensions\redhat.java-1.53.0-win32-x64\jre\21.0.10-win32-x86_64\bin\zip.dll
0x00007ff887670000 - 0x00007ff887680000 	C:\Users\kalra\.vscode\extensions\redhat.java-1.53.0-win32-x64\jre\21.0.10-win32-x86_64\bin\net.dll
0x00007ff8aa810000 - 0x00007ff8aa937000 	C:\WINDOWS\SYSTEM32\WINHTTP.dll
0x00007ff8b06a0000 - 0x00007ff8b070b000 	C:\WINDOWS\system32\mswsock.dll
0x00007ff876680000 - 0x00007ff876696000 	C:\Users\kalra\.vscode\extensions\redhat.java-1.53.0-win32-x64\jre\21.0.10-win32-x86_64\bin\nio.dll
0x00007ff882490000 - 0x00007ff8824a0000 	c:\Users\kalra\.vscode\extensions\redhat.java-1.53.0-win32-x64\jre\21.0.10-win32-x86_64\bin\verify.dll
0x00007ff86adc0000 - 0x00007ff86ae05000 	C:\Users\kalra\AppData\Roaming\Code\User\globalStorage\redhat.java\1.53.0\config_win\org.eclipse.equinox.launcher\org.eclipse.equinox.launcher.win32.win32.x86_64_1.3.0.v20260203-2149\eclipse_11919.dll
0x00007ff8b2a10000 - 0x00007ff8b2ba5000 	C:\WINDOWS\System32\ole32.dll
0x00007ff8b0980000 - 0x00007ff8b099b000 	C:\WINDOWS\SYSTEM32\CRYPTSP.dll
0x00007ff8b0090000 - 0x00007ff8b00c9000 	C:\WINDOWS\system32\rsaenh.dll
0x00007ff8b0750000 - 0x00007ff8b0782000 	C:\WINDOWS\SYSTEM32\USERENV.dll
0x00007ff8b1290000 - 0x00007ff8b12ba000 	C:\WINDOWS\SYSTEM32\bcrypt.dll
0x00007ff8b09a0000 - 0x00007ff8b09ac000 	C:\WINDOWS\SYSTEM32\CRYPTBASE.dll
0x00007ff8afb20000 - 0x00007ff8afb53000 	C:\WINDOWS\SYSTEM32\IPHLPAPI.DLL
0x00007ff8b45f0000 - 0x00007ff8b45fa000 	C:\WINDOWS\System32\NSI.dll
0x00007ff868a90000 - 0x00007ff868ad9000 	C:\Users\kalra\AppData\Local\Temp\jna-101813893\jna16352697741309282250.dll
0x00007ff8b2c80000 - 0x00007ff8b2c88000 	C:\WINDOWS\System32\PSAPI.DLL
0x00007ff8ac410000 - 0x00007ff8ac42d000 	C:\WINDOWS\SYSTEM32\dhcpcsvc6.DLL
0x00007ff8ac300000 - 0x00007ff8ac323000 	C:\WINDOWS\SYSTEM32\dhcpcsvc.DLL

JVMTI agents:
c:\Users\kalra\.vscode\extensions\redhat.java-1.53.0-win32-x64\lombok\lombok-1.18.39-4050.jar path:c:\Users\kalra\.vscode\extensions\redhat.java-1.53.0-win32-x64\jre\21.0.10-win32-x86_64\bin\instrument.dll, loaded, initialized, instrumentlib options:none

dbghelp: loaded successfully - version: 4.0.5 - missing functions: none
symbol engine: initialized successfully - sym options: 0x614 - pdb path: .;c:\Users\kalra\.vscode\extensions\redhat.java-1.53.0-win32-x64\jre\21.0.10-win32-x86_64\bin;C:\WINDOWS\SYSTEM32;C:\WINDOWS\WinSxS\amd64_microsoft.windows.common-controls_6595b64144ccf1df_6.0.26100.8037_none_3e092faae333b53b;c:\Users\kalra\.vscode\extensions\redhat.java-1.53.0-win32-x64\jre\21.0.10-win32-x86_64\bin\server;C:\Users\kalra\AppData\Roaming\Code\User\globalStorage\redhat.java\1.53.0\config_win\org.eclipse.equinox.launcher\org.eclipse.equinox.launcher.win32.win32.x86_64_1.3.0.v20260203-2149;C:\Users\kalra\AppData\Local\Temp\jna-101813893

VM Arguments:
jvm_args: --add-modules=ALL-SYSTEM --add-opens=java.base/java.util=ALL-UNNAMED --add-opens=java.base/java.lang=ALL-UNNAMED --add-opens=java.base/sun.nio.fs=ALL-UNNAMED -Declipse.application=org.eclipse.jdt.ls.core.id1 -Dosgi.bundles.defaultStartLevel=4 -Declipse.product=org.eclipse.jdt.ls.core.product -Djava.import.generatesMetadataFilesAtProjectRoot=false -DDetectVMInstallationsJob.disabled=true -Dfile.encoding=utf8 -XX:+UseParallelGC -XX:GCTimeRatio=4 -XX:AdaptiveSizePolicyWeight=90 -Dsun.zip.disableMemoryMapping=true -Xmx2G -Xms100m -Xlog:disable -javaagent:c:\Users\kalra\.vscode\extensions\redhat.java-1.53.0-win32-x64\lombok\lombok-1.18.39-4050.jar -XX:+HeapDumpOnOutOfMemoryError -XX:HeapDumpPath=c:\Users\kalra\AppData\Roaming\Code\User\workspaceStorage\4fda5c3b26c15e0cb27154c0e992db6d\redhat.java -Daether.dependencyCollector.impl=bf 
java_command: c:\Users\kalra\.vscode\extensions\redhat.java-1.53.0-win32-x64\server\plugins\org.eclipse.equinox.launcher_1.7.100.v20251111-0406.jar -configuration c:\Users\kalra\AppData\Roaming\Code\User\globalStorage\redhat.java\1.53.0\config_win -data c:\Users\kalra\AppData\Roaming\Code\User\workspaceStorage\4fda5c3b26c15e0cb27154c0e992db6d\redhat.java\jdt_ws --pipe=\\.\pipe\lsp-8728d3382513839c638094db5d2b20df-sock
java_class_path (initial): c:\Users\kalra\.vscode\extensions\redhat.java-1.53.0-win32-x64\server\plugins\org.eclipse.equinox.launcher_1.7.100.v20251111-0406.jar
Launcher Type: SUN_STANDARD

[Global flags]
    uintx AdaptiveSizePolicyWeight                 = 90                                        {product} {command line}
     intx CICompilerCount                          = 4                                         {product} {ergonomic}
    uintx GCTimeRatio                              = 4                                         {product} {command line}
     bool HeapDumpOnOutOfMemoryError               = true                                   {manageable} {command line}
    ccstr HeapDumpPath                             = c:\Users\kalra\AppData\Roaming\Code\User\workspaceStorage\4fda5c3b26c15e0cb27154c0e992db6d\redhat.java         {manageable} {command line}
   size_t InitialHeapSize                          = 104857600                                 {product} {command line}
   size_t MaxHeapSize                              = 2147483648                                {product} {command line}
   size_t MaxNewSize                               = 715653120                                 {product} {ergonomic}
   size_t MinHeapDeltaBytes                        = 524288                                    {product} {ergonomic}
   size_t MinHeapSize                              = 104857600                                 {product} {command line}
   size_t NewSize                                  = 34603008                                  {product} {ergonomic}
    uintx NonNMethodCodeHeapSize                   = 5839372                                {pd product} {ergonomic}
    uintx NonProfiledCodeHeapSize                  = 122909434                              {pd product} {ergonomic}
   size_t OldSize                                  = 70254592                                  {product} {ergonomic}
    uintx ProfiledCodeHeapSize                     = 122909434                              {pd product} {ergonomic}
    uintx ReservedCodeCacheSize                    = 251658240                              {pd product} {ergonomic}
     bool SegmentedCodeCache                       = true                                      {product} {ergonomic}
   size_t SoftMaxHeapSize                          = 2147483648                             {manageable} {ergonomic}
     bool UseCompressedOops                        = true                           {product lp64_product} {ergonomic}
     bool UseLargePagesIndividualAllocation        = false                                  {pd product} {ergonomic}
     bool UseParallelGC                            = true                                      {product} {command line}

Logging:
Log output configuration:
 #0: stdout all=off uptime,level,tags foldmultilines=false
 #1: stderr all=off uptime,level,tags foldmultilines=false

Release file:
JAVA_VERSION="21.0.10" 
MODULES="java.base java.compiler java.datatransfer java.xml java.prefs java.desktop java.instrument java.logging java.management java.security.sasl java.naming java.rmi java.management.rmi java.net.http java.scripting java.security.jgss java.transaction.xa java.sql java.sql.rowset java.xml.crypto java.se java.smartcardio jdk.accessibility jdk.internal.jvmstat jdk.attach jdk.charsets jdk.internal.opt jdk.zipfs jdk.compiler jdk.crypto.ec jdk.crypto.cryptoki jdk.crypto.mscapi jdk.dynalink jdk.internal.ed jdk.editpad jdk.hotspot.agent jdk.httpserver jdk.internal.le jdk.internal.vm.ci jdk.internal.vm.compiler jdk.internal.vm.compiler.management jdk.jartool jdk.javadoc jdk.jcmd jdk.management jdk.management.agent jdk.jconsole jdk.jdeps jdk.jdwp.agent jdk.jdi jdk.jfr jdk.jshell jdk.jsobject jdk.jstatd jdk.localedata jdk.management.jfr jdk.naming.dns jdk.naming.rmi jdk.net jdk.nio.mapmode jdk.random jdk.sctp jdk.security.auth jdk.security.jgss jdk.unsupported jdk.unsupported.desktop jdk.xml.dom" 

Environment Variables:
PATH=C:\Users\kalra\AppData\Local\Programs\Microsoft VS Code;C:\Python314\Scripts\;C:\Python314\;C:\Program Files\nodejs\;C:\ProgramData\chocolatey\bin;D:\Git\cmd;C:\Users\kalra\AppData\Local\Programs\Python\Python313\Scripts\;C:\Users\kalra\AppData\Local\Programs\Python\Python313\;C:\Program Files\MySQL\MySQL Shell 8.0\bin\;C:\Users\kalra\AppData\Local\Programs\Python\Python312\Scripts\;C:\Users\kalra\AppData\Local\Programs\Python\Python312\;C:\Users\kalra\AppData\Local\Microsoft\WindowsApps;C:\Users\kalra\AppData\Local\Programs\Microsoft VS Code\bin;C:\Program Files\Azure Data Studio\bin;%JAVA_HOME%\bin;C:\Program Files\Maven\apache-maven-3.9.11\bin;C:\Program Files\MySQL\MySQL Server 8.0\bin;C:\Users\kalra\AppData\Roaming\npm;C:\Users\kalra\Downloads\flutter_windows_3.41.4-stable\flutter\bin;C:\Windows\System32;C:\Program Files\Git\cmd;C:\Windows\System32\WindowsPowerShell\v1.0\;
USERNAME=kalra
OS=Windows_NT
PROCESSOR_IDENTIFIER=AMD64 Family 23 Model 104 Stepping 1, AuthenticAMD
TMP=C:\Users\kalra\AppData\Local\Temp
TEMP=C:\Users\kalra\AppData\Local\Temp




Periodic native trim disabled

---------------  S Y S T E M  ---------------

OS:
 Windows 11 , 64 bit Build 26100 (10.0.26100.7920)
OS uptime: 0 days 13:47 hours
Hyper-V role detected

CPU: total 12 (initial active 12) (12 cores per cpu, 2 threads per core) family 23 model 104 stepping 1 microcode 0x8608107, cx8, cmov, fxsr, ht, mmx, 3dnowpref, sse, sse2, sse3, ssse3, sse4a, sse4.1, sse4.2, popcnt, lzcnt, tsc, tscinvbit, avx, avx2, aes, clmul, bmi1, bmi2, adx, sha, fma, vzeroupper, clflush, clflushopt, hv, rdtscp, rdpid, f16c
Processor Information for processor 0
  Max Mhz: 2100, Current Mhz: 1813, Mhz Limit: 2100
Processor Information for processor 1
  Max Mhz: 2100, Current Mhz: 1813, Mhz Limit: 2100
Processor Information for processor 2
  Max Mhz: 2100, Current Mhz: 2100, Mhz Limit: 2100
Processor Information for processor 3
  Max Mhz: 2100, Current Mhz: 2100, Mhz Limit: 2100
Processor Information for processor 4
  Max Mhz: 2100, Current Mhz: 2100, Mhz Limit: 2100
Processor Information for processor 5
  Max Mhz: 2100, Current Mhz: 2100, Mhz Limit: 2100
Processor Information for processor 6
  Max Mhz: 2100, Current Mhz: 2100, Mhz Limit: 2100
Processor Information for processor 7
  Max Mhz: 2100, Current Mhz: 2100, Mhz Limit: 2100
Processor Information for processor 8
  Max Mhz: 2100, Current Mhz: 2100, Mhz Limit: 2100
Processor Information for processor 9
  Max Mhz: 2100, Current Mhz: 2100, Mhz Limit: 2100
Processor Information for processor 10
  Max Mhz: 2100, Current Mhz: 1813, Mhz Limit: 2100
Processor Information for processor 11
  Max Mhz: 2100, Current Mhz: 2100, Mhz Limit: 2100

Memory: 4k page, system-wide physical 7501M (830M free)
TotalPageFile size 16264M (AvailPageFile size 2M)
current process WorkingSet (physical memory assigned to process): 335M, peak: 335M
current process commit charge ("private bytes"): 415M, peak: 416M

vm_info: OpenJDK 64-Bit Server VM (21.0.10+7-LTS) for windows-amd64 JRE (21.0.10+7-LTS), built on 2026-01-20T00:00:00Z by "admin" with MS VC++ 17.12 (VS2022)

END.
