#
# There is insufficient memory for the Java Runtime Environment to continue.
# Native memory allocation (malloc) failed to allocate 1071936 bytes. Error detail: Chunk::new
# Possible reasons:
#   The system is out of physical RAM or swap space
#   This process is running with CompressedOops enabled, and the Java Heap may be blocking the growth of the native heap
# Possible solutions:
#   Reduce memory load on the system
#   Increase physical memory or swap space
#   Check if swap backing store is full
#   Decrease Java heap size (-Xmx/-Xms)
#   Decrease number of Java threads
#   Decrease Java thread stack sizes (-Xss)
#   Set larger code cache with -XX:ReservedCodeCacheSize=
#   JVM is running with Unscaled Compressed Oops mode in which the Java heap is
#     placed in the first 4GB address space. The Java Heap base address is the
#     maximum limit for the native heap growth. Please use -XX:HeapBaseMinAddress
#     to set the Java Heap base and to place the Java Heap above 4GB virtual address.
# This output file may be truncated or incomplete.
#
#  Out of Memory Error (arena.cpp:168), pid=12356, tid=2696
#
# JRE version: OpenJDK Runtime Environment Temurin-21.0.10+7 (21.0.10+7) (build 21.0.10+7-LTS)
# Java VM: OpenJDK 64-Bit Server VM Temurin-21.0.10+7 (21.0.10+7-LTS, mixed mode, sharing, tiered, compressed oops, compressed class ptrs, parallel gc, windows-amd64)
# No core dump will be written. Minidumps are not enabled by default on client versions of Windows
#

---------------  S U M M A R Y ------------

Command Line: --add-modules=ALL-SYSTEM --add-opens=java.base/java.util=ALL-UNNAMED --add-opens=java.base/java.lang=ALL-UNNAMED --add-opens=java.base/sun.nio.fs=ALL-UNNAMED -Declipse.application=org.eclipse.jdt.ls.core.id1 -Dosgi.bundles.defaultStartLevel=4 -Declipse.product=org.eclipse.jdt.ls.core.product -Djava.import.generatesMetadataFilesAtProjectRoot=false -DDetectVMInstallationsJob.disabled=true -Dfile.encoding=utf8 -XX:+UseParallelGC -XX:GCTimeRatio=4 -XX:AdaptiveSizePolicyWeight=90 -Dsun.zip.disableMemoryMapping=true -Xmx2G -Xms100m -Xlog:disable -javaagent:c:\Users\kalra\.vscode\extensions\redhat.java-1.53.0-win32-x64\lombok\lombok-1.18.39-4050.jar -XX:+HeapDumpOnOutOfMemoryError -XX:HeapDumpPath=c:\Users\kalra\AppData\Roaming\Code\User\workspaceStorage\4fda5c3b26c15e0cb27154c0e992db6d\redhat.java -Daether.dependencyCollector.impl=bf c:\Users\kalra\.vscode\extensions\redhat.java-1.53.0-win32-x64\server\plugins\org.eclipse.equinox.launcher_1.7.100.v20251111-0406.jar -configuration c:\Users\kalra\AppData\Roaming\Code\User\globalStorage\redhat.java\1.53.0\config_win -data c:\Users\kalra\AppData\Roaming\Code\User\workspaceStorage\4fda5c3b26c15e0cb27154c0e992db6d\redhat.java\jdt_ws --pipe=\\.\pipe\lsp-c77f0d6968f95c3ecbbd9f46674f8096-sock

Host: AMD Ryzen 5 5500U with Radeon Graphics         , 12 cores, 7G,  Windows 11 , 64 bit Build 26100 (10.0.26100.7920)
Time: Tue Mar 17 15:26:34 2026 India Standard Time elapsed time: 2274.636510 seconds (0d 0h 37m 54s)

---------------  T H R E A D  ---------------

Current thread (0x000002017dce5480):  JavaThread "C2 CompilerThread0" daemon [_thread_in_native, id=2696, stack(0x000000bc3c200000,0x000000bc3c300000) (1024K)]


Current CompileTask:
C2:2274636 19958       4       org.eclipse.jdt.internal.compiler.lookup.InferenceContext18::collectDependencies (854 bytes)

Stack: [0x000000bc3c200000,0x000000bc3c300000]
Native frames: (J=compiled Java code, j=interpreted, Vv=VM code, C=native code)
V  [jvm.dll+0x6d7a39]
V  [jvm.dll+0x8b4b26]
V  [jvm.dll+0x8b70de]
V  [jvm.dll+0x8b77c3]
V  [jvm.dll+0x284346]
V  [jvm.dll+0xc66ed]
V  [jvm.dll+0xc6c31]
V  [jvm.dll+0x2fb29e]
V  [jvm.dll+0x5fe884]
V  [jvm.dll+0x255b17]
V  [jvm.dll+0x255edd]
V  [jvm.dll+0x24e500]
V  [jvm.dll+0x24ba42]
V  [jvm.dll+0x1cb34e]
V  [jvm.dll+0x25b85d]
V  [jvm.dll+0x259dea]
V  [jvm.dll+0x3f857e]
V  [jvm.dll+0x85f59d]
V  [jvm.dll+0x6d626d]
C  [ucrtbase.dll+0x37b0]
C  [KERNEL32.DLL+0x2e8d7]
C  [ntdll.dll+0x8c48c]


---------------  P R O C E S S  ---------------

Threads class SMR info:
_java_thread_list=0x0000020158d05fe0, length=58, elements={
0x0000020172b38ce0, 0x0000020174f6bae0, 0x0000020174f6e940, 0x0000020175068490,
0x00000201750690f0, 0x0000020175073e70, 0x000002017507d940, 0x000002017dce5480,
0x000002017dcf14f0, 0x000002017507cc20, 0x000002017507d2b0, 0x000002017507b870,
0x000002017507a4c0, 0x000002017507bf00, 0x000002017507b1e0, 0x000002017507ab50,
0x000002017507c590, 0x000002017ef9c2e0, 0x000002017ef9c970, 0x000002017efa0480,
0x000002017ef9f760, 0x000002017ef9fdf0, 0x000002017efa0b10, 0x000002017ef9d690,
0x000002017efa11a0, 0x000002017efa1830, 0x000002017ef9e3b0, 0x000002017efa1ec0,
0x000002017efa2550, 0x000002017efa2be0, 0x000002017efa3270, 0x0000020155910b00,
0x00000201559138f0, 0x0000020155911190, 0x0000020155911820, 0x0000020155911eb0,
0x00000201562e4af0, 0x0000020154a19770, 0x0000020154a19e00, 0x0000020154a1a490,
0x0000020154a1ab20, 0x0000020154a176a0, 0x0000020154a1b1b0, 0x0000020154a1bed0,
0x0000020154a1c560, 0x0000020157b87700, 0x0000020157b869e0, 0x0000020157b87d90,
0x0000020157b8ab80, 0x0000020157b89e60, 0x0000020157b8bf30, 0x00000201562e3740,
0x00000201562e2390, 0x00000201562e0fe0, 0x00000201562e5810, 0x00000201562e7250,
0x00000201562e5ea0, 0x000002015596fe00
}

Java Threads: ( => current thread )
  0x0000020172b38ce0 JavaThread "main"                              [_thread_blocked, id=22148, stack(0x000000bc3b800000,0x000000bc3b900000) (1024K)]
  0x0000020174f6bae0 JavaThread "Reference Handler"          daemon [_thread_blocked, id=25844, stack(0x000000bc3bc00000,0x000000bc3bd00000) (1024K)]
  0x0000020174f6e940 JavaThread "Finalizer"                  daemon [_thread_blocked, id=3972, stack(0x000000bc3bd00000,0x000000bc3be00000) (1024K)]
  0x0000020175068490 JavaThread "Signal Dispatcher"          daemon [_thread_blocked, id=15540, stack(0x000000bc3be00000,0x000000bc3bf00000) (1024K)]
  0x00000201750690f0 JavaThread "Attach Listener"            daemon [_thread_blocked, id=7640, stack(0x000000bc3bf00000,0x000000bc3c000000) (1024K)]
  0x0000020175073e70 JavaThread "Service Thread"             daemon [_thread_blocked, id=3884, stack(0x000000bc3c000000,0x000000bc3c100000) (1024K)]
  0x000002017507d940 JavaThread "Monitor Deflation Thread"   daemon [_thread_blocked, id=20068, stack(0x000000bc3c100000,0x000000bc3c200000) (1024K)]
=>0x000002017dce5480 JavaThread "C2 CompilerThread0"         daemon [_thread_in_native, id=2696, stack(0x000000bc3c200000,0x000000bc3c300000) (1024K)]
  0x000002017dcf14f0 JavaThread "C1 CompilerThread0"         daemon [_thread_blocked, id=5492, stack(0x000000bc3c300000,0x000000bc3c400000) (1024K)]
  0x000002017507cc20 JavaThread "Common-Cleaner"             daemon [_thread_blocked, id=6476, stack(0x000000bc3c400000,0x000000bc3c500000) (1024K)]
  0x000002017507d2b0 JavaThread "Notification Thread"        daemon [_thread_blocked, id=16564, stack(0x000000bc3c600000,0x000000bc3c700000) (1024K)]
  0x000002017507b870 JavaThread "Active Thread: Equinox Container: c18e8cfc-3798-46d6-afb2-8c96ace865d7"        [_thread_blocked, id=3932, stack(0x000000bc3ce00000,0x000000bc3cf00000) (1024K)]
  0x000002017507a4c0 JavaThread "Refresh Thread: Equinox Container: c18e8cfc-3798-46d6-afb2-8c96ace865d7" daemon [_thread_blocked, id=22472, stack(0x000000bc3d000000,0x000000bc3d100000) (1024K)]
  0x000002017507bf00 JavaThread "Framework Event Dispatcher: Equinox Container: c18e8cfc-3798-46d6-afb2-8c96ace865d7" daemon [_thread_blocked, id=7624, stack(0x000000bc3d100000,0x000000bc3d200000) (1024K)]
  0x000002017507b1e0 JavaThread "Start Level: Equinox Container: c18e8cfc-3798-46d6-afb2-8c96ace865d7" daemon [_thread_blocked, id=12304, stack(0x000000bc3d200000,0x000000bc3d300000) (1024K)]
  0x000002017507ab50 JavaThread "Bundle File Closer"         daemon [_thread_blocked, id=16332, stack(0x000000bc3d500000,0x000000bc3d600000) (1024K)]
  0x000002017507c590 JavaThread "SCR Component Actor"        daemon [_thread_blocked, id=17484, stack(0x000000bc3c500000,0x000000bc3c600000) (1024K)]
  0x000002017ef9c2e0 JavaThread "Worker-JM"                         [_thread_blocked, id=10864, stack(0x000000bc3d600000,0x000000bc3d700000) (1024K)]
  0x000002017ef9c970 JavaThread "JNA Cleaner"                daemon [_thread_blocked, id=5796, stack(0x000000bc3c700000,0x000000bc3c800000) (1024K)]
  0x000002017efa0480 JavaThread "Java indexing"              daemon [_thread_blocked, id=17400, stack(0x000000bc3dc00000,0x000000bc3dd00000) (1024K)]
  0x000002017ef9f760 JavaThread "Thread-1"                   daemon [_thread_in_native, id=26076, stack(0x000000bc3e100000,0x000000bc3e200000) (1024K)]
  0x000002017ef9fdf0 JavaThread "Thread-2"                   daemon [_thread_in_native, id=9788, stack(0x000000bc3e200000,0x000000bc3e300000) (1024K)]
  0x000002017efa0b10 JavaThread "Thread-3"                   daemon [_thread_in_native, id=17704, stack(0x000000bc3e300000,0x000000bc3e400000) (1024K)]
  0x000002017ef9d690 JavaThread "Thread-4"                   daemon [_thread_in_native, id=2872, stack(0x000000bc3e400000,0x000000bc3e500000) (1024K)]
  0x000002017efa11a0 JavaThread "Thread-5"                   daemon [_thread_in_native, id=23332, stack(0x000000bc3e500000,0x000000bc3e600000) (1024K)]
  0x000002017efa1830 JavaThread "Thread-6"                   daemon [_thread_in_native, id=18524, stack(0x000000bc3e600000,0x000000bc3e700000) (1024K)]
  0x000002017ef9e3b0 JavaThread "Thread-7"                   daemon [_thread_in_native, id=25200, stack(0x000000bc3e700000,0x000000bc3e800000) (1024K)]
  0x000002017efa1ec0 JavaThread "Thread-8"                   daemon [_thread_in_native, id=20532, stack(0x000000bc3e800000,0x000000bc3e900000) (1024K)]
  0x000002017efa2550 JavaThread "Thread-9"                   daemon [_thread_in_native, id=20864, stack(0x000000bc3e900000,0x000000bc3ea00000) (1024K)]
  0x000002017efa2be0 JavaThread "Thread-10"                  daemon [_thread_in_native, id=14592, stack(0x000000bc3ea00000,0x000000bc3eb00000) (1024K)]
  0x000002017efa3270 JavaThread "Thread-11"                  daemon [_thread_in_native, id=20604, stack(0x000000bc3eb00000,0x000000bc3ec00000) (1024K)]
  0x0000020155910b00 JavaThread "Thread-12"                  daemon [_thread_in_native, id=26000, stack(0x000000bc3ec00000,0x000000bc3ed00000) (1024K)]
  0x00000201559138f0 JavaThread "Thread-13"                  daemon [_thread_in_native, id=25072, stack(0x000000bc3ed00000,0x000000bc3ee00000) (1024K)]
  0x0000020155911190 JavaThread "pool-2-thread-1"                   [_thread_blocked, id=10360, stack(0x000000bc3ee00000,0x000000bc3ef00000) (1024K)]
  0x0000020155911820 JavaThread "WorkspaceEventsHandler"            [_thread_blocked, id=4568, stack(0x000000bc3f000000,0x000000bc3f100000) (1024K)]
  0x0000020155911eb0 JavaThread "pool-1-thread-1"                   [_thread_blocked, id=5448, stack(0x000000bc3f100000,0x000000bc3f200000) (1024K)]
  0x00000201562e4af0 JavaThread "Cleaner-0"                  daemon [_thread_blocked, id=19172, stack(0x000000bc3fd00000,0x000000bc3fe00000) (1024K)]
  0x0000020154a19770 JavaThread "ForkJoinPool.commonPool-worker-25" daemon [_thread_blocked, id=26504, stack(0x000000bc3d700000,0x000000bc3d800000) (1024K)]
  0x0000020154a19e00 JavaThread "ForkJoinPool.commonPool-worker-26" daemon [_thread_blocked, id=12040, stack(0x000000bc3d800000,0x000000bc3d900000) (1024K)]
  0x0000020154a1a490 JavaThread "ForkJoinPool.commonPool-worker-27" daemon [_thread_blocked, id=4260, stack(0x000000bc3d900000,0x000000bc3da00000) (1024K)]
  0x0000020154a1ab20 JavaThread "ForkJoinPool.commonPool-worker-28" daemon [_thread_blocked, id=22412, stack(0x000000bc3da00000,0x000000bc3db00000) (1024K)]
  0x0000020154a176a0 JavaThread "ForkJoinPool.commonPool-worker-29" daemon [_thread_blocked, id=6112, stack(0x000000bc3db00000,0x000000bc3dc00000) (1024K)]
  0x0000020154a1b1b0 JavaThread "ForkJoinPool.commonPool-worker-30" daemon [_thread_blocked, id=24556, stack(0x000000bc3dd00000,0x000000bc3de00000) (1024K)]
  0x0000020154a1bed0 JavaThread "ForkJoinPool.commonPool-worker-31" daemon [_thread_blocked, id=7636, stack(0x000000bc3de00000,0x000000bc3df00000) (1024K)]
  0x0000020154a1c560 JavaThread "ForkJoinPool.commonPool-worker-32" daemon [_thread_blocked, id=17188, stack(0x000000bc3df00000,0x000000bc3e000000) (1024K)]
  0x0000020157b87700 JavaThread "ForkJoinPool.commonPool-worker-33" daemon [_thread_blocked, id=12216, stack(0x000000bc3e000000,0x000000bc3e100000) (1024K)]
  0x0000020157b869e0 JavaThread "ForkJoinPool.commonPool-worker-35" daemon [_thread_blocked, id=21920, stack(0x000000bc3f200000,0x000000bc3f300000) (1024K)]
  0x0000020157b87d90 JavaThread "Worker-17"                         [_thread_blocked, id=15844, stack(0x000000bc3f300000,0x000000bc3f400000) (1024K)]
  0x0000020157b8ab80 JavaThread "Worker-20"                         [_thread_blocked, id=2712, stack(0x000000bc3f600000,0x000000bc3f700000) (1024K)]
  0x0000020157b89e60 JavaThread "Compiler Source File Reader" daemon [_thread_blocked, id=25348, stack(0x000000bc3f700000,0x000000bc3f800000) (1024K)]
  0x0000020157b8bf30 JavaThread "Compiler Source File Reader" daemon [_thread_blocked, id=17844, stack(0x000000bc3f800000,0x000000bc3f900000) (1024K)]
  0x00000201562e3740 JavaThread "ForkJoinPool.commonPool-worker-36" daemon [_thread_blocked, id=12784, stack(0x000000bc3b500000,0x000000bc3b600000) (1024K)]
  0x00000201562e2390 JavaThread "Worker-22"                         [_thread_blocked, id=15136, stack(0x000000bc3b600000,0x000000bc3b700000) (1024K)]
  0x00000201562e0fe0 JavaThread "Worker-23"                         [_thread_blocked, id=9740, stack(0x000000bc3b700000,0x000000bc3b800000) (1024K)]
  0x00000201562e5810 JavaThread "Worker-24"                         [_thread_blocked, id=21440, stack(0x000000bc3ef00000,0x000000bc3f000000) (1024K)]
  0x00000201562e7250 JavaThread "Compiler Source File Reader" daemon [_thread_blocked, id=15696, stack(0x000000bc3f400000,0x000000bc3f500000) (1024K)]
  0x00000201562e5ea0 JavaThread "Compiler Processing Task"   daemon [_thread_blocked, id=13248, stack(0x000000bc3f500000,0x000000bc3f600000) (1024K)]
  0x000002015596fe00 JavaThread "C2 CompilerThread1"         daemon [_thread_blocked, id=16956, stack(0x000000bc3f900000,0x000000bc3fa00000) (1024K)]
Total: 58

Other Threads:
  0x0000020174f52c80 VMThread "VM Thread"                           [id=13328, stack(0x000000bc3bb00000,0x000000bc3bc00000) (1024K)]
  0x0000020174e4ca00 WatcherThread "VM Periodic Task Thread"        [id=18340, stack(0x000000bc3ba00000,0x000000bc3bb00000) (1024K)]
  0x0000020174fe18a0 WorkerThread "GC Thread#0"                     [id=13576, stack(0x000000bc3b900000,0x000000bc3ba00000) (1024K)]
  0x000002017f16a4c0 WorkerThread "GC Thread#1"                     [id=12664, stack(0x000000bc3c800000,0x000000bc3c900000) (1024K)]
  0x000002017f16a870 WorkerThread "GC Thread#2"                     [id=9948, stack(0x000000bc3c900000,0x000000bc3ca00000) (1024K)]
  0x000002017f16ac20 WorkerThread "GC Thread#3"                     [id=1256, stack(0x000000bc3ca00000,0x000000bc3cb00000) (1024K)]
  0x000002017f466ce0 WorkerThread "GC Thread#4"                     [id=18032, stack(0x000000bc3cb00000,0x000000bc3cc00000) (1024K)]
  0x000002017f467090 WorkerThread "GC Thread#5"                     [id=14464, stack(0x000000bc3cc00000,0x000000bc3cd00000) (1024K)]
  0x000002017f467840 WorkerThread "GC Thread#6"                     [id=21664, stack(0x000000bc3cd00000,0x000000bc3ce00000) (1024K)]
  0x000002017f362650 WorkerThread "GC Thread#7"                     [id=20568, stack(0x000000bc3cf00000,0x000000bc3d000000) (1024K)]
  0x000002015483faa0 WorkerThread "GC Thread#8"                     [id=8344, stack(0x000000bc3d300000,0x000000bc3d400000) (1024K)]
  0x000002015437bbe0 WorkerThread "GC Thread#9"                     [id=26448, stack(0x000000bc3d400000,0x000000bc3d500000) (1024K)]
Total: 12

Threads with active compile tasks:
C2 CompilerThread0  2274676 19958       4       org.eclipse.jdt.internal.compiler.lookup.InferenceContext18::collectDependencies (854 bytes)
Total: 1

VM state: not at safepoint (normal execution)

VM Mutex/Monitor currently owned by a thread: None

Heap address: 0x0000000080000000, size: 2048 MB, Compressed Oops mode: 32-bit

CDS archive(s) mapped at: [0x000002010f000000-0x000002010fba0000-0x000002010fba0000), size 12189696, SharedBaseAddress: 0x000002010f000000, ArchiveRelocationMode: 1.
Compressed class space mapped at: 0x0000020110000000-0x0000020150000000, reserved size: 1073741824
Narrow klass base: 0x000002010f000000, Narrow klass shift: 0, Narrow klass range: 0x100000000

GC Precious Log:
 CardTable entry size: 512
 CPUs: 12 total, 12 available
 Memory: 7501M
 Large Page Support: Disabled
 NUMA Support: Disabled
 Compressed Oops: Enabled (32-bit)
 Alignments: Space 512K, Generation 512K, Heap 2M
 Heap Min Capacity: 100M
 Heap Initial Capacity: 100M
 Heap Max Capacity: 2G
 Pre-touch: Disabled
 Parallel Workers: 10

Heap:
 PSYoungGen      total 4096K, used 1346K [0x00000000d5580000, 0x00000000d5a80000, 0x0000000100000000)
  eden space 3072K, 27% used [0x00000000d5580000,0x00000000d5650858,0x00000000d5880000)
  from space 1024K, 50% used [0x00000000d5980000,0x00000000d5a00000,0x00000000d5a80000)
  to   space 1024K, 0% used [0x00000000d5880000,0x00000000d5880000,0x00000000d5980000)
 ParOldGen       total 877568K, used 877100K [0x0000000080000000, 0x00000000b5900000, 0x00000000d5580000)
  object space 877568K, 99% used [0x0000000080000000,0x00000000b588b1a8,0x00000000b5900000)
 Metaspace       used 88409K, committed 90368K, reserved 1179648K
  class space    used 9233K, committed 10112K, reserved 1048576K

Card table byte_map: [0x0000020174960000,0x0000020174d70000] _byte_map_base: 0x0000020174560000

Marking Bits: (ParMarkBitMap*) 0x00007ff92b3c3450
 Begin Bits: [0x0000020178470000, 0x000002017a470000)
 End Bits:   [0x000002017a470000, 0x000002017c470000)

Polling page: 0x0000020172db0000

Metaspace:

Usage:
  Non-class:     77.32 MB used.
      Class:      9.02 MB used.
       Both:     86.34 MB used.

Virtual space:
  Non-class space:      128.00 MB reserved,      78.38 MB ( 61%) committed,  2 nodes.
      Class space:        1.00 GB reserved,       9.88 MB ( <1%) committed,  1 nodes.
             Both:        1.12 GB reserved,      88.25 MB (  8%) committed. 

Chunk freelists:
   Non-Class:  1.44 MB
       Class:  6.11 MB
        Both:  7.55 MB

MaxMetaspaceSize: unlimited
CompressedClassSpaceSize: 1.00 GB
Initial GC threshold: 21.00 MB
Current GC threshold: 134.69 MB
CDS: on
 - commit_granule_bytes: 65536.
 - commit_granule_words: 8192.
 - virtual_space_node_default_size: 8388608.
 - enlarge_chunks_in_place: 1.
 - use_allocation_guard: 0.


Internal statistics:

num_allocs_failed_limit: 9.
num_arena_births: 1698.
num_arena_deaths: 26.
num_vsnodes_births: 3.
num_vsnodes_deaths: 0.
num_space_committed: 1412.
num_space_uncommitted: 0.
num_chunks_returned_to_freelist: 39.
num_chunks_taken_from_freelist: 6056.
num_chunk_merges: 12.
num_chunk_splits: 3612.
num_chunks_enlarged: 1885.
num_inconsistent_stats: 0.

CodeHeap 'non-profiled nmethods': size=120000Kb used=17850Kb max_used=17850Kb free=102150Kb
 bounds [0x0000020107ad0000, 0x0000020108c40000, 0x000002010f000000]
CodeHeap 'profiled nmethods': size=120000Kb used=46700Kb max_used=46700Kb free=73300Kb
 bounds [0x0000020100000000, 0x0000020102da0000, 0x0000020107530000]
CodeHeap 'non-nmethods': size=5760Kb used=1533Kb max_used=1619Kb free=4226Kb
 bounds [0x0000020107530000, 0x00000201077a0000, 0x0000020107ad0000]
CodeCache: size=245760Kb, used=66083Kb, max_used=66169Kb, free=179676Kb
 total_blobs=19280, nmethods=18431, adapters=750, full_count=0
Compilation: enabled, stopped_count=0, restarted_count=0

Compilation events (20 events):
Event: 2274.476 Thread 0x000002017dcf14f0 nmethod 19972 0x0000020102d91a10 code [0x0000020102d91c00, 0x0000020102d92270]
Event: 2274.476 Thread 0x000002017dcf14f0 19973       3       java.util.Optional::of (12 bytes)
Event: 2274.477 Thread 0x000002017dcf14f0 nmethod 19973 0x0000020102d92510 code [0x0000020102d926e0, 0x0000020102d92a58]
Event: 2274.477 Thread 0x000002017dcf14f0 19970       3       org.eclipse.jface.text.Position::<init> (41 bytes)
Event: 2274.477 Thread 0x000002017dcf14f0 nmethod 19970 0x0000020102d92c10 code [0x0000020102d92e40, 0x0000020102d934e0]
Event: 2274.477 Thread 0x000002017dcf14f0 19975       3       org.eclipse.jdt.internal.corext.fix.VariableDeclarationFixCore$WrittenNamesFinder::visit (161 bytes)
Event: 2274.479 Thread 0x000002017dcf14f0 nmethod 19975 0x0000020102d93790 code [0x0000020102d93b20, 0x0000020102d956e0]
Event: 2274.479 Thread 0x000002017dcf14f0 19971       1       org.eclipse.jface.text.templates.TemplateBuffer::getString (5 bytes)
Event: 2274.479 Thread 0x000002017dcf14f0 nmethod 19971 0x0000020108c34f10 code [0x0000020108c350a0, 0x0000020108c35168]
Event: 2274.563 Thread 0x000002015596fe00 nmethod 19942 0x0000020108c35210 code [0x0000020108c35720, 0x0000020108c39508]
Event: 2274.564 Thread 0x000002015596fe00 19953       4       org.eclipse.jdt.internal.compiler.parser.Parser::in_symbol (9 bytes)
Event: 2274.565 Thread 0x000002015596fe00 nmethod 19953 0x0000020108c3c310 code [0x0000020108c3c4a0, 0x0000020108c3c5b0]
Event: 2274.565 Thread 0x000002015596fe00 19967       4       org.eclipse.jdt.core.Signature::getParameterTypes (13 bytes)
Event: 2274.572 Thread 0x000002015596fe00 nmethod 19967 0x0000020108c3c710 code [0x0000020108c3c900, 0x0000020108c3d2e0]
Event: 2274.572 Thread 0x000002015596fe00 19935       4       org.eclipse.jdt.internal.compiler.parser.Parser::consumeModifiers (43 bytes)
Event: 2274.574 Thread 0x000002015596fe00 nmethod 19935 0x0000020108c3d790 code [0x0000020108c3d940, 0x0000020108c3db30]
Event: 2274.574 Thread 0x000002015596fe00 19928       4       lombok.eclipse.TransformEclipseAST$AnnotationVisitor::visitAnnotationOnField (41 bytes)
Event: 2274.578 Thread 0x000002015596fe00 nmethod 19928 0x0000020108c3dd10 code [0x0000020108c3df00, 0x0000020108c3e360]
Event: 2274.604 Thread 0x000002017dcf14f0 19976   !   3       org.eclipse.jdt.internal.core.util.Util::getUnresolvedJavaElement (574 bytes)
Event: 2274.606 Thread 0x000002017dcf14f0 nmethod 19976 0x0000020102d95d90 code [0x0000020102d96440, 0x0000020102d9a190]

GC Heap History (20 events):
Event: 2274.237 GC heap before
{Heap before GC invocations=983 (full 4):
 PSYoungGen      total 2048K, used 1696K [0x00000000d5580000, 0x00000000d5900000, 0x0000000100000000)
  eden space 1024K, 100% used [0x00000000d5580000,0x00000000d5680000,0x00000000d5680000)
  from space 1024K, 65% used [0x00000000d5800000,0x00000000d58a8000,0x00000000d5900000)
  to   space 1024K, 0% used [0x00000000d5700000,0x00000000d5700000,0x00000000d5800000)
 ParOldGen       total 870912K, used 870765K [0x0000000080000000, 0x00000000b5280000, 0x00000000d5580000)
  object space 870912K, 99% used [0x0000000080000000,0x00000000b525b608,0x00000000b5280000)
 Metaspace       used 88255K, committed 90112K, reserved 1179648K
  class space    used 9205K, committed 10048K, reserved 1048576K
}
Event: 2274.240 GC heap after
{Heap after GC invocations=983 (full 4):
 PSYoungGen      total 2560K, used 1024K [0x00000000d5580000, 0x00000000d5b00000, 0x0000000100000000)
  eden space 1536K, 0% used [0x00000000d5580000,0x00000000d5580000,0x00000000d5700000)
  from space 1024K, 100% used [0x00000000d5700000,0x00000000d5800000,0x00000000d5800000)
  to   space 2048K, 0% used [0x00000000d5900000,0x00000000d5900000,0x00000000d5b00000)
 ParOldGen       total 871424K, used 871309K [0x0000000080000000, 0x00000000b5300000, 0x00000000d5580000)
  object space 871424K, 99% used [0x0000000080000000,0x00000000b52e3608,0x00000000b5300000)
 Metaspace       used 88255K, committed 90112K, reserved 1179648K
  class space    used 9205K, committed 10048K, reserved 1048576K
}
Event: 2274.243 GC heap before
{Heap before GC invocations=984 (full 4):
 PSYoungGen      total 2560K, used 2560K [0x00000000d5580000, 0x00000000d5b00000, 0x0000000100000000)
  eden space 1536K, 100% used [0x00000000d5580000,0x00000000d5700000,0x00000000d5700000)
  from space 1024K, 100% used [0x00000000d5700000,0x00000000d5800000,0x00000000d5800000)
  to   space 2048K, 0% used [0x00000000d5900000,0x00000000d5900000,0x00000000d5b00000)
 ParOldGen       total 871424K, used 871309K [0x0000000080000000, 0x00000000b5300000, 0x00000000d5580000)
  object space 871424K, 99% used [0x0000000080000000,0x00000000b52e3608,0x00000000b5300000)
 Metaspace       used 88255K, committed 90112K, reserved 1179648K
  class space    used 9205K, committed 10048K, reserved 1048576K
}
Event: 2274.257 GC heap after
{Heap after GC invocations=984 (full 4):
 PSYoungGen      total 3584K, used 1696K [0x00000000d5580000, 0x00000000d5b80000, 0x0000000100000000)
  eden space 1536K, 0% used [0x00000000d5580000,0x00000000d5580000,0x00000000d5700000)
  from space 2048K, 82% used [0x00000000d5900000,0x00000000d5aa8000,0x00000000d5b00000)
  to   space 2048K, 0% used [0x00000000d5700000,0x00000000d5700000,0x00000000d5900000)
 ParOldGen       total 872448K, used 872317K [0x0000000080000000, 0x00000000b5400000, 0x00000000d5580000)
  object space 872448K, 99% used [0x0000000080000000,0x00000000b53df608,0x00000000b5400000)
 Metaspace       used 88255K, committed 90112K, reserved 1179648K
  class space    used 9205K, committed 10048K, reserved 1048576K
}
Event: 2274.268 GC heap before
{Heap before GC invocations=985 (full 4):
 PSYoungGen      total 3584K, used 3232K [0x00000000d5580000, 0x00000000d5b80000, 0x0000000100000000)
  eden space 1536K, 100% used [0x00000000d5580000,0x00000000d5700000,0x00000000d5700000)
  from space 2048K, 82% used [0x00000000d5900000,0x00000000d5aa8000,0x00000000d5b00000)
  to   space 2048K, 0% used [0x00000000d5700000,0x00000000d5700000,0x00000000d5900000)
 ParOldGen       total 872448K, used 872317K [0x0000000080000000, 0x00000000b5400000, 0x00000000d5580000)
  object space 872448K, 99% used [0x0000000080000000,0x00000000b53df608,0x00000000b5400000)
 Metaspace       used 88281K, committed 90176K, reserved 1179648K
  class space    used 9211K, committed 10048K, reserved 1048576K
}
Event: 2274.271 GC heap after
{Heap after GC invocations=985 (full 4):
 PSYoungGen      total 3584K, used 1044K [0x00000000d5580000, 0x00000000d5a80000, 0x0000000100000000)
  eden space 1536K, 0% used [0x00000000d5580000,0x00000000d5580000,0x00000000d5700000)
  from space 2048K, 51% used [0x00000000d5700000,0x00000000d5805200,0x00000000d5900000)
  to   space 1536K, 0% used [0x00000000d5900000,0x00000000d5900000,0x00000000d5a80000)
 ParOldGen       total 873984K, used 873869K [0x0000000080000000, 0x00000000b5580000, 0x00000000d5580000)
  object space 873984K, 99% used [0x0000000080000000,0x00000000b5563608,0x00000000b5580000)
 Metaspace       used 88281K, committed 90176K, reserved 1179648K
  class space    used 9211K, committed 10048K, reserved 1048576K
}
Event: 2274.285 GC heap before
{Heap before GC invocations=986 (full 4):
 PSYoungGen      total 3584K, used 2580K [0x00000000d5580000, 0x00000000d5a80000, 0x0000000100000000)
  eden space 1536K, 100% used [0x00000000d5580000,0x00000000d5700000,0x00000000d5700000)
  from space 2048K, 51% used [0x00000000d5700000,0x00000000d5805200,0x00000000d5900000)
  to   space 1536K, 0% used [0x00000000d5900000,0x00000000d5900000,0x00000000d5a80000)
 ParOldGen       total 873984K, used 873869K [0x0000000080000000, 0x00000000b5580000, 0x00000000d5580000)
  object space 873984K, 99% used [0x0000000080000000,0x00000000b5563608,0x00000000b5580000)
 Metaspace       used 88294K, committed 90176K, reserved 1179648K
  class space    used 9215K, committed 10048K, reserved 1048576K
}
Event: 2274.288 GC heap after
{Heap after GC invocations=986 (full 4):
 PSYoungGen      total 3072K, used 608K [0x00000000d5580000, 0x00000000d5a00000, 0x0000000100000000)
  eden space 2048K, 0% used [0x00000000d5580000,0x00000000d5580000,0x00000000d5780000)
  from space 1024K, 59% used [0x00000000d5900000,0x00000000d5998000,0x00000000d5a00000)
  to   space 1024K, 0% used [0x00000000d5800000,0x00000000d5800000,0x00000000d5900000)
 ParOldGen       total 875008K, used 874786K [0x0000000080000000, 0x00000000b5680000, 0x00000000d5580000)
  object space 875008K, 99% used [0x0000000080000000,0x00000000b5648808,0x00000000b5680000)
 Metaspace       used 88294K, committed 90176K, reserved 1179648K
  class space    used 9215K, committed 10048K, reserved 1048576K
}
Event: 2274.310 GC heap before
{Heap before GC invocations=987 (full 4):
 PSYoungGen      total 3072K, used 2656K [0x00000000d5580000, 0x00000000d5a00000, 0x0000000100000000)
  eden space 2048K, 100% used [0x00000000d5580000,0x00000000d5780000,0x00000000d5780000)
  from space 1024K, 59% used [0x00000000d5900000,0x00000000d5998000,0x00000000d5a00000)
  to   space 1024K, 0% used [0x00000000d5800000,0x00000000d5800000,0x00000000d5900000)
 ParOldGen       total 875008K, used 874786K [0x0000000080000000, 0x00000000b5680000, 0x00000000d5580000)
  object space 875008K, 99% used [0x0000000080000000,0x00000000b5648808,0x00000000b5680000)
 Metaspace       used 88305K, committed 90176K, reserved 1179648K
  class space    used 9216K, committed 10048K, reserved 1048576K
}
Event: 2274.313 GC heap after
{Heap after GC invocations=987 (full 4):
 PSYoungGen      total 3584K, used 352K [0x00000000d5580000, 0x00000000d5980000, 0x0000000100000000)
  eden space 2560K, 0% used [0x00000000d5580000,0x00000000d5580000,0x00000000d5800000)
  from space 1024K, 34% used [0x00000000d5800000,0x00000000d5858000,0x00000000d5900000)
  to   space 512K, 0% used [0x00000000d5900000,0x00000000d5900000,0x00000000d5980000)
 ParOldGen       total 875520K, used 875258K [0x0000000080000000, 0x00000000b5700000, 0x00000000d5580000)
  object space 875520K, 99% used [0x0000000080000000,0x00000000b56be828,0x00000000b5700000)
 Metaspace       used 88305K, committed 90176K, reserved 1179648K
  class space    used 9216K, committed 10048K, reserved 1048576K
}
Event: 2274.327 GC heap before
{Heap before GC invocations=988 (full 4):
 PSYoungGen      total 3584K, used 2911K [0x00000000d5580000, 0x00000000d5980000, 0x0000000100000000)
  eden space 2560K, 99% used [0x00000000d5580000,0x00000000d57fffe8,0x00000000d5800000)
  from space 1024K, 34% used [0x00000000d5800000,0x00000000d5858000,0x00000000d5900000)
  to   space 512K, 0% used [0x00000000d5900000,0x00000000d5900000,0x00000000d5980000)
 ParOldGen       total 875520K, used 875258K [0x0000000080000000, 0x00000000b5700000, 0x00000000d5580000)
  object space 875520K, 99% used [0x0000000080000000,0x00000000b56be828,0x00000000b5700000)
 Metaspace       used 88309K, committed 90176K, reserved 1179648K
  class space    used 9216K, committed 10048K, reserved 1048576K
}
Event: 2274.330 GC heap after
{Heap after GC invocations=988 (full 4):
 PSYoungGen      total 3072K, used 500K [0x00000000d5580000, 0x00000000d5a80000, 0x0000000100000000)
  eden space 2560K, 0% used [0x00000000d5580000,0x00000000d5580000,0x00000000d5800000)
  from space 512K, 97% used [0x00000000d5900000,0x00000000d597d220,0x00000000d5980000)
  to   space 1024K, 0% used [0x00000000d5800000,0x00000000d5800000,0x00000000d5900000)
 ParOldGen       total 876032K, used 875674K [0x0000000080000000, 0x00000000b5780000, 0x00000000d5580000)
  object space 876032K, 99% used [0x0000000080000000,0x00000000b5726838,0x00000000b5780000)
 Metaspace       used 88309K, committed 90176K, reserved 1179648K
  class space    used 9216K, committed 10048K, reserved 1048576K
}
Event: 2274.343 GC heap before
{Heap before GC invocations=989 (full 4):
 PSYoungGen      total 3072K, used 3060K [0x00000000d5580000, 0x00000000d5a80000, 0x0000000100000000)
  eden space 2560K, 100% used [0x00000000d5580000,0x00000000d5800000,0x00000000d5800000)
  from space 512K, 97% used [0x00000000d5900000,0x00000000d597d220,0x00000000d5980000)
  to   space 1024K, 0% used [0x00000000d5800000,0x00000000d5800000,0x00000000d5900000)
 ParOldGen       total 876032K, used 875674K [0x0000000080000000, 0x00000000b5780000, 0x00000000d5580000)
  object space 876032K, 99% used [0x0000000080000000,0x00000000b5726838,0x00000000b5780000)
 Metaspace       used 88309K, committed 90176K, reserved 1179648K
  class space    used 9216K, committed 10048K, reserved 1048576K
}
Event: 2274.346 GC heap after
{Heap after GC invocations=989 (full 4):
 PSYoungGen      total 3584K, used 544K [0x00000000d5580000, 0x00000000d5a80000, 0x0000000100000000)
  eden space 2560K, 0% used [0x00000000d5580000,0x00000000d5580000,0x00000000d5800000)
  from space 1024K, 53% used [0x00000000d5800000,0x00000000d5888000,0x00000000d5900000)
  to   space 1024K, 0% used [0x00000000d5980000,0x00000000d5980000,0x00000000d5a80000)
 ParOldGen       total 876544K, used 876163K [0x0000000080000000, 0x00000000b5800000, 0x00000000d5580000)
  object space 876544K, 99% used [0x0000000080000000,0x00000000b57a0f98,0x00000000b5800000)
 Metaspace       used 88309K, committed 90176K, reserved 1179648K
  class space    used 9216K, committed 10048K, reserved 1048576K
}
Event: 2274.362 GC heap before
{Heap before GC invocations=990 (full 4):
 PSYoungGen      total 3584K, used 3104K [0x00000000d5580000, 0x00000000d5a80000, 0x0000000100000000)
  eden space 2560K, 100% used [0x00000000d5580000,0x00000000d5800000,0x00000000d5800000)
  from space 1024K, 53% used [0x00000000d5800000,0x00000000d5888000,0x00000000d5900000)
  to   space 1024K, 0% used [0x00000000d5980000,0x00000000d5980000,0x00000000d5a80000)
 ParOldGen       total 876544K, used 876163K [0x0000000080000000, 0x00000000b5800000, 0x00000000d5580000)
  object space 876544K, 99% used [0x0000000080000000,0x00000000b57a0f98,0x00000000b5800000)
 Metaspace       used 88314K, committed 90176K, reserved 1179648K
  class space    used 9216K, committed 10048K, reserved 1048576K
}
Event: 2274.365 GC heap after
{Heap after GC invocations=990 (full 4):
 PSYoungGen      total 4096K, used 692K [0x00000000d5580000, 0x00000000d5a80000, 0x0000000100000000)
  eden space 3072K, 0% used [0x00000000d5580000,0x00000000d5580000,0x00000000d5880000)
  from space 1024K, 67% used [0x00000000d5980000,0x00000000d5a2d200,0x00000000d5a80000)
  to   space 1024K, 0% used [0x00000000d5880000,0x00000000d5880000,0x00000000d5980000)
 ParOldGen       total 876544K, used 876535K [0x0000000080000000, 0x00000000b5800000, 0x00000000d5580000)
  object space 876544K, 99% used [0x0000000080000000,0x00000000b57fdfa8,0x00000000b5800000)
 Metaspace       used 88314K, committed 90176K, reserved 1179648K
  class space    used 9216K, committed 10048K, reserved 1048576K
}
Event: 2274.397 GC heap before
{Heap before GC invocations=991 (full 4):
 PSYoungGen      total 4096K, used 3764K [0x00000000d5580000, 0x00000000d5a80000, 0x0000000100000000)
  eden space 3072K, 100% used [0x00000000d5580000,0x00000000d5880000,0x00000000d5880000)
  from space 1024K, 67% used [0x00000000d5980000,0x00000000d5a2d200,0x00000000d5a80000)
  to   space 1024K, 0% used [0x00000000d5880000,0x00000000d5880000,0x00000000d5980000)
 ParOldGen       total 876544K, used 876535K [0x0000000080000000, 0x00000000b5800000, 0x00000000d5580000)
  object space 876544K, 99% used [0x0000000080000000,0x00000000b57fdfa8,0x00000000b5800000)
 Metaspace       used 88366K, committed 90304K, reserved 1179648K
  class space    used 9233K, committed 10112K, reserved 1048576K
}
Event: 2274.400 GC heap after
{Heap after GC invocations=991 (full 4):
 PSYoungGen      total 4096K, used 720K [0x00000000d5580000, 0x00000000d5a80000, 0x0000000100000000)
  eden space 3072K, 0% used [0x00000000d5580000,0x00000000d5580000,0x00000000d5880000)
  from space 1024K, 70% used [0x00000000d5880000,0x00000000d5934010,0x00000000d5980000)
  to   space 1024K, 0% used [0x00000000d5980000,0x00000000d5980000,0x00000000d5a80000)
 ParOldGen       total 877056K, used 877028K [0x0000000080000000, 0x00000000b5880000, 0x00000000d5580000)
  object space 877056K, 99% used [0x0000000080000000,0x00000000b58791a8,0x00000000b5880000)
 Metaspace       used 88366K, committed 90304K, reserved 1179648K
  class space    used 9233K, committed 10112K, reserved 1048576K
}
Event: 2274.469 GC heap before
{Heap before GC invocations=992 (full 4):
 PSYoungGen      total 4096K, used 3792K [0x00000000d5580000, 0x00000000d5a80000, 0x0000000100000000)
  eden space 3072K, 100% used [0x00000000d5580000,0x00000000d5880000,0x00000000d5880000)
  from space 1024K, 70% used [0x00000000d5880000,0x00000000d5934010,0x00000000d5980000)
  to   space 1024K, 0% used [0x00000000d5980000,0x00000000d5980000,0x00000000d5a80000)
 ParOldGen       total 877056K, used 877028K [0x0000000080000000, 0x00000000b5880000, 0x00000000d5580000)
  object space 877056K, 99% used [0x0000000080000000,0x00000000b58791a8,0x00000000b5880000)
 Metaspace       used 88409K, committed 90368K, reserved 1179648K
  class space    used 9233K, committed 10112K, reserved 1048576K
}
Event: 2274.473 GC heap after
{Heap after GC invocations=992 (full 4):
 PSYoungGen      total 4096K, used 512K [0x00000000d5580000, 0x00000000d5a80000, 0x0000000100000000)
  eden space 3072K, 0% used [0x00000000d5580000,0x00000000d5580000,0x00000000d5880000)
  from space 1024K, 50% used [0x00000000d5980000,0x00000000d5a00000,0x00000000d5a80000)
  to   space 1024K, 0% used [0x00000000d5880000,0x00000000d5880000,0x00000000d5980000)
 ParOldGen       total 877568K, used 877100K [0x0000000080000000, 0x00000000b5900000, 0x00000000d5580000)
  object space 877568K, 99% used [0x0000000080000000,0x00000000b588b1a8,0x00000000b5900000)
 Metaspace       used 88409K, committed 90368K, reserved 1179648K
  class space    used 9233K, committed 10112K, reserved 1048576K
}

Dll operation events (12 events):
Event: 0.017 Loaded shared library c:\Users\kalra\.vscode\extensions\redhat.java-1.53.0-win32-x64\jre\21.0.10-win32-x86_64\bin\java.dll
Event: 0.148 Loaded shared library c:\Users\kalra\.vscode\extensions\redhat.java-1.53.0-win32-x64\jre\21.0.10-win32-x86_64\bin\zip.dll
Event: 0.187 Loaded shared library C:\Users\kalra\.vscode\extensions\redhat.java-1.53.0-win32-x64\jre\21.0.10-win32-x86_64\bin\instrument.dll
Event: 0.203 Loaded shared library C:\Users\kalra\.vscode\extensions\redhat.java-1.53.0-win32-x64\jre\21.0.10-win32-x86_64\bin\net.dll
Event: 0.209 Loaded shared library C:\Users\kalra\.vscode\extensions\redhat.java-1.53.0-win32-x64\jre\21.0.10-win32-x86_64\bin\nio.dll
Event: 0.217 Loaded shared library C:\Users\kalra\.vscode\extensions\redhat.java-1.53.0-win32-x64\jre\21.0.10-win32-x86_64\bin\zip.dll
Event: 0.253 Loaded shared library C:\Users\kalra\.vscode\extensions\redhat.java-1.53.0-win32-x64\jre\21.0.10-win32-x86_64\bin\jimage.dll
Event: 0.407 Loaded shared library c:\Users\kalra\.vscode\extensions\redhat.java-1.53.0-win32-x64\jre\21.0.10-win32-x86_64\bin\verify.dll
Event: 2.666 Loaded shared library C:\Users\kalra\AppData\Roaming\Code\User\globalStorage\redhat.java\1.53.0\config_win\org.eclipse.equinox.launcher\org.eclipse.equinox.launcher.win32.win32.x86_64_1.3.0.v20260203-2149\eclipse_11919.dll
Event: 7.492 Loaded shared library C:\Users\kalra\AppData\Local\Temp\jna-101813893\jna8447791925505744791.dll
Event: 11.219 Loaded shared library C:\Users\kalra\.vscode\extensions\redhat.java-1.53.0-win32-x64\jre\21.0.10-win32-x86_64\bin\sunmscapi.dll
Event: 11.299 Loaded shared library C:\Users\kalra\.vscode\extensions\redhat.java-1.53.0-win32-x64\jre\21.0.10-win32-x86_64\bin\extnet.dll

Deoptimization events (20 events):
Event: 2274.369 Thread 0x00000201562e0fe0 DEOPT PACKING pc=0x0000020102cf0ae0 sp=0x000000bc3b7fe1d0
Event: 2274.369 Thread 0x00000201562e0fe0 DEOPT UNPACKING pc=0x0000020107584242 sp=0x000000bc3b7fd6a8 mode 0
Event: 2274.380 Thread 0x00000201562e0fe0 DEOPT PACKING pc=0x0000020102d16f8c sp=0x000000bc3b7fe030
Event: 2274.380 Thread 0x00000201562e0fe0 DEOPT UNPACKING pc=0x0000020107584242 sp=0x000000bc3b7fd5b8 mode 0
Event: 2274.381 Thread 0x0000020157b869e0 Uncommon trap: trap_request=0xffffff3d fr.pc=0x0000020108737e64 relative=0x0000000000000d64
Event: 2274.382 Thread 0x0000020157b869e0 Uncommon trap: reason=unstable_fused_if action=reinterpret pc=0x0000020108737e64 method=org.eclipse.jdt.internal.compiler.lookup.Scope$Substitutor.substitute(Lorg/eclipse/jdt/internal/compiler/lookup/Substitution;Lorg/eclipse/jdt/internal/compiler/lookup/
Event: 2274.382 Thread 0x0000020157b869e0 DEOPT PACKING pc=0x0000020108737e64 sp=0x000000bc3f2fe300
Event: 2274.382 Thread 0x0000020157b869e0 DEOPT UNPACKING pc=0x0000020107583aa2 sp=0x000000bc3f2fe2e0 mode 2
Event: 2274.412 Thread 0x0000020157b869e0 Uncommon trap: trap_request=0xffffff45 fr.pc=0x0000020107b2bd24 relative=0x0000000000000444
Event: 2274.412 Thread 0x0000020157b869e0 Uncommon trap: reason=unstable_if action=reinterpret pc=0x0000020107b2bd24 method=java.util.HashMap.resize()[Ljava/util/HashMap$Node; @ 203 c2
Event: 2274.412 Thread 0x0000020157b869e0 DEOPT PACKING pc=0x0000020107b2bd24 sp=0x000000bc3f2fde80
Event: 2274.412 Thread 0x0000020157b869e0 DEOPT UNPACKING pc=0x0000020107583aa2 sp=0x000000bc3f2fdde0 mode 2
Event: 2274.449 Thread 0x0000020157b869e0 Uncommon trap: trap_request=0xffffff45 fr.pc=0x000002010833101c relative=0x0000000000000f3c
Event: 2274.449 Thread 0x0000020157b869e0 Uncommon trap: reason=unstable_if action=reinterpret pc=0x000002010833101c method=org.eclipse.jdt.internal.compiler.lookup.BinaryTypeBinding.scanMethodForNullAnnotation(Lorg/eclipse/jdt/internal/compiler/env/IBinaryMethod;Lorg/eclipse/jdt/internal/compile
Event: 2274.450 Thread 0x0000020157b869e0 DEOPT PACKING pc=0x000002010833101c sp=0x000000bc3f2fe130
Event: 2274.450 Thread 0x0000020157b869e0 DEOPT UNPACKING pc=0x0000020107583aa2 sp=0x000000bc3f2fe088 mode 2
Event: 2274.476 Thread 0x0000020157b869e0 Uncommon trap: trap_request=0xffffff45 fr.pc=0x00000201088e1ac4 relative=0x0000000000000ca4
Event: 2274.476 Thread 0x0000020157b869e0 Uncommon trap: reason=unstable_if action=reinterpret pc=0x00000201088e1ac4 method=org.eclipse.jdt.internal.corext.fix.VariableDeclarationFixCore$WrittenNamesFinder.visit(Lorg/eclipse/jdt/core/dom/SimpleName;)Z @ 38 c2
Event: 2274.476 Thread 0x0000020157b869e0 DEOPT PACKING pc=0x00000201088e1ac4 sp=0x000000bc3f2fe8b0
Event: 2274.476 Thread 0x0000020157b869e0 DEOPT UNPACKING pc=0x0000020107583aa2 sp=0x000000bc3f2fe880 mode 2

Classes loaded (20 events):
Event: 1370.327 Loading class java/util/function/LongFunction
Event: 1370.328 Loading class java/util/function/LongFunction done
Event: 1370.330 Loading class java/util/stream/Nodes$ConcNode
Event: 1370.332 Loading class java/util/stream/Nodes$AbstractConcNode
Event: 1370.333 Loading class java/util/stream/Nodes$AbstractConcNode done
Event: 1370.333 Loading class java/util/stream/Nodes$ConcNode done
Event: 1370.387 Loading class java/io/ObjectOutputStream$BlockDataOutputStream
Event: 1370.389 Loading class java/io/ObjectOutputStream$BlockDataOutputStream done
Event: 1370.389 Loading class java/io/ObjectOutputStream$HandleTable
Event: 1370.390 Loading class java/io/ObjectOutputStream$HandleTable done
Event: 1370.390 Loading class java/io/ObjectOutputStream$ReplaceTable
Event: 1370.391 Loading class java/io/ObjectOutputStream$ReplaceTable done
Event: 2098.668 Loading class jdk/internal/module/IllegalAccessLogger
Event: 2098.669 Loading class jdk/internal/module/IllegalAccessLogger done
Event: 2100.881 Loading class jdk/internal/module/IllegalAccessLogger
Event: 2100.881 Loading class jdk/internal/module/IllegalAccessLogger done
Event: 2259.435 Loading class jdk/internal/module/IllegalAccessLogger
Event: 2259.435 Loading class jdk/internal/module/IllegalAccessLogger done
Event: 2271.800 Loading class java/util/Spliterators$IntArraySpliterator
Event: 2271.804 Loading class java/util/Spliterators$IntArraySpliterator done

Classes unloaded (13 events):
Event: 8.892 Thread 0x0000020174f52c80 Unloading class 0x00000201101a3000 'java/lang/invoke/LambdaForm$MH+0x00000201101a3000'
Event: 8.892 Thread 0x0000020174f52c80 Unloading class 0x00000201101a2c00 'java/lang/invoke/LambdaForm$MH+0x00000201101a2c00'
Event: 8.892 Thread 0x0000020174f52c80 Unloading class 0x00000201101a2800 'java/lang/invoke/LambdaForm$MH+0x00000201101a2800'
Event: 8.892 Thread 0x0000020174f52c80 Unloading class 0x00000201101a2400 'java/lang/invoke/LambdaForm$MH+0x00000201101a2400'
Event: 8.892 Thread 0x0000020174f52c80 Unloading class 0x00000201101a2000 'java/lang/invoke/LambdaForm$BMH+0x00000201101a2000'
Event: 8.892 Thread 0x0000020174f52c80 Unloading class 0x00000201101a1c00 'java/lang/invoke/LambdaForm$DMH+0x00000201101a1c00'
Event: 8.892 Thread 0x0000020174f52c80 Unloading class 0x00000201101a0800 'java/lang/invoke/LambdaForm$DMH+0x00000201101a0800'
Event: 1115.255 Thread 0x0000020174f52c80 Unloading class 0x00000201107ad400 'java/lang/invoke/LambdaForm$DMH+0x00000201107ad400'
Event: 1115.256 Thread 0x0000020174f52c80 Unloading class 0x0000020110791000 'java/lang/invoke/LambdaForm$DMH+0x0000020110791000'
Event: 1115.256 Thread 0x0000020174f52c80 Unloading class 0x0000020110791400 'java/lang/invoke/LambdaForm$DMH+0x0000020110791400'
Event: 1115.256 Thread 0x0000020174f52c80 Unloading class 0x0000020110790800 'java/lang/invoke/LambdaForm$DMH+0x0000020110790800'
Event: 1115.256 Thread 0x0000020174f52c80 Unloading class 0x0000020110790400 'java/lang/invoke/LambdaForm$DMH+0x0000020110790400'
Event: 1115.256 Thread 0x0000020174f52c80 Unloading class 0x0000020110780400 'java/lang/invoke/LambdaForm$DMH+0x0000020110780400'

Classes redefined (0 events):
No events

Internal exceptions (20 events):
Event: 2132.201 Thread 0x0000020157b88ab0 Exception <a 'sun/nio/fs/WindowsException'{0x00000000d5667080}> (0x00000000d5667080) 
thrown [s\src\hotspot\share\prims\jni.cpp, line 520]
Event: 2132.209 Thread 0x0000020157b88ab0 Exception <a 'sun/nio/fs/WindowsException'{0x00000000d56bb130}> (0x00000000d56bb130) 
thrown [s\src\hotspot\share\prims\jni.cpp, line 520]
Event: 2132.209 Thread 0x0000020157b88ab0 Exception <a 'sun/nio/fs/WindowsException'{0x00000000d56c5730}> (0x00000000d56c5730) 
thrown [s\src\hotspot\share\prims\jni.cpp, line 520]
Event: 2132.578 Thread 0x0000020157b87d90 Implicit null exception at 0x000002010893f240 to 0x000002010894018c
Event: 2133.701 Thread 0x0000020157b88ab0 Exception <a 'sun/nio/fs/WindowsException'{0x00000000d5961d88}> (0x00000000d5961d88) 
thrown [s\src\hotspot\share\prims\jni.cpp, line 520]
Event: 2133.701 Thread 0x0000020157b88ab0 Exception <a 'sun/nio/fs/WindowsException'{0x00000000d59623a0}> (0x00000000d59623a0) 
thrown [s\src\hotspot\share\prims\jni.cpp, line 520]
Event: 2255.079 Thread 0x0000020157b87700 Exception <a 'java/lang/ArrayIndexOutOfBoundsException'{0x00000000d56f7440}> (0x00000000d56f7440) 
thrown [s\src\hotspot\share\runtime\sharedRuntime.cpp, line 625]
Event: 2255.079 Thread 0x0000020157b87700 Exception <a 'java/lang/ArrayIndexOutOfBoundsException'{0x00000000d56f7a80}> (0x00000000d56f7a80) 
thrown [s\src\hotspot\share\runtime\sharedRuntime.cpp, line 625]
Event: 2255.079 Thread 0x0000020157b87700 Exception <a 'java/lang/ArrayIndexOutOfBoundsException'{0x00000000d56f7e10}> (0x00000000d56f7e10) 
thrown [s\src\hotspot\share\runtime\sharedRuntime.cpp, line 625]
Event: 2259.241 Thread 0x000002017efa0480 Exception <a 'sun/nio/fs/WindowsException'{0x00000000d578d078}> (0x00000000d578d078) 
thrown [s\src\hotspot\share\prims\jni.cpp, line 520]
Event: 2259.343 Thread 0x0000020155911eb0 Implicit null exception at 0x0000020108457a4a to 0x0000020108457ca4
Event: 2259.346 Thread 0x0000020155911eb0 Implicit null exception at 0x00000201086d4309 to 0x00000201086d48d8
Event: 2259.580 Thread 0x000002017efa0480 Exception <a 'sun/nio/fs/WindowsException'{0x00000000d56b9828}> (0x00000000d56b9828) 
thrown [s\src\hotspot\share\prims\jni.cpp, line 520]
Event: 2260.954 Thread 0x0000020157b87700 Exception <a 'java/lang/ArrayIndexOutOfBoundsException'{0x00000000d578ee28}> (0x00000000d578ee28) 
thrown [s\src\hotspot\share\runtime\sharedRuntime.cpp, line 625]
Event: 2261.017 Thread 0x0000020157b87700 Exception <a 'java/lang/ArrayIndexOutOfBoundsException'{0x00000000d56ba058}> (0x00000000d56ba058) 
thrown [s\src\hotspot\share\runtime\sharedRuntime.cpp, line 625]
Event: 2271.510 Thread 0x0000020155911eb0 Exception <a 'java/lang/IncompatibleClassChangeError'{0x00000000d5609308}: Found class java.lang.Object, but interface was expected> (0x00000000d5609308) 
thrown [s\src\hotspot\share\interpreter\linkResolver.cpp, line 840]
Event: 2271.534 Thread 0x0000020155911eb0 Exception <a 'java/lang/ArrayIndexOutOfBoundsException'{0x00000000d5794148}> (0x00000000d5794148) 
thrown [s\src\hotspot\share\runtime\sharedRuntime.cpp, line 625]
Event: 2274.206 Thread 0x0000020157b869e0 Implicit null exception at 0x00000201080da363 to 0x00000201080dc200
Event: 2274.208 Thread 0x0000020157b869e0 Implicit null exception at 0x00000201080de960 to 0x00000201080e05d8
Event: 2274.476 Thread 0x0000020157b869e0 Implicit null exception at 0x00000201088e0ecf to 0x00000201088e1ab8

ZGC Phase Switch (0 events):
No events

VM Operations (20 events):
Event: 2274.300 Executing non-safepoint VM operation: HandshakeAllThreads (Deoptimize)
Event: 2274.300 Executing non-safepoint VM operation: HandshakeAllThreads (Deoptimize) done
Event: 2274.310 Executing safepoint VM operation: ParallelGCFailedAllocation (Allocation Failure)
Event: 2274.313 Executing safepoint VM operation: ParallelGCFailedAllocation (Allocation Failure) done
Event: 2274.327 Executing safepoint VM operation: ParallelGCFailedAllocation (Allocation Failure)
Event: 2274.330 Executing safepoint VM operation: ParallelGCFailedAllocation (Allocation Failure) done
Event: 2274.343 Executing safepoint VM operation: ParallelGCFailedAllocation (Allocation Failure)
Event: 2274.346 Executing safepoint VM operation: ParallelGCFailedAllocation (Allocation Failure) done
Event: 2274.362 Executing safepoint VM operation: ParallelGCFailedAllocation (Allocation Failure)
Event: 2274.365 Executing safepoint VM operation: ParallelGCFailedAllocation (Allocation Failure) done
Event: 2274.380 Executing non-safepoint VM operation: HandshakeAllThreads (Deoptimize)
Event: 2274.381 Executing non-safepoint VM operation: HandshakeAllThreads (Deoptimize) done
Event: 2274.383 Executing safepoint VM operation: ParallelGCFailedAllocation (Allocation Failure)
Event: 2274.400 Executing safepoint VM operation: ParallelGCFailedAllocation (Allocation Failure) done
Event: 2274.400 Executing non-safepoint VM operation: HandshakeAllThreads (Deoptimize)
Event: 2274.400 Executing non-safepoint VM operation: HandshakeAllThreads (Deoptimize) done
Event: 2274.411 Executing non-safepoint VM operation: HandshakeAllThreads (Deoptimize)
Event: 2274.411 Executing non-safepoint VM operation: HandshakeAllThreads (Deoptimize) done
Event: 2274.469 Executing safepoint VM operation: ParallelGCFailedAllocation (Allocation Failure)
Event: 2274.473 Executing safepoint VM operation: ParallelGCFailedAllocation (Allocation Failure) done

Memory protections (0 events):
No events

Nmethod flushes (20 events):
Event: 1115.501 Thread 0x0000020174f52c80 flushing  nmethod 0x0000020100d69110
Event: 1115.501 Thread 0x0000020174f52c80 flushing  nmethod 0x0000020100d69510
Event: 1115.501 Thread 0x0000020174f52c80 flushing  nmethod 0x0000020100d6b210
Event: 1115.501 Thread 0x0000020174f52c80 flushing  nmethod 0x0000020100d6bd10
Event: 1115.501 Thread 0x0000020174f52c80 flushing  nmethod 0x0000020100d6fb90
Event: 1115.501 Thread 0x0000020174f52c80 flushing  nmethod 0x0000020100d7e690
Event: 1115.501 Thread 0x0000020174f52c80 flushing  nmethod 0x0000020100d7ed90
Event: 1115.501 Thread 0x0000020174f52c80 flushing  nmethod 0x0000020100d81410
Event: 1115.501 Thread 0x0000020174f52c80 flushing  nmethod 0x0000020100d82a90
Event: 1115.501 Thread 0x0000020174f52c80 flushing  nmethod 0x0000020100d83a10
Event: 1115.501 Thread 0x0000020174f52c80 flushing  nmethod 0x0000020100d85d10
Event: 1115.501 Thread 0x0000020174f52c80 flushing  nmethod 0x0000020100da6910
Event: 1115.501 Thread 0x0000020174f52c80 flushing  nmethod 0x0000020100daf010
Event: 1115.501 Thread 0x0000020174f52c80 flushing  nmethod 0x0000020100db5890
Event: 1115.501 Thread 0x0000020174f52c80 flushing  nmethod 0x0000020100db6210
Event: 1115.501 Thread 0x0000020174f52c80 flushing  nmethod 0x0000020100db6a10
Event: 1115.501 Thread 0x0000020174f52c80 flushing  nmethod 0x0000020100db6e90
Event: 1115.501 Thread 0x0000020174f52c80 flushing osr nmethod 0x0000020100dc1410
Event: 1115.501 Thread 0x0000020174f52c80 flushing  nmethod 0x0000020100dc3890
Event: 1115.501 Thread 0x0000020174f52c80 flushing  nmethod 0x0000020100e92a10

Events (20 events):
Event: 2253.503 Thread 0x0000020154cd1d90 Thread exited: 0x0000020154cd1d90
Event: 2253.528 Thread 0x000002017dcf14f0 Thread added: 0x0000020154cd1d90
Event: 2254.916 Thread 0x0000020154cd1d90 Thread exited: 0x0000020154cd1d90
Event: 2254.923 Thread 0x0000020154a1a490 Thread added: 0x00000201562e3740
Event: 2254.982 Thread 0x000002017dcf14f0 Thread added: 0x0000020154cd1d90
Event: 2258.491 Thread 0x0000020154cd1d90 Thread exited: 0x0000020154cd1d90
Event: 2258.684 Thread 0x000002017dcf14f0 Thread added: 0x0000020154cd1d90
Event: 2259.231 Thread 0x0000020154cd1d90 Thread exited: 0x0000020154cd1d90
Event: 2259.233 Thread 0x0000020155911eb0 Thread added: 0x00000201562e2390
Event: 2259.344 Thread 0x00000201562e2390 Thread added: 0x00000201562e0fe0
Event: 2259.354 Thread 0x0000020155911eb0 Thread added: 0x00000201562e5810
Event: 2259.393 Thread 0x0000020157b8ab80 Thread added: 0x00000201562e7250
Event: 2259.435 Thread 0x0000020157b8ab80 Thread added: 0x00000201562e5ea0
Event: 2260.997 Thread 0x000002017dcf14f0 Thread added: 0x0000020154cd1d90
Event: 2266.036 Thread 0x0000020154cd1d90 Thread exited: 0x0000020154cd1d90
Event: 2271.614 Thread 0x000002017dce5480 Thread added: 0x0000020154cd61b0
Event: 2272.255 Thread 0x000002017dcf14f0 Thread added: 0x000002015596fe00
Event: 2273.466 Thread 0x000002015596fe00 Thread exited: 0x000002015596fe00
Event: 2274.152 Thread 0x0000020154cd61b0 Thread exited: 0x0000020154cd61b0
Event: 2274.349 Thread 0x000002017dcf14f0 Thread added: 0x000002015596fe00


Dynamic libraries:
0x00007ff781a20000 - 0x00007ff781a2e000 	c:\Users\kalra\.vscode\extensions\redhat.java-1.53.0-win32-x64\jre\21.0.10-win32-x86_64\bin\java.exe
0x00007ff9b8900000 - 0x00007ff9b8b67000 	C:\WINDOWS\SYSTEM32\ntdll.dll
0x00007ff9b7f40000 - 0x00007ff9b8009000 	C:\WINDOWS\System32\KERNEL32.DLL
0x00007ff9b5c30000 - 0x00007ff9b6021000 	C:\WINDOWS\System32\KERNELBASE.dll
0x00007ff9b63a0000 - 0x00007ff9b64eb000 	C:\WINDOWS\System32\ucrtbase.dll
0x00007ff970330000 - 0x00007ff970348000 	c:\Users\kalra\.vscode\extensions\redhat.java-1.53.0-win32-x64\jre\21.0.10-win32-x86_64\bin\jli.dll
0x00007ff9b68d0000 - 0x00007ff9b6a95000 	C:\WINDOWS\System32\USER32.dll
0x00007ff9803b0000 - 0x00007ff9803ce000 	c:\Users\kalra\.vscode\extensions\redhat.java-1.53.0-win32-x64\jre\21.0.10-win32-x86_64\bin\VCRUNTIME140.dll
0x00007ff9b6670000 - 0x00007ff9b6697000 	C:\WINDOWS\System32\win32u.dll
0x00007ff9b6b50000 - 0x00007ff9b6b7b000 	C:\WINDOWS\System32\GDI32.dll
0x00007ff9b51e0000 - 0x00007ff9b530b000 	C:\WINDOWS\System32\gdi32full.dll
0x00007ff9b5b80000 - 0x00007ff9b5c23000 	C:\WINDOWS\System32\msvcp_win.dll
0x00007ff999430000 - 0x00007ff9996c3000 	C:\WINDOWS\WinSxS\amd64_microsoft.windows.common-controls_6595b64144ccf1df_6.0.26100.8037_none_3e092faae333b53b\COMCTL32.dll
0x00007ff9b7750000 - 0x00007ff9b77f9000 	C:\WINDOWS\System32\msvcrt.dll
0x00007ff9b6bd0000 - 0x00007ff9b6c01000 	C:\WINDOWS\System32\IMM32.DLL
0x00007ff9803a0000 - 0x00007ff9803ac000 	c:\Users\kalra\.vscode\extensions\redhat.java-1.53.0-win32-x64\jre\21.0.10-win32-x86_64\bin\vcruntime140_1.dll
0x00007ff959580000 - 0x00007ff95960d000 	c:\Users\kalra\.vscode\extensions\redhat.java-1.53.0-win32-x64\jre\21.0.10-win32-x86_64\bin\msvcp140.dll
0x00007ff92a700000 - 0x00007ff92b4a1000 	c:\Users\kalra\.vscode\extensions\redhat.java-1.53.0-win32-x64\jre\21.0.10-win32-x86_64\bin\server\jvm.dll
0x00007ff9b67a0000 - 0x00007ff9b685b000 	C:\WINDOWS\System32\ADVAPI32.dll
0x00007ff9b6aa0000 - 0x00007ff9b6b47000 	C:\WINDOWS\System32\sechost.dll
0x00007ff9b87a0000 - 0x00007ff9b88b8000 	C:\WINDOWS\System32\RPCRT4.dll
0x00007ff9b8520000 - 0x00007ff9b8594000 	C:\WINDOWS\System32\WS2_32.dll
0x00007ff9b5040000 - 0x00007ff9b509e000 	C:\WINDOWS\SYSTEM32\POWRPROF.dll
0x00007ff9ae950000 - 0x00007ff9ae985000 	C:\WINDOWS\SYSTEM32\WINMM.dll
0x00007ff9ae990000 - 0x00007ff9ae99b000 	C:\WINDOWS\SYSTEM32\VERSION.dll
0x00007ff9b5020000 - 0x00007ff9b5034000 	C:\WINDOWS\SYSTEM32\UMPDC.dll
0x00007ff9b3f70000 - 0x00007ff9b3f8b000 	C:\WINDOWS\SYSTEM32\kernel.appcore.dll
0x00007ff9774d0000 - 0x00007ff9774da000 	c:\Users\kalra\.vscode\extensions\redhat.java-1.53.0-win32-x64\jre\21.0.10-win32-x86_64\bin\jimage.dll
0x00007ff9aa310000 - 0x00007ff9aa552000 	C:\WINDOWS\SYSTEM32\DBGHELP.DLL
0x00007ff9b8190000 - 0x00007ff9b8512000 	C:\WINDOWS\System32\combase.dll
0x00007ff9b7660000 - 0x00007ff9b7737000 	C:\WINDOWS\System32\OLEAUT32.dll
0x00007ff99bb70000 - 0x00007ff99bbab000 	C:\WINDOWS\SYSTEM32\dbgcore.DLL
0x00007ff9b6030000 - 0x00007ff9b60d5000 	C:\WINDOWS\System32\bcryptPrimitives.dll
0x00007ff974220000 - 0x00007ff97422f000 	c:\Users\kalra\.vscode\extensions\redhat.java-1.53.0-win32-x64\jre\21.0.10-win32-x86_64\bin\instrument.dll
0x00007ff959090000 - 0x00007ff9590b0000 	c:\Users\kalra\.vscode\extensions\redhat.java-1.53.0-win32-x64\jre\21.0.10-win32-x86_64\bin\java.dll
0x00007ff9b6c10000 - 0x00007ff9b736f000 	C:\WINDOWS\System32\SHELL32.dll
0x00007ff9b6170000 - 0x00007ff9b62da000 	C:\WINDOWS\System32\wintypes.dll
0x00007ff9b5310000 - 0x00007ff9b5b74000 	C:\WINDOWS\System32\windows.storage.dll
0x00007ff9b66a0000 - 0x00007ff9b6797000 	C:\WINDOWS\System32\SHCORE.dll
0x00007ff9b6860000 - 0x00007ff9b68c7000 	C:\WINDOWS\System32\shlwapi.dll
0x00007ff9b5100000 - 0x00007ff9b5129000 	C:\WINDOWS\SYSTEM32\profapi.dll
0x00007ff95f4c0000 - 0x00007ff95f4d8000 	c:\Users\kalra\.vscode\extensions\redhat.java-1.53.0-win32-x64\jre\21.0.10-win32-x86_64\bin\zip.dll
0x00007ff973af0000 - 0x00007ff973b00000 	C:\Users\kalra\.vscode\extensions\redhat.java-1.53.0-win32-x64\jre\21.0.10-win32-x86_64\bin\net.dll
0x00007ff9aea60000 - 0x00007ff9aeb87000 	C:\WINDOWS\SYSTEM32\WINHTTP.dll
0x00007ff9b44e0000 - 0x00007ff9b454b000 	C:\WINDOWS\system32\mswsock.dll
0x00007ff95f4a0000 - 0x00007ff95f4b6000 	C:\Users\kalra\.vscode\extensions\redhat.java-1.53.0-win32-x64\jre\21.0.10-win32-x86_64\bin\nio.dll
0x00007ff970320000 - 0x00007ff970330000 	c:\Users\kalra\.vscode\extensions\redhat.java-1.53.0-win32-x64\jre\21.0.10-win32-x86_64\bin\verify.dll
0x00007ff958e60000 - 0x00007ff958ea5000 	C:\Users\kalra\AppData\Roaming\Code\User\globalStorage\redhat.java\1.53.0\config_win\org.eclipse.equinox.launcher\org.eclipse.equinox.launcher.win32.win32.x86_64_1.3.0.v20260203-2149\eclipse_11919.dll
0x00007ff9b7390000 - 0x00007ff9b7525000 	C:\WINDOWS\System32\ole32.dll
0x00007ff9b47d0000 - 0x00007ff9b47eb000 	C:\WINDOWS\SYSTEM32\CRYPTSP.dll
0x00007ff9b3ed0000 - 0x00007ff9b3f09000 	C:\WINDOWS\system32\rsaenh.dll
0x00007ff9b4590000 - 0x00007ff9b45c2000 	C:\WINDOWS\SYSTEM32\USERENV.dll
0x00007ff9b50d0000 - 0x00007ff9b50fa000 	C:\WINDOWS\SYSTEM32\bcrypt.dll
0x00007ff9b47c0000 - 0x00007ff9b47cc000 	C:\WINDOWS\SYSTEM32\CRYPTBASE.dll
0x00007ff9b3940000 - 0x00007ff9b3973000 	C:\WINDOWS\SYSTEM32\IPHLPAPI.DLL
0x00007ff9b8790000 - 0x00007ff9b879a000 	C:\WINDOWS\System32\NSI.dll
0x00007ff958bd0000 - 0x00007ff958c19000 	C:\Users\kalra\AppData\Local\Temp\jna-101813893\jna8447791925505744791.dll
0x00007ff9b7380000 - 0x00007ff9b7388000 	C:\WINDOWS\System32\PSAPI.DLL
0x00007ff9b02b0000 - 0x00007ff9b02cd000 	C:\WINDOWS\SYSTEM32\dhcpcsvc6.DLL
0x00007ff9b0280000 - 0x00007ff9b02a3000 	C:\WINDOWS\SYSTEM32\dhcpcsvc.DLL
0x00007ff9b0ab0000 - 0x00007ff9b0abe000 	C:\Users\kalra\.vscode\extensions\redhat.java-1.53.0-win32-x64\jre\21.0.10-win32-x86_64\bin\sunmscapi.dll
0x00007ff9b64f0000 - 0x00007ff9b6667000 	C:\WINDOWS\System32\CRYPT32.dll
0x00007ff9b49e0000 - 0x00007ff9b4a10000 	C:\WINDOWS\SYSTEM32\ncrypt.dll
0x00007ff9b4990000 - 0x00007ff9b49cf000 	C:\WINDOWS\SYSTEM32\NTASN1.dll
0x00007ff9b39f0000 - 0x00007ff9b3b1a000 	C:\WINDOWS\SYSTEM32\DNSAPI.dll
0x00007ff9ae910000 - 0x00007ff9ae91b000 	C:\Windows\System32\rasadhlp.dll
0x00007ff9b0540000 - 0x00007ff9b05c6000 	C:\WINDOWS\System32\fwpuclnt.dll
0x00007ff99b190000 - 0x00007ff99b199000 	C:\Users\kalra\.vscode\extensions\redhat.java-1.53.0-win32-x64\jre\21.0.10-win32-x86_64\bin\extnet.dll

JVMTI agents:
c:\Users\kalra\.vscode\extensions\redhat.java-1.53.0-win32-x64\lombok\lombok-1.18.39-4050.jar path:c:\Users\kalra\.vscode\extensions\redhat.java-1.53.0-win32-x64\jre\21.0.10-win32-x86_64\bin\instrument.dll, loaded, initialized, instrumentlib options:none

dbghelp: loaded successfully - version: 4.0.5 - missing functions: none
symbol engine: initialized successfully - sym options: 0x614 - pdb path: .;c:\Users\kalra\.vscode\extensions\redhat.java-1.53.0-win32-x64\jre\21.0.10-win32-x86_64\bin;C:\WINDOWS\SYSTEM32;C:\WINDOWS\WinSxS\amd64_microsoft.windows.common-controls_6595b64144ccf1df_6.0.26100.8037_none_3e092faae333b53b;c:\Users\kalra\.vscode\extensions\redhat.java-1.53.0-win32-x64\jre\21.0.10-win32-x86_64\bin\server;C:\Users\kalra\AppData\Roaming\Code\User\globalStorage\redhat.java\1.53.0\config_win\org.eclipse.equinox.launcher\org.eclipse.equinox.launcher.win32.win32.x86_64_1.3.0.v20260203-2149;C:\Users\kalra\AppData\Local\Temp\jna-101813893

VM Arguments:
jvm_args: --add-modules=ALL-SYSTEM --add-opens=java.base/java.util=ALL-UNNAMED --add-opens=java.base/java.lang=ALL-UNNAMED --add-opens=java.base/sun.nio.fs=ALL-UNNAMED -Declipse.application=org.eclipse.jdt.ls.core.id1 -Dosgi.bundles.defaultStartLevel=4 -Declipse.product=org.eclipse.jdt.ls.core.product -Djava.import.generatesMetadataFilesAtProjectRoot=false -DDetectVMInstallationsJob.disabled=true -Dfile.encoding=utf8 -XX:+UseParallelGC -XX:GCTimeRatio=4 -XX:AdaptiveSizePolicyWeight=90 -Dsun.zip.disableMemoryMapping=true -Xmx2G -Xms100m -Xlog:disable -javaagent:c:\Users\kalra\.vscode\extensions\redhat.java-1.53.0-win32-x64\lombok\lombok-1.18.39-4050.jar -XX:+HeapDumpOnOutOfMemoryError -XX:HeapDumpPath=c:\Users\kalra\AppData\Roaming\Code\User\workspaceStorage\4fda5c3b26c15e0cb27154c0e992db6d\redhat.java -Daether.dependencyCollector.impl=bf 
java_command: c:\Users\kalra\.vscode\extensions\redhat.java-1.53.0-win32-x64\server\plugins\org.eclipse.equinox.launcher_1.7.100.v20251111-0406.jar -configuration c:\Users\kalra\AppData\Roaming\Code\User\globalStorage\redhat.java\1.53.0\config_win -data c:\Users\kalra\AppData\Roaming\Code\User\workspaceStorage\4fda5c3b26c15e0cb27154c0e992db6d\redhat.java\jdt_ws --pipe=\\.\pipe\lsp-c77f0d6968f95c3ecbbd9f46674f8096-sock
java_class_path (initial): c:\Users\kalra\.vscode\extensions\redhat.java-1.53.0-win32-x64\server\plugins\org.eclipse.equinox.launcher_1.7.100.v20251111-0406.jar
Launcher Type: SUN_STANDARD

[Global flags]
    uintx AdaptiveSizePolicyWeight                 = 90                                        {product} {command line}
     intx CICompilerCount                          = 4                                         {product} {ergonomic}
    uintx GCTimeRatio                              = 4                                         {product} {command line}
     bool HeapDumpOnOutOfMemoryError               = true                                   {manageable} {command line}
    ccstr HeapDumpPath                             = c:\Users\kalra\AppData\Roaming\Code\User\workspaceStorage\4fda5c3b26c15e0cb27154c0e992db6d\redhat.java         {manageable} {command line}
   size_t InitialHeapSize                          = 104857600                                 {product} {command line}
   size_t MaxHeapSize                              = 2147483648                                {product} {command line}
   size_t MaxNewSize                               = 715653120                                 {product} {ergonomic}
   size_t MinHeapDeltaBytes                        = 524288                                    {product} {ergonomic}
   size_t MinHeapSize                              = 104857600                                 {product} {command line}
   size_t NewSize                                  = 34603008                                  {product} {ergonomic}
    uintx NonNMethodCodeHeapSize                   = 5839372                                {pd product} {ergonomic}
    uintx NonProfiledCodeHeapSize                  = 122909434                              {pd product} {ergonomic}
   size_t OldSize                                  = 70254592                                  {product} {ergonomic}
    uintx ProfiledCodeHeapSize                     = 122909434                              {pd product} {ergonomic}
    uintx ReservedCodeCacheSize                    = 251658240                              {pd product} {ergonomic}
     bool SegmentedCodeCache                       = true                                      {product} {ergonomic}
   size_t SoftMaxHeapSize                          = 2147483648                             {manageable} {ergonomic}
     bool UseCompressedOops                        = true                           {product lp64_product} {ergonomic}
     bool UseLargePagesIndividualAllocation        = false                                  {pd product} {ergonomic}
     bool UseParallelGC                            = true                                      {product} {command line}

Logging:
Log output configuration:
 #0: stdout all=off uptime,level,tags foldmultilines=false
 #1: stderr all=off uptime,level,tags foldmultilines=false

Release file:
JAVA_VERSION="21.0.10" 
MODULES="java.base java.compiler java.datatransfer java.xml java.prefs java.desktop java.instrument java.logging java.management java.security.sasl java.naming java.rmi java.management.rmi java.net.http java.scripting java.security.jgss java.transaction.xa java.sql java.sql.rowset java.xml.crypto java.se java.smartcardio jdk.accessibility jdk.internal.jvmstat jdk.attach jdk.charsets jdk.internal.opt jdk.zipfs jdk.compiler jdk.crypto.ec jdk.crypto.cryptoki jdk.crypto.mscapi jdk.dynalink jdk.internal.ed jdk.editpad jdk.hotspot.agent jdk.httpserver jdk.internal.le jdk.internal.vm.ci jdk.internal.vm.compiler jdk.internal.vm.compiler.management jdk.jartool jdk.javadoc jdk.jcmd jdk.management jdk.management.agent jdk.jconsole jdk.jdeps jdk.jdwp.agent jdk.jdi jdk.jfr jdk.jshell jdk.jsobject jdk.jstatd jdk.localedata jdk.management.jfr jdk.naming.dns jdk.naming.rmi jdk.net jdk.nio.mapmode jdk.random jdk.sctp jdk.security.auth jdk.security.jgss jdk.unsupported jdk.unsupported.desktop jdk.xml.dom" 

Environment Variables:
PATH=C:\Users\kalra\AppData\Local\Programs\Microsoft VS Code;C:\Python314\Scripts\;C:\Python314\;C:\Program Files\nodejs\;C:\ProgramData\chocolatey\bin;D:\Git\cmd;C:\Users\kalra\AppData\Local\Programs\Python\Python313\Scripts\;C:\Users\kalra\AppData\Local\Programs\Python\Python313\;C:\Program Files\MySQL\MySQL Shell 8.0\bin\;C:\Users\kalra\AppData\Local\Programs\Python\Python312\Scripts\;C:\Users\kalra\AppData\Local\Programs\Python\Python312\;C:\Users\kalra\AppData\Local\Microsoft\WindowsApps;C:\Users\kalra\AppData\Local\Programs\Microsoft VS Code\bin;C:\Program Files\Azure Data Studio\bin;%JAVA_HOME%\bin;C:\Program Files\Maven\apache-maven-3.9.11\bin;C:\Program Files\MySQL\MySQL Server 8.0\bin;C:\Users\kalra\AppData\Roaming\npm;C:\Users\kalra\Downloads\flutter_windows_3.41.4-stable\flutter\bin;C:\Windows\System32;C:\Program Files\Git\cmd;C:\Windows\System32\WindowsPowerShell\v1.0\;
USERNAME=kalra
OS=Windows_NT
PROCESSOR_IDENTIFIER=AMD64 Family 23 Model 104 Stepping 1, AuthenticAMD
TMP=C:\Users\kalra\AppData\Local\Temp
TEMP=C:\Users\kalra\AppData\Local\Temp




Periodic native trim disabled

---------------  S Y S T E M  ---------------

OS:
 Windows 11 , 64 bit Build 26100 (10.0.26100.7920)
OS uptime: 4 days 14:44 hours
Hyper-V role detected

CPU: total 12 (initial active 12) (12 cores per cpu, 2 threads per core) family 23 model 104 stepping 1 microcode 0x8608107, cx8, cmov, fxsr, ht, mmx, 3dnowpref, sse, sse2, sse3, ssse3, sse4a, sse4.1, sse4.2, popcnt, lzcnt, tsc, tscinvbit, avx, avx2, aes, clmul, bmi1, bmi2, adx, sha, fma, vzeroupper, clflush, clflushopt, hv, rdtscp, rdpid, f16c
Processor Information for the first 12 processors :
  Max Mhz: 2100, Current Mhz: 2100, Mhz Limit: 2100

Memory: 4k page, system-wide physical 7501M (949M free)
TotalPageFile size 16500M (AvailPageFile size 3M)
current process WorkingSet (physical memory assigned to process): 521M, peak: 740M
current process commit charge ("private bytes"): 1249M, peak: 1250M

vm_info: OpenJDK 64-Bit Server VM (21.0.10+7-LTS) for windows-amd64 JRE (21.0.10+7-LTS), built on 2026-01-20T00:00:00Z by "admin" with MS VC++ 17.12 (VS2022)

END.
