#
# There is insufficient memory for the Java Runtime Environment to continue.
# Native memory allocation (malloc) failed to allocate 1048576 bytes. Error detail: AllocateHeap
# Possible reasons:
#   The system is out of physical RAM or swap space
#   This process is running with CompressedOops enabled, and the Java Heap may be blocking the growth of the native heap
# Possible solutions:
#   Reduce memory load on the system
#   Increase physical memory or swap space
#   Check if swap backing store is full
#   Decrease Java heap size (-Xmx/-Xms)
#   Decrease number of Java threads
#   Decrease Java thread stack sizes (-Xss)
#   Set larger code cache with -XX:ReservedCodeCacheSize=
#   JVM is running with Unscaled Compressed Oops mode in which the Java heap is
#     placed in the first 4GB address space. The Java Heap base address is the
#     maximum limit for the native heap growth. Please use -XX:HeapBaseMinAddress
#     to set the Java Heap base and to place the Java Heap above 4GB virtual address.
# This output file may be truncated or incomplete.
#
#  Out of Memory Error (allocation.cpp:44), pid=20260, tid=7896
#
# JRE version: OpenJDK Runtime Environment Temurin-21.0.10+7 (21.0.10+7) (build 21.0.10+7-LTS)
# Java VM: OpenJDK 64-Bit Server VM Temurin-21.0.10+7 (21.0.10+7-LTS, mixed mode, sharing, tiered, compressed oops, compressed class ptrs, parallel gc, windows-amd64)
# No core dump will be written. Minidumps are not enabled by default on client versions of Windows
#

---------------  S U M M A R Y ------------

Command Line: --add-modules=ALL-SYSTEM --add-opens=java.base/java.util=ALL-UNNAMED --add-opens=java.base/java.lang=ALL-UNNAMED --add-opens=java.base/sun.nio.fs=ALL-UNNAMED -Declipse.application=org.eclipse.jdt.ls.core.id1 -Dosgi.bundles.defaultStartLevel=4 -Declipse.product=org.eclipse.jdt.ls.core.product -Djava.import.generatesMetadataFilesAtProjectRoot=false -DDetectVMInstallationsJob.disabled=true -Dfile.encoding=utf8 -XX:+UseParallelGC -XX:GCTimeRatio=4 -XX:AdaptiveSizePolicyWeight=90 -Dsun.zip.disableMemoryMapping=true -Xmx2G -Xms100m -Xlog:disable -javaagent:c:\Users\kalra\.vscode\extensions\redhat.java-1.53.0-win32-x64\lombok\lombok-1.18.39-4050.jar -XX:+HeapDumpOnOutOfMemoryError -XX:HeapDumpPath=c:\Users\kalra\AppData\Roaming\Code\User\workspaceStorage\4fda5c3b26c15e0cb27154c0e992db6d\redhat.java -Daether.dependencyCollector.impl=bf c:\Users\kalra\.vscode\extensions\redhat.java-1.53.0-win32-x64\server\plugins\org.eclipse.equinox.launcher_1.7.100.v20251111-0406.jar -configuration c:\Users\kalra\AppData\Roaming\Code\User\globalStorage\redhat.java\1.53.0\config_win -data c:\Users\kalra\AppData\Roaming\Code\User\workspaceStorage\4fda5c3b26c15e0cb27154c0e992db6d\redhat.java\jdt_ws --pipe=\\.\pipe\lsp-6980f96a7b965aa87e135c27e619141a-sock

Host: AMD Ryzen 5 5500U with Radeon Graphics         , 12 cores, 7G,  Windows 11 , 64 bit Build 26100 (10.0.26100.7920)
Time: Fri Mar 13 01:12:37 2026 India Standard Time elapsed time: 1678.722899 seconds (0d 0h 27m 58s)

---------------  T H R E A D  ---------------

Current thread (0x000001f848576070):  JavaThread "Attach Listener" daemon [_thread_in_vm, id=7896, stack(0x000000d3caa00000,0x000000d3cab00000) (1024K)]

Stack: [0x000000d3caa00000,0x000000d3cab00000]
Native frames: (J=compiled Java code, j=interpreted, Vv=VM code, C=native code)
V  [jvm.dll+0x6d7a39]
V  [jvm.dll+0x8b4b26]
V  [jvm.dll+0x8b70de]
V  [jvm.dll+0x8b77c3]
V  [jvm.dll+0x284346]
V  [jvm.dll+0xc1277]
V  [jvm.dll+0x6d82e9]
V  [jvm.dll+0x1334a6]
V  [jvm.dll+0x3f857e]
V  [jvm.dll+0x85f59d]
V  [jvm.dll+0x6d626d]
C  [ucrtbase.dll+0x37b0]
C  [KERNEL32.DLL+0x2e8d7]
C  [ntdll.dll+0x8c48c]


---------------  P R O C E S S  ---------------

Threads class SMR info:
_java_thread_list=0x000001f86666a130, length=38, elements={
0x000001f8461095f0, 0x000001f84847d470, 0x000001f848570b40, 0x000001f848575060,
0x000001f848576070, 0x000001f860201fe0, 0x000001f84857bc00, 0x000001f84857c990,
0x000001f84858e880, 0x000001f8603e6310, 0x000001f86056d5d0, 0x000001f866216d60,
0x000001f866056670, 0x000001f866056d00, 0x000001f866054c30, 0x000001f866055fe0,
0x000001f866057390, 0x000001f866057a20, 0x000001f866055950, 0x000001f8660545a0,
0x000001f866632750, 0x000001f8666320c0, 0x000001f8666313a0, 0x000001f866630680,
0x000001f866634190, 0x000001f866630d10, 0x000001f866637ca0, 0x000001f8666368f0,
0x000001f866636f80, 0x000001f866637610, 0x000001f866635bd0, 0x000001f866635540,
0x000001f866634820, 0x000001f866634eb0, 0x000001f866636260, 0x000001f8698e8d40,
0x000001f8698e8020, 0x000001f8698e7990
}

Java Threads: ( => current thread )
  0x000001f8461095f0 JavaThread "main"                              [_thread_blocked, id=8620, stack(0x000000d3ca300000,0x000000d3ca400000) (1024K)]
  0x000001f84847d470 JavaThread "Reference Handler"          daemon [_thread_blocked, id=19708, stack(0x000000d3ca700000,0x000000d3ca800000) (1024K)]
  0x000001f848570b40 JavaThread "Finalizer"                  daemon [_thread_blocked, id=20268, stack(0x000000d3ca800000,0x000000d3ca900000) (1024K)]
  0x000001f848575060 JavaThread "Signal Dispatcher"          daemon [_thread_blocked, id=3776, stack(0x000000d3ca900000,0x000000d3caa00000) (1024K)]
=>0x000001f848576070 JavaThread "Attach Listener"            daemon [_thread_in_vm, id=7896, stack(0x000000d3caa00000,0x000000d3cab00000) (1024K)]
  0x000001f860201fe0 JavaThread "Service Thread"             daemon [_thread_blocked, id=9256, stack(0x000000d3cab00000,0x000000d3cac00000) (1024K)]
  0x000001f84857bc00 JavaThread "Monitor Deflation Thread"   daemon [_thread_blocked, id=20276, stack(0x000000d3cac00000,0x000000d3cad00000) (1024K)]
  0x000001f84857c990 JavaThread "C2 CompilerThread0"         daemon [_thread_blocked, id=5296, stack(0x000000d3cad00000,0x000000d3cae00000) (1024K)]
  0x000001f84858e880 JavaThread "C1 CompilerThread0"         daemon [_thread_blocked, id=4064, stack(0x000000d3cae00000,0x000000d3caf00000) (1024K)]
  0x000001f8603e6310 JavaThread "Common-Cleaner"             daemon [_thread_blocked, id=10308, stack(0x000000d3caf00000,0x000000d3cb000000) (1024K)]
  0x000001f86056d5d0 JavaThread "Notification Thread"        daemon [_thread_blocked, id=7288, stack(0x000000d3cb000000,0x000000d3cb100000) (1024K)]
  0x000001f866216d60 JavaThread "Active Thread: Equinox Container: 9201ebaa-d1de-466e-aecc-a9fda161f1d5"        [_thread_blocked, id=10544, stack(0x000000d3cb200000,0x000000d3cb300000) (1024K)]
  0x000001f866056670 JavaThread "Refresh Thread: Equinox Container: 9201ebaa-d1de-466e-aecc-a9fda161f1d5" daemon [_thread_blocked, id=4812, stack(0x000000d3cb900000,0x000000d3cba00000) (1024K)]
  0x000001f866056d00 JavaThread "Framework Event Dispatcher: Equinox Container: 9201ebaa-d1de-466e-aecc-a9fda161f1d5" daemon [_thread_blocked, id=20180, stack(0x000000d3cba00000,0x000000d3cbb00000) (1024K)]
  0x000001f866054c30 JavaThread "Start Level: Equinox Container: 9201ebaa-d1de-466e-aecc-a9fda161f1d5" daemon [_thread_blocked, id=4804, stack(0x000000d3cbb00000,0x000000d3cbc00000) (1024K)]
  0x000001f866055fe0 JavaThread "Bundle File Closer"         daemon [_thread_blocked, id=4708, stack(0x000000d3cbf00000,0x000000d3cc000000) (1024K)]
  0x000001f866057390 JavaThread "SCR Component Actor"        daemon [_thread_blocked, id=20300, stack(0x000000d3cbc00000,0x000000d3cbd00000) (1024K)]
  0x000001f866057a20 JavaThread "Worker-JM"                         [_thread_blocked, id=20320, stack(0x000000d3cc100000,0x000000d3cc200000) (1024K)]
  0x000001f866055950 JavaThread "JNA Cleaner"                daemon [_thread_blocked, id=5584, stack(0x000000d3cc000000,0x000000d3cc100000) (1024K)]
  0x000001f8660545a0 JavaThread "Worker-0"                          [_thread_blocked, id=18876, stack(0x000000d3cc200000,0x000000d3cc300000) (1024K)]
  0x000001f866632750 JavaThread "Worker-2"                          [_thread_blocked, id=19884, stack(0x000000d3cc500000,0x000000d3cc600000) (1024K)]
  0x000001f8666320c0 JavaThread "Java indexing"              daemon [_thread_blocked, id=20200, stack(0x000000d3cc600000,0x000000d3cc700000) (1024K)]
  0x000001f8666313a0 JavaThread "Thread-1"                   daemon [_thread_in_native, id=9916, stack(0x000000d3ccb00000,0x000000d3ccc00000) (1024K)]
  0x000001f866630680 JavaThread "Thread-2"                   daemon [_thread_in_native, id=13908, stack(0x000000d3ccc00000,0x000000d3ccd00000) (1024K)]
  0x000001f866634190 JavaThread "Thread-3"                   daemon [_thread_in_native, id=2952, stack(0x000000d3ccd00000,0x000000d3cce00000) (1024K)]
  0x000001f866630d10 JavaThread "Thread-4"                   daemon [_thread_in_native, id=3316, stack(0x000000d3cce00000,0x000000d3ccf00000) (1024K)]
  0x000001f866637ca0 JavaThread "Thread-5"                   daemon [_thread_in_native, id=2064, stack(0x000000d3ccf00000,0x000000d3cd000000) (1024K)]
  0x000001f8666368f0 JavaThread "Thread-6"                   daemon [_thread_in_native, id=16252, stack(0x000000d3cd000000,0x000000d3cd100000) (1024K)]
  0x000001f866636f80 JavaThread "Thread-7"                   daemon [_thread_in_native, id=18224, stack(0x000000d3cd100000,0x000000d3cd200000) (1024K)]
  0x000001f866637610 JavaThread "Thread-8"                   daemon [_thread_in_native, id=16816, stack(0x000000d3cd200000,0x000000d3cd300000) (1024K)]
  0x000001f866635bd0 JavaThread "Thread-9"                   daemon [_thread_in_native, id=2976, stack(0x000000d3cd300000,0x000000d3cd400000) (1024K)]
  0x000001f866635540 JavaThread "Thread-10"                  daemon [_thread_in_native, id=15216, stack(0x000000d3cd400000,0x000000d3cd500000) (1024K)]
  0x000001f866634820 JavaThread "Thread-11"                  daemon [_thread_in_native, id=11284, stack(0x000000d3cd500000,0x000000d3cd600000) (1024K)]
  0x000001f866634eb0 JavaThread "Thread-12"                  daemon [_thread_in_native, id=12028, stack(0x000000d3cd600000,0x000000d3cd700000) (1024K)]
  0x000001f866636260 JavaThread "Thread-13"                  daemon [_thread_in_native, id=11952, stack(0x000000d3cd700000,0x000000d3cd800000) (1024K)]
  0x000001f8698e8d40 JavaThread "pool-2-thread-1"                   [_thread_blocked, id=3900, stack(0x000000d3cd800000,0x000000d3cd900000) (1024K)]
  0x000001f8698e8020 JavaThread "WorkspaceEventsHandler"            [_thread_blocked, id=12416, stack(0x000000d3cd900000,0x000000d3cda00000) (1024K)]
  0x000001f8698e7990 JavaThread "pool-1-thread-1"                   [_thread_blocked, id=13824, stack(0x000000d3cda00000,0x000000d3cdb00000) (1024K)]
Total: 38

Other Threads:
  0x000001f84856f9e0 VMThread "VM Thread"                           [id=13676, stack(0x000000d3ca600000,0x000000d3ca700000) (1024K)]
  0x000001f84835ca00 WatcherThread "VM Periodic Task Thread"        [id=5524, stack(0x000000d3ca500000,0x000000d3ca600000) (1024K)]
  0x000001f8484ed1a0 WorkerThread "GC Thread#0"                     [id=20468, stack(0x000000d3ca400000,0x000000d3ca500000) (1024K)]
  0x000001f86184e080 WorkerThread "GC Thread#1"                     [id=4056, stack(0x000000d3cb300000,0x000000d3cb400000) (1024K)]
  0x000001f86184ef40 WorkerThread "GC Thread#2"                     [id=2328, stack(0x000000d3cb400000,0x000000d3cb500000) (1024K)]
  0x000001f86184d920 WorkerThread "GC Thread#3"                     [id=18732, stack(0x000000d3cb500000,0x000000d3cb600000) (1024K)]
  0x000001f86184e7e0 WorkerThread "GC Thread#4"                     [id=2844, stack(0x000000d3cb600000,0x000000d3cb700000) (1024K)]
  0x000001f86184e430 WorkerThread "GC Thread#5"                     [id=20360, stack(0x000000d3cb700000,0x000000d3cb800000) (1024K)]
  0x000001f86184dcd0 WorkerThread "GC Thread#6"                     [id=5532, stack(0x000000d3cb800000,0x000000d3cb900000) (1024K)]
  0x000001f866206fc0 WorkerThread "GC Thread#7"                     [id=9700, stack(0x000000d3cb100000,0x000000d3cb200000) (1024K)]
  0x000001f8662094a0 WorkerThread "GC Thread#8"                     [id=10760, stack(0x000000d3cbd00000,0x000000d3cbe00000) (1024K)]
  0x000001f866208230 WorkerThread "GC Thread#9"                     [id=11076, stack(0x000000d3cbe00000,0x000000d3cbf00000) (1024K)]
Total: 12

Threads with active compile tasks:
Total: 0

VM state: not at safepoint (normal execution)

VM Mutex/Monitor currently owned by a thread: None

Heap address: 0x0000000080000000, size: 2048 MB, Compressed Oops mode: 32-bit

CDS archive(s) mapped at: [0x000001f800000000-0x000001f800ba0000-0x000001f800ba0000), size 12189696, SharedBaseAddress: 0x000001f800000000, ArchiveRelocationMode: 1.
Compressed class space mapped at: 0x000001f801000000-0x000001f841000000, reserved size: 1073741824
Narrow klass base: 0x000001f800000000, Narrow klass shift: 0, Narrow klass range: 0x100000000

GC Precious Log:
 CardTable entry size: 512
 CPUs: 12 total, 12 available
 Memory: 7501M
 Large Page Support: Disabled
 NUMA Support: Disabled
 Compressed Oops: Enabled (32-bit)
 Alignments: Space 512K, Generation 512K, Heap 2M
 Heap Min Capacity: 100M
 Heap Initial Capacity: 100M
 Heap Max Capacity: 2G
 Pre-touch: Disabled
 Parallel Workers: 10

Heap:
 PSYoungGen      total 6144K, used 3197K [0x00000000d5580000, 0x00000000d5c80000, 0x0000000100000000)
  eden space 5120K, 49% used [0x00000000d5580000,0x00000000d57fa298,0x00000000d5a80000)
  from space 1024K, 64% used [0x00000000d5a80000,0x00000000d5b25220,0x00000000d5b80000)
  to   space 1024K, 0% used [0x00000000d5b80000,0x00000000d5b80000,0x00000000d5c80000)
 ParOldGen       total 188416K, used 188150K [0x0000000080000000, 0x000000008b800000, 0x00000000d5580000)
  object space 188416K, 99% used [0x0000000080000000,0x000000008b7bd818,0x000000008b800000)
 Metaspace       used 69967K, committed 71424K, reserved 1114112K
  class space    used 7513K, committed 8128K, reserved 1048576K

Card table byte_map: [0x000001f847e70000,0x000001f848280000] _byte_map_base: 0x000001f847a70000

Marking Bits: (ParMarkBitMap*) 0x00007ff8e5713450
 Begin Bits: [0x000001f85a980000, 0x000001f85c980000)
 End Bits:   [0x000001f85c980000, 0x000001f85e980000)

Polling page: 0x000001f8460a0000

Metaspace:

Usage:
  Non-class:     60.99 MB used.
      Class:      7.34 MB used.
       Both:     68.33 MB used.

Virtual space:
  Non-class space:       64.00 MB reserved,      61.81 MB ( 97%) committed,  1 nodes.
      Class space:        1.00 GB reserved,       7.94 MB ( <1%) committed,  1 nodes.
             Both:        1.06 GB reserved,      69.75 MB (  6%) committed. 

Chunk freelists:
   Non-Class:  2.14 MB
       Class:  7.92 MB
        Both:  10.06 MB

MaxMetaspaceSize: unlimited
CompressedClassSpaceSize: 1.00 GB
Initial GC threshold: 21.00 MB
Current GC threshold: 97.31 MB
CDS: on
 - commit_granule_bytes: 65536.
 - commit_granule_words: 8192.
 - virtual_space_node_default_size: 8388608.
 - enlarge_chunks_in_place: 1.
 - use_allocation_guard: 0.


Internal statistics:

num_allocs_failed_limit: 9.
num_arena_births: 1256.
num_arena_deaths: 14.
num_vsnodes_births: 2.
num_vsnodes_deaths: 0.
num_space_committed: 1116.
num_space_uncommitted: 0.
num_chunks_returned_to_freelist: 23.
num_chunks_taken_from_freelist: 4416.
num_chunk_merges: 12.
num_chunk_splits: 2676.
num_chunks_enlarged: 1451.
num_inconsistent_stats: 0.

CodeHeap 'non-profiled nmethods': size=120000Kb used=7626Kb max_used=7626Kb free=112373Kb
 bounds [0x000001f8531a0000, 0x000001f853920000, 0x000001f85a6d0000]
CodeHeap 'profiled nmethods': size=120000Kb used=25374Kb max_used=25374Kb free=94625Kb
 bounds [0x000001f84b6d0000, 0x000001f84cfa0000, 0x000001f852c00000]
CodeHeap 'non-nmethods': size=5760Kb used=1481Kb max_used=1548Kb free=4278Kb
 bounds [0x000001f852c00000, 0x000001f852e70000, 0x000001f8531a0000]
CodeCache: size=245760Kb, used=34481Kb, max_used=34548Kb, free=211276Kb
 total_blobs=11994, nmethods=11198, adapters=701, full_count=0
Compilation: enabled, stopped_count=0, restarted_count=0

Compilation events (20 events):
Event: 1145.892 Thread 0x000001f84858e880 12039       3       java.util.concurrent.ThreadPoolExecutor::beforeExecute (1 bytes)
Event: 1145.892 Thread 0x000001f84858e880 nmethod 12039 0x000001f84cf94f10 code [0x000001f84cf950a0, 0x000001f84cf951a8]
Event: 1155.896 Thread 0x000001f84858e880 12040       3       java.util.concurrent.ScheduledThreadPoolExecutor$ScheduledFutureTask::run (57 bytes)
Event: 1155.905 Thread 0x000001f84858e880 nmethod 12040 0x000001f84cf95210 code [0x000001f84cf95440, 0x000001f84cf959b0]
Event: 1187.285 Thread 0x000001f84857c990 12041       4       java.lang.Thread::interrupted (7 bytes)
Event: 1187.287 Thread 0x000001f84857c990 nmethod 12041 0x000001f853912410 code [0x000001f8539125a0, 0x000001f853912658]
Event: 1233.102 Thread 0x000001f84858e880 12042       3       java.util.concurrent.locks.AbstractQueuedSynchronizer$ConditionObject::unlinkCancelledWaiters (91 bytes)
Event: 1233.102 Thread 0x000001f84858e880 nmethod 12042 0x000001f84cf95b90 code [0x000001f84cf95d40, 0x000001f84cf960d0]
Event: 1239.636 Thread 0x000001f84858e880 12043       3       org.eclipse.core.runtime.ListenerList$ListenerListIterator::next (39 bytes)
Event: 1239.636 Thread 0x000001f84858e880 nmethod 12043 0x000001f84cf96210 code [0x000001f84cf963c0, 0x000001f84cf96610]
Event: 1239.636 Thread 0x000001f84858e880 12045       3       org.eclipse.core.internal.utils.StringPool::add (50 bytes)
Event: 1239.637 Thread 0x000001f84858e880 nmethod 12045 0x000001f84cf96710 code [0x000001f84cf96900, 0x000001f84cf96dd0]
Event: 1239.637 Thread 0x000001f84858e880 12044       3       sun.security.provider.SHA2::implReset (20 bytes)
Event: 1239.638 Thread 0x000001f84858e880 nmethod 12044 0x000001f84cf96f90 code [0x000001f84cf97140, 0x000001f84cf972f8]
Event: 1245.980 Thread 0x000001f84858e880 12046       3       java.util.concurrent.ThreadPoolExecutor::afterExecute (1 bytes)
Event: 1245.980 Thread 0x000001f84858e880 nmethod 12046 0x000001f84cf97390 code [0x000001f84cf97520, 0x000001f84cf97628]
Event: 1326.029 Thread 0x000001f84858e880 12047       1       org.eclipse.jdt.ls.core.internal.LanguageServerApplication::getParentProcessId (5 bytes)
Event: 1326.029 Thread 0x000001f84858e880 nmethod 12047 0x000001f853912710 code [0x000001f8539128a0, 0x000001f853912968]
Event: 1335.072 Thread 0x000001f84858e880 12048       3       java.util.logging.Logger::isLoggable (27 bytes)
Event: 1335.081 Thread 0x000001f84858e880 nmethod 12048 0x000001f84cf97690 code [0x000001f84cf97840, 0x000001f84cf97a10]

GC Heap History (20 events):
Event: 68.172 GC heap before
{Heap before GC invocations=207 (full 3):
 PSYoungGen      total 6656K, used 6211K [0x00000000d5580000, 0x00000000d5d80000, 0x0000000100000000)
  eden space 5120K, 100% used [0x00000000d5580000,0x00000000d5a80000,0x00000000d5a80000)
  from space 1536K, 71% used [0x00000000d5a80000,0x00000000d5b90e58,0x00000000d5c00000)
  to   space 1536K, 0% used [0x00000000d5c00000,0x00000000d5c00000,0x00000000d5d80000)
 ParOldGen       total 182272K, used 181766K [0x0000000080000000, 0x000000008b200000, 0x00000000d5580000)
  object space 182272K, 99% used [0x0000000080000000,0x000000008b181848,0x000000008b200000)
 Metaspace       used 67013K, committed 68416K, reserved 1114112K
  class space    used 7186K, committed 7744K, reserved 1048576K
}
Event: 68.176 GC heap after
{Heap after GC invocations=207 (full 3):
 PSYoungGen      total 6144K, used 704K [0x00000000d5580000, 0x00000000d5d00000, 0x0000000100000000)
  eden space 5120K, 0% used [0x00000000d5580000,0x00000000d5580000,0x00000000d5a80000)
  from space 1024K, 68% used [0x00000000d5c00000,0x00000000d5cb0000,0x00000000d5d00000)
  to   space 1024K, 0% used [0x00000000d5b00000,0x00000000d5b00000,0x00000000d5c00000)
 ParOldGen       total 182784K, used 182639K [0x0000000080000000, 0x000000008b280000, 0x00000000d5580000)
  object space 182784K, 99% used [0x0000000080000000,0x000000008b25bdb0,0x000000008b280000)
 Metaspace       used 67013K, committed 68416K, reserved 1114112K
  class space    used 7186K, committed 7744K, reserved 1048576K
}
Event: 68.261 GC heap before
{Heap before GC invocations=208 (full 3):
 PSYoungGen      total 6144K, used 5824K [0x00000000d5580000, 0x00000000d5d00000, 0x0000000100000000)
  eden space 5120K, 100% used [0x00000000d5580000,0x00000000d5a80000,0x00000000d5a80000)
  from space 1024K, 68% used [0x00000000d5c00000,0x00000000d5cb0000,0x00000000d5d00000)
  to   space 1024K, 0% used [0x00000000d5b00000,0x00000000d5b00000,0x00000000d5c00000)
 ParOldGen       total 182784K, used 182639K [0x0000000080000000, 0x000000008b280000, 0x00000000d5580000)
  object space 182784K, 99% used [0x0000000080000000,0x000000008b25bdb0,0x000000008b280000)
 Metaspace       used 67252K, committed 68608K, reserved 1114112K
  class space    used 7213K, committed 7744K, reserved 1048576K
}
Event: 68.264 GC heap after
{Heap after GC invocations=208 (full 3):
 PSYoungGen      total 5632K, used 512K [0x00000000d5580000, 0x00000000d5c80000, 0x0000000100000000)
  eden space 5120K, 0% used [0x00000000d5580000,0x00000000d5580000,0x00000000d5a80000)
  from space 512K, 100% used [0x00000000d5b00000,0x00000000d5b80000,0x00000000d5b80000)
  to   space 1024K, 0% used [0x00000000d5b80000,0x00000000d5b80000,0x00000000d5c80000)
 ParOldGen       total 183296K, used 183011K [0x0000000080000000, 0x000000008b300000, 0x00000000d5580000)
  object space 183296K, 99% used [0x0000000080000000,0x000000008b2b8f58,0x000000008b300000)
 Metaspace       used 67252K, committed 68608K, reserved 1114112K
  class space    used 7213K, committed 7744K, reserved 1048576K
}
Event: 68.317 GC heap before
{Heap before GC invocations=209 (full 3):
 PSYoungGen      total 5632K, used 5619K [0x00000000d5580000, 0x00000000d5c80000, 0x0000000100000000)
  eden space 5120K, 99% used [0x00000000d5580000,0x00000000d5a7cfa8,0x00000000d5a80000)
  from space 512K, 100% used [0x00000000d5b00000,0x00000000d5b80000,0x00000000d5b80000)
  to   space 1024K, 0% used [0x00000000d5b80000,0x00000000d5b80000,0x00000000d5c80000)
 ParOldGen       total 183296K, used 183011K [0x0000000080000000, 0x000000008b300000, 0x00000000d5580000)
  object space 183296K, 99% used [0x0000000080000000,0x000000008b2b8f58,0x000000008b300000)
 Metaspace       used 67292K, committed 68672K, reserved 1114112K
  class space    used 7215K, committed 7744K, reserved 1048576K
}
Event: 68.319 GC heap after
{Heap after GC invocations=209 (full 3):
 PSYoungGen      total 5632K, used 480K [0x00000000d5580000, 0x00000000d5c00000, 0x0000000100000000)
  eden space 5120K, 0% used [0x00000000d5580000,0x00000000d5580000,0x00000000d5a80000)
  from space 512K, 93% used [0x00000000d5b80000,0x00000000d5bf8000,0x00000000d5c00000)
  to   space 512K, 0% used [0x00000000d5b00000,0x00000000d5b00000,0x00000000d5b80000)
 ParOldGen       total 183808K, used 183399K [0x0000000080000000, 0x000000008b380000, 0x00000000d5580000)
  object space 183808K, 99% used [0x0000000080000000,0x000000008b319f68,0x000000008b380000)
 Metaspace       used 67292K, committed 68672K, reserved 1114112K
  class space    used 7215K, committed 7744K, reserved 1048576K
}
Event: 68.488 GC heap before
{Heap before GC invocations=210 (full 3):
 PSYoungGen      total 5632K, used 5600K [0x00000000d5580000, 0x00000000d5c00000, 0x0000000100000000)
  eden space 5120K, 100% used [0x00000000d5580000,0x00000000d5a80000,0x00000000d5a80000)
  from space 512K, 93% used [0x00000000d5b80000,0x00000000d5bf8000,0x00000000d5c00000)
  to   space 512K, 0% used [0x00000000d5b00000,0x00000000d5b00000,0x00000000d5b80000)
 ParOldGen       total 183808K, used 183399K [0x0000000080000000, 0x000000008b380000, 0x00000000d5580000)
  object space 183808K, 99% used [0x0000000080000000,0x000000008b319f68,0x000000008b380000)
 Metaspace       used 67713K, committed 69056K, reserved 1114112K
  class space    used 7293K, committed 7808K, reserved 1048576K
}
Event: 68.490 GC heap after
{Heap after GC invocations=210 (full 3):
 PSYoungGen      total 5632K, used 503K [0x00000000d5580000, 0x00000000d5d80000, 0x0000000100000000)
  eden space 5120K, 0% used [0x00000000d5580000,0x00000000d5580000,0x00000000d5a80000)
  from space 512K, 98% used [0x00000000d5b00000,0x00000000d5b7dc68,0x00000000d5b80000)
  to   space 1536K, 0% used [0x00000000d5c00000,0x00000000d5c00000,0x00000000d5d80000)
 ParOldGen       total 184320K, used 183941K [0x0000000080000000, 0x000000008b400000, 0x00000000d5580000)
  object space 184320K, 99% used [0x0000000080000000,0x000000008b3a1608,0x000000008b400000)
 Metaspace       used 67713K, committed 69056K, reserved 1114112K
  class space    used 7293K, committed 7808K, reserved 1048576K
}
Event: 68.717 GC heap before
{Heap before GC invocations=211 (full 3):
 PSYoungGen      total 5632K, used 5606K [0x00000000d5580000, 0x00000000d5d80000, 0x0000000100000000)
  eden space 5120K, 99% used [0x00000000d5580000,0x00000000d5a7bc38,0x00000000d5a80000)
  from space 512K, 98% used [0x00000000d5b00000,0x00000000d5b7dc68,0x00000000d5b80000)
  to   space 1536K, 0% used [0x00000000d5c00000,0x00000000d5c00000,0x00000000d5d80000)
 ParOldGen       total 184320K, used 183941K [0x0000000080000000, 0x000000008b400000, 0x00000000d5580000)
  object space 184320K, 99% used [0x0000000080000000,0x000000008b3a1608,0x000000008b400000)
 Metaspace       used 68345K, committed 69824K, reserved 1114112K
  class space    used 7348K, committed 7936K, reserved 1048576K
}
Event: 68.720 GC heap after
{Heap after GC invocations=211 (full 3):
 PSYoungGen      total 5632K, used 473K [0x00000000d5580000, 0x00000000d5c80000, 0x0000000100000000)
  eden space 5120K, 0% used [0x00000000d5580000,0x00000000d5580000,0x00000000d5a80000)
  from space 512K, 92% used [0x00000000d5c00000,0x00000000d5c76470,0x00000000d5c80000)
  to   space 1024K, 0% used [0x00000000d5a80000,0x00000000d5a80000,0x00000000d5b80000)
 ParOldGen       total 184832K, used 184429K [0x0000000080000000, 0x000000008b480000, 0x00000000d5580000)
  object space 184832K, 99% used [0x0000000080000000,0x000000008b41b4d8,0x000000008b480000)
 Metaspace       used 68345K, committed 69824K, reserved 1114112K
  class space    used 7348K, committed 7936K, reserved 1048576K
}
Event: 68.940 GC heap before
{Heap before GC invocations=212 (full 3):
 PSYoungGen      total 5632K, used 5105K [0x00000000d5580000, 0x00000000d5c80000, 0x0000000100000000)
  eden space 5120K, 90% used [0x00000000d5580000,0x00000000d5a05fb8,0x00000000d5a80000)
  from space 512K, 92% used [0x00000000d5c00000,0x00000000d5c76470,0x00000000d5c80000)
  to   space 1024K, 0% used [0x00000000d5a80000,0x00000000d5a80000,0x00000000d5b80000)
 ParOldGen       total 186880K, used 186191K [0x0000000080000000, 0x000000008b680000, 0x00000000d5580000)
  object space 186880K, 99% used [0x0000000080000000,0x000000008b5d3f28,0x000000008b680000)
 Metaspace       used 68824K, committed 70272K, reserved 1114112K
  class space    used 7394K, committed 7936K, reserved 1048576K
}
Event: 68.943 GC heap after
{Heap after GC invocations=212 (full 3):
 PSYoungGen      total 6144K, used 544K [0x00000000d5580000, 0x00000000d5c80000, 0x0000000100000000)
  eden space 5120K, 0% used [0x00000000d5580000,0x00000000d5580000,0x00000000d5a80000)
  from space 1024K, 53% used [0x00000000d5a80000,0x00000000d5b08020,0x00000000d5b80000)
  to   space 1024K, 0% used [0x00000000d5b80000,0x00000000d5b80000,0x00000000d5c80000)
 ParOldGen       total 186880K, used 186476K [0x0000000080000000, 0x000000008b680000, 0x00000000d5580000)
  object space 186880K, 99% used [0x0000000080000000,0x000000008b61b2a8,0x000000008b680000)
 Metaspace       used 68824K, committed 70272K, reserved 1114112K
  class space    used 7394K, committed 7936K, reserved 1048576K
}
Event: 69.022 GC heap before
{Heap before GC invocations=213 (full 3):
 PSYoungGen      total 6144K, used 5664K [0x00000000d5580000, 0x00000000d5c80000, 0x0000000100000000)
  eden space 5120K, 100% used [0x00000000d5580000,0x00000000d5a80000,0x00000000d5a80000)
  from space 1024K, 53% used [0x00000000d5a80000,0x00000000d5b08020,0x00000000d5b80000)
  to   space 1024K, 0% used [0x00000000d5b80000,0x00000000d5b80000,0x00000000d5c80000)
 ParOldGen       total 186880K, used 186486K [0x0000000080000000, 0x000000008b680000, 0x00000000d5580000)
  object space 186880K, 99% used [0x0000000080000000,0x000000008b61da60,0x000000008b680000)
 Metaspace       used 69008K, committed 70400K, reserved 1114112K
  class space    used 7412K, committed 7936K, reserved 1048576K
}
Event: 69.024 GC heap after
{Heap after GC invocations=213 (full 3):
 PSYoungGen      total 6144K, used 730K [0x00000000d5580000, 0x00000000d5c80000, 0x0000000100000000)
  eden space 5120K, 0% used [0x00000000d5580000,0x00000000d5580000,0x00000000d5a80000)
  from space 1024K, 71% used [0x00000000d5b80000,0x00000000d5c36900,0x00000000d5c80000)
  to   space 1024K, 0% used [0x00000000d5a80000,0x00000000d5a80000,0x00000000d5b80000)
 ParOldGen       total 186880K, used 186860K [0x0000000080000000, 0x000000008b680000, 0x00000000d5580000)
  object space 186880K, 99% used [0x0000000080000000,0x000000008b67b230,0x000000008b680000)
 Metaspace       used 69008K, committed 70400K, reserved 1114112K
  class space    used 7412K, committed 7936K, reserved 1048576K
}
Event: 69.089 GC heap before
{Heap before GC invocations=214 (full 3):
 PSYoungGen      total 6144K, used 5850K [0x00000000d5580000, 0x00000000d5c80000, 0x0000000100000000)
  eden space 5120K, 99% used [0x00000000d5580000,0x00000000d5a7fff8,0x00000000d5a80000)
  from space 1024K, 71% used [0x00000000d5b80000,0x00000000d5c36900,0x00000000d5c80000)
  to   space 1024K, 0% used [0x00000000d5a80000,0x00000000d5a80000,0x00000000d5b80000)
 ParOldGen       total 186880K, used 186860K [0x0000000080000000, 0x000000008b680000, 0x00000000d5580000)
  object space 186880K, 99% used [0x0000000080000000,0x000000008b67b230,0x000000008b680000)
 Metaspace       used 69184K, committed 70592K, reserved 1114112K
  class space    used 7429K, committed 8000K, reserved 1048576K
}
Event: 69.090 GC heap after
{Heap after GC invocations=214 (full 3):
 PSYoungGen      total 6144K, used 672K [0x00000000d5580000, 0x00000000d5c80000, 0x0000000100000000)
  eden space 5120K, 0% used [0x00000000d5580000,0x00000000d5580000,0x00000000d5a80000)
  from space 1024K, 65% used [0x00000000d5a80000,0x00000000d5b28000,0x00000000d5b80000)
  to   space 1024K, 0% used [0x00000000d5b80000,0x00000000d5b80000,0x00000000d5c80000)
 ParOldGen       total 187904K, used 187437K [0x0000000080000000, 0x000000008b780000, 0x00000000d5580000)
  object space 187904K, 99% used [0x0000000080000000,0x000000008b70b6a8,0x000000008b780000)
 Metaspace       used 69184K, committed 70592K, reserved 1114112K
  class space    used 7429K, committed 8000K, reserved 1048576K
}
Event: 92.631 GC heap before
{Heap before GC invocations=215 (full 3):
 PSYoungGen      total 6144K, used 5792K [0x00000000d5580000, 0x00000000d5c80000, 0x0000000100000000)
  eden space 5120K, 100% used [0x00000000d5580000,0x00000000d5a80000,0x00000000d5a80000)
  from space 1024K, 65% used [0x00000000d5a80000,0x00000000d5b28000,0x00000000d5b80000)
  to   space 1024K, 0% used [0x00000000d5b80000,0x00000000d5b80000,0x00000000d5c80000)
 ParOldGen       total 187904K, used 187437K [0x0000000080000000, 0x000000008b780000, 0x00000000d5580000)
  object space 187904K, 99% used [0x0000000080000000,0x000000008b70b6a8,0x000000008b780000)
 Metaspace       used 69581K, committed 71040K, reserved 1114112K
  class space    used 7459K, committed 8064K, reserved 1048576K
}
Event: 92.634 GC heap after
{Heap after GC invocations=215 (full 3):
 PSYoungGen      total 6144K, used 448K [0x00000000d5580000, 0x00000000d5c80000, 0x0000000100000000)
  eden space 5120K, 0% used [0x00000000d5580000,0x00000000d5580000,0x00000000d5a80000)
  from space 1024K, 43% used [0x00000000d5b80000,0x00000000d5bf0000,0x00000000d5c80000)
  to   space 1024K, 0% used [0x00000000d5a80000,0x00000000d5a80000,0x00000000d5b80000)
 ParOldGen       total 187904K, used 187853K [0x0000000080000000, 0x000000008b780000, 0x00000000d5580000)
  object space 187904K, 99% used [0x0000000080000000,0x000000008b773618,0x000000008b780000)
 Metaspace       used 69581K, committed 71040K, reserved 1114112K
  class space    used 7459K, committed 8064K, reserved 1048576K
}
Event: 799.627 GC heap before
{Heap before GC invocations=216 (full 3):
 PSYoungGen      total 6144K, used 5567K [0x00000000d5580000, 0x00000000d5c80000, 0x0000000100000000)
  eden space 5120K, 99% used [0x00000000d5580000,0x00000000d5a7ffe0,0x00000000d5a80000)
  from space 1024K, 43% used [0x00000000d5b80000,0x00000000d5bf0000,0x00000000d5c80000)
  to   space 1024K, 0% used [0x00000000d5a80000,0x00000000d5a80000,0x00000000d5b80000)
 ParOldGen       total 187904K, used 187853K [0x0000000080000000, 0x000000008b780000, 0x00000000d5580000)
  object space 187904K, 99% used [0x0000000080000000,0x000000008b773618,0x000000008b780000)
 Metaspace       used 69881K, committed 71296K, reserved 1114112K
  class space    used 7513K, committed 8128K, reserved 1048576K
}
Event: 799.702 GC heap after
{Heap after GC invocations=216 (full 3):
 PSYoungGen      total 6144K, used 660K [0x00000000d5580000, 0x00000000d5c80000, 0x0000000100000000)
  eden space 5120K, 0% used [0x00000000d5580000,0x00000000d5580000,0x00000000d5a80000)
  from space 1024K, 64% used [0x00000000d5a80000,0x00000000d5b25220,0x00000000d5b80000)
  to   space 1024K, 0% used [0x00000000d5b80000,0x00000000d5b80000,0x00000000d5c80000)
 ParOldGen       total 188416K, used 188150K [0x0000000080000000, 0x000000008b800000, 0x00000000d5580000)
  object space 188416K, 99% used [0x0000000080000000,0x000000008b7bd818,0x000000008b800000)
 Metaspace       used 69881K, committed 71296K, reserved 1114112K
  class space    used 7513K, committed 8128K, reserved 1048576K
}

Dll operation events (12 events):
Event: 0.036 Loaded shared library c:\Users\kalra\.vscode\extensions\redhat.java-1.53.0-win32-x64\jre\21.0.10-win32-x86_64\bin\java.dll
Event: 0.207 Loaded shared library c:\Users\kalra\.vscode\extensions\redhat.java-1.53.0-win32-x64\jre\21.0.10-win32-x86_64\bin\zip.dll
Event: 0.245 Loaded shared library C:\Users\kalra\.vscode\extensions\redhat.java-1.53.0-win32-x64\jre\21.0.10-win32-x86_64\bin\instrument.dll
Event: 0.255 Loaded shared library C:\Users\kalra\.vscode\extensions\redhat.java-1.53.0-win32-x64\jre\21.0.10-win32-x86_64\bin\net.dll
Event: 0.260 Loaded shared library C:\Users\kalra\.vscode\extensions\redhat.java-1.53.0-win32-x64\jre\21.0.10-win32-x86_64\bin\nio.dll
Event: 0.268 Loaded shared library C:\Users\kalra\.vscode\extensions\redhat.java-1.53.0-win32-x64\jre\21.0.10-win32-x86_64\bin\zip.dll
Event: 0.303 Loaded shared library C:\Users\kalra\.vscode\extensions\redhat.java-1.53.0-win32-x64\jre\21.0.10-win32-x86_64\bin\jimage.dll
Event: 0.448 Loaded shared library c:\Users\kalra\.vscode\extensions\redhat.java-1.53.0-win32-x64\jre\21.0.10-win32-x86_64\bin\verify.dll
Event: 16.230 Loaded shared library C:\Users\kalra\AppData\Roaming\Code\User\globalStorage\redhat.java\1.53.0\config_win\org.eclipse.equinox.launcher\org.eclipse.equinox.launcher.win32.win32.x86_64_1.3.0.v20260203-2149\eclipse_11919.dll
Event: 39.471 Loaded shared library C:\Users\kalra\AppData\Local\Temp\jna-101813893\jna11943407162776566238.dll
Event: 46.103 Loaded shared library C:\Users\kalra\.vscode\extensions\redhat.java-1.53.0-win32-x64\jre\21.0.10-win32-x86_64\bin\sunmscapi.dll
Event: 46.366 Loaded shared library C:\Users\kalra\.vscode\extensions\redhat.java-1.53.0-win32-x64\jre\21.0.10-win32-x86_64\bin\extnet.dll

Deoptimization events (20 events):
Event: 798.762 Thread 0x000001f86789a230 Uncommon trap: trap_request=0xffffffd6 fr.pc=0x000001f8538beb2c relative=0x00000000000055ec
Event: 798.762 Thread 0x000001f86789a230 Uncommon trap: reason=array_check action=maybe_recompile pc=0x000001f8538beb2c method=org.eclipse.jdt.internal.compiler.classfmt.ModuleInfo.readModuleAttribute(I)V @ 1029 c2
Event: 798.762 Thread 0x000001f86789a230 DEOPT PACKING pc=0x000001f8538beb2c sp=0x000000d3ca1fddb0
Event: 798.762 Thread 0x000001f86789a230 DEOPT UNPACKING pc=0x000001f852c53aa2 sp=0x000000d3ca1fdd28 mode 2
Event: 798.770 Thread 0x000001f86789a230 DEOPT PACKING pc=0x000001f84ce77422 sp=0x000000d3ca1fde50
Event: 798.771 Thread 0x000001f86789a230 DEOPT UNPACKING pc=0x000001f852c54242 sp=0x000000d3ca1fd3c8 mode 0
Event: 798.847 Thread 0x000001f86789a230 DEOPT PACKING pc=0x000001f84c64a932 sp=0x000000d3ca1fc020
Event: 798.847 Thread 0x000001f86789a230 DEOPT UNPACKING pc=0x000001f852c54242 sp=0x000000d3ca1fb730 mode 0
Event: 799.799 Thread 0x000001f86789a230 Uncommon trap: trap_request=0xffffff45 fr.pc=0x000001f8538184c0 relative=0x00000000000001a0
Event: 799.799 Thread 0x000001f86789a230 Uncommon trap: reason=unstable_if action=reinterpret pc=0x000001f8538184c0 method=java.util.Arrays.equals([C[C)Z @ 8 c2
Event: 799.799 Thread 0x000001f86789a230 DEOPT PACKING pc=0x000001f8538184c0 sp=0x000000d3ca1fdb70
Event: 799.800 Thread 0x000001f86789a230 DEOPT UNPACKING pc=0x000001f852c53aa2 sp=0x000000d3ca1fdb28 mode 2
Event: 799.816 Thread 0x000001f86789a230 Uncommon trap: trap_request=0xffffffc6 fr.pc=0x000001f8538acf38 relative=0x000000000000b4f8
Event: 799.816 Thread 0x000001f86789a230 Uncommon trap: reason=bimorphic_or_optimized_type_check action=maybe_recompile pc=0x000001f8538acf38 method=org.eclipse.jdt.internal.compiler.lookup.BinaryTypeBinding.createMethod(Lorg/eclipse/jdt/internal/compiler/env/IBinaryMethod;Lorg/eclipse/jdt/inter
Event: 799.816 Thread 0x000001f86789a230 DEOPT PACKING pc=0x000001f8538acf38 sp=0x000000d3ca1fc680
Event: 799.816 Thread 0x000001f86789a230 DEOPT UNPACKING pc=0x000001f852c53aa2 sp=0x000000d3ca1fc660 mode 2
Event: 799.824 Thread 0x000001f86789a230 Uncommon trap: trap_request=0xffffffc6 fr.pc=0x000001f8538acf38 relative=0x000000000000b4f8
Event: 799.824 Thread 0x000001f86789a230 Uncommon trap: reason=bimorphic_or_optimized_type_check action=maybe_recompile pc=0x000001f8538acf38 method=org.eclipse.jdt.internal.compiler.lookup.BinaryTypeBinding.createMethod(Lorg/eclipse/jdt/internal/compiler/env/IBinaryMethod;Lorg/eclipse/jdt/inter
Event: 799.824 Thread 0x000001f86789a230 DEOPT PACKING pc=0x000001f8538acf38 sp=0x000000d3ca1fc5f0
Event: 799.825 Thread 0x000001f86789a230 DEOPT UNPACKING pc=0x000001f852c53aa2 sp=0x000000d3ca1fc5d0 mode 2

Classes loaded (20 events):
Event: 65.255 Loading class java/util/AbstractList$RandomAccessSubList
Event: 65.255 Loading class java/util/AbstractList$SubList
Event: 65.256 Loading class java/util/AbstractList$SubList done
Event: 65.256 Loading class java/util/AbstractList$RandomAccessSubList done
Event: 65.256 Loading class java/util/AbstractList$SubList$1
Event: 65.256 Loading class java/util/AbstractList$SubList$1 done
Event: 67.569 Loading class java/util/stream/ReduceOps$4
Event: 67.569 Loading class java/util/stream/ReduceOps$4 done
Event: 67.569 Loading class java/util/stream/ReduceOps$4ReducingSink
Event: 67.570 Loading class java/util/stream/ReduceOps$4ReducingSink done
Event: 67.575 Loading class java/util/HashMap$EntrySpliterator
Event: 67.576 Loading class java/util/HashMap$EntrySpliterator done
Event: 67.963 Loading class java/nio/file/Files$2
Event: 67.963 Loading class java/nio/file/Files$2 done
Event: 68.185 Loading class java/util/stream/DistinctOps
Event: 68.186 Loading class java/util/stream/DistinctOps done
Event: 68.186 Loading class java/util/stream/DistinctOps$1
Event: 68.186 Loading class java/util/stream/DistinctOps$1 done
Event: 68.191 Loading class java/util/stream/DistinctOps$1$2
Event: 68.194 Loading class java/util/stream/DistinctOps$1$2 done

Classes unloaded (7 events):
Event: 40.423 Thread 0x000001f84856f9e0 Unloading class 0x000001f8011a8c00 'java/lang/invoke/LambdaForm$MH+0x000001f8011a8c00'
Event: 40.423 Thread 0x000001f84856f9e0 Unloading class 0x000001f8011a8800 'java/lang/invoke/LambdaForm$MH+0x000001f8011a8800'
Event: 40.423 Thread 0x000001f84856f9e0 Unloading class 0x000001f8011a8400 'java/lang/invoke/LambdaForm$MH+0x000001f8011a8400'
Event: 40.423 Thread 0x000001f84856f9e0 Unloading class 0x000001f8011a8000 'java/lang/invoke/LambdaForm$MH+0x000001f8011a8000'
Event: 40.423 Thread 0x000001f84856f9e0 Unloading class 0x000001f8011a7c00 'java/lang/invoke/LambdaForm$BMH+0x000001f8011a7c00'
Event: 40.423 Thread 0x000001f84856f9e0 Unloading class 0x000001f8011a7800 'java/lang/invoke/LambdaForm$DMH+0x000001f8011a7800'
Event: 40.423 Thread 0x000001f84856f9e0 Unloading class 0x000001f8011a6400 'java/lang/invoke/LambdaForm$DMH+0x000001f8011a6400'

Classes redefined (0 events):
No events

Internal exceptions (20 events):
Event: 68.217 Thread 0x000001f8698e9a60 Exception <a 'sun/nio/fs/WindowsException'{0x00000000d57a7f00}> (0x00000000d57a7f00) 
thrown [s\src\hotspot\share\prims\jni.cpp, line 520]
Event: 68.217 Thread 0x000001f8698e9a60 Exception <a 'sun/nio/fs/WindowsException'{0x00000000d57b4458}> (0x00000000d57b4458) 
thrown [s\src\hotspot\share\prims\jni.cpp, line 520]
Event: 68.349 Thread 0x000001f8660552c0 Exception <a 'java/lang/NoSuchMethodError'{0x00000000d56c8f18}: 'java.lang.Object java.lang.invoke.DirectMethodHandle$Holder.invokeStatic(java.lang.Object, java.lang.Object, int, java.lang.Object, java.lang.Object)'> (0x00000000d56c8f18) 
thrown [s\src\hotspot\share\interpreter\linkResolver.cpp, line 773]
Event: 68.349 Thread 0x000001f8698ebb30 Exception <a 'java/lang/NoSuchMethodError'{0x00000000d56c3830}: 'java.lang.Object java.lang.invoke.DirectMethodHandle$Holder.invokeStatic(java.lang.Object, java.lang.Object, int, java.lang.Object, java.lang.Object)'> (0x00000000d56c3830) 
thrown [s\src\hotspot\share\interpreter\linkResolver.cpp, line 773]
Event: 68.581 Thread 0x000001f8660552c0 Exception <a 'java/io/FileNotFoundException'{0x00000000d57871b0}> (0x00000000d57871b0) 
thrown [s\src\hotspot\share\prims\jni.cpp, line 520]
Event: 68.581 Thread 0x000001f8660552c0 Exception <a 'java/io/FileNotFoundException'{0x00000000d5788298}> (0x00000000d5788298) 
thrown [s\src\hotspot\share\prims\jni.cpp, line 520]
Event: 68.582 Thread 0x000001f8660552c0 Exception <a 'java/io/FileNotFoundException'{0x00000000d5789000}> (0x00000000d5789000) 
thrown [s\src\hotspot\share\prims\jni.cpp, line 520]
Event: 68.990 Thread 0x000001f8698e65e0 Implicit null exception at 0x000001f85370bcda to 0x000001f85370bd33
Event: 69.018 Thread 0x000001f8660552c0 Implicit null exception at 0x000001f85380204a to 0x000001f8538022a4
Event: 69.103 Thread 0x000001f866632750 Exception <a 'java/lang/NoSuchMethodError'{0x00000000d55cef90}: 'java.lang.Object java.lang.invoke.DirectMethodHandle$Holder.invokeStatic(java.lang.Object, java.lang.Object, int, java.lang.Object)'> (0x00000000d55cef90) 
thrown [s\src\hotspot\share\interpreter\linkResolver.cpp, line 773]
Event: 69.104 Thread 0x000001f866632750 Exception <a 'java/lang/NoSuchMethodError'{0x00000000d55d6730}: 'java.lang.Object java.lang.invoke.DirectMethodHandle$Holder.newInvokeSpecial(java.lang.Object, java.lang.Object, int)'> (0x00000000d55d6730) 
thrown [s\src\hotspot\share\interpreter\linkResolver.cpp, line 773]
Event: 92.294 Thread 0x000001f8698e7990 Exception <a 'java/lang/IncompatibleClassChangeError'{0x00000000d5889948}: Found class java.lang.Object, but interface was expected> (0x00000000d5889948) 
thrown [s\src\hotspot\share\interpreter\linkResolver.cpp, line 840]
Event: 92.347 Thread 0x000001f8698e65e0 Exception <a 'java/lang/NoSuchMethodError'{0x00000000d58c4430}: 'java.lang.Object java.lang.invoke.DirectMethodHandle$Holder.invokeSpecial(java.lang.Object, java.lang.Object, java.lang.Object, java.lang.Object, int, java.lang.Object, java.lang.Object)'> (0x00000000d58c4430) 
thrown [s\src\hotspot\share\interpreter\linkResolver.cpp, line 773]
Event: 92.942 Thread 0x000001f8660545a0 Exception <a 'sun/nio/fs/WindowsException'{0x00000000d55d7c88}> (0x00000000d55d7c88) 
thrown [s\src\hotspot\share\prims\jni.cpp, line 520]
Event: 92.943 Thread 0x000001f8660545a0 Exception <a 'sun/nio/fs/WindowsException'{0x00000000d55df600}> (0x00000000d55df600) 
thrown [s\src\hotspot\share\prims\jni.cpp, line 520]
Event: 92.953 Thread 0x000001f8660545a0 Exception <a 'sun/nio/fs/WindowsException'{0x00000000d55f43a0}> (0x00000000d55f43a0) 
thrown [s\src\hotspot\share\prims\jni.cpp, line 520]
Event: 92.953 Thread 0x000001f8660545a0 Exception <a 'sun/nio/fs/WindowsException'{0x00000000d55f4c28}> (0x00000000d55f4c28) 
thrown [s\src\hotspot\share\prims\jni.cpp, line 520]
Event: 798.529 Thread 0x000001f8698e7990 Exception <a 'java/lang/IncompatibleClassChangeError'{0x00000000d5783c58}: Found class java.lang.Object, but interface was expected> (0x00000000d5783c58) 
thrown [s\src\hotspot\share\interpreter\linkResolver.cpp, line 840]
Event: 799.108 Thread 0x000001f8698e7990 Exception <a 'java/lang/IncompatibleClassChangeError'{0x00000000d58f39d0}: Found class java.lang.Object, but interface was expected> (0x00000000d58f39d0) 
thrown [s\src\hotspot\share\interpreter\linkResolver.cpp, line 840]
Event: 799.799 Thread 0x000001f86789a230 Implicit null exception at 0x000001f85381834f to 0x000001f8538184b0

ZGC Phase Switch (0 events):
No events

VM Operations (20 events):
Event: 1383.659 Executing non-safepoint VM operation: HandshakeAllThreads (HandshakeForDeflation)
Event: 1383.659 Executing non-safepoint VM operation: HandshakeAllThreads (HandshakeForDeflation) done
Event: 1383.659 Executing non-safepoint VM operation: RendezvousGCThreads
Event: 1383.659 Executing non-safepoint VM operation: RendezvousGCThreads done
Event: 1443.767 Executing non-safepoint VM operation: HandshakeAllThreads (HandshakeForDeflation)
Event: 1443.768 Executing non-safepoint VM operation: HandshakeAllThreads (HandshakeForDeflation) done
Event: 1443.768 Executing non-safepoint VM operation: RendezvousGCThreads
Event: 1443.768 Executing non-safepoint VM operation: RendezvousGCThreads done
Event: 1504.016 Executing non-safepoint VM operation: HandshakeAllThreads (HandshakeForDeflation)
Event: 1504.016 Executing non-safepoint VM operation: HandshakeAllThreads (HandshakeForDeflation) done
Event: 1504.017 Executing non-safepoint VM operation: RendezvousGCThreads
Event: 1504.017 Executing non-safepoint VM operation: RendezvousGCThreads done
Event: 1564.186 Executing non-safepoint VM operation: HandshakeAllThreads (HandshakeForDeflation)
Event: 1564.186 Executing non-safepoint VM operation: HandshakeAllThreads (HandshakeForDeflation) done
Event: 1564.186 Executing non-safepoint VM operation: RendezvousGCThreads
Event: 1564.186 Executing non-safepoint VM operation: RendezvousGCThreads done
Event: 1624.297 Executing non-safepoint VM operation: HandshakeAllThreads (HandshakeForDeflation)
Event: 1624.297 Executing non-safepoint VM operation: HandshakeAllThreads (HandshakeForDeflation) done
Event: 1624.297 Executing non-safepoint VM operation: RendezvousGCThreads
Event: 1624.297 Executing non-safepoint VM operation: RendezvousGCThreads done

Memory protections (0 events):
No events

Nmethod flushes (20 events):
Event: 53.032 Thread 0x000001f84856f9e0 flushing  nmethod 0x000001f84c06b910
Event: 53.032 Thread 0x000001f84856f9e0 flushing  nmethod 0x000001f84c08cd10
Event: 53.032 Thread 0x000001f84856f9e0 flushing  nmethod 0x000001f84c091190
Event: 53.032 Thread 0x000001f84856f9e0 flushing  nmethod 0x000001f84c0a3810
Event: 53.032 Thread 0x000001f84856f9e0 flushing  nmethod 0x000001f84c0a5e10
Event: 53.032 Thread 0x000001f84856f9e0 flushing  nmethod 0x000001f84c0ae510
Event: 53.032 Thread 0x000001f84856f9e0 flushing  nmethod 0x000001f84c0afd90
Event: 53.032 Thread 0x000001f84856f9e0 flushing  nmethod 0x000001f84c0b0f90
Event: 53.032 Thread 0x000001f84856f9e0 flushing  nmethod 0x000001f84c0b1410
Event: 53.032 Thread 0x000001f84856f9e0 flushing  nmethod 0x000001f84c0b1990
Event: 53.032 Thread 0x000001f84856f9e0 flushing  nmethod 0x000001f84c0b1f10
Event: 53.032 Thread 0x000001f84856f9e0 flushing  nmethod 0x000001f84c0b3510
Event: 53.032 Thread 0x000001f84856f9e0 flushing  nmethod 0x000001f84c0b4490
Event: 53.032 Thread 0x000001f84856f9e0 flushing  nmethod 0x000001f84c0b4a90
Event: 53.032 Thread 0x000001f84856f9e0 flushing  nmethod 0x000001f84c0b5310
Event: 53.032 Thread 0x000001f84856f9e0 flushing  nmethod 0x000001f84c0b6410
Event: 53.032 Thread 0x000001f84856f9e0 flushing  nmethod 0x000001f84c0b8590
Event: 53.032 Thread 0x000001f84856f9e0 flushing  nmethod 0x000001f84c0bfd10
Event: 53.032 Thread 0x000001f84856f9e0 flushing  nmethod 0x000001f84c0c6010
Event: 53.032 Thread 0x000001f84856f9e0 flushing  nmethod 0x000001f84c0c6810

Events (20 events):
Event: 152.380 Thread 0x000001f866633470 Thread exited: 0x000001f866633470
Event: 152.947 Thread 0x000001f86789a8c0 Thread exited: 0x000001f86789a8c0
Event: 155.941 Thread 0x000001f8660552c0 Thread exited: 0x000001f8660552c0
Event: 158.007 Thread 0x000001f8698e65e0 Thread exited: 0x000001f8698e65e0
Event: 218.011 Thread 0x000001f8698e9a60 Thread exited: 0x000001f8698e9a60
Event: 278.022 Thread 0x000001f8698ebb30 Thread exited: 0x000001f8698ebb30
Event: 338.039 Thread 0x000001f8698e86b0 Thread exited: 0x000001f8698e86b0
Event: 398.036 Thread 0x000001f8698eae10 Thread exited: 0x000001f8698eae10
Event: 458.047 Thread 0x000001f8698e7300 Thread exited: 0x000001f8698e7300
Event: 518.070 Thread 0x000001f8698ecee0 Thread exited: 0x000001f8698ecee0
Event: 578.061 Thread 0x000001f8698ea780 Thread exited: 0x000001f8698ea780
Event: 638.080 Thread 0x000001f8698ea0f0 Thread exited: 0x000001f8698ea0f0
Event: 698.089 Thread 0x000001f8698eb4a0 Thread exited: 0x000001f8698eb4a0
Event: 758.109 Thread 0x000001f8698e6c70 Thread exited: 0x000001f8698e6c70
Event: 796.008 Thread 0x000001f8698e7990 Thread added: 0x000001f86789a230
Event: 799.240 Thread 0x000001f8698e7990 Thread added: 0x000001f867898160
Event: 799.545 Thread 0x000001f84858e880 Thread added: 0x000001f868610070
Event: 804.971 Thread 0x000001f868610070 Thread exited: 0x000001f868610070
Event: 859.896 Thread 0x000001f86789a230 Thread exited: 0x000001f86789a230
Event: 919.898 Thread 0x000001f867898160 Thread exited: 0x000001f867898160


Dynamic libraries:
0x00007ff709ea0000 - 0x00007ff709eae000 	c:\Users\kalra\.vscode\extensions\redhat.java-1.53.0-win32-x64\jre\21.0.10-win32-x86_64\bin\java.exe
0x00007ff9b8900000 - 0x00007ff9b8b67000 	C:\WINDOWS\SYSTEM32\ntdll.dll
0x00007ff9b7f40000 - 0x00007ff9b8009000 	C:\WINDOWS\System32\KERNEL32.DLL
0x00007ff9b5c30000 - 0x00007ff9b6021000 	C:\WINDOWS\System32\KERNELBASE.dll
0x00007ff9b63a0000 - 0x00007ff9b64eb000 	C:\WINDOWS\System32\ucrtbase.dll
0x00007ff941740000 - 0x00007ff941758000 	c:\Users\kalra\.vscode\extensions\redhat.java-1.53.0-win32-x64\jre\21.0.10-win32-x86_64\bin\jli.dll
0x00007ff9b68d0000 - 0x00007ff9b6a95000 	C:\WINDOWS\System32\USER32.dll
0x00007ff9b6670000 - 0x00007ff9b6697000 	C:\WINDOWS\System32\win32u.dll
0x00007ff9b6b50000 - 0x00007ff9b6b7b000 	C:\WINDOWS\System32\GDI32.dll
0x00007ff9b51e0000 - 0x00007ff9b530b000 	C:\WINDOWS\System32\gdi32full.dll
0x00007ff9b5b80000 - 0x00007ff9b5c23000 	C:\WINDOWS\System32\msvcp_win.dll
0x00007ff941780000 - 0x00007ff94179e000 	c:\Users\kalra\.vscode\extensions\redhat.java-1.53.0-win32-x64\jre\21.0.10-win32-x86_64\bin\VCRUNTIME140.dll
0x00007ff999430000 - 0x00007ff9996c3000 	C:\WINDOWS\WinSxS\amd64_microsoft.windows.common-controls_6595b64144ccf1df_6.0.26100.8037_none_3e092faae333b53b\COMCTL32.dll
0x00007ff9b7750000 - 0x00007ff9b77f9000 	C:\WINDOWS\System32\msvcrt.dll
0x00007ff9b6bd0000 - 0x00007ff9b6c01000 	C:\WINDOWS\System32\IMM32.DLL
0x00007ff941980000 - 0x00007ff94198c000 	c:\Users\kalra\.vscode\extensions\redhat.java-1.53.0-win32-x64\jre\21.0.10-win32-x86_64\bin\vcruntime140_1.dll
0x00007ff93f950000 - 0x00007ff93f9dd000 	c:\Users\kalra\.vscode\extensions\redhat.java-1.53.0-win32-x64\jre\21.0.10-win32-x86_64\bin\msvcp140.dll
0x00007ff8e4a50000 - 0x00007ff8e57f1000 	c:\Users\kalra\.vscode\extensions\redhat.java-1.53.0-win32-x64\jre\21.0.10-win32-x86_64\bin\server\jvm.dll
0x00007ff9b67a0000 - 0x00007ff9b685b000 	C:\WINDOWS\System32\ADVAPI32.dll
0x00007ff9b6aa0000 - 0x00007ff9b6b47000 	C:\WINDOWS\System32\sechost.dll
0x00007ff9b87a0000 - 0x00007ff9b88b8000 	C:\WINDOWS\System32\RPCRT4.dll
0x00007ff9b8520000 - 0x00007ff9b8594000 	C:\WINDOWS\System32\WS2_32.dll
0x00007ff9ae950000 - 0x00007ff9ae985000 	C:\WINDOWS\SYSTEM32\WINMM.dll
0x00007ff9b5040000 - 0x00007ff9b509e000 	C:\WINDOWS\SYSTEM32\POWRPROF.dll
0x00007ff9ae990000 - 0x00007ff9ae99b000 	C:\WINDOWS\SYSTEM32\VERSION.dll
0x00007ff9b5020000 - 0x00007ff9b5034000 	C:\WINDOWS\SYSTEM32\UMPDC.dll
0x00007ff9b3f70000 - 0x00007ff9b3f8b000 	C:\WINDOWS\SYSTEM32\kernel.appcore.dll
0x00007ff989390000 - 0x00007ff98939a000 	c:\Users\kalra\.vscode\extensions\redhat.java-1.53.0-win32-x64\jre\21.0.10-win32-x86_64\bin\jimage.dll
0x00007ff9aa310000 - 0x00007ff9aa552000 	C:\WINDOWS\SYSTEM32\DBGHELP.DLL
0x00007ff9b8190000 - 0x00007ff9b8512000 	C:\WINDOWS\System32\combase.dll
0x00007ff9b7660000 - 0x00007ff9b7737000 	C:\WINDOWS\System32\OLEAUT32.dll
0x00007ff99bb70000 - 0x00007ff99bbab000 	C:\WINDOWS\SYSTEM32\dbgcore.DLL
0x00007ff9b6030000 - 0x00007ff9b60d5000 	C:\WINDOWS\System32\bcryptPrimitives.dll
0x00007ff989380000 - 0x00007ff98938f000 	c:\Users\kalra\.vscode\extensions\redhat.java-1.53.0-win32-x64\jre\21.0.10-win32-x86_64\bin\instrument.dll
0x00007ff989360000 - 0x00007ff989380000 	c:\Users\kalra\.vscode\extensions\redhat.java-1.53.0-win32-x64\jre\21.0.10-win32-x86_64\bin\java.dll
0x00007ff9b6c10000 - 0x00007ff9b736f000 	C:\WINDOWS\System32\SHELL32.dll
0x00007ff9b6170000 - 0x00007ff9b62da000 	C:\WINDOWS\System32\wintypes.dll
0x00007ff9b5310000 - 0x00007ff9b5b74000 	C:\WINDOWS\System32\windows.storage.dll
0x00007ff9b66a0000 - 0x00007ff9b6797000 	C:\WINDOWS\System32\SHCORE.dll
0x00007ff9b6860000 - 0x00007ff9b68c7000 	C:\WINDOWS\System32\shlwapi.dll
0x00007ff9b5100000 - 0x00007ff9b5129000 	C:\WINDOWS\SYSTEM32\profapi.dll
0x00007ff989340000 - 0x00007ff989358000 	c:\Users\kalra\.vscode\extensions\redhat.java-1.53.0-win32-x64\jre\21.0.10-win32-x86_64\bin\zip.dll
0x00007ff989330000 - 0x00007ff989340000 	C:\Users\kalra\.vscode\extensions\redhat.java-1.53.0-win32-x64\jre\21.0.10-win32-x86_64\bin\net.dll
0x00007ff9aea60000 - 0x00007ff9aeb87000 	C:\WINDOWS\SYSTEM32\WINHTTP.dll
0x00007ff9b44e0000 - 0x00007ff9b454b000 	C:\WINDOWS\system32\mswsock.dll
0x00007ff989310000 - 0x00007ff989326000 	C:\Users\kalra\.vscode\extensions\redhat.java-1.53.0-win32-x64\jre\21.0.10-win32-x86_64\bin\nio.dll
0x00007ff989300000 - 0x00007ff989310000 	c:\Users\kalra\.vscode\extensions\redhat.java-1.53.0-win32-x64\jre\21.0.10-win32-x86_64\bin\verify.dll
0x00007ff92bfe0000 - 0x00007ff92c025000 	C:\Users\kalra\AppData\Roaming\Code\User\globalStorage\redhat.java\1.53.0\config_win\org.eclipse.equinox.launcher\org.eclipse.equinox.launcher.win32.win32.x86_64_1.3.0.v20260203-2149\eclipse_11919.dll
0x00007ff9b7390000 - 0x00007ff9b7525000 	C:\WINDOWS\System32\ole32.dll
0x00007ff9b47d0000 - 0x00007ff9b47eb000 	C:\WINDOWS\SYSTEM32\CRYPTSP.dll
0x00007ff9b3ed0000 - 0x00007ff9b3f09000 	C:\WINDOWS\system32\rsaenh.dll
0x00007ff9b4590000 - 0x00007ff9b45c2000 	C:\WINDOWS\SYSTEM32\USERENV.dll
0x00007ff9b50d0000 - 0x00007ff9b50fa000 	C:\WINDOWS\SYSTEM32\bcrypt.dll
0x00007ff9b47c0000 - 0x00007ff9b47cc000 	C:\WINDOWS\SYSTEM32\CRYPTBASE.dll
0x00007ff9b3940000 - 0x00007ff9b3973000 	C:\WINDOWS\SYSTEM32\IPHLPAPI.DLL
0x00007ff9b8790000 - 0x00007ff9b879a000 	C:\WINDOWS\System32\NSI.dll
0x00007ff926de0000 - 0x00007ff926e29000 	C:\Users\kalra\AppData\Local\Temp\jna-101813893\jna11943407162776566238.dll
0x00007ff9b7380000 - 0x00007ff9b7388000 	C:\WINDOWS\System32\PSAPI.DLL
0x00007ff9b02b0000 - 0x00007ff9b02cd000 	C:\WINDOWS\SYSTEM32\dhcpcsvc6.DLL
0x00007ff9b0280000 - 0x00007ff9b02a3000 	C:\WINDOWS\SYSTEM32\dhcpcsvc.DLL
0x00007ff958eb0000 - 0x00007ff958ebe000 	C:\Users\kalra\.vscode\extensions\redhat.java-1.53.0-win32-x64\jre\21.0.10-win32-x86_64\bin\sunmscapi.dll
0x00007ff9b64f0000 - 0x00007ff9b6667000 	C:\WINDOWS\System32\CRYPT32.dll
0x00007ff9b49e0000 - 0x00007ff9b4a10000 	C:\WINDOWS\SYSTEM32\ncrypt.dll
0x00007ff9b4990000 - 0x00007ff9b49cf000 	C:\WINDOWS\SYSTEM32\NTASN1.dll
0x00007ff9b39f0000 - 0x00007ff9b3b1a000 	C:\WINDOWS\SYSTEM32\DNSAPI.dll
0x00007ff9ae910000 - 0x00007ff9ae91b000 	C:\Windows\System32\rasadhlp.dll
0x00007ff9b0540000 - 0x00007ff9b05c6000 	C:\WINDOWS\System32\fwpuclnt.dll
0x00007ff94e5b0000 - 0x00007ff94e5b9000 	C:\Users\kalra\.vscode\extensions\redhat.java-1.53.0-win32-x64\jre\21.0.10-win32-x86_64\bin\extnet.dll

JVMTI agents:
c:\Users\kalra\.vscode\extensions\redhat.java-1.53.0-win32-x64\lombok\lombok-1.18.39-4050.jar path:c:\Users\kalra\.vscode\extensions\redhat.java-1.53.0-win32-x64\jre\21.0.10-win32-x86_64\bin\instrument.dll, loaded, initialized, instrumentlib options:none

dbghelp: loaded successfully - version: 4.0.5 - missing functions: none
symbol engine: initialized successfully - sym options: 0x614 - pdb path: .;c:\Users\kalra\.vscode\extensions\redhat.java-1.53.0-win32-x64\jre\21.0.10-win32-x86_64\bin;C:\WINDOWS\SYSTEM32;C:\WINDOWS\WinSxS\amd64_microsoft.windows.common-controls_6595b64144ccf1df_6.0.26100.8037_none_3e092faae333b53b;c:\Users\kalra\.vscode\extensions\redhat.java-1.53.0-win32-x64\jre\21.0.10-win32-x86_64\bin\server;C:\Users\kalra\AppData\Roaming\Code\User\globalStorage\redhat.java\1.53.0\config_win\org.eclipse.equinox.launcher\org.eclipse.equinox.launcher.win32.win32.x86_64_1.3.0.v20260203-2149;C:\Users\kalra\AppData\Local\Temp\jna-101813893

VM Arguments:
jvm_args: --add-modules=ALL-SYSTEM --add-opens=java.base/java.util=ALL-UNNAMED --add-opens=java.base/java.lang=ALL-UNNAMED --add-opens=java.base/sun.nio.fs=ALL-UNNAMED -Declipse.application=org.eclipse.jdt.ls.core.id1 -Dosgi.bundles.defaultStartLevel=4 -Declipse.product=org.eclipse.jdt.ls.core.product -Djava.import.generatesMetadataFilesAtProjectRoot=false -DDetectVMInstallationsJob.disabled=true -Dfile.encoding=utf8 -XX:+UseParallelGC -XX:GCTimeRatio=4 -XX:AdaptiveSizePolicyWeight=90 -Dsun.zip.disableMemoryMapping=true -Xmx2G -Xms100m -Xlog:disable -javaagent:c:\Users\kalra\.vscode\extensions\redhat.java-1.53.0-win32-x64\lombok\lombok-1.18.39-4050.jar -XX:+HeapDumpOnOutOfMemoryError -XX:HeapDumpPath=c:\Users\kalra\AppData\Roaming\Code\User\workspaceStorage\4fda5c3b26c15e0cb27154c0e992db6d\redhat.java -Daether.dependencyCollector.impl=bf 
java_command: c:\Users\kalra\.vscode\extensions\redhat.java-1.53.0-win32-x64\server\plugins\org.eclipse.equinox.launcher_1.7.100.v20251111-0406.jar -configuration c:\Users\kalra\AppData\Roaming\Code\User\globalStorage\redhat.java\1.53.0\config_win -data c:\Users\kalra\AppData\Roaming\Code\User\workspaceStorage\4fda5c3b26c15e0cb27154c0e992db6d\redhat.java\jdt_ws --pipe=\\.\pipe\lsp-6980f96a7b965aa87e135c27e619141a-sock
java_class_path (initial): c:\Users\kalra\.vscode\extensions\redhat.java-1.53.0-win32-x64\server\plugins\org.eclipse.equinox.launcher_1.7.100.v20251111-0406.jar
Launcher Type: SUN_STANDARD

[Global flags]
    uintx AdaptiveSizePolicyWeight                 = 90                                        {product} {command line}
     intx CICompilerCount                          = 4                                         {product} {ergonomic}
    uintx GCTimeRatio                              = 4                                         {product} {command line}
     bool HeapDumpOnOutOfMemoryError               = true                                   {manageable} {command line}
    ccstr HeapDumpPath                             = c:\Users\kalra\AppData\Roaming\Code\User\workspaceStorage\4fda5c3b26c15e0cb27154c0e992db6d\redhat.java         {manageable} {command line}
   size_t InitialHeapSize                          = 104857600                                 {product} {command line}
   size_t MaxHeapSize                              = 2147483648                                {product} {command line}
   size_t MaxNewSize                               = 715653120                                 {product} {ergonomic}
   size_t MinHeapDeltaBytes                        = 524288                                    {product} {ergonomic}
   size_t MinHeapSize                              = 104857600                                 {product} {command line}
   size_t NewSize                                  = 34603008                                  {product} {ergonomic}
    uintx NonNMethodCodeHeapSize                   = 5839372                                {pd product} {ergonomic}
    uintx NonProfiledCodeHeapSize                  = 122909434                              {pd product} {ergonomic}
   size_t OldSize                                  = 70254592                                  {product} {ergonomic}
    uintx ProfiledCodeHeapSize                     = 122909434                              {pd product} {ergonomic}
    uintx ReservedCodeCacheSize                    = 251658240                              {pd product} {ergonomic}
     bool SegmentedCodeCache                       = true                                      {product} {ergonomic}
   size_t SoftMaxHeapSize                          = 2147483648                             {manageable} {ergonomic}
     bool UseCompressedOops                        = true                           {product lp64_product} {ergonomic}
     bool UseLargePagesIndividualAllocation        = false                                  {pd product} {ergonomic}
     bool UseParallelGC                            = true                                      {product} {command line}

Logging:
Log output configuration:
 #0: stdout all=off uptime,level,tags foldmultilines=false
 #1: stderr all=off uptime,level,tags foldmultilines=false

Release file:
JAVA_VERSION="21.0.10" 
MODULES="java.base java.compiler java.datatransfer java.xml java.prefs java.desktop java.instrument java.logging java.management java.security.sasl java.naming java.rmi java.management.rmi java.net.http java.scripting java.security.jgss java.transaction.xa java.sql java.sql.rowset java.xml.crypto java.se java.smartcardio jdk.accessibility jdk.internal.jvmstat jdk.attach jdk.charsets jdk.internal.opt jdk.zipfs jdk.compiler jdk.crypto.ec jdk.crypto.cryptoki jdk.crypto.mscapi jdk.dynalink jdk.internal.ed jdk.editpad jdk.hotspot.agent jdk.httpserver jdk.internal.le jdk.internal.vm.ci jdk.internal.vm.compiler jdk.internal.vm.compiler.management jdk.jartool jdk.javadoc jdk.jcmd jdk.management jdk.management.agent jdk.jconsole jdk.jdeps jdk.jdwp.agent jdk.jdi jdk.jfr jdk.jshell jdk.jsobject jdk.jstatd jdk.localedata jdk.management.jfr jdk.naming.dns jdk.naming.rmi jdk.net jdk.nio.mapmode jdk.random jdk.sctp jdk.security.auth jdk.security.jgss jdk.unsupported jdk.unsupported.desktop jdk.xml.dom" 

Environment Variables:
PATH=C:\Users\kalra\AppData\Local\Programs\Microsoft VS Code;C:\Python314\Scripts\;C:\Python314\;C:\Program Files\nodejs\;C:\ProgramData\chocolatey\bin;C:\Users\kalra\AppData\Local\Programs\Python\Python313\Scripts\;C:\Users\kalra\AppData\Local\Programs\Python\Python313\;C:\Program Files\MySQL\MySQL Shell 8.0\bin\;C:\Users\kalra\AppData\Local\Programs\Python\Python312\Scripts\;C:\Users\kalra\AppData\Local\Programs\Python\Python312\;C:\Users\kalra\AppData\Local\Microsoft\WindowsApps;C:\Users\kalra\AppData\Local\Programs\Microsoft VS Code\bin;C:\Program Files\Azure Data Studio\bin;D:\Git\cmd;D:\Git\bin;%JAVA_HOME%\bin;C:\Program Files\Maven\apache-maven-3.9.11\bin;C:\Program Files\MySQL\MySQL Server 8.0\bin;C:\Users\kalra\AppData\Roaming\npm
USERNAME=kalra
OS=Windows_NT
PROCESSOR_IDENTIFIER=AMD64 Family 23 Model 104 Stepping 1, AuthenticAMD
TMP=C:\Users\kalra\AppData\Local\Temp
TEMP=C:\Users\kalra\AppData\Local\Temp




Periodic native trim disabled

---------------  S Y S T E M  ---------------

OS:
 Windows 11 , 64 bit Build 26100 (10.0.26100.7920)
OS uptime: 0 days 0:30 hours
Hyper-V role detected

CPU: total 12 (initial active 12) (12 cores per cpu, 2 threads per core) family 23 model 104 stepping 1 microcode 0x8608107, cx8, cmov, fxsr, ht, mmx, 3dnowpref, sse, sse2, sse3, ssse3, sse4a, sse4.1, sse4.2, popcnt, lzcnt, tsc, tscinvbit, avx, avx2, aes, clmul, bmi1, bmi2, adx, sha, fma, vzeroupper, clflush, clflushopt, hv, rdtscp, rdpid, f16c
Processor Information for the first 12 processors :
  Max Mhz: 2100, Current Mhz: 2100, Mhz Limit: 2100

Memory: 4k page, system-wide physical 7501M (2592M free)
TotalPageFile size 21037M (AvailPageFile size 29M)
current process WorkingSet (physical memory assigned to process): 14M, peak: 441M
current process commit charge ("private bytes"): 462M, peak: 528M

vm_info: OpenJDK 64-Bit Server VM (21.0.10+7-LTS) for windows-amd64 JRE (21.0.10+7-LTS), built on 2026-01-20T00:00:00Z by "admin" with MS VC++ 17.12 (VS2022)

END.
