#
# There is insufficient memory for the Java Runtime Environment to continue.
# Native memory allocation (malloc) failed to allocate 487008 bytes. Error detail: Chunk::new
# Possible reasons:
#   The system is out of physical RAM or swap space
#   This process is running with CompressedOops enabled, and the Java Heap may be blocking the growth of the native heap
# Possible solutions:
#   Reduce memory load on the system
#   Increase physical memory or swap space
#   Check if swap backing store is full
#   Decrease Java heap size (-Xmx/-Xms)
#   Decrease number of Java threads
#   Decrease Java thread stack sizes (-Xss)
#   Set larger code cache with -XX:ReservedCodeCacheSize=
#   JVM is running with Unscaled Compressed Oops mode in which the Java heap is
#     placed in the first 4GB address space. The Java Heap base address is the
#     maximum limit for the native heap growth. Please use -XX:HeapBaseMinAddress
#     to set the Java Heap base and to place the Java Heap above 4GB virtual address.
# This output file may be truncated or incomplete.
#
#  Out of Memory Error (arena.cpp:168), pid=16980, tid=8848
#
# JRE version: OpenJDK Runtime Environment Temurin-21.0.10+7 (21.0.10+7) (build 21.0.10+7-LTS)
# Java VM: OpenJDK 64-Bit Server VM Temurin-21.0.10+7 (21.0.10+7-LTS, mixed mode, sharing, tiered, compressed oops, compressed class ptrs, parallel gc, windows-amd64)
# No core dump will be written. Minidumps are not enabled by default on client versions of Windows
#

---------------  S U M M A R Y ------------

Command Line: --add-modules=ALL-SYSTEM --add-opens=java.base/java.util=ALL-UNNAMED --add-opens=java.base/java.lang=ALL-UNNAMED --add-opens=java.base/sun.nio.fs=ALL-UNNAMED -Declipse.application=org.eclipse.jdt.ls.core.id1 -Dosgi.bundles.defaultStartLevel=4 -Declipse.product=org.eclipse.jdt.ls.core.product -Djava.import.generatesMetadataFilesAtProjectRoot=false -DDetectVMInstallationsJob.disabled=true -Dfile.encoding=utf8 -XX:+UseParallelGC -XX:GCTimeRatio=4 -XX:AdaptiveSizePolicyWeight=90 -Dsun.zip.disableMemoryMapping=true -Xmx2G -Xms100m -Xlog:disable -javaagent:c:\Users\kalra\.vscode\extensions\redhat.java-1.53.0-win32-x64\lombok\lombok-1.18.39-4050.jar -XX:+HeapDumpOnOutOfMemoryError -XX:HeapDumpPath=c:\Users\kalra\AppData\Roaming\Code\User\workspaceStorage\4fda5c3b26c15e0cb27154c0e992db6d\redhat.java -Daether.dependencyCollector.impl=bf c:\Users\kalra\.vscode\extensions\redhat.java-1.53.0-win32-x64\server\plugins\org.eclipse.equinox.launcher_1.7.100.v20251111-0406.jar -configuration c:\Users\kalra\AppData\Roaming\Code\User\globalStorage\redhat.java\1.53.0\config_win -data c:\Users\kalra\AppData\Roaming\Code\User\workspaceStorage\4fda5c3b26c15e0cb27154c0e992db6d\redhat.java\jdt_ws --pipe=\\.\pipe\lsp-8d9e0b81d2f5f8ab441a5d3029410920-sock

Host: AMD Ryzen 5 5500U with Radeon Graphics         , 12 cores, 7G,  Windows 11 , 64 bit Build 26100 (10.0.26100.7920)
Time: Fri Mar 27 13:51:46 2026 India Standard Time elapsed time: 1317.732568 seconds (0d 0h 21m 57s)

---------------  T H R E A D  ---------------

Current thread (0x0000023957692c90):  JavaThread "C2 CompilerThread1" daemon [_thread_in_native, id=8848, stack(0x000000a4f3500000,0x000000a4f3600000) (1024K)]


Current CompileTask:
C2:1317733 11082       4       com.google.gson.stream.JsonReader::nextQuotedValue (296 bytes)

Stack: [0x000000a4f3500000,0x000000a4f3600000]
Native frames: (J=compiled Java code, j=interpreted, Vv=VM code, C=native code)
V  [jvm.dll+0x6d7a39]
V  [jvm.dll+0x8b4b26]
V  [jvm.dll+0x8b70de]
V  [jvm.dll+0x8b77c3]
V  [jvm.dll+0x284346]
V  [jvm.dll+0xc66ed]
V  [jvm.dll+0xc6c31]
V  [jvm.dll+0x3bec3b]
V  [jvm.dll+0x1e3f69]
V  [jvm.dll+0x24c6b3]
V  [jvm.dll+0x24bb40]
V  [jvm.dll+0x1cb34e]
V  [jvm.dll+0x25b85d]
V  [jvm.dll+0x259dea]
V  [jvm.dll+0x3f857e]
V  [jvm.dll+0x85f59d]
V  [jvm.dll+0x6d626d]
C  [ucrtbase.dll+0x37b0]
C  [KERNEL32.DLL+0x2e8d7]
C  [ntdll.dll+0x8c48c]


---------------  P R O C E S S  ---------------

Threads class SMR info:
_java_thread_list=0x0000023959db9560, length=49, elements={
0x000002397509b850, 0x00000239774ec3b0, 0x00000239775e5aa0, 0x00000239775e7770,
0x00000239775e83d0, 0x00000239775ecf50, 0x00000239775ed9b0, 0x00000239775ee7f0,
0x0000023950359fb0, 0x000002395055da20, 0x00000239506898c0, 0x00000239519ad2f0,
0x0000023956038060, 0x0000023951904730, 0x0000023951905580, 0x00000239561c4f40,
0x0000023956278d10, 0x0000023951415f20, 0x000002395674c3f0, 0x000002395674ca80,
0x000002395674bd60, 0x000002395674b6d0, 0x000002395674de30, 0x000002395674a9b0,
0x0000023957bc7d70, 0x0000023957bc7050, 0x0000023957bc8400, 0x0000023957bc5ca0,
0x0000023957bc8a90, 0x0000023957bc69c0, 0x0000023957bc76e0, 0x0000023957bc9120,
0x0000023957bc97b0, 0x0000023957bc6330, 0x0000023957bcab60, 0x0000023957bcb880,
0x0000023957bcb1f0, 0x0000023957bcbf10, 0x0000023958f715c0, 0x0000023958f70210,
0x0000023958f708a0, 0x0000023958f6ee60, 0x0000023958f70f30, 0x0000023958f71c50,
0x0000023957bca4d0, 0x0000023957bcc5a0, 0x0000023957bccc30, 0x0000023957692c90,
0x00000239576925c0
}

Java Threads: ( => current thread )
  0x000002397509b850 JavaThread "main"                              [_thread_blocked, id=17896, stack(0x000000a4efb00000,0x000000a4efc00000) (1024K)]
  0x00000239774ec3b0 JavaThread "Reference Handler"          daemon [_thread_blocked, id=1732, stack(0x000000a4eff00000,0x000000a4f0000000) (1024K)]
  0x00000239775e5aa0 JavaThread "Finalizer"                  daemon [_thread_blocked, id=22072, stack(0x000000a4f0000000,0x000000a4f0100000) (1024K)]
  0x00000239775e7770 JavaThread "Signal Dispatcher"          daemon [_thread_blocked, id=4724, stack(0x000000a4f0100000,0x000000a4f0200000) (1024K)]
  0x00000239775e83d0 JavaThread "Attach Listener"            daemon [_thread_blocked, id=11328, stack(0x000000a4f0200000,0x000000a4f0300000) (1024K)]
  0x00000239775ecf50 JavaThread "Service Thread"             daemon [_thread_blocked, id=13748, stack(0x000000a4f0300000,0x000000a4f0400000) (1024K)]
  0x00000239775ed9b0 JavaThread "Monitor Deflation Thread"   daemon [_thread_blocked, id=7224, stack(0x000000a4f0400000,0x000000a4f0500000) (1024K)]
  0x00000239775ee7f0 JavaThread "C2 CompilerThread0"         daemon [_thread_in_native, id=18944, stack(0x000000a4f0500000,0x000000a4f0600000) (1024K)]
  0x0000023950359fb0 JavaThread "C1 CompilerThread0"         daemon [_thread_blocked, id=14464, stack(0x000000a4f0600000,0x000000a4f0700000) (1024K)]
  0x000002395055da20 JavaThread "Common-Cleaner"             daemon [_thread_blocked, id=8984, stack(0x000000a4f0700000,0x000000a4f0800000) (1024K)]
  0x00000239506898c0 JavaThread "Notification Thread"        daemon [_thread_blocked, id=9072, stack(0x000000a4f0800000,0x000000a4f0900000) (1024K)]
  0x00000239519ad2f0 JavaThread "Active Thread: Equinox Container: de166d40-ef3a-4e58-a0e2-8ead0c8f3fc9"        [_thread_blocked, id=14244, stack(0x000000a4f1000000,0x000000a4f1100000) (1024K)]
  0x0000023956038060 JavaThread "Refresh Thread: Equinox Container: de166d40-ef3a-4e58-a0e2-8ead0c8f3fc9" daemon [_thread_blocked, id=7632, stack(0x000000a4f1200000,0x000000a4f1300000) (1024K)]
  0x0000023951904730 JavaThread "Framework Event Dispatcher: Equinox Container: de166d40-ef3a-4e58-a0e2-8ead0c8f3fc9" daemon [_thread_blocked, id=22992, stack(0x000000a4f0900000,0x000000a4f0a00000) (1024K)]
  0x0000023951905580 JavaThread "Start Level: Equinox Container: de166d40-ef3a-4e58-a0e2-8ead0c8f3fc9" daemon [_thread_blocked, id=18840, stack(0x000000a4f1300000,0x000000a4f1400000) (1024K)]
  0x00000239561c4f40 JavaThread "Bundle File Closer"         daemon [_thread_blocked, id=13308, stack(0x000000a4f1600000,0x000000a4f1700000) (1024K)]
  0x0000023956278d10 JavaThread "SCR Component Actor"        daemon [_thread_blocked, id=2944, stack(0x000000a4f1700000,0x000000a4f1800000) (1024K)]
  0x0000023951415f20 JavaThread "Worker-JM"                         [_thread_blocked, id=17676, stack(0x000000a4f1900000,0x000000a4f1a00000) (1024K)]
  0x000002395674c3f0 JavaThread "JNA Cleaner"                daemon [_thread_blocked, id=21304, stack(0x000000a4f1800000,0x000000a4f1900000) (1024K)]
  0x000002395674ca80 JavaThread "Java indexing"              daemon [_thread_blocked, id=1248, stack(0x000000a4f1f00000,0x000000a4f2000000) (1024K)]
  0x000002395674bd60 JavaThread "Worker-3"                          [_thread_blocked, id=21724, stack(0x000000a4f2200000,0x000000a4f2300000) (1024K)]
  0x000002395674b6d0 JavaThread "Worker-4"                          [_thread_blocked, id=14892, stack(0x000000a4f2300000,0x000000a4f2400000) (1024K)]
  0x000002395674de30 JavaThread "Thread-1"                   daemon [_thread_in_native, id=14672, stack(0x000000a4f2400000,0x000000a4f2500000) (1024K)]
  0x000002395674a9b0 JavaThread "Thread-2"                   daemon [_thread_in_native, id=11228, stack(0x000000a4f2500000,0x000000a4f2600000) (1024K)]
  0x0000023957bc7d70 JavaThread "Thread-3"                   daemon [_thread_in_native, id=3816, stack(0x000000a4f2600000,0x000000a4f2700000) (1024K)]
  0x0000023957bc7050 JavaThread "Thread-4"                   daemon [_thread_in_native, id=6796, stack(0x000000a4f2700000,0x000000a4f2800000) (1024K)]
  0x0000023957bc8400 JavaThread "Thread-5"                   daemon [_thread_in_native, id=10504, stack(0x000000a4f2800000,0x000000a4f2900000) (1024K)]
  0x0000023957bc5ca0 JavaThread "Thread-6"                   daemon [_thread_in_native, id=19052, stack(0x000000a4f2900000,0x000000a4f2a00000) (1024K)]
  0x0000023957bc8a90 JavaThread "Thread-7"                   daemon [_thread_in_native, id=1508, stack(0x000000a4f2a00000,0x000000a4f2b00000) (1024K)]
  0x0000023957bc69c0 JavaThread "Thread-8"                   daemon [_thread_in_native, id=6496, stack(0x000000a4f2b00000,0x000000a4f2c00000) (1024K)]
  0x0000023957bc76e0 JavaThread "Thread-9"                   daemon [_thread_in_native, id=14984, stack(0x000000a4f2c00000,0x000000a4f2d00000) (1024K)]
  0x0000023957bc9120 JavaThread "Thread-10"                  daemon [_thread_in_native, id=20824, stack(0x000000a4f2d00000,0x000000a4f2e00000) (1024K)]
  0x0000023957bc97b0 JavaThread "Thread-11"                  daemon [_thread_in_native, id=7280, stack(0x000000a4f2e00000,0x000000a4f2f00000) (1024K)]
  0x0000023957bc6330 JavaThread "Thread-12"                  daemon [_thread_in_native, id=11156, stack(0x000000a4f2f00000,0x000000a4f3000000) (1024K)]
  0x0000023957bcab60 JavaThread "Thread-13"                  daemon [_thread_in_native, id=10920, stack(0x000000a4f3000000,0x000000a4f3100000) (1024K)]
  0x0000023957bcb880 JavaThread "pool-2-thread-1"                   [_thread_blocked, id=8712, stack(0x000000a4f3100000,0x000000a4f3200000) (1024K)]
  0x0000023957bcb1f0 JavaThread "WorkspaceEventsHandler"            [_thread_blocked, id=20776, stack(0x000000a4f3200000,0x000000a4f3300000) (1024K)]
  0x0000023957bcbf10 JavaThread "pool-1-thread-1"                   [_thread_blocked, id=10444, stack(0x000000a4f3300000,0x000000a4f3400000) (1024K)]
  0x0000023958f715c0 JavaThread "Worker-5"                          [_thread_blocked, id=23676, stack(0x000000a4ef900000,0x000000a4efa00000) (1024K)]
  0x0000023958f70210 JavaThread "ForkJoinPool.commonPool-worker-14" daemon [_thread_blocked, id=6300, stack(0x000000a4efa00000,0x000000a4efb00000) (1024K)]
  0x0000023958f708a0 JavaThread "Thread-14"                  daemon [_thread_blocked, id=11748, stack(0x000000a4f1a00000,0x000000a4f1b00000) (1024K)]
  0x0000023958f6ee60 JavaThread "ForkJoinPool.commonPool-worker-15" daemon [_thread_blocked, id=9772, stack(0x000000a4f1d00000,0x000000a4f1e00000) (1024K)]
  0x0000023958f70f30 JavaThread "ForkJoinPool.commonPool-worker-16" daemon [_thread_blocked, id=13848, stack(0x000000a4ef800000,0x000000a4ef900000) (1024K)]
  0x0000023958f71c50 JavaThread "ForkJoinPool.commonPool-worker-17" daemon [_thread_blocked, id=16376, stack(0x000000a4f1e00000,0x000000a4f1f00000) (1024K)]
  0x0000023957bca4d0 JavaThread "ForkJoinPool.commonPool-worker-18" daemon [_thread_blocked, id=8396, stack(0x000000a4f2000000,0x000000a4f2100000) (1024K)]
  0x0000023957bcc5a0 JavaThread "ForkJoinPool.commonPool-worker-19" daemon [_thread_blocked, id=18320, stack(0x000000a4f2100000,0x000000a4f2200000) (1024K)]
  0x0000023957bccc30 JavaThread "ForkJoinPool.commonPool-worker-20" daemon [_thread_blocked, id=20268, stack(0x000000a4f3400000,0x000000a4f3500000) (1024K)]
=>0x0000023957692c90 JavaThread "C2 CompilerThread1"         daemon [_thread_in_native, id=8848, stack(0x000000a4f3500000,0x000000a4f3600000) (1024K)]
  0x00000239576925c0 JavaThread "C2 CompilerThread2"         daemon [_thread_blocked, id=24508, stack(0x000000a4f3600000,0x000000a4f3700000) (1024K)]
Total: 49

Other Threads:
  0x00000239775e3b70 VMThread "VM Thread"                           [id=9108, stack(0x000000a4efe00000,0x000000a4eff00000) (1024K)]
  0x00000239773cca00 WatcherThread "VM Periodic Task Thread"        [id=19192, stack(0x000000a4efd00000,0x000000a4efe00000) (1024K)]
  0x000002397755f520 WorkerThread "GC Thread#0"                     [id=12884, stack(0x000000a4efc00000,0x000000a4efd00000) (1024K)]
  0x00000239519fd2d0 WorkerThread "GC Thread#1"                     [id=22036, stack(0x000000a4f0a00000,0x000000a4f0b00000) (1024K)]
  0x000002395174cf00 WorkerThread "GC Thread#2"                     [id=13320, stack(0x000000a4f0b00000,0x000000a4f0c00000) (1024K)]
  0x000002395174d2b0 WorkerThread "GC Thread#3"                     [id=9620, stack(0x000000a4f0c00000,0x000000a4f0d00000) (1024K)]
  0x000002395174d660 WorkerThread "GC Thread#4"                     [id=18576, stack(0x000000a4f0d00000,0x000000a4f0e00000) (1024K)]
  0x0000023951af64c0 WorkerThread "GC Thread#5"                     [id=18484, stack(0x000000a4f0e00000,0x000000a4f0f00000) (1024K)]
  0x00000239514f7d50 WorkerThread "GC Thread#6"                     [id=12412, stack(0x000000a4f0f00000,0x000000a4f1000000) (1024K)]
  0x0000023956048d90 WorkerThread "GC Thread#7"                     [id=20424, stack(0x000000a4f1100000,0x000000a4f1200000) (1024K)]
  0x0000023956048280 WorkerThread "GC Thread#8"                     [id=21144, stack(0x000000a4f1400000,0x000000a4f1500000) (1024K)]
  0x0000023956049140 WorkerThread "GC Thread#9"                     [id=14720, stack(0x000000a4f1500000,0x000000a4f1600000) (1024K)]
Total: 12

Threads with active compile tasks:
C2 CompilerThread0  1317788 11076       4       com.google.gson.internal.bind.TypeAdapters$15::read (38 bytes)
C2 CompilerThread1  1317788 11082       4       com.google.gson.stream.JsonReader::nextQuotedValue (296 bytes)
C2 CompilerThread2  1317788 11112       4       com.google.gson.internal.bind.ArrayTypeAdapter::read (133 bytes)
Total: 3

VM state: at safepoint (normal execution)

VM Mutex/Monitor currently owned by a thread:  ([mutex/lock_event])
[0x00007ff8195fe560] Threads_lock - owner thread: 0x00000239775e3b70
[0x00007ff8195fe660] Heap_lock - owner thread: 0x0000023958f708a0

Heap address: 0x0000000080000000, size: 2048 MB, Compressed Oops mode: 32-bit

CDS archive(s) mapped at: [0x000002390f000000-0x000002390fba0000-0x000002390fba0000), size 12189696, SharedBaseAddress: 0x000002390f000000, ArchiveRelocationMode: 1.
Compressed class space mapped at: 0x0000023910000000-0x0000023950000000, reserved size: 1073741824
Narrow klass base: 0x000002390f000000, Narrow klass shift: 0, Narrow klass range: 0x100000000

GC Precious Log:
 CardTable entry size: 512
 CPUs: 12 total, 12 available
 Memory: 7501M
 Large Page Support: Disabled
 NUMA Support: Disabled
 Compressed Oops: Enabled (32-bit)
 Alignments: Space 512K, Generation 512K, Heap 2M
 Heap Min Capacity: 100M
 Heap Initial Capacity: 100M
 Heap Max Capacity: 2G
 Pre-touch: Disabled
 Parallel Workers: 10

Heap:
 PSYoungGen      total 22016K, used 21684K [0x00000000d5580000, 0x00000000d6e80000, 0x0000000100000000)
  eden space 20480K, 100% used [0x00000000d5580000,0x00000000d6980000,0x00000000d6980000)
  from space 1536K, 78% used [0x00000000d6d00000,0x00000000d6e2d220,0x00000000d6e80000)
  to   space 1536K, 99% used [0x00000000d6b80000,0x00000000d6cfe6a0,0x00000000d6d00000)
 ParOldGen       total 114176K, used 113989K [0x0000000080000000, 0x0000000086f80000, 0x00000000d5580000)
  object space 114176K, 99% used [0x0000000080000000,0x0000000086f517f8,0x0000000086f80000)
 Metaspace       used 63724K, committed 65216K, reserved 1114112K
  class space    used 6762K, committed 7424K, reserved 1048576K

Card table byte_map: [0x0000023976ee0000,0x00000239772f0000] _byte_map_base: 0x0000023976ae0000

Marking Bits: (ParMarkBitMap*) 0x00007ff819603450
 Begin Bits: [0x000002397a9f0000, 0x000002397c9f0000)
 End Bits:   [0x000002397c9f0000, 0x000002397e9f0000)

Polling page: 0x00000239753d0000

Metaspace:

Usage:
  Non-class:     55.63 MB used.
      Class:      6.60 MB used.
       Both:     62.23 MB used.

Virtual space:
  Non-class space:       64.00 MB reserved,      56.44 MB ( 88%) committed,  1 nodes.
      Class space:        1.00 GB reserved,       7.25 MB ( <1%) committed,  1 nodes.
             Both:        1.06 GB reserved,      63.69 MB (  6%) committed. 

Chunk freelists:
   Non-Class:  7.14 MB
       Class:  8.77 MB
        Both:  15.90 MB

MaxMetaspaceSize: unlimited
CompressedClassSpaceSize: 1.00 GB
Initial GC threshold: 21.00 MB
Current GC threshold: 97.31 MB
CDS: on
 - commit_granule_bytes: 65536.
 - commit_granule_words: 8192.
 - virtual_space_node_default_size: 8388608.
 - enlarge_chunks_in_place: 1.
 - use_allocation_guard: 0.


Internal statistics:

num_allocs_failed_limit: 9.
num_arena_births: 1216.
num_arena_deaths: 20.
num_vsnodes_births: 2.
num_vsnodes_deaths: 0.
num_space_committed: 1019.
num_space_uncommitted: 0.
num_chunks_returned_to_freelist: 30.
num_chunks_taken_from_freelist: 4220.
num_chunk_merges: 17.
num_chunk_splits: 2588.
num_chunks_enlarged: 1442.
num_inconsistent_stats: 0.

CodeHeap 'non-profiled nmethods': size=120000Kb used=7045Kb max_used=7045Kb free=112954Kb
 bounds [0x0000023907ad0000, 0x00000239081c0000, 0x000002390f000000]
CodeHeap 'profiled nmethods': size=120000Kb used=22886Kb max_used=22886Kb free=97113Kb
 bounds [0x0000023900000000, 0x0000023901660000, 0x0000023907530000]
CodeHeap 'non-nmethods': size=5760Kb used=1429Kb max_used=1474Kb free=4330Kb
 bounds [0x0000023907530000, 0x00000239077a0000, 0x0000023907ad0000]
CodeCache: size=245760Kb, used=31360Kb, max_used=31405Kb, free=214397Kb
 total_blobs=11086, nmethods=10342, adapters=650, full_count=0
Compilation: enabled, stopped_count=0, restarted_count=0

Compilation events (20 events):
Event: 1317.690 Thread 0x0000023950359fb0 11138       3       java.lang.invoke.LambdaForm$MH/0x00000239106c4000::invoke (42 bytes)
Event: 1317.691 Thread 0x00000239576925c0 nmethod 11128 0x00000239081afa10 code [0x00000239081afc00, 0x00000239081b0570]
Event: 1317.691 Thread 0x00000239576925c0 11101       4       com.google.gson.stream.JsonReader::peek (144 bytes)
Event: 1317.692 Thread 0x0000023950359fb0 nmethod 11138 0x000002390164ef90 code [0x000002390164f220, 0x000002390164ffa0]
Event: 1317.692 Thread 0x0000023950359fb0 11139       3       org.eclipse.jdt.internal.compiler.lookup.PackageBinding::isDeclaredIn (12 bytes)
Event: 1317.693 Thread 0x0000023950359fb0 nmethod 11139 0x0000023901650410 code [0x00000239016505c0, 0x0000023901650730]
Event: 1317.693 Thread 0x00000239576925c0 nmethod 11101 0x00000239081b0a10 code [0x00000239081b0bc0, 0x00000239081b0d70]
Event: 1317.693 Thread 0x00000239576925c0 11112       4       com.google.gson.internal.bind.ArrayTypeAdapter::read (133 bytes)
Event: 1317.704 Thread 0x0000023950359fb0 11140       3       com.google.gson.internal.LinkedTreeMap::<init> (47 bytes)
Event: 1317.704 Thread 0x0000023950359fb0 nmethod 11140 0x0000023901650810 code [0x00000239016509e0, 0x0000023901650d90]
Event: 1317.704 Thread 0x0000023950359fb0 11142       3       org.eclipse.jdt.internal.compiler.lookup.LookupEnvironment::annotateType (151 bytes)
Event: 1317.706 Thread 0x0000023950359fb0 nmethod 11142 0x0000023901650f10 code [0x00000239016511a0, 0x0000023901651e88]
Event: 1317.712 Thread 0x0000023950359fb0 11143       3       org.eclipse.jdt.internal.compiler.lookup.AnnotatableTypeSystem::haveTypeAnnotations (118 bytes)
Event: 1317.713 Thread 0x0000023950359fb0 nmethod 11143 0x0000023901652290 code [0x00000239016524c0, 0x0000023901652c90]
Event: 1317.713 Thread 0x0000023950359fb0 11144       3       org.eclipse.jdt.internal.compiler.lookup.TypeSystem$HashedParameterizedTypes::get (249 bytes)
Event: 1317.715 Thread 0x0000023950359fb0 nmethod 11144 0x0000023901652f90 code [0x0000023901653240, 0x0000023901654448]
Event: 1317.715 Thread 0x0000023950359fb0 11145       3       org.eclipse.jdt.internal.compiler.classfmt.NonNullDefaultAwareTypeAnnotationWalker::updateWalkerForParamNonNullDefault (151 bytes)
Event: 1317.716 Thread 0x0000023950359fb0 nmethod 11145 0x0000023901654a90 code [0x0000023901654d40, 0x0000023901655c90]
Event: 1317.716 Thread 0x0000023950359fb0 11146       3       org.eclipse.jdt.internal.compiler.lookup.LookupEnvironment::getTypeFromVariantTypeSignature (222 bytes)
Event: 1317.718 Thread 0x0000023950359fb0 nmethod 11146 0x0000023901656090 code [0x0000023901656360, 0x0000023901656ea8]

GC Heap History (20 events):
Event: 29.851 GC heap before
{Heap before GC invocations=54 (full 3):
 PSYoungGen      total 23552K, used 23255K [0x00000000d5580000, 0x00000000d6e80000, 0x0000000100000000)
  eden space 22016K, 100% used [0x00000000d5580000,0x00000000d6b00000,0x00000000d6b00000)
  from space 1536K, 80% used [0x00000000d6d00000,0x00000000d6e35d58,0x00000000d6e80000)
  to   space 1536K, 0% used [0x00000000d6b80000,0x00000000d6b80000,0x00000000d6d00000)
 ParOldGen       total 68608K, used 50510K [0x0000000080000000, 0x0000000084300000, 0x00000000d5580000)
  object space 68608K, 73% used [0x0000000080000000,0x0000000083153b60,0x0000000084300000)
 Metaspace       used 59671K, committed 61056K, reserved 1114112K
  class space    used 6385K, committed 6976K, reserved 1048576K
}
Event: 29.854 GC heap after
{Heap after GC invocations=54 (full 3):
 PSYoungGen      total 23552K, used 1207K [0x00000000d5580000, 0x00000000d6e00000, 0x0000000100000000)
  eden space 22016K, 0% used [0x00000000d5580000,0x00000000d5580000,0x00000000d6b00000)
  from space 1536K, 78% used [0x00000000d6b80000,0x00000000d6cadfb0,0x00000000d6d00000)
  to   space 1024K, 0% used [0x00000000d6d00000,0x00000000d6d00000,0x00000000d6e00000)
 ParOldGen       total 68608K, used 51568K [0x0000000080000000, 0x0000000084300000, 0x00000000d5580000)
  object space 68608K, 75% used [0x0000000080000000,0x000000008325c308,0x0000000084300000)
 Metaspace       used 59671K, committed 61056K, reserved 1114112K
  class space    used 6385K, committed 6976K, reserved 1048576K
}
Event: 29.934 GC heap before
{Heap before GC invocations=55 (full 3):
 PSYoungGen      total 23552K, used 23223K [0x00000000d5580000, 0x00000000d6e00000, 0x0000000100000000)
  eden space 22016K, 100% used [0x00000000d5580000,0x00000000d6b00000,0x00000000d6b00000)
  from space 1536K, 78% used [0x00000000d6b80000,0x00000000d6cadfb0,0x00000000d6d00000)
  to   space 1024K, 0% used [0x00000000d6d00000,0x00000000d6d00000,0x00000000d6e00000)
 ParOldGen       total 68608K, used 51568K [0x0000000080000000, 0x0000000084300000, 0x00000000d5580000)
  object space 68608K, 75% used [0x0000000080000000,0x000000008325c308,0x0000000084300000)
 Metaspace       used 59674K, committed 61056K, reserved 1114112K
  class space    used 6385K, committed 6976K, reserved 1048576K
}
Event: 29.938 GC heap after
{Heap after GC invocations=55 (full 3):
 PSYoungGen      total 22016K, used 1002K [0x00000000d5580000, 0x00000000d7100000, 0x0000000100000000)
  eden space 20992K, 0% used [0x00000000d5580000,0x00000000d5580000,0x00000000d6a00000)
  from space 1024K, 97% used [0x00000000d6d00000,0x00000000d6dfaa18,0x00000000d6e00000)
  to   space 3072K, 0% used [0x00000000d6a00000,0x00000000d6a00000,0x00000000d6d00000)
 ParOldGen       total 68608K, used 53062K [0x0000000080000000, 0x0000000084300000, 0x00000000d5580000)
  object space 68608K, 77% used [0x0000000080000000,0x00000000833d1888,0x0000000084300000)
 Metaspace       used 59674K, committed 61056K, reserved 1114112K
  class space    used 6385K, committed 6976K, reserved 1048576K
}
Event: 29.999 GC heap before
{Heap before GC invocations=56 (full 3):
 PSYoungGen      total 22016K, used 21994K [0x00000000d5580000, 0x00000000d7100000, 0x0000000100000000)
  eden space 20992K, 100% used [0x00000000d5580000,0x00000000d6a00000,0x00000000d6a00000)
  from space 1024K, 97% used [0x00000000d6d00000,0x00000000d6dfaa18,0x00000000d6e00000)
  to   space 3072K, 0% used [0x00000000d6a00000,0x00000000d6a00000,0x00000000d6d00000)
 ParOldGen       total 68608K, used 53062K [0x0000000080000000, 0x0000000084300000, 0x00000000d5580000)
  object space 68608K, 77% used [0x0000000080000000,0x00000000833d1888,0x0000000084300000)
 Metaspace       used 59674K, committed 61056K, reserved 1114112K
  class space    used 6385K, committed 6976K, reserved 1048576K
}
Event: 30.002 GC heap after
{Heap after GC invocations=56 (full 3):
 PSYoungGen      total 21504K, used 512K [0x00000000d5580000, 0x00000000d6d80000, 0x0000000100000000)
  eden space 20992K, 0% used [0x00000000d5580000,0x00000000d5580000,0x00000000d6a00000)
  from space 512K, 100% used [0x00000000d6a00000,0x00000000d6a80000,0x00000000d6a80000)
  to   space 1536K, 0% used [0x00000000d6c00000,0x00000000d6c00000,0x00000000d6d80000)
 ParOldGen       total 68608K, used 54091K [0x0000000080000000, 0x0000000084300000, 0x00000000d5580000)
  object space 68608K, 78% used [0x0000000080000000,0x00000000834d2c68,0x0000000084300000)
 Metaspace       used 59674K, committed 61056K, reserved 1114112K
  class space    used 6385K, committed 6976K, reserved 1048576K
}
Event: 30.150 GC heap before
{Heap before GC invocations=57 (full 3):
 PSYoungGen      total 21504K, used 21504K [0x00000000d5580000, 0x00000000d6d80000, 0x0000000100000000)
  eden space 20992K, 100% used [0x00000000d5580000,0x00000000d6a00000,0x00000000d6a00000)
  from space 512K, 100% used [0x00000000d6a00000,0x00000000d6a80000,0x00000000d6a80000)
  to   space 1536K, 0% used [0x00000000d6c00000,0x00000000d6c00000,0x00000000d6d80000)
 ParOldGen       total 68608K, used 54091K [0x0000000080000000, 0x0000000084300000, 0x00000000d5580000)
  object space 68608K, 78% used [0x0000000080000000,0x00000000834d2c68,0x0000000084300000)
 Metaspace       used 59684K, committed 61056K, reserved 1114112K
  class space    used 6385K, committed 6976K, reserved 1048576K
}
Event: 30.156 GC heap after
{Heap after GC invocations=57 (full 3):
 PSYoungGen      total 22016K, used 1534K [0x00000000d5580000, 0x00000000d6f00000, 0x0000000100000000)
  eden space 20480K, 0% used [0x00000000d5580000,0x00000000d5580000,0x00000000d6980000)
  from space 1536K, 99% used [0x00000000d6c00000,0x00000000d6d7fbb8,0x00000000d6d80000)
  to   space 2560K, 0% used [0x00000000d6980000,0x00000000d6980000,0x00000000d6c00000)
 ParOldGen       total 68608K, used 54595K [0x0000000080000000, 0x0000000084300000, 0x00000000d5580000)
  object space 68608K, 79% used [0x0000000080000000,0x0000000083550c68,0x0000000084300000)
 Metaspace       used 59684K, committed 61056K, reserved 1114112K
  class space    used 6385K, committed 6976K, reserved 1048576K
}
Event: 30.318 GC heap before
{Heap before GC invocations=58 (full 3):
 PSYoungGen      total 22016K, used 22014K [0x00000000d5580000, 0x00000000d6f00000, 0x0000000100000000)
  eden space 20480K, 100% used [0x00000000d5580000,0x00000000d6980000,0x00000000d6980000)
  from space 1536K, 99% used [0x00000000d6c00000,0x00000000d6d7fbb8,0x00000000d6d80000)
  to   space 2560K, 0% used [0x00000000d6980000,0x00000000d6980000,0x00000000d6c00000)
 ParOldGen       total 68608K, used 54595K [0x0000000080000000, 0x0000000084300000, 0x00000000d5580000)
  object space 68608K, 79% used [0x0000000080000000,0x0000000083550c68,0x0000000084300000)
 Metaspace       used 59693K, committed 61056K, reserved 1114112K
  class space    used 6385K, committed 6976K, reserved 1048576K
}
Event: 30.322 GC heap after
{Heap after GC invocations=58 (full 3):
 PSYoungGen      total 22016K, used 1132K [0x00000000d5580000, 0x00000000d6c80000, 0x0000000100000000)
  eden space 20480K, 0% used [0x00000000d5580000,0x00000000d5580000,0x00000000d6980000)
  from space 1536K, 73% used [0x00000000d6980000,0x00000000d6a9b3e0,0x00000000d6b00000)
  to   space 1536K, 0% used [0x00000000d6b00000,0x00000000d6b00000,0x00000000d6c80000)
 ParOldGen       total 68608K, used 56134K [0x0000000080000000, 0x0000000084300000, 0x00000000d5580000)
  object space 68608K, 81% used [0x0000000080000000,0x00000000836d1838,0x0000000084300000)
 Metaspace       used 59693K, committed 61056K, reserved 1114112K
  class space    used 6385K, committed 6976K, reserved 1048576K
}
Event: 30.467 GC heap before
{Heap before GC invocations=59 (full 3):
 PSYoungGen      total 22016K, used 21612K [0x00000000d5580000, 0x00000000d6c80000, 0x0000000100000000)
  eden space 20480K, 100% used [0x00000000d5580000,0x00000000d6980000,0x00000000d6980000)
  from space 1536K, 73% used [0x00000000d6980000,0x00000000d6a9b3e0,0x00000000d6b00000)
  to   space 1536K, 0% used [0x00000000d6b00000,0x00000000d6b00000,0x00000000d6c80000)
 ParOldGen       total 68608K, used 56134K [0x0000000080000000, 0x0000000084300000, 0x00000000d5580000)
  object space 68608K, 81% used [0x0000000080000000,0x00000000836d1838,0x0000000084300000)
 Metaspace       used 59696K, committed 61056K, reserved 1114112K
  class space    used 6385K, committed 6976K, reserved 1048576K
}
Event: 30.471 GC heap after
{Heap after GC invocations=59 (full 3):
 PSYoungGen      total 22016K, used 1303K [0x00000000d5580000, 0x00000000d6c80000, 0x0000000100000000)
  eden space 20480K, 0% used [0x00000000d5580000,0x00000000d5580000,0x00000000d6980000)
  from space 1536K, 84% used [0x00000000d6b00000,0x00000000d6c45d68,0x00000000d6c80000)
  to   space 1536K, 0% used [0x00000000d6980000,0x00000000d6980000,0x00000000d6b00000)
 ParOldGen       total 68608K, used 57098K [0x0000000080000000, 0x0000000084300000, 0x00000000d5580000)
  object space 68608K, 83% used [0x0000000080000000,0x00000000837c2990,0x0000000084300000)
 Metaspace       used 59696K, committed 61056K, reserved 1114112K
  class space    used 6385K, committed 6976K, reserved 1048576K
}
Event: 30.617 GC heap before
{Heap before GC invocations=60 (full 3):
 PSYoungGen      total 22016K, used 21783K [0x00000000d5580000, 0x00000000d6c80000, 0x0000000100000000)
  eden space 20480K, 100% used [0x00000000d5580000,0x00000000d6980000,0x00000000d6980000)
  from space 1536K, 84% used [0x00000000d6b00000,0x00000000d6c45d68,0x00000000d6c80000)
  to   space 1536K, 0% used [0x00000000d6980000,0x00000000d6980000,0x00000000d6b00000)
 ParOldGen       total 68608K, used 57098K [0x0000000080000000, 0x0000000084300000, 0x00000000d5580000)
  object space 68608K, 83% used [0x0000000080000000,0x00000000837c2990,0x0000000084300000)
 Metaspace       used 59828K, committed 61184K, reserved 1114112K
  class space    used 6396K, committed 6976K, reserved 1048576K
}
Event: 30.622 GC heap after
{Heap after GC invocations=60 (full 3):
 PSYoungGen      total 22016K, used 1535K [0x00000000d5580000, 0x00000000d7180000, 0x0000000100000000)
  eden space 20480K, 0% used [0x00000000d5580000,0x00000000d5580000,0x00000000d6980000)
  from space 1536K, 99% used [0x00000000d6980000,0x00000000d6afff80,0x00000000d6b00000)
  to   space 4096K, 0% used [0x00000000d6d80000,0x00000000d6d80000,0x00000000d7180000)
 ParOldGen       total 68608K, used 58821K [0x0000000080000000, 0x0000000084300000, 0x00000000d5580000)
  object space 68608K, 85% used [0x0000000080000000,0x0000000083971758,0x0000000084300000)
 Metaspace       used 59828K, committed 61184K, reserved 1114112K
  class space    used 6396K, committed 6976K, reserved 1048576K
}
Event: 1122.159 GC heap before
{Heap before GC invocations=61 (full 3):
 PSYoungGen      total 22016K, used 22015K [0x00000000d5580000, 0x00000000d7180000, 0x0000000100000000)
  eden space 20480K, 100% used [0x00000000d5580000,0x00000000d6980000,0x00000000d6980000)
  from space 1536K, 99% used [0x00000000d6980000,0x00000000d6afff80,0x00000000d6b00000)
  to   space 4096K, 0% used [0x00000000d6d80000,0x00000000d6d80000,0x00000000d7180000)
 ParOldGen       total 68608K, used 58821K [0x0000000080000000, 0x0000000084300000, 0x00000000d5580000)
  object space 68608K, 85% used [0x0000000080000000,0x0000000083971758,0x0000000084300000)
 Metaspace       used 61209K, committed 62656K, reserved 1114112K
  class space    used 6544K, committed 7168K, reserved 1048576K
}
Event: 1122.235 GC heap after
{Heap after GC invocations=61 (full 3):
 PSYoungGen      total 23040K, used 2166K [0x00000000d5580000, 0x00000000d7000000, 0x0000000100000000)
  eden space 20480K, 0% used [0x00000000d5580000,0x00000000d5580000,0x00000000d6980000)
  from space 2560K, 84% used [0x00000000d6d80000,0x00000000d6f9da70,0x00000000d7000000)
  to   space 2560K, 0% used [0x00000000d6b00000,0x00000000d6b00000,0x00000000d6d80000)
 ParOldGen       total 68608K, used 60141K [0x0000000080000000, 0x0000000084300000, 0x00000000d5580000)
  object space 68608K, 87% used [0x0000000080000000,0x0000000083abb768,0x0000000084300000)
 Metaspace       used 61209K, committed 62656K, reserved 1114112K
  class space    used 6544K, committed 7168K, reserved 1048576K
}
Event: 1317.055 GC heap before
{Heap before GC invocations=62 (full 3):
 PSYoungGen      total 23040K, used 22646K [0x00000000d5580000, 0x00000000d7000000, 0x0000000100000000)
  eden space 20480K, 100% used [0x00000000d5580000,0x00000000d6980000,0x00000000d6980000)
  from space 2560K, 84% used [0x00000000d6d80000,0x00000000d6f9da70,0x00000000d7000000)
  to   space 2560K, 0% used [0x00000000d6b00000,0x00000000d6b00000,0x00000000d6d80000)
 ParOldGen       total 68608K, used 60141K [0x0000000080000000, 0x0000000084300000, 0x00000000d5580000)
  object space 68608K, 87% used [0x0000000080000000,0x0000000083abb768,0x0000000084300000)
 Metaspace       used 62463K, committed 63936K, reserved 1114112K
  class space    used 6657K, committed 7296K, reserved 1048576K
}
Event: 1317.070 GC heap after
{Heap after GC invocations=62 (full 3):
 PSYoungGen      total 22528K, used 1929K [0x00000000d5580000, 0x00000000d6e80000, 0x0000000100000000)
  eden space 20480K, 0% used [0x00000000d5580000,0x00000000d5580000,0x00000000d6980000)
  from space 2048K, 94% used [0x00000000d6b00000,0x00000000d6ce27a0,0x00000000d6d00000)
  to   space 1536K, 0% used [0x00000000d6d00000,0x00000000d6d00000,0x00000000d6e80000)
 ParOldGen       total 68608K, used 61593K [0x0000000080000000, 0x0000000084300000, 0x00000000d5580000)
  object space 68608K, 89% used [0x0000000080000000,0x0000000083c265c0,0x0000000084300000)
 Metaspace       used 62463K, committed 63936K, reserved 1114112K
  class space    used 6657K, committed 7296K, reserved 1048576K
}
Event: 1317.430 GC heap before
{Heap before GC invocations=63 (full 3):
 PSYoungGen      total 22528K, used 21550K [0x00000000d5580000, 0x00000000d6e80000, 0x0000000100000000)
  eden space 20480K, 95% used [0x00000000d5580000,0x00000000d68a90e8,0x00000000d6980000)
  from space 2048K, 94% used [0x00000000d6b00000,0x00000000d6ce27a0,0x00000000d6d00000)
  to   space 1536K, 0% used [0x00000000d6d00000,0x00000000d6d00000,0x00000000d6e80000)
 ParOldGen       total 68608K, used 61593K [0x0000000080000000, 0x0000000084300000, 0x00000000d5580000)
  object space 68608K, 89% used [0x0000000080000000,0x0000000083c265c0,0x0000000084300000)
 Metaspace       used 63432K, committed 64960K, reserved 1114112K
  class space    used 6741K, committed 7424K, reserved 1048576K
}
Event: 1317.440 GC heap after
{Heap after GC invocations=63 (full 3):
 PSYoungGen      total 22016K, used 1204K [0x00000000d5580000, 0x00000000d6e80000, 0x0000000100000000)
  eden space 20480K, 0% used [0x00000000d5580000,0x00000000d5580000,0x00000000d6980000)
  from space 1536K, 78% used [0x00000000d6d00000,0x00000000d6e2d220,0x00000000d6e80000)
  to   space 1536K, 0% used [0x00000000d6b80000,0x00000000d6b80000,0x00000000d6d00000)
 ParOldGen       total 72704K, used 72261K [0x0000000080000000, 0x0000000084700000, 0x00000000d5580000)
  object space 72704K, 99% used [0x0000000080000000,0x0000000084691578,0x0000000084700000)
 Metaspace       used 63432K, committed 64960K, reserved 1114112K
  class space    used 6741K, committed 7424K, reserved 1048576K
}

Dll operation events (11 events):
Event: 0.026 Loaded shared library c:\Users\kalra\.vscode\extensions\redhat.java-1.53.0-win32-x64\jre\21.0.10-win32-x86_64\bin\java.dll
Event: 0.241 Loaded shared library c:\Users\kalra\.vscode\extensions\redhat.java-1.53.0-win32-x64\jre\21.0.10-win32-x86_64\bin\zip.dll
Event: 0.294 Loaded shared library C:\Users\kalra\.vscode\extensions\redhat.java-1.53.0-win32-x64\jre\21.0.10-win32-x86_64\bin\instrument.dll
Event: 0.310 Loaded shared library C:\Users\kalra\.vscode\extensions\redhat.java-1.53.0-win32-x64\jre\21.0.10-win32-x86_64\bin\net.dll
Event: 0.322 Loaded shared library C:\Users\kalra\.vscode\extensions\redhat.java-1.53.0-win32-x64\jre\21.0.10-win32-x86_64\bin\nio.dll
Event: 0.330 Loaded shared library C:\Users\kalra\.vscode\extensions\redhat.java-1.53.0-win32-x64\jre\21.0.10-win32-x86_64\bin\zip.dll
Event: 0.387 Loaded shared library C:\Users\kalra\.vscode\extensions\redhat.java-1.53.0-win32-x64\jre\21.0.10-win32-x86_64\bin\jimage.dll
Event: 0.593 Loaded shared library c:\Users\kalra\.vscode\extensions\redhat.java-1.53.0-win32-x64\jre\21.0.10-win32-x86_64\bin\verify.dll
Event: 3.459 Loaded shared library C:\Users\kalra\AppData\Roaming\Code\User\globalStorage\redhat.java\1.53.0\config_win\org.eclipse.equinox.launcher\org.eclipse.equinox.launcher.win32.win32.x86_64_1.3.0.v20260203-2149\eclipse_11919.dll
Event: 9.488 Loaded shared library C:\Users\kalra\AppData\Local\Temp\jna-101813893\jna18092687927730319956.dll
Event: 1316.856 Loaded shared library C:\Users\kalra\.vscode\extensions\redhat.java-1.53.0-win32-x64\jre\21.0.10-win32-x86_64\bin\sunmscapi.dll

Deoptimization events (20 events):
Event: 1317.599 Thread 0x0000023958f6ee60 DEOPT PACKING pc=0x00000239081ac244 sp=0x000000a4f1dfd040
Event: 1317.599 Thread 0x0000023958f6ee60 DEOPT UNPACKING pc=0x0000023907583aa2 sp=0x000000a4f1dfd028 mode 2
Event: 1317.600 Thread 0x0000023958f6ee60 Uncommon trap: trap_request=0xffffffde fr.pc=0x00000239081ac244 relative=0x0000000000001d84
Event: 1317.600 Thread 0x0000023958f6ee60 Uncommon trap: reason=class_check action=maybe_recompile pc=0x00000239081ac244 method=org.eclipse.jdt.internal.core.JavaModelCache.getInfo(Lorg/eclipse/jdt/core/IJavaElement;)Lorg/eclipse/jdt/internal/compiler/env/IElementInfo; @ 118 c2
Event: 1317.600 Thread 0x0000023958f6ee60 DEOPT PACKING pc=0x00000239081ac244 sp=0x000000a4f1dfca40
Event: 1317.600 Thread 0x0000023958f6ee60 DEOPT UNPACKING pc=0x0000023907583aa2 sp=0x000000a4f1dfca28 mode 2
Event: 1317.605 Thread 0x0000023958f6ee60 DEOPT PACKING pc=0x00000239014825e5 sp=0x000000a4f1dfc630
Event: 1317.605 Thread 0x0000023958f6ee60 DEOPT UNPACKING pc=0x0000023907584242 sp=0x000000a4f1dfbad8 mode 0
Event: 1317.614 Thread 0x0000023958f6ee60 Uncommon trap: trap_request=0xffffffd6 fr.pc=0x00000239081695c0 relative=0x00000000000004e0
Event: 1317.614 Thread 0x0000023958f6ee60 Uncommon trap: reason=array_check action=maybe_recompile pc=0x00000239081695c0 method=java.util.TimSort.binarySort([Ljava/lang/Object;IIILjava/util/Comparator;)V @ 215 c2
Event: 1317.614 Thread 0x0000023958f6ee60 DEOPT PACKING pc=0x00000239081695c0 sp=0x000000a4f1dfc660
Event: 1317.614 Thread 0x0000023958f6ee60 DEOPT UNPACKING pc=0x0000023907583aa2 sp=0x000000a4f1dfc5f8 mode 2
Event: 1317.615 Thread 0x0000023958f6ee60 Uncommon trap: trap_request=0xffffffd6 fr.pc=0x00000239081695c0 relative=0x00000000000004e0
Event: 1317.615 Thread 0x0000023958f6ee60 Uncommon trap: reason=array_check action=maybe_recompile pc=0x00000239081695c0 method=java.util.TimSort.binarySort([Ljava/lang/Object;IIILjava/util/Comparator;)V @ 215 c2
Event: 1317.615 Thread 0x0000023958f6ee60 DEOPT PACKING pc=0x00000239081695c0 sp=0x000000a4f1dfc670
Event: 1317.615 Thread 0x0000023958f6ee60 DEOPT UNPACKING pc=0x0000023907583aa2 sp=0x000000a4f1dfc608 mode 2
Event: 1317.661 Thread 0x0000023958f6ee60 DEOPT PACKING pc=0x000002390148256c sp=0x000000a4f1dfd0f0
Event: 1317.661 Thread 0x0000023958f6ee60 DEOPT UNPACKING pc=0x0000023907584242 sp=0x000000a4f1dfc578 mode 0
Event: 1317.704 Thread 0x0000023958f6ee60 DEOPT PACKING pc=0x000002390148256c sp=0x000000a4f1dfd650
Event: 1317.704 Thread 0x0000023958f6ee60 DEOPT UNPACKING pc=0x0000023907584242 sp=0x000000a4f1dfcad8 mode 0

Classes loaded (20 events):
Event: 1317.324 Loading class com/sun/crypto/provider/SymmetricCipher done
Event: 1317.324 Loading class com/sun/crypto/provider/AESCrypt done
Event: 1317.324 Loading class com/sun/crypto/provider/ElectronicCodeBook
Event: 1317.325 Loading class com/sun/crypto/provider/FeedbackCipher
Event: 1317.325 Loading class com/sun/crypto/provider/FeedbackCipher done
Event: 1317.325 Loading class com/sun/crypto/provider/ElectronicCodeBook done
Event: 1317.325 Loading class com/sun/crypto/provider/PKCS5Padding
Event: 1317.325 Loading class com/sun/crypto/provider/Padding
Event: 1317.325 Loading class com/sun/crypto/provider/Padding done
Event: 1317.325 Loading class com/sun/crypto/provider/PKCS5Padding done
Event: 1317.325 Loading class com/sun/crypto/provider/CipherBlockChaining
Event: 1317.326 Loading class com/sun/crypto/provider/CipherBlockChaining done
Event: 1317.328 Loading class javax/crypto/NullCipher
Event: 1317.328 Loading class javax/crypto/NullCipher done
Event: 1317.329 Loading class sun/security/util/ArrayUtil
Event: 1317.330 Loading class sun/security/util/ArrayUtil done
Event: 1317.396 Loading class java/util/zip/CheckedInputStream
Event: 1317.398 Loading class java/util/zip/CheckedInputStream done
Event: 1317.526 Loading class java/util/zip/GZIPInputStream$1
Event: 1317.527 Loading class java/util/zip/GZIPInputStream$1 done

Classes unloaded (10 events):
Event: 11.234 Thread 0x00000239775e3b70 Unloading class 0x00000239101a9400 'java/lang/invoke/LambdaForm$MH+0x00000239101a9400'
Event: 11.234 Thread 0x00000239775e3b70 Unloading class 0x00000239101a9000 'java/lang/invoke/LambdaForm$MH+0x00000239101a9000'
Event: 11.234 Thread 0x00000239775e3b70 Unloading class 0x00000239101a8c00 'java/lang/invoke/LambdaForm$MH+0x00000239101a8c00'
Event: 11.234 Thread 0x00000239775e3b70 Unloading class 0x00000239101a8800 'java/lang/invoke/LambdaForm$MH+0x00000239101a8800'
Event: 11.234 Thread 0x00000239775e3b70 Unloading class 0x00000239101a8400 'java/lang/invoke/LambdaForm$BMH+0x00000239101a8400'
Event: 11.234 Thread 0x00000239775e3b70 Unloading class 0x00000239101a8000 'java/lang/invoke/LambdaForm$DMH+0x00000239101a8000'
Event: 11.234 Thread 0x00000239775e3b70 Unloading class 0x00000239101a6c00 'java/lang/invoke/LambdaForm$DMH+0x00000239101a6c00'
Event: 28.033 Thread 0x00000239775e3b70 Unloading class 0x0000023910601800 'java/lang/invoke/LambdaForm$DMH+0x0000023910601800'
Event: 28.033 Thread 0x00000239775e3b70 Unloading class 0x0000023910601400 'java/lang/invoke/LambdaForm$DMH+0x0000023910601400'
Event: 28.033 Thread 0x00000239775e3b70 Unloading class 0x0000023910601000 'java/lang/invoke/LambdaForm$DMH+0x0000023910601000'

Classes redefined (0 events):
No events

Internal exceptions (20 events):
Event: 29.307 Thread 0x000002395674b040 Exception <a 'sun/nio/fs/WindowsException'{0x00000000d5cd6668}> (0x00000000d5cd6668) 
thrown [s\src\hotspot\share\prims\jni.cpp, line 520]
Event: 29.375 Thread 0x000002395674b040 Exception <a 'java/lang/NoSuchMethodError'{0x00000000d5d51320}: method resolution failed> (0x00000000d5d51320) 
thrown [s\src\hotspot\share\prims\methodHandles.cpp, line 1136]
Event: 29.596 Thread 0x0000023957bc9e40 Exception <a 'java/lang/IncompatibleClassChangeError'{0x00000000d6165c80}: Found class java.lang.Object, but interface was expected> (0x00000000d6165c80) 
thrown [s\src\hotspot\share\interpreter\linkResolver.cpp, line 840]
Event: 29.634 Thread 0x0000023957bc9e40 Implicit null exception at 0x000002390804c67e to 0x0000023908052f8c
Event: 30.774 Thread 0x0000023957bc9e40 Exception <a 'java/lang/NoSuchMethodError'{0x00000000d5bed128}: 'int java.lang.invoke.DirectMethodHandle$Holder.invokeSpecialIFC(java.lang.Object, java.lang.Object, java.lang.Object)'> (0x00000000d5bed128) 
thrown [s\src\hotspot\share\interpreter\linkResolver.cpp, line 773]
Event: 37.245 Thread 0x000002395674d110 Exception <a 'sun/nio/fs/WindowsException'{0x00000000d65a2f00}> (0x00000000d65a2f00) 
thrown [s\src\hotspot\share\prims\jni.cpp, line 520]
Event: 37.245 Thread 0x000002395674d110 Exception <a 'sun/nio/fs/WindowsException'{0x00000000d65a3780}> (0x00000000d65a3780) 
thrown [s\src\hotspot\share\prims\jni.cpp, line 520]
Event: 37.247 Thread 0x000002395674d110 Exception <a 'sun/nio/fs/WindowsException'{0x00000000d65b79d0}> (0x00000000d65b79d0) 
thrown [s\src\hotspot\share\prims\jni.cpp, line 520]
Event: 37.247 Thread 0x000002395674d110 Exception <a 'sun/nio/fs/WindowsException'{0x00000000d65b8240}> (0x00000000d65b8240) 
thrown [s\src\hotspot\share\prims\jni.cpp, line 520]
Event: 1047.077 Thread 0x0000023957bcbf10 Exception <a 'java/lang/IncompatibleClassChangeError'{0x00000000d670c498}: Found class java.lang.Object, but interface was expected> (0x00000000d670c498) 
thrown [s\src\hotspot\share\interpreter\linkResolver.cpp, line 840]
Event: 1316.401 Thread 0x0000023957bcbf10 Exception <a 'java/io/FileNotFoundException'{0x00000000d6290ed8}> (0x00000000d6290ed8) 
thrown [s\src\hotspot\share\prims\jni.cpp, line 520]
Event: 1316.409 Thread 0x0000023957bcbf10 Exception <a 'java/io/FileNotFoundException'{0x00000000d6291ef0}> (0x00000000d6291ef0) 
thrown [s\src\hotspot\share\prims\jni.cpp, line 520]
Event: 1316.723 Thread 0x0000023957bcbf10 Exception <a 'java/lang/IncompatibleClassChangeError'{0x00000000d63e9130}: Found class java.lang.Object, but interface was expected> (0x00000000d63e9130) 
thrown [s\src\hotspot\share\interpreter\linkResolver.cpp, line 840]
Event: 1317.110 Thread 0x0000023957bcbf10 Exception <a 'java/lang/IncompatibleClassChangeError'{0x00000000d55908b8}: Found class java.lang.Object, but interface was expected> (0x00000000d55908b8) 
thrown [s\src\hotspot\share\interpreter\linkResolver.cpp, line 840]
Event: 1317.125 Thread 0x0000023957bcbf10 Exception <a 'java/lang/IncompatibleClassChangeError'{0x00000000d5635968}: Found class java.lang.Object, but interface was expected> (0x00000000d5635968) 
thrown [s\src\hotspot\share\interpreter\linkResolver.cpp, line 840]
Event: 1317.155 Thread 0x0000023957bcbf10 Exception <a 'java/lang/IncompatibleClassChangeError'{0x00000000d56a0f90}: Found class java.lang.Object, but interface was expected> (0x00000000d56a0f90) 
thrown [s\src\hotspot\share\interpreter\linkResolver.cpp, line 840]
Event: 1317.179 Thread 0x0000023958f70f30 Exception <a 'java/lang/NoSuchMethodError'{0x00000000d57b4f58}: 'java.lang.Object java.lang.invoke.DirectMethodHandle$Holder.invokeSpecial(java.lang.Object, java.lang.Object, java.lang.Object, java.lang.Object, int, java.lang.Object, java.lang.Object)'> (0x00000000d57b4f58) 
thrown [s\src\hotspot\share\interpreter\linkResolver.cpp, line 773]
Event: 1317.212 Thread 0x0000023958f708a0 Exception <a 'sun/nio/fs/WindowsException'{0x00000000d596e350}> (0x00000000d596e350) 
thrown [s\src\hotspot\share\prims\jni.cpp, line 520]
Event: 1317.350 Thread 0x0000023958f6ee60 Exception <a 'java/lang/NoSuchMethodError'{0x00000000d5ea28a8}: 'int java.lang.invoke.Invokers$Holder.invokeExact_MT(java.lang.Object, java.lang.Object)'> (0x00000000d5ea28a8) 
thrown [s\src\hotspot\share\interpreter\linkResolver.cpp, line 773]
Event: 1317.484 Thread 0x0000023957bcbf10 Exception <a 'java/lang/IncompatibleClassChangeError'{0x00000000d5dde4b8}: Found class java.lang.Object, but interface was expected> (0x00000000d5dde4b8) 
thrown [s\src\hotspot\share\interpreter\linkResolver.cpp, line 840]

ZGC Phase Switch (0 events):
No events

VM Operations (20 events):
Event: 1228.214 Executing non-safepoint VM operation: RendezvousGCThreads
Event: 1228.214 Executing non-safepoint VM operation: RendezvousGCThreads done
Event: 1288.292 Executing non-safepoint VM operation: HandshakeAllThreads (HandshakeForDeflation)
Event: 1288.292 Executing non-safepoint VM operation: HandshakeAllThreads (HandshakeForDeflation) done
Event: 1288.292 Executing non-safepoint VM operation: RendezvousGCThreads
Event: 1288.292 Executing non-safepoint VM operation: RendezvousGCThreads done
Event: 1315.511 Executing safepoint VM operation: Cleanup
Event: 1315.512 Executing safepoint VM operation: Cleanup done
Event: 1316.526 Executing safepoint VM operation: Cleanup
Event: 1316.527 Executing safepoint VM operation: Cleanup done
Event: 1316.973 Executing non-safepoint VM operation: HandshakeAllThreads (Deoptimize)
Event: 1316.985 Executing non-safepoint VM operation: HandshakeAllThreads (Deoptimize) done
Event: 1317.055 Executing safepoint VM operation: ParallelGCFailedAllocation (Allocation Failure)
Event: 1317.071 Executing safepoint VM operation: ParallelGCFailedAllocation (Allocation Failure) done
Event: 1317.221 Executing non-safepoint VM operation: HandshakeAllThreads (Deoptimize)
Event: 1317.282 Executing non-safepoint VM operation: HandshakeAllThreads (Deoptimize) done
Event: 1317.287 Executing non-safepoint VM operation: HandshakeAllThreads (Deoptimize)
Event: 1317.322 Executing non-safepoint VM operation: HandshakeAllThreads (Deoptimize) done
Event: 1317.429 Executing safepoint VM operation: ParallelGCFailedAllocation (Allocation Failure)
Event: 1317.440 Executing safepoint VM operation: ParallelGCFailedAllocation (Allocation Failure) done

Memory protections (0 events):
No events

Nmethod flushes (20 events):
Event: 28.062 Thread 0x00000239775e3b70 flushing  nmethod 0x0000023900931390
Event: 28.062 Thread 0x00000239775e3b70 flushing  nmethod 0x0000023900931710
Event: 28.062 Thread 0x00000239775e3b70 flushing  nmethod 0x0000023900931f90
Event: 28.062 Thread 0x00000239775e3b70 flushing  nmethod 0x0000023900932490
Event: 28.062 Thread 0x00000239775e3b70 flushing  nmethod 0x0000023900940690
Event: 28.062 Thread 0x00000239775e3b70 flushing  nmethod 0x0000023900941190
Event: 28.062 Thread 0x00000239775e3b70 flushing  nmethod 0x0000023900941510
Event: 28.062 Thread 0x00000239775e3b70 flushing  nmethod 0x0000023900943a90
Event: 28.062 Thread 0x00000239775e3b70 flushing  nmethod 0x0000023900943f10
Event: 28.062 Thread 0x00000239775e3b70 flushing  nmethod 0x0000023900944290
Event: 28.062 Thread 0x00000239775e3b70 flushing  nmethod 0x0000023900944790
Event: 28.062 Thread 0x00000239775e3b70 flushing  nmethod 0x0000023900944b10
Event: 28.062 Thread 0x00000239775e3b70 flushing  nmethod 0x0000023900944f10
Event: 28.062 Thread 0x00000239775e3b70 flushing  nmethod 0x0000023900945490
Event: 28.062 Thread 0x00000239775e3b70 flushing  nmethod 0x0000023900946a90
Event: 28.062 Thread 0x00000239775e3b70 flushing  nmethod 0x0000023900951a10
Event: 28.062 Thread 0x00000239775e3b70 flushing  nmethod 0x0000023900952010
Event: 28.062 Thread 0x00000239775e3b70 flushing  nmethod 0x0000023900953590
Event: 28.062 Thread 0x00000239775e3b70 flushing osr nmethod 0x000002390096e590
Event: 28.062 Thread 0x00000239775e3b70 flushing osr nmethod 0x0000023900977c10

Events (20 events):
Event: 783.595 Thread 0x0000023958f70f30 Thread exited: 0x0000023958f70f30
Event: 1103.182 Thread 0x0000023957bcbf10 Thread added: 0x0000023958f70210
Event: 1121.994 Thread 0x0000023958f70210 Thread added: 0x0000023958f708a0
Event: 1122.145 Thread 0x0000023950359fb0 Thread added: 0x0000023959838800
Event: 1127.529 Thread 0x0000023959838800 Thread exited: 0x0000023959838800
Event: 1182.539 Thread 0x0000023958f70210 Thread exited: 0x0000023958f70210
Event: 1242.548 Thread 0x0000023958f708a0 Thread exited: 0x0000023958f708a0
Event: 1316.491 Thread 0x0000023950359fb0 Thread added: 0x0000023956fc6c70
Event: 1316.612 Thread 0x000002395674b6d0 Thread added: 0x0000023958f715c0
Event: 1316.617 Thread 0x0000023957bcbf10 Thread added: 0x0000023958f70210
Event: 1316.734 Thread 0x0000023958f70210 Thread added: 0x0000023958f708a0
Event: 1317.017 Thread 0x0000023957bcbf10 Thread added: 0x0000023958f6ee60
Event: 1317.027 Thread 0x0000023956fc6c70 Thread exited: 0x0000023956fc6c70
Event: 1317.100 Thread 0x0000023957bcbf10 Thread added: 0x0000023958f70f30
Event: 1317.136 Thread 0x0000023957bcbf10 Thread added: 0x0000023958f71c50
Event: 1317.146 Thread 0x0000023958f71c50 Thread added: 0x0000023957bca4d0
Event: 1317.218 Thread 0x0000023957bca4d0 Thread added: 0x0000023957bcc5a0
Event: 1317.313 Thread 0x0000023957bcc5a0 Thread added: 0x0000023957bccc30
Event: 1317.333 Thread 0x0000023950359fb0 Thread added: 0x0000023957692c90
Event: 1317.674 Thread 0x0000023950359fb0 Thread added: 0x00000239576925c0


Dynamic libraries:
0x00007ff6098c0000 - 0x00007ff6098ce000 	c:\Users\kalra\.vscode\extensions\redhat.java-1.53.0-win32-x64\jre\21.0.10-win32-x86_64\bin\java.exe
0x00007ff8b4ac0000 - 0x00007ff8b4d27000 	C:\WINDOWS\SYSTEM32\ntdll.dll
0x00007ff8b2bb0000 - 0x00007ff8b2c79000 	C:\WINDOWS\System32\KERNEL32.DLL
0x00007ff8b1580000 - 0x00007ff8b1971000 	C:\WINDOWS\System32\KERNELBASE.dll
0x00007ff8b22b0000 - 0x00007ff8b23fb000 	C:\WINDOWS\System32\ucrtbase.dll
0x00007ff86c6d0000 - 0x00007ff86c6e8000 	c:\Users\kalra\.vscode\extensions\redhat.java-1.53.0-win32-x64\jre\21.0.10-win32-x86_64\bin\jli.dll
0x00007ff86c720000 - 0x00007ff86c73e000 	c:\Users\kalra\.vscode\extensions\redhat.java-1.53.0-win32-x64\jre\21.0.10-win32-x86_64\bin\VCRUNTIME140.dll
0x00007ff8b4420000 - 0x00007ff8b45e5000 	C:\WINDOWS\System32\USER32.dll
0x00007ff8b1980000 - 0x00007ff8b19a7000 	C:\WINDOWS\System32\win32u.dll
0x00007ff8b3f40000 - 0x00007ff8b3f6b000 	C:\WINDOWS\System32\GDI32.dll
0x00007ff89a420000 - 0x00007ff89a6b3000 	C:\WINDOWS\WinSxS\amd64_microsoft.windows.common-controls_6595b64144ccf1df_6.0.26100.8037_none_3e092faae333b53b\COMCTL32.dll
0x00007ff8b13a0000 - 0x00007ff8b14cb000 	C:\WINDOWS\System32\gdi32full.dll
0x00007ff8b3f70000 - 0x00007ff8b4019000 	C:\WINDOWS\System32\msvcrt.dll
0x00007ff8b14d0000 - 0x00007ff8b1573000 	C:\WINDOWS\System32\msvcp_win.dll
0x00007ff8b4870000 - 0x00007ff8b48a1000 	C:\WINDOWS\System32\IMM32.DLL
0x00007ff89d450000 - 0x00007ff89d45c000 	c:\Users\kalra\.vscode\extensions\redhat.java-1.53.0-win32-x64\jre\21.0.10-win32-x86_64\bin\vcruntime140_1.dll
0x00007ff833dc0000 - 0x00007ff833e4d000 	c:\Users\kalra\.vscode\extensions\redhat.java-1.53.0-win32-x64\jre\21.0.10-win32-x86_64\bin\msvcp140.dll
0x00007ff818940000 - 0x00007ff8196e1000 	c:\Users\kalra\.vscode\extensions\redhat.java-1.53.0-win32-x64\jre\21.0.10-win32-x86_64\bin\server\jvm.dll
0x00007ff8b4780000 - 0x00007ff8b483b000 	C:\WINDOWS\System32\ADVAPI32.dll
0x00007ff8b3630000 - 0x00007ff8b36d7000 	C:\WINDOWS\System32\sechost.dll
0x00007ff8b2d40000 - 0x00007ff8b2e58000 	C:\WINDOWS\System32\RPCRT4.dll
0x00007ff8b2e60000 - 0x00007ff8b2ed4000 	C:\WINDOWS\System32\WS2_32.dll
0x00007ff8b1200000 - 0x00007ff8b125e000 	C:\WINDOWS\SYSTEM32\POWRPROF.dll
0x00007ff8aa610000 - 0x00007ff8aa645000 	C:\WINDOWS\SYSTEM32\WINMM.dll
0x00007ff8aa600000 - 0x00007ff8aa60b000 	C:\WINDOWS\SYSTEM32\VERSION.dll
0x00007ff8b11e0000 - 0x00007ff8b11f4000 	C:\WINDOWS\SYSTEM32\UMPDC.dll
0x00007ff8b0130000 - 0x00007ff8b014b000 	C:\WINDOWS\SYSTEM32\kernel.appcore.dll
0x00007ff89d410000 - 0x00007ff89d41a000 	c:\Users\kalra\.vscode\extensions\redhat.java-1.53.0-win32-x64\jre\21.0.10-win32-x86_64\bin\jimage.dll
0x00007ff8a5b80000 - 0x00007ff8a5dc2000 	C:\WINDOWS\SYSTEM32\DBGHELP.DLL
0x00007ff8b4080000 - 0x00007ff8b4402000 	C:\WINDOWS\System32\combase.dll
0x00007ff8b3550000 - 0x00007ff8b3627000 	C:\WINDOWS\System32\OLEAUT32.dll
0x00007ff895010000 - 0x00007ff89504b000 	C:\WINDOWS\SYSTEM32\dbgcore.DLL
0x00007ff8b2400000 - 0x00007ff8b24a5000 	C:\WINDOWS\System32\bcryptPrimitives.dll
0x00007ff86c510000 - 0x00007ff86c51f000 	c:\Users\kalra\.vscode\extensions\redhat.java-1.53.0-win32-x64\jre\21.0.10-win32-x86_64\bin\instrument.dll
0x00007ff867940000 - 0x00007ff867960000 	c:\Users\kalra\.vscode\extensions\redhat.java-1.53.0-win32-x64\jre\21.0.10-win32-x86_64\bin\java.dll
0x00007ff8b37d0000 - 0x00007ff8b3f2f000 	C:\WINDOWS\System32\SHELL32.dll
0x00007ff8b26f0000 - 0x00007ff8b285a000 	C:\WINDOWS\System32\wintypes.dll
0x00007ff8b19b0000 - 0x00007ff8b2214000 	C:\WINDOWS\System32\windows.storage.dll
0x00007ff8b4980000 - 0x00007ff8b4a77000 	C:\WINDOWS\System32\SHCORE.dll
0x00007ff8b36e0000 - 0x00007ff8b3747000 	C:\WINDOWS\System32\shlwapi.dll
0x00007ff8b12c0000 - 0x00007ff8b12e9000 	C:\WINDOWS\SYSTEM32\profapi.dll
0x00007ff837d70000 - 0x00007ff837d88000 	c:\Users\kalra\.vscode\extensions\redhat.java-1.53.0-win32-x64\jre\21.0.10-win32-x86_64\bin\zip.dll
0x00007ff868c10000 - 0x00007ff868c20000 	C:\Users\kalra\.vscode\extensions\redhat.java-1.53.0-win32-x64\jre\21.0.10-win32-x86_64\bin\net.dll
0x00007ff8aa810000 - 0x00007ff8aa937000 	C:\WINDOWS\SYSTEM32\WINHTTP.dll
0x00007ff8b06a0000 - 0x00007ff8b070b000 	C:\WINDOWS\system32\mswsock.dll
0x00007ff835710000 - 0x00007ff835726000 	C:\Users\kalra\.vscode\extensions\redhat.java-1.53.0-win32-x64\jre\21.0.10-win32-x86_64\bin\nio.dll
0x00007ff84cdf0000 - 0x00007ff84ce00000 	c:\Users\kalra\.vscode\extensions\redhat.java-1.53.0-win32-x64\jre\21.0.10-win32-x86_64\bin\verify.dll
0x00007ff833d70000 - 0x00007ff833db5000 	C:\Users\kalra\AppData\Roaming\Code\User\globalStorage\redhat.java\1.53.0\config_win\org.eclipse.equinox.launcher\org.eclipse.equinox.launcher.win32.win32.x86_64_1.3.0.v20260203-2149\eclipse_11919.dll
0x00007ff8b2a10000 - 0x00007ff8b2ba5000 	C:\WINDOWS\System32\ole32.dll
0x00007ff8b0980000 - 0x00007ff8b099b000 	C:\WINDOWS\SYSTEM32\CRYPTSP.dll
0x00007ff8b0090000 - 0x00007ff8b00c9000 	C:\WINDOWS\system32\rsaenh.dll
0x00007ff8b0750000 - 0x00007ff8b0782000 	C:\WINDOWS\SYSTEM32\USERENV.dll
0x00007ff8b1290000 - 0x00007ff8b12ba000 	C:\WINDOWS\SYSTEM32\bcrypt.dll
0x00007ff8b09a0000 - 0x00007ff8b09ac000 	C:\WINDOWS\SYSTEM32\CRYPTBASE.dll
0x00007ff8afb20000 - 0x00007ff8afb53000 	C:\WINDOWS\SYSTEM32\IPHLPAPI.DLL
0x00007ff8b45f0000 - 0x00007ff8b45fa000 	C:\WINDOWS\System32\NSI.dll
0x00007ff835870000 - 0x00007ff8358b9000 	C:\Users\kalra\AppData\Local\Temp\jna-101813893\jna18092687927730319956.dll
0x00007ff8b2c80000 - 0x00007ff8b2c88000 	C:\WINDOWS\System32\PSAPI.DLL
0x00007ff8ac410000 - 0x00007ff8ac42d000 	C:\WINDOWS\SYSTEM32\dhcpcsvc6.DLL
0x00007ff8ac300000 - 0x00007ff8ac323000 	C:\WINDOWS\SYSTEM32\dhcpcsvc.DLL
0x00007ff86f860000 - 0x00007ff86f86e000 	C:\Users\kalra\.vscode\extensions\redhat.java-1.53.0-win32-x64\jre\21.0.10-win32-x86_64\bin\sunmscapi.dll
0x00007ff8b24b0000 - 0x00007ff8b2627000 	C:\WINDOWS\System32\CRYPT32.dll
0x00007ff8b0ba0000 - 0x00007ff8b0bd0000 	C:\WINDOWS\SYSTEM32\ncrypt.dll
0x00007ff8b0b50000 - 0x00007ff8b0b8f000 	C:\WINDOWS\SYSTEM32\NTASN1.dll

JVMTI agents:
c:\Users\kalra\.vscode\extensions\redhat.java-1.53.0-win32-x64\lombok\lombok-1.18.39-4050.jar path:c:\Users\kalra\.vscode\extensions\redhat.java-1.53.0-win32-x64\jre\21.0.10-win32-x86_64\bin\instrument.dll, loaded, initialized, instrumentlib options:none

dbghelp: loaded successfully - version: 4.0.5 - missing functions: none
symbol engine: initialized successfully - sym options: 0x614 - pdb path: .;c:\Users\kalra\.vscode\extensions\redhat.java-1.53.0-win32-x64\jre\21.0.10-win32-x86_64\bin;C:\WINDOWS\SYSTEM32;C:\WINDOWS\WinSxS\amd64_microsoft.windows.common-controls_6595b64144ccf1df_6.0.26100.8037_none_3e092faae333b53b;c:\Users\kalra\.vscode\extensions\redhat.java-1.53.0-win32-x64\jre\21.0.10-win32-x86_64\bin\server;C:\Users\kalra\AppData\Roaming\Code\User\globalStorage\redhat.java\1.53.0\config_win\org.eclipse.equinox.launcher\org.eclipse.equinox.launcher.win32.win32.x86_64_1.3.0.v20260203-2149;C:\Users\kalra\AppData\Local\Temp\jna-101813893

VM Arguments:
jvm_args: --add-modules=ALL-SYSTEM --add-opens=java.base/java.util=ALL-UNNAMED --add-opens=java.base/java.lang=ALL-UNNAMED --add-opens=java.base/sun.nio.fs=ALL-UNNAMED -Declipse.application=org.eclipse.jdt.ls.core.id1 -Dosgi.bundles.defaultStartLevel=4 -Declipse.product=org.eclipse.jdt.ls.core.product -Djava.import.generatesMetadataFilesAtProjectRoot=false -DDetectVMInstallationsJob.disabled=true -Dfile.encoding=utf8 -XX:+UseParallelGC -XX:GCTimeRatio=4 -XX:AdaptiveSizePolicyWeight=90 -Dsun.zip.disableMemoryMapping=true -Xmx2G -Xms100m -Xlog:disable -javaagent:c:\Users\kalra\.vscode\extensions\redhat.java-1.53.0-win32-x64\lombok\lombok-1.18.39-4050.jar -XX:+HeapDumpOnOutOfMemoryError -XX:HeapDumpPath=c:\Users\kalra\AppData\Roaming\Code\User\workspaceStorage\4fda5c3b26c15e0cb27154c0e992db6d\redhat.java -Daether.dependencyCollector.impl=bf 
java_command: c:\Users\kalra\.vscode\extensions\redhat.java-1.53.0-win32-x64\server\plugins\org.eclipse.equinox.launcher_1.7.100.v20251111-0406.jar -configuration c:\Users\kalra\AppData\Roaming\Code\User\globalStorage\redhat.java\1.53.0\config_win -data c:\Users\kalra\AppData\Roaming\Code\User\workspaceStorage\4fda5c3b26c15e0cb27154c0e992db6d\redhat.java\jdt_ws --pipe=\\.\pipe\lsp-8d9e0b81d2f5f8ab441a5d3029410920-sock
java_class_path (initial): c:\Users\kalra\.vscode\extensions\redhat.java-1.53.0-win32-x64\server\plugins\org.eclipse.equinox.launcher_1.7.100.v20251111-0406.jar
Launcher Type: SUN_STANDARD

[Global flags]
    uintx AdaptiveSizePolicyWeight                 = 90                                        {product} {command line}
     intx CICompilerCount                          = 4                                         {product} {ergonomic}
    uintx GCTimeRatio                              = 4                                         {product} {command line}
     bool HeapDumpOnOutOfMemoryError               = true                                   {manageable} {command line}
    ccstr HeapDumpPath                             = c:\Users\kalra\AppData\Roaming\Code\User\workspaceStorage\4fda5c3b26c15e0cb27154c0e992db6d\redhat.java         {manageable} {command line}
   size_t InitialHeapSize                          = 104857600                                 {product} {command line}
   size_t MaxHeapSize                              = 2147483648                                {product} {command line}
   size_t MaxNewSize                               = 715653120                                 {product} {ergonomic}
   size_t MinHeapDeltaBytes                        = 524288                                    {product} {ergonomic}
   size_t MinHeapSize                              = 104857600                                 {product} {command line}
   size_t NewSize                                  = 34603008                                  {product} {ergonomic}
    uintx NonNMethodCodeHeapSize                   = 5839372                                {pd product} {ergonomic}
    uintx NonProfiledCodeHeapSize                  = 122909434                              {pd product} {ergonomic}
   size_t OldSize                                  = 70254592                                  {product} {ergonomic}
    uintx ProfiledCodeHeapSize                     = 122909434                              {pd product} {ergonomic}
    uintx ReservedCodeCacheSize                    = 251658240                              {pd product} {ergonomic}
     bool SegmentedCodeCache                       = true                                      {product} {ergonomic}
   size_t SoftMaxHeapSize                          = 2147483648                             {manageable} {ergonomic}
     bool UseCompressedOops                        = true                           {product lp64_product} {ergonomic}
     bool UseLargePagesIndividualAllocation        = false                                  {pd product} {ergonomic}
     bool UseParallelGC                            = true                                      {product} {command line}

Logging:
Log output configuration:
 #0: stdout all=off uptime,level,tags foldmultilines=false
 #1: stderr all=off uptime,level,tags foldmultilines=false

Release file:
JAVA_VERSION="21.0.10" 
MODULES="java.base java.compiler java.datatransfer java.xml java.prefs java.desktop java.instrument java.logging java.management java.security.sasl java.naming java.rmi java.management.rmi java.net.http java.scripting java.security.jgss java.transaction.xa java.sql java.sql.rowset java.xml.crypto java.se java.smartcardio jdk.accessibility jdk.internal.jvmstat jdk.attach jdk.charsets jdk.internal.opt jdk.zipfs jdk.compiler jdk.crypto.ec jdk.crypto.cryptoki jdk.crypto.mscapi jdk.dynalink jdk.internal.ed jdk.editpad jdk.hotspot.agent jdk.httpserver jdk.internal.le jdk.internal.vm.ci jdk.internal.vm.compiler jdk.internal.vm.compiler.management jdk.jartool jdk.javadoc jdk.jcmd jdk.management jdk.management.agent jdk.jconsole jdk.jdeps jdk.jdwp.agent jdk.jdi jdk.jfr jdk.jshell jdk.jsobject jdk.jstatd jdk.localedata jdk.management.jfr jdk.naming.dns jdk.naming.rmi jdk.net jdk.nio.mapmode jdk.random jdk.sctp jdk.security.auth jdk.security.jgss jdk.unsupported jdk.unsupported.desktop jdk.xml.dom" 

Environment Variables:
PATH=C:\Users\kalra\AppData\Local\Programs\Microsoft VS Code;C:\Python314\Scripts\;C:\Python314\;C:\Program Files\nodejs\;C:\ProgramData\chocolatey\bin;D:\Git\cmd;C:\Users\kalra\AppData\Local\Programs\Python\Python313\Scripts\;C:\Users\kalra\AppData\Local\Programs\Python\Python313\;C:\Program Files\MySQL\MySQL Shell 8.0\bin\;C:\Users\kalra\AppData\Local\Programs\Python\Python312\Scripts\;C:\Users\kalra\AppData\Local\Programs\Python\Python312\;C:\Users\kalra\AppData\Local\Microsoft\WindowsApps;C:\Users\kalra\AppData\Local\Programs\Microsoft VS Code\bin;C:\Program Files\Azure Data Studio\bin;%JAVA_HOME%\bin;C:\Program Files\Maven\apache-maven-3.9.11\bin;C:\Program Files\MySQL\MySQL Server 8.0\bin;C:\Users\kalra\AppData\Roaming\npm;C:\Users\kalra\Downloads\flutter_windows_3.41.4-stable\flutter\bin;C:\Windows\System32;C:\Program Files\Git\cmd;C:\Windows\System32\WindowsPowerShell\v1.0\;
USERNAME=kalra
OS=Windows_NT
PROCESSOR_IDENTIFIER=AMD64 Family 23 Model 104 Stepping 1, AuthenticAMD
TMP=C:\Users\kalra\AppData\Local\Temp
TEMP=C:\Users\kalra\AppData\Local\Temp




Periodic native trim disabled

---------------  S Y S T E M  ---------------

OS:
 Windows 11 , 64 bit Build 26100 (10.0.26100.7920)
OS uptime: 0 days 13:36 hours
Hyper-V role detected

CPU: total 12 (initial active 12) (12 cores per cpu, 2 threads per core) family 23 model 104 stepping 1 microcode 0x8608107, cx8, cmov, fxsr, ht, mmx, 3dnowpref, sse, sse2, sse3, ssse3, sse4a, sse4.1, sse4.2, popcnt, lzcnt, tsc, tscinvbit, avx, avx2, aes, clmul, bmi1, bmi2, adx, sha, fma, vzeroupper, clflush, clflushopt, hv, rdtscp, rdpid, f16c
Processor Information for the first 12 processors :
  Max Mhz: 2100, Current Mhz: 2100, Mhz Limit: 2100

Memory: 4k page, system-wide physical 7501M (589M free)
TotalPageFile size 16264M (AvailPageFile size 2M)
current process WorkingSet (physical memory assigned to process): 261M, peak: 302M
current process commit charge ("private bytes"): 421M, peak: 1674M

vm_info: OpenJDK 64-Bit Server VM (21.0.10+7-LTS) for windows-amd64 JRE (21.0.10+7-LTS), built on 2026-01-20T00:00:00Z by "admin" with MS VC++ 17.12 (VS2022)

END.
