#
# There is insufficient memory for the Java Runtime Environment to continue.
# Native memory allocation (malloc) failed to allocate 47312 bytes. Error detail: Chunk::new
# Possible reasons:
#   The system is out of physical RAM or swap space
#   This process is running with CompressedOops enabled, and the Java Heap may be blocking the growth of the native heap
# Possible solutions:
#   Reduce memory load on the system
#   Increase physical memory or swap space
#   Check if swap backing store is full
#   Decrease Java heap size (-Xmx/-Xms)
#   Decrease number of Java threads
#   Decrease Java thread stack sizes (-Xss)
#   Set larger code cache with -XX:ReservedCodeCacheSize=
#   JVM is running with Unscaled Compressed Oops mode in which the Java heap is
#     placed in the first 4GB address space. The Java Heap base address is the
#     maximum limit for the native heap growth. Please use -XX:HeapBaseMinAddress
#     to set the Java Heap base and to place the Java Heap above 4GB virtual address.
# This output file may be truncated or incomplete.
#
#  Out of Memory Error (arena.cpp:168), pid=14464, tid=27216
#
# JRE version: OpenJDK Runtime Environment Temurin-21.0.10+7 (21.0.10+7) (build 21.0.10+7-LTS)
# Java VM: OpenJDK 64-Bit Server VM Temurin-21.0.10+7 (21.0.10+7-LTS, mixed mode, sharing, tiered, compressed oops, compressed class ptrs, parallel gc, windows-amd64)
# No core dump will be written. Minidumps are not enabled by default on client versions of Windows
#

---------------  S U M M A R Y ------------

Command Line: --add-modules=ALL-SYSTEM --add-opens=java.base/java.util=ALL-UNNAMED --add-opens=java.base/java.lang=ALL-UNNAMED --add-opens=java.base/sun.nio.fs=ALL-UNNAMED -Declipse.application=org.eclipse.jdt.ls.core.id1 -Dosgi.bundles.defaultStartLevel=4 -Declipse.product=org.eclipse.jdt.ls.core.product -Djava.import.generatesMetadataFilesAtProjectRoot=false -DDetectVMInstallationsJob.disabled=true -Dfile.encoding=utf8 -XX:+UseParallelGC -XX:GCTimeRatio=4 -XX:AdaptiveSizePolicyWeight=90 -Dsun.zip.disableMemoryMapping=true -Xmx2G -Xms100m -Xlog:disable -javaagent:c:\Users\kalra\.vscode\extensions\redhat.java-1.53.0-win32-x64\lombok\lombok-1.18.39-4050.jar -XX:+HeapDumpOnOutOfMemoryError -XX:HeapDumpPath=c:\Users\kalra\AppData\Roaming\Code\User\workspaceStorage\4fda5c3b26c15e0cb27154c0e992db6d\redhat.java -Daether.dependencyCollector.impl=bf c:\Users\kalra\.vscode\extensions\redhat.java-1.53.0-win32-x64\server\plugins\org.eclipse.equinox.launcher_1.7.100.v20251111-0406.jar -configuration c:\Users\kalra\AppData\Roaming\Code\User\globalStorage\redhat.java\1.53.0\config_win -data c:\Users\kalra\AppData\Roaming\Code\User\workspaceStorage\4fda5c3b26c15e0cb27154c0e992db6d\redhat.java\jdt_ws --pipe=\\.\pipe\lsp-7e2ee46a1ba1aefea8206393c08a208e-sock

Host: AMD Ryzen 5 5500U with Radeon Graphics         , 12 cores, 7G,  Windows 11 , 64 bit Build 26100 (10.0.26100.7920)
Time: Thu Mar 26 21:35:12 2026 India Standard Time elapsed time: 6.556383 seconds (0d 0h 0m 6s)

---------------  T H R E A D  ---------------

Current thread (0x000001ddda56a330):  JavaThread "C2 CompilerThread0" daemon [_thread_in_native, id=27216, stack(0x000000d532800000,0x000000d532900000) (1024K)]


Current CompileTask:
C2:6556 3100 %     4       sun.security.provider.SHA::implCompress0 @ 27 (478 bytes)

Stack: [0x000000d532800000,0x000000d532900000]
Native frames: (J=compiled Java code, j=interpreted, Vv=VM code, C=native code)
V  [jvm.dll+0x6d7a39]
V  [jvm.dll+0x8b4b26]
V  [jvm.dll+0x8b70de]
V  [jvm.dll+0x8b77c3]
V  [jvm.dll+0x284346]
V  [jvm.dll+0xc66ed]
V  [jvm.dll+0xc6c31]
V  [jvm.dll+0x14214f]
V  [jvm.dll+0x666573]
V  [jvm.dll+0x664a7b]
V  [jvm.dll+0x24c3db]
V  [jvm.dll+0x24bb40]
V  [jvm.dll+0x1cb34e]
V  [jvm.dll+0x25b85d]
V  [jvm.dll+0x259dea]
V  [jvm.dll+0x3f857e]
V  [jvm.dll+0x85f59d]
V  [jvm.dll+0x6d626d]
C  [ucrtbase.dll+0x37b0]
C  [KERNEL32.DLL+0x2e8d7]
C  [ntdll.dll+0x8c48c]


---------------  P R O C E S S  ---------------

Threads class SMR info:
_java_thread_list=0x000001ddf2574de0, length=18, elements={
0x000001ddd801d880, 0x000001ddda45c840, 0x000001ddda45d660, 0x000001ddda555ae0,
0x000001ddda556ce0, 0x000001ddda55aac0, 0x000001ddda55f880, 0x000001ddda56a330,
0x000001ddf21dda40, 0x000001ddf23ef640, 0x000001ddf252f440, 0x000001ddf3881310,
0x000001ddf8250530, 0x000001ddf38925d0, 0x000001ddf383b530, 0x000001ddf808dee0,
0x000001ddf84312d0, 0x000001ddf23ea900
}

Java Threads: ( => current thread )
  0x000001ddd801d880 JavaThread "main"                              [_thread_blocked, id=26216, stack(0x000000d531e00000,0x000000d531f00000) (1024K)]
  0x000001ddda45c840 JavaThread "Reference Handler"          daemon [_thread_blocked, id=19592, stack(0x000000d532200000,0x000000d532300000) (1024K)]
  0x000001ddda45d660 JavaThread "Finalizer"                  daemon [_thread_blocked, id=2256, stack(0x000000d532300000,0x000000d532400000) (1024K)]
  0x000001ddda555ae0 JavaThread "Signal Dispatcher"          daemon [_thread_blocked, id=21892, stack(0x000000d532400000,0x000000d532500000) (1024K)]
  0x000001ddda556ce0 JavaThread "Attach Listener"            daemon [_thread_blocked, id=14648, stack(0x000000d532500000,0x000000d532600000) (1024K)]
  0x000001ddda55aac0 JavaThread "Service Thread"             daemon [_thread_blocked, id=11140, stack(0x000000d532600000,0x000000d532700000) (1024K)]
  0x000001ddda55f880 JavaThread "Monitor Deflation Thread"   daemon [_thread_blocked, id=8912, stack(0x000000d532700000,0x000000d532800000) (1024K)]
=>0x000001ddda56a330 JavaThread "C2 CompilerThread0"         daemon [_thread_in_native, id=27216, stack(0x000000d532800000,0x000000d532900000) (1024K)]
  0x000001ddf21dda40 JavaThread "C1 CompilerThread0"         daemon [_thread_blocked, id=2676, stack(0x000000d532900000,0x000000d532a00000) (1024K)]
  0x000001ddf23ef640 JavaThread "Common-Cleaner"             daemon [_thread_blocked, id=4588, stack(0x000000d532b00000,0x000000d532c00000) (1024K)]
  0x000001ddf252f440 JavaThread "Notification Thread"        daemon [_thread_blocked, id=5132, stack(0x000000d532c00000,0x000000d532d00000) (1024K)]
  0x000001ddf3881310 JavaThread "Active Thread: Equinox Container: 3fc27454-cd9c-47fd-a3e4-85d313363151"        [_thread_blocked, id=11540, stack(0x000000d533400000,0x000000d533500000) (1024K)]
  0x000001ddf8250530 JavaThread "Refresh Thread: Equinox Container: 3fc27454-cd9c-47fd-a3e4-85d313363151" daemon [_thread_blocked, id=22108, stack(0x000000d533600000,0x000000d533700000) (1024K)]
  0x000001ddf38925d0 JavaThread "Framework Event Dispatcher: Equinox Container: 3fc27454-cd9c-47fd-a3e4-85d313363151" daemon [_thread_blocked, id=27044, stack(0x000000d533700000,0x000000d533800000) (1024K)]
  0x000001ddf383b530 JavaThread "Start Level: Equinox Container: 3fc27454-cd9c-47fd-a3e4-85d313363151" daemon [_thread_in_vm, id=24132, stack(0x000000d533800000,0x000000d533900000) (1024K)]
  0x000001ddf808dee0 JavaThread "Bundle File Closer"         daemon [_thread_blocked, id=13972, stack(0x000000d533a00000,0x000000d533b00000) (1024K)]
  0x000001ddf84312d0 JavaThread "SCR Component Actor"        daemon [_thread_blocked, id=16420, stack(0x000000d532a00000,0x000000d532b00000) (1024K)]
  0x000001ddf23ea900 JavaThread "Worker-JM"                         [_thread_blocked, id=19668, stack(0x000000d533b00000,0x000000d533c00000) (1024K)]
Total: 18

Other Threads:
  0x000001ddda444150 VMThread "VM Thread"                           [id=23776, stack(0x000000d532100000,0x000000d532200000) (1024K)]
  0x000001ddda33ca00 WatcherThread "VM Periodic Task Thread"        [id=11668, stack(0x000000d532000000,0x000000d532100000) (1024K)]
  0x000001ddda4cc7b0 WorkerThread "GC Thread#0"                     [id=8460, stack(0x000000d531f00000,0x000000d532000000) (1024K)]
  0x000001ddf395ace0 WorkerThread "GC Thread#1"                     [id=2784, stack(0x000000d532e00000,0x000000d532f00000) (1024K)]
  0x000001ddf395b090 WorkerThread "GC Thread#2"                     [id=11844, stack(0x000000d532f00000,0x000000d533000000) (1024K)]
  0x000001ddf395b440 WorkerThread "GC Thread#3"                     [id=24792, stack(0x000000d533000000,0x000000d533100000) (1024K)]
  0x000001ddf38e6f60 WorkerThread "GC Thread#4"                     [id=10640, stack(0x000000d533100000,0x000000d533200000) (1024K)]
  0x000001ddf38e7310 WorkerThread "GC Thread#5"                     [id=25340, stack(0x000000d533200000,0x000000d533300000) (1024K)]
  0x000001ddf38e76c0 WorkerThread "GC Thread#6"                     [id=6060, stack(0x000000d533300000,0x000000d533400000) (1024K)]
  0x000001ddf80946e0 WorkerThread "GC Thread#7"                     [id=3428, stack(0x000000d533500000,0x000000d533600000) (1024K)]
  0x000001ddf8829c20 WorkerThread "GC Thread#8"                     [id=25856, stack(0x000000d532d00000,0x000000d532e00000) (1024K)]
  0x000001ddf326a650 WorkerThread "GC Thread#9"                     [id=3348, stack(0x000000d533900000,0x000000d533a00000) (1024K)]
Total: 12

Threads with active compile tasks:
C2 CompilerThread0  6586 3100 %     4       sun.security.provider.SHA::implCompress0 @ 27 (478 bytes)
C1 CompilerThread0  6586 3141       3       java.util.ImmutableCollections$SetN::<init> (90 bytes)
Total: 2

VM state: not at safepoint (normal execution)

VM Mutex/Monitor currently owned by a thread: None

OutOfMemory and StackOverflow Exception counts:
OutOfMemoryError java_heap_errors=1
LinkageErrors=49

Heap address: 0x0000000080000000, size: 2048 MB, Compressed Oops mode: 32-bit

CDS archive(s) mapped at: [0x000001dd80000000-0x000001dd80ba0000-0x000001dd80ba0000), size 12189696, SharedBaseAddress: 0x000001dd80000000, ArchiveRelocationMode: 1.
Compressed class space mapped at: 0x000001dd81000000-0x000001ddc1000000, reserved size: 1073741824
Narrow klass base: 0x000001dd80000000, Narrow klass shift: 0, Narrow klass range: 0x100000000

GC Precious Log:
 CardTable entry size: 512
 CPUs: 12 total, 12 available
 Memory: 7501M
 Large Page Support: Disabled
 NUMA Support: Disabled
 Compressed Oops: Enabled (32-bit)
 Alignments: Space 512K, Generation 512K, Heap 2M
 Heap Min Capacity: 100M
 Heap Initial Capacity: 100M
 Heap Max Capacity: 2G
 Pre-touch: Disabled
 Parallel Workers: 10

Heap:
 PSYoungGen      total 29184K, used 11067K [0x00000000d5580000, 0x00000000d7a00000, 0x0000000100000000)
  eden space 25088K, 27% used [0x00000000d5580000,0x00000000d5c53810,0x00000000d6e00000)
  from space 4096K, 99% used [0x00000000d6e80000,0x00000000d727b440,0x00000000d7280000)
  to   space 6144K, 0% used [0x00000000d7400000,0x00000000d7400000,0x00000000d7a00000)
 ParOldGen       total 68608K, used 8316K [0x0000000080000000, 0x0000000084300000, 0x00000000d5580000)
  object space 68608K, 12% used [0x0000000080000000,0x000000008081f2e0,0x0000000084300000)
 Metaspace       used 16469K, committed 17088K, reserved 1114112K
  class space    used 1711K, committed 1984K, reserved 1048576K

Card table byte_map: [0x000001ddd9e50000,0x000001ddda260000] _byte_map_base: 0x000001ddd9a50000

Marking Bits: (ParMarkBitMap*) 0x00007ff827173450
 Begin Bits: [0x000001ddec960000, 0x000001ddee960000)
 End Bits:   [0x000001ddee960000, 0x000001ddf0960000)

Polling page: 0x000001ddd8520000

Metaspace:

Usage:
  Non-class:     14.41 MB used.
      Class:      1.67 MB used.
       Both:     16.08 MB used.

Virtual space:
  Non-class space:       64.00 MB reserved,      14.75 MB ( 23%) committed,  1 nodes.
      Class space:        1.00 GB reserved,       1.94 MB ( <1%) committed,  1 nodes.
             Both:        1.06 GB reserved,      16.69 MB (  2%) committed. 

Chunk freelists:
   Non-Class:  544.00 KB
       Class:  13.92 MB
        Both:  14.45 MB

MaxMetaspaceSize: unlimited
CompressedClassSpaceSize: 1.00 GB
Initial GC threshold: 21.00 MB
Current GC threshold: 21.00 MB
CDS: on
 - commit_granule_bytes: 65536.
 - commit_granule_words: 8192.
 - virtual_space_node_default_size: 8388608.
 - enlarge_chunks_in_place: 1.
 - use_allocation_guard: 0.


Internal statistics:

num_allocs_failed_limit: 0.
num_arena_births: 466.
num_arena_deaths: 0.
num_vsnodes_births: 2.
num_vsnodes_deaths: 0.
num_space_committed: 267.
num_space_uncommitted: 0.
num_chunks_returned_to_freelist: 0.
num_chunks_taken_from_freelist: 1046.
num_chunk_merges: 0.
num_chunk_splits: 664.
num_chunks_enlarged: 425.
num_inconsistent_stats: 0.

CodeHeap 'non-profiled nmethods': size=120000Kb used=1375Kb max_used=1375Kb free=118624Kb
 bounds [0x000001dde5180000, 0x000001dde53f0000, 0x000001ddec6b0000]
CodeHeap 'profiled nmethods': size=120000Kb used=6280Kb max_used=6280Kb free=113719Kb
 bounds [0x000001dddd6b0000, 0x000001ddddce0000, 0x000001dde4be0000]
CodeHeap 'non-nmethods': size=5760Kb used=1273Kb max_used=1283Kb free=4486Kb
 bounds [0x000001dde4be0000, 0x000001dde4e50000, 0x000001dde5180000]
CodeCache: size=245760Kb, used=8928Kb, max_used=8938Kb, free=236829Kb
 total_blobs=3684, nmethods=3134, adapters=456, full_count=0
Compilation: enabled, stopped_count=0, restarted_count=0

Compilation events (20 events):
Event: 6.535 Thread 0x000001ddf21dda40 nmethod 3103 0x000001ddddcbf810 code [0x000001ddddcbf9e0, 0x000001ddddcbfbe8]
Event: 6.535 Thread 0x000001ddf21dda40 3104       3       sun.nio.fs.WindowsPath::getFileName (87 bytes)
Event: 6.537 Thread 0x000001ddf21dda40 nmethod 3104 0x000001ddddcbfd10 code [0x000001ddddcbffc0, 0x000001ddddcc0ce0]
Event: 6.537 Thread 0x000001ddf21dda40 3105   !   3       sun.nio.fs.WindowsNativeDispatcher::FindNextFile (30 bytes)
Event: 6.537 Thread 0x000001ddf21dda40 nmethod 3105 0x000001ddddcc1210 code [0x000001ddddcc13e0, 0x000001ddddcc15d8]
Event: 6.537 Thread 0x000001ddf21dda40 3107   !   3       sun.nio.fs.WindowsDirectoryStream$WindowsDirectoryIterator::readNextEntry (192 bytes)
Event: 6.539 Thread 0x000001ddf21dda40 nmethod 3107 0x000001ddddcc1710 code [0x000001ddddcc19e0, 0x000001ddddcc24c0]
Event: 6.539 Thread 0x000001ddf21dda40 3106  s    3       sun.nio.fs.WindowsDirectoryStream$WindowsDirectoryIterator::hasNext (35 bytes)
Event: 6.540 Thread 0x000001ddf21dda40 nmethod 3106 0x000001ddddcc2b10 code [0x000001ddddcc2cc0, 0x000001ddddcc2fa0]
Event: 6.540 Thread 0x000001ddf21dda40 3108       3       sun.nio.fs.WindowsFileAttributes::fromFindData (127 bytes)
Event: 6.540 Thread 0x000001ddf21dda40 nmethod 3108 0x000001ddddcc3090 code [0x000001ddddcc32a0, 0x000001ddddcc38c0]
Event: 6.540 Thread 0x000001ddf21dda40 3110       3       java.lang.invoke.MethodTypeForm::<init> (322 bytes)
Event: 6.543 Thread 0x000001ddf21dda40 nmethod 3110 0x000001ddddcc3b90 code [0x000001ddddcc3e80, 0x000001ddddcc52f8]
Event: 6.543 Thread 0x000001ddf21dda40 3109   !   3       sun.nio.fs.WindowsDirectoryStream$WindowsDirectoryIterator::acceptEntry (71 bytes)
Event: 6.545 Thread 0x000001ddf21dda40 nmethod 3109 0x000001ddddcc5910 code [0x000001ddddcc5b60, 0x000001ddddcc6300]
Event: 6.545 Thread 0x000001ddf21dda40 3112   !   3       java.lang.invoke.MethodHandles$Lookup$ClassDefiner::defineClass (213 bytes)
Event: 6.546 Thread 0x000001ddf21dda40 nmethod 3112 0x000001ddddcc6710 code [0x000001ddddcc69a0, 0x000001ddddcc7448]
Event: 6.546 Thread 0x000001ddf21dda40 3113       3       java.lang.System$2::defineClass (21 bytes)
Event: 6.547 Thread 0x000001ddf21dda40 nmethod 3113 0x000001ddddcc7990 code [0x000001ddddcc7b40, 0x000001ddddcc7cb8]
Event: 6.553 Thread 0x000001ddf21dda40 3115       1       java.lang.Class::getClassLoader0 (5 bytes)

GC Heap History (10 events):
Event: 1.291 GC heap before
{Heap before GC invocations=1 (full 0):
 PSYoungGen      total 29696K, used 25600K [0x00000000d5580000, 0x00000000d7680000, 0x0000000100000000)
  eden space 25600K, 100% used [0x00000000d5580000,0x00000000d6e80000,0x00000000d6e80000)
  from space 4096K, 0% used [0x00000000d7280000,0x00000000d7280000,0x00000000d7680000)
  to   space 4096K, 0% used [0x00000000d6e80000,0x00000000d6e80000,0x00000000d7280000)
 ParOldGen       total 68608K, used 0K [0x0000000080000000, 0x0000000084300000, 0x00000000d5580000)
  object space 68608K, 0% used [0x0000000080000000,0x0000000080000000,0x0000000084300000)
 Metaspace       used 4335K, committed 4608K, reserved 1114112K
  class space    used 473K, committed 576K, reserved 1048576K
}
Event: 1.309 GC heap after
{Heap after GC invocations=1 (full 0):
 PSYoungGen      total 29696K, used 3271K [0x00000000d5580000, 0x00000000d7680000, 0x0000000100000000)
  eden space 25600K, 0% used [0x00000000d5580000,0x00000000d5580000,0x00000000d6e80000)
  from space 4096K, 79% used [0x00000000d6e80000,0x00000000d71b1e98,0x00000000d7280000)
  to   space 4096K, 0% used [0x00000000d7280000,0x00000000d7280000,0x00000000d7680000)
 ParOldGen       total 68608K, used 16K [0x0000000080000000, 0x0000000084300000, 0x00000000d5580000)
  object space 68608K, 0% used [0x0000000080000000,0x0000000080004000,0x0000000084300000)
 Metaspace       used 4335K, committed 4608K, reserved 1114112K
  class space    used 473K, committed 576K, reserved 1048576K
}
Event: 2.631 GC heap before
{Heap before GC invocations=2 (full 0):
 PSYoungGen      total 29696K, used 28871K [0x00000000d5580000, 0x00000000d7680000, 0x0000000100000000)
  eden space 25600K, 100% used [0x00000000d5580000,0x00000000d6e80000,0x00000000d6e80000)
  from space 4096K, 79% used [0x00000000d6e80000,0x00000000d71b1e98,0x00000000d7280000)
  to   space 4096K, 0% used [0x00000000d7280000,0x00000000d7280000,0x00000000d7680000)
 ParOldGen       total 68608K, used 16K [0x0000000080000000, 0x0000000084300000, 0x00000000d5580000)
  object space 68608K, 0% used [0x0000000080000000,0x0000000080004000,0x0000000084300000)
 Metaspace       used 7963K, committed 8256K, reserved 1114112K
  class space    used 829K, committed 960K, reserved 1048576K
}
Event: 2.641 GC heap after
{Heap after GC invocations=2 (full 0):
 PSYoungGen      total 29696K, used 4086K [0x00000000d5580000, 0x00000000d7680000, 0x0000000100000000)
  eden space 25600K, 0% used [0x00000000d5580000,0x00000000d5580000,0x00000000d6e80000)
  from space 4096K, 99% used [0x00000000d7280000,0x00000000d767d810,0x00000000d7680000)
  to   space 4096K, 0% used [0x00000000d6e80000,0x00000000d6e80000,0x00000000d7280000)
 ParOldGen       total 68608K, used 2129K [0x0000000080000000, 0x0000000084300000, 0x00000000d5580000)
  object space 68608K, 3% used [0x0000000080000000,0x0000000080214638,0x0000000084300000)
 Metaspace       used 7963K, committed 8256K, reserved 1114112K
  class space    used 829K, committed 960K, reserved 1048576K
}
Event: 3.421 GC heap before
{Heap before GC invocations=3 (full 0):
 PSYoungGen      total 29696K, used 29539K [0x00000000d5580000, 0x00000000d7680000, 0x0000000100000000)
  eden space 25600K, 99% used [0x00000000d5580000,0x00000000d6e5b460,0x00000000d6e80000)
  from space 4096K, 99% used [0x00000000d7280000,0x00000000d767d810,0x00000000d7680000)
  to   space 4096K, 0% used [0x00000000d6e80000,0x00000000d6e80000,0x00000000d7280000)
 ParOldGen       total 68608K, used 2129K [0x0000000080000000, 0x0000000084300000, 0x00000000d5580000)
  object space 68608K, 3% used [0x0000000080000000,0x0000000080214638,0x0000000084300000)
 Metaspace       used 9438K, committed 9792K, reserved 1114112K
  class space    used 1008K, committed 1152K, reserved 1048576K
}
Event: 3.429 GC heap after
{Heap after GC invocations=3 (full 0):
 PSYoungGen      total 29696K, used 4068K [0x00000000d5580000, 0x00000000d7680000, 0x0000000100000000)
  eden space 25600K, 0% used [0x00000000d5580000,0x00000000d5580000,0x00000000d6e80000)
  from space 4096K, 99% used [0x00000000d6e80000,0x00000000d7279158,0x00000000d7280000)
  to   space 4096K, 0% used [0x00000000d7280000,0x00000000d7280000,0x00000000d7680000)
 ParOldGen       total 68608K, used 4924K [0x0000000080000000, 0x0000000084300000, 0x00000000d5580000)
  object space 68608K, 7% used [0x0000000080000000,0x00000000804cf168,0x0000000084300000)
 Metaspace       used 9438K, committed 9792K, reserved 1114112K
  class space    used 1008K, committed 1152K, reserved 1048576K
}
Event: 4.795 GC heap before
{Heap before GC invocations=4 (full 0):
 PSYoungGen      total 29696K, used 29668K [0x00000000d5580000, 0x00000000d7680000, 0x0000000100000000)
  eden space 25600K, 100% used [0x00000000d5580000,0x00000000d6e80000,0x00000000d6e80000)
  from space 4096K, 99% used [0x00000000d6e80000,0x00000000d7279158,0x00000000d7280000)
  to   space 4096K, 0% used [0x00000000d7280000,0x00000000d7280000,0x00000000d7680000)
 ParOldGen       total 68608K, used 4924K [0x0000000080000000, 0x0000000084300000, 0x00000000d5580000)
  object space 68608K, 7% used [0x0000000080000000,0x00000000804cf168,0x0000000084300000)
 Metaspace       used 11546K, committed 11840K, reserved 1114112K
  class space    used 1216K, committed 1344K, reserved 1048576K
}
Event: 4.804 GC heap after
{Heap after GC invocations=4 (full 0):
 PSYoungGen      total 29696K, used 4090K [0x00000000d5580000, 0x00000000d7680000, 0x0000000100000000)
  eden space 25600K, 0% used [0x00000000d5580000,0x00000000d5580000,0x00000000d6e80000)
  from space 4096K, 99% used [0x00000000d7280000,0x00000000d767eb08,0x00000000d7680000)
  to   space 4096K, 0% used [0x00000000d6e80000,0x00000000d6e80000,0x00000000d7280000)
 ParOldGen       total 68608K, used 6834K [0x0000000080000000, 0x0000000084300000, 0x00000000d5580000)
  object space 68608K, 9% used [0x0000000080000000,0x00000000806acaf8,0x0000000084300000)
 Metaspace       used 11546K, committed 11840K, reserved 1114112K
  class space    used 1216K, committed 1344K, reserved 1048576K
}
Event: 6.220 GC heap before
{Heap before GC invocations=5 (full 0):
 PSYoungGen      total 29696K, used 29690K [0x00000000d5580000, 0x00000000d7680000, 0x0000000100000000)
  eden space 25600K, 100% used [0x00000000d5580000,0x00000000d6e80000,0x00000000d6e80000)
  from space 4096K, 99% used [0x00000000d7280000,0x00000000d767eb08,0x00000000d7680000)
  to   space 4096K, 0% used [0x00000000d6e80000,0x00000000d6e80000,0x00000000d7280000)
 ParOldGen       total 68608K, used 6834K [0x0000000080000000, 0x0000000084300000, 0x00000000d5580000)
  object space 68608K, 9% used [0x0000000080000000,0x00000000806acaf8,0x0000000084300000)
 Metaspace       used 15430K, committed 16000K, reserved 1114112K
  class space    used 1598K, committed 1856K, reserved 1048576K
}
Event: 6.227 GC heap after
{Heap after GC invocations=5 (full 0):
 PSYoungGen      total 29184K, used 4077K [0x00000000d5580000, 0x00000000d7a00000, 0x0000000100000000)
  eden space 25088K, 0% used [0x00000000d5580000,0x00000000d5580000,0x00000000d6e00000)
  from space 4096K, 99% used [0x00000000d6e80000,0x00000000d727b440,0x00000000d7280000)
  to   space 6144K, 0% used [0x00000000d7400000,0x00000000d7400000,0x00000000d7a00000)
 ParOldGen       total 68608K, used 8316K [0x0000000080000000, 0x0000000084300000, 0x00000000d5580000)
  object space 68608K, 12% used [0x0000000080000000,0x000000008081f2e0,0x0000000084300000)
 Metaspace       used 15430K, committed 16000K, reserved 1114112K
  class space    used 1598K, committed 1856K, reserved 1048576K
}

Dll operation events (9 events):
Event: 0.018 Loaded shared library c:\Users\kalra\.vscode\extensions\redhat.java-1.53.0-win32-x64\jre\21.0.10-win32-x86_64\bin\java.dll
Event: 0.108 Loaded shared library c:\Users\kalra\.vscode\extensions\redhat.java-1.53.0-win32-x64\jre\21.0.10-win32-x86_64\bin\zip.dll
Event: 0.147 Loaded shared library C:\Users\kalra\.vscode\extensions\redhat.java-1.53.0-win32-x64\jre\21.0.10-win32-x86_64\bin\instrument.dll
Event: 0.158 Loaded shared library C:\Users\kalra\.vscode\extensions\redhat.java-1.53.0-win32-x64\jre\21.0.10-win32-x86_64\bin\net.dll
Event: 0.163 Loaded shared library C:\Users\kalra\.vscode\extensions\redhat.java-1.53.0-win32-x64\jre\21.0.10-win32-x86_64\bin\nio.dll
Event: 0.171 Loaded shared library C:\Users\kalra\.vscode\extensions\redhat.java-1.53.0-win32-x64\jre\21.0.10-win32-x86_64\bin\zip.dll
Event: 0.204 Loaded shared library C:\Users\kalra\.vscode\extensions\redhat.java-1.53.0-win32-x64\jre\21.0.10-win32-x86_64\bin\jimage.dll
Event: 0.320 Loaded shared library c:\Users\kalra\.vscode\extensions\redhat.java-1.53.0-win32-x64\jre\21.0.10-win32-x86_64\bin\verify.dll
Event: 2.703 Loaded shared library C:\Users\kalra\AppData\Roaming\Code\User\globalStorage\redhat.java\1.53.0\config_win\org.eclipse.equinox.launcher\org.eclipse.equinox.launcher.win32.win32.x86_64_1.3.0.v20260203-2149\eclipse_11919.dll

Deoptimization events (20 events):
Event: 6.133 Thread 0x000001ddf383b530 Uncommon trap: trap_request=0xffffff45 fr.pc=0x000001dde5221cd4 relative=0x00000000000000b4
Event: 6.133 Thread 0x000001ddf383b530 Uncommon trap: reason=unstable_if action=reinterpret pc=0x000001dde5221cd4 method=org.eclipse.osgi.container.ModuleRevisionBuilder.unmodifiableMap(Ljava/util/Map;)Ljava/util/Map; @ 27 c2
Event: 6.133 Thread 0x000001ddf383b530 DEOPT PACKING pc=0x000001dde5221cd4 sp=0x000000d5338f9ac0
Event: 6.133 Thread 0x000001ddf383b530 DEOPT UNPACKING pc=0x000001dde4c33aa2 sp=0x000000d5338f9a40 mode 2
Event: 6.280 Thread 0x000001ddf383b530 Uncommon trap: trap_request=0xffffff45 fr.pc=0x000001dde52a5cd0 relative=0x0000000000000b30
Event: 6.280 Thread 0x000001ddf383b530 Uncommon trap: reason=unstable_if action=reinterpret pc=0x000001dde52a5cd0 method=java.io.BufferedInputStream.read1([BII)I @ 73 c2
Event: 6.280 Thread 0x000001ddf383b530 DEOPT PACKING pc=0x000001dde52a5cd0 sp=0x000000d5338f97d0
Event: 6.280 Thread 0x000001ddf383b530 DEOPT UNPACKING pc=0x000001dde4c33aa2 sp=0x000000d5338f9690 mode 2
Event: 6.280 Thread 0x000001ddf383b530 Uncommon trap: trap_request=0xffffff45 fr.pc=0x000001dde52b3648 relative=0x0000000000000cc8
Event: 6.280 Thread 0x000001ddf383b530 Uncommon trap: reason=unstable_if action=reinterpret pc=0x000001dde52b3648 method=java.io.DataInputStream.readFully([BII)V @ 37 c2
Event: 6.280 Thread 0x000001ddf383b530 DEOPT PACKING pc=0x000001dde52b3648 sp=0x000000d5338f98b0
Event: 6.280 Thread 0x000001ddf383b530 DEOPT UNPACKING pc=0x000001dde4c33aa2 sp=0x000000d5338f9790 mode 2
Event: 6.394 Thread 0x000001ddf383b530 Uncommon trap: trap_request=0xffffff45 fr.pc=0x000001dde51feb04 relative=0x00000000000005c4
Event: 6.394 Thread 0x000001ddf383b530 Uncommon trap: reason=unstable_if action=reinterpret pc=0x000001dde51feb04 method=java.io.BufferedInputStream.implRead([BII)I @ 55 c2
Event: 6.394 Thread 0x000001ddf383b530 DEOPT PACKING pc=0x000001dde51feb04 sp=0x000000d5338f9250
Event: 6.394 Thread 0x000001ddf383b530 DEOPT UNPACKING pc=0x000001dde4c33aa2 sp=0x000000d5338f9228 mode 2
Event: 6.462 Thread 0x000001ddf383b530 Uncommon trap: trap_request=0xffffff45 fr.pc=0x000001dde51b8190 relative=0x0000000000000670
Event: 6.462 Thread 0x000001ddf383b530 Uncommon trap: reason=unstable_if action=reinterpret pc=0x000001dde51b8190 method=java.lang.String.replace(Ljava/lang/CharSequence;Ljava/lang/CharSequence;)Ljava/lang/String; @ 42 c2
Event: 6.462 Thread 0x000001ddf383b530 DEOPT PACKING pc=0x000001dde51b8190 sp=0x000000d5338f7ad0
Event: 6.462 Thread 0x000001ddf383b530 DEOPT UNPACKING pc=0x000001dde4c33aa2 sp=0x000000d5338f7a50 mode 2

Classes loaded (20 events):
Event: 6.522 Loading class java/nio/file/DirectoryStream$Filter done
Event: 6.522 Loading class java/nio/file/Files$AcceptAllFilter done
Event: 6.522 Loading class sun/nio/fs/WindowsDirectoryStream
Event: 6.523 Loading class java/nio/file/DirectoryStream
Event: 6.523 Loading class java/nio/file/DirectoryStream done
Event: 6.524 Loading class sun/nio/fs/WindowsDirectoryStream done
Event: 6.524 Loading class sun/nio/fs/WindowsDirectoryStream$WindowsDirectoryIterator
Event: 6.525 Loading class sun/nio/fs/WindowsDirectoryStream$WindowsDirectoryIterator done
Event: 6.525 Loading class sun/nio/fs/WindowsPath$WindowsPathWithAttributes
Event: 6.526 Loading class sun/nio/fs/BasicFileAttributesHolder
Event: 6.526 Loading class sun/nio/fs/BasicFileAttributesHolder done
Event: 6.526 Loading class sun/nio/fs/WindowsPath$WindowsPathWithAttributes done
Event: 6.546 Loading class sun/security/provider/AbstractDrbg$NonceProvider
Event: 6.546 Loading class sun/security/provider/AbstractDrbg$NonceProvider done
Event: 6.550 Loading class java/io/FileOutputStream$1
Event: 6.550 Loading class java/io/FileOutputStream$1 done
Event: 6.551 Loading class java/lang/ExceptionInInitializerError
Event: 6.552 Loading class java/lang/ExceptionInInitializerError done
Event: 6.552 Loading class java/lang/StackTraceElement$HashedModules
Event: 6.552 Loading class java/lang/StackTraceElement$HashedModules done

Classes unloaded (0 events):
No events

Classes redefined (0 events):
No events

Internal exceptions (20 events):
Event: 4.520 Thread 0x000001ddf383b530 Exception <a 'java/lang/NullPointerException'{0x00000000d680f268}> (0x00000000d680f268) 
thrown [s\src\hotspot\share\interpreter\linkResolver.cpp, line 1372]
Event: 4.520 Thread 0x000001ddf383b530 Exception <a 'java/lang/NullPointerException'{0x00000000d680f548}> (0x00000000d680f548) 
thrown [s\src\hotspot\share\interpreter\linkResolver.cpp, line 1372]
Event: 4.974 Thread 0x000001ddf383b530 Exception <a 'java/lang/NoSuchMethodError'{0x00000000d58fe850}: 'long java.lang.invoke.DirectMethodHandle$Holder.invokeSpecial(java.lang.Object, java.lang.Object)'> (0x00000000d58fe850) 
thrown [s\src\hotspot\share\interpreter\linkResolver.cpp, line 773]
Event: 5.105 Thread 0x000001ddf383b530 Exception <a 'java/io/FileNotFoundException'{0x00000000d5b32ec8}> (0x00000000d5b32ec8) 
thrown [s\src\hotspot\share\prims\jni.cpp, line 520]
Event: 5.462 Thread 0x000001ddf383b530 Exception <a 'java/lang/NoSuchMethodError'{0x00000000d6040548}: 'java.lang.Object java.lang.invoke.Invokers$Holder.linkToTargetMethod(java.lang.Object, long, java.lang.Object)'> (0x00000000d6040548) 
thrown [s\src\hotspot\share\interpreter\linkResolver.cpp, line 773]
Event: 5.715 Thread 0x000001ddf383b530 Exception <a 'java/lang/NoSuchMethodError'{0x00000000d6581280}: 'void java.lang.invoke.Invokers$Holder.invokeExact_MT(java.lang.Object, java.lang.Object, java.lang.Object)'> (0x00000000d6581280) 
thrown [s\src\hotspot\share\interpreter\linkResolver.cpp, line 773]
Event: 5.879 Thread 0x000001ddf383b530 Exception <a 'java/lang/NoSuchMethodError'{0x00000000d68882b8}: 'java.lang.Object java.lang.invoke.DirectMethodHandle$Holder.invokeVirtual(java.lang.Object, java.lang.Object, java.lang.Object)'> (0x00000000d68882b8) 
thrown [s\src\hotspot\share\interpreter\linkResolver.cpp, line 773]
Event: 5.886 Thread 0x000001ddf383b530 Exception <a 'java/lang/NoSuchMethodError'{0x00000000d68a0650}: 'java.lang.Object java.lang.invoke.DelegatingMethodHandle$Holder.reinvoke_L(java.lang.Object, java.lang.Object, java.lang.Object, java.lang.Object, int, int)'> (0x00000000d68a0650) 
thrown [s\src\hotspot\share\interpreter\linkResolver.cpp, line 773]
Event: 5.894 Thread 0x000001ddf383b530 Exception <a 'java/lang/NoSuchMethodError'{0x00000000d68bd3a8}: 'java.lang.Object java.lang.invoke.DirectMethodHandle$Holder.newInvokeSpecial(java.lang.Object, java.lang.Object, java.lang.Object, java.lang.Object, java.lang.Object, java.lang.Object)'> (0x00000000d68bd3a8) 
thrown [s\src\hotspot\share\interpreter\linkResolver.cpp, line 773]
Event: 5.903 Thread 0x000001ddf383b530 Exception <a 'java/lang/NoSuchMethodError'{0x00000000d68e9840}: 'void java.lang.invoke.Invokers$Holder.invokeExact_MT(java.lang.Object, java.lang.Object, java.lang.Object, java.lang.Object)'> (0x00000000d68e9840) 
thrown [s\src\hotspot\share\interpreter\linkResolver.cpp, line 773]
Event: 6.099 Thread 0x000001ddf383b530 Exception <a 'java/io/FileNotFoundException'{0x00000000d6bd3368}> (0x00000000d6bd3368) 
thrown [s\src\hotspot\share\prims\jni.cpp, line 520]
Event: 6.102 Thread 0x000001ddf383b530 Exception <a 'java/io/FileNotFoundException'{0x00000000d6bdafe0}> (0x00000000d6bdafe0) 
thrown [s\src\hotspot\share\prims\jni.cpp, line 520]
Event: 6.260 Thread 0x000001ddf383b530 Exception <a 'java/lang/NoSuchMethodError'{0x00000000d5600bc0}: 'java.lang.Object java.lang.invoke.DirectMethodHandle$Holder.newInvokeSpecial(java.lang.Object, java.lang.Object, java.lang.Object, java.lang.Object, java.lang.Object)'> (0x00000000d5600bc0) 
thrown [s\src\hotspot\share\interpreter\linkResolver.cpp, line 773]
Event: 6.357 Thread 0x000001ddf383b530 Exception <a 'java/lang/NoSuchMethodError'{0x00000000d57e1658}: 'java.lang.Object java.lang.invoke.DirectMethodHandle$Holder.invokeStaticInit(java.lang.Object, int)'> (0x00000000d57e1658) 
thrown [s\src\hotspot\share\interpreter\linkResolver.cpp, line 773]
Event: 6.476 Thread 0x000001ddf383b530 Exception <a 'java/lang/NoSuchMethodError'{0x00000000d5a5c828}: 'java.lang.Object java.lang.invoke.DirectMethodHandle$Holder.invokeStaticInit(java.lang.Object, int, int, int, int)'> (0x00000000d5a5c828) 
thrown [s\src\hotspot\share\interpreter\linkResolver.cpp, line 773]
Event: 6.542 Thread 0x000001ddf383b530 Exception <a 'java/lang/NoSuchMethodError'{0x00000000d5b5db68}: 'java.lang.Object java.lang.invoke.DirectMethodHandle$Holder.invokeStaticInit(java.lang.Object, java.lang.Object, int, int, int, int)'> (0x00000000d5b5db68) 
thrown [s\src\hotspot\share\interpreter\linkResolver.cpp, line 773]
Event: 6.550 Thread 0x000001ddf383b530 Exception <a 'java/io/IOException'{0x00000000d5b68108}> (0x00000000d5b68108) 
thrown [s\src\hotspot\share\prims\jni.cpp, line 520]
Event: 6.553 Thread 0x000001ddf383b530 Exception <a 'java/lang/UnsatisfiedLinkError'{0x00000000d5b6c310}> (0x00000000d5b6c310) 
thrown [s\src\hotspot\share\oops\instanceKlass.cpp, line 1220]
Event: 6.553 Thread 0x000001ddf383b530 Exception <a 'java/lang/UnsatisfiedLinkError'{0x00000000d5b6c310}> (0x00000000d5b6c310) 
thrown [s\src\hotspot\share\oops\instanceKlass.cpp, line 1220]
Event: 6.553 Thread 0x000001ddf383b530 Exception <a 'java/lang/UnsatisfiedLinkError'{0x00000000d5b6c310}> (0x00000000d5b6c310) 
thrown [s\src\hotspot\share\oops\instanceKlass.cpp, line 1220]

ZGC Phase Switch (0 events):
No events

VM Operations (20 events):
Event: 2.985 Executing non-safepoint VM operation: HandshakeAllThreads (Deoptimize)
Event: 2.986 Executing non-safepoint VM operation: HandshakeAllThreads (Deoptimize) done
Event: 3.420 Executing safepoint VM operation: ParallelGCFailedAllocation (Allocation Failure)
Event: 3.430 Executing safepoint VM operation: ParallelGCFailedAllocation (Allocation Failure) done
Event: 3.567 Executing non-safepoint VM operation: HandshakeAllThreads (Deoptimize)
Event: 3.567 Executing non-safepoint VM operation: HandshakeAllThreads (Deoptimize) done
Event: 4.577 Executing safepoint VM operation: Cleanup
Event: 4.589 Executing safepoint VM operation: Cleanup done
Event: 4.780 Executing non-safepoint VM operation: HandshakeAllThreads (Deoptimize)
Event: 4.780 Executing non-safepoint VM operation: HandshakeAllThreads (Deoptimize) done
Event: 4.795 Executing safepoint VM operation: ParallelGCFailedAllocation (Allocation Failure)
Event: 4.804 Executing safepoint VM operation: ParallelGCFailedAllocation (Allocation Failure) done
Event: 5.808 Executing safepoint VM operation: Cleanup
Event: 5.809 Executing safepoint VM operation: Cleanup done
Event: 6.139 Executing non-safepoint VM operation: HandshakeAllThreads (Deoptimize)
Event: 6.139 Executing non-safepoint VM operation: HandshakeAllThreads (Deoptimize) done
Event: 6.220 Executing safepoint VM operation: ParallelGCFailedAllocation (Allocation Failure)
Event: 6.227 Executing safepoint VM operation: ParallelGCFailedAllocation (Allocation Failure) done
Event: 6.527 Executing non-safepoint VM operation: HandshakeAllThreads (Deoptimize)
Event: 6.527 Executing non-safepoint VM operation: HandshakeAllThreads (Deoptimize) done

Memory protections (0 events):
No events

Nmethod flushes (0 events):
No events

Events (20 events):
Event: 0.152 Thread 0x000001ddd801d880 Thread added: 0x000001ddf23ef640
Event: 0.457 Thread 0x000001ddd801d880 Thread added: 0x000001ddf252f440
Event: 0.596 Thread 0x000001ddf236b320 Thread added: 0x000001ddf256e090
Event: 1.496 Thread 0x000001ddf256e090 Thread exited: 0x000001ddf256e090
Event: 1.755 Thread 0x000001ddf21dda40 Thread added: 0x000001ddf326a2d0
Event: 2.203 Thread 0x000001ddd801d880 Thread added: 0x000001ddf3881310
Event: 2.692 Thread 0x000001ddd801d880 Thread added: 0x000001ddf8250530
Event: 2.751 Thread 0x000001ddf8250530 Thread added: 0x000001ddf38925d0
Event: 2.757 Thread 0x000001ddd801d880 Thread added: 0x000001ddf383b530
Event: 3.301 Thread 0x000001ddf326a2d0 Thread exited: 0x000001ddf326a2d0
Event: 3.536 Thread 0x000001ddf383b530 Thread added: 0x000001ddf808dee0
Event: 3.921 Thread 0x000001ddf236b320 Thread exited: 0x000001ddf236b320
Event: 4.268 Thread 0x000001ddf21dda40 Thread added: 0x000001ddf8612140
Event: 4.413 Thread 0x000001ddf8612140 Thread exited: 0x000001ddf8612140
Event: 4.749 Thread 0x000001ddf383b530 Thread added: 0x000001ddf84312d0
Event: 4.995 Thread 0x000001ddda56a330 Thread added: 0x000001ddf8397720
Event: 4.995 Thread 0x000001ddda56a330 Thread added: 0x000001ddf8380be0
Event: 5.350 Thread 0x000001ddf8380be0 Thread exited: 0x000001ddf8380be0
Event: 5.594 Thread 0x000001ddf8397720 Thread exited: 0x000001ddf8397720
Event: 5.637 Thread 0x000001ddf383b530 Thread added: 0x000001ddf23ea900


Dynamic libraries:
0x00007ff780fb0000 - 0x00007ff780fbe000 	c:\Users\kalra\.vscode\extensions\redhat.java-1.53.0-win32-x64\jre\21.0.10-win32-x86_64\bin\java.exe
0x00007ff8e0ea0000 - 0x00007ff8e1107000 	C:\WINDOWS\SYSTEM32\ntdll.dll
0x00007ff8e0c10000 - 0x00007ff8e0cd9000 	C:\WINDOWS\System32\KERNEL32.DLL
0x00007ff8de790000 - 0x00007ff8deb81000 	C:\WINDOWS\System32\KERNELBASE.dll
0x00007ff8dd9b0000 - 0x00007ff8ddafb000 	C:\WINDOWS\System32\ucrtbase.dll
0x00007ff8d1bf0000 - 0x00007ff8d1c08000 	c:\Users\kalra\.vscode\extensions\redhat.java-1.53.0-win32-x64\jre\21.0.10-win32-x86_64\bin\jli.dll
0x00007ff8ccfb0000 - 0x00007ff8ccfce000 	c:\Users\kalra\.vscode\extensions\redhat.java-1.53.0-win32-x64\jre\21.0.10-win32-x86_64\bin\VCRUNTIME140.dll
0x00007ff8e0330000 - 0x00007ff8e04f5000 	C:\WINDOWS\System32\USER32.dll
0x00007ff8dd810000 - 0x00007ff8dd837000 	C:\WINDOWS\System32\win32u.dll
0x00007ff8c4eb0000 - 0x00007ff8c5143000 	C:\WINDOWS\WinSxS\amd64_microsoft.windows.common-controls_6595b64144ccf1df_6.0.26100.8037_none_3e092faae333b53b\COMCTL32.dll
0x00007ff8e0510000 - 0x00007ff8e053b000 	C:\WINDOWS\System32\GDI32.dll
0x00007ff8e0140000 - 0x00007ff8e01e9000 	C:\WINDOWS\System32\msvcrt.dll
0x00007ff8de5b0000 - 0x00007ff8de6db000 	C:\WINDOWS\System32\gdi32full.dll
0x00007ff8deb90000 - 0x00007ff8dec33000 	C:\WINDOWS\System32\msvcp_win.dll
0x00007ff8e0b70000 - 0x00007ff8e0ba1000 	C:\WINDOWS\System32\IMM32.DLL
0x00007ff8dae90000 - 0x00007ff8dae9c000 	c:\Users\kalra\.vscode\extensions\redhat.java-1.53.0-win32-x64\jre\21.0.10-win32-x86_64\bin\vcruntime140_1.dll
0x00007ff8b6dc0000 - 0x00007ff8b6e4d000 	c:\Users\kalra\.vscode\extensions\redhat.java-1.53.0-win32-x64\jre\21.0.10-win32-x86_64\bin\msvcp140.dll
0x00007ff8264b0000 - 0x00007ff827251000 	c:\Users\kalra\.vscode\extensions\redhat.java-1.53.0-win32-x64\jre\21.0.10-win32-x86_64\bin\server\jvm.dll
0x00007ff8e0270000 - 0x00007ff8e032b000 	C:\WINDOWS\System32\ADVAPI32.dll
0x00007ff8e0960000 - 0x00007ff8e0a07000 	C:\WINDOWS\System32\sechost.dll
0x00007ff8dfc60000 - 0x00007ff8dfd78000 	C:\WINDOWS\System32\RPCRT4.dll
0x00007ff8e05b0000 - 0x00007ff8e0624000 	C:\WINDOWS\System32\WS2_32.dll
0x00007ff8dd5e0000 - 0x00007ff8dd63e000 	C:\WINDOWS\SYSTEM32\POWRPROF.dll
0x00007ff8d7060000 - 0x00007ff8d706b000 	C:\WINDOWS\SYSTEM32\VERSION.dll
0x00007ff8d7020000 - 0x00007ff8d7055000 	C:\WINDOWS\SYSTEM32\WINMM.dll
0x00007ff8dd5c0000 - 0x00007ff8dd5d4000 	C:\WINDOWS\SYSTEM32\UMPDC.dll
0x00007ff8dc510000 - 0x00007ff8dc52b000 	C:\WINDOWS\SYSTEM32\kernel.appcore.dll
0x00007ff8dae40000 - 0x00007ff8dae4a000 	c:\Users\kalra\.vscode\extensions\redhat.java-1.53.0-win32-x64\jre\21.0.10-win32-x86_64\bin\jimage.dll
0x00007ff8d2f10000 - 0x00007ff8d3152000 	C:\WINDOWS\SYSTEM32\DBGHELP.DLL
0x00007ff8dfdb0000 - 0x00007ff8e0132000 	C:\WINDOWS\System32\combase.dll
0x00007ff8e0730000 - 0x00007ff8e0807000 	C:\WINDOWS\System32\OLEAUT32.dll
0x00007ff8c1bf0000 - 0x00007ff8c1c2b000 	C:\WINDOWS\SYSTEM32\dbgcore.DLL
0x00007ff8de6e0000 - 0x00007ff8de785000 	C:\WINDOWS\System32\bcryptPrimitives.dll
0x00007ff8d9020000 - 0x00007ff8d902f000 	c:\Users\kalra\.vscode\extensions\redhat.java-1.53.0-win32-x64\jre\21.0.10-win32-x86_64\bin\instrument.dll
0x00007ff8ccf90000 - 0x00007ff8ccfb0000 	c:\Users\kalra\.vscode\extensions\redhat.java-1.53.0-win32-x64\jre\21.0.10-win32-x86_64\bin\java.dll
0x00007ff8df4f0000 - 0x00007ff8dfc4f000 	C:\WINDOWS\System32\SHELL32.dll
0x00007ff8dd840000 - 0x00007ff8dd9aa000 	C:\WINDOWS\System32\wintypes.dll
0x00007ff8ddbc0000 - 0x00007ff8de424000 	C:\WINDOWS\System32\windows.storage.dll
0x00007ff8e0630000 - 0x00007ff8e0727000 	C:\WINDOWS\System32\SHCORE.dll
0x00007ff8e0540000 - 0x00007ff8e05a7000 	C:\WINDOWS\System32\shlwapi.dll
0x00007ff8dd6a0000 - 0x00007ff8dd6c9000 	C:\WINDOWS\SYSTEM32\profapi.dll
0x00007ff8ccd00000 - 0x00007ff8ccd18000 	c:\Users\kalra\.vscode\extensions\redhat.java-1.53.0-win32-x64\jre\21.0.10-win32-x86_64\bin\zip.dll
0x00007ff8d8fb0000 - 0x00007ff8d8fc0000 	C:\Users\kalra\.vscode\extensions\redhat.java-1.53.0-win32-x64\jre\21.0.10-win32-x86_64\bin\net.dll
0x00007ff8d6e90000 - 0x00007ff8d6fb7000 	C:\WINDOWS\SYSTEM32\WINHTTP.dll
0x00007ff8dca80000 - 0x00007ff8dcaeb000 	C:\WINDOWS\system32\mswsock.dll
0x00007ff8cc3e0000 - 0x00007ff8cc3f6000 	C:\Users\kalra\.vscode\extensions\redhat.java-1.53.0-win32-x64\jre\21.0.10-win32-x86_64\bin\nio.dll
0x00007ff8d7f80000 - 0x00007ff8d7f90000 	c:\Users\kalra\.vscode\extensions\redhat.java-1.53.0-win32-x64\jre\21.0.10-win32-x86_64\bin\verify.dll
0x00007ff8c6780000 - 0x00007ff8c67c5000 	C:\Users\kalra\AppData\Roaming\Code\User\globalStorage\redhat.java\1.53.0\config_win\org.eclipse.equinox.launcher\org.eclipse.equinox.launcher.win32.win32.x86_64_1.3.0.v20260203-2149\eclipse_11919.dll
0x00007ff8dec40000 - 0x00007ff8dedd5000 	C:\WINDOWS\System32\ole32.dll
0x00007ff8dcd60000 - 0x00007ff8dcd7b000 	C:\WINDOWS\SYSTEM32\CRYPTSP.dll
0x00007ff8dc470000 - 0x00007ff8dc4a9000 	C:\WINDOWS\system32\rsaenh.dll
0x00007ff8dcb30000 - 0x00007ff8dcb62000 	C:\WINDOWS\SYSTEM32\USERENV.dll
0x00007ff8dd670000 - 0x00007ff8dd69a000 	C:\WINDOWS\SYSTEM32\bcrypt.dll
0x00007ff8dcd80000 - 0x00007ff8dcd8c000 	C:\WINDOWS\SYSTEM32\CRYPTBASE.dll
0x00007ff8dbee0000 - 0x00007ff8dbf13000 	C:\WINDOWS\SYSTEM32\IPHLPAPI.DLL
0x00007ff8e0500000 - 0x00007ff8e050a000 	C:\WINDOWS\System32\NSI.dll

JVMTI agents:
c:\Users\kalra\.vscode\extensions\redhat.java-1.53.0-win32-x64\lombok\lombok-1.18.39-4050.jar path:c:\Users\kalra\.vscode\extensions\redhat.java-1.53.0-win32-x64\jre\21.0.10-win32-x86_64\bin\instrument.dll, loaded, initialized, instrumentlib options:none

dbghelp: loaded successfully - version: 4.0.5 - missing functions: none
symbol engine: initialized successfully - sym options: 0x614 - pdb path: .;c:\Users\kalra\.vscode\extensions\redhat.java-1.53.0-win32-x64\jre\21.0.10-win32-x86_64\bin;C:\WINDOWS\SYSTEM32;C:\WINDOWS\WinSxS\amd64_microsoft.windows.common-controls_6595b64144ccf1df_6.0.26100.8037_none_3e092faae333b53b;c:\Users\kalra\.vscode\extensions\redhat.java-1.53.0-win32-x64\jre\21.0.10-win32-x86_64\bin\server;C:\Users\kalra\AppData\Roaming\Code\User\globalStorage\redhat.java\1.53.0\config_win\org.eclipse.equinox.launcher\org.eclipse.equinox.launcher.win32.win32.x86_64_1.3.0.v20260203-2149

VM Arguments:
jvm_args: --add-modules=ALL-SYSTEM --add-opens=java.base/java.util=ALL-UNNAMED --add-opens=java.base/java.lang=ALL-UNNAMED --add-opens=java.base/sun.nio.fs=ALL-UNNAMED -Declipse.application=org.eclipse.jdt.ls.core.id1 -Dosgi.bundles.defaultStartLevel=4 -Declipse.product=org.eclipse.jdt.ls.core.product -Djava.import.generatesMetadataFilesAtProjectRoot=false -DDetectVMInstallationsJob.disabled=true -Dfile.encoding=utf8 -XX:+UseParallelGC -XX:GCTimeRatio=4 -XX:AdaptiveSizePolicyWeight=90 -Dsun.zip.disableMemoryMapping=true -Xmx2G -Xms100m -Xlog:disable -javaagent:c:\Users\kalra\.vscode\extensions\redhat.java-1.53.0-win32-x64\lombok\lombok-1.18.39-4050.jar -XX:+HeapDumpOnOutOfMemoryError -XX:HeapDumpPath=c:\Users\kalra\AppData\Roaming\Code\User\workspaceStorage\4fda5c3b26c15e0cb27154c0e992db6d\redhat.java -Daether.dependencyCollector.impl=bf 
java_command: c:\Users\kalra\.vscode\extensions\redhat.java-1.53.0-win32-x64\server\plugins\org.eclipse.equinox.launcher_1.7.100.v20251111-0406.jar -configuration c:\Users\kalra\AppData\Roaming\Code\User\globalStorage\redhat.java\1.53.0\config_win -data c:\Users\kalra\AppData\Roaming\Code\User\workspaceStorage\4fda5c3b26c15e0cb27154c0e992db6d\redhat.java\jdt_ws --pipe=\\.\pipe\lsp-7e2ee46a1ba1aefea8206393c08a208e-sock
java_class_path (initial): c:\Users\kalra\.vscode\extensions\redhat.java-1.53.0-win32-x64\server\plugins\org.eclipse.equinox.launcher_1.7.100.v20251111-0406.jar
Launcher Type: SUN_STANDARD

[Global flags]
    uintx AdaptiveSizePolicyWeight                 = 90                                        {product} {command line}
     intx CICompilerCount                          = 4                                         {product} {ergonomic}
    uintx GCTimeRatio                              = 4                                         {product} {command line}
     bool HeapDumpOnOutOfMemoryError               = true                                   {manageable} {command line}
    ccstr HeapDumpPath                             = c:\Users\kalra\AppData\Roaming\Code\User\workspaceStorage\4fda5c3b26c15e0cb27154c0e992db6d\redhat.java         {manageable} {command line}
   size_t InitialHeapSize                          = 104857600                                 {product} {command line}
   size_t MaxHeapSize                              = 2147483648                                {product} {command line}
   size_t MaxNewSize                               = 715653120                                 {product} {ergonomic}
   size_t MinHeapDeltaBytes                        = 524288                                    {product} {ergonomic}
   size_t MinHeapSize                              = 104857600                                 {product} {command line}
   size_t NewSize                                  = 34603008                                  {product} {ergonomic}
    uintx NonNMethodCodeHeapSize                   = 5839372                                {pd product} {ergonomic}
    uintx NonProfiledCodeHeapSize                  = 122909434                              {pd product} {ergonomic}
   size_t OldSize                                  = 70254592                                  {product} {ergonomic}
    uintx ProfiledCodeHeapSize                     = 122909434                              {pd product} {ergonomic}
    uintx ReservedCodeCacheSize                    = 251658240                              {pd product} {ergonomic}
     bool SegmentedCodeCache                       = true                                      {product} {ergonomic}
   size_t SoftMaxHeapSize                          = 2147483648                             {manageable} {ergonomic}
     bool UseCompressedOops                        = true                           {product lp64_product} {ergonomic}
     bool UseLargePagesIndividualAllocation        = false                                  {pd product} {ergonomic}
     bool UseParallelGC                            = true                                      {product} {command line}

Logging:
Log output configuration:
 #0: stdout all=off uptime,level,tags foldmultilines=false
 #1: stderr all=off uptime,level,tags foldmultilines=false

Release file:
JAVA_VERSION="21.0.10" 
MODULES="java.base java.compiler java.datatransfer java.xml java.prefs java.desktop java.instrument java.logging java.management java.security.sasl java.naming java.rmi java.management.rmi java.net.http java.scripting java.security.jgss java.transaction.xa java.sql java.sql.rowset java.xml.crypto java.se java.smartcardio jdk.accessibility jdk.internal.jvmstat jdk.attach jdk.charsets jdk.internal.opt jdk.zipfs jdk.compiler jdk.crypto.ec jdk.crypto.cryptoki jdk.crypto.mscapi jdk.dynalink jdk.internal.ed jdk.editpad jdk.hotspot.agent jdk.httpserver jdk.internal.le jdk.internal.vm.ci jdk.internal.vm.compiler jdk.internal.vm.compiler.management jdk.jartool jdk.javadoc jdk.jcmd jdk.management jdk.management.agent jdk.jconsole jdk.jdeps jdk.jdwp.agent jdk.jdi jdk.jfr jdk.jshell jdk.jsobject jdk.jstatd jdk.localedata jdk.management.jfr jdk.naming.dns jdk.naming.rmi jdk.net jdk.nio.mapmode jdk.random jdk.sctp jdk.security.auth jdk.security.jgss jdk.unsupported jdk.unsupported.desktop jdk.xml.dom" 

Environment Variables:
PATH=C:\Users\kalra\AppData\Local\Programs\Microsoft VS Code;C:\Python314\Scripts\;C:\Python314\;C:\Program Files\nodejs\;C:\ProgramData\chocolatey\bin;D:\Git\cmd;C:\Users\kalra\AppData\Local\Programs\Python\Python313\Scripts\;C:\Users\kalra\AppData\Local\Programs\Python\Python313\;C:\Program Files\MySQL\MySQL Shell 8.0\bin\;C:\Users\kalra\AppData\Local\Programs\Python\Python312\Scripts\;C:\Users\kalra\AppData\Local\Programs\Python\Python312\;C:\Users\kalra\AppData\Local\Microsoft\WindowsApps;C:\Users\kalra\AppData\Local\Programs\Microsoft VS Code\bin;C:\Program Files\Azure Data Studio\bin;%JAVA_HOME%\bin;C:\Program Files\Maven\apache-maven-3.9.11\bin;C:\Program Files\MySQL\MySQL Server 8.0\bin;C:\Users\kalra\AppData\Roaming\npm;C:\Users\kalra\Downloads\flutter_windows_3.41.4-stable\flutter\bin;C:\Windows\System32;C:\Program Files\Git\cmd;C:\Windows\System32\WindowsPowerShell\v1.0\;
USERNAME=kalra
OS=Windows_NT
PROCESSOR_IDENTIFIER=AMD64 Family 23 Model 104 Stepping 1, AuthenticAMD
TMP=C:\Users\kalra\AppData\Local\Temp
TEMP=C:\Users\kalra\AppData\Local\Temp




Periodic native trim disabled

---------------  S Y S T E M  ---------------

OS:
 Windows 11 , 64 bit Build 26100 (10.0.26100.7920)
OS uptime: 1 days 21:07 hours
Hyper-V role detected

CPU: total 12 (initial active 12) (12 cores per cpu, 2 threads per core) family 23 model 104 stepping 1 microcode 0x8608107, cx8, cmov, fxsr, ht, mmx, 3dnowpref, sse, sse2, sse3, ssse3, sse4a, sse4.1, sse4.2, popcnt, lzcnt, tsc, tscinvbit, avx, avx2, aes, clmul, bmi1, bmi2, adx, sha, fma, vzeroupper, clflush, clflushopt, hv, rdtscp, rdpid, f16c
Processor Information for the first 12 processors :
  Max Mhz: 2100, Current Mhz: 2100, Mhz Limit: 2100

Memory: 4k page, system-wide physical 7501M (666M free)
TotalPageFile size 16062M (AvailPageFile size 1M)
current process WorkingSet (physical memory assigned to process): 125M, peak: 125M
current process commit charge ("private bytes"): 269M, peak: 269M

vm_info: OpenJDK 64-Bit Server VM (21.0.10+7-LTS) for windows-amd64 JRE (21.0.10+7-LTS), built on 2026-01-20T00:00:00Z by "admin" with MS VC++ 17.12 (VS2022)

END.
