#
# There is insufficient memory for the Java Runtime Environment to continue.
# Native memory allocation (malloc) failed to allocate 235856 bytes. Error detail: Chunk::new
# Possible reasons:
#   The system is out of physical RAM or swap space
#   This process is running with CompressedOops enabled, and the Java Heap may be blocking the growth of the native heap
# Possible solutions:
#   Reduce memory load on the system
#   Increase physical memory or swap space
#   Check if swap backing store is full
#   Decrease Java heap size (-Xmx/-Xms)
#   Decrease number of Java threads
#   Decrease Java thread stack sizes (-Xss)
#   Set larger code cache with -XX:ReservedCodeCacheSize=
#   JVM is running with Unscaled Compressed Oops mode in which the Java heap is
#     placed in the first 4GB address space. The Java Heap base address is the
#     maximum limit for the native heap growth. Please use -XX:HeapBaseMinAddress
#     to set the Java Heap base and to place the Java Heap above 4GB virtual address.
# This output file may be truncated or incomplete.
#
#  Out of Memory Error (arena.cpp:168), pid=9052, tid=11828
#
# JRE version: OpenJDK Runtime Environment Temurin-21.0.10+7 (21.0.10+7) (build 21.0.10+7-LTS)
# Java VM: OpenJDK 64-Bit Server VM Temurin-21.0.10+7 (21.0.10+7-LTS, mixed mode, sharing, tiered, compressed oops, compressed class ptrs, parallel gc, windows-amd64)
# No core dump will be written. Minidumps are not enabled by default on client versions of Windows
#

---------------  S U M M A R Y ------------

Command Line: --add-modules=ALL-SYSTEM --add-opens=java.base/java.util=ALL-UNNAMED --add-opens=java.base/java.lang=ALL-UNNAMED --add-opens=java.base/sun.nio.fs=ALL-UNNAMED -Declipse.application=org.eclipse.jdt.ls.core.id1 -Dosgi.bundles.defaultStartLevel=4 -Declipse.product=org.eclipse.jdt.ls.core.product -Djava.import.generatesMetadataFilesAtProjectRoot=false -DDetectVMInstallationsJob.disabled=true -Dfile.encoding=utf8 -XX:+UseParallelGC -XX:GCTimeRatio=4 -XX:AdaptiveSizePolicyWeight=90 -Dsun.zip.disableMemoryMapping=true -Xmx2G -Xms100m -Xlog:disable -javaagent:c:\Users\kalra\.vscode\extensions\redhat.java-1.53.0-win32-x64\lombok\lombok-1.18.39-4050.jar -XX:+HeapDumpOnOutOfMemoryError -XX:HeapDumpPath=c:\Users\kalra\AppData\Roaming\Code\User\workspaceStorage\4fda5c3b26c15e0cb27154c0e992db6d\redhat.java -Daether.dependencyCollector.impl=bf c:\Users\kalra\.vscode\extensions\redhat.java-1.53.0-win32-x64\server\plugins\org.eclipse.equinox.launcher_1.7.100.v20251111-0406.jar -configuration c:\Users\kalra\AppData\Roaming\Code\User\globalStorage\redhat.java\1.53.0\config_win -data c:\Users\kalra\AppData\Roaming\Code\User\workspaceStorage\4fda5c3b26c15e0cb27154c0e992db6d\redhat.java\jdt_ws --pipe=\\.\pipe\lsp-5cfc18e54ae2787da7900377bbe63bf5-sock

Host: AMD Ryzen 5 5500U with Radeon Graphics         , 12 cores, 7G,  Windows 11 , 64 bit Build 26100 (10.0.26100.7920)
Time: Thu Mar 26 20:37:51 2026 India Standard Time elapsed time: 4.047358 seconds (0d 0h 0m 4s)

---------------  T H R E A D  ---------------

Current thread (0x00000270115f6b30):  JavaThread "C2 CompilerThread0" daemon [_thread_in_native, id=11828, stack(0x000000764e500000,0x000000764e600000) (1024K)]


Current CompileTask:
C2:4047 2033       4       java.util.zip.ZipFile::getZipEntry (322 bytes)

Stack: [0x000000764e500000,0x000000764e600000]
Native frames: (J=compiled Java code, j=interpreted, Vv=VM code, C=native code)
V  [jvm.dll+0x6d7a39]
V  [jvm.dll+0x8b4b26]
V  [jvm.dll+0x8b70de]
V  [jvm.dll+0x8b77c3]
V  [jvm.dll+0x284346]
V  [jvm.dll+0xc66ed]
V  [jvm.dll+0xc6c31]
V  [jvm.dll+0x3bec3b]
V  [jvm.dll+0x38b162]
V  [jvm.dll+0x38a5aa]
V  [jvm.dll+0x24c560]
V  [jvm.dll+0x24bb40]
V  [jvm.dll+0x1cb34e]
V  [jvm.dll+0x25b85d]
V  [jvm.dll+0x259dea]
V  [jvm.dll+0x3f857e]
V  [jvm.dll+0x85f59d]
V  [jvm.dll+0x6d626d]
C  [ucrtbase.dll+0x37b0]
C  [KERNEL32.DLL+0x2e8d7]
C  [ntdll.dll+0x8c48c]


---------------  P R O C E S S  ---------------

Threads class SMR info:
_java_thread_list=0x000002707001d830, length=17, elements={
0x000002701153d700, 0x00000270114ece30, 0x00000270115e0770, 0x00000270115ee600,
0x00000270115f0670, 0x00000270115f31e0, 0x00000270115f3c40, 0x00000270115f6b30,
0x00000270115fc830, 0x000002706a52fec0, 0x000002706a679910, 0x000002706ba72de0,
0x000002706b661d70, 0x000002706b64e1e0, 0x000002706b9f8e30, 0x000002706b8d2520,
0x000002706b8d2bd0
}

Java Threads: ( => current thread )
  0x000002701153d700 JavaThread "main"                              [_thread_blocked, id=6208, stack(0x000000764da00000,0x000000764db00000) (1024K)]
  0x00000270114ece30 JavaThread "Reference Handler"          daemon [_thread_blocked, id=16088, stack(0x000000764df00000,0x000000764e000000) (1024K)]
  0x00000270115e0770 JavaThread "Finalizer"                  daemon [_thread_blocked, id=12204, stack(0x000000764e000000,0x000000764e100000) (1024K)]
  0x00000270115ee600 JavaThread "Signal Dispatcher"          daemon [_thread_blocked, id=13668, stack(0x000000764e100000,0x000000764e200000) (1024K)]
  0x00000270115f0670 JavaThread "Attach Listener"            daemon [_thread_blocked, id=22460, stack(0x000000764e200000,0x000000764e300000) (1024K)]
  0x00000270115f31e0 JavaThread "Service Thread"             daemon [_thread_blocked, id=15980, stack(0x000000764e300000,0x000000764e400000) (1024K)]
  0x00000270115f3c40 JavaThread "Monitor Deflation Thread"   daemon [_thread_blocked, id=20316, stack(0x000000764e400000,0x000000764e500000) (1024K)]
=>0x00000270115f6b30 JavaThread "C2 CompilerThread0"         daemon [_thread_in_native, id=11828, stack(0x000000764e500000,0x000000764e600000) (1024K)]
  0x00000270115fc830 JavaThread "C1 CompilerThread0"         daemon [_thread_in_native, id=22520, stack(0x000000764e600000,0x000000764e700000) (1024K)]
  0x000002706a52fec0 JavaThread "Common-Cleaner"             daemon [_thread_blocked, id=19916, stack(0x000000764e700000,0x000000764e800000) (1024K)]
  0x000002706a679910 JavaThread "Notification Thread"        daemon [_thread_blocked, id=22188, stack(0x000000764e900000,0x000000764ea00000) (1024K)]
  0x000002706ba72de0 JavaThread "Active Thread: Equinox Container: 2c70efca-371a-4e7a-bba4-e3189a85b840"        [_thread_blocked, id=1296, stack(0x000000764e800000,0x000000764e900000) (1024K)]
  0x000002706b661d70 JavaThread "Refresh Thread: Equinox Container: 2c70efca-371a-4e7a-bba4-e3189a85b840" daemon [_thread_blocked, id=27028, stack(0x000000764ea00000,0x000000764eb00000) (1024K)]
  0x000002706b64e1e0 JavaThread "Framework Event Dispatcher: Equinox Container: 2c70efca-371a-4e7a-bba4-e3189a85b840" daemon [_thread_blocked, id=25972, stack(0x000000764f200000,0x000000764f300000) (1024K)]
  0x000002706b9f8e30 JavaThread "Start Level: Equinox Container: 2c70efca-371a-4e7a-bba4-e3189a85b840" daemon [_thread_in_Java, id=16728, stack(0x000000764f300000,0x000000764f400000) (1024K)]
  0x000002706b8d2520 JavaThread "C2 CompilerThread1"         daemon [_thread_in_native, id=22108, stack(0x000000764f400000,0x000000764f500000) (1024K)]
  0x000002706b8d2bd0 JavaThread "C2 CompilerThread2"         daemon [_thread_in_native, id=17176, stack(0x000000764f500000,0x000000764f600000) (1024K)]
Total: 17

Other Threads:
  0x00000270114d4270 VMThread "VM Thread"                           [id=6244, stack(0x000000764de00000,0x000000764df00000) (1024K)]
  0x00000270113ccb20 WatcherThread "VM Periodic Task Thread"        [id=15420, stack(0x000000764dd00000,0x000000764de00000) (1024K)]
  0x000002701155a220 WorkerThread "GC Thread#0"                     [id=6176, stack(0x000000764dc00000,0x000000764dd00000) (1024K)]
  0x000002706b3c9370 WorkerThread "GC Thread#1"                     [id=21904, stack(0x000000764eb00000,0x000000764ec00000) (1024K)]
  0x000002706b3c9720 WorkerThread "GC Thread#2"                     [id=27528, stack(0x000000764ec00000,0x000000764ed00000) (1024K)]
  0x000002706b3c9ad0 WorkerThread "GC Thread#3"                     [id=4588, stack(0x000000764ed00000,0x000000764ee00000) (1024K)]
  0x000002706b3c9e80 WorkerThread "GC Thread#4"                     [id=25548, stack(0x000000764ee00000,0x000000764ef00000) (1024K)]
  0x000002706b84b1c0 WorkerThread "GC Thread#5"                     [id=2504, stack(0x000000764ef00000,0x000000764f000000) (1024K)]
  0x000002706b84b570 WorkerThread "GC Thread#6"                     [id=12688, stack(0x000000764f000000,0x000000764f100000) (1024K)]
  0x000002706b65e4b0 WorkerThread "GC Thread#7"                     [id=8032, stack(0x000000764f100000,0x000000764f200000) (1024K)]
Total: 10

Threads with active compile tasks:
C2 CompilerThread0  4079 2033       4       java.util.zip.ZipFile::getZipEntry (322 bytes)
C1 CompilerThread0  4079 2061  s    3       java.io.ByteArrayOutputStream::toString (18 bytes)
C2 CompilerThread1  4079 2038       4       java.util.zip.ZipFile$ZipEntryIterator::nextElement (5 bytes)
C2 CompilerThread2  4079 2039   !   4       java.util.zip.ZipFile$ZipEntryIterator::next (71 bytes)
Total: 4

VM state: not at safepoint (normal execution)

VM Mutex/Monitor currently owned by a thread:  ([mutex/lock_event])
[0x00007ff82716d060] MethodCompileQueue_lock - owner thread: 0x000002706b9f8e30

Heap address: 0x0000000080000000, size: 2048 MB, Compressed Oops mode: 32-bit

CDS archive(s) mapped at: [0x0000027028000000-0x0000027028ba0000-0x0000027028ba0000), size 12189696, SharedBaseAddress: 0x0000027028000000, ArchiveRelocationMode: 1.
Compressed class space mapped at: 0x0000027029000000-0x0000027069000000, reserved size: 1073741824
Narrow klass base: 0x0000027028000000, Narrow klass shift: 0, Narrow klass range: 0x100000000

GC Precious Log:
 CardTable entry size: 512
 CPUs: 12 total, 12 available
 Memory: 7501M
 Large Page Support: Disabled
 NUMA Support: Disabled
 Compressed Oops: Enabled (32-bit)
 Alignments: Space 512K, Generation 512K, Heap 2M
 Heap Min Capacity: 100M
 Heap Initial Capacity: 100M
 Heap Max Capacity: 2G
 Pre-touch: Disabled
 Parallel Workers: 10

Heap:
 PSYoungGen      total 29696K, used 22677K [0x00000000d5580000, 0x00000000d7680000, 0x0000000100000000)
  eden space 25600K, 72% used [0x00000000d5580000,0x00000000d67a6250,0x00000000d6e80000)
  from space 4096K, 99% used [0x00000000d7280000,0x00000000d767f550,0x00000000d7680000)
  to   space 4096K, 0% used [0x00000000d6e80000,0x00000000d6e80000,0x00000000d7280000)
 ParOldGen       total 68608K, used 2130K [0x0000000080000000, 0x0000000084300000, 0x00000000d5580000)
  object space 68608K, 3% used [0x0000000080000000,0x00000000802148e8,0x0000000084300000)
 Metaspace       used 9392K, committed 9728K, reserved 1114112K
  class space    used 1008K, committed 1152K, reserved 1048576K

Card table byte_map: [0x0000027010ee0000,0x00000270112f0000] _byte_map_base: 0x0000027010ae0000

Marking Bits: (ParMarkBitMap*) 0x00007ff827173450
 Begin Bits: [0x00000270239f0000, 0x00000270259f0000)
 End Bits:   [0x00000270259f0000, 0x00000270279f0000)

Polling page: 0x000002700f2d0000

Metaspace:

Usage:
  Non-class:      8.19 MB used.
      Class:   1008.48 KB used.
       Both:      9.17 MB used.

Virtual space:
  Non-class space:       64.00 MB reserved,       8.38 MB ( 13%) committed,  1 nodes.
      Class space:        1.00 GB reserved,       1.12 MB ( <1%) committed,  1 nodes.
             Both:        1.06 GB reserved,       9.50 MB ( <1%) committed. 

Chunk freelists:
   Non-Class:  6.81 MB
       Class:  14.79 MB
        Both:  21.60 MB

MaxMetaspaceSize: unlimited
CompressedClassSpaceSize: 1.00 GB
Initial GC threshold: 21.00 MB
Current GC threshold: 21.00 MB
CDS: on
 - commit_granule_bytes: 65536.
 - commit_granule_words: 8192.
 - virtual_space_node_default_size: 8388608.
 - enlarge_chunks_in_place: 1.
 - use_allocation_guard: 0.


Internal statistics:

num_allocs_failed_limit: 0.
num_arena_births: 256.
num_arena_deaths: 0.
num_vsnodes_births: 2.
num_vsnodes_deaths: 0.
num_space_committed: 152.
num_space_uncommitted: 0.
num_chunks_returned_to_freelist: 0.
num_chunks_taken_from_freelist: 507.
num_chunk_merges: 0.
num_chunk_splits: 322.
num_chunks_enlarged: 213.
num_inconsistent_stats: 0.

CodeHeap 'non-profiled nmethods': size=120000Kb used=873Kb max_used=873Kb free=119126Kb
 bounds [0x000002701c210000, 0x000002701c480000, 0x0000027023740000]
CodeHeap 'profiled nmethods': size=120000Kb used=3751Kb max_used=3751Kb free=116248Kb
 bounds [0x0000027014740000, 0x0000027014af0000, 0x000002701bc70000]
CodeHeap 'non-nmethods': size=5760Kb used=1230Kb max_used=1260Kb free=4529Kb
 bounds [0x000002701bc70000, 0x000002701bee0000, 0x000002701c210000]
CodeCache: size=245760Kb, used=5854Kb, max_used=5884Kb, free=239903Kb
 total_blobs=2548, nmethods=2055, adapters=399, full_count=0
Compilation: enabled, stopped_count=0, restarted_count=0

Compilation events (20 events):
Event: 4.028 Thread 0x00000270115fc830 2040       3       java.lang.invoke.DirectMethodHandle$Holder::newInvokeSpecial (21 bytes)
Event: 4.028 Thread 0x00000270115fc830 nmethod 2040 0x0000027014ad8b10 code [0x0000027014ad8d00, 0x0000027014ad9480]
Event: 4.029 Thread 0x00000270115fc830 2043   !   3       org.eclipse.osgi.storage.bundlefile.CloseableBundleFile::lockOpen (113 bytes)
Event: 4.029 Thread 0x000002706b8d2520 2035       4       java.util.zip.ZipEntry::<init> (84 bytes)
Event: 4.029 Thread 0x000002706b8d2bd0 2037       4       java.util.zip.ZipFile$ZipEntryIterator::hasMoreElements (5 bytes)
Event: 4.030 Thread 0x000002706b8d2bd0 nmethod 2037 0x000002701c2e8290 code [0x000002701c2e8420, 0x000002701c2e84c0]
Event: 4.030 Thread 0x000002706b8d2bd0 2034       4       java.util.zip.ZipCoder$UTF8ZipCoder::toString (12 bytes)
Event: 4.031 Thread 0x00000270115fc830 nmethod 2043 0x0000027014ad9610 code [0x0000027014ad98e0, 0x0000027014ada9f8]
Event: 4.031 Thread 0x000002706b8d2520 nmethod 2035 0x000002701c2e8590 code [0x000002701c2e8720, 0x000002701c2e8858]
Event: 4.031 Thread 0x00000270115fc830 2044   !   3       org.eclipse.osgi.storage.bundlefile.CloseableBundleFile::internalOpen (118 bytes)
Event: 4.031 Thread 0x000002706b8d2520 2036       4       java.lang.String::newStringUTF8NoRepl (322 bytes)
Event: 4.034 Thread 0x00000270115fc830 nmethod 2044 0x0000027014adb090 code [0x0000027014adb460, 0x0000027014adcd48]
Event: 4.034 Thread 0x00000270115fc830 2045       3       org.eclipse.osgi.storage.bundlefile.CloseableBundleFile::releaseOpen (8 bytes)
Event: 4.035 Thread 0x00000270115fc830 nmethod 2045 0x0000027014add690 code [0x0000027014add860, 0x0000027014addc20]
Event: 4.036 Thread 0x00000270115fc830 2046       3       org.eclipse.osgi.container.ModuleRevision::getModuleCapabilities (9 bytes)
Event: 4.037 Thread 0x00000270115fc830 nmethod 2046 0x0000027014addd90 code [0x0000027014addf60, 0x0000027014ade358]
Event: 4.043 Thread 0x000002706b8d2520 nmethod 2036 0x000002701c2e8990 code [0x000002701c2e8b60, 0x000002701c2e9270]
Event: 4.043 Thread 0x000002706b8d2bd0 nmethod 2034 0x000002701c2e9690 code [0x000002701c2e9860, 0x000002701c2e9f48]
Event: 4.043 Thread 0x000002706b8d2520 2038       4       java.util.zip.ZipFile$ZipEntryIterator::nextElement (5 bytes)
Event: 4.043 Thread 0x000002706b8d2bd0 2039   !   4       java.util.zip.ZipFile$ZipEntryIterator::next (71 bytes)

GC Heap History (4 events):
Event: 1.766 GC heap before
{Heap before GC invocations=1 (full 0):
 PSYoungGen      total 29696K, used 25600K [0x00000000d5580000, 0x00000000d7680000, 0x0000000100000000)
  eden space 25600K, 100% used [0x00000000d5580000,0x00000000d6e80000,0x00000000d6e80000)
  from space 4096K, 0% used [0x00000000d7280000,0x00000000d7280000,0x00000000d7680000)
  to   space 4096K, 0% used [0x00000000d6e80000,0x00000000d6e80000,0x00000000d7280000)
 ParOldGen       total 68608K, used 0K [0x0000000080000000, 0x0000000084300000, 0x00000000d5580000)
  object space 68608K, 0% used [0x0000000080000000,0x0000000080000000,0x0000000084300000)
 Metaspace       used 4356K, committed 4608K, reserved 1114112K
  class space    used 474K, committed 576K, reserved 1048576K
}
Event: 1.779 GC heap after
{Heap after GC invocations=1 (full 0):
 PSYoungGen      total 29696K, used 3271K [0x00000000d5580000, 0x00000000d7680000, 0x0000000100000000)
  eden space 25600K, 0% used [0x00000000d5580000,0x00000000d5580000,0x00000000d6e80000)
  from space 4096K, 79% used [0x00000000d6e80000,0x00000000d71b1e98,0x00000000d7280000)
  to   space 4096K, 0% used [0x00000000d7280000,0x00000000d7280000,0x00000000d7680000)
 ParOldGen       total 68608K, used 16K [0x0000000080000000, 0x0000000084300000, 0x00000000d5580000)
  object space 68608K, 0% used [0x0000000080000000,0x0000000080004000,0x0000000084300000)
 Metaspace       used 4356K, committed 4608K, reserved 1114112K
  class space    used 474K, committed 576K, reserved 1048576K
}
Event: 3.469 GC heap before
{Heap before GC invocations=2 (full 0):
 PSYoungGen      total 29696K, used 28871K [0x00000000d5580000, 0x00000000d7680000, 0x0000000100000000)
  eden space 25600K, 100% used [0x00000000d5580000,0x00000000d6e80000,0x00000000d6e80000)
  from space 4096K, 79% used [0x00000000d6e80000,0x00000000d71b1e98,0x00000000d7280000)
  to   space 4096K, 0% used [0x00000000d7280000,0x00000000d7280000,0x00000000d7680000)
 ParOldGen       total 68608K, used 16K [0x0000000080000000, 0x0000000084300000, 0x00000000d5580000)
  object space 68608K, 0% used [0x0000000080000000,0x0000000080004000,0x0000000084300000)
 Metaspace       used 7976K, committed 8256K, reserved 1114112K
  class space    used 830K, committed 960K, reserved 1048576K
}
Event: 3.480 GC heap after
{Heap after GC invocations=2 (full 0):
 PSYoungGen      total 29696K, used 4093K [0x00000000d5580000, 0x00000000d7680000, 0x0000000100000000)
  eden space 25600K, 0% used [0x00000000d5580000,0x00000000d5580000,0x00000000d6e80000)
  from space 4096K, 99% used [0x00000000d7280000,0x00000000d767f550,0x00000000d7680000)
  to   space 4096K, 0% used [0x00000000d6e80000,0x00000000d6e80000,0x00000000d7280000)
 ParOldGen       total 68608K, used 2130K [0x0000000080000000, 0x0000000084300000, 0x00000000d5580000)
  object space 68608K, 3% used [0x0000000080000000,0x00000000802148e8,0x0000000084300000)
 Metaspace       used 7976K, committed 8256K, reserved 1114112K
  class space    used 830K, committed 960K, reserved 1048576K
}

Dll operation events (9 events):
Event: 0.026 Loaded shared library c:\Users\kalra\.vscode\extensions\redhat.java-1.53.0-win32-x64\jre\21.0.10-win32-x86_64\bin\java.dll
Event: 0.175 Loaded shared library c:\Users\kalra\.vscode\extensions\redhat.java-1.53.0-win32-x64\jre\21.0.10-win32-x86_64\bin\zip.dll
Event: 0.220 Loaded shared library C:\Users\kalra\.vscode\extensions\redhat.java-1.53.0-win32-x64\jre\21.0.10-win32-x86_64\bin\instrument.dll
Event: 0.232 Loaded shared library C:\Users\kalra\.vscode\extensions\redhat.java-1.53.0-win32-x64\jre\21.0.10-win32-x86_64\bin\net.dll
Event: 0.237 Loaded shared library C:\Users\kalra\.vscode\extensions\redhat.java-1.53.0-win32-x64\jre\21.0.10-win32-x86_64\bin\nio.dll
Event: 0.242 Loaded shared library C:\Users\kalra\.vscode\extensions\redhat.java-1.53.0-win32-x64\jre\21.0.10-win32-x86_64\bin\zip.dll
Event: 0.282 Loaded shared library C:\Users\kalra\.vscode\extensions\redhat.java-1.53.0-win32-x64\jre\21.0.10-win32-x86_64\bin\jimage.dll
Event: 0.449 Loaded shared library c:\Users\kalra\.vscode\extensions\redhat.java-1.53.0-win32-x64\jre\21.0.10-win32-x86_64\bin\verify.dll
Event: 3.558 Loaded shared library C:\Users\kalra\AppData\Roaming\Code\User\globalStorage\redhat.java\1.53.0\config_win\org.eclipse.equinox.launcher\org.eclipse.equinox.launcher.win32.win32.x86_64_1.3.0.v20260203-2149\eclipse_11919.dll

Deoptimization events (20 events):
Event: 3.757 Thread 0x000002706b9f8e30 Uncommon trap: trap_request=0xffffff45 fr.pc=0x000002701c2ca24c relative=0x0000000000000e0c
Event: 3.757 Thread 0x000002706b9f8e30 Uncommon trap: reason=unstable_if action=reinterpret pc=0x000002701c2ca24c method=java.lang.String.<init>(Ljava/nio/charset/Charset;[BII)V @ 6 c2
Event: 3.757 Thread 0x000002706b9f8e30 DEOPT PACKING pc=0x000002701c2ca24c sp=0x000000764f3fe130
Event: 3.757 Thread 0x000002706b9f8e30 DEOPT UNPACKING pc=0x000002701bcc3aa2 sp=0x000000764f3fe100 mode 2
Event: 3.975 Thread 0x000002706b9f8e30 Uncommon trap: trap_request=0xffffff45 fr.pc=0x000002701c24a774 relative=0x0000000000000054
Event: 3.975 Thread 0x000002706b9f8e30 Uncommon trap: reason=unstable_if action=reinterpret pc=0x000002701c24a774 method=java.lang.CharacterData.of(I)Ljava/lang/CharacterData; @ 4 c2
Event: 3.975 Thread 0x000002706b9f8e30 DEOPT PACKING pc=0x000002701c24a774 sp=0x000000764f3fdb80
Event: 3.975 Thread 0x000002706b9f8e30 DEOPT UNPACKING pc=0x000002701bcc3aa2 sp=0x000000764f3fdb18 mode 2
Event: 3.998 Thread 0x000002706b9f8e30 Uncommon trap: trap_request=0xffffffde fr.pc=0x000002701c2e66e4 relative=0x0000000000000304
Event: 3.998 Thread 0x000002706b9f8e30 Uncommon trap: reason=class_check action=maybe_recompile pc=0x000002701c2e66e4 method=java.util.regex.Pattern$BmpCharPropertyGreedy.match(Ljava/util/regex/Matcher;ILjava/lang/CharSequence;)Z @ 26 c2
Event: 3.998 Thread 0x000002706b9f8e30 DEOPT PACKING pc=0x000002701c2e66e4 sp=0x000000764f3fe300
Event: 3.998 Thread 0x000002706b9f8e30 DEOPT UNPACKING pc=0x000002701bcc3aa2 sp=0x000000764f3fe2b8 mode 2
Event: 3.998 Thread 0x000002706b9f8e30 Uncommon trap: trap_request=0xffffffde fr.pc=0x000002701c2e66e4 relative=0x0000000000000304
Event: 3.998 Thread 0x000002706b9f8e30 Uncommon trap: reason=class_check action=maybe_recompile pc=0x000002701c2e66e4 method=java.util.regex.Pattern$BmpCharPropertyGreedy.match(Ljava/util/regex/Matcher;ILjava/lang/CharSequence;)Z @ 26 c2
Event: 3.998 Thread 0x000002706b9f8e30 DEOPT PACKING pc=0x000002701c2e66e4 sp=0x000000764f3fe310
Event: 3.998 Thread 0x000002706b9f8e30 DEOPT UNPACKING pc=0x000002701bcc3aa2 sp=0x000000764f3fe2c8 mode 2
Event: 4.013 Thread 0x000002706b9f8e30 Uncommon trap: trap_request=0xffffff45 fr.pc=0x000002701c2e36b0 relative=0x00000000000009d0
Event: 4.013 Thread 0x000002706b9f8e30 Uncommon trap: reason=unstable_if action=reinterpret pc=0x000002701c2e36b0 method=java.util.concurrent.ConcurrentHashMap.putVal(Ljava/lang/Object;Ljava/lang/Object;Z)Ljava/lang/Object; @ 148 c2
Event: 4.013 Thread 0x000002706b9f8e30 DEOPT PACKING pc=0x000002701c2e36b0 sp=0x000000764f3fe830
Event: 4.013 Thread 0x000002706b9f8e30 DEOPT UNPACKING pc=0x000002701bcc3aa2 sp=0x000000764f3fe7a0 mode 2

Classes loaded (20 events):
Event: 3.923 Loading class sun/util/logging/resources/logging_en_IN
Event: 3.923 Loading class sun/util/logging/resources/logging_en_IN done
Event: 3.928 Loading class java/util/Formatter$DateTime
Event: 3.928 Loading class java/util/Formatter$DateTime done
Event: 3.928 Loading class java/util/Formatter$FixedString
Event: 3.928 Loading class java/util/Formatter$FixedString done
Event: 3.929 Loading class java/time/ZonedDateTime$1
Event: 3.929 Loading class java/time/ZonedDateTime$1 done
Event: 3.938 Loading class jdk/internal/module/ModulePatcher$PatchedModuleReader
Event: 3.938 Loading class jdk/internal/module/ModulePatcher$PatchedModuleReader done
Event: 3.949 Loading class sun/util/resources/LocaleData$CommonResourceBundleProvider
Event: 3.949 Loading class sun/util/resources/LocaleData$LocaleDataResourceBundleProvider
Event: 3.949 Loading class java/util/spi/ResourceBundleProvider
Event: 3.949 Loading class java/util/spi/ResourceBundleProvider done
Event: 3.949 Loading class sun/util/resources/LocaleData$LocaleDataResourceBundleProvider done
Event: 3.949 Loading class sun/util/resources/LocaleData$CommonResourceBundleProvider done
Event: 3.953 Loading class sun/text/resources/cldr/FormatData_en
Event: 3.954 Loading class sun/text/resources/cldr/FormatData_en done
Event: 3.955 Loading class sun/util/resources/Bundles$2
Event: 3.955 Loading class sun/util/resources/Bundles$2 done

Classes unloaded (0 events):
No events

Classes redefined (0 events):
No events

Internal exceptions (20 events):
Event: 1.919 Thread 0x000002701153d700 Implicit null exception at 0x000002701c27e949 to 0x000002701c27f408
Event: 1.919 Thread 0x000002701153d700 Implicit null exception at 0x000002701c27231a to 0x000002701c272524
Event: 1.922 Thread 0x000002701153d700 Exception <a 'java/lang/NoSuchMethodError'{0x00000000d5733e88}: 'void java.lang.invoke.DirectMethodHandle$Holder.invokeStatic(java.lang.Object, java.lang.Object, java.lang.Object, java.lang.Object)'> (0x00000000d5733e88) 
thrown [s\src\hotspot\share\interpreter\linkResolver.cpp, line 773]
Event: 1.925 Thread 0x000002701153d700 Implicit null exception at 0x000002701c26e83c to 0x000002701c26eac8
Event: 1.925 Thread 0x000002701153d700 Implicit null exception at 0x000002701c26c6bd to 0x000002701c26c741
Event: 2.147 Thread 0x000002701153d700 Exception <a 'java/lang/NoSuchMethodError'{0x00000000d59e2878}: 'void java.lang.invoke.DirectMethodHandle$Holder.invokeSpecial(java.lang.Object, java.lang.Object, java.lang.Object)'> (0x00000000d59e2878) 
thrown [s\src\hotspot\share\interpreter\linkResolver.cpp, line 773]
Event: 2.725 Thread 0x000002701153d700 Exception <a 'java/lang/NoSuchMethodError'{0x00000000d647b760}: 'int java.lang.invoke.DirectMethodHandle$Holder.invokeVirtual(java.lang.Object, java.lang.Object)'> (0x00000000d647b760) 
thrown [s\src\hotspot\share\interpreter\linkResolver.cpp, line 773]
Event: 2.878 Thread 0x000002701153d700 Exception <a 'java/lang/NoSuchMethodError'{0x00000000d65f3998}: 'int java.lang.invoke.DirectMethodHandle$Holder.invokeStaticInit(java.lang.Object, java.lang.Object, java.lang.Object, java.lang.Object)'> (0x00000000d65f3998) 
thrown [s\src\hotspot\share\interpreter\linkResolver.cpp, line 773]
Event: 2.882 Thread 0x000002701153d700 Exception <a 'java/lang/IncompatibleClassChangeError'{0x00000000d65fbda0}: Found class java.lang.Object, but interface was expected> (0x00000000d65fbda0) 
thrown [s\src\hotspot\share\interpreter\linkResolver.cpp, line 840]
Event: 2.883 Thread 0x000002701153d700 Exception <a 'java/lang/NoSuchMethodError'{0x00000000d6602370}: 'void java.lang.invoke.DirectMethodHandle$Holder.invokeStaticInit(java.lang.Object, java.lang.Object)'> (0x00000000d6602370) 
thrown [s\src\hotspot\share\interpreter\linkResolver.cpp, line 773]
Event: 2.886 Thread 0x000002701153d700 Exception <a 'java/lang/NoSuchMethodError'{0x00000000d660b688}: 'int java.lang.invoke.DirectMethodHandle$Holder.invokeStaticInit(java.lang.Object, java.lang.Object)'> (0x00000000d660b688) 
thrown [s\src\hotspot\share\interpreter\linkResolver.cpp, line 773]
Event: 2.998 Thread 0x000002701153d700 Exception <a 'java/lang/NoSuchMethodError'{0x00000000d68571b0}: 'java.lang.Object java.lang.invoke.DirectMethodHandle$Holder.newInvokeSpecial(java.lang.Object, int, java.lang.Object)'> (0x00000000d68571b0) 
thrown [s\src\hotspot\share\interpreter\linkResolver.cpp, line 773]
Event: 3.109 Thread 0x000002701153d700 Exception <a 'java/lang/ClassNotFoundException'{0x00000000d6a72e58}: sun/net/www/protocol/plurl/Handler> (0x00000000d6a72e58) 
thrown [s\src\hotspot\share\classfile\systemDictionary.cpp, line 312]
Event: 3.109 Thread 0x000002701153d700 Exception <a 'java/lang/ClassNotFoundException'{0x00000000d6a73cd8}: sun/net/www/protocol/plurl/Handler> (0x00000000d6a73cd8) 
thrown [s\src\hotspot\share\classfile\systemDictionary.cpp, line 312]
Event: 3.547 Thread 0x000002701153d700 Exception <a 'java/lang/UnsatisfiedLinkError'{0x00000000d563e548}: 'void org.eclipse.equinox.launcher.JNIBridge._update_splash()'> (0x00000000d563e548) 
thrown [s\src\hotspot\share\prims\nativeLookup.cpp, line 415]
Event: 3.659 Thread 0x000002706b661d70 Exception <a 'java/lang/NoSuchMethodError'{0x00000000d58e7d18}: 'void java.lang.invoke.DirectMethodHandle$Holder.invokeInterface(java.lang.Object, java.lang.Object, java.lang.Object)'> (0x00000000d58e7d18) 
thrown [s\src\hotspot\share\interpreter\linkResolver.cpp, line 773]
Event: 3.829 Thread 0x000002706b9f8e30 Exception <a 'java/lang/NoSuchMethodError'{0x00000000d5c95ef0}: 'java.lang.Object java.lang.invoke.DirectMethodHandle$Holder.newInvokeSpecial(java.lang.Object, java.lang.Object, int, java.lang.Object)'> (0x00000000d5c95ef0) 
thrown [s\src\hotspot\share\interpreter\linkResolver.cpp, line 773]
Event: 3.830 Thread 0x000002706b9f8e30 Exception <a 'java/lang/NoSuchMethodError'{0x00000000d5c99d20}: 'java.lang.Object java.lang.invoke.DirectMethodHandle$Holder.invokeSpecial(java.lang.Object, java.lang.Object, java.lang.Object, int, java.lang.Object)'> (0x00000000d5c99d20) 
thrown [s\src\hotspot\share\interpreter\linkResolver.cpp, line 773]
Event: 3.864 Thread 0x000002706b9f8e30 Exception <a 'java/lang/NoClassDefFoundError'{0x00000000d5d41020}: jakarta/servlet/ServletContainerInitializer> (0x00000000d5d41020) 
thrown [s\src\hotspot\share\classfile\systemDictionary.cpp, line 301]
Event: 3.918 Thread 0x000002706b9f8e30 Exception <a 'java/lang/ClassNotFoundException'{0x00000000d5e95698}: sun/util/logging/resources/spi/loggingProvider> (0x00000000d5e95698) 
thrown [s\src\hotspot\share\classfile\systemDictionary.cpp, line 312]

ZGC Phase Switch (0 events):
No events

VM Operations (20 events):
Event: 2.783 Executing safepoint VM operation: Cleanup
Event: 2.783 Executing safepoint VM operation: Cleanup done
Event: 2.946 Executing non-safepoint VM operation: HandshakeAllThreads (Deoptimize)
Event: 2.947 Executing non-safepoint VM operation: HandshakeAllThreads (Deoptimize) done
Event: 2.969 Executing non-safepoint VM operation: HandshakeAllThreads (Deoptimize)
Event: 2.969 Executing non-safepoint VM operation: HandshakeAllThreads (Deoptimize) done
Event: 3.066 Executing non-safepoint VM operation: HandshakeAllThreads (Deoptimize)
Event: 3.066 Executing non-safepoint VM operation: HandshakeAllThreads (Deoptimize) done
Event: 3.101 Executing non-safepoint VM operation: HandshakeAllThreads (Deoptimize)
Event: 3.101 Executing non-safepoint VM operation: HandshakeAllThreads (Deoptimize) done
Event: 3.469 Executing safepoint VM operation: ParallelGCFailedAllocation (Allocation Failure)
Event: 3.481 Executing safepoint VM operation: ParallelGCFailedAllocation (Allocation Failure) done
Event: 3.894 Executing non-safepoint VM operation: HandshakeAllThreads (Deoptimize)
Event: 3.894 Executing non-safepoint VM operation: HandshakeAllThreads (Deoptimize) done
Event: 3.939 Executing non-safepoint VM operation: HandshakeAllThreads (Deoptimize)
Event: 3.939 Executing non-safepoint VM operation: HandshakeAllThreads (Deoptimize) done
Event: 3.978 Executing non-safepoint VM operation: HandshakeAllThreads (Deoptimize)
Event: 3.978 Executing non-safepoint VM operation: HandshakeAllThreads (Deoptimize) done
Event: 4.012 Executing non-safepoint VM operation: HandshakeAllThreads (Deoptimize)
Event: 4.012 Executing non-safepoint VM operation: HandshakeAllThreads (Deoptimize) done

Memory protections (0 events):
No events

Nmethod flushes (0 events):
No events

Events (20 events):
Event: 0.088 Thread 0x000002701153d700 Thread added: 0x00000270115f6b30
Event: 0.088 Thread 0x000002701153d700 Thread added: 0x00000270115fc830
Event: 0.224 Thread 0x000002701153d700 Thread added: 0x000002706a52fec0
Event: 0.439 Thread 0x00000270115f6b30 Thread added: 0x000002706a5da320
Event: 0.687 Thread 0x000002701153d700 Thread added: 0x000002706a679910
Event: 1.093 Thread 0x000002706a5da320 Thread added: 0x000002706b3fcec0
Event: 1.939 Thread 0x000002706b3fcec0 Thread exited: 0x000002706b3fcec0
Event: 2.056 Thread 0x000002706a5da320 Thread exited: 0x000002706a5da320
Event: 2.281 Thread 0x00000270115fc830 Thread added: 0x000002706b744920
Event: 2.284 Thread 0x000002706b744920 Thread added: 0x000002706b7457e0
Event: 2.514 Thread 0x000002706b7457e0 Thread exited: 0x000002706b7457e0
Event: 2.826 Thread 0x000002706b744920 Thread exited: 0x000002706b744920
Event: 2.922 Thread 0x000002701153d700 Thread added: 0x000002706ba72de0
Event: 3.181 Thread 0x00000270115fc830 Thread added: 0x0000027070031e40
Event: 3.512 Thread 0x0000027070031e40 Thread exited: 0x0000027070031e40
Event: 3.543 Thread 0x000002701153d700 Thread added: 0x000002706b661d70
Event: 3.667 Thread 0x000002706b661d70 Thread added: 0x000002706b64e1e0
Event: 3.681 Thread 0x000002701153d700 Thread added: 0x000002706b9f8e30
Event: 4.029 Thread 0x00000270115fc830 Thread added: 0x000002706b8d2520
Event: 4.029 Thread 0x00000270115fc830 Thread added: 0x000002706b8d2bd0


Dynamic libraries:
0x00007ff7c0080000 - 0x00007ff7c008e000 	c:\Users\kalra\.vscode\extensions\redhat.java-1.53.0-win32-x64\jre\21.0.10-win32-x86_64\bin\java.exe
0x00007ff8e0ea0000 - 0x00007ff8e1107000 	C:\WINDOWS\SYSTEM32\ntdll.dll
0x00007ff8e0c10000 - 0x00007ff8e0cd9000 	C:\WINDOWS\System32\KERNEL32.DLL
0x00007ff8de790000 - 0x00007ff8deb81000 	C:\WINDOWS\System32\KERNELBASE.dll
0x00007ff8dd9b0000 - 0x00007ff8ddafb000 	C:\WINDOWS\System32\ucrtbase.dll
0x00007ff8b88a0000 - 0x00007ff8b88b8000 	c:\Users\kalra\.vscode\extensions\redhat.java-1.53.0-win32-x64\jre\21.0.10-win32-x86_64\bin\jli.dll
0x00007ff8e0330000 - 0x00007ff8e04f5000 	C:\WINDOWS\System32\USER32.dll
0x00007ff8b8b90000 - 0x00007ff8b8bae000 	c:\Users\kalra\.vscode\extensions\redhat.java-1.53.0-win32-x64\jre\21.0.10-win32-x86_64\bin\VCRUNTIME140.dll
0x00007ff8dd810000 - 0x00007ff8dd837000 	C:\WINDOWS\System32\win32u.dll
0x00007ff8e0510000 - 0x00007ff8e053b000 	C:\WINDOWS\System32\GDI32.dll
0x00007ff8de5b0000 - 0x00007ff8de6db000 	C:\WINDOWS\System32\gdi32full.dll
0x00007ff8c4eb0000 - 0x00007ff8c5143000 	C:\WINDOWS\WinSxS\amd64_microsoft.windows.common-controls_6595b64144ccf1df_6.0.26100.8037_none_3e092faae333b53b\COMCTL32.dll
0x00007ff8deb90000 - 0x00007ff8dec33000 	C:\WINDOWS\System32\msvcp_win.dll
0x00007ff8e0140000 - 0x00007ff8e01e9000 	C:\WINDOWS\System32\msvcrt.dll
0x00007ff8e0b70000 - 0x00007ff8e0ba1000 	C:\WINDOWS\System32\IMM32.DLL
0x00007ff8c56a0000 - 0x00007ff8c56ac000 	c:\Users\kalra\.vscode\extensions\redhat.java-1.53.0-win32-x64\jre\21.0.10-win32-x86_64\bin\vcruntime140_1.dll
0x00007ff891e10000 - 0x00007ff891e9d000 	c:\Users\kalra\.vscode\extensions\redhat.java-1.53.0-win32-x64\jre\21.0.10-win32-x86_64\bin\msvcp140.dll
0x00007ff8264b0000 - 0x00007ff827251000 	c:\Users\kalra\.vscode\extensions\redhat.java-1.53.0-win32-x64\jre\21.0.10-win32-x86_64\bin\server\jvm.dll
0x00007ff8e0270000 - 0x00007ff8e032b000 	C:\WINDOWS\System32\ADVAPI32.dll
0x00007ff8e0960000 - 0x00007ff8e0a07000 	C:\WINDOWS\System32\sechost.dll
0x00007ff8dfc60000 - 0x00007ff8dfd78000 	C:\WINDOWS\System32\RPCRT4.dll
0x00007ff8e05b0000 - 0x00007ff8e0624000 	C:\WINDOWS\System32\WS2_32.dll
0x00007ff8dd5e0000 - 0x00007ff8dd63e000 	C:\WINDOWS\SYSTEM32\POWRPROF.dll
0x00007ff8d7020000 - 0x00007ff8d7055000 	C:\WINDOWS\SYSTEM32\WINMM.dll
0x00007ff8d7060000 - 0x00007ff8d706b000 	C:\WINDOWS\SYSTEM32\VERSION.dll
0x00007ff8dd5c0000 - 0x00007ff8dd5d4000 	C:\WINDOWS\SYSTEM32\UMPDC.dll
0x00007ff8dc510000 - 0x00007ff8dc52b000 	C:\WINDOWS\SYSTEM32\kernel.appcore.dll
0x00007ff8c4580000 - 0x00007ff8c458a000 	c:\Users\kalra\.vscode\extensions\redhat.java-1.53.0-win32-x64\jre\21.0.10-win32-x86_64\bin\jimage.dll
0x00007ff8d2f10000 - 0x00007ff8d3152000 	C:\WINDOWS\SYSTEM32\DBGHELP.DLL
0x00007ff8dfdb0000 - 0x00007ff8e0132000 	C:\WINDOWS\System32\combase.dll
0x00007ff8e0730000 - 0x00007ff8e0807000 	C:\WINDOWS\System32\OLEAUT32.dll
0x00007ff8c1bf0000 - 0x00007ff8c1c2b000 	C:\WINDOWS\SYSTEM32\dbgcore.DLL
0x00007ff8de6e0000 - 0x00007ff8de785000 	C:\WINDOWS\System32\bcryptPrimitives.dll
0x00007ff8c3710000 - 0x00007ff8c371f000 	c:\Users\kalra\.vscode\extensions\redhat.java-1.53.0-win32-x64\jre\21.0.10-win32-x86_64\bin\instrument.dll
0x00007ff8a6640000 - 0x00007ff8a6660000 	c:\Users\kalra\.vscode\extensions\redhat.java-1.53.0-win32-x64\jre\21.0.10-win32-x86_64\bin\java.dll
0x00007ff8df4f0000 - 0x00007ff8dfc4f000 	C:\WINDOWS\System32\SHELL32.dll
0x00007ff8dd840000 - 0x00007ff8dd9aa000 	C:\WINDOWS\System32\wintypes.dll
0x00007ff8ddbc0000 - 0x00007ff8de424000 	C:\WINDOWS\System32\windows.storage.dll
0x00007ff8e0630000 - 0x00007ff8e0727000 	C:\WINDOWS\System32\SHCORE.dll
0x00007ff8e0540000 - 0x00007ff8e05a7000 	C:\WINDOWS\System32\shlwapi.dll
0x00007ff8dd6a0000 - 0x00007ff8dd6c9000 	C:\WINDOWS\SYSTEM32\profapi.dll
0x00007ff8a65f0000 - 0x00007ff8a6608000 	c:\Users\kalra\.vscode\extensions\redhat.java-1.53.0-win32-x64\jre\21.0.10-win32-x86_64\bin\zip.dll
0x00007ff8c36e0000 - 0x00007ff8c36f0000 	C:\Users\kalra\.vscode\extensions\redhat.java-1.53.0-win32-x64\jre\21.0.10-win32-x86_64\bin\net.dll
0x00007ff8d6e90000 - 0x00007ff8d6fb7000 	C:\WINDOWS\SYSTEM32\WINHTTP.dll
0x00007ff8dca80000 - 0x00007ff8dcaeb000 	C:\WINDOWS\system32\mswsock.dll
0x00007ff8a6570000 - 0x00007ff8a6586000 	C:\Users\kalra\.vscode\extensions\redhat.java-1.53.0-win32-x64\jre\21.0.10-win32-x86_64\bin\nio.dll
0x00007ff8c3660000 - 0x00007ff8c3670000 	c:\Users\kalra\.vscode\extensions\redhat.java-1.53.0-win32-x64\jre\21.0.10-win32-x86_64\bin\verify.dll
0x00007ff89f8a0000 - 0x00007ff89f8e5000 	C:\Users\kalra\AppData\Roaming\Code\User\globalStorage\redhat.java\1.53.0\config_win\org.eclipse.equinox.launcher\org.eclipse.equinox.launcher.win32.win32.x86_64_1.3.0.v20260203-2149\eclipse_11919.dll
0x00007ff8dec40000 - 0x00007ff8dedd5000 	C:\WINDOWS\System32\ole32.dll

JVMTI agents:
c:\Users\kalra\.vscode\extensions\redhat.java-1.53.0-win32-x64\lombok\lombok-1.18.39-4050.jar path:c:\Users\kalra\.vscode\extensions\redhat.java-1.53.0-win32-x64\jre\21.0.10-win32-x86_64\bin\instrument.dll, loaded, initialized, instrumentlib options:none

dbghelp: loaded successfully - version: 4.0.5 - missing functions: none
symbol engine: initialized successfully - sym options: 0x614 - pdb path: .;c:\Users\kalra\.vscode\extensions\redhat.java-1.53.0-win32-x64\jre\21.0.10-win32-x86_64\bin;C:\WINDOWS\SYSTEM32;C:\WINDOWS\WinSxS\amd64_microsoft.windows.common-controls_6595b64144ccf1df_6.0.26100.8037_none_3e092faae333b53b;c:\Users\kalra\.vscode\extensions\redhat.java-1.53.0-win32-x64\jre\21.0.10-win32-x86_64\bin\server;C:\Users\kalra\AppData\Roaming\Code\User\globalStorage\redhat.java\1.53.0\config_win\org.eclipse.equinox.launcher\org.eclipse.equinox.launcher.win32.win32.x86_64_1.3.0.v20260203-2149

VM Arguments:
jvm_args: --add-modules=ALL-SYSTEM --add-opens=java.base/java.util=ALL-UNNAMED --add-opens=java.base/java.lang=ALL-UNNAMED --add-opens=java.base/sun.nio.fs=ALL-UNNAMED -Declipse.application=org.eclipse.jdt.ls.core.id1 -Dosgi.bundles.defaultStartLevel=4 -Declipse.product=org.eclipse.jdt.ls.core.product -Djava.import.generatesMetadataFilesAtProjectRoot=false -DDetectVMInstallationsJob.disabled=true -Dfile.encoding=utf8 -XX:+UseParallelGC -XX:GCTimeRatio=4 -XX:AdaptiveSizePolicyWeight=90 -Dsun.zip.disableMemoryMapping=true -Xmx2G -Xms100m -Xlog:disable -javaagent:c:\Users\kalra\.vscode\extensions\redhat.java-1.53.0-win32-x64\lombok\lombok-1.18.39-4050.jar -XX:+HeapDumpOnOutOfMemoryError -XX:HeapDumpPath=c:\Users\kalra\AppData\Roaming\Code\User\workspaceStorage\4fda5c3b26c15e0cb27154c0e992db6d\redhat.java -Daether.dependencyCollector.impl=bf 
java_command: c:\Users\kalra\.vscode\extensions\redhat.java-1.53.0-win32-x64\server\plugins\org.eclipse.equinox.launcher_1.7.100.v20251111-0406.jar -configuration c:\Users\kalra\AppData\Roaming\Code\User\globalStorage\redhat.java\1.53.0\config_win -data c:\Users\kalra\AppData\Roaming\Code\User\workspaceStorage\4fda5c3b26c15e0cb27154c0e992db6d\redhat.java\jdt_ws --pipe=\\.\pipe\lsp-5cfc18e54ae2787da7900377bbe63bf5-sock
java_class_path (initial): c:\Users\kalra\.vscode\extensions\redhat.java-1.53.0-win32-x64\server\plugins\org.eclipse.equinox.launcher_1.7.100.v20251111-0406.jar
Launcher Type: SUN_STANDARD

[Global flags]
    uintx AdaptiveSizePolicyWeight                 = 90                                        {product} {command line}
     intx CICompilerCount                          = 4                                         {product} {ergonomic}
    uintx GCTimeRatio                              = 4                                         {product} {command line}
     bool HeapDumpOnOutOfMemoryError               = true                                   {manageable} {command line}
    ccstr HeapDumpPath                             = c:\Users\kalra\AppData\Roaming\Code\User\workspaceStorage\4fda5c3b26c15e0cb27154c0e992db6d\redhat.java         {manageable} {command line}
   size_t InitialHeapSize                          = 104857600                                 {product} {command line}
   size_t MaxHeapSize                              = 2147483648                                {product} {command line}
   size_t MaxNewSize                               = 715653120                                 {product} {ergonomic}
   size_t MinHeapDeltaBytes                        = 524288                                    {product} {ergonomic}
   size_t MinHeapSize                              = 104857600                                 {product} {command line}
   size_t NewSize                                  = 34603008                                  {product} {ergonomic}
    uintx NonNMethodCodeHeapSize                   = 5839372                                {pd product} {ergonomic}
    uintx NonProfiledCodeHeapSize                  = 122909434                              {pd product} {ergonomic}
   size_t OldSize                                  = 70254592                                  {product} {ergonomic}
    uintx ProfiledCodeHeapSize                     = 122909434                              {pd product} {ergonomic}
    uintx ReservedCodeCacheSize                    = 251658240                              {pd product} {ergonomic}
     bool SegmentedCodeCache                       = true                                      {product} {ergonomic}
   size_t SoftMaxHeapSize                          = 2147483648                             {manageable} {ergonomic}
     bool UseCompressedOops                        = true                           {product lp64_product} {ergonomic}
     bool UseLargePagesIndividualAllocation        = false                                  {pd product} {ergonomic}
     bool UseParallelGC                            = true                                      {product} {command line}

Logging:
Log output configuration:
 #0: stdout all=off uptime,level,tags foldmultilines=false
 #1: stderr all=off uptime,level,tags foldmultilines=false

Release file:
JAVA_VERSION="21.0.10" 
MODULES="java.base java.compiler java.datatransfer java.xml java.prefs java.desktop java.instrument java.logging java.management java.security.sasl java.naming java.rmi java.management.rmi java.net.http java.scripting java.security.jgss java.transaction.xa java.sql java.sql.rowset java.xml.crypto java.se java.smartcardio jdk.accessibility jdk.internal.jvmstat jdk.attach jdk.charsets jdk.internal.opt jdk.zipfs jdk.compiler jdk.crypto.ec jdk.crypto.cryptoki jdk.crypto.mscapi jdk.dynalink jdk.internal.ed jdk.editpad jdk.hotspot.agent jdk.httpserver jdk.internal.le jdk.internal.vm.ci jdk.internal.vm.compiler jdk.internal.vm.compiler.management jdk.jartool jdk.javadoc jdk.jcmd jdk.management jdk.management.agent jdk.jconsole jdk.jdeps jdk.jdwp.agent jdk.jdi jdk.jfr jdk.jshell jdk.jsobject jdk.jstatd jdk.localedata jdk.management.jfr jdk.naming.dns jdk.naming.rmi jdk.net jdk.nio.mapmode jdk.random jdk.sctp jdk.security.auth jdk.security.jgss jdk.unsupported jdk.unsupported.desktop jdk.xml.dom" 

Environment Variables:
PATH=C:\Users\kalra\AppData\Local\Programs\Microsoft VS Code;C:\Python314\Scripts\;C:\Python314\;C:\Program Files\nodejs\;C:\ProgramData\chocolatey\bin;D:\Git\cmd;C:\Users\kalra\AppData\Local\Programs\Python\Python313\Scripts\;C:\Users\kalra\AppData\Local\Programs\Python\Python313\;C:\Program Files\MySQL\MySQL Shell 8.0\bin\;C:\Users\kalra\AppData\Local\Programs\Python\Python312\Scripts\;C:\Users\kalra\AppData\Local\Programs\Python\Python312\;C:\Users\kalra\AppData\Local\Microsoft\WindowsApps;C:\Users\kalra\AppData\Local\Programs\Microsoft VS Code\bin;C:\Program Files\Azure Data Studio\bin;%JAVA_HOME%\bin;C:\Program Files\Maven\apache-maven-3.9.11\bin;C:\Program Files\MySQL\MySQL Server 8.0\bin;C:\Users\kalra\AppData\Roaming\npm;C:\Users\kalra\Downloads\flutter_windows_3.41.4-stable\flutter\bin;C:\Windows\System32;C:\Program Files\Git\cmd;C:\Windows\System32\WindowsPowerShell\v1.0\;
USERNAME=kalra
OS=Windows_NT
PROCESSOR_IDENTIFIER=AMD64 Family 23 Model 104 Stepping 1, AuthenticAMD
TMP=C:\Users\kalra\AppData\Local\Temp
TEMP=C:\Users\kalra\AppData\Local\Temp




Periodic native trim disabled

---------------  S Y S T E M  ---------------

OS:
 Windows 11 , 64 bit Build 26100 (10.0.26100.7920)
OS uptime: 1 days 20:10 hours
Hyper-V role detected

CPU: total 12 (initial active 12) (12 cores per cpu, 2 threads per core) family 23 model 104 stepping 1 microcode 0x8608107, cx8, cmov, fxsr, ht, mmx, 3dnowpref, sse, sse2, sse3, ssse3, sse4a, sse4.1, sse4.2, popcnt, lzcnt, tsc, tscinvbit, avx, avx2, aes, clmul, bmi1, bmi2, adx, sha, fma, vzeroupper, clflush, clflushopt, hv, rdtscp, rdpid, f16c
Processor Information for the first 12 processors :
  Max Mhz: 2100, Current Mhz: 2100, Mhz Limit: 2100

Memory: 4k page, system-wide physical 7501M (648M free)
TotalPageFile size 18395M (AvailPageFile size 0M)
current process WorkingSet (physical memory assigned to process): 102M, peak: 102M
current process commit charge ("private bytes"): 251M, peak: 251M

vm_info: OpenJDK 64-Bit Server VM (21.0.10+7-LTS) for windows-amd64 JRE (21.0.10+7-LTS), built on 2026-01-20T00:00:00Z by "admin" with MS VC++ 17.12 (VS2022)

END.
