#
# There is insufficient memory for the Java Runtime Environment to continue.
# Native memory allocation (malloc) failed to allocate 1048576 bytes. Error detail: AllocateHeap
# Possible reasons:
#   The system is out of physical RAM or swap space
#   This process is running with CompressedOops enabled, and the Java Heap may be blocking the growth of the native heap
# Possible solutions:
#   Reduce memory load on the system
#   Increase physical memory or swap space
#   Check if swap backing store is full
#   Decrease Java heap size (-Xmx/-Xms)
#   Decrease number of Java threads
#   Decrease Java thread stack sizes (-Xss)
#   Set larger code cache with -XX:ReservedCodeCacheSize=
#   JVM is running with Unscaled Compressed Oops mode in which the Java heap is
#     placed in the first 4GB address space. The Java Heap base address is the
#     maximum limit for the native heap growth. Please use -XX:HeapBaseMinAddress
#     to set the Java Heap base and to place the Java Heap above 4GB virtual address.
# This output file may be truncated or incomplete.
#
#  Out of Memory Error (allocation.cpp:44), pid=13608, tid=22320
#
# JRE version: OpenJDK Runtime Environment Temurin-21.0.10+7 (21.0.10+7) (build 21.0.10+7-LTS)
# Java VM: OpenJDK 64-Bit Server VM Temurin-21.0.10+7 (21.0.10+7-LTS, mixed mode, sharing, tiered, compressed oops, compressed class ptrs, parallel gc, windows-amd64)
# No core dump will be written. Minidumps are not enabled by default on client versions of Windows
#

---------------  S U M M A R Y ------------

Command Line: --add-modules=ALL-SYSTEM --add-opens=java.base/java.util=ALL-UNNAMED --add-opens=java.base/java.lang=ALL-UNNAMED --add-opens=java.base/sun.nio.fs=ALL-UNNAMED -Declipse.application=org.eclipse.jdt.ls.core.id1 -Dosgi.bundles.defaultStartLevel=4 -Declipse.product=org.eclipse.jdt.ls.core.product -Djava.import.generatesMetadataFilesAtProjectRoot=false -DDetectVMInstallationsJob.disabled=true -Dfile.encoding=utf8 -XX:+UseParallelGC -XX:GCTimeRatio=4 -XX:AdaptiveSizePolicyWeight=90 -Dsun.zip.disableMemoryMapping=true -Xmx2G -Xms100m -Xlog:disable -javaagent:c:\Users\kalra\.vscode\extensions\redhat.java-1.53.0-win32-x64\lombok\lombok-1.18.39-4050.jar -XX:+HeapDumpOnOutOfMemoryError -XX:HeapDumpPath=c:\Users\kalra\AppData\Roaming\Code\User\workspaceStorage\4fda5c3b26c15e0cb27154c0e992db6d\redhat.java -Daether.dependencyCollector.impl=bf c:\Users\kalra\.vscode\extensions\redhat.java-1.53.0-win32-x64\server\plugins\org.eclipse.equinox.launcher_1.7.100.v20251111-0406.jar -configuration c:\Users\kalra\AppData\Roaming\Code\User\globalStorage\redhat.java\1.53.0\config_win -data c:\Users\kalra\AppData\Roaming\Code\User\workspaceStorage\4fda5c3b26c15e0cb27154c0e992db6d\redhat.java\jdt_ws --pipe=\\.\pipe\lsp-c0f6f1b3d46749fb2f357384ec5e6c17-sock

Host: AMD Ryzen 5 5500U with Radeon Graphics         , 12 cores, 7G,  Windows 11 , 64 bit Build 26100 (10.0.26100.7920)
Time: Fri Mar 27 14:21:00 2026 India Standard Time elapsed time: 46.025404 seconds (0d 0h 0m 46s)

---------------  T H R E A D  ---------------

Current thread (0x0000022558a97f40):  JavaThread "Attach Listener" daemon [_thread_in_vm, id=22320, stack(0x0000008263200000,0x0000008263300000) (1024K)]

Stack: [0x0000008263200000,0x0000008263300000]
Native frames: (J=compiled Java code, j=interpreted, Vv=VM code, C=native code)
V  [jvm.dll+0x6d7a39]
V  [jvm.dll+0x8b4b26]
V  [jvm.dll+0x8b70de]
V  [jvm.dll+0x8b77c3]
V  [jvm.dll+0x284346]
V  [jvm.dll+0xc1277]
V  [jvm.dll+0x6d82e9]
V  [jvm.dll+0x1334a6]
V  [jvm.dll+0x3f857e]
V  [jvm.dll+0x85f59d]
V  [jvm.dll+0x6d626d]
C  [ucrtbase.dll+0x37b0]
C  [KERNEL32.DLL+0x2e8d7]
C  [ntdll.dll+0x8c48c]


---------------  P R O C E S S  ---------------

Threads class SMR info:
_java_thread_list=0x000002257aeddb40, length=82, elements={
0x00000225565dae20, 0x0000022558a953e0, 0x000002255899e290, 0x0000022558a972e0,
0x0000022558a97f40, 0x0000022558a9cac0, 0x0000022558a9d520, 0x0000022558aa20a0,
0x000002257079c0c0, 0x000002257090a440, 0x0000022570a6acd0, 0x0000022571e3d3c0,
0x0000022571e3b2f0, 0x0000022571e3da50, 0x0000022571e3ac60, 0x0000022571e3c6a0,
0x0000022571e3b980, 0x0000022571e3a5d0, 0x0000022571e3c010, 0x00000225768975b0,
0x0000022576897c40, 0x0000022576896200, 0x00000225768982d0, 0x0000022576898960,
0x00000225768954e0, 0x0000022576896f20, 0x0000022576898ff0, 0x0000022576895b70,
0x0000022576899680, 0x0000022576899d10, 0x0000022576896890, 0x000002257689bde0,
0x000002257689b750, 0x000002257689a3a0, 0x000002257689cb00, 0x000002257689aa30,
0x000002257689b0c0, 0x000002257689c470, 0x0000022577efd030, 0x0000022577efc310,
0x0000022577efbc80, 0x000002257806fcc0, 0x0000022578073140, 0x00000225780737d0,
0x0000022578073e60, 0x00000225780744f0, 0x0000022578074b80, 0x0000022578075210,
0x0000022571720ae0, 0x0000022571723240, 0x0000022571723f60, 0x0000022571721e90,
0x00000225717245f0, 0x0000022571721170, 0x0000022571722bb0, 0x00000225717238d0,
0x00000225717266c0, 0x0000022571728100, 0x0000022571726030, 0x0000022571726d50,
0x00000225717259a0, 0x0000022578071070, 0x0000022578070350, 0x00000225780709e0,
0x000002257806e910, 0x000002257806efa0, 0x000002257806dbf0, 0x000002257806f630,
0x0000022578071700, 0x0000022577efb5f0, 0x0000022577efd6c0, 0x0000022571e3cd30,
0x000002257c6e6940, 0x000002257c6e5590, 0x000002257c6e4f00, 0x000002257c6e7660,
0x000002257c6e7cf0, 0x000002257c6e8380, 0x000002257c6e90a0, 0x000002257c6e6fd0,
0x000002257c6e8a10, 0x000002257c6e5c20
}

Java Threads: ( => current thread )
  0x00000225565dae20 JavaThread "main"                              [_thread_blocked, id=7356, stack(0x0000008262b00000,0x0000008262c00000) (1024K)]
  0x0000022558a953e0 JavaThread "Reference Handler"          daemon [_thread_blocked, id=14820, stack(0x0000008262f00000,0x0000008263000000) (1024K)]
  0x000002255899e290 JavaThread "Finalizer"                  daemon [_thread_blocked, id=22172, stack(0x0000008263000000,0x0000008263100000) (1024K)]
  0x0000022558a972e0 JavaThread "Signal Dispatcher"          daemon [_thread_blocked, id=23344, stack(0x0000008263100000,0x0000008263200000) (1024K)]
=>0x0000022558a97f40 JavaThread "Attach Listener"            daemon [_thread_in_vm, id=22320, stack(0x0000008263200000,0x0000008263300000) (1024K)]
  0x0000022558a9cac0 JavaThread "Service Thread"             daemon [_thread_blocked, id=3148, stack(0x0000008263300000,0x0000008263400000) (1024K)]
  0x0000022558a9d520 JavaThread "Monitor Deflation Thread"   daemon [_thread_blocked, id=22152, stack(0x0000008263400000,0x0000008263500000) (1024K)]
  0x0000022558aa20a0 JavaThread "C2 CompilerThread0"         daemon [_thread_blocked, id=9100, stack(0x0000008263500000,0x0000008263600000) (1024K)]
  0x000002257079c0c0 JavaThread "C1 CompilerThread0"         daemon [_thread_blocked, id=13048, stack(0x0000008263600000,0x0000008263700000) (1024K)]
  0x000002257090a440 JavaThread "Common-Cleaner"             daemon [_thread_blocked, id=13500, stack(0x0000008263700000,0x0000008263800000) (1024K)]
  0x0000022570a6acd0 JavaThread "Notification Thread"        daemon [_thread_blocked, id=5460, stack(0x0000008263900000,0x0000008263a00000) (1024K)]
  0x0000022571e3d3c0 JavaThread "Active Thread: Equinox Container: c8e41dc4-822f-4806-9e94-aa4a090e7cc0"        [_thread_blocked, id=11592, stack(0x0000008264100000,0x0000008264200000) (1024K)]
  0x0000022571e3b2f0 JavaThread "Refresh Thread: Equinox Container: c8e41dc4-822f-4806-9e94-aa4a090e7cc0" daemon [_thread_blocked, id=10560, stack(0x0000008264300000,0x0000008264400000) (1024K)]
  0x0000022571e3da50 JavaThread "Framework Event Dispatcher: Equinox Container: c8e41dc4-822f-4806-9e94-aa4a090e7cc0" daemon [_thread_blocked, id=14536, stack(0x0000008264400000,0x0000008264500000) (1024K)]
  0x0000022571e3ac60 JavaThread "Start Level: Equinox Container: c8e41dc4-822f-4806-9e94-aa4a090e7cc0" daemon [_thread_blocked, id=20156, stack(0x0000008264500000,0x0000008264600000) (1024K)]
  0x0000022571e3c6a0 JavaThread "Bundle File Closer"         daemon [_thread_blocked, id=18924, stack(0x0000008264800000,0x0000008264900000) (1024K)]
  0x0000022571e3b980 JavaThread "SCR Component Actor"        daemon [_thread_blocked, id=10544, stack(0x0000008263800000,0x0000008263900000) (1024K)]
  0x0000022571e3a5d0 JavaThread "Worker-JM"                         [_thread_blocked, id=17516, stack(0x0000008263a00000,0x0000008263b00000) (1024K)]
  0x0000022571e3c010 JavaThread "JNA Cleaner"                daemon [_thread_blocked, id=17676, stack(0x0000008264a00000,0x0000008264b00000) (1024K)]
  0x00000225768975b0 JavaThread "Worker-0"                          [_thread_blocked, id=23520, stack(0x0000008264b00000,0x0000008264c00000) (1024K)]
  0x0000022576897c40 JavaThread "Worker-1"                          [_thread_blocked, id=11132, stack(0x0000008264c00000,0x0000008264d00000) (1024K)]
  0x0000022576896200 JavaThread "Worker-2"                          [_thread_blocked, id=4348, stack(0x0000008264e00000,0x0000008264f00000) (1024K)]
  0x00000225768982d0 JavaThread "Java indexing"              daemon [_thread_blocked, id=19084, stack(0x0000008264f00000,0x0000008265000000) (1024K)]
  0x0000022576898960 JavaThread "Worker-3"                          [_thread_blocked, id=20108, stack(0x0000008265200000,0x0000008265300000) (1024K)]
  0x00000225768954e0 JavaThread "Worker-4"                          [_thread_blocked, id=10596, stack(0x0000008265300000,0x0000008265400000) (1024K)]
  0x0000022576896f20 JavaThread "Thread-1"                   daemon [_thread_in_native, id=6064, stack(0x0000008265400000,0x0000008265500000) (1024K)]
  0x0000022576898ff0 JavaThread "Thread-2"                   daemon [_thread_in_native, id=20988, stack(0x0000008265500000,0x0000008265600000) (1024K)]
  0x0000022576895b70 JavaThread "Thread-3"                   daemon [_thread_in_native, id=14660, stack(0x0000008265600000,0x0000008265700000) (1024K)]
  0x0000022576899680 JavaThread "Thread-4"                   daemon [_thread_in_native, id=14976, stack(0x0000008265700000,0x0000008265800000) (1024K)]
  0x0000022576899d10 JavaThread "Thread-5"                   daemon [_thread_in_native, id=12096, stack(0x0000008265800000,0x0000008265900000) (1024K)]
  0x0000022576896890 JavaThread "Thread-6"                   daemon [_thread_in_native, id=8732, stack(0x0000008265900000,0x0000008265a00000) (1024K)]
  0x000002257689bde0 JavaThread "Thread-7"                   daemon [_thread_in_native, id=13840, stack(0x0000008265a00000,0x0000008265b00000) (1024K)]
  0x000002257689b750 JavaThread "Thread-8"                   daemon [_thread_in_native, id=23460, stack(0x0000008265b00000,0x0000008265c00000) (1024K)]
  0x000002257689a3a0 JavaThread "Thread-9"                   daemon [_thread_in_native, id=1244, stack(0x0000008265c00000,0x0000008265d00000) (1024K)]
  0x000002257689cb00 JavaThread "Thread-10"                  daemon [_thread_in_native, id=7840, stack(0x0000008265d00000,0x0000008265e00000) (1024K)]
  0x000002257689aa30 JavaThread "Thread-11"                  daemon [_thread_in_native, id=4588, stack(0x0000008265e00000,0x0000008265f00000) (1024K)]
  0x000002257689b0c0 JavaThread "Thread-12"                  daemon [_thread_in_native, id=21832, stack(0x0000008265f00000,0x0000008266000000) (1024K)]
  0x000002257689c470 JavaThread "Thread-13"                  daemon [_thread_in_native, id=7116, stack(0x0000008266000000,0x0000008266100000) (1024K)]
  0x0000022577efd030 JavaThread "pool-2-thread-1"                   [_thread_blocked, id=24120, stack(0x0000008266100000,0x0000008266200000) (1024K)]
  0x0000022577efc310 JavaThread "WorkspaceEventsHandler"            [_thread_blocked, id=5352, stack(0x0000008266200000,0x0000008266300000) (1024K)]
  0x0000022577efbc80 JavaThread "pool-1-thread-1"                   [_thread_blocked, id=21056, stack(0x0000008266300000,0x0000008266400000) (1024K)]
  0x000002257806fcc0 JavaThread "ForkJoinPool.commonPool-worker-1" daemon [_thread_blocked, id=18124, stack(0x0000008267000000,0x0000008267100000) (1024K)]
  0x0000022578073140 JavaThread "ForkJoinPool.commonPool-worker-2" daemon [_thread_blocked, id=13552, stack(0x0000008267100000,0x0000008267200000) (1024K)]
  0x00000225780737d0 JavaThread "ForkJoinPool.commonPool-worker-3" daemon [_thread_blocked, id=2640, stack(0x0000008267200000,0x0000008267300000) (1024K)]
  0x0000022578073e60 JavaThread "ForkJoinPool.commonPool-worker-4" daemon [_thread_blocked, id=13088, stack(0x0000008267300000,0x0000008267400000) (1024K)]
  0x00000225780744f0 JavaThread "ForkJoinPool.commonPool-worker-5" daemon [_thread_blocked, id=14512, stack(0x0000008267400000,0x0000008267500000) (1024K)]
  0x0000022578074b80 JavaThread "ForkJoinPool.commonPool-worker-6" daemon [_thread_blocked, id=12132, stack(0x0000008267500000,0x0000008267600000) (1024K)]
  0x0000022578075210 JavaThread "ForkJoinPool.commonPool-worker-7" daemon [_thread_blocked, id=8080, stack(0x0000008267600000,0x0000008267700000) (1024K)]
  0x0000022571720ae0 JavaThread "ForkJoinPool.commonPool-worker-8" daemon [_thread_blocked, id=11268, stack(0x0000008267700000,0x0000008267800000) (1024K)]
  0x0000022571723240 JavaThread "ForkJoinPool.commonPool-worker-9" daemon [_thread_blocked, id=8028, stack(0x0000008267800000,0x0000008267900000) (1024K)]
  0x0000022571723f60 JavaThread "ForkJoinPool.commonPool-worker-10" daemon [_thread_blocked, id=9548, stack(0x0000008267900000,0x0000008267a00000) (1024K)]
  0x0000022571721e90 JavaThread "ForkJoinPool.commonPool-worker-11" daemon [_thread_blocked, id=9404, stack(0x0000008267a00000,0x0000008267b00000) (1024K)]
  0x00000225717245f0 JavaThread "Worker-5"                          [_thread_blocked, id=21712, stack(0x0000008267b00000,0x0000008267c00000) (1024K)]
  0x0000022571721170 JavaThread "Worker-6"                          [_thread_blocked, id=13264, stack(0x0000008267c00000,0x0000008267d00000) (1024K)]
  0x0000022571722bb0 JavaThread "Cleaner-0"                  daemon [_thread_blocked, id=4764, stack(0x0000008266400000,0x0000008266500000) (1024K)]
  0x00000225717238d0 JavaThread "LocalFile Deleter"          daemon [_thread_blocked, id=10428, stack(0x0000008266500000,0x0000008266600000) (1024K)]
  0x00000225717266c0 JavaThread "LocalFile Deleter"          daemon [_thread_blocked, id=988, stack(0x0000008266600000,0x0000008266700000) (1024K)]
  0x0000022571728100 JavaThread "LocalFile Deleter"          daemon [_thread_blocked, id=13536, stack(0x0000008266700000,0x0000008266800000) (1024K)]
  0x0000022571726030 JavaThread "LocalFile Deleter"          daemon [_thread_blocked, id=18884, stack(0x0000008266800000,0x0000008266900000) (1024K)]
  0x0000022571726d50 JavaThread "LocalFile Deleter"          daemon [_thread_blocked, id=12760, stack(0x0000008266900000,0x0000008266a00000) (1024K)]
  0x00000225717259a0 JavaThread "LocalFile Deleter"          daemon [_thread_blocked, id=1744, stack(0x0000008266a00000,0x0000008266b00000) (1024K)]
  0x0000022578071070 JavaThread "Compiler Source File Reader" daemon [_thread_blocked, id=22256, stack(0x0000008266b00000,0x0000008266c00000) (1024K)]
  0x0000022578070350 JavaThread "Compiler Source File Reader" daemon [_thread_blocked, id=3768, stack(0x0000008266c00000,0x0000008266d00000) (1024K)]
  0x00000225780709e0 JavaThread "Compiler Source File Reader" daemon [_thread_blocked, id=18920, stack(0x0000008266d00000,0x0000008266e00000) (1024K)]
  0x000002257806e910 JavaThread "Compiler Source File Reader" daemon [_thread_blocked, id=14652, stack(0x0000008266e00000,0x0000008266f00000) (1024K)]
  0x000002257806efa0 JavaThread "Compiler Source File Reader" daemon [_thread_blocked, id=23388, stack(0x0000008266f00000,0x0000008267000000) (1024K)]
  0x000002257806dbf0 JavaThread "Compiler Source File Reader" daemon [_thread_blocked, id=23352, stack(0x0000008267d00000,0x0000008267e00000) (1024K)]
  0x000002257806f630 JavaThread "Compiler Source File Reader" daemon [_thread_blocked, id=15576, stack(0x0000008267e00000,0x0000008267f00000) (1024K)]
  0x0000022578071700 JavaThread "Compiler Source File Reader" daemon [_thread_blocked, id=12920, stack(0x0000008267f00000,0x0000008268000000) (1024K)]
  0x0000022577efb5f0 JavaThread "Compiler Source File Reader" daemon [_thread_blocked, id=20636, stack(0x0000008268000000,0x0000008268100000) (1024K)]
  0x0000022577efd6c0 JavaThread "Compiler Source File Reader" daemon [_thread_blocked, id=16252, stack(0x0000008268100000,0x0000008268200000) (1024K)]
  0x0000022571e3cd30 JavaThread "Compiler Processing Task"   daemon [_thread_blocked, id=432, stack(0x0000008268200000,0x0000008268300000) (1024K)]
  0x000002257c6e6940 JavaThread "Compiler Class File Writer" daemon [_thread_blocked, id=16572, stack(0x0000008268300000,0x0000008268400000) (1024K)]
  0x000002257c6e5590 JavaThread "Compiler Class File Writer" daemon [_thread_blocked, id=12336, stack(0x0000008268400000,0x0000008268500000) (1024K)]
  0x000002257c6e4f00 JavaThread "Compiler Class File Writer" daemon [_thread_blocked, id=20748, stack(0x0000008268500000,0x0000008268600000) (1024K)]
  0x000002257c6e7660 JavaThread "Compiler Class File Writer" daemon [_thread_blocked, id=8380, stack(0x0000008268600000,0x0000008268700000) (1024K)]
  0x000002257c6e7cf0 JavaThread "Compiler Class File Writer" daemon [_thread_blocked, id=5808, stack(0x0000008268700000,0x0000008268800000) (1024K)]
  0x000002257c6e8380 JavaThread "Compiler Class File Writer" daemon [_thread_blocked, id=4984, stack(0x0000008268800000,0x0000008268900000) (1024K)]
  0x000002257c6e90a0 JavaThread "Compiler Class File Writer" daemon [_thread_blocked, id=24436, stack(0x0000008268900000,0x0000008268a00000) (1024K)]
  0x000002257c6e6fd0 JavaThread "Compiler Class File Writer" daemon [_thread_blocked, id=5648, stack(0x0000008268a00000,0x0000008268b00000) (1024K)]
  0x000002257c6e8a10 JavaThread "Compiler Class File Writer" daemon [_thread_blocked, id=1928, stack(0x0000008268b00000,0x0000008268c00000) (1024K)]
  0x000002257c6e5c20 JavaThread "Compiler Class File Writer" daemon [_thread_blocked, id=2972, stack(0x0000008268c00000,0x0000008268d00000) (1024K)]
Total: 82

Other Threads:
  0x0000022558984ac0 VMThread "VM Thread"                           [id=4852, stack(0x0000008262e00000,0x0000008262f00000) (1024K)]
  0x000002255887ca00 WatcherThread "VM Periodic Task Thread"        [id=19616, stack(0x0000008262d00000,0x0000008262e00000) (1024K)]
  0x0000022558a118a0 WorkerThread "GC Thread#0"                     [id=10664, stack(0x0000008262c00000,0x0000008262d00000) (1024K)]
  0x0000022571d7f770 WorkerThread "GC Thread#1"                     [id=13580, stack(0x0000008263b00000,0x0000008263c00000) (1024K)]
  0x0000022571eddf50 WorkerThread "GC Thread#2"                     [id=10540, stack(0x0000008263c00000,0x0000008263d00000) (1024K)]
  0x0000022571ede300 WorkerThread "GC Thread#3"                     [id=10096, stack(0x0000008263d00000,0x0000008263e00000) (1024K)]
  0x0000022571905aa0 WorkerThread "GC Thread#4"                     [id=16240, stack(0x0000008263e00000,0x0000008263f00000) (1024K)]
  0x0000022571905e50 WorkerThread "GC Thread#5"                     [id=13540, stack(0x0000008263f00000,0x0000008264000000) (1024K)]
  0x0000022571c63cc0 WorkerThread "GC Thread#6"                     [id=14176, stack(0x0000008264000000,0x0000008264100000) (1024K)]
  0x0000022576067d30 WorkerThread "GC Thread#7"                     [id=18004, stack(0x0000008264200000,0x0000008264300000) (1024K)]
  0x0000022576358b00 WorkerThread "GC Thread#8"                     [id=18724, stack(0x0000008264600000,0x0000008264700000) (1024K)]
  0x00000225765aa850 WorkerThread "GC Thread#9"                     [id=17292, stack(0x0000008264700000,0x0000008264800000) (1024K)]
Total: 12

Threads with active compile tasks:
Total: 0

VM state: not at safepoint (normal execution)

VM Mutex/Monitor currently owned by a thread: None

Heap address: 0x0000000080000000, size: 2048 MB, Compressed Oops mode: 32-bit

CDS archive(s) mapped at: [0x0000022500000000-0x0000022500ba0000-0x0000022500ba0000), size 12189696, SharedBaseAddress: 0x0000022500000000, ArchiveRelocationMode: 1.
Compressed class space mapped at: 0x0000022501000000-0x0000022541000000, reserved size: 1073741824
Narrow klass base: 0x0000022500000000, Narrow klass shift: 0, Narrow klass range: 0x100000000

GC Precious Log:
 CardTable entry size: 512
 CPUs: 12 total, 12 available
 Memory: 7501M
 Large Page Support: Disabled
 NUMA Support: Disabled
 Compressed Oops: Enabled (32-bit)
 Alignments: Space 512K, Generation 512K, Heap 2M
 Heap Min Capacity: 100M
 Heap Initial Capacity: 100M
 Heap Max Capacity: 2G
 Pre-touch: Disabled
 Parallel Workers: 10

Heap:
 PSYoungGen      total 11776K, used 5081K [0x00000000d5580000, 0x00000000d6c80000, 0x0000000100000000)
  eden space 10752K, 40% used [0x00000000d5580000,0x00000000d59c6528,0x00000000d6000000)
  from space 1024K, 68% used [0x00000000d6280000,0x00000000d6330000,0x00000000d6380000)
  to   space 3584K, 0% used [0x00000000d6900000,0x00000000d6900000,0x00000000d6c80000)
 ParOldGen       total 115200K, used 114915K [0x0000000080000000, 0x0000000087080000, 0x00000000d5580000)
  object space 115200K, 99% used [0x0000000080000000,0x0000000087038fa0,0x0000000087080000)
 Metaspace       used 70904K, committed 72576K, reserved 1114112K
  class space    used 7331K, committed 8064K, reserved 1048576K

Card table byte_map: [0x0000022558390000,0x00000225587a0000] _byte_map_base: 0x0000022557f90000

Marking Bits: (ParMarkBitMap*) 0x00007ff80e943450
 Begin Bits: [0x000002256aea0000, 0x000002256cea0000)
 End Bits:   [0x000002256cea0000, 0x000002256eea0000)

Polling page: 0x0000022556840000

Metaspace:

Usage:
  Non-class:     62.08 MB used.
      Class:      7.16 MB used.
       Both:     69.24 MB used.

Virtual space:
  Non-class space:       64.00 MB reserved,      63.00 MB ( 98%) committed,  1 nodes.
      Class space:        1.00 GB reserved,       7.88 MB ( <1%) committed,  1 nodes.
             Both:        1.06 GB reserved,      70.88 MB (  7%) committed. 

Chunk freelists:
   Non-Class:  1.03 MB
       Class:  8.11 MB
        Both:  9.14 MB

MaxMetaspaceSize: unlimited
CompressedClassSpaceSize: 1.00 GB
Initial GC threshold: 21.00 MB
Current GC threshold: 97.31 MB
CDS: on
 - commit_granule_bytes: 65536.
 - commit_granule_words: 8192.
 - virtual_space_node_default_size: 8388608.
 - enlarge_chunks_in_place: 1.
 - use_allocation_guard: 0.


Internal statistics:

num_allocs_failed_limit: 9.
num_arena_births: 1344.
num_arena_deaths: 20.
num_vsnodes_births: 2.
num_vsnodes_deaths: 0.
num_space_committed: 1134.
num_space_uncommitted: 0.
num_chunks_returned_to_freelist: 32.
num_chunks_taken_from_freelist: 4863.
num_chunk_merges: 13.
num_chunk_splits: 2896.
num_chunks_enlarged: 1514.
num_inconsistent_stats: 0.

CodeHeap 'non-profiled nmethods': size=120000Kb used=9022Kb max_used=9022Kb free=110977Kb
 bounds [0x00000225636c0000, 0x0000022563f90000, 0x000002256abf0000]
CodeHeap 'profiled nmethods': size=120000Kb used=30063Kb max_used=30063Kb free=89936Kb
 bounds [0x000002255bbf0000, 0x000002255d950000, 0x0000022563120000]
CodeHeap 'non-nmethods': size=5760Kb used=1469Kb max_used=1554Kb free=4290Kb
 bounds [0x0000022563120000, 0x0000022563390000, 0x00000225636c0000]
CodeCache: size=245760Kb, used=40554Kb, max_used=40639Kb, free=205203Kb
 total_blobs=13564, nmethods=12774, adapters=694, full_count=0
Compilation: enabled, stopped_count=0, restarted_count=0

Compilation events (20 events):
Event: 44.132 Thread 0x000002257079c0c0 13564       3       org.eclipse.jdt.core.Signature::encodeQualifiedName (207 bytes)
Event: 44.134 Thread 0x000002257079c0c0 nmethod 13564 0x000002255d947410 code [0x000002255d947700, 0x000002255d9487c0]
Event: 44.134 Thread 0x000002257079c0c0 13567       3       org.eclipse.jdt.core.Signature::createCharArrayTypeSignature (102 bytes)
Event: 44.135 Thread 0x000002257079c0c0 nmethod 13567 0x000002255d948e90 code [0x000002255d949160, 0x000002255d949ed8]
Event: 44.135 Thread 0x000002257079c0c0 13568       3       org.eclipse.jdt.internal.compiler.lookup.CompilationUnitScope::getImport (77 bytes)
Event: 44.136 Thread 0x000002257079c0c0 nmethod 13568 0x000002255d94a410 code [0x000002255d94a640, 0x000002255d94ab30]
Event: 44.136 Thread 0x000002257079c0c0 13565       3       org.eclipse.jdt.internal.core.SourceType::isRecord (23 bytes)
Event: 44.136 Thread 0x0000022558aa20a0 13572       4       java.io.StringWriter::write (10 bytes)
Event: 44.136 Thread 0x000002257079c0c0 nmethod 13565 0x000002255d94ad10 code [0x000002255d94af20, 0x000002255d94b558]
Event: 44.136 Thread 0x000002257079c0c0 13569       1       org.eclipse.jdt.core.dom.ASTVisitor::visit (2 bytes)
Event: 44.137 Thread 0x000002257079c0c0 nmethod 13569 0x0000022563f8db90 code [0x0000022563f8dd20, 0x0000022563f8dde8]
Event: 44.137 Thread 0x000002257079c0c0 13570       1       org.eclipse.jdt.core.dom.ASTVisitor::visit (2 bytes)
Event: 44.137 Thread 0x000002257079c0c0 nmethod 13570 0x0000022563f8de90 code [0x0000022563f8e020, 0x0000022563f8e0e8]
Event: 44.137 Thread 0x000002257079c0c0 13571       1       org.eclipse.jdt.core.dom.IfStatement::getElseStatement (5 bytes)
Event: 44.137 Thread 0x000002257079c0c0 nmethod 13571 0x0000022563f8e190 code [0x0000022563f8e320, 0x0000022563f8e3e8]
Event: 44.137 Thread 0x000002257079c0c0 13566       3       java.util.Map::getOrDefault (28 bytes)
Event: 44.137 Thread 0x000002257079c0c0 nmethod 13566 0x000002255d94b710 code [0x000002255d94b8e0, 0x000002255d94bc38]
Event: 44.146 Thread 0x0000022558aa20a0 nmethod 13572 0x0000022563f8e490 code [0x0000022563f8e680, 0x0000022563f8f0b0]
Event: 44.146 Thread 0x0000022558aa20a0 13573       4       com.google.gson.stream.JsonWriter::name (56 bytes)
Event: 44.148 Thread 0x0000022558aa20a0 nmethod 13573 0x0000022563f8f590 code [0x0000022563f8f720, 0x0000022563f8f8a8]

GC Heap History (20 events):
Event: 27.817 GC heap before
{Heap before GC invocations=113 (full 3):
 PSYoungGen      total 11776K, used 11760K [0x00000000d5580000, 0x00000000d6b00000, 0x0000000100000000)
  eden space 10752K, 100% used [0x00000000d5580000,0x00000000d6000000,0x00000000d6000000)
  from space 1024K, 98% used [0x00000000d6000000,0x00000000d60fc058,0x00000000d6100000)
  to   space 5632K, 0% used [0x00000000d6580000,0x00000000d6580000,0x00000000d6b00000)
 ParOldGen       total 89600K, used 89179K [0x0000000080000000, 0x0000000085780000, 0x00000000d5580000)
  object space 89600K, 99% used [0x0000000080000000,0x0000000085716d78,0x0000000085780000)
 Metaspace       used 68668K, committed 70272K, reserved 1114112K
  class space    used 7124K, committed 7808K, reserved 1048576K
}
Event: 27.823 GC heap after
{Heap after GC invocations=113 (full 3):
 PSYoungGen      total 12800K, used 1833K [0x00000000d5580000, 0x00000000d6780000, 0x0000000100000000)
  eden space 10752K, 0% used [0x00000000d5580000,0x00000000d5580000,0x00000000d6000000)
  from space 2048K, 89% used [0x00000000d6580000,0x00000000d674a5e0,0x00000000d6780000)
  to   space 3072K, 0% used [0x00000000d6180000,0x00000000d6180000,0x00000000d6480000)
 ParOldGen       total 90624K, used 90191K [0x0000000080000000, 0x0000000085880000, 0x00000000d5580000)
  object space 90624K, 99% used [0x0000000080000000,0x0000000085813d90,0x0000000085880000)
 Metaspace       used 68668K, committed 70272K, reserved 1114112K
  class space    used 7124K, committed 7808K, reserved 1048576K
}
Event: 28.316 GC heap before
{Heap before GC invocations=114 (full 3):
 PSYoungGen      total 12800K, used 12312K [0x00000000d5580000, 0x00000000d6780000, 0x0000000100000000)
  eden space 10752K, 97% used [0x00000000d5580000,0x00000000d5fbbc78,0x00000000d6000000)
  from space 2048K, 89% used [0x00000000d6580000,0x00000000d674a5e0,0x00000000d6780000)
  to   space 3072K, 0% used [0x00000000d6180000,0x00000000d6180000,0x00000000d6480000)
 ParOldGen       total 90624K, used 90191K [0x0000000080000000, 0x0000000085880000, 0x00000000d5580000)
  object space 90624K, 99% used [0x0000000080000000,0x0000000085813d90,0x0000000085880000)
 Metaspace       used 69083K, committed 70720K, reserved 1114112K
  class space    used 7140K, committed 7808K, reserved 1048576K
}
Event: 28.320 GC heap after
{Heap after GC invocations=114 (full 3):
 PSYoungGen      total 13824K, used 3049K [0x00000000d5580000, 0x00000000d6c00000, 0x0000000100000000)
  eden space 10752K, 0% used [0x00000000d5580000,0x00000000d5580000,0x00000000d6000000)
  from space 3072K, 99% used [0x00000000d6180000,0x00000000d647a788,0x00000000d6480000)
  to   space 6144K, 0% used [0x00000000d6600000,0x00000000d6600000,0x00000000d6c00000)
 ParOldGen       total 92672K, used 92245K [0x0000000080000000, 0x0000000085a80000, 0x00000000d5580000)
  object space 92672K, 99% used [0x0000000080000000,0x0000000085a15698,0x0000000085a80000)
 Metaspace       used 69083K, committed 70720K, reserved 1114112K
  class space    used 7140K, committed 7808K, reserved 1048576K
}
Event: 28.606 GC heap before
{Heap before GC invocations=115 (full 3):
 PSYoungGen      total 13824K, used 13801K [0x00000000d5580000, 0x00000000d6c00000, 0x0000000100000000)
  eden space 10752K, 100% used [0x00000000d5580000,0x00000000d6000000,0x00000000d6000000)
  from space 3072K, 99% used [0x00000000d6180000,0x00000000d647a788,0x00000000d6480000)
  to   space 6144K, 0% used [0x00000000d6600000,0x00000000d6600000,0x00000000d6c00000)
 ParOldGen       total 92672K, used 92245K [0x0000000080000000, 0x0000000085a80000, 0x00000000d5580000)
  object space 92672K, 99% used [0x0000000080000000,0x0000000085a15698,0x0000000085a80000)
 Metaspace       used 69341K, committed 70976K, reserved 1114112K
  class space    used 7182K, committed 7872K, reserved 1048576K
}
Event: 28.609 GC heap after
{Heap after GC invocations=115 (full 3):
 PSYoungGen      total 12288K, used 1309K [0x00000000d5580000, 0x00000000d6780000, 0x0000000100000000)
  eden space 10752K, 0% used [0x00000000d5580000,0x00000000d5580000,0x00000000d6000000)
  from space 1536K, 85% used [0x00000000d6600000,0x00000000d6747550,0x00000000d6780000)
  to   space 3072K, 0% used [0x00000000d6180000,0x00000000d6180000,0x00000000d6480000)
 ParOldGen       total 93184K, used 93124K [0x0000000080000000, 0x0000000085b00000, 0x00000000d5580000)
  object space 93184K, 99% used [0x0000000080000000,0x0000000085af1020,0x0000000085b00000)
 Metaspace       used 69341K, committed 70976K, reserved 1114112K
  class space    used 7182K, committed 7872K, reserved 1048576K
}
Event: 28.782 GC heap before
{Heap before GC invocations=116 (full 3):
 PSYoungGen      total 12288K, used 12061K [0x00000000d5580000, 0x00000000d6780000, 0x0000000100000000)
  eden space 10752K, 100% used [0x00000000d5580000,0x00000000d6000000,0x00000000d6000000)
  from space 1536K, 85% used [0x00000000d6600000,0x00000000d6747550,0x00000000d6780000)
  to   space 3072K, 0% used [0x00000000d6180000,0x00000000d6180000,0x00000000d6480000)
 ParOldGen       total 93184K, used 93124K [0x0000000080000000, 0x0000000085b00000, 0x00000000d5580000)
  object space 93184K, 99% used [0x0000000080000000,0x0000000085af1020,0x0000000085b00000)
 Metaspace       used 69617K, committed 71296K, reserved 1114112K
  class space    used 7218K, committed 7936K, reserved 1048576K
}
Event: 28.785 GC heap after
{Heap after GC invocations=116 (full 3):
 PSYoungGen      total 13824K, used 768K [0x00000000d5580000, 0x00000000d6680000, 0x0000000100000000)
  eden space 10752K, 0% used [0x00000000d5580000,0x00000000d5580000,0x00000000d6000000)
  from space 3072K, 25% used [0x00000000d6180000,0x00000000d6240000,0x00000000d6480000)
  to   space 1536K, 0% used [0x00000000d6500000,0x00000000d6500000,0x00000000d6680000)
 ParOldGen       total 94208K, used 94140K [0x0000000080000000, 0x0000000085c00000, 0x00000000d5580000)
  object space 94208K, 99% used [0x0000000080000000,0x0000000085bef020,0x0000000085c00000)
 Metaspace       used 69617K, committed 71296K, reserved 1114112K
  class space    used 7218K, committed 7936K, reserved 1048576K
}
Event: 29.360 GC heap before
{Heap before GC invocations=117 (full 3):
 PSYoungGen      total 13824K, used 11520K [0x00000000d5580000, 0x00000000d6680000, 0x0000000100000000)
  eden space 10752K, 100% used [0x00000000d5580000,0x00000000d6000000,0x00000000d6000000)
  from space 3072K, 25% used [0x00000000d6180000,0x00000000d6240000,0x00000000d6480000)
  to   space 1536K, 0% used [0x00000000d6500000,0x00000000d6500000,0x00000000d6680000)
 ParOldGen       total 94208K, used 94140K [0x0000000080000000, 0x0000000085c00000, 0x00000000d5580000)
  object space 94208K, 99% used [0x0000000080000000,0x0000000085bef020,0x0000000085c00000)
 Metaspace       used 70478K, committed 72128K, reserved 1114112K
  class space    used 7308K, committed 8000K, reserved 1048576K
}
Event: 29.363 GC heap after
{Heap after GC invocations=117 (full 3):
 PSYoungGen      total 11776K, used 677K [0x00000000d5580000, 0x00000000d6600000, 0x0000000100000000)
  eden space 10752K, 0% used [0x00000000d5580000,0x00000000d5580000,0x00000000d6000000)
  from space 1024K, 66% used [0x00000000d6500000,0x00000000d65a9420,0x00000000d6600000)
  to   space 1024K, 0% used [0x00000000d6400000,0x00000000d6400000,0x00000000d6500000)
 ParOldGen       total 94720K, used 94708K [0x0000000080000000, 0x0000000085c80000, 0x00000000d5580000)
  object space 94720K, 99% used [0x0000000080000000,0x0000000085c7d020,0x0000000085c80000)
 Metaspace       used 70478K, committed 72128K, reserved 1114112K
  class space    used 7308K, committed 8000K, reserved 1048576K
}
Event: 29.619 GC heap before
{Heap before GC invocations=118 (full 3):
 PSYoungGen      total 11776K, used 11429K [0x00000000d5580000, 0x00000000d6600000, 0x0000000100000000)
  eden space 10752K, 100% used [0x00000000d5580000,0x00000000d6000000,0x00000000d6000000)
  from space 1024K, 66% used [0x00000000d6500000,0x00000000d65a9420,0x00000000d6600000)
  to   space 1024K, 0% used [0x00000000d6400000,0x00000000d6400000,0x00000000d6500000)
 ParOldGen       total 94720K, used 94708K [0x0000000080000000, 0x0000000085c80000, 0x00000000d5580000)
  object space 94720K, 99% used [0x0000000080000000,0x0000000085c7d020,0x0000000085c80000)
 Metaspace       used 70561K, committed 72192K, reserved 1114112K
  class space    used 7318K, committed 8000K, reserved 1048576K
}
Event: 29.629 GC heap after
{Heap after GC invocations=118 (full 3):
 PSYoungGen      total 11776K, used 1002K [0x00000000d5580000, 0x00000000d7300000, 0x0000000100000000)
  eden space 10752K, 0% used [0x00000000d5580000,0x00000000d5580000,0x00000000d6000000)
  from space 1024K, 97% used [0x00000000d6400000,0x00000000d64faa20,0x00000000d6500000)
  to   space 9728K, 0% used [0x00000000d6980000,0x00000000d6980000,0x00000000d7300000)
 ParOldGen       total 102400K, used 102078K [0x0000000080000000, 0x0000000086400000, 0x00000000d5580000)
  object space 102400K, 99% used [0x0000000080000000,0x00000000863afa40,0x0000000086400000)
 Metaspace       used 70561K, committed 72192K, reserved 1114112K
  class space    used 7318K, committed 8000K, reserved 1048576K
}
Event: 30.217 GC heap before
{Heap before GC invocations=119 (full 3):
 PSYoungGen      total 11776K, used 11754K [0x00000000d5580000, 0x00000000d7300000, 0x0000000100000000)
  eden space 10752K, 100% used [0x00000000d5580000,0x00000000d6000000,0x00000000d6000000)
  from space 1024K, 97% used [0x00000000d6400000,0x00000000d64faa20,0x00000000d6500000)
  to   space 9728K, 0% used [0x00000000d6980000,0x00000000d6980000,0x00000000d7300000)
 ParOldGen       total 102400K, used 102078K [0x0000000080000000, 0x0000000086400000, 0x00000000d5580000)
  object space 102400K, 99% used [0x0000000080000000,0x00000000863afa40,0x0000000086400000)
 Metaspace       used 70567K, committed 72192K, reserved 1114112K
  class space    used 7318K, committed 8000K, reserved 1048576K
}
Event: 30.221 GC heap after
{Heap after GC invocations=119 (full 3):
 PSYoungGen      total 12800K, used 1659K [0x00000000d5580000, 0x00000000d6b80000, 0x0000000100000000)
  eden space 10752K, 0% used [0x00000000d5580000,0x00000000d5580000,0x00000000d6000000)
  from space 2048K, 81% used [0x00000000d6980000,0x00000000d6b1ee10,0x00000000d6b80000)
  to   space 4096K, 0% used [0x00000000d6380000,0x00000000d6380000,0x00000000d6780000)
 ParOldGen       total 102400K, used 102247K [0x0000000080000000, 0x0000000086400000, 0x00000000d5580000)
  object space 102400K, 99% used [0x0000000080000000,0x00000000863d9c68,0x0000000086400000)
 Metaspace       used 70567K, committed 72192K, reserved 1114112K
  class space    used 7318K, committed 8000K, reserved 1048576K
}
Event: 30.571 GC heap before
{Heap before GC invocations=120 (full 3):
 PSYoungGen      total 12800K, used 12411K [0x00000000d5580000, 0x00000000d6b80000, 0x0000000100000000)
  eden space 10752K, 100% used [0x00000000d5580000,0x00000000d6000000,0x00000000d6000000)
  from space 2048K, 81% used [0x00000000d6980000,0x00000000d6b1ee10,0x00000000d6b80000)
  to   space 4096K, 0% used [0x00000000d6380000,0x00000000d6380000,0x00000000d6780000)
 ParOldGen       total 102400K, used 102247K [0x0000000080000000, 0x0000000086400000, 0x00000000d5580000)
  object space 102400K, 99% used [0x0000000080000000,0x00000000863d9c68,0x0000000086400000)
 Metaspace       used 70581K, committed 72256K, reserved 1114112K
  class space    used 7320K, committed 8000K, reserved 1048576K
}
Event: 30.582 GC heap after
{Heap after GC invocations=120 (full 3):
 PSYoungGen      total 14848K, used 4096K [0x00000000d5580000, 0x00000000d7800000, 0x0000000100000000)
  eden space 10752K, 0% used [0x00000000d5580000,0x00000000d5580000,0x00000000d6000000)
  from space 4096K, 100% used [0x00000000d6380000,0x00000000d6780000,0x00000000d6780000)
  to   space 12288K, 0% used [0x00000000d6c00000,0x00000000d6c00000,0x00000000d7800000)
 ParOldGen       total 109056K, used 108730K [0x0000000080000000, 0x0000000086a80000, 0x00000000d5580000)
  object space 109056K, 99% used [0x0000000080000000,0x0000000086a2ea78,0x0000000086a80000)
 Metaspace       used 70581K, committed 72256K, reserved 1114112K
  class space    used 7320K, committed 8000K, reserved 1048576K
}
Event: 31.036 GC heap before
{Heap before GC invocations=121 (full 3):
 PSYoungGen      total 14848K, used 14847K [0x00000000d5580000, 0x00000000d7800000, 0x0000000100000000)
  eden space 10752K, 99% used [0x00000000d5580000,0x00000000d5ffffc8,0x00000000d6000000)
  from space 4096K, 100% used [0x00000000d6380000,0x00000000d6780000,0x00000000d6780000)
  to   space 12288K, 0% used [0x00000000d6c00000,0x00000000d6c00000,0x00000000d7800000)
 ParOldGen       total 109056K, used 108730K [0x0000000080000000, 0x0000000086a80000, 0x00000000d5580000)
  object space 109056K, 99% used [0x0000000080000000,0x0000000086a2ea78,0x0000000086a80000)
 Metaspace       used 70633K, committed 72256K, reserved 1114112K
  class space    used 7320K, committed 8000K, reserved 1048576K
}
Event: 31.046 GC heap after
{Heap after GC invocations=121 (full 3):
 PSYoungGen      total 17408K, used 6532K [0x00000000d5580000, 0x00000000d7280000, 0x0000000100000000)
  eden space 10752K, 0% used [0x00000000d5580000,0x00000000d5580000,0x00000000d6000000)
  from space 6656K, 98% used [0x00000000d6c00000,0x00000000d7261050,0x00000000d7280000)
  to   space 8192K, 0% used [0x00000000d6280000,0x00000000d6280000,0x00000000d6a80000)
 ParOldGen       total 113152K, used 112874K [0x0000000080000000, 0x0000000086e80000, 0x00000000d5580000)
  object space 113152K, 99% used [0x0000000080000000,0x0000000086e3a900,0x0000000086e80000)
 Metaspace       used 70633K, committed 72256K, reserved 1114112K
  class space    used 7320K, committed 8000K, reserved 1048576K
}
Event: 40.147 GC heap before
{Heap before GC invocations=122 (full 3):
 PSYoungGen      total 17408K, used 17284K [0x00000000d5580000, 0x00000000d7280000, 0x0000000100000000)
  eden space 10752K, 100% used [0x00000000d5580000,0x00000000d6000000,0x00000000d6000000)
  from space 6656K, 98% used [0x00000000d6c00000,0x00000000d7261050,0x00000000d7280000)
  to   space 8192K, 0% used [0x00000000d6280000,0x00000000d6280000,0x00000000d6a80000)
 ParOldGen       total 113152K, used 112874K [0x0000000080000000, 0x0000000086e80000, 0x00000000d5580000)
  object space 113152K, 99% used [0x0000000080000000,0x0000000086e3a900,0x0000000086e80000)
 Metaspace       used 70863K, committed 72576K, reserved 1114112K
  class space    used 7331K, committed 8064K, reserved 1048576K
}
Event: 40.152 GC heap after
{Heap after GC invocations=122 (full 3):
 PSYoungGen      total 11776K, used 704K [0x00000000d5580000, 0x00000000d6c80000, 0x0000000100000000)
  eden space 10752K, 0% used [0x00000000d5580000,0x00000000d5580000,0x00000000d6000000)
  from space 1024K, 68% used [0x00000000d6280000,0x00000000d6330000,0x00000000d6380000)
  to   space 3584K, 0% used [0x00000000d6900000,0x00000000d6900000,0x00000000d6c80000)
 ParOldGen       total 115200K, used 114915K [0x0000000080000000, 0x0000000087080000, 0x00000000d5580000)
  object space 115200K, 99% used [0x0000000080000000,0x0000000087038fa0,0x0000000087080000)
 Metaspace       used 70863K, committed 72576K, reserved 1114112K
  class space    used 7331K, committed 8064K, reserved 1048576K
}

Dll operation events (10 events):
Event: 0.028 Loaded shared library c:\Users\kalra\.vscode\extensions\redhat.java-1.53.0-win32-x64\jre\21.0.10-win32-x86_64\bin\java.dll
Event: 0.205 Loaded shared library c:\Users\kalra\.vscode\extensions\redhat.java-1.53.0-win32-x64\jre\21.0.10-win32-x86_64\bin\zip.dll
Event: 0.245 Loaded shared library C:\Users\kalra\.vscode\extensions\redhat.java-1.53.0-win32-x64\jre\21.0.10-win32-x86_64\bin\instrument.dll
Event: 0.256 Loaded shared library C:\Users\kalra\.vscode\extensions\redhat.java-1.53.0-win32-x64\jre\21.0.10-win32-x86_64\bin\net.dll
Event: 0.261 Loaded shared library C:\Users\kalra\.vscode\extensions\redhat.java-1.53.0-win32-x64\jre\21.0.10-win32-x86_64\bin\nio.dll
Event: 0.269 Loaded shared library C:\Users\kalra\.vscode\extensions\redhat.java-1.53.0-win32-x64\jre\21.0.10-win32-x86_64\bin\zip.dll
Event: 0.312 Loaded shared library C:\Users\kalra\.vscode\extensions\redhat.java-1.53.0-win32-x64\jre\21.0.10-win32-x86_64\bin\jimage.dll
Event: 0.481 Loaded shared library c:\Users\kalra\.vscode\extensions\redhat.java-1.53.0-win32-x64\jre\21.0.10-win32-x86_64\bin\verify.dll
Event: 2.992 Loaded shared library C:\Users\kalra\AppData\Roaming\Code\User\globalStorage\redhat.java\1.53.0\config_win\org.eclipse.equinox.launcher\org.eclipse.equinox.launcher.win32.win32.x86_64_1.3.0.v20260203-2149\eclipse_11919.dll
Event: 6.420 Loaded shared library C:\Users\kalra\AppData\Local\Temp\jna-101813893\jna7745316369965531197.dll

Deoptimization events (20 events):
Event: 40.134 Thread 0x0000022578073140 Uncommon trap: trap_request=0xffffffbe fr.pc=0x0000022563f76aa8 relative=0x0000000000000108
Event: 40.134 Thread 0x0000022578073140 Uncommon trap: reason=profile_predicate action=maybe_recompile pc=0x0000022563f76aa8 method=org.eclipse.jdt.core.compiler.CharOperation.splitAndTrimOn(C[C)[[C @ 175 c2
Event: 40.134 Thread 0x0000022578073140 DEOPT PACKING pc=0x0000022563f76aa8 sp=0x00000082671fe520
Event: 40.134 Thread 0x0000022578073140 DEOPT UNPACKING pc=0x0000022563173aa2 sp=0x00000082671fe478 mode 2
Event: 40.134 Thread 0x0000022578073140 Uncommon trap: trap_request=0xffffffbe fr.pc=0x0000022563f76aa8 relative=0x0000000000000108
Event: 40.134 Thread 0x0000022578073140 Uncommon trap: reason=profile_predicate action=maybe_recompile pc=0x0000022563f76aa8 method=org.eclipse.jdt.core.compiler.CharOperation.splitAndTrimOn(C[C)[[C @ 175 c2
Event: 40.134 Thread 0x0000022578073140 DEOPT PACKING pc=0x0000022563f76aa8 sp=0x00000082671fe520
Event: 40.134 Thread 0x0000022578073140 DEOPT UNPACKING pc=0x0000022563173aa2 sp=0x00000082671fe478 mode 2
Event: 40.134 Thread 0x0000022578073140 Uncommon trap: trap_request=0xffffffbe fr.pc=0x0000022563f76aa8 relative=0x0000000000000108
Event: 40.134 Thread 0x0000022578073140 Uncommon trap: reason=profile_predicate action=maybe_recompile pc=0x0000022563f76aa8 method=org.eclipse.jdt.core.compiler.CharOperation.splitAndTrimOn(C[C)[[C @ 175 c2
Event: 40.134 Thread 0x0000022578073140 DEOPT PACKING pc=0x0000022563f76aa8 sp=0x00000082671fe4a0
Event: 40.134 Thread 0x0000022578073140 DEOPT UNPACKING pc=0x0000022563173aa2 sp=0x00000082671fe3f8 mode 2
Event: 40.134 Thread 0x0000022578073140 Uncommon trap: trap_request=0xffffffbe fr.pc=0x0000022563f76aa8 relative=0x0000000000000108
Event: 40.134 Thread 0x0000022578073140 Uncommon trap: reason=profile_predicate action=maybe_recompile pc=0x0000022563f76aa8 method=org.eclipse.jdt.core.compiler.CharOperation.splitAndTrimOn(C[C)[[C @ 175 c2
Event: 40.134 Thread 0x0000022578073140 DEOPT PACKING pc=0x0000022563f76aa8 sp=0x00000082671fe4a0
Event: 40.134 Thread 0x0000022578073140 DEOPT UNPACKING pc=0x0000022563173aa2 sp=0x00000082671fe3f8 mode 2
Event: 43.401 Thread 0x0000022578073140 DEOPT PACKING pc=0x000002255c58e0db sp=0x00000082671fe060
Event: 43.401 Thread 0x0000022578073140 DEOPT UNPACKING pc=0x0000022563174242 sp=0x00000082671fd4e8 mode 0
Event: 44.130 Thread 0x0000022578073140 DEOPT PACKING pc=0x000002255c81b61a sp=0x00000082671fe220
Event: 44.130 Thread 0x0000022578073140 DEOPT UNPACKING pc=0x0000022563174242 sp=0x00000082671fd688 mode 0

Classes loaded (20 events):
Event: 28.412 Loading class java/util/stream/DistinctOps$1$2
Event: 28.412 Loading class java/util/stream/DistinctOps$1$2 done
Event: 29.086 Loading class java/io/CharArrayWriter
Event: 29.086 Loading class java/io/CharArrayWriter done
Event: 29.105 Loading class java/nio/file/attribute/PosixFileAttributes
Event: 29.105 Loading class java/nio/file/attribute/PosixFileAttributes done
Event: 29.192 Loading class java/util/AbstractList$RandomAccessSubList
Event: 29.192 Loading class java/util/AbstractList$SubList
Event: 29.195 Loading class java/util/AbstractList$SubList done
Event: 29.195 Loading class java/util/AbstractList$RandomAccessSubList done
Event: 29.195 Loading class java/util/AbstractList$SubList$1
Event: 29.196 Loading class java/util/AbstractList$SubList$1 done
Event: 29.409 Loading class sun/nio/fs/WindowsFileCopy
Event: 29.410 Loading class sun/nio/fs/WindowsFileCopy done
Event: 32.683 Loading class sun/nio/cs/ISO_8859_1$Encoder
Event: 32.684 Loading class sun/nio/cs/ISO_8859_1$Encoder done
Event: 32.684 Loading class sun/nio/cs/Surrogate$Parser
Event: 32.684 Loading class sun/nio/cs/Surrogate$Parser done
Event: 32.685 Loading class sun/nio/cs/Surrogate
Event: 32.685 Loading class sun/nio/cs/Surrogate done

Classes unloaded (10 events):
Event: 7.568 Thread 0x0000022558984ac0 Unloading class 0x00000225011ac800 'java/lang/invoke/LambdaForm$MH+0x00000225011ac800'
Event: 7.568 Thread 0x0000022558984ac0 Unloading class 0x00000225011ac400 'java/lang/invoke/LambdaForm$MH+0x00000225011ac400'
Event: 7.568 Thread 0x0000022558984ac0 Unloading class 0x00000225011ac000 'java/lang/invoke/LambdaForm$MH+0x00000225011ac000'
Event: 7.568 Thread 0x0000022558984ac0 Unloading class 0x00000225011abc00 'java/lang/invoke/LambdaForm$MH+0x00000225011abc00'
Event: 7.568 Thread 0x0000022558984ac0 Unloading class 0x00000225011ab800 'java/lang/invoke/LambdaForm$BMH+0x00000225011ab800'
Event: 7.568 Thread 0x0000022558984ac0 Unloading class 0x00000225011ab400 'java/lang/invoke/LambdaForm$DMH+0x00000225011ab400'
Event: 7.568 Thread 0x0000022558984ac0 Unloading class 0x00000225011aa000 'java/lang/invoke/LambdaForm$DMH+0x00000225011aa000'
Event: 18.359 Thread 0x0000022558984ac0 Unloading class 0x00000225016c0400 'java/lang/invoke/LambdaForm$DMH+0x00000225016c0400'
Event: 18.359 Thread 0x0000022558984ac0 Unloading class 0x00000225016c0000 'java/lang/invoke/LambdaForm$DMH+0x00000225016c0000'
Event: 18.359 Thread 0x0000022558984ac0 Unloading class 0x00000225016bfc00 'java/lang/invoke/LambdaForm$DMH+0x00000225016bfc00'

Classes redefined (0 events):
No events

Internal exceptions (20 events):
Event: 28.001 Thread 0x0000022571e3cd30 Exception <a 'java/lang/NoSuchMethodError'{0x00000000d58da918}: 'void java.lang.invoke.DirectMethodHandle$Holder.invokeStatic(java.lang.Object, int, java.lang.Object)'> (0x00000000d58da918) 
thrown [s\src\hotspot\share\interpreter\linkResolver.cpp, line 773]
Event: 28.228 Thread 0x0000022576897c40 Exception <a 'sun/nio/fs/WindowsException'{0x00000000d5cd4da0}> (0x00000000d5cd4da0) 
thrown [s\src\hotspot\share\prims\jni.cpp, line 520]
Event: 28.230 Thread 0x00000225717259a0 Exception <a 'sun/nio/fs/WindowsException'{0x00000000d5ce4188}> (0x00000000d5ce4188) 
thrown [s\src\hotspot\share\prims\jni.cpp, line 520]
Event: 28.231 Thread 0x00000225717259a0 Exception <a 'sun/nio/fs/WindowsException'{0x00000000d5ce4ef8}> (0x00000000d5ce4ef8) 
thrown [s\src\hotspot\share\prims\jni.cpp, line 520]
Event: 28.388 Thread 0x0000022576897c40 Exception <a 'sun/nio/fs/WindowsException'{0x00000000d5981f58}> (0x00000000d5981f58) 
thrown [s\src\hotspot\share\prims\jni.cpp, line 520]
Event: 28.388 Thread 0x0000022576897c40 Exception <a 'sun/nio/fs/WindowsException'{0x00000000d5982588}> (0x00000000d5982588) 
thrown [s\src\hotspot\share\prims\jni.cpp, line 520]
Event: 28.414 Thread 0x0000022576897c40 Exception <a 'java/lang/NoSuchMethodError'{0x00000000d59f9758}: 'java.lang.Object java.lang.invoke.DirectMethodHandle$Holder.newInvokeSpecial(java.lang.Object, java.lang.Object, int, java.lang.Object, java.lang.Object)'> (0x00000000d59f9758) 
thrown [s\src\hotspot\share\interpreter\linkResolver.cpp, line 773]
Event: 28.421 Thread 0x0000022576897c40 Exception <a 'java/lang/NoSuchMethodError'{0x00000000d5a16038}: 'java.lang.Object java.lang.invoke.DirectMethodHandle$Holder.invokeSpecial(java.lang.Object, java.lang.Object, java.lang.Object, int, java.lang.Object, java.lang.Object, java.lang.Object)'> (0x00000000d5a16038) 
thrown [s\src\hotspot\share\interpreter\linkResolver.cpp, line 773]
Event: 28.424 Thread 0x0000022576897c40 Exception <a 'java/lang/NoSuchMethodError'{0x00000000d5a21260}: 'java.lang.Object java.lang.invoke.DirectMethodHandle$Holder.newInvokeSpecial(java.lang.Object, java.lang.Object, int)'> (0x00000000d5a21260) 
thrown [s\src\hotspot\share\interpreter\linkResolver.cpp, line 773]
Event: 28.456 Thread 0x0000022576897c40 Exception <a 'java/lang/NoSuchMethodError'{0x00000000d5aa04f0}: 'void java.lang.invoke.DirectMethodHandle$Holder.invokeStatic(java.lang.Object, int)'> (0x00000000d5aa04f0) 
thrown [s\src\hotspot\share\interpreter\linkResolver.cpp, line 773]
Event: 28.622 Thread 0x0000022576897c40 Exception <a 'java/io/FileNotFoundException'{0x00000000d563f2f0}> (0x00000000d563f2f0) 
thrown [s\src\hotspot\share\prims\jni.cpp, line 520]
Event: 28.623 Thread 0x0000022576897c40 Exception <a 'java/io/FileNotFoundException'{0x00000000d5640588}> (0x00000000d5640588) 
thrown [s\src\hotspot\share\prims\jni.cpp, line 520]
Event: 28.623 Thread 0x0000022576897c40 Exception <a 'java/io/FileNotFoundException'{0x00000000d5641578}> (0x00000000d5641578) 
thrown [s\src\hotspot\share\prims\jni.cpp, line 520]
Event: 28.640 Thread 0x0000022576897c40 Exception <a 'java/lang/NoSuchMethodError'{0x00000000d56a4a80}: 'int java.lang.invoke.DirectMethodHandle$Holder.invokeStatic(java.lang.Object, java.lang.Object, java.lang.Object, java.lang.Object, java.lang.Object, java.lang.Object)'> (0x00000000d56a4a80) 
thrown [s\src\hotspot\share\interpreter\linkResolver.cpp, line 773]
Event: 28.786 Thread 0x0000022576897c40 Implicit null exception at 0x0000022563a2559f to 0x0000022563a2624c
Event: 29.369 Thread 0x0000022576898960 Exception <a 'java/lang/NoSuchMethodError'{0x00000000d559d8f0}: 'java.lang.Object java.lang.invoke.DirectMethodHandle$Holder.invokeStatic(java.lang.Object, java.lang.Object, int, java.lang.Object)'> (0x00000000d559d8f0) 
thrown [s\src\hotspot\share\interpreter\linkResolver.cpp, line 773]
Event: 29.413 Thread 0x00000225768982d0 Exception <a 'sun/nio/fs/WindowsException'{0x00000000d56a9be8}> (0x00000000d56a9be8) 
thrown [s\src\hotspot\share\prims\jni.cpp, line 520]
Event: 30.525 Thread 0x00000225768982d0 Exception <a 'sun/nio/fs/WindowsException'{0x00000000d5f34c00}> (0x00000000d5f34c00) 
thrown [s\src\hotspot\share\prims\jni.cpp, line 520]
Event: 30.546 Thread 0x00000225768982d0 Implicit null exception at 0x0000022563c55062 to 0x0000022563c55498
Event: 35.215 Thread 0x0000022577efbc80 Exception <a 'java/lang/IncompatibleClassChangeError'{0x00000000d5a0ff88}: Found class java.lang.Object, but interface was expected> (0x00000000d5a0ff88) 
thrown [s\src\hotspot\share\interpreter\linkResolver.cpp, line 840]

ZGC Phase Switch (0 events):
No events

VM Operations (20 events):
Event: 32.056 Executing safepoint VM operation: Cleanup
Event: 32.056 Executing safepoint VM operation: Cleanup done
Event: 33.063 Executing safepoint VM operation: Cleanup
Event: 33.064 Executing safepoint VM operation: Cleanup done
Event: 34.067 Executing safepoint VM operation: Cleanup
Event: 34.067 Executing safepoint VM operation: Cleanup done
Event: 36.084 Executing safepoint VM operation: Cleanup
Event: 36.084 Executing safepoint VM operation: Cleanup done
Event: 37.093 Executing safepoint VM operation: Cleanup
Event: 37.093 Executing safepoint VM operation: Cleanup done
Event: 39.110 Executing safepoint VM operation: Cleanup
Event: 39.110 Executing safepoint VM operation: Cleanup done
Event: 40.122 Executing safepoint VM operation: Cleanup
Event: 40.122 Executing safepoint VM operation: Cleanup done
Event: 40.147 Executing safepoint VM operation: ParallelGCFailedAllocation (Allocation Failure)
Event: 40.152 Executing safepoint VM operation: ParallelGCFailedAllocation (Allocation Failure) done
Event: 41.158 Executing safepoint VM operation: Cleanup
Event: 41.158 Executing safepoint VM operation: Cleanup done
Event: 44.175 Executing safepoint VM operation: Cleanup
Event: 44.176 Executing safepoint VM operation: Cleanup done

Memory protections (0 events):
No events

Nmethod flushes (20 events):
Event: 18.397 Thread 0x0000022558984ac0 flushing  nmethod 0x000002255c493590
Event: 18.397 Thread 0x0000022558984ac0 flushing  nmethod 0x000002255c494c10
Event: 18.397 Thread 0x0000022558984ac0 flushing  nmethod 0x000002255c4b0a90
Event: 18.397 Thread 0x0000022558984ac0 flushing  nmethod 0x000002255c4b7c90
Event: 18.397 Thread 0x0000022558984ac0 flushing osr nmethod 0x000002255c4bfc10
Event: 18.397 Thread 0x0000022558984ac0 flushing osr nmethod 0x000002255c4c3390
Event: 18.397 Thread 0x0000022558984ac0 flushing  nmethod 0x000002255c521590
Event: 18.397 Thread 0x0000022558984ac0 flushing  nmethod 0x000002255c52d290
Event: 18.397 Thread 0x0000022558984ac0 flushing  nmethod 0x000002255c53a310
Event: 18.397 Thread 0x0000022558984ac0 flushing  nmethod 0x000002255c551410
Event: 18.397 Thread 0x0000022558984ac0 flushing  nmethod 0x000002255c551790
Event: 18.397 Thread 0x0000022558984ac0 flushing  nmethod 0x000002255c555090
Event: 18.397 Thread 0x0000022558984ac0 flushing  nmethod 0x000002255c569410
Event: 18.397 Thread 0x0000022558984ac0 flushing  nmethod 0x000002255c569a10
Event: 18.397 Thread 0x0000022558984ac0 flushing  nmethod 0x000002255c56a890
Event: 18.397 Thread 0x0000022558984ac0 flushing  nmethod 0x000002255c574810
Event: 18.397 Thread 0x0000022558984ac0 flushing  nmethod 0x000002255c57b590
Event: 18.397 Thread 0x0000022558984ac0 flushing  nmethod 0x000002255c580d90
Event: 18.397 Thread 0x0000022558984ac0 flushing  nmethod 0x000002255c5c4c90
Event: 18.397 Thread 0x0000022558984ac0 flushing osr nmethod 0x000002255c600b90

Events (20 events):
Event: 28.701 Thread 0x0000022576897c40 Thread added: 0x000002257c6ec520
Event: 28.750 Thread 0x000002257c6e62b0 Thread exited: 0x000002257c6e62b0
Event: 28.751 Thread 0x000002257c6ec520 Thread exited: 0x000002257c6ec520
Event: 28.751 Thread 0x000002257c6e9730 Thread exited: 0x000002257c6e9730
Event: 28.751 Thread 0x000002257c6e9dc0 Thread exited: 0x000002257c6e9dc0
Event: 28.751 Thread 0x000002257c6eb170 Thread exited: 0x000002257c6eb170
Event: 30.227 Thread 0x000002257a4a5530 Thread exited: 0x000002257a4a5530
Event: 30.567 Thread 0x000002257079c0c0 Thread added: 0x0000022578246530
Event: 31.646 Thread 0x0000022578246530 Thread exited: 0x0000022578246530
Event: 32.539 Thread 0x000002257a4a4e60 Thread exited: 0x000002257a4a4e60
Event: 32.576 Thread 0x000002257079c0c0 Thread added: 0x0000022577c55ae0
Event: 32.593 Thread 0x000002257079c0c0 Thread added: 0x0000022577c53fa0
Event: 33.804 Thread 0x0000022577c53fa0 Thread exited: 0x0000022577c53fa0
Event: 33.804 Thread 0x0000022577c55ae0 Thread exited: 0x0000022577c55ae0
Event: 33.827 Thread 0x000002257079c0c0 Thread added: 0x0000022577c52460
Event: 36.655 Thread 0x0000022577c52460 Thread exited: 0x0000022577c52460
Event: 36.876 Thread 0x0000022558aa20a0 Thread added: 0x0000022578934be0
Event: 39.102 Thread 0x0000022578934be0 Thread exited: 0x0000022578934be0
Event: 39.149 Thread 0x0000022558aa20a0 Thread added: 0x0000022578934be0
Event: 40.128 Thread 0x0000022578934be0 Thread exited: 0x0000022578934be0


Dynamic libraries:
0x00007ff61ccc0000 - 0x00007ff61ccce000 	c:\Users\kalra\.vscode\extensions\redhat.java-1.53.0-win32-x64\jre\21.0.10-win32-x86_64\bin\java.exe
0x00007ff8b4ac0000 - 0x00007ff8b4d27000 	C:\WINDOWS\SYSTEM32\ntdll.dll
0x00007ff8b2bb0000 - 0x00007ff8b2c79000 	C:\WINDOWS\System32\KERNEL32.DLL
0x00007ff8b1580000 - 0x00007ff8b1971000 	C:\WINDOWS\System32\KERNELBASE.dll
0x00007ff8b22b0000 - 0x00007ff8b23fb000 	C:\WINDOWS\System32\ucrtbase.dll
0x00007ff869d50000 - 0x00007ff869d68000 	c:\Users\kalra\.vscode\extensions\redhat.java-1.53.0-win32-x64\jre\21.0.10-win32-x86_64\bin\jli.dll
0x00007ff868d50000 - 0x00007ff868d6e000 	c:\Users\kalra\.vscode\extensions\redhat.java-1.53.0-win32-x64\jre\21.0.10-win32-x86_64\bin\VCRUNTIME140.dll
0x00007ff8b4420000 - 0x00007ff8b45e5000 	C:\WINDOWS\System32\USER32.dll
0x00007ff8b1980000 - 0x00007ff8b19a7000 	C:\WINDOWS\System32\win32u.dll
0x00007ff8b3f40000 - 0x00007ff8b3f6b000 	C:\WINDOWS\System32\GDI32.dll
0x00007ff89a420000 - 0x00007ff89a6b3000 	C:\WINDOWS\WinSxS\amd64_microsoft.windows.common-controls_6595b64144ccf1df_6.0.26100.8037_none_3e092faae333b53b\COMCTL32.dll
0x00007ff8b13a0000 - 0x00007ff8b14cb000 	C:\WINDOWS\System32\gdi32full.dll
0x00007ff8b3f70000 - 0x00007ff8b4019000 	C:\WINDOWS\System32\msvcrt.dll
0x00007ff8b14d0000 - 0x00007ff8b1573000 	C:\WINDOWS\System32\msvcp_win.dll
0x00007ff8b4870000 - 0x00007ff8b48a1000 	C:\WINDOWS\System32\IMM32.DLL
0x00007ff876680000 - 0x00007ff87668c000 	c:\Users\kalra\.vscode\extensions\redhat.java-1.53.0-win32-x64\jre\21.0.10-win32-x86_64\bin\vcruntime140_1.dll
0x00007ff84a920000 - 0x00007ff84a9ad000 	c:\Users\kalra\.vscode\extensions\redhat.java-1.53.0-win32-x64\jre\21.0.10-win32-x86_64\bin\msvcp140.dll
0x00007ff80dc80000 - 0x00007ff80ea21000 	c:\Users\kalra\.vscode\extensions\redhat.java-1.53.0-win32-x64\jre\21.0.10-win32-x86_64\bin\server\jvm.dll
0x00007ff8b4780000 - 0x00007ff8b483b000 	C:\WINDOWS\System32\ADVAPI32.dll
0x00007ff8b3630000 - 0x00007ff8b36d7000 	C:\WINDOWS\System32\sechost.dll
0x00007ff8b2d40000 - 0x00007ff8b2e58000 	C:\WINDOWS\System32\RPCRT4.dll
0x00007ff8b2e60000 - 0x00007ff8b2ed4000 	C:\WINDOWS\System32\WS2_32.dll
0x00007ff8b1200000 - 0x00007ff8b125e000 	C:\WINDOWS\SYSTEM32\POWRPROF.dll
0x00007ff8aa610000 - 0x00007ff8aa645000 	C:\WINDOWS\SYSTEM32\WINMM.dll
0x00007ff8aa600000 - 0x00007ff8aa60b000 	C:\WINDOWS\SYSTEM32\VERSION.dll
0x00007ff8b11e0000 - 0x00007ff8b11f4000 	C:\WINDOWS\SYSTEM32\UMPDC.dll
0x00007ff8b0130000 - 0x00007ff8b014b000 	C:\WINDOWS\SYSTEM32\kernel.appcore.dll
0x00007ff876090000 - 0x00007ff87609a000 	c:\Users\kalra\.vscode\extensions\redhat.java-1.53.0-win32-x64\jre\21.0.10-win32-x86_64\bin\jimage.dll
0x00007ff8a5b80000 - 0x00007ff8a5dc2000 	C:\WINDOWS\SYSTEM32\DBGHELP.DLL
0x00007ff8b4080000 - 0x00007ff8b4402000 	C:\WINDOWS\System32\combase.dll
0x00007ff8b3550000 - 0x00007ff8b3627000 	C:\WINDOWS\System32\OLEAUT32.dll
0x00007ff895010000 - 0x00007ff89504b000 	C:\WINDOWS\SYSTEM32\dbgcore.DLL
0x00007ff8b2400000 - 0x00007ff8b24a5000 	C:\WINDOWS\System32\bcryptPrimitives.dll
0x00007ff899e30000 - 0x00007ff899e3f000 	c:\Users\kalra\.vscode\extensions\redhat.java-1.53.0-win32-x64\jre\21.0.10-win32-x86_64\bin\instrument.dll
0x00007ff867c00000 - 0x00007ff867c20000 	c:\Users\kalra\.vscode\extensions\redhat.java-1.53.0-win32-x64\jre\21.0.10-win32-x86_64\bin\java.dll
0x00007ff8b37d0000 - 0x00007ff8b3f2f000 	C:\WINDOWS\System32\SHELL32.dll
0x00007ff8b26f0000 - 0x00007ff8b285a000 	C:\WINDOWS\System32\wintypes.dll
0x00007ff8b19b0000 - 0x00007ff8b2214000 	C:\WINDOWS\System32\windows.storage.dll
0x00007ff8b4980000 - 0x00007ff8b4a77000 	C:\WINDOWS\System32\SHCORE.dll
0x00007ff8b36e0000 - 0x00007ff8b3747000 	C:\WINDOWS\System32\shlwapi.dll
0x00007ff8b12c0000 - 0x00007ff8b12e9000 	C:\WINDOWS\SYSTEM32\profapi.dll
0x00007ff867940000 - 0x00007ff867958000 	c:\Users\kalra\.vscode\extensions\redhat.java-1.53.0-win32-x64\jre\21.0.10-win32-x86_64\bin\zip.dll
0x00007ff86f7a0000 - 0x00007ff86f7b0000 	C:\Users\kalra\.vscode\extensions\redhat.java-1.53.0-win32-x64\jre\21.0.10-win32-x86_64\bin\net.dll
0x00007ff8aa810000 - 0x00007ff8aa937000 	C:\WINDOWS\SYSTEM32\WINHTTP.dll
0x00007ff8b06a0000 - 0x00007ff8b070b000 	C:\WINDOWS\system32\mswsock.dll
0x00007ff8662d0000 - 0x00007ff8662e6000 	C:\Users\kalra\.vscode\extensions\redhat.java-1.53.0-win32-x64\jre\21.0.10-win32-x86_64\bin\nio.dll
0x00007ff8823c0000 - 0x00007ff8823d0000 	c:\Users\kalra\.vscode\extensions\redhat.java-1.53.0-win32-x64\jre\21.0.10-win32-x86_64\bin\verify.dll
0x00007ff835870000 - 0x00007ff8358b5000 	C:\Users\kalra\AppData\Roaming\Code\User\globalStorage\redhat.java\1.53.0\config_win\org.eclipse.equinox.launcher\org.eclipse.equinox.launcher.win32.win32.x86_64_1.3.0.v20260203-2149\eclipse_11919.dll
0x00007ff8b2a10000 - 0x00007ff8b2ba5000 	C:\WINDOWS\System32\ole32.dll
0x00007ff8b0980000 - 0x00007ff8b099b000 	C:\WINDOWS\SYSTEM32\CRYPTSP.dll
0x00007ff8b0090000 - 0x00007ff8b00c9000 	C:\WINDOWS\system32\rsaenh.dll
0x00007ff8b0750000 - 0x00007ff8b0782000 	C:\WINDOWS\SYSTEM32\USERENV.dll
0x00007ff8b1290000 - 0x00007ff8b12ba000 	C:\WINDOWS\SYSTEM32\bcrypt.dll
0x00007ff8b09a0000 - 0x00007ff8b09ac000 	C:\WINDOWS\SYSTEM32\CRYPTBASE.dll
0x00007ff8afb20000 - 0x00007ff8afb53000 	C:\WINDOWS\SYSTEM32\IPHLPAPI.DLL
0x00007ff8b45f0000 - 0x00007ff8b45fa000 	C:\WINDOWS\System32\NSI.dll
0x00007ff835380000 - 0x00007ff8353c9000 	C:\Users\kalra\AppData\Local\Temp\jna-101813893\jna7745316369965531197.dll
0x00007ff8b2c80000 - 0x00007ff8b2c88000 	C:\WINDOWS\System32\PSAPI.DLL
0x00007ff8ac410000 - 0x00007ff8ac42d000 	C:\WINDOWS\SYSTEM32\dhcpcsvc6.DLL
0x00007ff8ac300000 - 0x00007ff8ac323000 	C:\WINDOWS\SYSTEM32\dhcpcsvc.DLL

JVMTI agents:
c:\Users\kalra\.vscode\extensions\redhat.java-1.53.0-win32-x64\lombok\lombok-1.18.39-4050.jar path:c:\Users\kalra\.vscode\extensions\redhat.java-1.53.0-win32-x64\jre\21.0.10-win32-x86_64\bin\instrument.dll, loaded, initialized, instrumentlib options:none

dbghelp: loaded successfully - version: 4.0.5 - missing functions: none
symbol engine: initialized successfully - sym options: 0x614 - pdb path: .;c:\Users\kalra\.vscode\extensions\redhat.java-1.53.0-win32-x64\jre\21.0.10-win32-x86_64\bin;C:\WINDOWS\SYSTEM32;C:\WINDOWS\WinSxS\amd64_microsoft.windows.common-controls_6595b64144ccf1df_6.0.26100.8037_none_3e092faae333b53b;c:\Users\kalra\.vscode\extensions\redhat.java-1.53.0-win32-x64\jre\21.0.10-win32-x86_64\bin\server;C:\Users\kalra\AppData\Roaming\Code\User\globalStorage\redhat.java\1.53.0\config_win\org.eclipse.equinox.launcher\org.eclipse.equinox.launcher.win32.win32.x86_64_1.3.0.v20260203-2149;C:\Users\kalra\AppData\Local\Temp\jna-101813893

VM Arguments:
jvm_args: --add-modules=ALL-SYSTEM --add-opens=java.base/java.util=ALL-UNNAMED --add-opens=java.base/java.lang=ALL-UNNAMED --add-opens=java.base/sun.nio.fs=ALL-UNNAMED -Declipse.application=org.eclipse.jdt.ls.core.id1 -Dosgi.bundles.defaultStartLevel=4 -Declipse.product=org.eclipse.jdt.ls.core.product -Djava.import.generatesMetadataFilesAtProjectRoot=false -DDetectVMInstallationsJob.disabled=true -Dfile.encoding=utf8 -XX:+UseParallelGC -XX:GCTimeRatio=4 -XX:AdaptiveSizePolicyWeight=90 -Dsun.zip.disableMemoryMapping=true -Xmx2G -Xms100m -Xlog:disable -javaagent:c:\Users\kalra\.vscode\extensions\redhat.java-1.53.0-win32-x64\lombok\lombok-1.18.39-4050.jar -XX:+HeapDumpOnOutOfMemoryError -XX:HeapDumpPath=c:\Users\kalra\AppData\Roaming\Code\User\workspaceStorage\4fda5c3b26c15e0cb27154c0e992db6d\redhat.java -Daether.dependencyCollector.impl=bf 
java_command: c:\Users\kalra\.vscode\extensions\redhat.java-1.53.0-win32-x64\server\plugins\org.eclipse.equinox.launcher_1.7.100.v20251111-0406.jar -configuration c:\Users\kalra\AppData\Roaming\Code\User\globalStorage\redhat.java\1.53.0\config_win -data c:\Users\kalra\AppData\Roaming\Code\User\workspaceStorage\4fda5c3b26c15e0cb27154c0e992db6d\redhat.java\jdt_ws --pipe=\\.\pipe\lsp-c0f6f1b3d46749fb2f357384ec5e6c17-sock
java_class_path (initial): c:\Users\kalra\.vscode\extensions\redhat.java-1.53.0-win32-x64\server\plugins\org.eclipse.equinox.launcher_1.7.100.v20251111-0406.jar
Launcher Type: SUN_STANDARD

[Global flags]
    uintx AdaptiveSizePolicyWeight                 = 90                                        {product} {command line}
     intx CICompilerCount                          = 4                                         {product} {ergonomic}
    uintx GCTimeRatio                              = 4                                         {product} {command line}
     bool HeapDumpOnOutOfMemoryError               = true                                   {manageable} {command line}
    ccstr HeapDumpPath                             = c:\Users\kalra\AppData\Roaming\Code\User\workspaceStorage\4fda5c3b26c15e0cb27154c0e992db6d\redhat.java         {manageable} {command line}
   size_t InitialHeapSize                          = 104857600                                 {product} {command line}
   size_t MaxHeapSize                              = 2147483648                                {product} {command line}
   size_t MaxNewSize                               = 715653120                                 {product} {ergonomic}
   size_t MinHeapDeltaBytes                        = 524288                                    {product} {ergonomic}
   size_t MinHeapSize                              = 104857600                                 {product} {command line}
   size_t NewSize                                  = 34603008                                  {product} {ergonomic}
    uintx NonNMethodCodeHeapSize                   = 5839372                                {pd product} {ergonomic}
    uintx NonProfiledCodeHeapSize                  = 122909434                              {pd product} {ergonomic}
   size_t OldSize                                  = 70254592                                  {product} {ergonomic}
    uintx ProfiledCodeHeapSize                     = 122909434                              {pd product} {ergonomic}
    uintx ReservedCodeCacheSize                    = 251658240                              {pd product} {ergonomic}
     bool SegmentedCodeCache                       = true                                      {product} {ergonomic}
   size_t SoftMaxHeapSize                          = 2147483648                             {manageable} {ergonomic}
     bool UseCompressedOops                        = true                           {product lp64_product} {ergonomic}
     bool UseLargePagesIndividualAllocation        = false                                  {pd product} {ergonomic}
     bool UseParallelGC                            = true                                      {product} {command line}

Logging:
Log output configuration:
 #0: stdout all=off uptime,level,tags foldmultilines=false
 #1: stderr all=off uptime,level,tags foldmultilines=false

Release file:
JAVA_VERSION="21.0.10" 
MODULES="java.base java.compiler java.datatransfer java.xml java.prefs java.desktop java.instrument java.logging java.management java.security.sasl java.naming java.rmi java.management.rmi java.net.http java.scripting java.security.jgss java.transaction.xa java.sql java.sql.rowset java.xml.crypto java.se java.smartcardio jdk.accessibility jdk.internal.jvmstat jdk.attach jdk.charsets jdk.internal.opt jdk.zipfs jdk.compiler jdk.crypto.ec jdk.crypto.cryptoki jdk.crypto.mscapi jdk.dynalink jdk.internal.ed jdk.editpad jdk.hotspot.agent jdk.httpserver jdk.internal.le jdk.internal.vm.ci jdk.internal.vm.compiler jdk.internal.vm.compiler.management jdk.jartool jdk.javadoc jdk.jcmd jdk.management jdk.management.agent jdk.jconsole jdk.jdeps jdk.jdwp.agent jdk.jdi jdk.jfr jdk.jshell jdk.jsobject jdk.jstatd jdk.localedata jdk.management.jfr jdk.naming.dns jdk.naming.rmi jdk.net jdk.nio.mapmode jdk.random jdk.sctp jdk.security.auth jdk.security.jgss jdk.unsupported jdk.unsupported.desktop jdk.xml.dom" 

Environment Variables:
PATH=C:\Users\kalra\AppData\Local\Programs\Microsoft VS Code;C:\Python314\Scripts\;C:\Python314\;C:\Program Files\nodejs\;C:\ProgramData\chocolatey\bin;D:\Git\cmd;C:\Users\kalra\AppData\Local\Programs\Python\Python313\Scripts\;C:\Users\kalra\AppData\Local\Programs\Python\Python313\;C:\Program Files\MySQL\MySQL Shell 8.0\bin\;C:\Users\kalra\AppData\Local\Programs\Python\Python312\Scripts\;C:\Users\kalra\AppData\Local\Programs\Python\Python312\;C:\Users\kalra\AppData\Local\Microsoft\WindowsApps;C:\Users\kalra\AppData\Local\Programs\Microsoft VS Code\bin;C:\Program Files\Azure Data Studio\bin;%JAVA_HOME%\bin;C:\Program Files\Maven\apache-maven-3.9.11\bin;C:\Program Files\MySQL\MySQL Server 8.0\bin;C:\Users\kalra\AppData\Roaming\npm;C:\Users\kalra\Downloads\flutter_windows_3.41.4-stable\flutter\bin;C:\Windows\System32;C:\Program Files\Git\cmd;C:\Windows\System32\WindowsPowerShell\v1.0\;
USERNAME=kalra
OS=Windows_NT
PROCESSOR_IDENTIFIER=AMD64 Family 23 Model 104 Stepping 1, AuthenticAMD
TMP=C:\Users\kalra\AppData\Local\Temp
TEMP=C:\Users\kalra\AppData\Local\Temp




Periodic native trim disabled

---------------  S Y S T E M  ---------------

OS:
 Windows 11 , 64 bit Build 26100 (10.0.26100.7920)
OS uptime: 0 days 14:05 hours
Hyper-V role detected

CPU: total 12 (initial active 12) (12 cores per cpu, 2 threads per core) family 23 model 104 stepping 1 microcode 0x8608107, cx8, cmov, fxsr, ht, mmx, 3dnowpref, sse, sse2, sse3, ssse3, sse4a, sse4.1, sse4.2, popcnt, lzcnt, tsc, tscinvbit, avx, avx2, aes, clmul, bmi1, bmi2, adx, sha, fma, vzeroupper, clflush, clflushopt, hv, rdtscp, rdpid, f16c
Processor Information for the first 12 processors :
  Max Mhz: 2100, Current Mhz: 2100, Mhz Limit: 2100

Memory: 4k page, system-wide physical 7501M (596M free)
TotalPageFile size 16348M (AvailPageFile size 18M)
current process WorkingSet (physical memory assigned to process): 357M, peak: 406M
current process commit charge ("private bytes"): 433M, peak: 487M

vm_info: OpenJDK 64-Bit Server VM (21.0.10+7-LTS) for windows-amd64 JRE (21.0.10+7-LTS), built on 2026-01-20T00:00:00Z by "admin" with MS VC++ 17.12 (VS2022)

END.
