#
# There is insufficient memory for the Java Runtime Environment to continue.
# Native memory allocation (malloc) failed to allocate 858896 bytes. Error detail: Chunk::new
# Possible reasons:
#   The system is out of physical RAM or swap space
#   This process is running with CompressedOops enabled, and the Java Heap may be blocking the growth of the native heap
# Possible solutions:
#   Reduce memory load on the system
#   Increase physical memory or swap space
#   Check if swap backing store is full
#   Decrease Java heap size (-Xmx/-Xms)
#   Decrease number of Java threads
#   Decrease Java thread stack sizes (-Xss)
#   Set larger code cache with -XX:ReservedCodeCacheSize=
#   JVM is running with Unscaled Compressed Oops mode in which the Java heap is
#     placed in the first 4GB address space. The Java Heap base address is the
#     maximum limit for the native heap growth. Please use -XX:HeapBaseMinAddress
#     to set the Java Heap base and to place the Java Heap above 4GB virtual address.
# This output file may be truncated or incomplete.
#
#  Out of Memory Error (arena.cpp:168), pid=10780, tid=11768
#
# JRE version: OpenJDK Runtime Environment Temurin-21.0.10+7 (21.0.10+7) (build 21.0.10+7-LTS)
# Java VM: OpenJDK 64-Bit Server VM Temurin-21.0.10+7 (21.0.10+7-LTS, mixed mode, sharing, tiered, compressed oops, compressed class ptrs, parallel gc, windows-amd64)
# No core dump will be written. Minidumps are not enabled by default on client versions of Windows
#

---------------  S U M M A R Y ------------

Command Line: --add-modules=ALL-SYSTEM --add-opens=java.base/java.util=ALL-UNNAMED --add-opens=java.base/java.lang=ALL-UNNAMED --add-opens=java.base/sun.nio.fs=ALL-UNNAMED -Declipse.application=org.eclipse.jdt.ls.core.id1 -Dosgi.bundles.defaultStartLevel=4 -Declipse.product=org.eclipse.jdt.ls.core.product -Djava.import.generatesMetadataFilesAtProjectRoot=false -DDetectVMInstallationsJob.disabled=true -Dfile.encoding=utf8 -XX:+UseParallelGC -XX:GCTimeRatio=4 -XX:AdaptiveSizePolicyWeight=90 -Dsun.zip.disableMemoryMapping=true -Xmx2G -Xms100m -Xlog:disable -javaagent:c:\Users\kalra\.vscode\extensions\redhat.java-1.53.0-win32-x64\lombok\lombok-1.18.39-4050.jar c:\Users\kalra\.vscode\extensions\redhat.java-1.53.0-win32-x64\server\plugins\org.eclipse.equinox.launcher_1.7.100.v20251111-0406.jar -configuration c:\Users\kalra\AppData\Roaming\Code\User\globalStorage\redhat.java\1.53.0\config_ss_win -data c:\Users\kalra\AppData\Roaming\Code\User\workspaceStorage\4fda5c3b26c15e0cb27154c0e992db6d\redhat.java\ss_ws --pipe=\\.\pipe\lsp-373fd8f6bc88d488b154e861bffd8c53-sock

Host: AMD Ryzen 5 5500U with Radeon Graphics         , 12 cores, 7G,  Windows 11 , 64 bit Build 26100 (10.0.26100.7920)
Time: Wed Mar 25 13:58:43 2026 India Standard Time elapsed time: 20.004138 seconds (0d 0h 0m 20s)

---------------  T H R E A D  ---------------

Current thread (0x0000025f94e72090):  JavaThread "C2 CompilerThread0" daemon [_thread_in_native, id=11768, stack(0x000000d8e6700000,0x000000d8e6800000) (1024K)]


Current CompileTask:
C2:20004 3615       4       org.eclipse.osgi.internal.loader.ModuleClassLoader::toString (80 bytes)

Stack: [0x000000d8e6700000,0x000000d8e6800000]
Native frames: (J=compiled Java code, j=interpreted, Vv=VM code, C=native code)
V  [jvm.dll+0x6d7a39]
V  [jvm.dll+0x8b4b26]
V  [jvm.dll+0x8b70de]
V  [jvm.dll+0x8b77c3]
V  [jvm.dll+0x284346]
V  [jvm.dll+0xc66ed]
V  [jvm.dll+0xc6c31]
V  [jvm.dll+0x3bec3b]
V  [jvm.dll+0x38b162]
V  [jvm.dll+0x38a5aa]
V  [jvm.dll+0x24c560]
V  [jvm.dll+0x24bb40]
V  [jvm.dll+0x1cb34e]
V  [jvm.dll+0x25b85d]
V  [jvm.dll+0x259dea]
V  [jvm.dll+0x3f857e]
V  [jvm.dll+0x85f59d]
V  [jvm.dll+0x6d626d]
C  [ucrtbase.dll+0x37b0]
C  [KERNEL32.DLL+0x2e8d7]
C  [ntdll.dll+0x8c48c]


---------------  P R O C E S S  ---------------

Threads class SMR info:
_java_thread_list=0x0000025ff4352390, length=36, elements={
0x0000025f94dc3820, 0x0000025f94d6e940, 0x0000025f94e62070, 0x0000025f94e66ff0,
0x0000025f94e69b60, 0x0000025f94e6c390, 0x0000025f94e6d590, 0x0000025f94e72090,
0x0000025f94e7e520, 0x0000025fedd746c0, 0x0000025ff3000080, 0x0000025ff37c61b0,
0x0000025ff367bfd0, 0x0000025ff325c1f0, 0x0000025ff374dbc0, 0x0000025ff39d2710,
0x0000025fedcb24e0, 0x0000025ff3211a00, 0x0000025ff3d666e0, 0x0000025ff3d68120,
0x0000025ff3d659c0, 0x0000025ff3d67400, 0x0000025ff3d66050, 0x0000025ff3d687b0,
0x0000025ff3d68e40, 0x0000025ff3d66d70, 0x0000025ff3d67a90, 0x0000025ff41806e0,
0x0000025ff41834d0, 0x0000025ff4182120, 0x0000025ff4181400, 0x0000025ff4183b60,
0x0000025ff41827b0, 0x0000025ff4182e40, 0x0000025ff41841f0, 0x0000025ff4180d70
}

Java Threads: ( => current thread )
  0x0000025f94dc3820 JavaThread "main"                              [_thread_blocked, id=5276, stack(0x000000d8e5d00000,0x000000d8e5e00000) (1024K)]
  0x0000025f94d6e940 JavaThread "Reference Handler"          daemon [_thread_blocked, id=2452, stack(0x000000d8e6100000,0x000000d8e6200000) (1024K)]
  0x0000025f94e62070 JavaThread "Finalizer"                  daemon [_thread_blocked, id=6320, stack(0x000000d8e6200000,0x000000d8e6300000) (1024K)]
  0x0000025f94e66ff0 JavaThread "Signal Dispatcher"          daemon [_thread_blocked, id=18120, stack(0x000000d8e6300000,0x000000d8e6400000) (1024K)]
  0x0000025f94e69b60 JavaThread "Attach Listener"            daemon [_thread_blocked, id=11260, stack(0x000000d8e6400000,0x000000d8e6500000) (1024K)]
  0x0000025f94e6c390 JavaThread "Service Thread"             daemon [_thread_blocked, id=5392, stack(0x000000d8e6500000,0x000000d8e6600000) (1024K)]
  0x0000025f94e6d590 JavaThread "Monitor Deflation Thread"   daemon [_thread_blocked, id=21164, stack(0x000000d8e6600000,0x000000d8e6700000) (1024K)]
=>0x0000025f94e72090 JavaThread "C2 CompilerThread0"         daemon [_thread_in_native, id=11768, stack(0x000000d8e6700000,0x000000d8e6800000) (1024K)]
  0x0000025f94e7e520 JavaThread "C1 CompilerThread0"         daemon [_thread_blocked, id=18084, stack(0x000000d8e6800000,0x000000d8e6900000) (1024K)]
  0x0000025fedd746c0 JavaThread "Common-Cleaner"             daemon [_thread_blocked, id=20472, stack(0x000000d8e6a00000,0x000000d8e6b00000) (1024K)]
  0x0000025ff3000080 JavaThread "Notification Thread"        daemon [_thread_blocked, id=22968, stack(0x000000d8e6900000,0x000000d8e6a00000) (1024K)]
  0x0000025ff37c61b0 JavaThread "Active Thread: Equinox Container: aaab55f6-4155-4420-8f7c-2340e6b22148"        [_thread_blocked, id=21588, stack(0x000000d8e6b00000,0x000000d8e6c00000) (1024K)]
  0x0000025ff367bfd0 JavaThread "Framework Event Dispatcher: Equinox Container: aaab55f6-4155-4420-8f7c-2340e6b22148" daemon [_thread_blocked, id=12436, stack(0x000000d8e7200000,0x000000d8e7300000) (1024K)]
  0x0000025ff325c1f0 JavaThread "Start Level: Equinox Container: aaab55f6-4155-4420-8f7c-2340e6b22148" daemon [_thread_blocked, id=16084, stack(0x000000d8e7300000,0x000000d8e7400000) (1024K)]
  0x0000025ff374dbc0 JavaThread "SCR Component Actor"        daemon [_thread_blocked, id=14656, stack(0x000000d8e7500000,0x000000d8e7600000) (1024K)]
  0x0000025ff39d2710 JavaThread "Worker-JM"                         [_thread_blocked, id=5356, stack(0x000000d8e7600000,0x000000d8e7700000) (1024K)]
  0x0000025fedcb24e0 JavaThread "JNA Cleaner"                daemon [_thread_blocked, id=1276, stack(0x000000d8e7900000,0x000000d8e7a00000) (1024K)]
  0x0000025ff3211a00 JavaThread "Worker-0"                          [_thread_blocked, id=8324, stack(0x000000d8e7a00000,0x000000d8e7b00000) (1024K)]
  0x0000025ff3d666e0 JavaThread "Worker-1"                          [_thread_blocked, id=21932, stack(0x000000d8e7b00000,0x000000d8e7c00000) (1024K)]
  0x0000025ff3d68120 JavaThread "Worker-2: Initialize After Load"        [_thread_in_native, id=13248, stack(0x000000d8e7c00000,0x000000d8e7d00000) (1024K)]
  0x0000025ff3d659c0 JavaThread "Thread-1"                   daemon [_thread_in_native, id=11872, stack(0x000000d8e8000000,0x000000d8e8100000) (1024K)]
  0x0000025ff3d67400 JavaThread "Thread-2"                   daemon [_thread_in_native, id=4456, stack(0x000000d8e8100000,0x000000d8e8200000) (1024K)]
  0x0000025ff3d66050 JavaThread "Thread-3"                   daemon [_thread_in_native, id=1620, stack(0x000000d8e8200000,0x000000d8e8300000) (1024K)]
  0x0000025ff3d687b0 JavaThread "Thread-4"                   daemon [_thread_in_native, id=20692, stack(0x000000d8e8300000,0x000000d8e8400000) (1024K)]
  0x0000025ff3d68e40 JavaThread "Thread-5"                   daemon [_thread_in_native, id=11308, stack(0x000000d8e8400000,0x000000d8e8500000) (1024K)]
  0x0000025ff3d66d70 JavaThread "Thread-6"                   daemon [_thread_in_native, id=20020, stack(0x000000d8e8500000,0x000000d8e8600000) (1024K)]
  0x0000025ff3d67a90 JavaThread "Thread-7"                   daemon [_thread_in_native, id=10372, stack(0x000000d8e8600000,0x000000d8e8700000) (1024K)]
  0x0000025ff41806e0 JavaThread "Thread-8"                   daemon [_thread_in_native, id=11196, stack(0x000000d8e8700000,0x000000d8e8800000) (1024K)]
  0x0000025ff41834d0 JavaThread "Thread-9"                   daemon [_thread_in_native, id=2668, stack(0x000000d8e8800000,0x000000d8e8900000) (1024K)]
  0x0000025ff4182120 JavaThread "Thread-10"                  daemon [_thread_in_native, id=21036, stack(0x000000d8e8900000,0x000000d8e8a00000) (1024K)]
  0x0000025ff4181400 JavaThread "Thread-11"                  daemon [_thread_in_native, id=23568, stack(0x000000d8e8a00000,0x000000d8e8b00000) (1024K)]
  0x0000025ff4183b60 JavaThread "Thread-12"                  daemon [_thread_in_native, id=18660, stack(0x000000d8e8b00000,0x000000d8e8c00000) (1024K)]
  0x0000025ff41827b0 JavaThread "Thread-13"                  daemon [_thread_in_native, id=7596, stack(0x000000d8e8c00000,0x000000d8e8d00000) (1024K)]
  0x0000025ff4182e40 JavaThread "pool-2-thread-1"                   [_thread_blocked, id=13660, stack(0x000000d8e8d00000,0x000000d8e8e00000) (1024K)]
  0x0000025ff41841f0 JavaThread "WorkspaceEventsHandler"            [_thread_blocked, id=1384, stack(0x000000d8e7f00000,0x000000d8e8000000) (1024K)]
  0x0000025ff4180d70 JavaThread "pool-1-thread-1"                   [_thread_in_vm, id=16104, stack(0x000000d8e8e00000,0x000000d8e8f00000) (1024K)]
Total: 36

Other Threads:
  0x0000025f94d54210 VMThread "VM Thread"                           [id=17324, stack(0x000000d8e6000000,0x000000d8e6100000) (1024K)]
  0x0000025f94c4ca00 WatcherThread "VM Periodic Task Thread"        [id=8284, stack(0x000000d8e5f00000,0x000000d8e6000000) (1024K)]
  0x0000025f94de23b0 WorkerThread "GC Thread#0"                     [id=20316, stack(0x000000d8e5e00000,0x000000d8e5f00000) (1024K)]
  0x0000025ff385d520 WorkerThread "GC Thread#1"                     [id=14076, stack(0x000000d8e6c00000,0x000000d8e6d00000) (1024K)]
  0x0000025ff30927d0 WorkerThread "GC Thread#2"                     [id=12280, stack(0x000000d8e6d00000,0x000000d8e6e00000) (1024K)]
  0x0000025ff385dce0 WorkerThread "GC Thread#3"                     [id=23536, stack(0x000000d8e6e00000,0x000000d8e6f00000) (1024K)]
  0x0000025ff3695340 WorkerThread "GC Thread#4"                     [id=25132, stack(0x000000d8e6f00000,0x000000d8e7000000) (1024K)]
  0x0000025ff36956f0 WorkerThread "GC Thread#5"                     [id=5448, stack(0x000000d8e7000000,0x000000d8e7100000) (1024K)]
  0x0000025ff3695aa0 WorkerThread "GC Thread#6"                     [id=5340, stack(0x000000d8e7100000,0x000000d8e7200000) (1024K)]
  0x0000025ff38064b0 WorkerThread "GC Thread#7"                     [id=17344, stack(0x000000d8e7400000,0x000000d8e7500000) (1024K)]
  0x0000025ff3b41900 WorkerThread "GC Thread#8"                     [id=21684, stack(0x000000d8e7700000,0x000000d8e7800000) (1024K)]
  0x0000025ff3b41cb0 WorkerThread "GC Thread#9"                     [id=22540, stack(0x000000d8e7800000,0x000000d8e7900000) (1024K)]
Total: 12

Threads with active compile tasks:
C2 CompilerThread0  20075 3615       4       org.eclipse.osgi.internal.loader.ModuleClassLoader::toString (80 bytes)
Total: 1

VM state: not at safepoint (normal execution)

VM Mutex/Monitor currently owned by a thread: None

Heap address: 0x0000000080000000, size: 2048 MB, Compressed Oops mode: 32-bit

CDS archive(s) mapped at: [0x0000025fac000000-0x0000025facba0000-0x0000025facba0000), size 12189696, SharedBaseAddress: 0x0000025fac000000, ArchiveRelocationMode: 1.
Compressed class space mapped at: 0x0000025fad000000-0x0000025fed000000, reserved size: 1073741824
Narrow klass base: 0x0000025fac000000, Narrow klass shift: 0, Narrow klass range: 0x100000000

GC Precious Log:
 CardTable entry size: 512
 CPUs: 12 total, 12 available
 Memory: 7501M
 Large Page Support: Disabled
 NUMA Support: Disabled
 Compressed Oops: Enabled (32-bit)
 Alignments: Space 512K, Generation 512K, Heap 2M
 Heap Min Capacity: 100M
 Heap Initial Capacity: 100M
 Heap Max Capacity: 2G
 Pre-touch: Disabled
 Parallel Workers: 10

Heap:
 PSYoungGen      total 26112K, used 21272K [0x00000000d5580000, 0x00000000d7680000, 0x0000000100000000)
  eden space 22528K, 78% used [0x00000000d5580000,0x00000000d66c8b28,0x00000000d6b80000)
  from space 3584K, 99% used [0x00000000d7080000,0x00000000d73fd890,0x00000000d7400000)
  to   space 5120K, 0% used [0x00000000d6b80000,0x00000000d6b80000,0x00000000d7080000)
 ParOldGen       total 68608K, used 9672K [0x0000000080000000, 0x0000000084300000, 0x00000000d5580000)
  object space 68608K, 14% used [0x0000000080000000,0x0000000080972138,0x0000000084300000)
 Metaspace       used 28851K, committed 29632K, reserved 1114112K
  class space    used 2870K, committed 3200K, reserved 1048576K

Card table byte_map: [0x0000025f94760000,0x0000025f94b70000] _byte_map_base: 0x0000025f94360000

Marking Bits: (ParMarkBitMap*) 0x00007ff8527f3450
 Begin Bits: [0x0000025fa7270000, 0x0000025fa9270000)
 End Bits:   [0x0000025fa9270000, 0x0000025fab270000)

Polling page: 0x0000025f92c00000

Metaspace:

Usage:
  Non-class:     25.37 MB used.
      Class:      2.80 MB used.
       Both:     28.18 MB used.

Virtual space:
  Non-class space:       64.00 MB reserved,      25.81 MB ( 40%) committed,  1 nodes.
      Class space:        1.00 GB reserved,       3.12 MB ( <1%) committed,  1 nodes.
             Both:        1.06 GB reserved,      28.94 MB (  3%) committed. 

Chunk freelists:
   Non-Class:  5.95 MB
       Class:  12.88 MB
        Both:  18.83 MB

MaxMetaspaceSize: unlimited
CompressedClassSpaceSize: 1.00 GB
Initial GC threshold: 21.00 MB
Current GC threshold: 35.00 MB
CDS: on
 - commit_granule_bytes: 65536.
 - commit_granule_words: 8192.
 - virtual_space_node_default_size: 8388608.
 - enlarge_chunks_in_place: 1.
 - use_allocation_guard: 0.


Internal statistics:

num_allocs_failed_limit: 3.
num_arena_births: 552.
num_arena_deaths: 14.
num_vsnodes_births: 2.
num_vsnodes_deaths: 0.
num_space_committed: 463.
num_space_uncommitted: 0.
num_chunks_returned_to_freelist: 17.
num_chunks_taken_from_freelist: 1678.
num_chunk_merges: 9.
num_chunk_splits: 1078.
num_chunks_enlarged: 676.
num_inconsistent_stats: 0.

CodeHeap 'non-profiled nmethods': size=120000Kb used=1743Kb max_used=1743Kb free=118256Kb
 bounds [0x0000025f9fa90000, 0x0000025f9fd00000, 0x0000025fa6fc0000]
CodeHeap 'profiled nmethods': size=120000Kb used=7184Kb max_used=7184Kb free=112816Kb
 bounds [0x0000025f97fc0000, 0x0000025f986d0000, 0x0000025f9f4f0000]
CodeHeap 'non-nmethods': size=5760Kb used=1339Kb max_used=1371Kb free=4420Kb
 bounds [0x0000025f9f4f0000, 0x0000025f9f760000, 0x0000025f9fa90000]
CodeCache: size=245760Kb, used=10266Kb, max_used=10298Kb, free=235492Kb
 total_blobs=4243, nmethods=3611, adapters=538, full_count=0
Compilation: enabled, stopped_count=0, restarted_count=0

Compilation events (20 events):
Event: 19.104 Thread 0x0000025f94e7e520 nmethod 3606 0x0000025f986c2390 code [0x0000025f986c2540, 0x0000025f986c2698]
Event: 19.115 Thread 0x0000025f94e72090 3607       4       java.nio.HeapByteBuffer::get (14 bytes)
Event: 19.118 Thread 0x0000025f94e72090 nmethod 3607 0x0000025f9fc3e010 code [0x0000025f9fc3e1a0, 0x0000025f9fc3e2a0]
Event: 19.118 Thread 0x0000025f94e72090 3608   !   4       org.eclipse.jdt.ls.core.internal.ConnectionStreamFactory$NamedPipeInputStream::read (128 bytes)
Event: 19.131 Thread 0x0000025f94e72090 nmethod 3608 0x0000025f9fc3e390 code [0x0000025f9fc3e5e0, 0x0000025f9fc3ea98]
Event: 19.189 Thread 0x0000025f94e72090 3609       4       org.osgi.framework.Version::toString0 (102 bytes)
Event: 19.204 Thread 0x0000025f94e7e520 3610       3       java.util.Collections$1::next (25 bytes)
Event: 19.205 Thread 0x0000025f94e7e520 nmethod 3610 0x0000025f986c2790 code [0x0000025f986c2940, 0x0000025f986c2b60]
Event: 19.262 Thread 0x0000025f94e7e520 3612       3       sun.reflect.generics.visitor.Reifier::getResult (26 bytes)
Event: 19.263 Thread 0x0000025f94e7e520 nmethod 3612 0x0000025f986c2c90 code [0x0000025f986c2e20, 0x0000025f986c2f40]
Event: 19.362 Thread 0x0000025f94e72090 nmethod 3609 0x0000025f9fc3ee90 code [0x0000025f9fc3f1c0, 0x0000025f9fc41498]
Event: 19.363 Thread 0x0000025f94e72090 3611       4       java.lang.Class::cast (27 bytes)
Event: 19.367 Thread 0x0000025f94e72090 nmethod 3611 0x0000025f9fc42310 code [0x0000025f9fc424a0, 0x0000025f9fc425b8]
Event: 19.541 Thread 0x0000025f94e72090 3613       4       java.lang.AbstractStringBuilder::append (60 bytes)
Event: 19.575 Thread 0x0000025f94e72090 nmethod 3613 0x0000025f9fc42690 code [0x0000025f9fc428a0, 0x0000025f9fc43520]
Event: 19.780 Thread 0x0000025f94e7e520 3614       3       java.lang.PublicMethods$MethodList::filter (104 bytes)
Event: 19.782 Thread 0x0000025f94e7e520 nmethod 3614 0x0000025f986c3010 code [0x0000025f986c3240, 0x0000025f986c3b40]
Event: 19.905 Thread 0x0000025f94e72090 3615       4       org.eclipse.osgi.internal.loader.ModuleClassLoader::toString (80 bytes)
Event: 19.923 Thread 0x0000025f94e7e520 3616       1       com.google.gson.reflect.TypeToken::getRawType (5 bytes)
Event: 19.923 Thread 0x0000025f94e7e520 nmethod 3616 0x0000025f9fc43b90 code [0x0000025f9fc43d20, 0x0000025f9fc43de8]

GC Heap History (18 events):
Event: 2.154 GC heap before
{Heap before GC invocations=1 (full 0):
 PSYoungGen      total 29696K, used 25600K [0x00000000d5580000, 0x00000000d7680000, 0x0000000100000000)
  eden space 25600K, 100% used [0x00000000d5580000,0x00000000d6e80000,0x00000000d6e80000)
  from space 4096K, 0% used [0x00000000d7280000,0x00000000d7280000,0x00000000d7680000)
  to   space 4096K, 0% used [0x00000000d6e80000,0x00000000d6e80000,0x00000000d7280000)
 ParOldGen       total 68608K, used 0K [0x0000000080000000, 0x0000000084300000, 0x00000000d5580000)
  object space 68608K, 0% used [0x0000000080000000,0x0000000080000000,0x0000000084300000)
 Metaspace       used 4358K, committed 4608K, reserved 1114112K
  class space    used 474K, committed 576K, reserved 1048576K
}
Event: 2.174 GC heap after
{Heap after GC invocations=1 (full 0):
 PSYoungGen      total 29696K, used 3255K [0x00000000d5580000, 0x00000000d7680000, 0x0000000100000000)
  eden space 25600K, 0% used [0x00000000d5580000,0x00000000d5580000,0x00000000d6e80000)
  from space 4096K, 79% used [0x00000000d6e80000,0x00000000d71ade88,0x00000000d7280000)
  to   space 4096K, 0% used [0x00000000d7280000,0x00000000d7280000,0x00000000d7680000)
 ParOldGen       total 68608K, used 16K [0x0000000080000000, 0x0000000084300000, 0x00000000d5580000)
  object space 68608K, 0% used [0x0000000080000000,0x0000000080004000,0x0000000084300000)
 Metaspace       used 4358K, committed 4608K, reserved 1114112K
  class space    used 474K, committed 576K, reserved 1048576K
}
Event: 5.012 GC heap before
{Heap before GC invocations=2 (full 0):
 PSYoungGen      total 29696K, used 28855K [0x00000000d5580000, 0x00000000d7680000, 0x0000000100000000)
  eden space 25600K, 100% used [0x00000000d5580000,0x00000000d6e80000,0x00000000d6e80000)
  from space 4096K, 79% used [0x00000000d6e80000,0x00000000d71ade88,0x00000000d7280000)
  to   space 4096K, 0% used [0x00000000d7280000,0x00000000d7280000,0x00000000d7680000)
 ParOldGen       total 68608K, used 16K [0x0000000080000000, 0x0000000084300000, 0x00000000d5580000)
  object space 68608K, 0% used [0x0000000080000000,0x0000000080004000,0x0000000084300000)
 Metaspace       used 8162K, committed 8512K, reserved 1114112K
  class space    used 868K, committed 1024K, reserved 1048576K
}
Event: 5.024 GC heap after
{Heap after GC invocations=2 (full 0):
 PSYoungGen      total 29696K, used 4075K [0x00000000d5580000, 0x00000000d7680000, 0x0000000100000000)
  eden space 25600K, 0% used [0x00000000d5580000,0x00000000d5580000,0x00000000d6e80000)
  from space 4096K, 99% used [0x00000000d7280000,0x00000000d767aff8,0x00000000d7680000)
  to   space 4096K, 0% used [0x00000000d6e80000,0x00000000d6e80000,0x00000000d7280000)
 ParOldGen       total 68608K, used 1151K [0x0000000080000000, 0x0000000084300000, 0x00000000d5580000)
  object space 68608K, 1% used [0x0000000080000000,0x000000008011feb8,0x0000000084300000)
 Metaspace       used 8162K, committed 8512K, reserved 1114112K
  class space    used 868K, committed 1024K, reserved 1048576K
}
Event: 7.075 GC heap before
{Heap before GC invocations=3 (full 0):
 PSYoungGen      total 29696K, used 29675K [0x00000000d5580000, 0x00000000d7680000, 0x0000000100000000)
  eden space 25600K, 100% used [0x00000000d5580000,0x00000000d6e80000,0x00000000d6e80000)
  from space 4096K, 99% used [0x00000000d7280000,0x00000000d767aff8,0x00000000d7680000)
  to   space 4096K, 0% used [0x00000000d6e80000,0x00000000d6e80000,0x00000000d7280000)
 ParOldGen       total 68608K, used 1151K [0x0000000080000000, 0x0000000084300000, 0x00000000d5580000)
  object space 68608K, 1% used [0x0000000080000000,0x000000008011feb8,0x0000000084300000)
 Metaspace       used 13009K, committed 13504K, reserved 1114112K
  class space    used 1379K, committed 1600K, reserved 1048576K
}
Event: 7.086 GC heap after
{Heap after GC invocations=3 (full 0):
 PSYoungGen      total 29696K, used 4064K [0x00000000d5580000, 0x00000000d7680000, 0x0000000100000000)
  eden space 25600K, 0% used [0x00000000d5580000,0x00000000d5580000,0x00000000d6e80000)
  from space 4096K, 99% used [0x00000000d6e80000,0x00000000d72781b0,0x00000000d7280000)
  to   space 4096K, 0% used [0x00000000d7280000,0x00000000d7280000,0x00000000d7680000)
 ParOldGen       total 68608K, used 2940K [0x0000000080000000, 0x0000000084300000, 0x00000000d5580000)
  object space 68608K, 4% used [0x0000000080000000,0x00000000802df3c0,0x0000000084300000)
 Metaspace       used 13009K, committed 13504K, reserved 1114112K
  class space    used 1379K, committed 1600K, reserved 1048576K
}
Event: 10.860 GC heap before
{Heap before GC invocations=4 (full 0):
 PSYoungGen      total 29696K, used 29664K [0x00000000d5580000, 0x00000000d7680000, 0x0000000100000000)
  eden space 25600K, 100% used [0x00000000d5580000,0x00000000d6e80000,0x00000000d6e80000)
  from space 4096K, 99% used [0x00000000d6e80000,0x00000000d72781b0,0x00000000d7280000)
  to   space 4096K, 0% used [0x00000000d7280000,0x00000000d7280000,0x00000000d7680000)
 ParOldGen       total 68608K, used 2940K [0x0000000080000000, 0x0000000084300000, 0x00000000d5580000)
  object space 68608K, 4% used [0x0000000080000000,0x00000000802df3c0,0x0000000084300000)
 Metaspace       used 17235K, committed 17920K, reserved 1114112K
  class space    used 1810K, committed 2112K, reserved 1048576K
}
Event: 10.869 GC heap after
{Heap after GC invocations=4 (full 0):
 PSYoungGen      total 29696K, used 4071K [0x00000000d5580000, 0x00000000d7680000, 0x0000000100000000)
  eden space 25600K, 0% used [0x00000000d5580000,0x00000000d5580000,0x00000000d6e80000)
  from space 4096K, 99% used [0x00000000d7280000,0x00000000d7679cb0,0x00000000d7680000)
  to   space 4096K, 0% used [0x00000000d6e80000,0x00000000d6e80000,0x00000000d7280000)
 ParOldGen       total 68608K, used 4549K [0x0000000080000000, 0x0000000084300000, 0x00000000d5580000)
  object space 68608K, 6% used [0x0000000080000000,0x0000000080471600,0x0000000084300000)
 Metaspace       used 17235K, committed 17920K, reserved 1114112K
  class space    used 1810K, committed 2112K, reserved 1048576K
}
Event: 12.842 GC heap before
{Heap before GC invocations=5 (full 0):
 PSYoungGen      total 29696K, used 29671K [0x00000000d5580000, 0x00000000d7680000, 0x0000000100000000)
  eden space 25600K, 100% used [0x00000000d5580000,0x00000000d6e80000,0x00000000d6e80000)
  from space 4096K, 99% used [0x00000000d7280000,0x00000000d7679cb0,0x00000000d7680000)
  to   space 4096K, 0% used [0x00000000d6e80000,0x00000000d6e80000,0x00000000d7280000)
 ParOldGen       total 68608K, used 4549K [0x0000000080000000, 0x0000000084300000, 0x00000000d5580000)
  object space 68608K, 6% used [0x0000000080000000,0x0000000080471600,0x0000000084300000)
 Metaspace       used 20422K, committed 21120K, reserved 1114112K
  class space    used 2029K, committed 2368K, reserved 1048576K
}
Event: 12.848 GC heap after
{Heap after GC invocations=5 (full 0):
 PSYoungGen      total 29184K, used 4093K [0x00000000d5580000, 0x00000000d7800000, 0x0000000100000000)
  eden space 25088K, 0% used [0x00000000d5580000,0x00000000d5580000,0x00000000d6e00000)
  from space 4096K, 99% used [0x00000000d6e80000,0x00000000d727f568,0x00000000d7280000)
  to   space 5120K, 0% used [0x00000000d7300000,0x00000000d7300000,0x00000000d7800000)
 ParOldGen       total 68608K, used 4839K [0x0000000080000000, 0x0000000084300000, 0x00000000d5580000)
  object space 68608K, 7% used [0x0000000080000000,0x00000000804b9fd0,0x0000000084300000)
 Metaspace       used 20422K, committed 21120K, reserved 1114112K
  class space    used 2029K, committed 2368K, reserved 1048576K
}
Event: 12.990 GC heap before
{Heap before GC invocations=6 (full 0):
 PSYoungGen      total 29184K, used 9524K [0x00000000d5580000, 0x00000000d7800000, 0x0000000100000000)
  eden space 25088K, 21% used [0x00000000d5580000,0x00000000d5acde70,0x00000000d6e00000)
  from space 4096K, 99% used [0x00000000d6e80000,0x00000000d727f568,0x00000000d7280000)
  to   space 5120K, 0% used [0x00000000d7300000,0x00000000d7300000,0x00000000d7800000)
 ParOldGen       total 68608K, used 4839K [0x0000000080000000, 0x0000000084300000, 0x00000000d5580000)
  object space 68608K, 7% used [0x0000000080000000,0x00000000804b9fd0,0x0000000084300000)
 Metaspace       used 20877K, committed 21504K, reserved 1114112K
  class space    used 2059K, committed 2368K, reserved 1048576K
}
Event: 12.996 GC heap after
{Heap after GC invocations=6 (full 0):
 PSYoungGen      total 29696K, used 5110K [0x00000000d5580000, 0x00000000d7900000, 0x0000000100000000)
  eden space 24576K, 0% used [0x00000000d5580000,0x00000000d5580000,0x00000000d6d80000)
  from space 5120K, 99% used [0x00000000d7300000,0x00000000d77fdaa0,0x00000000d7800000)
  to   space 5632K, 0% used [0x00000000d6d80000,0x00000000d6d80000,0x00000000d7300000)
 ParOldGen       total 68608K, used 4855K [0x0000000080000000, 0x0000000084300000, 0x00000000d5580000)
  object space 68608K, 7% used [0x0000000080000000,0x00000000804bdfd0,0x0000000084300000)
 Metaspace       used 20877K, committed 21504K, reserved 1114112K
  class space    used 2059K, committed 2368K, reserved 1048576K
}
Event: 12.996 GC heap before
{Heap before GC invocations=7 (full 1):
 PSYoungGen      total 29696K, used 5110K [0x00000000d5580000, 0x00000000d7900000, 0x0000000100000000)
  eden space 24576K, 0% used [0x00000000d5580000,0x00000000d5580000,0x00000000d6d80000)
  from space 5120K, 99% used [0x00000000d7300000,0x00000000d77fdaa0,0x00000000d7800000)
  to   space 5632K, 0% used [0x00000000d6d80000,0x00000000d6d80000,0x00000000d7300000)
 ParOldGen       total 68608K, used 4855K [0x0000000080000000, 0x0000000084300000, 0x00000000d5580000)
  object space 68608K, 7% used [0x0000000080000000,0x00000000804bdfd0,0x0000000084300000)
 Metaspace       used 20877K, committed 21504K, reserved 1114112K
  class space    used 2059K, committed 2368K, reserved 1048576K
}
Event: 13.054 GC heap after
{Heap after GC invocations=7 (full 1):
 PSYoungGen      total 29696K, used 0K [0x00000000d5580000, 0x00000000d7900000, 0x0000000100000000)
  eden space 24576K, 0% used [0x00000000d5580000,0x00000000d5580000,0x00000000d6d80000)
  from space 5120K, 0% used [0x00000000d7300000,0x00000000d7300000,0x00000000d7800000)
  to   space 5632K, 0% used [0x00000000d6d80000,0x00000000d6d80000,0x00000000d7300000)
 ParOldGen       total 68608K, used 8852K [0x0000000080000000, 0x0000000084300000, 0x00000000d5580000)
  object space 68608K, 12% used [0x0000000080000000,0x00000000808a50f8,0x0000000084300000)
 Metaspace       used 20864K, committed 21504K, reserved 1114112K
  class space    used 2055K, committed 2368K, reserved 1048576K
}
Event: 15.355 GC heap before
{Heap before GC invocations=8 (full 1):
 PSYoungGen      total 29696K, used 24576K [0x00000000d5580000, 0x00000000d7900000, 0x0000000100000000)
  eden space 24576K, 100% used [0x00000000d5580000,0x00000000d6d80000,0x00000000d6d80000)
  from space 5120K, 0% used [0x00000000d7300000,0x00000000d7300000,0x00000000d7800000)
  to   space 5632K, 0% used [0x00000000d6d80000,0x00000000d6d80000,0x00000000d7300000)
 ParOldGen       total 68608K, used 8852K [0x0000000080000000, 0x0000000084300000, 0x00000000d5580000)
  object space 68608K, 12% used [0x0000000080000000,0x00000000808a50f8,0x0000000084300000)
 Metaspace       used 22958K, committed 23680K, reserved 1114112K
  class space    used 2228K, committed 2560K, reserved 1048576K
}
Event: 15.360 GC heap after
{Heap after GC invocations=8 (full 1):
 PSYoungGen      total 26624K, used 2408K [0x00000000d5580000, 0x00000000d7400000, 0x0000000100000000)
  eden space 24064K, 0% used [0x00000000d5580000,0x00000000d5580000,0x00000000d6d00000)
  from space 2560K, 94% used [0x00000000d6d80000,0x00000000d6fda2b0,0x00000000d7000000)
  to   space 3584K, 0% used [0x00000000d7080000,0x00000000d7080000,0x00000000d7400000)
 ParOldGen       total 68608K, used 8860K [0x0000000080000000, 0x0000000084300000, 0x00000000d5580000)
  object space 68608K, 12% used [0x0000000080000000,0x00000000808a70f8,0x0000000084300000)
 Metaspace       used 22958K, committed 23680K, reserved 1114112K
  class space    used 2228K, committed 2560K, reserved 1048576K
}
Event: 17.656 GC heap before
{Heap before GC invocations=9 (full 1):
 PSYoungGen      total 26624K, used 26469K [0x00000000d5580000, 0x00000000d7400000, 0x0000000100000000)
  eden space 24064K, 99% used [0x00000000d5580000,0x00000000d6cff528,0x00000000d6d00000)
  from space 2560K, 94% used [0x00000000d6d80000,0x00000000d6fda2b0,0x00000000d7000000)
  to   space 3584K, 0% used [0x00000000d7080000,0x00000000d7080000,0x00000000d7400000)
 ParOldGen       total 68608K, used 8860K [0x0000000080000000, 0x0000000084300000, 0x00000000d5580000)
  object space 68608K, 12% used [0x0000000080000000,0x00000000808a70f8,0x0000000084300000)
 Metaspace       used 26523K, committed 27392K, reserved 1114112K
  class space    used 2617K, committed 3008K, reserved 1048576K
}
Event: 17.661 GC heap after
{Heap after GC invocations=9 (full 1):
 PSYoungGen      total 26112K, used 3574K [0x00000000d5580000, 0x00000000d7680000, 0x0000000100000000)
  eden space 22528K, 0% used [0x00000000d5580000,0x00000000d5580000,0x00000000d6b80000)
  from space 3584K, 99% used [0x00000000d7080000,0x00000000d73fd890,0x00000000d7400000)
  to   space 5120K, 0% used [0x00000000d6b80000,0x00000000d6b80000,0x00000000d7080000)
 ParOldGen       total 68608K, used 9672K [0x0000000080000000, 0x0000000084300000, 0x00000000d5580000)
  object space 68608K, 14% used [0x0000000080000000,0x0000000080972138,0x0000000084300000)
 Metaspace       used 26523K, committed 27392K, reserved 1114112K
  class space    used 2617K, committed 3008K, reserved 1048576K
}

Dll operation events (10 events):
Event: 0.037 Loaded shared library c:\Users\kalra\.vscode\extensions\redhat.java-1.53.0-win32-x64\jre\21.0.10-win32-x86_64\bin\java.dll
Event: 0.232 Loaded shared library c:\Users\kalra\.vscode\extensions\redhat.java-1.53.0-win32-x64\jre\21.0.10-win32-x86_64\bin\zip.dll
Event: 0.291 Loaded shared library C:\Users\kalra\.vscode\extensions\redhat.java-1.53.0-win32-x64\jre\21.0.10-win32-x86_64\bin\instrument.dll
Event: 0.330 Loaded shared library C:\Users\kalra\.vscode\extensions\redhat.java-1.53.0-win32-x64\jre\21.0.10-win32-x86_64\bin\net.dll
Event: 0.342 Loaded shared library C:\Users\kalra\.vscode\extensions\redhat.java-1.53.0-win32-x64\jre\21.0.10-win32-x86_64\bin\nio.dll
Event: 0.352 Loaded shared library C:\Users\kalra\.vscode\extensions\redhat.java-1.53.0-win32-x64\jre\21.0.10-win32-x86_64\bin\zip.dll
Event: 0.407 Loaded shared library C:\Users\kalra\.vscode\extensions\redhat.java-1.53.0-win32-x64\jre\21.0.10-win32-x86_64\bin\jimage.dll
Event: 0.689 Loaded shared library c:\Users\kalra\.vscode\extensions\redhat.java-1.53.0-win32-x64\jre\21.0.10-win32-x86_64\bin\verify.dll
Event: 4.906 Loaded shared library C:\Users\kalra\AppData\Roaming\Code\User\globalStorage\redhat.java\1.53.0\config_ss_win\org.eclipse.equinox.launcher\org.eclipse.equinox.launcher.win32.win32.x86_64_1.3.0.v20260203-2149\eclipse_11919.dll
Event: 8.523 Loaded shared library C:\Users\kalra\AppData\Local\Temp\jna-101813893\jna12982415894811854871.dll

Deoptimization events (20 events):
Event: 18.926 Thread 0x0000025ff4181400 Uncommon trap: trap_request=0xffffffde fr.pc=0x0000025f9fc30b18 relative=0x0000000000000438
Event: 18.926 Thread 0x0000025ff4181400 Uncommon trap: reason=class_check action=maybe_recompile pc=0x0000025f9fc30b18 method=java.util.HashMap.removeNode(ILjava/lang/Object;Ljava/lang/Object;ZZ)Ljava/util/HashMap$Node; @ 68 c2
Event: 18.926 Thread 0x0000025ff4181400 DEOPT PACKING pc=0x0000025f9fc30b18 sp=0x000000d8e8aff030
Event: 18.926 Thread 0x0000025ff4181400 DEOPT UNPACKING pc=0x0000025f9f543aa2 sp=0x000000d8e8afef28 mode 2
Event: 19.025 Thread 0x0000025ff3d68120 Uncommon trap: trap_request=0xffffffde fr.pc=0x0000025f9fc30b18 relative=0x0000000000000438
Event: 19.025 Thread 0x0000025ff3d68120 Uncommon trap: reason=class_check action=maybe_recompile pc=0x0000025f9fc30b18 method=java.util.HashMap.removeNode(ILjava/lang/Object;Ljava/lang/Object;ZZ)Ljava/util/HashMap$Node; @ 68 c2
Event: 19.025 Thread 0x0000025ff3d68120 DEOPT PACKING pc=0x0000025f9fc30b18 sp=0x000000d8e7cff070
Event: 19.025 Thread 0x0000025ff3d68120 DEOPT UNPACKING pc=0x0000025f9f543aa2 sp=0x000000d8e7cfef68 mode 2
Event: 19.026 Thread 0x0000025ff3d68120 Uncommon trap: trap_request=0xffffffde fr.pc=0x0000025f9fc30b18 relative=0x0000000000000438
Event: 19.026 Thread 0x0000025ff3d68120 Uncommon trap: reason=class_check action=maybe_recompile pc=0x0000025f9fc30b18 method=java.util.HashMap.removeNode(ILjava/lang/Object;Ljava/lang/Object;ZZ)Ljava/util/HashMap$Node; @ 68 c2
Event: 19.026 Thread 0x0000025ff3d68120 DEOPT PACKING pc=0x0000025f9fc30b18 sp=0x000000d8e7cff070
Event: 19.026 Thread 0x0000025ff3d68120 DEOPT UNPACKING pc=0x0000025f9f543aa2 sp=0x000000d8e7cfef68 mode 2
Event: 19.036 Thread 0x0000025ff4181400 Uncommon trap: trap_request=0xffffffde fr.pc=0x0000025f9fc30b18 relative=0x0000000000000438
Event: 19.036 Thread 0x0000025ff4181400 Uncommon trap: reason=class_check action=maybe_recompile pc=0x0000025f9fc30b18 method=java.util.HashMap.removeNode(ILjava/lang/Object;Ljava/lang/Object;ZZ)Ljava/util/HashMap$Node; @ 68 c2
Event: 19.036 Thread 0x0000025ff4181400 DEOPT PACKING pc=0x0000025f9fc30b18 sp=0x000000d8e8aff020
Event: 19.036 Thread 0x0000025ff4181400 DEOPT UNPACKING pc=0x0000025f9f543aa2 sp=0x000000d8e8afef18 mode 2
Event: 19.055 Thread 0x0000025ff4182120 Uncommon trap: trap_request=0xffffffde fr.pc=0x0000025f9fc2eb98 relative=0x0000000000000438
Event: 19.055 Thread 0x0000025ff4182120 Uncommon trap: reason=class_check action=maybe_recompile pc=0x0000025f9fc2eb98 method=java.util.HashMap.removeNode(ILjava/lang/Object;Ljava/lang/Object;ZZ)Ljava/util/HashMap$Node; @ 68 c2
Event: 19.055 Thread 0x0000025ff4182120 DEOPT PACKING pc=0x0000025f9fc2eb98 sp=0x000000d8e89ff2f0
Event: 19.055 Thread 0x0000025ff4182120 DEOPT UNPACKING pc=0x0000025f9f543aa2 sp=0x000000d8e89ff288 mode 2

Classes loaded (20 events):
Event: 18.454 Loading class java/io/PrintWriter$1
Event: 18.454 Loading class jdk/internal/access/JavaIOPrintWriterAccess
Event: 18.455 Loading class jdk/internal/access/JavaIOPrintWriterAccess done
Event: 18.455 Loading class java/io/PrintWriter$1 done
Event: 18.459 Loading class java/time/format/DateTimeParseContext
Event: 18.460 Loading class java/time/format/DateTimeParseContext done
Event: 18.460 Loading class java/time/format/Parsed
Event: 18.460 Loading class java/time/format/Parsed done
Event: 18.463 Loading class sun/nio/ch/PendingFuture
Event: 18.465 Loading class java/time/Month
Event: 18.469 Loading class java/time/Month done
Event: 18.470 Loading class java/time/Year
Event: 18.472 Loading class java/time/Year done
Event: 18.792 Loading class sun/nio/ch/PendingFuture done
Event: 18.792 Loading class sun/nio/ch/WindowsAsynchronousFileChannelImpl$ReadTask
Event: 18.793 Loading class sun/nio/ch/Iocp$ResultHandler
Event: 18.793 Loading class sun/nio/ch/Iocp$ResultHandler done
Event: 18.793 Loading class sun/nio/ch/WindowsAsynchronousFileChannelImpl$ReadTask done
Event: 19.091 Loading class java/io/DataOutputStream
Event: 19.092 Loading class java/io/DataOutputStream done

Classes unloaded (7 events):
Event: 13.005 Thread 0x0000025f94d54210 Unloading class 0x0000025fad190c00 'java/lang/invoke/LambdaForm$MH+0x0000025fad190c00'
Event: 13.005 Thread 0x0000025f94d54210 Unloading class 0x0000025fad190800 'java/lang/invoke/LambdaForm$MH+0x0000025fad190800'
Event: 13.005 Thread 0x0000025f94d54210 Unloading class 0x0000025fad190400 'java/lang/invoke/LambdaForm$MH+0x0000025fad190400'
Event: 13.005 Thread 0x0000025f94d54210 Unloading class 0x0000025fad190000 'java/lang/invoke/LambdaForm$MH+0x0000025fad190000'
Event: 13.005 Thread 0x0000025f94d54210 Unloading class 0x0000025fad18fc00 'java/lang/invoke/LambdaForm$BMH+0x0000025fad18fc00'
Event: 13.005 Thread 0x0000025f94d54210 Unloading class 0x0000025fad18f800 'java/lang/invoke/LambdaForm$DMH+0x0000025fad18f800'
Event: 13.005 Thread 0x0000025f94d54210 Unloading class 0x0000025fad18e400 'java/lang/invoke/LambdaForm$DMH+0x0000025fad18e400'

Classes redefined (0 events):
No events

Internal exceptions (20 events):
Event: 18.223 Thread 0x0000025ff3d68120 Exception <a 'sun/nio/fs/WindowsException'{0x00000000d5d512a8}> (0x00000000d5d512a8) 
thrown [s\src\hotspot\share\prims\jni.cpp, line 520]
Event: 18.223 Thread 0x0000025ff3d68120 Exception <a 'sun/nio/fs/WindowsException'{0x00000000d5d51b88}> (0x00000000d5d51b88) 
thrown [s\src\hotspot\share\prims\jni.cpp, line 520]
Event: 18.224 Thread 0x0000025ff3d68120 Exception <a 'sun/nio/fs/WindowsException'{0x00000000d5d52aa8}> (0x00000000d5d52aa8) 
thrown [s\src\hotspot\share\prims\jni.cpp, line 520]
Event: 18.224 Thread 0x0000025ff3d68120 Exception <a 'sun/nio/fs/WindowsException'{0x00000000d5d53388}> (0x00000000d5d53388) 
thrown [s\src\hotspot\share\prims\jni.cpp, line 520]
Event: 18.225 Thread 0x0000025ff3d68120 Exception <a 'sun/nio/fs/WindowsException'{0x00000000d5d54308}> (0x00000000d5d54308) 
thrown [s\src\hotspot\share\prims\jni.cpp, line 520]
Event: 18.226 Thread 0x0000025ff3d68120 Exception <a 'sun/nio/fs/WindowsException'{0x00000000d5d54be8}> (0x00000000d5d54be8) 
thrown [s\src\hotspot\share\prims\jni.cpp, line 520]
Event: 18.238 Thread 0x0000025ff3d68120 Exception <a 'sun/nio/fs/WindowsException'{0x00000000d5d572a8}> (0x00000000d5d572a8) 
thrown [s\src\hotspot\share\prims\jni.cpp, line 520]
Event: 18.238 Thread 0x0000025ff3d68120 Exception <a 'sun/nio/fs/WindowsException'{0x00000000d5d57b88}> (0x00000000d5d57b88) 
thrown [s\src\hotspot\share\prims\jni.cpp, line 520]
Event: 18.245 Thread 0x0000025ff3d68120 Exception <a 'sun/nio/fs/WindowsException'{0x00000000d5de1bc0}> (0x00000000d5de1bc0) 
thrown [s\src\hotspot\share\prims\jni.cpp, line 520]
Event: 18.287 Thread 0x0000025ff3d68120 Exception <a 'sun/nio/fs/WindowsException'{0x00000000d5de21f0}> (0x00000000d5de21f0) 
thrown [s\src\hotspot\share\prims\jni.cpp, line 520]
Event: 18.316 Thread 0x0000025ff3d68120 Exception <a 'sun/nio/fs/WindowsException'{0x00000000d5de2b10}> (0x00000000d5de2b10) 
thrown [s\src\hotspot\share\prims\jni.cpp, line 520]
Event: 18.355 Thread 0x0000025f94dc3820 Exception <a 'java/lang/NoSuchMethodError'{0x00000000d5f406a0}: 'void java.lang.invoke.DirectMethodHandle$Holder.invokeSpecial(java.lang.Object, java.lang.Object, java.lang.Object, java.lang.Object, java.lang.Object, java.lang.Object)'> (0x00000000d5f406a0) 
thrown [s\src\hotspot\share\interpreter\linkResolver.cpp, line 773]
Event: 18.359 Thread 0x0000025f94dc3820 Exception <a 'java/lang/IncompatibleClassChangeError'{0x00000000d5f48a48}: Found class java.lang.Object, but interface was expected> (0x00000000d5f48a48) 
thrown [s\src\hotspot\share\interpreter\linkResolver.cpp, line 840]
Event: 18.360 Thread 0x0000025f94dc3820 Exception <a 'java/lang/IncompatibleClassChangeError'{0x00000000d5f4a768}: Found class java.lang.Object, but interface was expected> (0x00000000d5f4a768) 
thrown [s\src\hotspot\share\interpreter\linkResolver.cpp, line 840]
Event: 18.445 Thread 0x0000025ff3d68120 Exception <a 'sun/nio/fs/WindowsException'{0x00000000d5de3140}> (0x00000000d5de3140) 
thrown [s\src\hotspot\share\prims\jni.cpp, line 520]
Event: 18.458 Thread 0x0000025ff3d68120 Exception <a 'sun/nio/fs/WindowsException'{0x00000000d5de3ac0}> (0x00000000d5de3ac0) 
thrown [s\src\hotspot\share\prims\jni.cpp, line 520]
Event: 18.458 Thread 0x0000025ff3d68120 Exception <a 'sun/nio/fs/WindowsException'{0x00000000d5de40f0}> (0x00000000d5de40f0) 
thrown [s\src\hotspot\share\prims\jni.cpp, line 520]
Event: 18.877 Thread 0x0000025ff3d68120 Exception <a 'sun/nio/fs/WindowsException'{0x00000000d5de5610}> (0x00000000d5de5610) 
thrown [s\src\hotspot\share\prims\jni.cpp, line 520]
Event: 18.878 Thread 0x0000025ff3d68120 Exception <a 'sun/nio/fs/WindowsException'{0x00000000d5de5c40}> (0x00000000d5de5c40) 
thrown [s\src\hotspot\share\prims\jni.cpp, line 520]
Event: 18.950 Thread 0x0000025ff3d68120 Exception <a 'java/lang/NoSuchMethodError'{0x00000000d648eea0}: 'void java.lang.invoke.DirectMethodHandle$Holder.invokeVirtual(java.lang.Object, java.lang.Object, java.lang.Object, java.lang.Object)'> (0x00000000d648eea0) 
thrown [s\src\hotspot\share\interpreter\linkResolver.cpp, line 773]

ZGC Phase Switch (0 events):
No events

VM Operations (20 events):
Event: 14.061 Executing safepoint VM operation: Cleanup
Event: 14.062 Executing safepoint VM operation: Cleanup done
Event: 15.070 Executing safepoint VM operation: Cleanup
Event: 15.099 Executing safepoint VM operation: Cleanup done
Event: 15.311 Executing safepoint VM operation: ParallelGCFailedAllocation (Allocation Failure)
Event: 15.360 Executing safepoint VM operation: ParallelGCFailedAllocation (Allocation Failure) done
Event: 15.658 Executing non-safepoint VM operation: HandshakeAllThreads (Deoptimize)
Event: 15.658 Executing non-safepoint VM operation: HandshakeAllThreads (Deoptimize) done
Event: 15.919 Executing non-safepoint VM operation: HandshakeAllThreads (Deoptimize)
Event: 15.919 Executing non-safepoint VM operation: HandshakeAllThreads (Deoptimize) done
Event: 16.674 Executing non-safepoint VM operation: HandshakeAllThreads (Deoptimize)
Event: 16.674 Executing non-safepoint VM operation: HandshakeAllThreads (Deoptimize) done
Event: 16.674 Executing safepoint VM operation: Cleanup
Event: 16.674 Executing safepoint VM operation: Cleanup done
Event: 17.650 Executing safepoint VM operation: ParallelGCFailedAllocation (Allocation Failure)
Event: 17.661 Executing safepoint VM operation: ParallelGCFailedAllocation (Allocation Failure) done
Event: 18.663 Executing safepoint VM operation: Cleanup
Event: 18.677 Executing safepoint VM operation: Cleanup done
Event: 19.689 Executing safepoint VM operation: Cleanup
Event: 19.714 Executing safepoint VM operation: Cleanup done

Memory protections (0 events):
No events

Nmethod flushes (0 events):
No events

Events (20 events):
Event: 17.388 Thread 0x0000025f94dc3820 Thread added: 0x0000025ff3d67400
Event: 17.388 Thread 0x0000025f94dc3820 Thread added: 0x0000025ff3d66050
Event: 17.388 Thread 0x0000025f94dc3820 Thread added: 0x0000025ff3d687b0
Event: 17.388 Thread 0x0000025f94dc3820 Thread added: 0x0000025ff3d68e40
Event: 17.388 Thread 0x0000025f94dc3820 Thread added: 0x0000025ff3d66d70
Event: 17.388 Thread 0x0000025f94dc3820 Thread added: 0x0000025ff3d67a90
Event: 17.389 Thread 0x0000025f94dc3820 Thread added: 0x0000025ff41806e0
Event: 17.389 Thread 0x0000025f94dc3820 Thread added: 0x0000025ff41834d0
Event: 17.389 Thread 0x0000025f94dc3820 Thread added: 0x0000025ff4182120
Event: 17.389 Thread 0x0000025f94dc3820 Thread added: 0x0000025ff4181400
Event: 17.389 Thread 0x0000025f94dc3820 Thread added: 0x0000025ff4183b60
Event: 17.389 Thread 0x0000025f94dc3820 Thread added: 0x0000025ff41827b0
Event: 17.485 Thread 0x0000025f94dc3820 Thread added: 0x0000025ff4182e40
Event: 17.880 Thread 0x0000025ff40f3d40 Thread exited: 0x0000025ff40f3d40
Event: 18.418 Thread 0x0000025f94dc3820 Thread added: 0x0000025ff41841f0
Event: 18.419 Thread 0x0000025f94dc3820 Thread added: 0x0000025ff4180d70
Event: 18.536 Thread 0x0000025f94e7e520 Thread added: 0x0000025ff46cbd50
Event: 18.762 Thread 0x0000025f94e7e520 Thread added: 0x0000025ff4916540
Event: 18.951 Thread 0x0000025ff4916540 Thread exited: 0x0000025ff4916540
Event: 18.951 Thread 0x0000025ff46cbd50 Thread exited: 0x0000025ff46cbd50


Dynamic libraries:
0x00007ff7865b0000 - 0x00007ff7865be000 	c:\Users\kalra\.vscode\extensions\redhat.java-1.53.0-win32-x64\jre\21.0.10-win32-x86_64\bin\java.exe
0x00007ff8e0ea0000 - 0x00007ff8e1107000 	C:\WINDOWS\SYSTEM32\ntdll.dll
0x00007ff8e0c10000 - 0x00007ff8e0cd9000 	C:\WINDOWS\System32\KERNEL32.DLL
0x00007ff8de790000 - 0x00007ff8deb81000 	C:\WINDOWS\System32\KERNELBASE.dll
0x00007ff8dd9b0000 - 0x00007ff8ddafb000 	C:\WINDOWS\System32\ucrtbase.dll
0x00007ff8c9920000 - 0x00007ff8c9938000 	c:\Users\kalra\.vscode\extensions\redhat.java-1.53.0-win32-x64\jre\21.0.10-win32-x86_64\bin\jli.dll
0x00007ff8e0330000 - 0x00007ff8e04f5000 	C:\WINDOWS\System32\USER32.dll
0x00007ff8dd810000 - 0x00007ff8dd837000 	C:\WINDOWS\System32\win32u.dll
0x00007ff8e0510000 - 0x00007ff8e053b000 	C:\WINDOWS\System32\GDI32.dll
0x00007ff8c95c0000 - 0x00007ff8c95de000 	c:\Users\kalra\.vscode\extensions\redhat.java-1.53.0-win32-x64\jre\21.0.10-win32-x86_64\bin\VCRUNTIME140.dll
0x00007ff8de5b0000 - 0x00007ff8de6db000 	C:\WINDOWS\System32\gdi32full.dll
0x00007ff8deb90000 - 0x00007ff8dec33000 	C:\WINDOWS\System32\msvcp_win.dll
0x00007ff8c4eb0000 - 0x00007ff8c5143000 	C:\WINDOWS\WinSxS\amd64_microsoft.windows.common-controls_6595b64144ccf1df_6.0.26100.8037_none_3e092faae333b53b\COMCTL32.dll
0x00007ff8e0140000 - 0x00007ff8e01e9000 	C:\WINDOWS\System32\msvcrt.dll
0x00007ff8e0b70000 - 0x00007ff8e0ba1000 	C:\WINDOWS\System32\IMM32.DLL
0x00007ff8cccb0000 - 0x00007ff8cccbc000 	c:\Users\kalra\.vscode\extensions\redhat.java-1.53.0-win32-x64\jre\21.0.10-win32-x86_64\bin\vcruntime140_1.dll
0x00007ff8901f0000 - 0x00007ff89027d000 	c:\Users\kalra\.vscode\extensions\redhat.java-1.53.0-win32-x64\jre\21.0.10-win32-x86_64\bin\msvcp140.dll
0x00007ff851b30000 - 0x00007ff8528d1000 	c:\Users\kalra\.vscode\extensions\redhat.java-1.53.0-win32-x64\jre\21.0.10-win32-x86_64\bin\server\jvm.dll
0x00007ff8e0270000 - 0x00007ff8e032b000 	C:\WINDOWS\System32\ADVAPI32.dll
0x00007ff8e0960000 - 0x00007ff8e0a07000 	C:\WINDOWS\System32\sechost.dll
0x00007ff8dfc60000 - 0x00007ff8dfd78000 	C:\WINDOWS\System32\RPCRT4.dll
0x00007ff8e05b0000 - 0x00007ff8e0624000 	C:\WINDOWS\System32\WS2_32.dll
0x00007ff8d7060000 - 0x00007ff8d706b000 	C:\WINDOWS\SYSTEM32\VERSION.dll
0x00007ff8dd5e0000 - 0x00007ff8dd63e000 	C:\WINDOWS\SYSTEM32\POWRPROF.dll
0x00007ff8d7020000 - 0x00007ff8d7055000 	C:\WINDOWS\SYSTEM32\WINMM.dll
0x00007ff8dd5c0000 - 0x00007ff8dd5d4000 	C:\WINDOWS\SYSTEM32\UMPDC.dll
0x00007ff8dc510000 - 0x00007ff8dc52b000 	C:\WINDOWS\SYSTEM32\kernel.appcore.dll
0x00007ff8c47f0000 - 0x00007ff8c47fa000 	c:\Users\kalra\.vscode\extensions\redhat.java-1.53.0-win32-x64\jre\21.0.10-win32-x86_64\bin\jimage.dll
0x00007ff8d2f10000 - 0x00007ff8d3152000 	C:\WINDOWS\SYSTEM32\DBGHELP.DLL
0x00007ff8dfdb0000 - 0x00007ff8e0132000 	C:\WINDOWS\System32\combase.dll
0x00007ff8e0730000 - 0x00007ff8e0807000 	C:\WINDOWS\System32\OLEAUT32.dll
0x00007ff8c1bf0000 - 0x00007ff8c1c2b000 	C:\WINDOWS\SYSTEM32\dbgcore.DLL
0x00007ff8de6e0000 - 0x00007ff8de785000 	C:\WINDOWS\System32\bcryptPrimitives.dll
0x00007ff8c47e0000 - 0x00007ff8c47ef000 	c:\Users\kalra\.vscode\extensions\redhat.java-1.53.0-win32-x64\jre\21.0.10-win32-x86_64\bin\instrument.dll
0x00007ff8c47c0000 - 0x00007ff8c47e0000 	c:\Users\kalra\.vscode\extensions\redhat.java-1.53.0-win32-x64\jre\21.0.10-win32-x86_64\bin\java.dll
0x00007ff8df4f0000 - 0x00007ff8dfc4f000 	C:\WINDOWS\System32\SHELL32.dll
0x00007ff8dd840000 - 0x00007ff8dd9aa000 	C:\WINDOWS\System32\wintypes.dll
0x00007ff8ddbc0000 - 0x00007ff8de424000 	C:\WINDOWS\System32\windows.storage.dll
0x00007ff8e0630000 - 0x00007ff8e0727000 	C:\WINDOWS\System32\SHCORE.dll
0x00007ff8e0540000 - 0x00007ff8e05a7000 	C:\WINDOWS\System32\shlwapi.dll
0x00007ff8dd6a0000 - 0x00007ff8dd6c9000 	C:\WINDOWS\SYSTEM32\profapi.dll
0x00007ff8c3c50000 - 0x00007ff8c3c68000 	c:\Users\kalra\.vscode\extensions\redhat.java-1.53.0-win32-x64\jre\21.0.10-win32-x86_64\bin\zip.dll
0x00007ff8c0090000 - 0x00007ff8c00a0000 	C:\Users\kalra\.vscode\extensions\redhat.java-1.53.0-win32-x64\jre\21.0.10-win32-x86_64\bin\net.dll
0x00007ff8d6e90000 - 0x00007ff8d6fb7000 	C:\WINDOWS\SYSTEM32\WINHTTP.dll
0x00007ff8dca80000 - 0x00007ff8dcaeb000 	C:\WINDOWS\system32\mswsock.dll
0x00007ff8b8b50000 - 0x00007ff8b8b66000 	C:\Users\kalra\.vscode\extensions\redhat.java-1.53.0-win32-x64\jre\21.0.10-win32-x86_64\bin\nio.dll
0x00007ff8bad50000 - 0x00007ff8bad60000 	c:\Users\kalra\.vscode\extensions\redhat.java-1.53.0-win32-x64\jre\21.0.10-win32-x86_64\bin\verify.dll
0x00007ff88e740000 - 0x00007ff88e785000 	C:\Users\kalra\AppData\Roaming\Code\User\globalStorage\redhat.java\1.53.0\config_ss_win\org.eclipse.equinox.launcher\org.eclipse.equinox.launcher.win32.win32.x86_64_1.3.0.v20260203-2149\eclipse_11919.dll
0x00007ff8dec40000 - 0x00007ff8dedd5000 	C:\WINDOWS\System32\ole32.dll
0x00007ff8dcd60000 - 0x00007ff8dcd7b000 	C:\WINDOWS\SYSTEM32\CRYPTSP.dll
0x00007ff8dc470000 - 0x00007ff8dc4a9000 	C:\WINDOWS\system32\rsaenh.dll
0x00007ff8dcb30000 - 0x00007ff8dcb62000 	C:\WINDOWS\SYSTEM32\USERENV.dll
0x00007ff8dd670000 - 0x00007ff8dd69a000 	C:\WINDOWS\SYSTEM32\bcrypt.dll
0x00007ff8dcd80000 - 0x00007ff8dcd8c000 	C:\WINDOWS\SYSTEM32\CRYPTBASE.dll
0x00007ff8dbee0000 - 0x00007ff8dbf13000 	C:\WINDOWS\SYSTEM32\IPHLPAPI.DLL
0x00007ff8e0500000 - 0x00007ff8e050a000 	C:\WINDOWS\System32\NSI.dll
0x00007ff888910000 - 0x00007ff888959000 	C:\Users\kalra\AppData\Local\Temp\jna-101813893\jna12982415894811854871.dll
0x00007ff8e0e50000 - 0x00007ff8e0e58000 	C:\WINDOWS\System32\PSAPI.DLL
0x00007ff8d88d0000 - 0x00007ff8d88ed000 	C:\WINDOWS\SYSTEM32\dhcpcsvc6.DLL
0x00007ff8d8670000 - 0x00007ff8d8693000 	C:\WINDOWS\SYSTEM32\dhcpcsvc.DLL

JVMTI agents:
c:\Users\kalra\.vscode\extensions\redhat.java-1.53.0-win32-x64\lombok\lombok-1.18.39-4050.jar path:c:\Users\kalra\.vscode\extensions\redhat.java-1.53.0-win32-x64\jre\21.0.10-win32-x86_64\bin\instrument.dll, loaded, initialized, instrumentlib options:none

dbghelp: loaded successfully - version: 4.0.5 - missing functions: none
symbol engine: initialized successfully - sym options: 0x614 - pdb path: .;c:\Users\kalra\.vscode\extensions\redhat.java-1.53.0-win32-x64\jre\21.0.10-win32-x86_64\bin;C:\WINDOWS\SYSTEM32;C:\WINDOWS\WinSxS\amd64_microsoft.windows.common-controls_6595b64144ccf1df_6.0.26100.8037_none_3e092faae333b53b;c:\Users\kalra\.vscode\extensions\redhat.java-1.53.0-win32-x64\jre\21.0.10-win32-x86_64\bin\server;C:\Users\kalra\AppData\Roaming\Code\User\globalStorage\redhat.java\1.53.0\config_ss_win\org.eclipse.equinox.launcher\org.eclipse.equinox.launcher.win32.win32.x86_64_1.3.0.v20260203-2149;C:\Users\kalra\AppData\Local\Temp\jna-101813893

VM Arguments:
jvm_args: --add-modules=ALL-SYSTEM --add-opens=java.base/java.util=ALL-UNNAMED --add-opens=java.base/java.lang=ALL-UNNAMED --add-opens=java.base/sun.nio.fs=ALL-UNNAMED -Declipse.application=org.eclipse.jdt.ls.core.id1 -Dosgi.bundles.defaultStartLevel=4 -Declipse.product=org.eclipse.jdt.ls.core.product -Djava.import.generatesMetadataFilesAtProjectRoot=false -DDetectVMInstallationsJob.disabled=true -Dfile.encoding=utf8 -XX:+UseParallelGC -XX:GCTimeRatio=4 -XX:AdaptiveSizePolicyWeight=90 -Dsun.zip.disableMemoryMapping=true -Xmx2G -Xms100m -Xlog:disable -javaagent:c:\Users\kalra\.vscode\extensions\redhat.java-1.53.0-win32-x64\lombok\lombok-1.18.39-4050.jar 
java_command: c:\Users\kalra\.vscode\extensions\redhat.java-1.53.0-win32-x64\server\plugins\org.eclipse.equinox.launcher_1.7.100.v20251111-0406.jar -configuration c:\Users\kalra\AppData\Roaming\Code\User\globalStorage\redhat.java\1.53.0\config_ss_win -data c:\Users\kalra\AppData\Roaming\Code\User\workspaceStorage\4fda5c3b26c15e0cb27154c0e992db6d\redhat.java\ss_ws --pipe=\\.\pipe\lsp-373fd8f6bc88d488b154e861bffd8c53-sock
java_class_path (initial): c:\Users\kalra\.vscode\extensions\redhat.java-1.53.0-win32-x64\server\plugins\org.eclipse.equinox.launcher_1.7.100.v20251111-0406.jar
Launcher Type: SUN_STANDARD

[Global flags]
    uintx AdaptiveSizePolicyWeight                 = 90                                        {product} {command line}
     intx CICompilerCount                          = 4                                         {product} {ergonomic}
    uintx GCTimeRatio                              = 4                                         {product} {command line}
   size_t InitialHeapSize                          = 104857600                                 {product} {command line}
   size_t MaxHeapSize                              = 2147483648                                {product} {command line}
   size_t MaxNewSize                               = 715653120                                 {product} {ergonomic}
   size_t MinHeapDeltaBytes                        = 524288                                    {product} {ergonomic}
   size_t MinHeapSize                              = 104857600                                 {product} {command line}
   size_t NewSize                                  = 34603008                                  {product} {ergonomic}
    uintx NonNMethodCodeHeapSize                   = 5839372                                {pd product} {ergonomic}
    uintx NonProfiledCodeHeapSize                  = 122909434                              {pd product} {ergonomic}
   size_t OldSize                                  = 70254592                                  {product} {ergonomic}
    uintx ProfiledCodeHeapSize                     = 122909434                              {pd product} {ergonomic}
    uintx ReservedCodeCacheSize                    = 251658240                              {pd product} {ergonomic}
     bool SegmentedCodeCache                       = true                                      {product} {ergonomic}
   size_t SoftMaxHeapSize                          = 2147483648                             {manageable} {ergonomic}
     bool UseCompressedOops                        = true                           {product lp64_product} {ergonomic}
     bool UseLargePagesIndividualAllocation        = false                                  {pd product} {ergonomic}
     bool UseParallelGC                            = true                                      {product} {command line}

Logging:
Log output configuration:
 #0: stdout all=off uptime,level,tags foldmultilines=false
 #1: stderr all=off uptime,level,tags foldmultilines=false

Release file:
JAVA_VERSION="21.0.10" 
MODULES="java.base java.compiler java.datatransfer java.xml java.prefs java.desktop java.instrument java.logging java.management java.security.sasl java.naming java.rmi java.management.rmi java.net.http java.scripting java.security.jgss java.transaction.xa java.sql java.sql.rowset java.xml.crypto java.se java.smartcardio jdk.accessibility jdk.internal.jvmstat jdk.attach jdk.charsets jdk.internal.opt jdk.zipfs jdk.compiler jdk.crypto.ec jdk.crypto.cryptoki jdk.crypto.mscapi jdk.dynalink jdk.internal.ed jdk.editpad jdk.hotspot.agent jdk.httpserver jdk.internal.le jdk.internal.vm.ci jdk.internal.vm.compiler jdk.internal.vm.compiler.management jdk.jartool jdk.javadoc jdk.jcmd jdk.management jdk.management.agent jdk.jconsole jdk.jdeps jdk.jdwp.agent jdk.jdi jdk.jfr jdk.jshell jdk.jsobject jdk.jstatd jdk.localedata jdk.management.jfr jdk.naming.dns jdk.naming.rmi jdk.net jdk.nio.mapmode jdk.random jdk.sctp jdk.security.auth jdk.security.jgss jdk.unsupported jdk.unsupported.desktop jdk.xml.dom" 

Environment Variables:
PATH=C:\Users\kalra\AppData\Local\Programs\Microsoft VS Code;C:\Python314\Scripts\;C:\Python314\;C:\Program Files\nodejs\;C:\ProgramData\chocolatey\bin;D:\Git\cmd;C:\Users\kalra\AppData\Local\Programs\Python\Python313\Scripts\;C:\Users\kalra\AppData\Local\Programs\Python\Python313\;C:\Program Files\MySQL\MySQL Shell 8.0\bin\;C:\Users\kalra\AppData\Local\Programs\Python\Python312\Scripts\;C:\Users\kalra\AppData\Local\Programs\Python\Python312\;C:\Users\kalra\AppData\Local\Microsoft\WindowsApps;C:\Users\kalra\AppData\Local\Programs\Microsoft VS Code\bin;C:\Program Files\Azure Data Studio\bin;%JAVA_HOME%\bin;C:\Program Files\Maven\apache-maven-3.9.11\bin;C:\Program Files\MySQL\MySQL Server 8.0\bin;C:\Users\kalra\AppData\Roaming\npm;C:\Users\kalra\Downloads\flutter_windows_3.41.4-stable\flutter\bin;C:\Windows\System32;C:\Program Files\Git\cmd;C:\Windows\System32\WindowsPowerShell\v1.0\;
USERNAME=kalra
OS=Windows_NT
PROCESSOR_IDENTIFIER=AMD64 Family 23 Model 104 Stepping 1, AuthenticAMD
TMP=C:\Users\kalra\AppData\Local\Temp
TEMP=C:\Users\kalra\AppData\Local\Temp




Periodic native trim disabled

---------------  S Y S T E M  ---------------

OS:
 Windows 11 , 64 bit Build 26100 (10.0.26100.7920)
OS uptime: 0 days 13:31 hours
Hyper-V role detected

CPU: total 12 (initial active 12) (12 cores per cpu, 2 threads per core) family 23 model 104 stepping 1 microcode 0x8608107, cx8, cmov, fxsr, ht, mmx, 3dnowpref, sse, sse2, sse3, ssse3, sse4a, sse4.1, sse4.2, popcnt, lzcnt, tsc, tscinvbit, avx, avx2, aes, clmul, bmi1, bmi2, adx, sha, fma, vzeroupper, clflush, clflushopt, hv, rdtscp, rdpid, f16c
Processor Information for the first 12 processors :
  Max Mhz: 2100, Current Mhz: 1686, Mhz Limit: 2100

Memory: 4k page, system-wide physical 7501M (628M free)
TotalPageFile size 20426M (AvailPageFile size 2M)
current process WorkingSet (physical memory assigned to process): 135M, peak: 146M
current process commit charge ("private bytes"): 287M, peak: 293M

vm_info: OpenJDK 64-Bit Server VM (21.0.10+7-LTS) for windows-amd64 JRE (21.0.10+7-LTS), built on 2026-01-20T00:00:00Z by "admin" with MS VC++ 17.12 (VS2022)

END.
