#
# There is insufficient memory for the Java Runtime Environment to continue.
# Native memory allocation (malloc) failed to allocate 65552 bytes. Error detail: Chunk::new
# Possible reasons:
#   The system is out of physical RAM or swap space
#   This process is running with CompressedOops enabled, and the Java Heap may be blocking the growth of the native heap
# Possible solutions:
#   Reduce memory load on the system
#   Increase physical memory or swap space
#   Check if swap backing store is full
#   Decrease Java heap size (-Xmx/-Xms)
#   Decrease number of Java threads
#   Decrease Java thread stack sizes (-Xss)
#   Set larger code cache with -XX:ReservedCodeCacheSize=
#   JVM is running with Unscaled Compressed Oops mode in which the Java heap is
#     placed in the first 4GB address space. The Java Heap base address is the
#     maximum limit for the native heap growth. Please use -XX:HeapBaseMinAddress
#     to set the Java Heap base and to place the Java Heap above 4GB virtual address.
# This output file may be truncated or incomplete.
#
#  Out of Memory Error (arena.cpp:168), pid=15224, tid=6432
#
# JRE version: OpenJDK Runtime Environment Temurin-21.0.10+7 (21.0.10+7) (build 21.0.10+7-LTS)
# Java VM: OpenJDK 64-Bit Server VM Temurin-21.0.10+7 (21.0.10+7-LTS, mixed mode, sharing, tiered, compressed oops, compressed class ptrs, parallel gc, windows-amd64)
# No core dump will be written. Minidumps are not enabled by default on client versions of Windows
#

---------------  S U M M A R Y ------------

Command Line: --add-modules=ALL-SYSTEM --add-opens=java.base/java.util=ALL-UNNAMED --add-opens=java.base/java.lang=ALL-UNNAMED --add-opens=java.base/sun.nio.fs=ALL-UNNAMED -Declipse.application=org.eclipse.jdt.ls.core.id1 -Dosgi.bundles.defaultStartLevel=4 -Declipse.product=org.eclipse.jdt.ls.core.product -Djava.import.generatesMetadataFilesAtProjectRoot=false -DDetectVMInstallationsJob.disabled=true -Dfile.encoding=utf8 -XX:+UseParallelGC -XX:GCTimeRatio=4 -XX:AdaptiveSizePolicyWeight=90 -Dsun.zip.disableMemoryMapping=true -Xmx2G -Xms100m -Xlog:disable -javaagent:c:\Users\kalra\.vscode\extensions\redhat.java-1.53.0-win32-x64\lombok\lombok-1.18.39-4050.jar -XX:+HeapDumpOnOutOfMemoryError -XX:HeapDumpPath=c:\Users\kalra\AppData\Roaming\Code\User\workspaceStorage\4fda5c3b26c15e0cb27154c0e992db6d\redhat.java -Daether.dependencyCollector.impl=bf c:\Users\kalra\.vscode\extensions\redhat.java-1.53.0-win32-x64\server\plugins\org.eclipse.equinox.launcher_1.7.100.v20251111-0406.jar -configuration c:\Users\kalra\AppData\Roaming\Code\User\globalStorage\redhat.java\1.53.0\config_win -data c:\Users\kalra\AppData\Roaming\Code\User\workspaceStorage\4fda5c3b26c15e0cb27154c0e992db6d\redhat.java\jdt_ws --pipe=\\.\pipe\lsp-7cda18af99a55f24512a4ecaee8ed174-sock

Host: AMD Ryzen 5 5500U with Radeon Graphics         , 12 cores, 7G,  Windows 11 , 64 bit Build 26100 (10.0.26100.7920)
Time: Fri Mar 27 15:24:23 2026 India Standard Time elapsed time: 19.956398 seconds (0d 0h 0m 19s)

---------------  T H R E A D  ---------------

Current thread (0x00000278ff240c90):  JavaThread "C2 CompilerThread1" daemon [_thread_in_native, id=6432, stack(0x0000007b11200000,0x0000007b11300000) (1024K)]


Current CompileTask:
C2:19956 6971       4       java.lang.invoke.MethodType::methodType (69 bytes)

Stack: [0x0000007b11200000,0x0000007b11300000]
Native frames: (J=compiled Java code, j=interpreted, Vv=VM code, C=native code)
V  [jvm.dll+0x6d7a39]
V  [jvm.dll+0x8b4b26]
V  [jvm.dll+0x8b70de]
V  [jvm.dll+0x8b77c3]
V  [jvm.dll+0x284346]
V  [jvm.dll+0xc66ed]
V  [jvm.dll+0xc6c31]
V  [jvm.dll+0xc6815]
V  [jvm.dll+0x6b2b0c]
V  [jvm.dll+0x25748f]
V  [jvm.dll+0x24d701]
V  [jvm.dll+0x24ba42]
V  [jvm.dll+0x1cb34e]
V  [jvm.dll+0x25b85d]
V  [jvm.dll+0x259dea]
V  [jvm.dll+0x3f857e]
V  [jvm.dll+0x85f59d]
V  [jvm.dll+0x6d626d]
C  [ucrtbase.dll+0x37b0]
C  [KERNEL32.DLL+0x2e8d7]
C  [ntdll.dll+0x8c48c]


---------------  P R O C E S S  ---------------

Threads class SMR info:
_java_thread_list=0x00000278c516b940, length=54, elements={
0x00000278e44c1e30, 0x00000278e446ddf0, 0x00000278e455ffa0, 0x00000278e456c9b0,
0x00000278e456d410, 0x00000278e456df10, 0x00000278e456e970, 0x00000278e45724e0,
0x00000278fc212760, 0x00000278fc401630, 0x00000278fc56c470, 0x00000278fd866080,
0x00000278fd7c6f40, 0x00000278fdbd35b0, 0x00000278fd657e30, 0x00000278fe0dcb10,
0x00000278fde74700, 0x00000278fe0b44e0, 0x00000278fd4569c0, 0x00000278fd459120,
0x00000278fd457050, 0x00000278fd455ca0, 0x00000278fd4576e0, 0x00000278fd457d70,
0x00000278fd456330, 0x00000278fd458400, 0x00000278c5a52710, 0x00000278c5a52da0,
0x00000278c5a54e70, 0x00000278c5a53ac0, 0x00000278c5a53430, 0x00000278c5a54150,
0x00000278c5a547e0, 0x00000278c5a55500, 0x00000278c5a52080, 0x00000278c5a55b90,
0x00000278c5a58980, 0x00000278c5a582f0, 0x00000278c5a56f40, 0x00000278c5a575d0,
0x00000278c5a568b0, 0x00000278c5a57c60, 0x00000278c5a59010, 0x00000278c5a596a0,
0x00000278c5a56220, 0x00000278c6029d20, 0x00000278c602aa40, 0x00000278c602b760,
0x00000278c602a3b0, 0x00000278c602c480, 0x00000278c602b0d0, 0x00000278c602bdf0,
0x00000278ff240c90, 0x00000278ff23ea80
}

Java Threads: ( => current thread )
  0x00000278e44c1e30 JavaThread "main"                              [_thread_blocked, id=15996, stack(0x0000007b0f100000,0x0000007b0f200000) (1024K)]
  0x00000278e446ddf0 JavaThread "Reference Handler"          daemon [_thread_blocked, id=7388, stack(0x0000007b0f500000,0x0000007b0f600000) (1024K)]
  0x00000278e455ffa0 JavaThread "Finalizer"                  daemon [_thread_blocked, id=14892, stack(0x0000007b0f600000,0x0000007b0f700000) (1024K)]
  0x00000278e456c9b0 JavaThread "Signal Dispatcher"          daemon [_thread_blocked, id=6052, stack(0x0000007b0f700000,0x0000007b0f800000) (1024K)]
  0x00000278e456d410 JavaThread "Attach Listener"            daemon [_thread_blocked, id=4544, stack(0x0000007b0f800000,0x0000007b0f900000) (1024K)]
  0x00000278e456df10 JavaThread "Service Thread"             daemon [_thread_blocked, id=14556, stack(0x0000007b0f900000,0x0000007b0fa00000) (1024K)]
  0x00000278e456e970 JavaThread "Monitor Deflation Thread"   daemon [_thread_blocked, id=21408, stack(0x0000007b0fa00000,0x0000007b0fb00000) (1024K)]
  0x00000278e45724e0 JavaThread "C2 CompilerThread0"         daemon [_thread_in_native, id=3256, stack(0x0000007b0fb00000,0x0000007b0fc00000) (1024K)]
  0x00000278fc212760 JavaThread "C1 CompilerThread0"         daemon [_thread_in_vm, id=2076, stack(0x0000007b0fc00000,0x0000007b0fd00000) (1024K)]
  0x00000278fc401630 JavaThread "Common-Cleaner"             daemon [_thread_blocked, id=12472, stack(0x0000007b0fd00000,0x0000007b0fe00000) (1024K)]
  0x00000278fc56c470 JavaThread "Notification Thread"        daemon [_thread_blocked, id=9576, stack(0x0000007b0fe00000,0x0000007b0ff00000) (1024K)]
  0x00000278fd866080 JavaThread "Active Thread: Equinox Container: 7a5c0f7f-e8f8-4679-acad-4df12a475af6"        [_thread_blocked, id=16464, stack(0x0000007b10700000,0x0000007b10800000) (1024K)]
  0x00000278fd7c6f40 JavaThread "Refresh Thread: Equinox Container: 7a5c0f7f-e8f8-4679-acad-4df12a475af6" daemon [_thread_blocked, id=19184, stack(0x0000007b10000000,0x0000007b10100000) (1024K)]
  0x00000278fdbd35b0 JavaThread "Framework Event Dispatcher: Equinox Container: 7a5c0f7f-e8f8-4679-acad-4df12a475af6" daemon [_thread_blocked, id=21088, stack(0x0000007b10900000,0x0000007b10a00000) (1024K)]
  0x00000278fd657e30 JavaThread "Start Level: Equinox Container: 7a5c0f7f-e8f8-4679-acad-4df12a475af6" daemon [_thread_blocked, id=5340, stack(0x0000007b0ff00000,0x0000007b10000000) (1024K)]
  0x00000278fe0dcb10 JavaThread "Bundle File Closer"         daemon [_thread_blocked, id=9020, stack(0x0000007b10e00000,0x0000007b10f00000) (1024K)]
  0x00000278fde74700 JavaThread "SCR Component Actor"        daemon [_thread_blocked, id=1580, stack(0x0000007b10a00000,0x0000007b10b00000) (1024K)]
  0x00000278fe0b44e0 JavaThread "Worker-JM"                         [_thread_blocked, id=9760, stack(0x0000007b11000000,0x0000007b11100000) (1024K)]
  0x00000278fd4569c0 JavaThread "JNA Cleaner"                daemon [_thread_blocked, id=16428, stack(0x0000007b10b00000,0x0000007b10c00000) (1024K)]
  0x00000278fd459120 JavaThread "Worker-0: Initialize Workspace"        [_thread_blocked, id=14856, stack(0x0000007b10f00000,0x0000007b11000000) (1024K)]
  0x00000278fd457050 JavaThread "Worker-1"                          [_thread_blocked, id=12092, stack(0x0000007b11100000,0x0000007b11200000) (1024K)]
  0x00000278fd455ca0 JavaThread "Java indexing"              daemon [_thread_blocked, id=10044, stack(0x0000007b11400000,0x0000007b11500000) (1024K)]
  0x00000278fd4576e0 JavaThread "Worker-2"                          [_thread_blocked, id=17296, stack(0x0000007b11500000,0x0000007b11600000) (1024K)]
  0x00000278fd457d70 JavaThread "Worker-3: Initialize workspace"        [_thread_blocked, id=11368, stack(0x0000007b11800000,0x0000007b11900000) (1024K)]
  0x00000278fd456330 JavaThread "Worker-4"                          [_thread_blocked, id=18676, stack(0x0000007b11900000,0x0000007b11a00000) (1024K)]
  0x00000278fd458400 JavaThread "Thread-1"                   daemon [_thread_in_native, id=13904, stack(0x0000007b11a00000,0x0000007b11b00000) (1024K)]
  0x00000278c5a52710 JavaThread "Thread-2"                   daemon [_thread_in_native, id=8948, stack(0x0000007b11b00000,0x0000007b11c00000) (1024K)]
  0x00000278c5a52da0 JavaThread "Thread-3"                   daemon [_thread_in_native, id=18976, stack(0x0000007b11c00000,0x0000007b11d00000) (1024K)]
  0x00000278c5a54e70 JavaThread "Thread-4"                   daemon [_thread_in_native, id=3568, stack(0x0000007b11d00000,0x0000007b11e00000) (1024K)]
  0x00000278c5a53ac0 JavaThread "Thread-5"                   daemon [_thread_in_native, id=13552, stack(0x0000007b11e00000,0x0000007b11f00000) (1024K)]
  0x00000278c5a53430 JavaThread "Thread-6"                   daemon [_thread_in_native, id=13668, stack(0x0000007b11f00000,0x0000007b12000000) (1024K)]
  0x00000278c5a54150 JavaThread "Thread-7"                   daemon [_thread_in_native, id=3996, stack(0x0000007b12000000,0x0000007b12100000) (1024K)]
  0x00000278c5a547e0 JavaThread "Thread-8"                   daemon [_thread_in_native, id=15216, stack(0x0000007b12100000,0x0000007b12200000) (1024K)]
  0x00000278c5a55500 JavaThread "Thread-9"                   daemon [_thread_in_native, id=11152, stack(0x0000007b12200000,0x0000007b12300000) (1024K)]
  0x00000278c5a52080 JavaThread "Thread-10"                  daemon [_thread_in_native, id=17120, stack(0x0000007b12300000,0x0000007b12400000) (1024K)]
  0x00000278c5a55b90 JavaThread "Thread-11"                  daemon [_thread_in_native, id=8304, stack(0x0000007b12400000,0x0000007b12500000) (1024K)]
  0x00000278c5a58980 JavaThread "Thread-12"                  daemon [_thread_in_native, id=7776, stack(0x0000007b12500000,0x0000007b12600000) (1024K)]
  0x00000278c5a582f0 JavaThread "Thread-13"                  daemon [_thread_in_native, id=18140, stack(0x0000007b12600000,0x0000007b12700000) (1024K)]
  0x00000278c5a56f40 JavaThread "pool-2-thread-1"                   [_thread_blocked, id=1264, stack(0x0000007b12700000,0x0000007b12800000) (1024K)]
  0x00000278c5a575d0 JavaThread "ForkJoinPool.commonPool-worker-1" daemon [_thread_blocked, id=19176, stack(0x0000007b12800000,0x0000007b12900000) (1024K)]
  0x00000278c5a568b0 JavaThread "ForkJoinPool.commonPool-worker-2" daemon [_thread_blocked, id=15152, stack(0x0000007b12900000,0x0000007b12a00000) (1024K)]
  0x00000278c5a57c60 JavaThread "ForkJoinPool.commonPool-worker-3" daemon [_thread_blocked, id=13984, stack(0x0000007b12a00000,0x0000007b12b00000) (1024K)]
  0x00000278c5a59010 JavaThread "ForkJoinPool.commonPool-worker-4" daemon [_thread_blocked, id=16540, stack(0x0000007b12b00000,0x0000007b12c00000) (1024K)]
  0x00000278c5a596a0 JavaThread "ForkJoinPool.commonPool-worker-5" daemon [_thread_blocked, id=18428, stack(0x0000007b12c00000,0x0000007b12d00000) (1024K)]
  0x00000278c5a56220 JavaThread "ForkJoinPool.commonPool-worker-6" daemon [_thread_blocked, id=12180, stack(0x0000007b12d00000,0x0000007b12e00000) (1024K)]
  0x00000278c6029d20 JavaThread "ForkJoinPool.commonPool-worker-7" daemon [_thread_blocked, id=16860, stack(0x0000007b12e00000,0x0000007b12f00000) (1024K)]
  0x00000278c602aa40 JavaThread "ForkJoinPool.commonPool-worker-8" daemon [_thread_blocked, id=5588, stack(0x0000007b12f00000,0x0000007b13000000) (1024K)]
  0x00000278c602b760 JavaThread "ForkJoinPool.commonPool-worker-9" daemon [_thread_blocked, id=16732, stack(0x0000007b13000000,0x0000007b13100000) (1024K)]
  0x00000278c602a3b0 JavaThread "ForkJoinPool.commonPool-worker-10" daemon [_thread_blocked, id=18248, stack(0x0000007b13100000,0x0000007b13200000) (1024K)]
  0x00000278c602c480 JavaThread "ForkJoinPool.commonPool-worker-11" daemon [_thread_blocked, id=16728, stack(0x0000007b13200000,0x0000007b13300000) (1024K)]
  0x00000278c602b0d0 JavaThread "WorkspaceEventsHandler"            [_thread_blocked, id=11868, stack(0x0000007b13300000,0x0000007b13400000) (1024K)]
  0x00000278c602bdf0 JavaThread "pool-1-thread-1"                   [_thread_in_Java, id=2812, stack(0x0000007b13400000,0x0000007b13500000) (1024K)]
=>0x00000278ff240c90 JavaThread "C2 CompilerThread1"         daemon [_thread_in_native, id=6432, stack(0x0000007b11200000,0x0000007b11300000) (1024K)]
  0x00000278ff23ea80 JavaThread "C2 CompilerThread2"         daemon [_thread_in_native, id=18356, stack(0x0000007b11300000,0x0000007b11400000) (1024K)]
Total: 54

Other Threads:
  0x00000278e4454860 VMThread "VM Thread"                           [id=5796, stack(0x0000007b0f400000,0x0000007b0f500000) (1024K)]
  0x00000278e434ba00 WatcherThread "VM Periodic Task Thread"        [id=10528, stack(0x0000007b0f300000,0x0000007b0f400000) (1024K)]
  0x00000278e44e03f0 WorkerThread "GC Thread#0"                     [id=17600, stack(0x0000007b0f200000,0x0000007b0f300000) (1024K)]
  0x00000278fd8defa0 WorkerThread "GC Thread#1"                     [id=15340, stack(0x0000007b10100000,0x0000007b10200000) (1024K)]
  0x00000278fd8df560 WorkerThread "GC Thread#2"                     [id=15608, stack(0x0000007b10200000,0x0000007b10300000) (1024K)]
  0x00000278fdb600d0 WorkerThread "GC Thread#3"                     [id=10156, stack(0x0000007b10300000,0x0000007b10400000) (1024K)]
  0x00000278fd7a9600 WorkerThread "GC Thread#4"                     [id=5252, stack(0x0000007b10400000,0x0000007b10500000) (1024K)]
  0x00000278fd7a99b0 WorkerThread "GC Thread#5"                     [id=8596, stack(0x0000007b10500000,0x0000007b10600000) (1024K)]
  0x00000278fd8e3970 WorkerThread "GC Thread#6"                     [id=12688, stack(0x0000007b10600000,0x0000007b10700000) (1024K)]
  0x00000278fd85b080 WorkerThread "GC Thread#7"                     [id=18816, stack(0x0000007b10800000,0x0000007b10900000) (1024K)]
  0x00000278fdbf32e0 WorkerThread "GC Thread#8"                     [id=2448, stack(0x0000007b10c00000,0x0000007b10d00000) (1024K)]
  0x00000278fdbf3690 WorkerThread "GC Thread#9"                     [id=16432, stack(0x0000007b10d00000,0x0000007b10e00000) (1024K)]
Total: 12

Threads with active compile tasks:
C2 CompilerThread0  20015 6960       4       java.lang.invoke.MethodType::makeImpl (109 bytes)
C1 CompilerThread0  20015 7179       3       java.util.stream.StreamSpliterators$WrappingSpliterator$$Lambda/0x0000027881026ab0::<init> (10 bytes)
C2 CompilerThread1  20015 6971       4       java.lang.invoke.MethodType::methodType (69 bytes)
C2 CompilerThread2  20015 6995       4       jdk.internal.org.objectweb.asm.SymbolTable::addType (81 bytes)
Total: 4

VM state: not at safepoint (normal execution)

VM Mutex/Monitor currently owned by a thread:  ([mutex/lock_event])
[0x00007ffed484d060] MethodCompileQueue_lock - owner thread: 0x0000000000000000

Heap address: 0x0000000080000000, size: 2048 MB, Compressed Oops mode: 32-bit

CDS archive(s) mapped at: [0x0000027880000000-0x0000027880ba0000-0x0000027880ba0000), size 12189696, SharedBaseAddress: 0x0000027880000000, ArchiveRelocationMode: 1.
Compressed class space mapped at: 0x0000027881000000-0x00000278c1000000, reserved size: 1073741824
Narrow klass base: 0x0000027880000000, Narrow klass shift: 0, Narrow klass range: 0x100000000

GC Precious Log:
 CardTable entry size: 512
 CPUs: 12 total, 12 available
 Memory: 7501M
 Large Page Support: Disabled
 NUMA Support: Disabled
 Compressed Oops: Enabled (32-bit)
 Alignments: Space 512K, Generation 512K, Heap 2M
 Heap Min Capacity: 100M
 Heap Initial Capacity: 100M
 Heap Max Capacity: 2G
 Pre-touch: Disabled
 Parallel Workers: 10

Heap:
 PSYoungGen      total 16384K, used 11799K [0x00000000d5580000, 0x00000000d6980000, 0x0000000100000000)
  eden space 15360K, 70% used [0x00000000d5580000,0x00000000d60108a0,0x00000000d6480000)
  from space 1024K, 95% used [0x00000000d6880000,0x00000000d6975510,0x00000000d6980000)
  to   space 1536K, 0% used [0x00000000d6680000,0x00000000d6680000,0x00000000d6800000)
 ParOldGen       total 68608K, used 36448K [0x0000000080000000, 0x0000000084300000, 0x00000000d5580000)
  object space 68608K, 53% used [0x0000000080000000,0x00000000823980d8,0x0000000084300000)
 Metaspace       used 48725K, committed 49984K, reserved 1114112K
  class space    used 5283K, committed 5824K, reserved 1048576K

Card table byte_map: [0x00000278e3e60000,0x00000278e4270000] _byte_map_base: 0x00000278e3a60000

Marking Bits: (ParMarkBitMap*) 0x00007ffed4853450
 Begin Bits: [0x00000278f6970000, 0x00000278f8970000)
 End Bits:   [0x00000278f8970000, 0x00000278fa970000)

Polling page: 0x00000278e2520000

Metaspace:

Usage:
  Non-class:     42.42 MB used.
      Class:      5.16 MB used.
       Both:     47.58 MB used.

Virtual space:
  Non-class space:       64.00 MB reserved,      43.12 MB ( 67%) committed,  1 nodes.
      Class space:        1.00 GB reserved,       5.69 MB ( <1%) committed,  1 nodes.
             Both:        1.06 GB reserved,      48.81 MB (  4%) committed. 

Chunk freelists:
   Non-Class:  4.02 MB
       Class:  10.25 MB
        Both:  14.27 MB

MaxMetaspaceSize: unlimited
CompressedClassSpaceSize: 1.00 GB
Initial GC threshold: 21.00 MB
Current GC threshold: 58.38 MB
CDS: on
 - commit_granule_bytes: 65536.
 - commit_granule_words: 8192.
 - virtual_space_node_default_size: 8388608.
 - enlarge_chunks_in_place: 1.
 - use_allocation_guard: 0.


Internal statistics:

num_allocs_failed_limit: 8.
num_arena_births: 1010.
num_arena_deaths: 14.
num_vsnodes_births: 2.
num_vsnodes_deaths: 0.
num_space_committed: 781.
num_space_uncommitted: 0.
num_chunks_returned_to_freelist: 22.
num_chunks_taken_from_freelist: 3335.
num_chunk_merges: 14.
num_chunk_splits: 2002.
num_chunks_enlarged: 1041.
num_inconsistent_stats: 0.

CodeHeap 'non-profiled nmethods': size=120000Kb used=3344Kb max_used=3344Kb free=116655Kb
 bounds [0x00000278ef190000, 0x00000278ef4e0000, 0x00000278f66c0000]
CodeHeap 'profiled nmethods': size=120000Kb used=13838Kb max_used=13838Kb free=106162Kb
 bounds [0x00000278e76c0000, 0x00000278e8450000, 0x00000278eebf0000]
CodeHeap 'non-nmethods': size=5760Kb used=1376Kb max_used=1443Kb free=4383Kb
 bounds [0x00000278eebf0000, 0x00000278eee60000, 0x00000278ef190000]
CodeCache: size=245760Kb, used=18558Kb, max_used=18625Kb, free=227200Kb
 total_blobs=7236, nmethods=6561, adapters=581, full_count=0
Compilation: enabled, stopped_count=0, restarted_count=0

Compilation events (20 events):
Event: 19.937 Thread 0x00000278fc212760 7083       3       jdk.internal.jimage.ImageReader$SharedImageReader$$Lambda/0x00000278815b76e0::visit (9 bytes)
Event: 19.938 Thread 0x00000278fc212760 nmethod 7083 0x00000278e8415410 code [0x00000278e84155e0, 0x00000278e8415848]
Event: 19.938 Thread 0x00000278fc212760 7090       3       jdk.internal.jimage.ImageReader$SharedImageReader::lambda$handlePackages$0 (10 bytes)
Event: 19.938 Thread 0x00000278fc212760 nmethod 7090 0x00000278e8415990 code [0x00000278e8415b60, 0x00000278e8415d60]
Event: 19.943 Thread 0x00000278fc212760 7092       3       jdk.internal.jimage.ImageLocation::verifyName (161 bytes)
Event: 19.946 Thread 0x00000278fc212760 nmethod 7092 0x00000278e8415e90 code [0x00000278e84161e0, 0x00000278e8417720]
Event: 19.946 Thread 0x00000278fc212760 7097       3       jdk.internal.jimage.ImageBufferCache::releaseBuffer (71 bytes)
Event: 19.947 Thread 0x00000278fc212760 nmethod 7097 0x00000278e8418090 code [0x00000278e8418300, 0x00000278e8419090]
Event: 19.947 Thread 0x00000278fc212760 7093   !   3       jdk.internal.jimage.BasicImageReader::getResourceBuffer (203 bytes)
Event: 19.950 Thread 0x00000278fc212760 nmethod 7093 0x00000278e8419410 code [0x00000278e8419820, 0x00000278e841afd0]
Event: 19.950 Thread 0x00000278fc212760 7102   !   3       java.nio.ByteBuffer::wrap (21 bytes)
Event: 19.950 Thread 0x00000278fc212760 nmethod 7102 0x00000278e841bb10 code [0x00000278e841bce0, 0x00000278e841bf90]
Event: 19.950 Thread 0x00000278fc212760 7103       3       java.nio.HeapByteBuffer::<init> (23 bytes)
Event: 19.951 Thread 0x00000278fc212760 nmethod 7103 0x00000278e841c110 code [0x00000278e841c2c0, 0x00000278e841c440]
Event: 19.951 Thread 0x00000278fc212760 7095       3       jdk.internal.jimage.ImageLocation::getCompressedSize (7 bytes)
Event: 19.951 Thread 0x00000278fc212760 nmethod 7095 0x00000278e841c510 code [0x00000278e841c6c0, 0x00000278e841c808]
Event: 19.951 Thread 0x00000278fc212760 7096   !   3       jdk.internal.jimage.BasicImageReader::readBuffer (238 bytes)
Event: 19.952 Thread 0x00000278fc212760 nmethod 7096 0x00000278e841c890 code [0x00000278e841cb80, 0x00000278e841d7c0]
Event: 19.953 Thread 0x00000278fc212760 7105       3       java.nio.ByteBuffer::order (48 bytes)
Event: 19.953 Thread 0x00000278fc212760 nmethod 7105 0x00000278e841dd10 code [0x00000278e841dec0, 0x00000278e841e0f0]

GC Heap History (20 events):
Event: 12.761 GC heap before
{Heap before GC invocations=15 (full 2):
 PSYoungGen      total 23552K, used 1437K [0x00000000d5580000, 0x00000000d7080000, 0x0000000100000000)
  eden space 22016K, 0% used [0x00000000d5580000,0x00000000d5580000,0x00000000d6b00000)
  from space 1536K, 93% used [0x00000000d6e80000,0x00000000d6fe77e0,0x00000000d7000000)
  to   space 512K, 0% used [0x00000000d7000000,0x00000000d7000000,0x00000000d7080000)
 ParOldGen       total 68608K, used 19131K [0x0000000080000000, 0x0000000084300000, 0x00000000d5580000)
  object space 68608K, 27% used [0x0000000080000000,0x00000000812aec60,0x0000000084300000)
 Metaspace       used 34810K, committed 35840K, reserved 1114112K
  class space    used 3625K, committed 4096K, reserved 1048576K
}
Event: 12.825 GC heap after
{Heap after GC invocations=15 (full 2):
 PSYoungGen      total 23552K, used 0K [0x00000000d5580000, 0x00000000d7080000, 0x0000000100000000)
  eden space 22016K, 0% used [0x00000000d5580000,0x00000000d5580000,0x00000000d6b00000)
  from space 1536K, 0% used [0x00000000d6e80000,0x00000000d6e80000,0x00000000d7000000)
  to   space 512K, 0% used [0x00000000d7000000,0x00000000d7000000,0x00000000d7080000)
 ParOldGen       total 68608K, used 19083K [0x0000000080000000, 0x0000000084300000, 0x00000000d5580000)
  object space 68608K, 27% used [0x0000000080000000,0x00000000812a2f90,0x0000000084300000)
 Metaspace       used 34810K, committed 35840K, reserved 1114112K
  class space    used 3625K, committed 4096K, reserved 1048576K
}
Event: 13.448 GC heap before
{Heap before GC invocations=16 (full 2):
 PSYoungGen      total 23552K, used 22016K [0x00000000d5580000, 0x00000000d7080000, 0x0000000100000000)
  eden space 22016K, 100% used [0x00000000d5580000,0x00000000d6b00000,0x00000000d6b00000)
  from space 1536K, 0% used [0x00000000d6e80000,0x00000000d6e80000,0x00000000d7000000)
  to   space 512K, 0% used [0x00000000d7000000,0x00000000d7000000,0x00000000d7080000)
 ParOldGen       total 68608K, used 19083K [0x0000000080000000, 0x0000000084300000, 0x00000000d5580000)
  object space 68608K, 27% used [0x0000000080000000,0x00000000812a2f90,0x0000000084300000)
 Metaspace       used 37414K, committed 38592K, reserved 1114112K
  class space    used 3956K, committed 4480K, reserved 1048576K
}
Event: 13.454 GC heap after
{Heap after GC invocations=16 (full 2):
 PSYoungGen      total 22528K, used 496K [0x00000000d5580000, 0x00000000d7080000, 0x0000000100000000)
  eden space 22016K, 0% used [0x00000000d5580000,0x00000000d5580000,0x00000000d6b00000)
  from space 512K, 96% used [0x00000000d7000000,0x00000000d707c008,0x00000000d7080000)
  to   space 1536K, 0% used [0x00000000d6d80000,0x00000000d6d80000,0x00000000d6f00000)
 ParOldGen       total 68608K, used 19762K [0x0000000080000000, 0x0000000084300000, 0x00000000d5580000)
  object space 68608K, 28% used [0x0000000080000000,0x000000008134cae8,0x0000000084300000)
 Metaspace       used 37414K, committed 38592K, reserved 1114112K
  class space    used 3956K, committed 4480K, reserved 1048576K
}
Event: 14.128 GC heap before
{Heap before GC invocations=17 (full 2):
 PSYoungGen      total 22528K, used 22512K [0x00000000d5580000, 0x00000000d7080000, 0x0000000100000000)
  eden space 22016K, 100% used [0x00000000d5580000,0x00000000d6b00000,0x00000000d6b00000)
  from space 512K, 96% used [0x00000000d7000000,0x00000000d707c008,0x00000000d7080000)
  to   space 1536K, 0% used [0x00000000d6d80000,0x00000000d6d80000,0x00000000d6f00000)
 ParOldGen       total 68608K, used 19762K [0x0000000080000000, 0x0000000084300000, 0x00000000d5580000)
  object space 68608K, 28% used [0x0000000080000000,0x000000008134cae8,0x0000000084300000)
 Metaspace       used 39763K, committed 40896K, reserved 1114112K
  class space    used 4238K, committed 4736K, reserved 1048576K
}
Event: 14.132 GC heap after
{Heap after GC invocations=17 (full 2):
 PSYoungGen      total 23552K, used 1536K [0x00000000d5580000, 0x00000000d7200000, 0x0000000100000000)
  eden space 22016K, 0% used [0x00000000d5580000,0x00000000d5580000,0x00000000d6b00000)
  from space 1536K, 100% used [0x00000000d6d80000,0x00000000d6f00000,0x00000000d6f00000)
  to   space 3072K, 0% used [0x00000000d6f00000,0x00000000d6f00000,0x00000000d7200000)
 ParOldGen       total 68608K, used 21042K [0x0000000080000000, 0x0000000084300000, 0x00000000d5580000)
  object space 68608K, 30% used [0x0000000080000000,0x000000008148ca20,0x0000000084300000)
 Metaspace       used 39763K, committed 40896K, reserved 1114112K
  class space    used 4238K, committed 4736K, reserved 1048576K
}
Event: 14.638 GC heap before
{Heap before GC invocations=18 (full 2):
 PSYoungGen      total 23552K, used 23552K [0x00000000d5580000, 0x00000000d7200000, 0x0000000100000000)
  eden space 22016K, 100% used [0x00000000d5580000,0x00000000d6b00000,0x00000000d6b00000)
  from space 1536K, 100% used [0x00000000d6d80000,0x00000000d6f00000,0x00000000d6f00000)
  to   space 3072K, 0% used [0x00000000d6f00000,0x00000000d6f00000,0x00000000d7200000)
 ParOldGen       total 68608K, used 21042K [0x0000000080000000, 0x0000000084300000, 0x00000000d5580000)
  object space 68608K, 30% used [0x0000000080000000,0x000000008148ca20,0x0000000084300000)
 Metaspace       used 41314K, committed 42432K, reserved 1114112K
  class space    used 4438K, committed 4928K, reserved 1048576K
}
Event: 14.648 GC heap after
{Heap after GC invocations=18 (full 2):
 PSYoungGen      total 18432K, used 3049K [0x00000000d5580000, 0x00000000d8000000, 0x0000000100000000)
  eden space 15360K, 0% used [0x00000000d5580000,0x00000000d5580000,0x00000000d6480000)
  from space 3072K, 99% used [0x00000000d6f00000,0x00000000d71fa4d0,0x00000000d7200000)
  to   space 10752K, 0% used [0x00000000d6480000,0x00000000d6480000,0x00000000d6f00000)
 ParOldGen       total 68608K, used 27340K [0x0000000080000000, 0x0000000084300000, 0x00000000d5580000)
  object space 68608K, 39% used [0x0000000080000000,0x0000000081ab30b0,0x0000000084300000)
 Metaspace       used 41314K, committed 42432K, reserved 1114112K
  class space    used 4438K, committed 4928K, reserved 1048576K
}
Event: 15.089 GC heap before
{Heap before GC invocations=19 (full 2):
 PSYoungGen      total 18432K, used 18409K [0x00000000d5580000, 0x00000000d8000000, 0x0000000100000000)
  eden space 15360K, 100% used [0x00000000d5580000,0x00000000d6480000,0x00000000d6480000)
  from space 3072K, 99% used [0x00000000d6f00000,0x00000000d71fa4d0,0x00000000d7200000)
  to   space 10752K, 0% used [0x00000000d6480000,0x00000000d6480000,0x00000000d6f00000)
 ParOldGen       total 68608K, used 27340K [0x0000000080000000, 0x0000000084300000, 0x00000000d5580000)
  object space 68608K, 39% used [0x0000000080000000,0x0000000081ab30b0,0x0000000084300000)
 Metaspace       used 42975K, committed 44160K, reserved 1114112K
  class space    used 4640K, committed 5184K, reserved 1048576K
}
Event: 15.095 GC heap after
{Heap after GC invocations=19 (full 2):
 PSYoungGen      total 18432K, used 2832K [0x00000000d5580000, 0x00000000d6f80000, 0x0000000100000000)
  eden space 15360K, 0% used [0x00000000d5580000,0x00000000d5580000,0x00000000d6480000)
  from space 3072K, 92% used [0x00000000d6480000,0x00000000d6744010,0x00000000d6780000)
  to   space 5632K, 0% used [0x00000000d6a00000,0x00000000d6a00000,0x00000000d6f80000)
 ParOldGen       total 68608K, used 30402K [0x0000000080000000, 0x0000000084300000, 0x00000000d5580000)
  object space 68608K, 44% used [0x0000000080000000,0x0000000081db0bc8,0x0000000084300000)
 Metaspace       used 42975K, committed 44160K, reserved 1114112K
  class space    used 4640K, committed 5184K, reserved 1048576K
}
Event: 15.546 GC heap before
{Heap before GC invocations=20 (full 2):
 PSYoungGen      total 18432K, used 18192K [0x00000000d5580000, 0x00000000d6f80000, 0x0000000100000000)
  eden space 15360K, 100% used [0x00000000d5580000,0x00000000d6480000,0x00000000d6480000)
  from space 3072K, 92% used [0x00000000d6480000,0x00000000d6744010,0x00000000d6780000)
  to   space 5632K, 0% used [0x00000000d6a00000,0x00000000d6a00000,0x00000000d6f80000)
 ParOldGen       total 68608K, used 30402K [0x0000000080000000, 0x0000000084300000, 0x00000000d5580000)
  object space 68608K, 44% used [0x0000000080000000,0x0000000081db0bc8,0x0000000084300000)
 Metaspace       used 44093K, committed 45312K, reserved 1114112K
  class space    used 4788K, committed 5312K, reserved 1048576K
}
Event: 15.551 GC heap after
{Heap after GC invocations=20 (full 2):
 PSYoungGen      total 17408K, used 1552K [0x00000000d5580000, 0x00000000d6c00000, 0x0000000100000000)
  eden space 15360K, 0% used [0x00000000d5580000,0x00000000d5580000,0x00000000d6480000)
  from space 2048K, 75% used [0x00000000d6a00000,0x00000000d6b84010,0x00000000d6c00000)
  to   space 2560K, 0% used [0x00000000d6700000,0x00000000d6700000,0x00000000d6980000)
 ParOldGen       total 68608K, used 33074K [0x0000000080000000, 0x0000000084300000, 0x00000000d5580000)
  object space 68608K, 48% used [0x0000000080000000,0x000000008204cbf8,0x0000000084300000)
 Metaspace       used 44093K, committed 45312K, reserved 1114112K
  class space    used 4788K, committed 5312K, reserved 1048576K
}
Event: 15.954 GC heap before
{Heap before GC invocations=21 (full 2):
 PSYoungGen      total 17408K, used 16912K [0x00000000d5580000, 0x00000000d6c00000, 0x0000000100000000)
  eden space 15360K, 100% used [0x00000000d5580000,0x00000000d6480000,0x00000000d6480000)
  from space 2048K, 75% used [0x00000000d6a00000,0x00000000d6b84010,0x00000000d6c00000)
  to   space 2560K, 0% used [0x00000000d6700000,0x00000000d6700000,0x00000000d6980000)
 ParOldGen       total 68608K, used 33074K [0x0000000080000000, 0x0000000084300000, 0x00000000d5580000)
  object space 68608K, 48% used [0x0000000080000000,0x000000008204cbf8,0x0000000084300000)
 Metaspace       used 45161K, committed 46336K, reserved 1114112K
  class space    used 4923K, committed 5440K, reserved 1048576K
}
Event: 15.959 GC heap after
{Heap after GC invocations=21 (full 2):
 PSYoungGen      total 16896K, used 1176K [0x00000000d5580000, 0x00000000d6a80000, 0x0000000100000000)
  eden space 15360K, 0% used [0x00000000d5580000,0x00000000d5580000,0x00000000d6480000)
  from space 1536K, 76% used [0x00000000d6700000,0x00000000d68261a8,0x00000000d6880000)
  to   space 1536K, 0% used [0x00000000d6900000,0x00000000d6900000,0x00000000d6a80000)
 ParOldGen       total 68608K, used 34447K [0x0000000080000000, 0x0000000084300000, 0x00000000d5580000)
  object space 68608K, 50% used [0x0000000080000000,0x00000000821a3c18,0x0000000084300000)
 Metaspace       used 45161K, committed 46336K, reserved 1114112K
  class space    used 4923K, committed 5440K, reserved 1048576K
}
Event: 17.542 GC heap before
{Heap before GC invocations=22 (full 2):
 PSYoungGen      total 16896K, used 16536K [0x00000000d5580000, 0x00000000d6a80000, 0x0000000100000000)
  eden space 15360K, 100% used [0x00000000d5580000,0x00000000d6480000,0x00000000d6480000)
  from space 1536K, 76% used [0x00000000d6700000,0x00000000d68261a8,0x00000000d6880000)
  to   space 1536K, 0% used [0x00000000d6900000,0x00000000d6900000,0x00000000d6a80000)
 ParOldGen       total 68608K, used 34447K [0x0000000080000000, 0x0000000084300000, 0x00000000d5580000)
  object space 68608K, 50% used [0x0000000080000000,0x00000000821a3c18,0x0000000084300000)
 Metaspace       used 46809K, committed 48000K, reserved 1114112K
  class space    used 5103K, committed 5632K, reserved 1048576K
}
Event: 17.546 GC heap after
{Heap after GC invocations=22 (full 2):
 PSYoungGen      total 16384K, used 955K [0x00000000d5580000, 0x00000000d6a00000, 0x0000000100000000)
  eden space 15360K, 0% used [0x00000000d5580000,0x00000000d5580000,0x00000000d6480000)
  from space 1024K, 93% used [0x00000000d6900000,0x00000000d69eee98,0x00000000d6a00000)
  to   space 1536K, 0% used [0x00000000d6700000,0x00000000d6700000,0x00000000d6880000)
 ParOldGen       total 68608K, used 35491K [0x0000000080000000, 0x0000000084300000, 0x00000000d5580000)
  object space 68608K, 51% used [0x0000000080000000,0x00000000822a8dd0,0x0000000084300000)
 Metaspace       used 46809K, committed 48000K, reserved 1114112K
  class space    used 5103K, committed 5632K, reserved 1048576K
}
Event: 18.924 GC heap before
{Heap before GC invocations=23 (full 2):
 PSYoungGen      total 16384K, used 16315K [0x00000000d5580000, 0x00000000d6a00000, 0x0000000100000000)
  eden space 15360K, 100% used [0x00000000d5580000,0x00000000d6480000,0x00000000d6480000)
  from space 1024K, 93% used [0x00000000d6900000,0x00000000d69eee98,0x00000000d6a00000)
  to   space 1536K, 0% used [0x00000000d6700000,0x00000000d6700000,0x00000000d6880000)
 ParOldGen       total 68608K, used 35491K [0x0000000080000000, 0x0000000084300000, 0x00000000d5580000)
  object space 68608K, 51% used [0x0000000080000000,0x00000000822a8dd0,0x0000000084300000)
 Metaspace       used 46885K, committed 48128K, reserved 1114112K
  class space    used 5112K, committed 5632K, reserved 1048576K
}
Event: 18.927 GC heap after
{Heap after GC invocations=23 (full 2):
 PSYoungGen      total 16896K, used 381K [0x00000000d5580000, 0x00000000d6980000, 0x0000000100000000)
  eden space 15360K, 0% used [0x00000000d5580000,0x00000000d5580000,0x00000000d6480000)
  from space 1536K, 24% used [0x00000000d6700000,0x00000000d675f600,0x00000000d6880000)
  to   space 1024K, 0% used [0x00000000d6880000,0x00000000d6880000,0x00000000d6980000)
 ParOldGen       total 68608K, used 36269K [0x0000000080000000, 0x0000000084300000, 0x00000000d5580000)
  object space 68608K, 52% used [0x0000000080000000,0x000000008236b650,0x0000000084300000)
 Metaspace       used 46885K, committed 48128K, reserved 1114112K
  class space    used 5112K, committed 5632K, reserved 1048576K
}
Event: 19.517 GC heap before
{Heap before GC invocations=24 (full 2):
 PSYoungGen      total 16896K, used 15730K [0x00000000d5580000, 0x00000000d6980000, 0x0000000100000000)
  eden space 15360K, 99% used [0x00000000d5580000,0x00000000d647d5b0,0x00000000d6480000)
  from space 1536K, 24% used [0x00000000d6700000,0x00000000d675f600,0x00000000d6880000)
  to   space 1024K, 0% used [0x00000000d6880000,0x00000000d6880000,0x00000000d6980000)
 ParOldGen       total 68608K, used 36269K [0x0000000080000000, 0x0000000084300000, 0x00000000d5580000)
  object space 68608K, 52% used [0x0000000080000000,0x000000008236b650,0x0000000084300000)
 Metaspace       used 47473K, committed 48704K, reserved 1114112K
  class space    used 5166K, committed 5696K, reserved 1048576K
}
Event: 19.519 GC heap after
{Heap after GC invocations=24 (full 2):
 PSYoungGen      total 16384K, used 981K [0x00000000d5580000, 0x00000000d6980000, 0x0000000100000000)
  eden space 15360K, 0% used [0x00000000d5580000,0x00000000d5580000,0x00000000d6480000)
  from space 1024K, 95% used [0x00000000d6880000,0x00000000d6975510,0x00000000d6980000)
  to   space 1536K, 0% used [0x00000000d6680000,0x00000000d6680000,0x00000000d6800000)
 ParOldGen       total 68608K, used 36448K [0x0000000080000000, 0x0000000084300000, 0x00000000d5580000)
  object space 68608K, 53% used [0x0000000080000000,0x00000000823980d8,0x0000000084300000)
 Metaspace       used 47473K, committed 48704K, reserved 1114112K
  class space    used 5166K, committed 5696K, reserved 1048576K
}

Dll operation events (10 events):
Event: 0.021 Loaded shared library c:\Users\kalra\.vscode\extensions\redhat.java-1.53.0-win32-x64\jre\21.0.10-win32-x86_64\bin\java.dll
Event: 0.169 Loaded shared library c:\Users\kalra\.vscode\extensions\redhat.java-1.53.0-win32-x64\jre\21.0.10-win32-x86_64\bin\zip.dll
Event: 0.213 Loaded shared library C:\Users\kalra\.vscode\extensions\redhat.java-1.53.0-win32-x64\jre\21.0.10-win32-x86_64\bin\instrument.dll
Event: 0.222 Loaded shared library C:\Users\kalra\.vscode\extensions\redhat.java-1.53.0-win32-x64\jre\21.0.10-win32-x86_64\bin\net.dll
Event: 0.227 Loaded shared library C:\Users\kalra\.vscode\extensions\redhat.java-1.53.0-win32-x64\jre\21.0.10-win32-x86_64\bin\nio.dll
Event: 0.236 Loaded shared library C:\Users\kalra\.vscode\extensions\redhat.java-1.53.0-win32-x64\jre\21.0.10-win32-x86_64\bin\zip.dll
Event: 0.274 Loaded shared library C:\Users\kalra\.vscode\extensions\redhat.java-1.53.0-win32-x64\jre\21.0.10-win32-x86_64\bin\jimage.dll
Event: 0.497 Loaded shared library c:\Users\kalra\.vscode\extensions\redhat.java-1.53.0-win32-x64\jre\21.0.10-win32-x86_64\bin\verify.dll
Event: 3.129 Loaded shared library C:\Users\kalra\AppData\Roaming\Code\User\globalStorage\redhat.java\1.53.0\config_win\org.eclipse.equinox.launcher\org.eclipse.equinox.launcher.win32.win32.x86_64_1.3.0.v20260203-2149\eclipse_11919.dll
Event: 7.148 Loaded shared library C:\Users\kalra\AppData\Local\Temp\jna-101813893\jna1561255321187550231.dll

Deoptimization events (20 events):
Event: 19.568 Thread 0x00000278c602a3b0 DEOPT PACKING pc=0x00000278ef427e68 sp=0x0000007b131fd0b0
Event: 19.568 Thread 0x00000278c602a3b0 DEOPT UNPACKING pc=0x00000278eec43aa2 sp=0x0000007b131fcf88 mode 2
Event: 19.598 Thread 0x00000278c602bdf0 Uncommon trap: trap_request=0xffffff45 fr.pc=0x00000278ef488e48 relative=0x00000000000000a8
Event: 19.598 Thread 0x00000278c602bdf0 Uncommon trap: reason=unstable_if action=reinterpret pc=0x00000278ef488e48 method=java.util.regex.Pattern.escape(ZZZ)I @ 8 c2
Event: 19.598 Thread 0x00000278c602bdf0 DEOPT PACKING pc=0x00000278ef488e48 sp=0x0000007b134fd060
Event: 19.598 Thread 0x00000278c602bdf0 DEOPT UNPACKING pc=0x00000278eec43aa2 sp=0x0000007b134fcfd8 mode 2
Event: 19.598 Thread 0x00000278c602bdf0 Uncommon trap: trap_request=0xffffff45 fr.pc=0x00000278ef46aff0 relative=0x0000000000001050
Event: 19.598 Thread 0x00000278c602bdf0 Uncommon trap: reason=unstable_if action=reinterpret pc=0x00000278ef46aff0 method=java.util.regex.Pattern.compile()V @ 443 c2
Event: 19.599 Thread 0x00000278c602bdf0 DEOPT PACKING pc=0x00000278ef46aff0 sp=0x0000007b134fd500
Event: 19.599 Thread 0x00000278c602bdf0 DEOPT UNPACKING pc=0x00000278eec43aa2 sp=0x0000007b134fd4c8 mode 2
Event: 19.708 Thread 0x00000278c602bdf0 Uncommon trap: trap_request=0xffffff45 fr.pc=0x00000278ef487a64 relative=0x0000000000000284
Event: 19.708 Thread 0x00000278c602bdf0 Uncommon trap: reason=unstable_if action=reinterpret pc=0x00000278ef487a64 method=sun.nio.fs.WindowsPath.compareTo(Ljava/nio/file/Path;)I @ 76 c2
Event: 19.708 Thread 0x00000278c602bdf0 DEOPT PACKING pc=0x00000278ef487a64 sp=0x0000007b134fbbd0
Event: 19.708 Thread 0x00000278c602bdf0 DEOPT UNPACKING pc=0x00000278eec43aa2 sp=0x0000007b134fbb38 mode 2
Event: 19.756 Thread 0x00000278fd457d70 DEOPT PACKING pc=0x00000278e778e53c sp=0x0000007b118f77c0
Event: 19.756 Thread 0x00000278fd457d70 DEOPT UNPACKING pc=0x00000278eec44242 sp=0x0000007b118f6ce0 mode 0
Event: 19.761 Thread 0x00000278c602bdf0 Uncommon trap: trap_request=0xffffff45 fr.pc=0x00000278ef48bb78 relative=0x00000000000005d8
Event: 19.762 Thread 0x00000278c602bdf0 Uncommon trap: reason=unstable_if action=reinterpret pc=0x00000278ef48bb78 method=sun.nio.fs.WindowsNativeDispatcher.asNativeBuffer(Ljava/lang/String;)Lsun/nio/fs/NativeBuffer; @ 52 c2
Event: 19.762 Thread 0x00000278c602bdf0 DEOPT PACKING pc=0x00000278ef48bb78 sp=0x0000007b134fc8d0
Event: 19.762 Thread 0x00000278c602bdf0 DEOPT UNPACKING pc=0x00000278eec43aa2 sp=0x0000007b134fc890 mode 2

Classes loaded (20 events):
Event: 19.770 Loading class sun/nio/ch/FileChannelImpl$DefaultUnmapper
Event: 19.771 Loading class sun/nio/ch/FileChannelImpl$Unmapper
Event: 19.771 Loading class jdk/internal/access/foreign/UnmapperProxy
Event: 19.771 Loading class jdk/internal/access/foreign/UnmapperProxy done
Event: 19.771 Loading class sun/nio/ch/FileChannelImpl$Unmapper done
Event: 19.771 Loading class sun/nio/ch/FileChannelImpl$DefaultUnmapper done
Event: 19.771 Loading class sun/nio/ch/Util$4
Event: 19.772 Loading class sun/nio/ch/Util$4 done
Event: 19.806 Loading class java/nio/file/ClosedDirectoryStreamException
Event: 19.806 Loading class java/nio/file/ClosedDirectoryStreamException done
Event: 19.807 Loading class jdk/internal/jrtfs/JrtFileSystem
Event: 19.808 Loading class jdk/internal/jrtfs/JrtFileSystem done
Event: 19.815 Loading class jdk/internal/jrtfs/JrtPath
Event: 19.818 Loading class jdk/internal/jrtfs/JrtPath done
Event: 19.818 Loading class jdk/internal/jimage/ImageReader$Node
Event: 19.819 Loading class jdk/internal/jimage/ImageReader$Node done
Event: 19.836 Loading class java/nio/ByteBufferAsIntBufferL
Event: 19.837 Loading class java/nio/ByteBufferAsIntBufferL done
Event: 19.849 Loading class jdk/internal/jimage/ImageReader$Directory
Event: 19.849 Loading class jdk/internal/jimage/ImageReader$Directory done

Classes unloaded (7 events):
Event: 8.964 Thread 0x00000278e4454860 Unloading class 0x00000278811a9400 'java/lang/invoke/LambdaForm$MH+0x00000278811a9400'
Event: 8.964 Thread 0x00000278e4454860 Unloading class 0x00000278811a9000 'java/lang/invoke/LambdaForm$MH+0x00000278811a9000'
Event: 8.964 Thread 0x00000278e4454860 Unloading class 0x00000278811a8c00 'java/lang/invoke/LambdaForm$MH+0x00000278811a8c00'
Event: 8.964 Thread 0x00000278e4454860 Unloading class 0x00000278811a8800 'java/lang/invoke/LambdaForm$MH+0x00000278811a8800'
Event: 8.964 Thread 0x00000278e4454860 Unloading class 0x00000278811a8400 'java/lang/invoke/LambdaForm$BMH+0x00000278811a8400'
Event: 8.964 Thread 0x00000278e4454860 Unloading class 0x00000278811a8000 'java/lang/invoke/LambdaForm$DMH+0x00000278811a8000'
Event: 8.964 Thread 0x00000278e4454860 Unloading class 0x00000278811a6c00 'java/lang/invoke/LambdaForm$DMH+0x00000278811a6c00'

Classes redefined (0 events):
No events

Internal exceptions (20 events):
Event: 18.823 Thread 0x00000278fd459120 Exception <a 'sun/nio/fs/WindowsException'{0x00000000d60532e8}> (0x00000000d60532e8) 
thrown [s\src\hotspot\share\prims\jni.cpp, line 520]
Event: 18.823 Thread 0x00000278fd459120 Exception <a 'sun/nio/fs/WindowsException'{0x00000000d60539b0}> (0x00000000d60539b0) 
thrown [s\src\hotspot\share\prims\jni.cpp, line 520]
Event: 18.824 Thread 0x00000278fd459120 Exception <a 'sun/nio/fs/WindowsException'{0x00000000d6057508}> (0x00000000d6057508) 
thrown [s\src\hotspot\share\prims\jni.cpp, line 520]
Event: 18.825 Thread 0x00000278fd459120 Exception <a 'sun/nio/fs/WindowsException'{0x00000000d6057bc8}> (0x00000000d6057bc8) 
thrown [s\src\hotspot\share\prims\jni.cpp, line 520]
Event: 18.825 Thread 0x00000278fd459120 Exception <a 'sun/nio/fs/WindowsException'{0x00000000d6058288}> (0x00000000d6058288) 
thrown [s\src\hotspot\share\prims\jni.cpp, line 520]
Event: 18.825 Thread 0x00000278fd459120 Exception <a 'sun/nio/fs/WindowsException'{0x00000000d6058968}> (0x00000000d6058968) 
thrown [s\src\hotspot\share\prims\jni.cpp, line 520]
Event: 18.826 Thread 0x00000278fd459120 Exception <a 'sun/nio/fs/WindowsException'{0x00000000d605be80}> (0x00000000d605be80) 
thrown [s\src\hotspot\share\prims\jni.cpp, line 520]
Event: 18.826 Thread 0x00000278fd459120 Exception <a 'sun/nio/fs/WindowsException'{0x00000000d605c6c8}> (0x00000000d605c6c8) 
thrown [s\src\hotspot\share\prims\jni.cpp, line 520]
Event: 18.826 Thread 0x00000278fd459120 Exception <a 'sun/nio/fs/WindowsException'{0x00000000d605ccb8}> (0x00000000d605ccb8) 
thrown [s\src\hotspot\share\prims\jni.cpp, line 520]
Event: 18.826 Thread 0x00000278fd459120 Exception <a 'sun/nio/fs/WindowsException'{0x00000000d605d2c0}> (0x00000000d605d2c0) 
thrown [s\src\hotspot\share\prims\jni.cpp, line 520]
Event: 18.827 Thread 0x00000278fd459120 Exception <a 'sun/nio/fs/WindowsException'{0x00000000d6060680}> (0x00000000d6060680) 
thrown [s\src\hotspot\share\prims\jni.cpp, line 520]
Event: 18.827 Thread 0x00000278fd459120 Exception <a 'sun/nio/fs/WindowsException'{0x00000000d6060c80}> (0x00000000d6060c80) 
thrown [s\src\hotspot\share\prims\jni.cpp, line 520]
Event: 18.827 Thread 0x00000278fd459120 Exception <a 'sun/nio/fs/WindowsException'{0x00000000d6061280}> (0x00000000d6061280) 
thrown [s\src\hotspot\share\prims\jni.cpp, line 520]
Event: 18.827 Thread 0x00000278fd459120 Exception <a 'sun/nio/fs/WindowsException'{0x00000000d60618a0}> (0x00000000d60618a0) 
thrown [s\src\hotspot\share\prims\jni.cpp, line 520]
Event: 18.829 Thread 0x00000278fd459120 Exception <a 'sun/nio/fs/WindowsException'{0x00000000d6064f08}> (0x00000000d6064f08) 
thrown [s\src\hotspot\share\prims\jni.cpp, line 520]
Event: 18.829 Thread 0x00000278fd459120 Exception <a 'sun/nio/fs/WindowsException'{0x00000000d6065558}> (0x00000000d6065558) 
thrown [s\src\hotspot\share\prims\jni.cpp, line 520]
Event: 18.829 Thread 0x00000278fd459120 Exception <a 'sun/nio/fs/WindowsException'{0x00000000d6065ba8}> (0x00000000d6065ba8) 
thrown [s\src\hotspot\share\prims\jni.cpp, line 520]
Event: 18.829 Thread 0x00000278fd459120 Exception <a 'sun/nio/fs/WindowsException'{0x00000000d6066210}> (0x00000000d6066210) 
thrown [s\src\hotspot\share\prims\jni.cpp, line 520]
Event: 19.470 Thread 0x00000278c602bdf0 Exception <a 'java/lang/IncompatibleClassChangeError'{0x00000000d63542d0}: Found class java.lang.Object, but interface was expected> (0x00000000d63542d0) 
thrown [s\src\hotspot\share\interpreter\linkResolver.cpp, line 840]
Event: 19.774 Thread 0x00000278c602bdf0 Exception <a 'java/lang/NoSuchMethodError'{0x00000000d5b1ce80}: 'java.lang.Object java.lang.invoke.DelegatingMethodHandle$Holder.reinvoke_L(java.lang.Object, int, long, java.lang.Object, java.lang.Object, int, java.lang.Object)'> (0x00000000d5b1ce80) 
thrown [s\src\hotspot\share\interpreter\linkResolver.cpp, line 773]

ZGC Phase Switch (0 events):
No events

VM Operations (20 events):
Event: 19.376 Executing non-safepoint VM operation: HandshakeAllThreads (Deoptimize)
Event: 19.376 Executing non-safepoint VM operation: HandshakeAllThreads (Deoptimize) done
Event: 19.499 Executing safepoint VM operation: ParallelGCFailedAllocation (Allocation Failure)
Event: 19.519 Executing safepoint VM operation: ParallelGCFailedAllocation (Allocation Failure) done
Event: 19.695 Executing non-safepoint VM operation: HandshakeAllThreads (Deoptimize)
Event: 19.696 Executing non-safepoint VM operation: HandshakeAllThreads (Deoptimize) done
Event: 19.720 Executing non-safepoint VM operation: HandshakeAllThreads (Deoptimize)
Event: 19.720 Executing non-safepoint VM operation: HandshakeAllThreads (Deoptimize) done
Event: 19.725 Executing non-safepoint VM operation: HandshakeAllThreads (Deoptimize)
Event: 19.725 Executing non-safepoint VM operation: HandshakeAllThreads (Deoptimize) done
Event: 19.741 Executing non-safepoint VM operation: HandshakeAllThreads (Deoptimize)
Event: 19.753 Executing non-safepoint VM operation: HandshakeAllThreads (Deoptimize) done
Event: 19.755 Executing non-safepoint VM operation: HandshakeAllThreads (Deoptimize)
Event: 19.755 Executing non-safepoint VM operation: HandshakeAllThreads (Deoptimize) done
Event: 19.805 Executing non-safepoint VM operation: HandshakeAllThreads (Deoptimize)
Event: 19.806 Executing non-safepoint VM operation: HandshakeAllThreads (Deoptimize) done
Event: 19.839 Executing non-safepoint VM operation: HandshakeAllThreads (Deoptimize)
Event: 19.840 Executing non-safepoint VM operation: HandshakeAllThreads (Deoptimize) done
Event: 19.844 Executing non-safepoint VM operation: HandshakeAllThreads (Deoptimize)
Event: 19.845 Executing non-safepoint VM operation: HandshakeAllThreads (Deoptimize) done

Memory protections (0 events):
No events

Nmethod flushes (20 events):
Event: 12.795 Thread 0x00000278e4454860 flushing  nmethod 0x00000278e7d14390
Event: 12.795 Thread 0x00000278e4454860 flushing  nmethod 0x00000278e7d14b90
Event: 12.795 Thread 0x00000278e4454860 flushing  nmethod 0x00000278e7d15310
Event: 12.795 Thread 0x00000278e4454860 flushing  nmethod 0x00000278e7d16410
Event: 12.795 Thread 0x00000278e4454860 flushing  nmethod 0x00000278e7d16d90
Event: 12.795 Thread 0x00000278e4454860 flushing  nmethod 0x00000278e7d17190
Event: 12.795 Thread 0x00000278e4454860 flushing  nmethod 0x00000278e7d17a10
Event: 12.795 Thread 0x00000278e4454860 flushing  nmethod 0x00000278e7d19990
Event: 12.795 Thread 0x00000278e4454860 flushing  nmethod 0x00000278e7d1a510
Event: 12.795 Thread 0x00000278e4454860 flushing  nmethod 0x00000278e7d25090
Event: 12.795 Thread 0x00000278e4454860 flushing  nmethod 0x00000278e7d27c90
Event: 12.795 Thread 0x00000278e4454860 flushing  nmethod 0x00000278e7d44890
Event: 12.795 Thread 0x00000278e4454860 flushing  nmethod 0x00000278e7d54990
Event: 12.795 Thread 0x00000278e4454860 flushing  nmethod 0x00000278e7d56310
Event: 12.795 Thread 0x00000278e4454860 flushing  nmethod 0x00000278e7d5e810
Event: 12.795 Thread 0x00000278e4454860 flushing  nmethod 0x00000278e7db0c90
Event: 12.795 Thread 0x00000278e4454860 flushing  nmethod 0x00000278e7dcdd10
Event: 12.795 Thread 0x00000278e4454860 flushing  nmethod 0x00000278e7de2890
Event: 12.795 Thread 0x00000278e4454860 flushing  nmethod 0x00000278e7e23190
Event: 12.795 Thread 0x00000278e4454860 flushing  nmethod 0x00000278e7e23610

Events (20 events):
Event: 13.249 Thread 0x00000278e44c1e30 Thread added: 0x00000278c5a56f40
Event: 14.531 Thread 0x00000278fd4576e0 Thread added: 0x00000278c5a575d0
Event: 14.532 Thread 0x00000278fd4576e0 Thread added: 0x00000278c5a568b0
Event: 14.533 Thread 0x00000278c5a575d0 Thread added: 0x00000278c5a57c60
Event: 14.540 Thread 0x00000278c5a568b0 Thread added: 0x00000278c5a59010
Event: 14.541 Thread 0x00000278c5a59010 Thread added: 0x00000278c5a596a0
Event: 14.542 Thread 0x00000278c5a57c60 Thread added: 0x00000278c5a56220
Event: 14.544 Thread 0x00000278c5a56220 Thread added: 0x00000278c6029d20
Event: 14.544 Thread 0x00000278c5a596a0 Thread added: 0x00000278c602aa40
Event: 14.546 Thread 0x00000278c6029d20 Thread added: 0x00000278c602b760
Event: 14.561 Thread 0x00000278c602aa40 Thread added: 0x00000278c602a3b0
Event: 14.566 Thread 0x00000278c602b760 Thread added: 0x00000278c602c480
Event: 14.800 Thread 0x00000278e44c1e30 Thread added: 0x00000278c602b0d0
Event: 14.800 Thread 0x00000278e44c1e30 Thread added: 0x00000278c602bdf0
Event: 18.141 Thread 0x00000278fdf1ca00 Thread exited: 0x00000278fdf1ca00
Event: 18.233 Thread 0x00000278fdf1bc60 Thread exited: 0x00000278fdf1bc60
Event: 18.902 Thread 0x00000278fc212760 Thread added: 0x00000278ff23ea80
Event: 19.685 Thread 0x00000278ff23ea80 Thread exited: 0x00000278ff23ea80
Event: 19.768 Thread 0x00000278fc212760 Thread added: 0x00000278ff240c90
Event: 19.904 Thread 0x00000278fc212760 Thread added: 0x00000278ff23ea80


Dynamic libraries:
0x00007ff68d540000 - 0x00007ff68d54e000 	c:\Users\kalra\.vscode\extensions\redhat.java-1.53.0-win32-x64\jre\21.0.10-win32-x86_64\bin\java.exe
0x00007fff8a940000 - 0x00007fff8aba7000 	C:\WINDOWS\SYSTEM32\ntdll.dll
0x00007fff89670000 - 0x00007fff89739000 	C:\WINDOWS\System32\KERNEL32.DLL
0x00007fff88170000 - 0x00007fff88561000 	C:\WINDOWS\System32\KERNELBASE.dll
0x00007fff87ff0000 - 0x00007fff8813b000 	C:\WINDOWS\System32\ucrtbase.dll
0x00007fff61980000 - 0x00007fff61998000 	c:\Users\kalra\.vscode\extensions\redhat.java-1.53.0-win32-x64\jre\21.0.10-win32-x86_64\bin\jli.dll
0x00007fff899a0000 - 0x00007fff89b65000 	C:\WINDOWS\System32\USER32.dll
0x00007fff88140000 - 0x00007fff88167000 	C:\WINDOWS\System32\win32u.dll
0x00007fff5e4e0000 - 0x00007fff5e4fe000 	c:\Users\kalra\.vscode\extensions\redhat.java-1.53.0-win32-x64\jre\21.0.10-win32-x86_64\bin\VCRUNTIME140.dll
0x00007fff89180000 - 0x00007fff891ab000 	C:\WINDOWS\System32\GDI32.dll
0x00007fff87220000 - 0x00007fff8734b000 	C:\WINDOWS\System32\gdi32full.dll
0x00007fff6aee0000 - 0x00007fff6b173000 	C:\WINDOWS\WinSxS\amd64_microsoft.windows.common-controls_6595b64144ccf1df_6.0.26100.8037_none_3e092faae333b53b\COMCTL32.dll
0x00007fff89750000 - 0x00007fff897f9000 	C:\WINDOWS\System32\msvcrt.dll
0x00007fff87eb0000 - 0x00007fff87f53000 	C:\WINDOWS\System32\msvcp_win.dll
0x00007fff89110000 - 0x00007fff89141000 	C:\WINDOWS\System32\IMM32.DLL
0x00007fff6ac70000 - 0x00007fff6ac7c000 	c:\Users\kalra\.vscode\extensions\redhat.java-1.53.0-win32-x64\jre\21.0.10-win32-x86_64\bin\vcruntime140_1.dll
0x00007fff00a10000 - 0x00007fff00a9d000 	c:\Users\kalra\.vscode\extensions\redhat.java-1.53.0-win32-x64\jre\21.0.10-win32-x86_64\bin\msvcp140.dll
0x00007ffed3b90000 - 0x00007ffed4931000 	c:\Users\kalra\.vscode\extensions\redhat.java-1.53.0-win32-x64\jre\21.0.10-win32-x86_64\bin\server\jvm.dll
0x00007fff8a2e0000 - 0x00007fff8a39b000 	C:\WINDOWS\System32\ADVAPI32.dll
0x00007fff886e0000 - 0x00007fff88787000 	C:\WINDOWS\System32\sechost.dll
0x00007fff89450000 - 0x00007fff89568000 	C:\WINDOWS\System32\RPCRT4.dll
0x00007fff88820000 - 0x00007fff88894000 	C:\WINDOWS\System32\WS2_32.dll
0x00007fff87080000 - 0x00007fff870de000 	C:\WINDOWS\SYSTEM32\POWRPROF.dll
0x00007fff81780000 - 0x00007fff817b5000 	C:\WINDOWS\SYSTEM32\WINMM.dll
0x00007fff817c0000 - 0x00007fff817cb000 	C:\WINDOWS\SYSTEM32\VERSION.dll
0x00007fff87060000 - 0x00007fff87074000 	C:\WINDOWS\SYSTEM32\UMPDC.dll
0x00007fff85fb0000 - 0x00007fff85fcb000 	C:\WINDOWS\SYSTEM32\kernel.appcore.dll
0x00007fff6a660000 - 0x00007fff6a66a000 	c:\Users\kalra\.vscode\extensions\redhat.java-1.53.0-win32-x64\jre\21.0.10-win32-x86_64\bin\jimage.dll
0x00007fff7b9f0000 - 0x00007fff7bc32000 	C:\WINDOWS\SYSTEM32\DBGHELP.DLL
0x00007fff8a570000 - 0x00007fff8a8f2000 	C:\WINDOWS\System32\combase.dll
0x00007fff89320000 - 0x00007fff893f7000 	C:\WINDOWS\System32\OLEAUT32.dll
0x00007fff6dad0000 - 0x00007fff6db0b000 	C:\WINDOWS\SYSTEM32\dbgcore.DLL
0x00007fff88630000 - 0x00007fff886d5000 	C:\WINDOWS\System32\bcryptPrimitives.dll
0x00007fff56b40000 - 0x00007fff56b4f000 	c:\Users\kalra\.vscode\extensions\redhat.java-1.53.0-win32-x64\jre\21.0.10-win32-x86_64\bin\instrument.dll
0x00007fff4dc30000 - 0x00007fff4dc50000 	c:\Users\kalra\.vscode\extensions\redhat.java-1.53.0-win32-x64\jre\21.0.10-win32-x86_64\bin\java.dll
0x00007fff89b70000 - 0x00007fff8a2cf000 	C:\WINDOWS\System32\SHELL32.dll
0x00007fff87d40000 - 0x00007fff87eaa000 	C:\WINDOWS\System32\wintypes.dll
0x00007fff874d0000 - 0x00007fff87d34000 	C:\WINDOWS\System32\windows.storage.dll
0x00007fff89210000 - 0x00007fff89307000 	C:\WINDOWS\System32\SHCORE.dll
0x00007fff8a500000 - 0x00007fff8a567000 	C:\WINDOWS\System32\shlwapi.dll
0x00007fff87140000 - 0x00007fff87169000 	C:\WINDOWS\SYSTEM32\profapi.dll
0x00007fff4d930000 - 0x00007fff4d948000 	c:\Users\kalra\.vscode\extensions\redhat.java-1.53.0-win32-x64\jre\21.0.10-win32-x86_64\bin\zip.dll
0x00007fff56b30000 - 0x00007fff56b40000 	C:\Users\kalra\.vscode\extensions\redhat.java-1.53.0-win32-x64\jre\21.0.10-win32-x86_64\bin\net.dll
0x00007fff7e6e0000 - 0x00007fff7e807000 	C:\WINDOWS\SYSTEM32\WINHTTP.dll
0x00007fff86520000 - 0x00007fff8658b000 	C:\WINDOWS\system32\mswsock.dll
0x00007fff4d910000 - 0x00007fff4d926000 	C:\Users\kalra\.vscode\extensions\redhat.java-1.53.0-win32-x64\jre\21.0.10-win32-x86_64\bin\nio.dll
0x00007fff4d900000 - 0x00007fff4d910000 	c:\Users\kalra\.vscode\extensions\redhat.java-1.53.0-win32-x64\jre\21.0.10-win32-x86_64\bin\verify.dll
0x00007fff40a20000 - 0x00007fff40a65000 	C:\Users\kalra\AppData\Roaming\Code\User\globalStorage\redhat.java\1.53.0\config_win\org.eclipse.equinox.launcher\org.eclipse.equinox.launcher.win32.win32.x86_64_1.3.0.v20260203-2149\eclipse_11919.dll
0x00007fff89800000 - 0x00007fff89995000 	C:\WINDOWS\System32\ole32.dll
0x00007fff86800000 - 0x00007fff8681b000 	C:\WINDOWS\SYSTEM32\CRYPTSP.dll
0x00007fff85f10000 - 0x00007fff85f49000 	C:\WINDOWS\system32\rsaenh.dll
0x00007fff865d0000 - 0x00007fff86602000 	C:\WINDOWS\SYSTEM32\USERENV.dll
0x00007fff87110000 - 0x00007fff8713a000 	C:\WINDOWS\SYSTEM32\bcrypt.dll
0x00007fff86820000 - 0x00007fff8682c000 	C:\WINDOWS\SYSTEM32\CRYPTBASE.dll
0x00007fff85980000 - 0x00007fff859b3000 	C:\WINDOWS\SYSTEM32\IPHLPAPI.DLL
0x00007fff89740000 - 0x00007fff8974a000 	C:\WINDOWS\System32\NSI.dll
0x00007fff15180000 - 0x00007fff151c9000 	C:\Users\kalra\AppData\Local\Temp\jna-101813893\jna1561255321187550231.dll
0x00007fff89170000 - 0x00007fff89178000 	C:\WINDOWS\System32\PSAPI.DLL
0x00007fff81d70000 - 0x00007fff81d8d000 	C:\WINDOWS\SYSTEM32\dhcpcsvc6.DLL
0x00007fff81d20000 - 0x00007fff81d43000 	C:\WINDOWS\SYSTEM32\dhcpcsvc.DLL

JVMTI agents:
c:\Users\kalra\.vscode\extensions\redhat.java-1.53.0-win32-x64\lombok\lombok-1.18.39-4050.jar path:c:\Users\kalra\.vscode\extensions\redhat.java-1.53.0-win32-x64\jre\21.0.10-win32-x86_64\bin\instrument.dll, loaded, initialized, instrumentlib options:none

dbghelp: loaded successfully - version: 4.0.5 - missing functions: none
symbol engine: initialized successfully - sym options: 0x614 - pdb path: .;c:\Users\kalra\.vscode\extensions\redhat.java-1.53.0-win32-x64\jre\21.0.10-win32-x86_64\bin;C:\WINDOWS\SYSTEM32;C:\WINDOWS\WinSxS\amd64_microsoft.windows.common-controls_6595b64144ccf1df_6.0.26100.8037_none_3e092faae333b53b;c:\Users\kalra\.vscode\extensions\redhat.java-1.53.0-win32-x64\jre\21.0.10-win32-x86_64\bin\server;C:\Users\kalra\AppData\Roaming\Code\User\globalStorage\redhat.java\1.53.0\config_win\org.eclipse.equinox.launcher\org.eclipse.equinox.launcher.win32.win32.x86_64_1.3.0.v20260203-2149;C:\Users\kalra\AppData\Local\Temp\jna-101813893

VM Arguments:
jvm_args: --add-modules=ALL-SYSTEM --add-opens=java.base/java.util=ALL-UNNAMED --add-opens=java.base/java.lang=ALL-UNNAMED --add-opens=java.base/sun.nio.fs=ALL-UNNAMED -Declipse.application=org.eclipse.jdt.ls.core.id1 -Dosgi.bundles.defaultStartLevel=4 -Declipse.product=org.eclipse.jdt.ls.core.product -Djava.import.generatesMetadataFilesAtProjectRoot=false -DDetectVMInstallationsJob.disabled=true -Dfile.encoding=utf8 -XX:+UseParallelGC -XX:GCTimeRatio=4 -XX:AdaptiveSizePolicyWeight=90 -Dsun.zip.disableMemoryMapping=true -Xmx2G -Xms100m -Xlog:disable -javaagent:c:\Users\kalra\.vscode\extensions\redhat.java-1.53.0-win32-x64\lombok\lombok-1.18.39-4050.jar -XX:+HeapDumpOnOutOfMemoryError -XX:HeapDumpPath=c:\Users\kalra\AppData\Roaming\Code\User\workspaceStorage\4fda5c3b26c15e0cb27154c0e992db6d\redhat.java -Daether.dependencyCollector.impl=bf 
java_command: c:\Users\kalra\.vscode\extensions\redhat.java-1.53.0-win32-x64\server\plugins\org.eclipse.equinox.launcher_1.7.100.v20251111-0406.jar -configuration c:\Users\kalra\AppData\Roaming\Code\User\globalStorage\redhat.java\1.53.0\config_win -data c:\Users\kalra\AppData\Roaming\Code\User\workspaceStorage\4fda5c3b26c15e0cb27154c0e992db6d\redhat.java\jdt_ws --pipe=\\.\pipe\lsp-7cda18af99a55f24512a4ecaee8ed174-sock
java_class_path (initial): c:\Users\kalra\.vscode\extensions\redhat.java-1.53.0-win32-x64\server\plugins\org.eclipse.equinox.launcher_1.7.100.v20251111-0406.jar
Launcher Type: SUN_STANDARD

[Global flags]
    uintx AdaptiveSizePolicyWeight                 = 90                                        {product} {command line}
     intx CICompilerCount                          = 4                                         {product} {ergonomic}
    uintx GCTimeRatio                              = 4                                         {product} {command line}
     bool HeapDumpOnOutOfMemoryError               = true                                   {manageable} {command line}
    ccstr HeapDumpPath                             = c:\Users\kalra\AppData\Roaming\Code\User\workspaceStorage\4fda5c3b26c15e0cb27154c0e992db6d\redhat.java         {manageable} {command line}
   size_t InitialHeapSize                          = 104857600                                 {product} {command line}
   size_t MaxHeapSize                              = 2147483648                                {product} {command line}
   size_t MaxNewSize                               = 715653120                                 {product} {ergonomic}
   size_t MinHeapDeltaBytes                        = 524288                                    {product} {ergonomic}
   size_t MinHeapSize                              = 104857600                                 {product} {command line}
   size_t NewSize                                  = 34603008                                  {product} {ergonomic}
    uintx NonNMethodCodeHeapSize                   = 5839372                                {pd product} {ergonomic}
    uintx NonProfiledCodeHeapSize                  = 122909434                              {pd product} {ergonomic}
   size_t OldSize                                  = 70254592                                  {product} {ergonomic}
    uintx ProfiledCodeHeapSize                     = 122909434                              {pd product} {ergonomic}
    uintx ReservedCodeCacheSize                    = 251658240                              {pd product} {ergonomic}
     bool SegmentedCodeCache                       = true                                      {product} {ergonomic}
   size_t SoftMaxHeapSize                          = 2147483648                             {manageable} {ergonomic}
     bool UseCompressedOops                        = true                           {product lp64_product} {ergonomic}
     bool UseLargePagesIndividualAllocation        = false                                  {pd product} {ergonomic}
     bool UseParallelGC                            = true                                      {product} {command line}

Logging:
Log output configuration:
 #0: stdout all=off uptime,level,tags foldmultilines=false
 #1: stderr all=off uptime,level,tags foldmultilines=false

Release file:
JAVA_VERSION="21.0.10" 
MODULES="java.base java.compiler java.datatransfer java.xml java.prefs java.desktop java.instrument java.logging java.management java.security.sasl java.naming java.rmi java.management.rmi java.net.http java.scripting java.security.jgss java.transaction.xa java.sql java.sql.rowset java.xml.crypto java.se java.smartcardio jdk.accessibility jdk.internal.jvmstat jdk.attach jdk.charsets jdk.internal.opt jdk.zipfs jdk.compiler jdk.crypto.ec jdk.crypto.cryptoki jdk.crypto.mscapi jdk.dynalink jdk.internal.ed jdk.editpad jdk.hotspot.agent jdk.httpserver jdk.internal.le jdk.internal.vm.ci jdk.internal.vm.compiler jdk.internal.vm.compiler.management jdk.jartool jdk.javadoc jdk.jcmd jdk.management jdk.management.agent jdk.jconsole jdk.jdeps jdk.jdwp.agent jdk.jdi jdk.jfr jdk.jshell jdk.jsobject jdk.jstatd jdk.localedata jdk.management.jfr jdk.naming.dns jdk.naming.rmi jdk.net jdk.nio.mapmode jdk.random jdk.sctp jdk.security.auth jdk.security.jgss jdk.unsupported jdk.unsupported.desktop jdk.xml.dom" 

Environment Variables:
PATH=C:\Users\kalra\AppData\Local\Programs\Microsoft VS Code;C:\Python314\Scripts\;C:\Python314\;C:\Program Files\nodejs\;C:\ProgramData\chocolatey\bin;D:\Git\cmd;C:\Users\kalra\AppData\Local\Programs\Python\Python313\Scripts\;C:\Users\kalra\AppData\Local\Programs\Python\Python313\;C:\Program Files\MySQL\MySQL Shell 8.0\bin\;C:\Users\kalra\AppData\Local\Programs\Python\Python312\Scripts\;C:\Users\kalra\AppData\Local\Programs\Python\Python312\;C:\Users\kalra\AppData\Local\Microsoft\WindowsApps;C:\Users\kalra\AppData\Local\Programs\Microsoft VS Code\bin;C:\Program Files\Azure Data Studio\bin;%JAVA_HOME%\bin;C:\Program Files\Maven\apache-maven-3.9.11\bin;C:\Program Files\MySQL\MySQL Server 8.0\bin;C:\Users\kalra\AppData\Roaming\npm;C:\Users\kalra\Downloads\flutter_windows_3.41.4-stable\flutter\bin;C:\Windows\System32;C:\Program Files\Git\cmd;C:\Windows\System32\WindowsPowerShell\v1.0\;
USERNAME=kalra
OS=Windows_NT
PROCESSOR_IDENTIFIER=AMD64 Family 23 Model 104 Stepping 1, AuthenticAMD
TMP=C:\Users\kalra\AppData\Local\Temp
TEMP=C:\Users\kalra\AppData\Local\Temp




Periodic native trim disabled

---------------  S Y S T E M  ---------------

OS:
 Windows 11 , 64 bit Build 26100 (10.0.26100.7920)
OS uptime: 0 days 0:50 hours
Hyper-V role detected

CPU: total 12 (initial active 12) (12 cores per cpu, 2 threads per core) family 23 model 104 stepping 1 microcode 0x8608107, cx8, cmov, fxsr, ht, mmx, 3dnowpref, sse, sse2, sse3, ssse3, sse4a, sse4.1, sse4.2, popcnt, lzcnt, tsc, tscinvbit, avx, avx2, aes, clmul, bmi1, bmi2, adx, sha, fma, vzeroupper, clflush, clflushopt, hv, rdtscp, rdpid, f16c
Processor Information for the first 12 processors :
  Max Mhz: 2100, Current Mhz: 1686, Mhz Limit: 2100

Memory: 4k page, system-wide physical 7501M (733M free)
TotalPageFile size 16327M (AvailPageFile size 6M)
current process WorkingSet (physical memory assigned to process): 240M, peak: 241M
current process commit charge ("private bytes"): 350M, peak: 371M

vm_info: OpenJDK 64-Bit Server VM (21.0.10+7-LTS) for windows-amd64 JRE (21.0.10+7-LTS), built on 2026-01-20T00:00:00Z by "admin" with MS VC++ 17.12 (VS2022)

END.
