#
# There is insufficient memory for the Java Runtime Environment to continue.
# Native memory allocation (malloc) failed to allocate 1988640 bytes. Error detail: Chunk::new
# Possible reasons:
#   The system is out of physical RAM or swap space
#   This process is running with CompressedOops enabled, and the Java Heap may be blocking the growth of the native heap
# Possible solutions:
#   Reduce memory load on the system
#   Increase physical memory or swap space
#   Check if swap backing store is full
#   Decrease Java heap size (-Xmx/-Xms)
#   Decrease number of Java threads
#   Decrease Java thread stack sizes (-Xss)
#   Set larger code cache with -XX:ReservedCodeCacheSize=
#   JVM is running with Unscaled Compressed Oops mode in which the Java heap is
#     placed in the first 4GB address space. The Java Heap base address is the
#     maximum limit for the native heap growth. Please use -XX:HeapBaseMinAddress
#     to set the Java Heap base and to place the Java Heap above 4GB virtual address.
# This output file may be truncated or incomplete.
#
#  Out of Memory Error (arena.cpp:168), pid=20576, tid=14012
#
# JRE version: OpenJDK Runtime Environment Temurin-21.0.10+7 (21.0.10+7) (build 21.0.10+7-LTS)
# Java VM: OpenJDK 64-Bit Server VM Temurin-21.0.10+7 (21.0.10+7-LTS, mixed mode, sharing, tiered, compressed oops, compressed class ptrs, parallel gc, windows-amd64)
# No core dump will be written. Minidumps are not enabled by default on client versions of Windows
#

---------------  S U M M A R Y ------------

Command Line: --add-modules=ALL-SYSTEM --add-opens=java.base/java.util=ALL-UNNAMED --add-opens=java.base/java.lang=ALL-UNNAMED --add-opens=java.base/sun.nio.fs=ALL-UNNAMED -Declipse.application=org.eclipse.jdt.ls.core.id1 -Dosgi.bundles.defaultStartLevel=4 -Declipse.product=org.eclipse.jdt.ls.core.product -Djava.import.generatesMetadataFilesAtProjectRoot=false -DDetectVMInstallationsJob.disabled=true -Dfile.encoding=utf8 -XX:+UseParallelGC -XX:GCTimeRatio=4 -XX:AdaptiveSizePolicyWeight=90 -Dsun.zip.disableMemoryMapping=true -Xmx2G -Xms100m -Xlog:disable -javaagent:c:\Users\kalra\.vscode\extensions\redhat.java-1.53.0-win32-x64\lombok\lombok-1.18.39-4050.jar -XX:+HeapDumpOnOutOfMemoryError -XX:HeapDumpPath=c:\Users\kalra\AppData\Roaming\Code\User\workspaceStorage\4fda5c3b26c15e0cb27154c0e992db6d\redhat.java -Daether.dependencyCollector.impl=bf c:\Users\kalra\.vscode\extensions\redhat.java-1.53.0-win32-x64\server\plugins\org.eclipse.equinox.launcher_1.7.100.v20251111-0406.jar -configuration c:\Users\kalra\AppData\Roaming\Code\User\globalStorage\redhat.java\1.53.0\config_win -data c:\Users\kalra\AppData\Roaming\Code\User\workspaceStorage\4fda5c3b26c15e0cb27154c0e992db6d\redhat.java\jdt_ws --pipe=\\.\pipe\lsp-e371929bc4e89ebcb40fec76bcc66120-sock

Host: AMD Ryzen 5 5500U with Radeon Graphics         , 12 cores, 7G,  Windows 11 , 64 bit Build 26100 (10.0.26100.7920)
Time: Fri Mar 27 14:01:38 2026 India Standard Time elapsed time: 12.591084 seconds (0d 0h 0m 12s)

---------------  T H R E A D  ---------------

Current thread (0x0000020cf51d47a0):  JavaThread "C2 CompilerThread2" daemon [_thread_in_native, id=14012, stack(0x000000210a200000,0x000000210a300000) (1024K)]


Current CompileTask:
C2:12591 4245       4       org.lombokweb.asm.ClassReader::readMethod (1070 bytes)

Stack: [0x000000210a200000,0x000000210a300000]
Native frames: (J=compiled Java code, j=interpreted, Vv=VM code, C=native code)
V  [jvm.dll+0x6d7a39]
V  [jvm.dll+0x8b4b26]
V  [jvm.dll+0x8b70de]
V  [jvm.dll+0x8b77c3]
V  [jvm.dll+0x284346]
V  [jvm.dll+0xc66ed]
V  [jvm.dll+0xc6c31]
V  [jvm.dll+0x3bec3b]
V  [jvm.dll+0x1e3f69]
V  [jvm.dll+0x24c6b3]
V  [jvm.dll+0x24bb40]
V  [jvm.dll+0x1cb34e]
V  [jvm.dll+0x25b85d]
V  [jvm.dll+0x259dea]
V  [jvm.dll+0x3f857e]
V  [jvm.dll+0x85f59d]
V  [jvm.dll+0x6d626d]
C  [ucrtbase.dll+0x37b0]
C  [KERNEL32.DLL+0x2e8d7]
C  [ntdll.dll+0x8c48c]


---------------  P R O C E S S  ---------------

Threads class SMR info:
_java_thread_list=0x0000020cf3912150, length=41, elements={
0x0000020c92dca050, 0x0000020c951ed8f0, 0x0000020c952e32c0, 0x0000020c952e7960,
0x0000020c952ea980, 0x0000020c952f1bf0, 0x0000020c952f5e10, 0x0000020cee01a040,
0x0000020c952fe0d0, 0x0000020cee1ec180, 0x0000020cee3d4280, 0x0000020cf31d3d30,
0x0000020cf39206f0, 0x0000020cf3948b00, 0x0000020cf378b770, 0x0000020cf3cd78a0,
0x0000020cf3ebb600, 0x0000020cf31947e0, 0x0000020cf3088920, 0x0000020cf3087570,
0x0000020cf3088fb0, 0x0000020cf3088290, 0x0000020cf3a6fd20, 0x0000020cf51d47a0,
0x0000020cf3089640, 0x0000020cf308a360, 0x0000020cf3089cd0, 0x0000020cf308a9f0,
0x0000020cf3087c00, 0x0000020cf4f2ab10, 0x0000020cf4f2c550, 0x0000020cf4f2cbe0,
0x0000020cf4f2d270, 0x0000020cf4f2b1a0, 0x0000020cf4f29df0, 0x0000020cf4f2b830,
0x0000020cf4f2d900, 0x0000020cf4f2bec0, 0x0000020cf4f2a480, 0x0000020cf4f2f9d0,
0x0000020cf4f30060
}

Java Threads: ( => current thread )
  0x0000020c92dca050 JavaThread "main"                              [_thread_in_Java, id=7812, stack(0x0000002107f00000,0x0000002108000000) (1024K)]
  0x0000020c951ed8f0 JavaThread "Reference Handler"          daemon [_thread_blocked, id=4436, stack(0x0000002108300000,0x0000002108400000) (1024K)]
  0x0000020c952e32c0 JavaThread "Finalizer"                  daemon [_thread_blocked, id=8112, stack(0x0000002108400000,0x0000002108500000) (1024K)]
  0x0000020c952e7960 JavaThread "Signal Dispatcher"          daemon [_thread_blocked, id=12624, stack(0x0000002108500000,0x0000002108600000) (1024K)]
  0x0000020c952ea980 JavaThread "Attach Listener"            daemon [_thread_blocked, id=18920, stack(0x0000002108600000,0x0000002108700000) (1024K)]
  0x0000020c952f1bf0 JavaThread "Service Thread"             daemon [_thread_blocked, id=20336, stack(0x0000002108700000,0x0000002108800000) (1024K)]
  0x0000020c952f5e10 JavaThread "Monitor Deflation Thread"   daemon [_thread_blocked, id=11728, stack(0x0000002108800000,0x0000002108900000) (1024K)]
  0x0000020cee01a040 JavaThread "C2 CompilerThread0"         daemon [_thread_in_native, id=12732, stack(0x0000002108900000,0x0000002108a00000) (1024K)]
  0x0000020c952fe0d0 JavaThread "C1 CompilerThread0"         daemon [_thread_in_vm, id=10512, stack(0x0000002108a00000,0x0000002108b00000) (1024K)]
  0x0000020cee1ec180 JavaThread "Common-Cleaner"             daemon [_thread_blocked, id=876, stack(0x0000002108b00000,0x0000002108c00000) (1024K)]
  0x0000020cee3d4280 JavaThread "Notification Thread"        daemon [_thread_blocked, id=16300, stack(0x0000002108d00000,0x0000002108e00000) (1024K)]
  0x0000020cf31d3d30 JavaThread "Active Thread: Equinox Container: 452776be-0d53-4d28-9fbd-de78b544a611"        [_thread_blocked, id=4948, stack(0x0000002108c00000,0x0000002108d00000) (1024K)]
  0x0000020cf39206f0 JavaThread "Refresh Thread: Equinox Container: 452776be-0d53-4d28-9fbd-de78b544a611" daemon [_thread_blocked, id=15560, stack(0x0000002109600000,0x0000002109700000) (1024K)]
  0x0000020cf3948b00 JavaThread "Framework Event Dispatcher: Equinox Container: 452776be-0d53-4d28-9fbd-de78b544a611" daemon [_thread_blocked, id=18812, stack(0x0000002109700000,0x0000002109800000) (1024K)]
  0x0000020cf378b770 JavaThread "Start Level: Equinox Container: 452776be-0d53-4d28-9fbd-de78b544a611" daemon [_thread_blocked, id=1244, stack(0x0000002109800000,0x0000002109900000) (1024K)]
  0x0000020cf3cd78a0 JavaThread "Bundle File Closer"         daemon [_thread_blocked, id=14272, stack(0x0000002109b00000,0x0000002109c00000) (1024K)]
  0x0000020cf3ebb600 JavaThread "SCR Component Actor"        daemon [_thread_blocked, id=8648, stack(0x0000002108e00000,0x0000002108f00000) (1024K)]
  0x0000020cf31947e0 JavaThread "Worker-JM"                         [_thread_blocked, id=17204, stack(0x0000002109d00000,0x0000002109e00000) (1024K)]
  0x0000020cf3088920 JavaThread "JNA Cleaner"                daemon [_thread_blocked, id=22928, stack(0x0000002109c00000,0x0000002109d00000) (1024K)]
  0x0000020cf3087570 JavaThread "Worker-0: Repository registry initialization"        [_thread_in_vm, id=16668, stack(0x0000002109e00000,0x0000002109f00000) (1024K)]
  0x0000020cf3088fb0 JavaThread "Worker-1: Initialize After Load"        [_thread_in_Java, id=14584, stack(0x0000002109f00000,0x000000210a000000) (1024K)]
  0x0000020cf3088290 JavaThread "Worker-2"                          [_thread_blocked, id=24144, stack(0x000000210a100000,0x000000210a200000) (1024K)]
  0x0000020cf3a6fd20 JavaThread "C2 CompilerThread1"         daemon [_thread_in_native, id=11432, stack(0x000000210a000000,0x000000210a100000) (1024K)]
=>0x0000020cf51d47a0 JavaThread "C2 CompilerThread2"         daemon [_thread_in_native, id=14012, stack(0x000000210a200000,0x000000210a300000) (1024K)]
  0x0000020cf3089640 JavaThread "Java indexing"              daemon [_thread_blocked, id=7832, stack(0x000000210a300000,0x000000210a400000) (1024K)]
  0x0000020cf308a360 JavaThread "Worker-3"                          [_thread_blocked, id=22340, stack(0x000000210a600000,0x000000210a700000) (1024K)]
  0x0000020cf3089cd0 JavaThread "Worker-4"                          [_thread_blocked, id=4696, stack(0x000000210a700000,0x000000210a800000) (1024K)]
  0x0000020cf308a9f0 JavaThread "Thread-1"                   daemon [_thread_in_native, id=5656, stack(0x000000210a800000,0x000000210a900000) (1024K)]
  0x0000020cf3087c00 JavaThread "Thread-2"                   daemon [_thread_in_native, id=17728, stack(0x000000210a900000,0x000000210aa00000) (1024K)]
  0x0000020cf4f2ab10 JavaThread "Thread-3"                   daemon [_thread_in_native, id=15184, stack(0x000000210aa00000,0x000000210ab00000) (1024K)]
  0x0000020cf4f2c550 JavaThread "Thread-4"                   daemon [_thread_in_native, id=7752, stack(0x000000210ab00000,0x000000210ac00000) (1024K)]
  0x0000020cf4f2cbe0 JavaThread "Thread-5"                   daemon [_thread_in_native, id=16700, stack(0x000000210ac00000,0x000000210ad00000) (1024K)]
  0x0000020cf4f2d270 JavaThread "Thread-6"                   daemon [_thread_in_native, id=996, stack(0x000000210ad00000,0x000000210ae00000) (1024K)]
  0x0000020cf4f2b1a0 JavaThread "Thread-7"                   daemon [_thread_in_native, id=11436, stack(0x000000210ae00000,0x000000210af00000) (1024K)]
  0x0000020cf4f29df0 JavaThread "Thread-8"                   daemon [_thread_in_native, id=3904, stack(0x000000210af00000,0x000000210b000000) (1024K)]
  0x0000020cf4f2b830 JavaThread "Thread-9"                   daemon [_thread_in_native, id=21668, stack(0x000000210b000000,0x000000210b100000) (1024K)]
  0x0000020cf4f2d900 JavaThread "Thread-10"                  daemon [_thread_in_native, id=23576, stack(0x000000210b100000,0x000000210b200000) (1024K)]
  0x0000020cf4f2bec0 JavaThread "Thread-11"                  daemon [_thread_in_native, id=23568, stack(0x000000210b200000,0x000000210b300000) (1024K)]
  0x0000020cf4f2a480 JavaThread "Thread-12"                  daemon [_thread_in_native, id=15984, stack(0x000000210b300000,0x000000210b400000) (1024K)]
  0x0000020cf4f2f9d0 JavaThread "Thread-13"                  daemon [_thread_in_native, id=20656, stack(0x000000210b400000,0x000000210b500000) (1024K)]
  0x0000020cf4f30060 JavaThread "pool-2-thread-1"                   [_thread_blocked, id=23888, stack(0x000000210b500000,0x000000210b600000) (1024K)]
Total: 41

Other Threads:
  0x0000020c952e09f0 VMThread "VM Thread"                           [id=16624, stack(0x0000002108200000,0x0000002108300000) (1024K)]
  0x0000020c950cca00 WatcherThread "VM Periodic Task Thread"        [id=23640, stack(0x0000002108100000,0x0000002108200000) (1024K)]
  0x0000020c9525eba0 WorkerThread "GC Thread#0"                     [id=8732, stack(0x0000002108000000,0x0000002108100000) (1024K)]
  0x0000020cf3478af0 WorkerThread "GC Thread#1"                     [id=19068, stack(0x0000002108f00000,0x0000002109000000) (1024K)]
  0x0000020cf3478ea0 WorkerThread "GC Thread#2"                     [id=3988, stack(0x0000002109000000,0x0000002109100000) (1024K)]
  0x0000020cf347d4c0 WorkerThread "GC Thread#3"                     [id=13740, stack(0x0000002109100000,0x0000002109200000) (1024K)]
  0x0000020cf347d870 WorkerThread "GC Thread#4"                     [id=10676, stack(0x0000002109200000,0x0000002109300000) (1024K)]
  0x0000020cf347dc20 WorkerThread "GC Thread#5"                     [id=19480, stack(0x0000002109300000,0x0000002109400000) (1024K)]
  0x0000020cf3621f90 WorkerThread "GC Thread#6"                     [id=18248, stack(0x0000002109400000,0x0000002109500000) (1024K)]
  0x0000020cf39c2c00 WorkerThread "GC Thread#7"                     [id=3352, stack(0x0000002109500000,0x0000002109600000) (1024K)]
  0x0000020cf3bdc9e0 WorkerThread "GC Thread#8"                     [id=21012, stack(0x0000002109900000,0x0000002109a00000) (1024K)]
  0x0000020cf399ef50 WorkerThread "GC Thread#9"                     [id=8004, stack(0x0000002109a00000,0x0000002109b00000) (1024K)]
Total: 12

Threads with active compile tasks:
C2 CompilerThread0  12624 5065 %     4       java.io.WinNTFileSystem::normalize @ 22 (143 bytes)
C2 CompilerThread1  12624 4959   !   4       org.eclipse.osgi.internal.loader.classpath.ClasspathManager::findClassImpl (328 bytes)
C2 CompilerThread2  12624 4245       4       org.lombokweb.asm.ClassReader::readMethod (1070 bytes)
Total: 3

VM state: not at safepoint (normal execution)

VM Mutex/Monitor currently owned by a thread: None

Heap address: 0x0000000080000000, size: 2048 MB, Compressed Oops mode: 32-bit

CDS archive(s) mapped at: [0x0000020cac000000-0x0000020cacba0000-0x0000020cacba0000), size 12189696, SharedBaseAddress: 0x0000020cac000000, ArchiveRelocationMode: 1.
Compressed class space mapped at: 0x0000020cad000000-0x0000020ced000000, reserved size: 1073741824
Narrow klass base: 0x0000020cac000000, Narrow klass shift: 0, Narrow klass range: 0x100000000

GC Precious Log:
 CardTable entry size: 512
 CPUs: 12 total, 12 available
 Memory: 7501M
 Large Page Support: Disabled
 NUMA Support: Disabled
 Compressed Oops: Enabled (32-bit)
 Alignments: Space 512K, Generation 512K, Heap 2M
 Heap Min Capacity: 100M
 Heap Initial Capacity: 100M
 Heap Max Capacity: 2G
 Pre-touch: Disabled
 Parallel Workers: 10

Heap:
 PSYoungGen      total 22528K, used 14780K [0x00000000d5580000, 0x00000000d6f80000, 0x0000000100000000)
  eden space 22016K, 64% used [0x00000000d5580000,0x00000000d636fa20,0x00000000d6b00000)
  from space 512K, 99% used [0x00000000d6f00000,0x00000000d6f7f6f0,0x00000000d6f80000)
  to   space 2048K, 0% used [0x00000000d6b80000,0x00000000d6b80000,0x00000000d6d80000)
 ParOldGen       total 68608K, used 20511K [0x0000000080000000, 0x0000000084300000, 0x00000000d5580000)
  object space 68608K, 29% used [0x0000000080000000,0x0000000081407eb0,0x0000000084300000)
 Metaspace       used 38330K, committed 39424K, reserved 1114112K
  class space    used 4089K, committed 4544K, reserved 1048576K

Card table byte_map: [0x0000020c94be0000,0x0000020c94ff0000] _byte_map_base: 0x0000020c947e0000

Marking Bits: (ParMarkBitMap*) 0x00007ff817923450
 Begin Bits: [0x0000020ca76f0000, 0x0000020ca96f0000)
 End Bits:   [0x0000020ca96f0000, 0x0000020cab6f0000)

Polling page: 0x0000020c93000000

Metaspace:

Usage:
  Non-class:     33.44 MB used.
      Class:      3.99 MB used.
       Both:     37.43 MB used.

Virtual space:
  Non-class space:       64.00 MB reserved,      34.06 MB ( 53%) committed,  1 nodes.
      Class space:        1.00 GB reserved,       4.44 MB ( <1%) committed,  1 nodes.
             Both:        1.06 GB reserved,      38.50 MB (  4%) committed. 

Chunk freelists:
   Non-Class:  13.88 MB
       Class:  11.44 MB
        Both:  25.32 MB

MaxMetaspaceSize: unlimited
CompressedClassSpaceSize: 1.00 GB
Initial GC threshold: 21.00 MB
Current GC threshold: 58.38 MB
CDS: on
 - commit_granule_bytes: 65536.
 - commit_granule_words: 8192.
 - virtual_space_node_default_size: 8388608.
 - enlarge_chunks_in_place: 1.
 - use_allocation_guard: 0.


Internal statistics:

num_allocs_failed_limit: 6.
num_arena_births: 906.
num_arena_deaths: 14.
num_vsnodes_births: 2.
num_vsnodes_deaths: 0.
num_space_committed: 616.
num_space_uncommitted: 0.
num_chunks_returned_to_freelist: 20.
num_chunks_taken_from_freelist: 2660.
num_chunk_merges: 11.
num_chunk_splits: 1624.
num_chunks_enlarged: 859.
num_inconsistent_stats: 0.

CodeHeap 'non-profiled nmethods': size=120000Kb used=1829Kb max_used=2053Kb free=118170Kb
 bounds [0x0000020c9ff10000, 0x0000020ca0180000, 0x0000020ca7440000]
CodeHeap 'profiled nmethods': size=120000Kb used=9130Kb max_used=10058Kb free=110869Kb
 bounds [0x0000020c98440000, 0x0000020c98e20000, 0x0000020c9f970000]
CodeHeap 'non-nmethods': size=5760Kb used=1355Kb max_used=1423Kb free=4404Kb
 bounds [0x0000020c9f970000, 0x0000020c9fbe0000, 0x0000020c9ff10000]
CodeCache: size=245760Kb, used=12314Kb, max_used=13534Kb, free=233443Kb
 total_blobs=5153, nmethods=4501, adapters=558, full_count=0
Compilation: enabled, stopped_count=0, restarted_count=0

Compilation events (20 events):
Event: 12.577 Thread 0x0000020c952fe0d0 nmethod 5074 0x0000020c9854c310 code [0x0000020c9854c620, 0x0000020c9854d338]
Event: 12.577 Thread 0x0000020c952fe0d0 5075       3       java.lang.invoke.Invokers$Holder::linkToTargetMethod (11 bytes)
Event: 12.578 Thread 0x0000020c952fe0d0 nmethod 5075 0x0000020c98809b10 code [0x0000020c98809ce0, 0x0000020c98809fb0]
Event: 12.579 Thread 0x0000020c952fe0d0 5077       3       sun.reflect.generics.scope.AbstractScope::<init> (10 bytes)
Event: 12.579 Thread 0x0000020c952fe0d0 nmethod 5077 0x0000020c98809690 code [0x0000020c98809840, 0x0000020c988099c8]
Event: 12.579 Thread 0x0000020c952fe0d0 5081       3       java.lang.reflect.AccessibleObject::checkPermission (16 bytes)
Event: 12.580 Thread 0x0000020c952fe0d0 nmethod 5081 0x0000020c98585110 code [0x0000020c985852c0, 0x0000020c98585490]
Event: 12.580 Thread 0x0000020c952fe0d0 5082       3       java.lang.reflect.AccessibleObject::checkCanSetAccessible (9 bytes)
Event: 12.580 Thread 0x0000020c952fe0d0 nmethod 5082 0x0000020c98584d90 code [0x0000020c98584f40, 0x0000020c98585080]
Event: 12.580 Thread 0x0000020c952fe0d0 5083       3       java.lang.reflect.AccessibleObject::checkCanSetAccessible (195 bytes)
Event: 12.582 Thread 0x0000020c952fe0d0 nmethod 5083 0x0000020c98740e90 code [0x0000020c98741220, 0x0000020c987427f8]
Event: 12.582 Thread 0x0000020c952fe0d0 5084       3       java.lang.reflect.AccessibleObject::setAccessible0 (7 bytes)
Event: 12.582 Thread 0x0000020c952fe0d0 nmethod 5084 0x0000020c98584a10 code [0x0000020c98584ba0, 0x0000020c98584cb8]
Event: 12.582 Thread 0x0000020c952fe0d0 5078       3       sun.reflect.generics.factory.CoreReflectionFactory::make (10 bytes)
Event: 12.583 Thread 0x0000020c952fe0d0 nmethod 5078 0x0000020c985f3b90 code [0x0000020c985f3d40, 0x0000020c985f3f78]
Event: 12.583 Thread 0x0000020c952fe0d0 5079       3       sun.reflect.generics.factory.CoreReflectionFactory::<init> (15 bytes)
Event: 12.583 Thread 0x0000020c952fe0d0 nmethod 5079 0x0000020c98584590 code [0x0000020c98584740, 0x0000020c985848d8]
Event: 12.584 Thread 0x0000020c952fe0d0 5085       3       sun.reflect.generics.parser.SignatureParser::parseTypeArguments (109 bytes)
Event: 12.586 Thread 0x0000020c952fe0d0 nmethod 5085 0x0000020c98611b90 code [0x0000020c98611e60, 0x0000020c98612d08]
Event: 12.587 Thread 0x0000020c952fe0d0 5088       3       java.lang.invoke.DirectMethodHandle$Holder::newInvokeSpecial (28 bytes)

GC Heap History (20 events):
Event: 8.994 GC heap before
{Heap before GC invocations=7 (full 0):
 PSYoungGen      total 29696K, used 24883K [0x00000000d5580000, 0x00000000d7900000, 0x0000000100000000)
  eden space 24576K, 80% used [0x00000000d5580000,0x00000000d68e5e20,0x00000000d6d80000)
  from space 5120K, 98% used [0x00000000d7400000,0x00000000d78e7190,0x00000000d7900000)
  to   space 5632K, 0% used [0x00000000d6e00000,0x00000000d6e00000,0x00000000d7380000)
 ParOldGen       total 68608K, used 8383K [0x0000000080000000, 0x0000000084300000, 0x00000000d5580000)
  object space 68608K, 12% used [0x0000000080000000,0x000000008082fd10,0x0000000084300000)
 Metaspace       used 20593K, committed 21504K, reserved 1114112K
  class space    used 2204K, committed 2560K, reserved 1048576K
}
Event: 9.000 GC heap after
{Heap after GC invocations=7 (full 0):
 PSYoungGen      total 29184K, used 4496K [0x00000000d5580000, 0x00000000d7780000, 0x0000000100000000)
  eden space 24576K, 0% used [0x00000000d5580000,0x00000000d5580000,0x00000000d6d80000)
  from space 4608K, 97% used [0x00000000d6e00000,0x00000000d7264180,0x00000000d7280000)
  to   space 5120K, 0% used [0x00000000d7280000,0x00000000d7280000,0x00000000d7780000)
 ParOldGen       total 68608K, used 9772K [0x0000000080000000, 0x0000000084300000, 0x00000000d5580000)
  object space 68608K, 14% used [0x0000000080000000,0x000000008098b318,0x0000000084300000)
 Metaspace       used 20593K, committed 21504K, reserved 1114112K
  class space    used 2204K, committed 2560K, reserved 1048576K
}
Event: 9.000 GC heap before
{Heap before GC invocations=8 (full 1):
 PSYoungGen      total 29184K, used 4496K [0x00000000d5580000, 0x00000000d7780000, 0x0000000100000000)
  eden space 24576K, 0% used [0x00000000d5580000,0x00000000d5580000,0x00000000d6d80000)
  from space 4608K, 97% used [0x00000000d6e00000,0x00000000d7264180,0x00000000d7280000)
  to   space 5120K, 0% used [0x00000000d7280000,0x00000000d7280000,0x00000000d7780000)
 ParOldGen       total 68608K, used 9772K [0x0000000080000000, 0x0000000084300000, 0x00000000d5580000)
  object space 68608K, 14% used [0x0000000080000000,0x000000008098b318,0x0000000084300000)
 Metaspace       used 20593K, committed 21504K, reserved 1114112K
  class space    used 2204K, committed 2560K, reserved 1048576K
}
Event: 9.058 GC heap after
{Heap after GC invocations=8 (full 1):
 PSYoungGen      total 29184K, used 0K [0x00000000d5580000, 0x00000000d7780000, 0x0000000100000000)
  eden space 24576K, 0% used [0x00000000d5580000,0x00000000d5580000,0x00000000d6d80000)
  from space 4608K, 0% used [0x00000000d6e00000,0x00000000d6e00000,0x00000000d7280000)
  to   space 5120K, 0% used [0x00000000d7280000,0x00000000d7280000,0x00000000d7780000)
 ParOldGen       total 68608K, used 13521K [0x0000000080000000, 0x0000000084300000, 0x00000000d5580000)
  object space 68608K, 19% used [0x0000000080000000,0x0000000080d346a8,0x0000000084300000)
 Metaspace       used 20580K, committed 21504K, reserved 1114112K
  class space    used 2200K, committed 2560K, reserved 1048576K
}
Event: 9.997 GC heap before
{Heap before GC invocations=9 (full 1):
 PSYoungGen      total 29184K, used 24576K [0x00000000d5580000, 0x00000000d7780000, 0x0000000100000000)
  eden space 24576K, 100% used [0x00000000d5580000,0x00000000d6d80000,0x00000000d6d80000)
  from space 4608K, 0% used [0x00000000d6e00000,0x00000000d6e00000,0x00000000d7280000)
  to   space 5120K, 0% used [0x00000000d7280000,0x00000000d7280000,0x00000000d7780000)
 ParOldGen       total 68608K, used 13521K [0x0000000080000000, 0x0000000084300000, 0x00000000d5580000)
  object space 68608K, 19% used [0x0000000080000000,0x0000000080d346a8,0x0000000084300000)
 Metaspace       used 22496K, committed 23424K, reserved 1114112K
  class space    used 2372K, committed 2752K, reserved 1048576K
}
Event: 9.999 GC heap after
{Heap after GC invocations=9 (full 1):
 PSYoungGen      total 27136K, used 2865K [0x00000000d5580000, 0x00000000d7580000, 0x0000000100000000)
  eden space 24064K, 0% used [0x00000000d5580000,0x00000000d5580000,0x00000000d6d00000)
  from space 3072K, 93% used [0x00000000d7280000,0x00000000d754c570,0x00000000d7580000)
  to   space 3584K, 0% used [0x00000000d6e80000,0x00000000d6e80000,0x00000000d7200000)
 ParOldGen       total 68608K, used 13529K [0x0000000080000000, 0x0000000084300000, 0x00000000d5580000)
  object space 68608K, 19% used [0x0000000080000000,0x0000000080d366a8,0x0000000084300000)
 Metaspace       used 22496K, committed 23424K, reserved 1114112K
  class space    used 2372K, committed 2752K, reserved 1048576K
}
Event: 10.593 GC heap before
{Heap before GC invocations=10 (full 1):
 PSYoungGen      total 27136K, used 26929K [0x00000000d5580000, 0x00000000d7580000, 0x0000000100000000)
  eden space 24064K, 100% used [0x00000000d5580000,0x00000000d6d00000,0x00000000d6d00000)
  from space 3072K, 93% used [0x00000000d7280000,0x00000000d754c570,0x00000000d7580000)
  to   space 3584K, 0% used [0x00000000d6e80000,0x00000000d6e80000,0x00000000d7200000)
 ParOldGen       total 68608K, used 13529K [0x0000000080000000, 0x0000000084300000, 0x00000000d5580000)
  object space 68608K, 19% used [0x0000000080000000,0x0000000080d366a8,0x0000000084300000)
 Metaspace       used 26345K, committed 27328K, reserved 1114112K
  class space    used 2697K, committed 3072K, reserved 1048576K
}
Event: 10.597 GC heap after
{Heap after GC invocations=10 (full 1):
 PSYoungGen      total 25088K, used 1469K [0x00000000d5580000, 0x00000000d7300000, 0x0000000100000000)
  eden space 23552K, 0% used [0x00000000d5580000,0x00000000d5580000,0x00000000d6c80000)
  from space 1536K, 95% used [0x00000000d6e80000,0x00000000d6fef4e0,0x00000000d7000000)
  to   space 2560K, 0% used [0x00000000d7080000,0x00000000d7080000,0x00000000d7300000)
 ParOldGen       total 68608K, used 13537K [0x0000000080000000, 0x0000000084300000, 0x00000000d5580000)
  object space 68608K, 19% used [0x0000000080000000,0x0000000080d386a8,0x0000000084300000)
 Metaspace       used 26345K, committed 27328K, reserved 1114112K
  class space    used 2697K, committed 3072K, reserved 1048576K
}
Event: 10.753 GC heap before
{Heap before GC invocations=11 (full 1):
 PSYoungGen      total 25088K, used 25021K [0x00000000d5580000, 0x00000000d7300000, 0x0000000100000000)
  eden space 23552K, 100% used [0x00000000d5580000,0x00000000d6c80000,0x00000000d6c80000)
  from space 1536K, 95% used [0x00000000d6e80000,0x00000000d6fef4e0,0x00000000d7000000)
  to   space 2560K, 0% used [0x00000000d7080000,0x00000000d7080000,0x00000000d7300000)
 ParOldGen       total 68608K, used 13537K [0x0000000080000000, 0x0000000084300000, 0x00000000d5580000)
  object space 68608K, 19% used [0x0000000080000000,0x0000000080d386a8,0x0000000084300000)
 Metaspace       used 28128K, committed 29056K, reserved 1114112K
  class space    used 2837K, committed 3200K, reserved 1048576K
}
Event: 10.757 GC heap after
{Heap after GC invocations=11 (full 1):
 PSYoungGen      total 25600K, used 2408K [0x00000000d5580000, 0x00000000d7300000, 0x0000000100000000)
  eden space 23040K, 0% used [0x00000000d5580000,0x00000000d5580000,0x00000000d6c00000)
  from space 2560K, 94% used [0x00000000d7080000,0x00000000d72da2b0,0x00000000d7300000)
  to   space 3072K, 0% used [0x00000000d6d00000,0x00000000d6d00000,0x00000000d7000000)
 ParOldGen       total 68608K, used 14467K [0x0000000080000000, 0x0000000084300000, 0x00000000d5580000)
  object space 68608K, 21% used [0x0000000080000000,0x0000000080e20e90,0x0000000084300000)
 Metaspace       used 28128K, committed 29056K, reserved 1114112K
  class space    used 2837K, committed 3200K, reserved 1048576K
}
Event: 11.199 GC heap before
{Heap before GC invocations=12 (full 1):
 PSYoungGen      total 25600K, used 25448K [0x00000000d5580000, 0x00000000d7300000, 0x0000000100000000)
  eden space 23040K, 100% used [0x00000000d5580000,0x00000000d6c00000,0x00000000d6c00000)
  from space 2560K, 94% used [0x00000000d7080000,0x00000000d72da2b0,0x00000000d7300000)
  to   space 3072K, 0% used [0x00000000d6d00000,0x00000000d6d00000,0x00000000d7000000)
 ParOldGen       total 68608K, used 14467K [0x0000000080000000, 0x0000000084300000, 0x00000000d5580000)
  object space 68608K, 21% used [0x0000000080000000,0x0000000080e20e90,0x0000000084300000)
 Metaspace       used 30705K, committed 31744K, reserved 1114112K
  class space    used 3153K, committed 3584K, reserved 1048576K
}
Event: 11.203 GC heap after
{Heap after GC invocations=12 (full 1):
 PSYoungGen      total 24064K, used 1367K [0x00000000d5580000, 0x00000000d7100000, 0x0000000100000000)
  eden space 22528K, 0% used [0x00000000d5580000,0x00000000d5580000,0x00000000d6b80000)
  from space 1536K, 89% used [0x00000000d6d00000,0x00000000d6e55d48,0x00000000d6e80000)
  to   space 2048K, 0% used [0x00000000d6f00000,0x00000000d6f00000,0x00000000d7100000)
 ParOldGen       total 68608K, used 16660K [0x0000000080000000, 0x0000000084300000, 0x00000000d5580000)
  object space 68608K, 24% used [0x0000000080000000,0x0000000081045188,0x0000000084300000)
 Metaspace       used 30705K, committed 31744K, reserved 1114112K
  class space    used 3153K, committed 3584K, reserved 1048576K
}
Event: 11.630 GC heap before
{Heap before GC invocations=13 (full 1):
 PSYoungGen      total 24064K, used 23895K [0x00000000d5580000, 0x00000000d7100000, 0x0000000100000000)
  eden space 22528K, 100% used [0x00000000d5580000,0x00000000d6b80000,0x00000000d6b80000)
  from space 1536K, 89% used [0x00000000d6d00000,0x00000000d6e55d48,0x00000000d6e80000)
  to   space 2048K, 0% used [0x00000000d6f00000,0x00000000d6f00000,0x00000000d7100000)
 ParOldGen       total 68608K, used 16660K [0x0000000080000000, 0x0000000084300000, 0x00000000d5580000)
  object space 68608K, 24% used [0x0000000080000000,0x0000000081045188,0x0000000084300000)
 Metaspace       used 33029K, committed 34048K, reserved 1114112K
  class space    used 3413K, committed 3840K, reserved 1048576K
}
Event: 11.633 GC heap after
{Heap after GC invocations=13 (full 1):
 PSYoungGen      total 23552K, used 1069K [0x00000000d5580000, 0x00000000d7080000, 0x0000000100000000)
  eden space 22016K, 0% used [0x00000000d5580000,0x00000000d5580000,0x00000000d6b00000)
  from space 1536K, 69% used [0x00000000d6f00000,0x00000000d700b460,0x00000000d7080000)
  to   space 1536K, 0% used [0x00000000d6d80000,0x00000000d6d80000,0x00000000d6f00000)
 ParOldGen       total 68608K, used 17850K [0x0000000080000000, 0x0000000084300000, 0x00000000d5580000)
  object space 68608K, 26% used [0x0000000080000000,0x000000008116e928,0x0000000084300000)
 Metaspace       used 33029K, committed 34048K, reserved 1114112K
  class space    used 3413K, committed 3840K, reserved 1048576K
}
Event: 11.922 GC heap before
{Heap before GC invocations=14 (full 1):
 PSYoungGen      total 23552K, used 17786K [0x00000000d5580000, 0x00000000d7080000, 0x0000000100000000)
  eden space 22016K, 75% used [0x00000000d5580000,0x00000000d65d3410,0x00000000d6b00000)
  from space 1536K, 69% used [0x00000000d6f00000,0x00000000d700b460,0x00000000d7080000)
  to   space 1536K, 0% used [0x00000000d6d80000,0x00000000d6d80000,0x00000000d6f00000)
 ParOldGen       total 68608K, used 17850K [0x0000000080000000, 0x0000000084300000, 0x00000000d5580000)
  object space 68608K, 26% used [0x0000000080000000,0x000000008116e928,0x0000000084300000)
 Metaspace       used 34806K, committed 35840K, reserved 1114112K
  class space    used 3616K, committed 4032K, reserved 1048576K
}
Event: 11.926 GC heap after
{Heap after GC invocations=14 (full 1):
 PSYoungGen      total 23552K, used 1519K [0x00000000d5580000, 0x00000000d6f80000, 0x0000000100000000)
  eden space 22016K, 0% used [0x00000000d5580000,0x00000000d5580000,0x00000000d6b00000)
  from space 1536K, 98% used [0x00000000d6d80000,0x00000000d6efbc18,0x00000000d6f00000)
  to   space 512K, 0% used [0x00000000d6f00000,0x00000000d6f00000,0x00000000d6f80000)
 ParOldGen       total 68608K, used 18754K [0x0000000080000000, 0x0000000084300000, 0x00000000d5580000)
  object space 68608K, 27% used [0x0000000080000000,0x0000000081250a20,0x0000000084300000)
 Metaspace       used 34806K, committed 35840K, reserved 1114112K
  class space    used 3616K, committed 4032K, reserved 1048576K
}
Event: 11.926 GC heap before
{Heap before GC invocations=15 (full 2):
 PSYoungGen      total 23552K, used 1519K [0x00000000d5580000, 0x00000000d6f80000, 0x0000000100000000)
  eden space 22016K, 0% used [0x00000000d5580000,0x00000000d5580000,0x00000000d6b00000)
  from space 1536K, 98% used [0x00000000d6d80000,0x00000000d6efbc18,0x00000000d6f00000)
  to   space 512K, 0% used [0x00000000d6f00000,0x00000000d6f00000,0x00000000d6f80000)
 ParOldGen       total 68608K, used 18754K [0x0000000080000000, 0x0000000084300000, 0x00000000d5580000)
  object space 68608K, 27% used [0x0000000080000000,0x0000000081250a20,0x0000000084300000)
 Metaspace       used 34806K, committed 35840K, reserved 1114112K
  class space    used 3616K, committed 4032K, reserved 1048576K
}
Event: 11.986 GC heap after
{Heap after GC invocations=15 (full 2):
 PSYoungGen      total 23552K, used 0K [0x00000000d5580000, 0x00000000d6f80000, 0x0000000100000000)
  eden space 22016K, 0% used [0x00000000d5580000,0x00000000d5580000,0x00000000d6b00000)
  from space 1536K, 0% used [0x00000000d6d80000,0x00000000d6d80000,0x00000000d6f00000)
  to   space 512K, 0% used [0x00000000d6f00000,0x00000000d6f00000,0x00000000d6f80000)
 ParOldGen       total 68608K, used 19120K [0x0000000080000000, 0x0000000084300000, 0x00000000d5580000)
  object space 68608K, 27% used [0x0000000080000000,0x00000000812ac1a0,0x0000000084300000)
 Metaspace       used 34806K, committed 35840K, reserved 1114112K
  class space    used 3616K, committed 4032K, reserved 1048576K
}
Event: 12.262 GC heap before
{Heap before GC invocations=16 (full 2):
 PSYoungGen      total 23552K, used 22016K [0x00000000d5580000, 0x00000000d6f80000, 0x0000000100000000)
  eden space 22016K, 100% used [0x00000000d5580000,0x00000000d6b00000,0x00000000d6b00000)
  from space 1536K, 0% used [0x00000000d6d80000,0x00000000d6d80000,0x00000000d6f00000)
  to   space 512K, 0% used [0x00000000d6f00000,0x00000000d6f00000,0x00000000d6f80000)
 ParOldGen       total 68608K, used 19120K [0x0000000080000000, 0x0000000084300000, 0x00000000d5580000)
  object space 68608K, 27% used [0x0000000080000000,0x00000000812ac1a0,0x0000000084300000)
 Metaspace       used 37068K, committed 38272K, reserved 1114112K
  class space    used 3907K, committed 4416K, reserved 1048576K
}
Event: 12.265 GC heap after
{Heap after GC invocations=16 (full 2):
 PSYoungGen      total 22528K, used 509K [0x00000000d5580000, 0x00000000d6f80000, 0x0000000100000000)
  eden space 22016K, 0% used [0x00000000d5580000,0x00000000d5580000,0x00000000d6b00000)
  from space 512K, 99% used [0x00000000d6f00000,0x00000000d6f7f6f0,0x00000000d6f80000)
  to   space 2048K, 0% used [0x00000000d6b80000,0x00000000d6b80000,0x00000000d6d80000)
 ParOldGen       total 68608K, used 20511K [0x0000000080000000, 0x0000000084300000, 0x00000000d5580000)
  object space 68608K, 29% used [0x0000000080000000,0x0000000081407eb0,0x0000000084300000)
 Metaspace       used 37068K, committed 38272K, reserved 1114112K
  class space    used 3907K, committed 4416K, reserved 1048576K
}

Dll operation events (10 events):
Event: 0.022 Loaded shared library c:\Users\kalra\.vscode\extensions\redhat.java-1.53.0-win32-x64\jre\21.0.10-win32-x86_64\bin\java.dll
Event: 0.140 Loaded shared library c:\Users\kalra\.vscode\extensions\redhat.java-1.53.0-win32-x64\jre\21.0.10-win32-x86_64\bin\zip.dll
Event: 0.179 Loaded shared library C:\Users\kalra\.vscode\extensions\redhat.java-1.53.0-win32-x64\jre\21.0.10-win32-x86_64\bin\instrument.dll
Event: 0.186 Loaded shared library C:\Users\kalra\.vscode\extensions\redhat.java-1.53.0-win32-x64\jre\21.0.10-win32-x86_64\bin\net.dll
Event: 0.190 Loaded shared library C:\Users\kalra\.vscode\extensions\redhat.java-1.53.0-win32-x64\jre\21.0.10-win32-x86_64\bin\nio.dll
Event: 0.195 Loaded shared library C:\Users\kalra\.vscode\extensions\redhat.java-1.53.0-win32-x64\jre\21.0.10-win32-x86_64\bin\zip.dll
Event: 0.217 Loaded shared library C:\Users\kalra\.vscode\extensions\redhat.java-1.53.0-win32-x64\jre\21.0.10-win32-x86_64\bin\jimage.dll
Event: 0.330 Loaded shared library c:\Users\kalra\.vscode\extensions\redhat.java-1.53.0-win32-x64\jre\21.0.10-win32-x86_64\bin\verify.dll
Event: 2.461 Loaded shared library C:\Users\kalra\AppData\Roaming\Code\User\globalStorage\redhat.java\1.53.0\config_win\org.eclipse.equinox.launcher\org.eclipse.equinox.launcher.win32.win32.x86_64_1.3.0.v20260203-2149\eclipse_11919.dll
Event: 6.965 Loaded shared library C:\Users\kalra\AppData\Local\Temp\jna-101813893\jna1102352569002037860.dll

Deoptimization events (20 events):
Event: 12.253 Thread 0x0000020cf3089cd0 DEOPT PACKING pc=0x0000020ca00a4490 sp=0x000000210a7fa760
Event: 12.253 Thread 0x0000020cf3089cd0 DEOPT UNPACKING pc=0x0000020c9f9c3aa2 sp=0x000000210a7fa608 mode 2
Event: 12.307 Thread 0x0000020cf3088fb0 Uncommon trap: trap_request=0xffffffc6 fr.pc=0x0000020ca000d588 relative=0x0000000000000f28
Event: 12.308 Thread 0x0000020cf3088fb0 Uncommon trap: reason=bimorphic_or_optimized_type_check action=maybe_recompile pc=0x0000020ca000d588 method=java.util.Properties$LineReader.readLine()I @ 479 c2
Event: 12.308 Thread 0x0000020cf3088fb0 DEOPT PACKING pc=0x0000020ca000d588 sp=0x0000002109ffe790
Event: 12.308 Thread 0x0000020cf3088fb0 DEOPT UNPACKING pc=0x0000020c9f9c3aa2 sp=0x0000002109ffe728 mode 2
Event: 12.309 Thread 0x0000020cf3088fb0 Uncommon trap: trap_request=0xffffffc6 fr.pc=0x0000020ca000d588 relative=0x0000000000000f28
Event: 12.309 Thread 0x0000020cf3088fb0 Uncommon trap: reason=bimorphic_or_optimized_type_check action=maybe_recompile pc=0x0000020ca000d588 method=java.util.Properties$LineReader.readLine()I @ 479 c2
Event: 12.309 Thread 0x0000020cf3088fb0 DEOPT PACKING pc=0x0000020ca000d588 sp=0x0000002109ffe790
Event: 12.309 Thread 0x0000020cf3088fb0 DEOPT UNPACKING pc=0x0000020c9f9c3aa2 sp=0x0000002109ffe728 mode 2
Event: 12.310 Thread 0x0000020cf3088fb0 Uncommon trap: trap_request=0xffffffc6 fr.pc=0x0000020ca000d588 relative=0x0000000000000f28
Event: 12.310 Thread 0x0000020cf3088fb0 Uncommon trap: reason=bimorphic_or_optimized_type_check action=maybe_recompile pc=0x0000020ca000d588 method=java.util.Properties$LineReader.readLine()I @ 479 c2
Event: 12.310 Thread 0x0000020cf3088fb0 DEOPT PACKING pc=0x0000020ca000d588 sp=0x0000002109ffe790
Event: 12.310 Thread 0x0000020cf3088fb0 DEOPT UNPACKING pc=0x0000020c9f9c3aa2 sp=0x0000002109ffe728 mode 2
Event: 12.312 Thread 0x0000020cf3088fb0 Uncommon trap: trap_request=0xffffffc6 fr.pc=0x0000020ca00008b4 relative=0x00000000000010f4
Event: 12.312 Thread 0x0000020cf3088fb0 Uncommon trap: reason=bimorphic_or_optimized_type_check action=maybe_recompile pc=0x0000020ca00008b4 method=java.util.Properties$LineReader.readLine()I @ 479 c2
Event: 12.312 Thread 0x0000020cf3088fb0 DEOPT PACKING pc=0x0000020ca00008b4 sp=0x0000002109ffe7a0
Event: 12.312 Thread 0x0000020cf3088fb0 DEOPT UNPACKING pc=0x0000020c9f9c3aa2 sp=0x0000002109ffe728 mode 2
Event: 12.390 Thread 0x0000020cf3088fb0 DEOPT PACKING pc=0x0000020c98a40f3e sp=0x0000002109ffec60
Event: 12.390 Thread 0x0000020cf3088fb0 DEOPT UNPACKING pc=0x0000020c9f9c4242 sp=0x0000002109ffe1a0 mode 0

Classes loaded (20 events):
Event: 12.187 Loading class sun/reflect/generics/repository/ConstructorRepository done
Event: 12.187 Loading class sun/reflect/generics/repository/MethodRepository done
Event: 12.187 Loading class sun/reflect/generics/tree/MethodTypeSignature
Event: 12.187 Loading class sun/reflect/generics/tree/MethodTypeSignature done
Event: 12.230 Loading class jdk/internal/vm/annotation/IntrinsicCandidate
Event: 12.230 Loading class jdk/internal/vm/annotation/IntrinsicCandidate done
Event: 12.324 Loading class sun/reflect/generics/tree/BottomSignature
Event: 12.325 Loading class sun/reflect/generics/tree/BottomSignature done
Event: 12.326 Loading class sun/reflect/generics/tree/Wildcard
Event: 12.326 Loading class sun/reflect/generics/tree/Wildcard done
Event: 12.327 Loading class sun/reflect/generics/reflectiveObjects/WildcardTypeImpl
Event: 12.327 Loading class sun/reflect/generics/reflectiveObjects/WildcardTypeImpl done
Event: 12.372 Loading class sun/reflect/annotation/AnnotatedTypeFactory$AnnotatedParameterizedTypeImpl
Event: 12.373 Loading class java/lang/reflect/AnnotatedParameterizedType
Event: 12.373 Loading class java/lang/reflect/AnnotatedParameterizedType done
Event: 12.373 Loading class sun/reflect/annotation/AnnotatedTypeFactory$AnnotatedParameterizedTypeImpl done
Event: 12.444 Loading class sun/reflect/generics/tree/ArrayTypeSignature
Event: 12.446 Loading class sun/reflect/generics/tree/ArrayTypeSignature done
Event: 12.452 Loading class sun/reflect/generics/tree/BooleanSignature
Event: 12.453 Loading class sun/reflect/generics/tree/BooleanSignature done

Classes unloaded (7 events):
Event: 9.009 Thread 0x0000020c952e09f0 Unloading class 0x0000020cad1a3000 'java/lang/invoke/LambdaForm$MH+0x0000020cad1a3000'
Event: 9.009 Thread 0x0000020c952e09f0 Unloading class 0x0000020cad1a2c00 'java/lang/invoke/LambdaForm$MH+0x0000020cad1a2c00'
Event: 9.009 Thread 0x0000020c952e09f0 Unloading class 0x0000020cad1a2800 'java/lang/invoke/LambdaForm$MH+0x0000020cad1a2800'
Event: 9.009 Thread 0x0000020c952e09f0 Unloading class 0x0000020cad1a2400 'java/lang/invoke/LambdaForm$MH+0x0000020cad1a2400'
Event: 9.009 Thread 0x0000020c952e09f0 Unloading class 0x0000020cad1a2000 'java/lang/invoke/LambdaForm$BMH+0x0000020cad1a2000'
Event: 9.009 Thread 0x0000020c952e09f0 Unloading class 0x0000020cad1a1c00 'java/lang/invoke/LambdaForm$DMH+0x0000020cad1a1c00'
Event: 9.009 Thread 0x0000020c952e09f0 Unloading class 0x0000020cad1a0800 'java/lang/invoke/LambdaForm$DMH+0x0000020cad1a0800'

Classes redefined (0 events):
No events

Internal exceptions (20 events):
Event: 12.205 Thread 0x0000020cf3088fb0 Exception <a 'sun/nio/fs/WindowsException'{0x00000000d66bf0a0}> (0x00000000d66bf0a0) 
thrown [s\src\hotspot\share\prims\jni.cpp, line 520]
Event: 12.206 Thread 0x0000020cf3088fb0 Exception <a 'sun/nio/fs/WindowsException'{0x00000000d66bf980}> (0x00000000d66bf980) 
thrown [s\src\hotspot\share\prims\jni.cpp, line 520]
Event: 12.207 Thread 0x0000020cf3088fb0 Exception <a 'sun/nio/fs/WindowsException'{0x00000000d66c0550}> (0x00000000d66c0550) 
thrown [s\src\hotspot\share\prims\jni.cpp, line 520]
Event: 12.207 Thread 0x0000020cf3088fb0 Exception <a 'sun/nio/fs/WindowsException'{0x00000000d66c0e30}> (0x00000000d66c0e30) 
thrown [s\src\hotspot\share\prims\jni.cpp, line 520]
Event: 12.208 Thread 0x0000020cf3088fb0 Exception <a 'sun/nio/fs/WindowsException'{0x00000000d66c1a60}> (0x00000000d66c1a60) 
thrown [s\src\hotspot\share\prims\jni.cpp, line 520]
Event: 12.209 Thread 0x0000020cf3088fb0 Exception <a 'sun/nio/fs/WindowsException'{0x00000000d66c2340}> (0x00000000d66c2340) 
thrown [s\src\hotspot\share\prims\jni.cpp, line 520]
Event: 12.211 Thread 0x0000020cf3088fb0 Exception <a 'sun/nio/fs/WindowsException'{0x00000000d66c3b10}> (0x00000000d66c3b10) 
thrown [s\src\hotspot\share\prims\jni.cpp, line 520]
Event: 12.211 Thread 0x0000020cf3088fb0 Exception <a 'sun/nio/fs/WindowsException'{0x00000000d66c43f0}> (0x00000000d66c43f0) 
thrown [s\src\hotspot\share\prims\jni.cpp, line 520]
Event: 12.220 Thread 0x0000020cf3088fb0 Exception <a 'java/lang/NoSuchMethodError'{0x00000000d67425d8}: 'void java.lang.invoke.DirectMethodHandle$Holder.invokeVirtual(java.lang.Object, java.lang.Object, java.lang.Object, java.lang.Object)'> (0x00000000d67425d8) 
thrown [s\src\hotspot\share\interpreter\linkResolver.cpp, line 773]
Event: 12.285 Thread 0x0000020cf3088fb0 Exception <a 'java/lang/NoSuchMethodError'{0x00000000d5791d48}: 'int java.lang.invoke.DirectMethodHandle$Holder.invokeSpecial(java.lang.Object, java.lang.Object, java.lang.Object, java.lang.Object)'> (0x00000000d5791d48) 
thrown [s\src\hotspot\share\interpreter\linkResolver.cpp, line 773]
Event: 12.341 Thread 0x0000020cf3088fb0 Exception <a 'sun/nio/fs/WindowsException'{0x00000000d5b5d1a0}> (0x00000000d5b5d1a0) 
thrown [s\src\hotspot\share\prims\jni.cpp, line 520]
Event: 12.342 Thread 0x0000020cf3088fb0 Exception <a 'sun/nio/fs/WindowsException'{0x00000000d5b5da48}> (0x00000000d5b5da48) 
thrown [s\src\hotspot\share\prims\jni.cpp, line 520]
Event: 12.345 Thread 0x0000020cf3088fb0 Exception <a 'sun/nio/fs/WindowsException'{0x00000000d5baa0f0}> (0x00000000d5baa0f0) 
thrown [s\src\hotspot\share\prims\jni.cpp, line 520]
Event: 12.345 Thread 0x0000020cf3088fb0 Exception <a 'sun/nio/fs/WindowsException'{0x00000000d5baa720}> (0x00000000d5baa720) 
thrown [s\src\hotspot\share\prims\jni.cpp, line 520]
Event: 12.346 Thread 0x0000020cf3088fb0 Exception <a 'sun/nio/fs/WindowsException'{0x00000000d5bada40}> (0x00000000d5bada40) 
thrown [s\src\hotspot\share\prims\jni.cpp, line 520]
Event: 12.346 Thread 0x0000020cf3088fb0 Exception <a 'sun/nio/fs/WindowsException'{0x00000000d5bae320}> (0x00000000d5bae320) 
thrown [s\src\hotspot\share\prims\jni.cpp, line 520]
Event: 12.347 Thread 0x0000020cf3088fb0 Exception <a 'sun/nio/fs/WindowsException'{0x00000000d5bb19a0}> (0x00000000d5bb19a0) 
thrown [s\src\hotspot\share\prims\jni.cpp, line 520]
Event: 12.347 Thread 0x0000020cf3088fb0 Exception <a 'sun/nio/fs/WindowsException'{0x00000000d5bb1fd0}> (0x00000000d5bb1fd0) 
thrown [s\src\hotspot\share\prims\jni.cpp, line 520]
Event: 12.370 Thread 0x0000020cf3088fb0 Exception <a 'sun/nio/fs/WindowsException'{0x00000000d5ccc218}> (0x00000000d5ccc218) 
thrown [s\src\hotspot\share\prims\jni.cpp, line 520]
Event: 12.371 Thread 0x0000020cf3088fb0 Exception <a 'sun/nio/fs/WindowsException'{0x00000000d5ccc848}> (0x00000000d5ccc848) 
thrown [s\src\hotspot\share\prims\jni.cpp, line 520]

ZGC Phase Switch (0 events):
No events

VM Operations (20 events):
Event: 10.447 Executing non-safepoint VM operation: HandshakeAllThreads (Deoptimize)
Event: 10.447 Executing non-safepoint VM operation: HandshakeAllThreads (Deoptimize) done
Event: 10.592 Executing safepoint VM operation: ParallelGCFailedAllocation (Allocation Failure)
Event: 10.597 Executing safepoint VM operation: ParallelGCFailedAllocation (Allocation Failure) done
Event: 10.752 Executing safepoint VM operation: ParallelGCFailedAllocation (Allocation Failure)
Event: 10.757 Executing safepoint VM operation: ParallelGCFailedAllocation (Allocation Failure) done
Event: 11.170 Executing non-safepoint VM operation: HandshakeAllThreads (Deoptimize)
Event: 11.170 Executing non-safepoint VM operation: HandshakeAllThreads (Deoptimize) done
Event: 11.199 Executing safepoint VM operation: ParallelGCFailedAllocation (Allocation Failure)
Event: 11.203 Executing safepoint VM operation: ParallelGCFailedAllocation (Allocation Failure) done
Event: 11.215 Executing non-safepoint VM operation: HandshakeAllThreads (Deoptimize)
Event: 11.215 Executing non-safepoint VM operation: HandshakeAllThreads (Deoptimize) done
Event: 11.462 Executing non-safepoint VM operation: HandshakeAllThreads (Deoptimize)
Event: 11.462 Executing non-safepoint VM operation: HandshakeAllThreads (Deoptimize) done
Event: 11.629 Executing safepoint VM operation: ParallelGCFailedAllocation (Allocation Failure)
Event: 11.633 Executing safepoint VM operation: ParallelGCFailedAllocation (Allocation Failure) done
Event: 11.921 Executing safepoint VM operation: CollectForMetadataAllocation (Metadata GC Threshold)
Event: 11.986 Executing safepoint VM operation: CollectForMetadataAllocation (Metadata GC Threshold) done
Event: 12.262 Executing safepoint VM operation: ParallelGCFailedAllocation (Allocation Failure)
Event: 12.265 Executing safepoint VM operation: ParallelGCFailedAllocation (Allocation Failure) done

Memory protections (0 events):
No events

Nmethod flushes (20 events):
Event: 11.962 Thread 0x0000020c952e09f0 flushing  nmethod 0x0000020c98a9f310
Event: 11.962 Thread 0x0000020c952e09f0 flushing  nmethod 0x0000020c98a9fa90
Event: 11.962 Thread 0x0000020c952e09f0 flushing  nmethod 0x0000020c98aa1010
Event: 11.962 Thread 0x0000020c952e09f0 flushing  nmethod 0x0000020c98aa1510
Event: 11.962 Thread 0x0000020c952e09f0 flushing  nmethod 0x0000020c98aa1a10
Event: 11.962 Thread 0x0000020c952e09f0 flushing  nmethod 0x0000020c98aa1e10
Event: 11.962 Thread 0x0000020c952e09f0 flushing  nmethod 0x0000020c98aa2690
Event: 11.962 Thread 0x0000020c952e09f0 flushing  nmethod 0x0000020c98aa4610
Event: 11.962 Thread 0x0000020c952e09f0 flushing  nmethod 0x0000020c98aa4f90
Event: 11.962 Thread 0x0000020c952e09f0 flushing  nmethod 0x0000020c98ac4b90
Event: 11.962 Thread 0x0000020c952e09f0 flushing  nmethod 0x0000020c98ac9390
Event: 11.962 Thread 0x0000020c952e09f0 flushing  nmethod 0x0000020c98ae2310
Event: 11.962 Thread 0x0000020c952e09f0 flushing  nmethod 0x0000020c98ae3990
Event: 11.962 Thread 0x0000020c952e09f0 flushing  nmethod 0x0000020c98ae8710
Event: 11.962 Thread 0x0000020c952e09f0 flushing  nmethod 0x0000020c98b42a10
Event: 11.962 Thread 0x0000020c952e09f0 flushing  nmethod 0x0000020c98b45190
Event: 11.962 Thread 0x0000020c952e09f0 flushing  nmethod 0x0000020c98b60e90
Event: 11.962 Thread 0x0000020c952e09f0 flushing  nmethod 0x0000020c98babf90
Event: 11.962 Thread 0x0000020c952e09f0 flushing  nmethod 0x0000020c98bac410
Event: 11.962 Thread 0x0000020c952e09f0 flushing  nmethod 0x0000020c98bc4c10

Events (20 events):
Event: 10.586 Thread 0x0000020cf3088fb0 Thread added: 0x0000020cf3088290
Event: 10.586 Thread 0x0000020c952fe0d0 Thread added: 0x0000020cf3a6fd20
Event: 11.135 Thread 0x0000020c952fe0d0 Thread added: 0x0000020cf51d47a0
Event: 11.168 Thread 0x0000020cf378b770 Thread added: 0x0000020cf3089640
Event: 11.785 Thread 0x0000020cf3088290 Thread added: 0x0000020cf308a360
Event: 11.993 Thread 0x0000020cf308a360 Thread added: 0x0000020cf3089cd0
Event: 12.087 Thread 0x0000020c92dca050 Thread added: 0x0000020cf308a9f0
Event: 12.088 Thread 0x0000020c92dca050 Thread added: 0x0000020cf3087c00
Event: 12.088 Thread 0x0000020c92dca050 Thread added: 0x0000020cf4f2ab10
Event: 12.091 Thread 0x0000020c92dca050 Thread added: 0x0000020cf4f2c550
Event: 12.091 Thread 0x0000020c92dca050 Thread added: 0x0000020cf4f2cbe0
Event: 12.091 Thread 0x0000020c92dca050 Thread added: 0x0000020cf4f2d270
Event: 12.091 Thread 0x0000020c92dca050 Thread added: 0x0000020cf4f2b1a0
Event: 12.091 Thread 0x0000020c92dca050 Thread added: 0x0000020cf4f29df0
Event: 12.091 Thread 0x0000020c92dca050 Thread added: 0x0000020cf4f2b830
Event: 12.091 Thread 0x0000020c92dca050 Thread added: 0x0000020cf4f2d900
Event: 12.091 Thread 0x0000020c92dca050 Thread added: 0x0000020cf4f2bec0
Event: 12.092 Thread 0x0000020c92dca050 Thread added: 0x0000020cf4f2a480
Event: 12.092 Thread 0x0000020c92dca050 Thread added: 0x0000020cf4f2f9d0
Event: 12.138 Thread 0x0000020c92dca050 Thread added: 0x0000020cf4f30060


Dynamic libraries:
0x00007ff79dbe0000 - 0x00007ff79dbee000 	c:\Users\kalra\.vscode\extensions\redhat.java-1.53.0-win32-x64\jre\21.0.10-win32-x86_64\bin\java.exe
0x00007ff8b4ac0000 - 0x00007ff8b4d27000 	C:\WINDOWS\SYSTEM32\ntdll.dll
0x00007ff8b2bb0000 - 0x00007ff8b2c79000 	C:\WINDOWS\System32\KERNEL32.DLL
0x00007ff8b1580000 - 0x00007ff8b1971000 	C:\WINDOWS\System32\KERNELBASE.dll
0x00007ff8b22b0000 - 0x00007ff8b23fb000 	C:\WINDOWS\System32\ucrtbase.dll
0x00007ff8a56e0000 - 0x00007ff8a56f8000 	c:\Users\kalra\.vscode\extensions\redhat.java-1.53.0-win32-x64\jre\21.0.10-win32-x86_64\bin\jli.dll
0x00007ff882410000 - 0x00007ff88242e000 	c:\Users\kalra\.vscode\extensions\redhat.java-1.53.0-win32-x64\jre\21.0.10-win32-x86_64\bin\VCRUNTIME140.dll
0x00007ff8b4420000 - 0x00007ff8b45e5000 	C:\WINDOWS\System32\USER32.dll
0x00007ff8b1980000 - 0x00007ff8b19a7000 	C:\WINDOWS\System32\win32u.dll
0x00007ff89a420000 - 0x00007ff89a6b3000 	C:\WINDOWS\WinSxS\amd64_microsoft.windows.common-controls_6595b64144ccf1df_6.0.26100.8037_none_3e092faae333b53b\COMCTL32.dll
0x00007ff8b3f70000 - 0x00007ff8b4019000 	C:\WINDOWS\System32\msvcrt.dll
0x00007ff8b3f40000 - 0x00007ff8b3f6b000 	C:\WINDOWS\System32\GDI32.dll
0x00007ff8b13a0000 - 0x00007ff8b14cb000 	C:\WINDOWS\System32\gdi32full.dll
0x00007ff8b14d0000 - 0x00007ff8b1573000 	C:\WINDOWS\System32\msvcp_win.dll
0x00007ff8b4870000 - 0x00007ff8b48a1000 	C:\WINDOWS\System32\IMM32.DLL
0x00007ff89d410000 - 0x00007ff89d41c000 	c:\Users\kalra\.vscode\extensions\redhat.java-1.53.0-win32-x64\jre\21.0.10-win32-x86_64\bin\vcruntime140_1.dll
0x00007ff868ae0000 - 0x00007ff868b6d000 	c:\Users\kalra\.vscode\extensions\redhat.java-1.53.0-win32-x64\jre\21.0.10-win32-x86_64\bin\msvcp140.dll
0x00007ff816c60000 - 0x00007ff817a01000 	c:\Users\kalra\.vscode\extensions\redhat.java-1.53.0-win32-x64\jre\21.0.10-win32-x86_64\bin\server\jvm.dll
0x00007ff8b4780000 - 0x00007ff8b483b000 	C:\WINDOWS\System32\ADVAPI32.dll
0x00007ff8b3630000 - 0x00007ff8b36d7000 	C:\WINDOWS\System32\sechost.dll
0x00007ff8b2d40000 - 0x00007ff8b2e58000 	C:\WINDOWS\System32\RPCRT4.dll
0x00007ff8b2e60000 - 0x00007ff8b2ed4000 	C:\WINDOWS\System32\WS2_32.dll
0x00007ff8b1200000 - 0x00007ff8b125e000 	C:\WINDOWS\SYSTEM32\POWRPROF.dll
0x00007ff8aa610000 - 0x00007ff8aa645000 	C:\WINDOWS\SYSTEM32\WINMM.dll
0x00007ff8aa600000 - 0x00007ff8aa60b000 	C:\WINDOWS\SYSTEM32\VERSION.dll
0x00007ff8b11e0000 - 0x00007ff8b11f4000 	C:\WINDOWS\SYSTEM32\UMPDC.dll
0x00007ff8b0130000 - 0x00007ff8b014b000 	C:\WINDOWS\SYSTEM32\kernel.appcore.dll
0x00007ff899cd0000 - 0x00007ff899cda000 	c:\Users\kalra\.vscode\extensions\redhat.java-1.53.0-win32-x64\jre\21.0.10-win32-x86_64\bin\jimage.dll
0x00007ff8a5b80000 - 0x00007ff8a5dc2000 	C:\WINDOWS\SYSTEM32\DBGHELP.DLL
0x00007ff8b4080000 - 0x00007ff8b4402000 	C:\WINDOWS\System32\combase.dll
0x00007ff8b3550000 - 0x00007ff8b3627000 	C:\WINDOWS\System32\OLEAUT32.dll
0x00007ff895010000 - 0x00007ff89504b000 	C:\WINDOWS\SYSTEM32\dbgcore.DLL
0x00007ff8b2400000 - 0x00007ff8b24a5000 	C:\WINDOWS\System32\bcryptPrimitives.dll
0x00007ff887670000 - 0x00007ff88767f000 	c:\Users\kalra\.vscode\extensions\redhat.java-1.53.0-win32-x64\jre\21.0.10-win32-x86_64\bin\instrument.dll
0x00007ff878890000 - 0x00007ff8788b0000 	c:\Users\kalra\.vscode\extensions\redhat.java-1.53.0-win32-x64\jre\21.0.10-win32-x86_64\bin\java.dll
0x00007ff8b37d0000 - 0x00007ff8b3f2f000 	C:\WINDOWS\System32\SHELL32.dll
0x00007ff8b26f0000 - 0x00007ff8b285a000 	C:\WINDOWS\System32\wintypes.dll
0x00007ff8b19b0000 - 0x00007ff8b2214000 	C:\WINDOWS\System32\windows.storage.dll
0x00007ff8b4980000 - 0x00007ff8b4a77000 	C:\WINDOWS\System32\SHCORE.dll
0x00007ff8b36e0000 - 0x00007ff8b3747000 	C:\WINDOWS\System32\shlwapi.dll
0x00007ff8b12c0000 - 0x00007ff8b12e9000 	C:\WINDOWS\SYSTEM32\profapi.dll
0x00007ff8766c0000 - 0x00007ff8766d8000 	c:\Users\kalra\.vscode\extensions\redhat.java-1.53.0-win32-x64\jre\21.0.10-win32-x86_64\bin\zip.dll
0x00007ff8824c0000 - 0x00007ff8824d0000 	C:\Users\kalra\.vscode\extensions\redhat.java-1.53.0-win32-x64\jre\21.0.10-win32-x86_64\bin\net.dll
0x00007ff8aa810000 - 0x00007ff8aa937000 	C:\WINDOWS\SYSTEM32\WINHTTP.dll
0x00007ff8b06a0000 - 0x00007ff8b070b000 	C:\WINDOWS\system32\mswsock.dll
0x00007ff8766a0000 - 0x00007ff8766b6000 	C:\Users\kalra\.vscode\extensions\redhat.java-1.53.0-win32-x64\jre\21.0.10-win32-x86_64\bin\nio.dll
0x00007ff882490000 - 0x00007ff8824a0000 	c:\Users\kalra\.vscode\extensions\redhat.java-1.53.0-win32-x64\jre\21.0.10-win32-x86_64\bin\verify.dll
0x00007ff86f510000 - 0x00007ff86f555000 	C:\Users\kalra\AppData\Roaming\Code\User\globalStorage\redhat.java\1.53.0\config_win\org.eclipse.equinox.launcher\org.eclipse.equinox.launcher.win32.win32.x86_64_1.3.0.v20260203-2149\eclipse_11919.dll
0x00007ff8b2a10000 - 0x00007ff8b2ba5000 	C:\WINDOWS\System32\ole32.dll
0x00007ff8b0980000 - 0x00007ff8b099b000 	C:\WINDOWS\SYSTEM32\CRYPTSP.dll
0x00007ff8b0090000 - 0x00007ff8b00c9000 	C:\WINDOWS\system32\rsaenh.dll
0x00007ff8b0750000 - 0x00007ff8b0782000 	C:\WINDOWS\SYSTEM32\USERENV.dll
0x00007ff8b1290000 - 0x00007ff8b12ba000 	C:\WINDOWS\SYSTEM32\bcrypt.dll
0x00007ff8b09a0000 - 0x00007ff8b09ac000 	C:\WINDOWS\SYSTEM32\CRYPTBASE.dll
0x00007ff8afb20000 - 0x00007ff8afb53000 	C:\WINDOWS\SYSTEM32\IPHLPAPI.DLL
0x00007ff8b45f0000 - 0x00007ff8b45fa000 	C:\WINDOWS\System32\NSI.dll
0x00007ff86adc0000 - 0x00007ff86ae09000 	C:\Users\kalra\AppData\Local\Temp\jna-101813893\jna1102352569002037860.dll
0x00007ff8b2c80000 - 0x00007ff8b2c88000 	C:\WINDOWS\System32\PSAPI.DLL
0x00007ff8ac410000 - 0x00007ff8ac42d000 	C:\WINDOWS\SYSTEM32\dhcpcsvc6.DLL
0x00007ff8ac300000 - 0x00007ff8ac323000 	C:\WINDOWS\SYSTEM32\dhcpcsvc.DLL

JVMTI agents:
c:\Users\kalra\.vscode\extensions\redhat.java-1.53.0-win32-x64\lombok\lombok-1.18.39-4050.jar path:c:\Users\kalra\.vscode\extensions\redhat.java-1.53.0-win32-x64\jre\21.0.10-win32-x86_64\bin\instrument.dll, loaded, initialized, instrumentlib options:none

dbghelp: loaded successfully - version: 4.0.5 - missing functions: none
symbol engine: initialized successfully - sym options: 0x614 - pdb path: .;c:\Users\kalra\.vscode\extensions\redhat.java-1.53.0-win32-x64\jre\21.0.10-win32-x86_64\bin;C:\WINDOWS\SYSTEM32;C:\WINDOWS\WinSxS\amd64_microsoft.windows.common-controls_6595b64144ccf1df_6.0.26100.8037_none_3e092faae333b53b;c:\Users\kalra\.vscode\extensions\redhat.java-1.53.0-win32-x64\jre\21.0.10-win32-x86_64\bin\server;C:\Users\kalra\AppData\Roaming\Code\User\globalStorage\redhat.java\1.53.0\config_win\org.eclipse.equinox.launcher\org.eclipse.equinox.launcher.win32.win32.x86_64_1.3.0.v20260203-2149;C:\Users\kalra\AppData\Local\Temp\jna-101813893

VM Arguments:
jvm_args: --add-modules=ALL-SYSTEM --add-opens=java.base/java.util=ALL-UNNAMED --add-opens=java.base/java.lang=ALL-UNNAMED --add-opens=java.base/sun.nio.fs=ALL-UNNAMED -Declipse.application=org.eclipse.jdt.ls.core.id1 -Dosgi.bundles.defaultStartLevel=4 -Declipse.product=org.eclipse.jdt.ls.core.product -Djava.import.generatesMetadataFilesAtProjectRoot=false -DDetectVMInstallationsJob.disabled=true -Dfile.encoding=utf8 -XX:+UseParallelGC -XX:GCTimeRatio=4 -XX:AdaptiveSizePolicyWeight=90 -Dsun.zip.disableMemoryMapping=true -Xmx2G -Xms100m -Xlog:disable -javaagent:c:\Users\kalra\.vscode\extensions\redhat.java-1.53.0-win32-x64\lombok\lombok-1.18.39-4050.jar -XX:+HeapDumpOnOutOfMemoryError -XX:HeapDumpPath=c:\Users\kalra\AppData\Roaming\Code\User\workspaceStorage\4fda5c3b26c15e0cb27154c0e992db6d\redhat.java -Daether.dependencyCollector.impl=bf 
java_command: c:\Users\kalra\.vscode\extensions\redhat.java-1.53.0-win32-x64\server\plugins\org.eclipse.equinox.launcher_1.7.100.v20251111-0406.jar -configuration c:\Users\kalra\AppData\Roaming\Code\User\globalStorage\redhat.java\1.53.0\config_win -data c:\Users\kalra\AppData\Roaming\Code\User\workspaceStorage\4fda5c3b26c15e0cb27154c0e992db6d\redhat.java\jdt_ws --pipe=\\.\pipe\lsp-e371929bc4e89ebcb40fec76bcc66120-sock
java_class_path (initial): c:\Users\kalra\.vscode\extensions\redhat.java-1.53.0-win32-x64\server\plugins\org.eclipse.equinox.launcher_1.7.100.v20251111-0406.jar
Launcher Type: SUN_STANDARD

[Global flags]
    uintx AdaptiveSizePolicyWeight                 = 90                                        {product} {command line}
     intx CICompilerCount                          = 4                                         {product} {ergonomic}
    uintx GCTimeRatio                              = 4                                         {product} {command line}
     bool HeapDumpOnOutOfMemoryError               = true                                   {manageable} {command line}
    ccstr HeapDumpPath                             = c:\Users\kalra\AppData\Roaming\Code\User\workspaceStorage\4fda5c3b26c15e0cb27154c0e992db6d\redhat.java         {manageable} {command line}
   size_t InitialHeapSize                          = 104857600                                 {product} {command line}
   size_t MaxHeapSize                              = 2147483648                                {product} {command line}
   size_t MaxNewSize                               = 715653120                                 {product} {ergonomic}
   size_t MinHeapDeltaBytes                        = 524288                                    {product} {ergonomic}
   size_t MinHeapSize                              = 104857600                                 {product} {command line}
   size_t NewSize                                  = 34603008                                  {product} {ergonomic}
    uintx NonNMethodCodeHeapSize                   = 5839372                                {pd product} {ergonomic}
    uintx NonProfiledCodeHeapSize                  = 122909434                              {pd product} {ergonomic}
   size_t OldSize                                  = 70254592                                  {product} {ergonomic}
    uintx ProfiledCodeHeapSize                     = 122909434                              {pd product} {ergonomic}
    uintx ReservedCodeCacheSize                    = 251658240                              {pd product} {ergonomic}
     bool SegmentedCodeCache                       = true                                      {product} {ergonomic}
   size_t SoftMaxHeapSize                          = 2147483648                             {manageable} {ergonomic}
     bool UseCompressedOops                        = true                           {product lp64_product} {ergonomic}
     bool UseLargePagesIndividualAllocation        = false                                  {pd product} {ergonomic}
     bool UseParallelGC                            = true                                      {product} {command line}

Logging:
Log output configuration:
 #0: stdout all=off uptime,level,tags foldmultilines=false
 #1: stderr all=off uptime,level,tags foldmultilines=false

Release file:
JAVA_VERSION="21.0.10" 
MODULES="java.base java.compiler java.datatransfer java.xml java.prefs java.desktop java.instrument java.logging java.management java.security.sasl java.naming java.rmi java.management.rmi java.net.http java.scripting java.security.jgss java.transaction.xa java.sql java.sql.rowset java.xml.crypto java.se java.smartcardio jdk.accessibility jdk.internal.jvmstat jdk.attach jdk.charsets jdk.internal.opt jdk.zipfs jdk.compiler jdk.crypto.ec jdk.crypto.cryptoki jdk.crypto.mscapi jdk.dynalink jdk.internal.ed jdk.editpad jdk.hotspot.agent jdk.httpserver jdk.internal.le jdk.internal.vm.ci jdk.internal.vm.compiler jdk.internal.vm.compiler.management jdk.jartool jdk.javadoc jdk.jcmd jdk.management jdk.management.agent jdk.jconsole jdk.jdeps jdk.jdwp.agent jdk.jdi jdk.jfr jdk.jshell jdk.jsobject jdk.jstatd jdk.localedata jdk.management.jfr jdk.naming.dns jdk.naming.rmi jdk.net jdk.nio.mapmode jdk.random jdk.sctp jdk.security.auth jdk.security.jgss jdk.unsupported jdk.unsupported.desktop jdk.xml.dom" 

Environment Variables:
PATH=C:\Users\kalra\AppData\Local\Programs\Microsoft VS Code;C:\Python314\Scripts\;C:\Python314\;C:\Program Files\nodejs\;C:\ProgramData\chocolatey\bin;D:\Git\cmd;C:\Users\kalra\AppData\Local\Programs\Python\Python313\Scripts\;C:\Users\kalra\AppData\Local\Programs\Python\Python313\;C:\Program Files\MySQL\MySQL Shell 8.0\bin\;C:\Users\kalra\AppData\Local\Programs\Python\Python312\Scripts\;C:\Users\kalra\AppData\Local\Programs\Python\Python312\;C:\Users\kalra\AppData\Local\Microsoft\WindowsApps;C:\Users\kalra\AppData\Local\Programs\Microsoft VS Code\bin;C:\Program Files\Azure Data Studio\bin;%JAVA_HOME%\bin;C:\Program Files\Maven\apache-maven-3.9.11\bin;C:\Program Files\MySQL\MySQL Server 8.0\bin;C:\Users\kalra\AppData\Roaming\npm;C:\Users\kalra\Downloads\flutter_windows_3.41.4-stable\flutter\bin;C:\Windows\System32;C:\Program Files\Git\cmd;C:\Windows\System32\WindowsPowerShell\v1.0\;
USERNAME=kalra
OS=Windows_NT
PROCESSOR_IDENTIFIER=AMD64 Family 23 Model 104 Stepping 1, AuthenticAMD
TMP=C:\Users\kalra\AppData\Local\Temp
TEMP=C:\Users\kalra\AppData\Local\Temp




Periodic native trim disabled

---------------  S Y S T E M  ---------------

OS:
 Windows 11 , 64 bit Build 26100 (10.0.26100.7920)
OS uptime: 0 days 13:46 hours
Hyper-V role detected

CPU: total 12 (initial active 12) (12 cores per cpu, 2 threads per core) family 23 model 104 stepping 1 microcode 0x8608107, cx8, cmov, fxsr, ht, mmx, 3dnowpref, sse, sse2, sse3, ssse3, sse4a, sse4.1, sse4.2, popcnt, lzcnt, tsc, tscinvbit, avx, avx2, aes, clmul, bmi1, bmi2, adx, sha, fma, vzeroupper, clflush, clflushopt, hv, rdtscp, rdpid, f16c
Processor Information for the first 12 processors :
  Max Mhz: 2100, Current Mhz: 2100, Mhz Limit: 2100

Memory: 4k page, system-wide physical 7501M (700M free)
TotalPageFile size 16264M (AvailPageFile size 4M)
current process WorkingSet (physical memory assigned to process): 213M, peak: 216M
current process commit charge ("private bytes"): 340M, peak: 342M

vm_info: OpenJDK 64-Bit Server VM (21.0.10+7-LTS) for windows-amd64 JRE (21.0.10+7-LTS), built on 2026-01-20T00:00:00Z by "admin" with MS VC++ 17.12 (VS2022)

END.
