#
# There is insufficient memory for the Java Runtime Environment to continue.
# Native memory allocation (malloc) failed to allocate 596496 bytes. Error detail: Chunk::new
# Possible reasons:
#   The system is out of physical RAM or swap space
#   This process is running with CompressedOops enabled, and the Java Heap may be blocking the growth of the native heap
# Possible solutions:
#   Reduce memory load on the system
#   Increase physical memory or swap space
#   Check if swap backing store is full
#   Decrease Java heap size (-Xmx/-Xms)
#   Decrease number of Java threads
#   Decrease Java thread stack sizes (-Xss)
#   Set larger code cache with -XX:ReservedCodeCacheSize=
#   JVM is running with Unscaled Compressed Oops mode in which the Java heap is
#     placed in the first 4GB address space. The Java Heap base address is the
#     maximum limit for the native heap growth. Please use -XX:HeapBaseMinAddress
#     to set the Java Heap base and to place the Java Heap above 4GB virtual address.
# This output file may be truncated or incomplete.
#
#  Out of Memory Error (arena.cpp:168), pid=18812, tid=8760
#
# JRE version: OpenJDK Runtime Environment Temurin-21.0.10+7 (21.0.10+7) (build 21.0.10+7-LTS)
# Java VM: OpenJDK 64-Bit Server VM Temurin-21.0.10+7 (21.0.10+7-LTS, mixed mode, sharing, tiered, compressed oops, compressed class ptrs, parallel gc, windows-amd64)
# No core dump will be written. Minidumps are not enabled by default on client versions of Windows
#

---------------  S U M M A R Y ------------

Command Line: --add-modules=ALL-SYSTEM --add-opens=java.base/java.util=ALL-UNNAMED --add-opens=java.base/java.lang=ALL-UNNAMED --add-opens=java.base/sun.nio.fs=ALL-UNNAMED -Declipse.application=org.eclipse.jdt.ls.core.id1 -Dosgi.bundles.defaultStartLevel=4 -Declipse.product=org.eclipse.jdt.ls.core.product -Djava.import.generatesMetadataFilesAtProjectRoot=false -DDetectVMInstallationsJob.disabled=true -Dfile.encoding=utf8 -XX:+UseParallelGC -XX:GCTimeRatio=4 -XX:AdaptiveSizePolicyWeight=90 -Dsun.zip.disableMemoryMapping=true -Xmx2G -Xms100m -Xlog:disable -javaagent:c:\Users\kalra\.vscode\extensions\redhat.java-1.53.0-win32-x64\lombok\lombok-1.18.39-4050.jar -XX:+HeapDumpOnOutOfMemoryError -XX:HeapDumpPath=c:\Users\kalra\AppData\Roaming\Code\User\workspaceStorage\4fda5c3b26c15e0cb27154c0e992db6d\redhat.java -Daether.dependencyCollector.impl=bf c:\Users\kalra\.vscode\extensions\redhat.java-1.53.0-win32-x64\server\plugins\org.eclipse.equinox.launcher_1.7.100.v20251111-0406.jar -configuration c:\Users\kalra\AppData\Roaming\Code\User\globalStorage\redhat.java\1.53.0\config_win -data c:\Users\kalra\AppData\Roaming\Code\User\workspaceStorage\4fda5c3b26c15e0cb27154c0e992db6d\redhat.java\jdt_ws --pipe=\\.\pipe\lsp-d73d58c70b1aff0e1ce61db65a8e732c-sock

Host: AMD Ryzen 5 5500U with Radeon Graphics         , 12 cores, 7G,  Windows 11 , 64 bit Build 26100 (10.0.26100.7920)
Time: Sun Mar 29 13:17:23 2026 India Standard Time elapsed time: 3.541552 seconds (0d 0h 0m 3s)

---------------  T H R E A D  ---------------

Current thread (0x00000246fa49ef60):  JavaThread "C2 CompilerThread2" daemon [_thread_in_native, id=8760, stack(0x0000007427d00000,0x0000007427e00000) (1024K)]


Current CompileTask:
C2:3541 2115       4       org.eclipse.osgi.util.ManifestElement::readLine (122 bytes)

Stack: [0x0000007427d00000,0x0000007427e00000]
Native frames: (J=compiled Java code, j=interpreted, Vv=VM code, C=native code)
V  [jvm.dll+0x6d7a39]
V  [jvm.dll+0x8b4b26]
V  [jvm.dll+0x8b70de]
V  [jvm.dll+0x8b77c3]
V  [jvm.dll+0x284346]
V  [jvm.dll+0xc66ed]
V  [jvm.dll+0xc6c31]
V  [jvm.dll+0x3bec01]
V  [jvm.dll+0x38b162]
V  [jvm.dll+0x38a5aa]
V  [jvm.dll+0x24c560]
V  [jvm.dll+0x24bb40]
V  [jvm.dll+0x1cb34e]
V  [jvm.dll+0x25b85d]
V  [jvm.dll+0x259dea]
V  [jvm.dll+0x3f857e]
V  [jvm.dll+0x85f59d]
V  [jvm.dll+0x6d626d]
C  [ucrtbase.dll+0x37b0]
C  [KERNEL32.DLL+0x2e8d7]
C  [ntdll.dll+0x8c48c]


---------------  P R O C E S S  ---------------

Threads class SMR info:
_java_thread_list=0x00000246ff001bb0, length=17, elements={
0x000002469de8ab70, 0x00000246b6ceba40, 0x00000246a02e2fe0, 0x00000246a02e9610,
0x00000246a02e9ca0, 0x00000246a02e8f80, 0x00000246a02ea330, 0x00000246f912a6f0,
0x00000246a02f4e90, 0x00000246a02e6eb0, 0x00000246a02e88f0, 0x00000246a02e7540,
0x00000246a02e8260, 0x00000246a02e7bd0, 0x00000246fa7bb680, 0x00000246ff0b1e40,
0x00000246fa49ef60
}

Java Threads: ( => current thread )
  0x000002469de8ab70 JavaThread "main"                              [_thread_blocked, id=7524, stack(0x0000007426200000,0x0000007426300000) (1024K)]
  0x00000246b6ceba40 JavaThread "Reference Handler"          daemon [_thread_blocked, id=21328, stack(0x0000007426700000,0x0000007426800000) (1024K)]
  0x00000246a02e2fe0 JavaThread "Finalizer"                  daemon [_thread_blocked, id=21428, stack(0x0000007426800000,0x0000007426900000) (1024K)]
  0x00000246a02e9610 JavaThread "Signal Dispatcher"          daemon [_thread_blocked, id=13332, stack(0x0000007426900000,0x0000007426a00000) (1024K)]
  0x00000246a02e9ca0 JavaThread "Attach Listener"            daemon [_thread_blocked, id=21968, stack(0x0000007426a00000,0x0000007426b00000) (1024K)]
  0x00000246a02e8f80 JavaThread "Service Thread"             daemon [_thread_blocked, id=21388, stack(0x0000007426b00000,0x0000007426c00000) (1024K)]
  0x00000246a02ea330 JavaThread "Monitor Deflation Thread"   daemon [_thread_blocked, id=17048, stack(0x0000007426c00000,0x0000007426d00000) (1024K)]
  0x00000246f912a6f0 JavaThread "C2 CompilerThread0"         daemon [_thread_in_vm, id=11380, stack(0x0000007426d00000,0x0000007426e00000) (1024K)]
  0x00000246a02f4e90 JavaThread "C1 CompilerThread0"         daemon [_thread_blocked, id=22584, stack(0x0000007426e00000,0x0000007426f00000) (1024K)]
  0x00000246a02e6eb0 JavaThread "Common-Cleaner"             daemon [_thread_blocked, id=8508, stack(0x0000007427000000,0x0000007427100000) (1024K)]
  0x00000246a02e88f0 JavaThread "Notification Thread"        daemon [_thread_blocked, id=10068, stack(0x0000007427100000,0x0000007427200000) (1024K)]
  0x00000246a02e7540 JavaThread "Active Thread: Equinox Container: ef494e3b-a1f9-497a-8cc0-735c0e65ba57"        [_thread_blocked, id=2848, stack(0x0000007426f00000,0x0000007427000000) (1024K)]
  0x00000246a02e8260 JavaThread "Refresh Thread: Equinox Container: ef494e3b-a1f9-497a-8cc0-735c0e65ba57" daemon [_thread_blocked, id=22844, stack(0x0000007427900000,0x0000007427a00000) (1024K)]
  0x00000246a02e7bd0 JavaThread "Framework Event Dispatcher: Equinox Container: ef494e3b-a1f9-497a-8cc0-735c0e65ba57" daemon [_thread_blocked, id=23344, stack(0x0000007427a00000,0x0000007427b00000) (1024K)]
  0x00000246fa7bb680 JavaThread "Start Level: Equinox Container: ef494e3b-a1f9-497a-8cc0-735c0e65ba57" daemon [_thread_in_Java, id=23512, stack(0x0000007427b00000,0x0000007427c00000) (1024K)]
  0x00000246ff0b1e40 JavaThread "C2 CompilerThread1"         daemon [_thread_blocked, id=11772, stack(0x0000007427c00000,0x0000007427d00000) (1024K)]
=>0x00000246fa49ef60 JavaThread "C2 CompilerThread2"         daemon [_thread_in_native, id=8760, stack(0x0000007427d00000,0x0000007427e00000) (1024K)]
Total: 17

Other Threads:
  0x00000246a02e1a70 VMThread "VM Thread"                           [id=20136, stack(0x0000007426600000,0x0000007426700000) (1024K)]
  0x00000246b6bcca00 WatcherThread "VM Periodic Task Thread"        [id=4744, stack(0x0000007426500000,0x0000007426600000) (1024K)]
  0x00000246a025ca20 WorkerThread "GC Thread#0"                     [id=3380, stack(0x0000007426400000,0x0000007426500000) (1024K)]
  0x00000246fa463ec0 WorkerThread "GC Thread#1"                     [id=22756, stack(0x0000007427300000,0x0000007427400000) (1024K)]
  0x00000246fa0defc0 WorkerThread "GC Thread#2"                     [id=22808, stack(0x0000007427400000,0x0000007427500000) (1024K)]
  0x00000246fa0df370 WorkerThread "GC Thread#3"                     [id=8720, stack(0x0000007427500000,0x0000007427600000) (1024K)]
  0x00000246fa55b320 WorkerThread "GC Thread#4"                     [id=23308, stack(0x0000007427600000,0x0000007427700000) (1024K)]
  0x00000246fa55b6d0 WorkerThread "GC Thread#5"                     [id=23316, stack(0x0000007427700000,0x0000007427800000) (1024K)]
  0x00000246fa55ba80 WorkerThread "GC Thread#6"                     [id=21972, stack(0x0000007427800000,0x0000007427900000) (1024K)]
  0x00000246fa4884b0 WorkerThread "GC Thread#7"                     [id=4912, stack(0x0000007427200000,0x0000007427300000) (1024K)]
Total: 10

Threads with active compile tasks:
C2 CompilerThread0  3563 2146 %     4       java.util.Properties$LineReader::readLine @ 293 (584 bytes)
C1 CompilerThread0  3563 2148       3       org.eclipse.osgi.framework.util.CaseInsensitiveDictionaryMap$CaseInsensitiveKey::equals (31 bytes)
C2 CompilerThread2  3563 2115       4       org.eclipse.osgi.util.ManifestElement::readLine (122 bytes)
Total: 3

VM state: not at safepoint (normal execution)

VM Mutex/Monitor currently owned by a thread: None

Heap address: 0x0000000080000000, size: 2048 MB, Compressed Oops mode: 32-bit

CDS archive(s) mapped at: [0x00000246b7000000-0x00000246b7ba0000-0x00000246b7ba0000), size 12189696, SharedBaseAddress: 0x00000246b7000000, ArchiveRelocationMode: 1.
Compressed class space mapped at: 0x00000246b8000000-0x00000246f8000000, reserved size: 1073741824
Narrow klass base: 0x00000246b7000000, Narrow klass shift: 0, Narrow klass range: 0x100000000

GC Precious Log:
 CardTable entry size: 512
 CPUs: 12 total, 12 available
 Memory: 7501M
 Large Page Support: Disabled
 NUMA Support: Disabled
 Compressed Oops: Enabled (32-bit)
 Alignments: Space 512K, Generation 512K, Heap 2M
 Heap Min Capacity: 100M
 Heap Initial Capacity: 100M
 Heap Max Capacity: 2G
 Pre-touch: Disabled
 Parallel Workers: 10

Heap:
 PSYoungGen      total 29696K, used 28250K [0x00000000d5580000, 0x00000000d7680000, 0x0000000100000000)
  eden space 25600K, 94% used [0x00000000d5580000,0x00000000d6d19308,0x00000000d6e80000)
  from space 4096K, 99% used [0x00000000d7280000,0x00000000d767d810,0x00000000d7680000)
  to   space 4096K, 0% used [0x00000000d6e80000,0x00000000d6e80000,0x00000000d7280000)
 ParOldGen       total 68608K, used 2137K [0x0000000080000000, 0x0000000084300000, 0x00000000d5580000)
  object space 68608K, 3% used [0x0000000080000000,0x0000000080216638,0x0000000084300000)
 Metaspace       used 9441K, committed 9792K, reserved 1114112K
  class space    used 1009K, committed 1152K, reserved 1048576K

Card table byte_map: [0x000002469fc10000,0x00000246a0020000] _byte_map_base: 0x000002469f810000

Marking Bits: (ParMarkBitMap*) 0x00007ff9db9b3450
 Begin Bits: [0x00000246b26f0000, 0x00000246b46f0000)
 End Bits:   [0x00000246b46f0000, 0x00000246b66f0000)

Polling page: 0x000002469fa00000

Metaspace:

Usage:
  Non-class:      8.23 MB used.
      Class:   1009.20 KB used.
       Both:      9.22 MB used.

Virtual space:
  Non-class space:       64.00 MB reserved,       8.44 MB ( 13%) committed,  1 nodes.
      Class space:        1.00 GB reserved,       1.12 MB ( <1%) committed,  1 nodes.
             Both:        1.06 GB reserved,       9.56 MB ( <1%) committed. 

Chunk freelists:
   Non-Class:  6.80 MB
       Class:  14.79 MB
        Both:  21.58 MB

MaxMetaspaceSize: unlimited
CompressedClassSpaceSize: 1.00 GB
Initial GC threshold: 21.00 MB
Current GC threshold: 21.00 MB
CDS: on
 - commit_granule_bytes: 65536.
 - commit_granule_words: 8192.
 - virtual_space_node_default_size: 8388608.
 - enlarge_chunks_in_place: 1.
 - use_allocation_guard: 0.


Internal statistics:

num_allocs_failed_limit: 0.
num_arena_births: 256.
num_arena_deaths: 0.
num_vsnodes_births: 2.
num_vsnodes_deaths: 0.
num_space_committed: 153.
num_space_uncommitted: 0.
num_chunks_returned_to_freelist: 0.
num_chunks_taken_from_freelist: 511.
num_chunk_merges: 0.
num_chunk_splits: 323.
num_chunks_enlarged: 211.
num_inconsistent_stats: 0.

CodeHeap 'non-profiled nmethods': size=120000Kb used=974Kb max_used=974Kb free=119025Kb
 bounds [0x00000246aaf10000, 0x00000246ab180000, 0x00000246b2440000]
CodeHeap 'profiled nmethods': size=120000Kb used=3916Kb max_used=3916Kb free=116083Kb
 bounds [0x00000246a3440000, 0x00000246a3820000, 0x00000246aa970000]
CodeHeap 'non-nmethods': size=5760Kb used=1228Kb max_used=1254Kb free=4531Kb
 bounds [0x00000246aa970000, 0x00000246aabe0000, 0x00000246aaf10000]
CodeCache: size=245760Kb, used=6118Kb, max_used=6144Kb, free=239639Kb
 total_blobs=2637, nmethods=2145, adapters=398, full_count=0
Compilation: enabled, stopped_count=0, restarted_count=0

Compilation events (20 events):
Event: 3.511 Thread 0x00000246a02f4e90 2130       3       java.util.zip.ZipFile$Source::isSignatureRelated (227 bytes)
Event: 3.512 Thread 0x00000246a02f4e90 nmethod 2130 0x00000246a380ce10 code [0x00000246a380cfe0, 0x00000246a380d5e8]
Event: 3.512 Thread 0x00000246a02f4e90 2132       3       org.eclipse.osgi.internal.framework.EquinoxBundle::getBundleId (11 bytes)
Event: 3.512 Thread 0x00000246a02f4e90 nmethod 2132 0x00000246a380d810 code [0x00000246a380d9c0, 0x00000246a380db10]
Event: 3.525 Thread 0x00000246a02f4e90 2133       3       java.util.ArrayList$SubList::size (9 bytes)
Event: 3.526 Thread 0x00000246a02f4e90 nmethod 2133 0x00000246a380dc10 code [0x00000246a380dde0, 0x00000246a380e068]
Event: 3.534 Thread 0x00000246a02f4e90 2134       3       org.eclipse.osgi.container.ModuleRevision::getWiring (12 bytes)
Event: 3.534 Thread 0x00000246ff0b1e40 2136       4       java.lang.String::lastIndexOf (12 bytes)
Event: 3.535 Thread 0x00000246a02f4e90 nmethod 2134 0x00000246a380e190 code [0x00000246a380e400, 0x00000246a380ee90]
Event: 3.535 Thread 0x00000246a02f4e90 2135       3       org.eclipse.osgi.container.ModuleContainer::getWiring (9 bytes)
Event: 3.536 Thread 0x00000246a02f4e90 nmethod 2135 0x00000246a380f410 code [0x00000246a380f680, 0x00000246a3810060]
Event: 3.536 Thread 0x00000246a02f4e90 2137       3       org.eclipse.osgi.internal.container.InternalUtils::asList (2 bytes)
Event: 3.537 Thread 0x00000246a02f4e90 nmethod 2137 0x00000246a3810510 code [0x00000246a38106a0, 0x00000246a3810790]
Event: 3.538 Thread 0x00000246ff0b1e40 nmethod 2136 0x00000246ab002e90 code [0x00000246ab003020, 0x00000246ab003238]
Event: 3.538 Thread 0x00000246a02f4e90 2138       3       java.net.URL::openConnection (9 bytes)
Event: 3.539 Thread 0x00000246a02f4e90 nmethod 2138 0x00000246a3810810 code [0x00000246a38109c0, 0x00000246a3810ba0]
Event: 3.539 Thread 0x00000246a02f4e90 2139       3       java.net.URLConnection::<init> (62 bytes)
Event: 3.539 Thread 0x00000246a02f4e90 nmethod 2139 0x00000246a3810c90 code [0x00000246a3810e80, 0x00000246a3811328]
Event: 3.539 Thread 0x00000246a02f4e90 2140       3       java.net.URLConnection::getDefaultUseCaches (27 bytes)
Event: 3.540 Thread 0x00000246a02f4e90 nmethod 2140 0x00000246a3811510 code [0x00000246a38116e0, 0x00000246a38119d0]

GC Heap History (4 events):
Event: 1.365 GC heap before
{Heap before GC invocations=1 (full 0):
 PSYoungGen      total 29696K, used 25600K [0x00000000d5580000, 0x00000000d7680000, 0x0000000100000000)
  eden space 25600K, 100% used [0x00000000d5580000,0x00000000d6e80000,0x00000000d6e80000)
  from space 4096K, 0% used [0x00000000d7280000,0x00000000d7280000,0x00000000d7680000)
  to   space 4096K, 0% used [0x00000000d6e80000,0x00000000d6e80000,0x00000000d7280000)
 ParOldGen       total 68608K, used 0K [0x0000000080000000, 0x0000000084300000, 0x00000000d5580000)
  object space 68608K, 0% used [0x0000000080000000,0x0000000080000000,0x0000000084300000)
 Metaspace       used 4359K, committed 4608K, reserved 1114112K
  class space    used 474K, committed 576K, reserved 1048576K
}
Event: 1.377 GC heap after
{Heap after GC invocations=1 (full 0):
 PSYoungGen      total 29696K, used 3319K [0x00000000d5580000, 0x00000000d7680000, 0x0000000100000000)
  eden space 25600K, 0% used [0x00000000d5580000,0x00000000d5580000,0x00000000d6e80000)
  from space 4096K, 81% used [0x00000000d6e80000,0x00000000d71bdea8,0x00000000d7280000)
  to   space 4096K, 0% used [0x00000000d7280000,0x00000000d7280000,0x00000000d7680000)
 ParOldGen       total 68608K, used 16K [0x0000000080000000, 0x0000000084300000, 0x00000000d5580000)
  object space 68608K, 0% used [0x0000000080000000,0x0000000080004000,0x0000000084300000)
 Metaspace       used 4359K, committed 4608K, reserved 1114112K
  class space    used 474K, committed 576K, reserved 1048576K
}
Event: 2.703 GC heap before
{Heap before GC invocations=2 (full 0):
 PSYoungGen      total 29696K, used 28919K [0x00000000d5580000, 0x00000000d7680000, 0x0000000100000000)
  eden space 25600K, 100% used [0x00000000d5580000,0x00000000d6e80000,0x00000000d6e80000)
  from space 4096K, 81% used [0x00000000d6e80000,0x00000000d71bdea8,0x00000000d7280000)
  to   space 4096K, 0% used [0x00000000d7280000,0x00000000d7280000,0x00000000d7680000)
 ParOldGen       total 68608K, used 16K [0x0000000080000000, 0x0000000084300000, 0x00000000d5580000)
  object space 68608K, 0% used [0x0000000080000000,0x0000000080004000,0x0000000084300000)
 Metaspace       used 7991K, committed 8256K, reserved 1114112K
  class space    used 831K, committed 960K, reserved 1048576K
}
Event: 2.714 GC heap after
{Heap after GC invocations=2 (full 0):
 PSYoungGen      total 29696K, used 4086K [0x00000000d5580000, 0x00000000d7680000, 0x0000000100000000)
  eden space 25600K, 0% used [0x00000000d5580000,0x00000000d5580000,0x00000000d6e80000)
  from space 4096K, 99% used [0x00000000d7280000,0x00000000d767d810,0x00000000d7680000)
  to   space 4096K, 0% used [0x00000000d6e80000,0x00000000d6e80000,0x00000000d7280000)
 ParOldGen       total 68608K, used 2137K [0x0000000080000000, 0x0000000084300000, 0x00000000d5580000)
  object space 68608K, 3% used [0x0000000080000000,0x0000000080216638,0x0000000084300000)
 Metaspace       used 7991K, committed 8256K, reserved 1114112K
  class space    used 831K, committed 960K, reserved 1048576K
}

Dll operation events (9 events):
Event: 0.021 Loaded shared library c:\Users\kalra\.vscode\extensions\redhat.java-1.53.0-win32-x64\jre\21.0.10-win32-x86_64\bin\java.dll
Event: 0.129 Loaded shared library c:\Users\kalra\.vscode\extensions\redhat.java-1.53.0-win32-x64\jre\21.0.10-win32-x86_64\bin\zip.dll
Event: 0.160 Loaded shared library C:\Users\kalra\.vscode\extensions\redhat.java-1.53.0-win32-x64\jre\21.0.10-win32-x86_64\bin\instrument.dll
Event: 0.170 Loaded shared library C:\Users\kalra\.vscode\extensions\redhat.java-1.53.0-win32-x64\jre\21.0.10-win32-x86_64\bin\net.dll
Event: 0.173 Loaded shared library C:\Users\kalra\.vscode\extensions\redhat.java-1.53.0-win32-x64\jre\21.0.10-win32-x86_64\bin\nio.dll
Event: 0.178 Loaded shared library C:\Users\kalra\.vscode\extensions\redhat.java-1.53.0-win32-x64\jre\21.0.10-win32-x86_64\bin\zip.dll
Event: 0.206 Loaded shared library C:\Users\kalra\.vscode\extensions\redhat.java-1.53.0-win32-x64\jre\21.0.10-win32-x86_64\bin\jimage.dll
Event: 0.333 Loaded shared library c:\Users\kalra\.vscode\extensions\redhat.java-1.53.0-win32-x64\jre\21.0.10-win32-x86_64\bin\verify.dll
Event: 2.762 Loaded shared library C:\Users\kalra\AppData\Roaming\Code\User\globalStorage\redhat.java\1.53.0\config_win\org.eclipse.equinox.launcher\org.eclipse.equinox.launcher.win32.win32.x86_64_1.3.0.v20260203-2149\eclipse_11919.dll

Deoptimization events (20 events):
Event: 3.220 Thread 0x00000246fa7bb680 DEOPT PACKING pc=0x00000246aafc45a0 sp=0x0000007427bfe2c0
Event: 3.220 Thread 0x00000246fa7bb680 DEOPT UNPACKING pc=0x00000246aa9c3aa2 sp=0x0000007427bfe230 mode 2
Event: 3.481 Thread 0x00000246fa7bb680 DEOPT PACKING pc=0x00000246a37d95f5 sp=0x0000007427bfdce0
Event: 3.481 Thread 0x00000246fa7bb680 DEOPT UNPACKING pc=0x00000246aa9c4242 sp=0x0000007427bfd1c0 mode 0
Event: 3.493 Thread 0x00000246fa7bb680 Uncommon trap: trap_request=0xffffff45 fr.pc=0x00000246aafe89e4 relative=0x00000000000006a4
Event: 3.493 Thread 0x00000246fa7bb680 Uncommon trap: reason=unstable_if action=reinterpret pc=0x00000246aafe89e4 method=java.util.regex.Matcher.search(I)Z @ 30 c2
Event: 3.493 Thread 0x00000246fa7bb680 DEOPT PACKING pc=0x00000246aafe89e4 sp=0x0000007427bfdac0
Event: 3.493 Thread 0x00000246fa7bb680 DEOPT UNPACKING pc=0x00000246aa9c3aa2 sp=0x0000007427bfda90 mode 2
Event: 3.493 Thread 0x00000246fa7bb680 Uncommon trap: trap_request=0xffffffde fr.pc=0x00000246aafe7b64 relative=0x0000000000000304
Event: 3.493 Thread 0x00000246fa7bb680 Uncommon trap: reason=class_check action=maybe_recompile pc=0x00000246aafe7b64 method=java.util.regex.Pattern$BmpCharPropertyGreedy.match(Ljava/util/regex/Matcher;ILjava/lang/CharSequence;)Z @ 26 c2
Event: 3.493 Thread 0x00000246fa7bb680 DEOPT PACKING pc=0x00000246aafe7b64 sp=0x0000007427bfd790
Event: 3.494 Thread 0x00000246fa7bb680 DEOPT UNPACKING pc=0x00000246aa9c3aa2 sp=0x0000007427bfd748 mode 2
Event: 3.494 Thread 0x00000246fa7bb680 Uncommon trap: trap_request=0xffffffde fr.pc=0x00000246aafe7b64 relative=0x0000000000000304
Event: 3.494 Thread 0x00000246fa7bb680 Uncommon trap: reason=class_check action=maybe_recompile pc=0x00000246aafe7b64 method=java.util.regex.Pattern$BmpCharPropertyGreedy.match(Ljava/util/regex/Matcher;ILjava/lang/CharSequence;)Z @ 26 c2
Event: 3.494 Thread 0x00000246fa7bb680 DEOPT PACKING pc=0x00000246aafe7b64 sp=0x0000007427bfd690
Event: 3.494 Thread 0x00000246fa7bb680 DEOPT UNPACKING pc=0x00000246aa9c3aa2 sp=0x0000007427bfd628 mode 2
Event: 3.502 Thread 0x00000246fa7bb680 DEOPT PACKING pc=0x00000246a37d95f5 sp=0x0000007427bfdcc0
Event: 3.502 Thread 0x00000246fa7bb680 DEOPT UNPACKING pc=0x00000246aa9c4242 sp=0x0000007427bfd1a0 mode 0
Event: 3.533 Thread 0x00000246fa7bb680 DEOPT PACKING pc=0x00000246a37d95f5 sp=0x0000007427bfdcc0
Event: 3.533 Thread 0x00000246fa7bb680 DEOPT UNPACKING pc=0x00000246aa9c4242 sp=0x0000007427bfd1a0 mode 0

Classes loaded (20 events):
Event: 3.107 Loading class sun/util/logging/resources/logging_en_IN
Event: 3.107 Loading class sun/util/logging/resources/logging_en_IN done
Event: 3.111 Loading class java/util/Formatter$DateTime
Event: 3.111 Loading class java/util/Formatter$DateTime done
Event: 3.111 Loading class java/util/Formatter$FixedString
Event: 3.111 Loading class java/util/Formatter$FixedString done
Event: 3.112 Loading class java/time/ZonedDateTime$1
Event: 3.112 Loading class java/time/ZonedDateTime$1 done
Event: 3.119 Loading class jdk/internal/module/ModulePatcher$PatchedModuleReader
Event: 3.119 Loading class jdk/internal/module/ModulePatcher$PatchedModuleReader done
Event: 3.127 Loading class sun/util/resources/LocaleData$CommonResourceBundleProvider
Event: 3.127 Loading class sun/util/resources/LocaleData$LocaleDataResourceBundleProvider
Event: 3.127 Loading class java/util/spi/ResourceBundleProvider
Event: 3.127 Loading class java/util/spi/ResourceBundleProvider done
Event: 3.127 Loading class sun/util/resources/LocaleData$LocaleDataResourceBundleProvider done
Event: 3.127 Loading class sun/util/resources/LocaleData$CommonResourceBundleProvider done
Event: 3.129 Loading class sun/text/resources/cldr/FormatData_en
Event: 3.130 Loading class sun/text/resources/cldr/FormatData_en done
Event: 3.133 Loading class sun/util/resources/Bundles$2
Event: 3.134 Loading class sun/util/resources/Bundles$2 done

Classes unloaded (0 events):
No events

Classes redefined (0 events):
No events

Internal exceptions (20 events):
Event: 1.464 Thread 0x000002469de8ab70 Implicit null exception at 0x00000246aaf708a9 to 0x00000246aaf7111c
Event: 1.464 Thread 0x000002469de8ab70 Implicit null exception at 0x00000246aaf7619a to 0x00000246aaf763a4
Event: 1.466 Thread 0x000002469de8ab70 Exception <a 'java/lang/NoSuchMethodError'{0x00000000d56ef8c0}: 'void java.lang.invoke.DirectMethodHandle$Holder.invokeStatic(java.lang.Object, java.lang.Object, java.lang.Object, java.lang.Object)'> (0x00000000d56ef8c0) 
thrown [s\src\hotspot\share\interpreter\linkResolver.cpp, line 773]
Event: 1.468 Thread 0x000002469de8ab70 Implicit null exception at 0x00000246aaf72d3c to 0x00000246aaf72fcc
Event: 1.468 Thread 0x000002469de8ab70 Implicit null exception at 0x00000246aaf71abd to 0x00000246aaf71b41
Event: 1.647 Thread 0x000002469de8ab70 Exception <a 'java/lang/NoSuchMethodError'{0x00000000d59e02f8}: 'void java.lang.invoke.DirectMethodHandle$Holder.invokeSpecial(java.lang.Object, java.lang.Object, java.lang.Object)'> (0x00000000d59e02f8) 
thrown [s\src\hotspot\share\interpreter\linkResolver.cpp, line 773]
Event: 2.051 Thread 0x000002469de8ab70 Exception <a 'java/lang/NoSuchMethodError'{0x00000000d6477910}: 'int java.lang.invoke.DirectMethodHandle$Holder.invokeVirtual(java.lang.Object, java.lang.Object)'> (0x00000000d6477910) 
thrown [s\src\hotspot\share\interpreter\linkResolver.cpp, line 773]
Event: 2.227 Thread 0x000002469de8ab70 Exception <a 'java/lang/NoSuchMethodError'{0x00000000d65efd58}: 'int java.lang.invoke.DirectMethodHandle$Holder.invokeStaticInit(java.lang.Object, java.lang.Object, java.lang.Object, java.lang.Object)'> (0x00000000d65efd58) 
thrown [s\src\hotspot\share\interpreter\linkResolver.cpp, line 773]
Event: 2.229 Thread 0x000002469de8ab70 Exception <a 'java/lang/IncompatibleClassChangeError'{0x00000000d65f8160}: Found class java.lang.Object, but interface was expected> (0x00000000d65f8160) 
thrown [s\src\hotspot\share\interpreter\linkResolver.cpp, line 840]
Event: 2.231 Thread 0x000002469de8ab70 Exception <a 'java/lang/NoSuchMethodError'{0x00000000d65fe710}: 'void java.lang.invoke.DirectMethodHandle$Holder.invokeStaticInit(java.lang.Object, java.lang.Object)'> (0x00000000d65fe710) 
thrown [s\src\hotspot\share\interpreter\linkResolver.cpp, line 773]
Event: 2.232 Thread 0x000002469de8ab70 Exception <a 'java/lang/NoSuchMethodError'{0x00000000d66078c8}: 'int java.lang.invoke.DirectMethodHandle$Holder.invokeStaticInit(java.lang.Object, java.lang.Object)'> (0x00000000d66078c8) 
thrown [s\src\hotspot\share\interpreter\linkResolver.cpp, line 773]
Event: 2.308 Thread 0x000002469de8ab70 Exception <a 'java/lang/NoSuchMethodError'{0x00000000d684dc30}: 'java.lang.Object java.lang.invoke.DirectMethodHandle$Holder.newInvokeSpecial(java.lang.Object, int, java.lang.Object)'> (0x00000000d684dc30) 
thrown [s\src\hotspot\share\interpreter\linkResolver.cpp, line 773]
Event: 2.393 Thread 0x000002469de8ab70 Exception <a 'java/lang/ClassNotFoundException'{0x00000000d6a65140}: sun/net/www/protocol/plurl/Handler> (0x00000000d6a65140) 
thrown [s\src\hotspot\share\classfile\systemDictionary.cpp, line 312]
Event: 2.393 Thread 0x000002469de8ab70 Exception <a 'java/lang/ClassNotFoundException'{0x00000000d6a65fc0}: sun/net/www/protocol/plurl/Handler> (0x00000000d6a65fc0) 
thrown [s\src\hotspot\share\classfile\systemDictionary.cpp, line 312]
Event: 2.753 Thread 0x000002469de8ab70 Exception <a 'java/lang/UnsatisfiedLinkError'{0x00000000d5654458}: 'void org.eclipse.equinox.launcher.JNIBridge._update_splash()'> (0x00000000d5654458) 
thrown [s\src\hotspot\share\prims\nativeLookup.cpp, line 415]
Event: 2.820 Thread 0x00000246a02e8260 Exception <a 'java/lang/NoSuchMethodError'{0x00000000d58e4918}: 'void java.lang.invoke.DirectMethodHandle$Holder.invokeInterface(java.lang.Object, java.lang.Object, java.lang.Object)'> (0x00000000d58e4918) 
thrown [s\src\hotspot\share\interpreter\linkResolver.cpp, line 773]
Event: 3.044 Thread 0x00000246fa7bb680 Exception <a 'java/lang/NoSuchMethodError'{0x00000000d5cb4bf8}: 'java.lang.Object java.lang.invoke.DirectMethodHandle$Holder.newInvokeSpecial(java.lang.Object, java.lang.Object, int, java.lang.Object)'> (0x00000000d5cb4bf8) 
thrown [s\src\hotspot\share\interpreter\linkResolver.cpp, line 773]
Event: 3.045 Thread 0x00000246fa7bb680 Exception <a 'java/lang/NoSuchMethodError'{0x00000000d5cb8a28}: 'java.lang.Object java.lang.invoke.DirectMethodHandle$Holder.invokeSpecial(java.lang.Object, java.lang.Object, java.lang.Object, int, java.lang.Object)'> (0x00000000d5cb8a28) 
thrown [s\src\hotspot\share\interpreter\linkResolver.cpp, line 773]
Event: 3.070 Thread 0x00000246fa7bb680 Exception <a 'java/lang/NoClassDefFoundError'{0x00000000d5d5f218}: jakarta/servlet/ServletContainerInitializer> (0x00000000d5d5f218) 
thrown [s\src\hotspot\share\classfile\systemDictionary.cpp, line 301]
Event: 3.104 Thread 0x00000246fa7bb680 Exception <a 'java/lang/ClassNotFoundException'{0x00000000d5eb3ce0}: sun/util/logging/resources/spi/loggingProvider> (0x00000000d5eb3ce0) 
thrown [s\src\hotspot\share\classfile\systemDictionary.cpp, line 312]

ZGC Phase Switch (0 events):
No events

VM Operations (20 events):
Event: 2.267 Executing non-safepoint VM operation: HandshakeAllThreads (Deoptimize)
Event: 2.267 Executing non-safepoint VM operation: HandshakeAllThreads (Deoptimize) done
Event: 2.283 Executing non-safepoint VM operation: HandshakeAllThreads (Deoptimize)
Event: 2.283 Executing non-safepoint VM operation: HandshakeAllThreads (Deoptimize) done
Event: 2.364 Executing non-safepoint VM operation: HandshakeAllThreads (Deoptimize)
Event: 2.364 Executing non-safepoint VM operation: HandshakeAllThreads (Deoptimize) done
Event: 2.385 Executing non-safepoint VM operation: HandshakeAllThreads (Deoptimize)
Event: 2.385 Executing non-safepoint VM operation: HandshakeAllThreads (Deoptimize) done
Event: 2.385 Executing safepoint VM operation: Cleanup
Event: 2.385 Executing safepoint VM operation: Cleanup done
Event: 2.703 Executing safepoint VM operation: ParallelGCFailedAllocation (Allocation Failure)
Event: 2.714 Executing safepoint VM operation: ParallelGCFailedAllocation (Allocation Failure) done
Event: 3.090 Executing non-safepoint VM operation: HandshakeAllThreads (Deoptimize)
Event: 3.090 Executing non-safepoint VM operation: HandshakeAllThreads (Deoptimize) done
Event: 3.120 Executing non-safepoint VM operation: HandshakeAllThreads (Deoptimize)
Event: 3.120 Executing non-safepoint VM operation: HandshakeAllThreads (Deoptimize) done
Event: 3.150 Executing non-safepoint VM operation: HandshakeAllThreads (Deoptimize)
Event: 3.150 Executing non-safepoint VM operation: HandshakeAllThreads (Deoptimize) done
Event: 3.220 Executing non-safepoint VM operation: HandshakeAllThreads (Deoptimize)
Event: 3.220 Executing non-safepoint VM operation: HandshakeAllThreads (Deoptimize) done

Memory protections (0 events):
No events

Nmethod flushes (0 events):
No events

Events (20 events):
Event: 0.072 Thread 0x000002469de8ab70 Thread added: 0x00000246b6ceba40
Event: 0.072 Thread 0x000002469de8ab70 Thread added: 0x00000246a02e2fe0
Event: 0.073 Thread 0x000002469de8ab70 Thread added: 0x00000246a02e9610
Event: 0.073 Thread 0x000002469de8ab70 Thread added: 0x00000246a02e9ca0
Event: 0.073 Thread 0x000002469de8ab70 Thread added: 0x00000246a02e8f80
Event: 0.073 Thread 0x000002469de8ab70 Thread added: 0x00000246a02ea330
Event: 0.073 Thread 0x000002469de8ab70 Thread added: 0x00000246f912a6f0
Event: 0.073 Thread 0x000002469de8ab70 Thread added: 0x00000246a02f4e90
Event: 0.143 Thread 0x00000246a02f4e90 Thread added: 0x00000246f92dede0
Event: 0.164 Thread 0x000002469de8ab70 Thread added: 0x00000246a02e6eb0
Event: 0.510 Thread 0x000002469de8ab70 Thread added: 0x00000246a02e88f0
Event: 0.779 Thread 0x00000246a02f4e90 Thread added: 0x00000246fa18ca70
Event: 2.193 Thread 0x00000246fa18ca70 Thread exited: 0x00000246fa18ca70
Event: 2.193 Thread 0x00000246f92dede0 Thread exited: 0x00000246f92dede0
Event: 2.244 Thread 0x000002469de8ab70 Thread added: 0x00000246a02e7540
Event: 2.750 Thread 0x000002469de8ab70 Thread added: 0x00000246a02e8260
Event: 2.829 Thread 0x00000246a02e8260 Thread added: 0x00000246a02e7bd0
Event: 2.846 Thread 0x000002469de8ab70 Thread added: 0x00000246fa7bb680
Event: 3.238 Thread 0x00000246a02f4e90 Thread added: 0x00000246ff0b1e40
Event: 3.238 Thread 0x00000246a02f4e90 Thread added: 0x00000246fa49ef60


Dynamic libraries:
0x00007ff702ad0000 - 0x00007ff702ade000 	c:\Users\kalra\.vscode\extensions\redhat.java-1.53.0-win32-x64\jre\21.0.10-win32-x86_64\bin\java.exe
0x00007ffac2180000 - 0x00007ffac23e7000 	C:\WINDOWS\SYSTEM32\ntdll.dll
0x00007ffac0d20000 - 0x00007ffac0de9000 	C:\WINDOWS\System32\KERNEL32.DLL
0x00007ffabee80000 - 0x00007ffabf271000 	C:\WINDOWS\System32\KERNELBASE.dll
0x00007ffabec00000 - 0x00007ffabed4b000 	C:\WINDOWS\System32\ucrtbase.dll
0x00007ffa462b0000 - 0x00007ffa462c8000 	c:\Users\kalra\.vscode\extensions\redhat.java-1.53.0-win32-x64\jre\21.0.10-win32-x86_64\bin\jli.dll
0x00007ffac0f10000 - 0x00007ffac10d5000 	C:\WINDOWS\System32\USER32.dll
0x00007ffabea60000 - 0x00007ffabea87000 	C:\WINDOWS\System32\win32u.dll
0x00007ffac2090000 - 0x00007ffac20bb000 	C:\WINDOWS\System32\GDI32.dll
0x00007ffabed50000 - 0x00007ffabee7b000 	C:\WINDOWS\System32\gdi32full.dll
0x00007ffabfd00000 - 0x00007ffabfda3000 	C:\WINDOWS\System32\msvcp_win.dll
0x00007ffa46290000 - 0x00007ffa462ae000 	c:\Users\kalra\.vscode\extensions\redhat.java-1.53.0-win32-x64\jre\21.0.10-win32-x86_64\bin\VCRUNTIME140.dll
0x00007ffaa79f0000 - 0x00007ffaa7c83000 	C:\WINDOWS\WinSxS\amd64_microsoft.windows.common-controls_6595b64144ccf1df_6.0.26100.8037_none_3e092faae333b53b\COMCTL32.dll
0x00007ffac07f0000 - 0x00007ffac0899000 	C:\WINDOWS\System32\msvcrt.dll
0x00007ffac07b0000 - 0x00007ffac07e1000 	C:\WINDOWS\System32\IMM32.DLL
0x00007ffa6f3a0000 - 0x00007ffa6f3ac000 	c:\Users\kalra\.vscode\extensions\redhat.java-1.53.0-win32-x64\jre\21.0.10-win32-x86_64\bin\vcruntime140_1.dll
0x00007ffa209d0000 - 0x00007ffa20a5d000 	c:\Users\kalra\.vscode\extensions\redhat.java-1.53.0-win32-x64\jre\21.0.10-win32-x86_64\bin\msvcp140.dll
0x00007ff9dacf0000 - 0x00007ff9dba91000 	c:\Users\kalra\.vscode\extensions\redhat.java-1.53.0-win32-x64\jre\21.0.10-win32-x86_64\bin\server\jvm.dll
0x00007ffac02f0000 - 0x00007ffac03ab000 	C:\WINDOWS\System32\ADVAPI32.dll
0x00007ffac0a80000 - 0x00007ffac0b27000 	C:\WINDOWS\System32\sechost.dll
0x00007ffac0df0000 - 0x00007ffac0f08000 	C:\WINDOWS\System32\RPCRT4.dll
0x00007ffac1860000 - 0x00007ffac18d4000 	C:\WINDOWS\System32\WS2_32.dll
0x00007ffabe8c0000 - 0x00007ffabe91e000 	C:\WINDOWS\SYSTEM32\POWRPROF.dll
0x00007ffab7aa0000 - 0x00007ffab7ad5000 	C:\WINDOWS\SYSTEM32\WINMM.dll
0x00007ffab7ae0000 - 0x00007ffab7aeb000 	C:\WINDOWS\SYSTEM32\VERSION.dll
0x00007ffabe8a0000 - 0x00007ffabe8b4000 	C:\WINDOWS\SYSTEM32\UMPDC.dll
0x00007ffabd7f0000 - 0x00007ffabd80b000 	C:\WINDOWS\SYSTEM32\kernel.appcore.dll
0x00007ffa6f260000 - 0x00007ffa6f26a000 	c:\Users\kalra\.vscode\extensions\redhat.java-1.53.0-win32-x64\jre\21.0.10-win32-x86_64\bin\jimage.dll
0x00007ffab3490000 - 0x00007ffab36d2000 	C:\WINDOWS\SYSTEM32\DBGHELP.DLL
0x00007ffac03b0000 - 0x00007ffac0732000 	C:\WINDOWS\System32\combase.dll
0x00007ffac08a0000 - 0x00007ffac0977000 	C:\WINDOWS\System32\OLEAUT32.dll
0x00007ffaa1b70000 - 0x00007ffaa1bab000 	C:\WINDOWS\SYSTEM32\dbgcore.DLL
0x00007ffabea90000 - 0x00007ffabeb35000 	C:\WINDOWS\System32\bcryptPrimitives.dll
0x00007ffa6ecb0000 - 0x00007ffa6ecbf000 	c:\Users\kalra\.vscode\extensions\redhat.java-1.53.0-win32-x64\jre\21.0.10-win32-x86_64\bin\instrument.dll
0x00007ffa46240000 - 0x00007ffa46260000 	c:\Users\kalra\.vscode\extensions\redhat.java-1.53.0-win32-x64\jre\21.0.10-win32-x86_64\bin\java.dll
0x00007ffac10f0000 - 0x00007ffac184f000 	C:\WINDOWS\System32\SHELL32.dll
0x00007ffabfdb0000 - 0x00007ffabff1a000 	C:\WINDOWS\System32\wintypes.dll
0x00007ffabf490000 - 0x00007ffabfcf4000 	C:\WINDOWS\System32\windows.storage.dll
0x00007ffac18e0000 - 0x00007ffac19d7000 	C:\WINDOWS\System32\SHCORE.dll
0x00007ffac0740000 - 0x00007ffac07a7000 	C:\WINDOWS\System32\shlwapi.dll
0x00007ffabe980000 - 0x00007ffabe9a9000 	C:\WINDOWS\SYSTEM32\profapi.dll
0x00007ffa260f0000 - 0x00007ffa26108000 	c:\Users\kalra\.vscode\extensions\redhat.java-1.53.0-win32-x64\jre\21.0.10-win32-x86_64\bin\zip.dll
0x00007ffa6eb40000 - 0x00007ffa6eb50000 	C:\Users\kalra\.vscode\extensions\redhat.java-1.53.0-win32-x64\jre\21.0.10-win32-x86_64\bin\net.dll
0x00007ffab81d0000 - 0x00007ffab82f7000 	C:\WINDOWS\SYSTEM32\WINHTTP.dll
0x00007ffabdd60000 - 0x00007ffabddcb000 	C:\WINDOWS\system32\mswsock.dll
0x00007ffa209b0000 - 0x00007ffa209c6000 	C:\Users\kalra\.vscode\extensions\redhat.java-1.53.0-win32-x64\jre\21.0.10-win32-x86_64\bin\nio.dll
0x00007ffa6e090000 - 0x00007ffa6e0a0000 	c:\Users\kalra\.vscode\extensions\redhat.java-1.53.0-win32-x64\jre\21.0.10-win32-x86_64\bin\verify.dll
0x00007ffa208c0000 - 0x00007ffa20905000 	C:\Users\kalra\AppData\Roaming\Code\User\globalStorage\redhat.java\1.53.0\config_win\org.eclipse.equinox.launcher\org.eclipse.equinox.launcher.win32.win32.x86_64_1.3.0.v20260203-2149\eclipse_11919.dll
0x00007ffabff70000 - 0x00007ffac0105000 	C:\WINDOWS\System32\ole32.dll

JVMTI agents:
c:\Users\kalra\.vscode\extensions\redhat.java-1.53.0-win32-x64\lombok\lombok-1.18.39-4050.jar path:c:\Users\kalra\.vscode\extensions\redhat.java-1.53.0-win32-x64\jre\21.0.10-win32-x86_64\bin\instrument.dll, loaded, initialized, instrumentlib options:none

dbghelp: loaded successfully - version: 4.0.5 - missing functions: none
symbol engine: initialized successfully - sym options: 0x614 - pdb path: .;c:\Users\kalra\.vscode\extensions\redhat.java-1.53.0-win32-x64\jre\21.0.10-win32-x86_64\bin;C:\WINDOWS\SYSTEM32;C:\WINDOWS\WinSxS\amd64_microsoft.windows.common-controls_6595b64144ccf1df_6.0.26100.8037_none_3e092faae333b53b;c:\Users\kalra\.vscode\extensions\redhat.java-1.53.0-win32-x64\jre\21.0.10-win32-x86_64\bin\server;C:\Users\kalra\AppData\Roaming\Code\User\globalStorage\redhat.java\1.53.0\config_win\org.eclipse.equinox.launcher\org.eclipse.equinox.launcher.win32.win32.x86_64_1.3.0.v20260203-2149

VM Arguments:
jvm_args: --add-modules=ALL-SYSTEM --add-opens=java.base/java.util=ALL-UNNAMED --add-opens=java.base/java.lang=ALL-UNNAMED --add-opens=java.base/sun.nio.fs=ALL-UNNAMED -Declipse.application=org.eclipse.jdt.ls.core.id1 -Dosgi.bundles.defaultStartLevel=4 -Declipse.product=org.eclipse.jdt.ls.core.product -Djava.import.generatesMetadataFilesAtProjectRoot=false -DDetectVMInstallationsJob.disabled=true -Dfile.encoding=utf8 -XX:+UseParallelGC -XX:GCTimeRatio=4 -XX:AdaptiveSizePolicyWeight=90 -Dsun.zip.disableMemoryMapping=true -Xmx2G -Xms100m -Xlog:disable -javaagent:c:\Users\kalra\.vscode\extensions\redhat.java-1.53.0-win32-x64\lombok\lombok-1.18.39-4050.jar -XX:+HeapDumpOnOutOfMemoryError -XX:HeapDumpPath=c:\Users\kalra\AppData\Roaming\Code\User\workspaceStorage\4fda5c3b26c15e0cb27154c0e992db6d\redhat.java -Daether.dependencyCollector.impl=bf 
java_command: c:\Users\kalra\.vscode\extensions\redhat.java-1.53.0-win32-x64\server\plugins\org.eclipse.equinox.launcher_1.7.100.v20251111-0406.jar -configuration c:\Users\kalra\AppData\Roaming\Code\User\globalStorage\redhat.java\1.53.0\config_win -data c:\Users\kalra\AppData\Roaming\Code\User\workspaceStorage\4fda5c3b26c15e0cb27154c0e992db6d\redhat.java\jdt_ws --pipe=\\.\pipe\lsp-d73d58c70b1aff0e1ce61db65a8e732c-sock
java_class_path (initial): c:\Users\kalra\.vscode\extensions\redhat.java-1.53.0-win32-x64\server\plugins\org.eclipse.equinox.launcher_1.7.100.v20251111-0406.jar
Launcher Type: SUN_STANDARD

[Global flags]
    uintx AdaptiveSizePolicyWeight                 = 90                                        {product} {command line}
     intx CICompilerCount                          = 4                                         {product} {ergonomic}
    uintx GCTimeRatio                              = 4                                         {product} {command line}
     bool HeapDumpOnOutOfMemoryError               = true                                   {manageable} {command line}
    ccstr HeapDumpPath                             = c:\Users\kalra\AppData\Roaming\Code\User\workspaceStorage\4fda5c3b26c15e0cb27154c0e992db6d\redhat.java         {manageable} {command line}
   size_t InitialHeapSize                          = 104857600                                 {product} {command line}
   size_t MaxHeapSize                              = 2147483648                                {product} {command line}
   size_t MaxNewSize                               = 715653120                                 {product} {ergonomic}
   size_t MinHeapDeltaBytes                        = 524288                                    {product} {ergonomic}
   size_t MinHeapSize                              = 104857600                                 {product} {command line}
   size_t NewSize                                  = 34603008                                  {product} {ergonomic}
    uintx NonNMethodCodeHeapSize                   = 5839372                                {pd product} {ergonomic}
    uintx NonProfiledCodeHeapSize                  = 122909434                              {pd product} {ergonomic}
   size_t OldSize                                  = 70254592                                  {product} {ergonomic}
    uintx ProfiledCodeHeapSize                     = 122909434                              {pd product} {ergonomic}
    uintx ReservedCodeCacheSize                    = 251658240                              {pd product} {ergonomic}
     bool SegmentedCodeCache                       = true                                      {product} {ergonomic}
   size_t SoftMaxHeapSize                          = 2147483648                             {manageable} {ergonomic}
     bool UseCompressedOops                        = true                           {product lp64_product} {ergonomic}
     bool UseLargePagesIndividualAllocation        = false                                  {pd product} {ergonomic}
     bool UseParallelGC                            = true                                      {product} {command line}

Logging:
Log output configuration:
 #0: stdout all=off uptime,level,tags foldmultilines=false
 #1: stderr all=off uptime,level,tags foldmultilines=false

Release file:
JAVA_VERSION="21.0.10" 
MODULES="java.base java.compiler java.datatransfer java.xml java.prefs java.desktop java.instrument java.logging java.management java.security.sasl java.naming java.rmi java.management.rmi java.net.http java.scripting java.security.jgss java.transaction.xa java.sql java.sql.rowset java.xml.crypto java.se java.smartcardio jdk.accessibility jdk.internal.jvmstat jdk.attach jdk.charsets jdk.internal.opt jdk.zipfs jdk.compiler jdk.crypto.ec jdk.crypto.cryptoki jdk.crypto.mscapi jdk.dynalink jdk.internal.ed jdk.editpad jdk.hotspot.agent jdk.httpserver jdk.internal.le jdk.internal.vm.ci jdk.internal.vm.compiler jdk.internal.vm.compiler.management jdk.jartool jdk.javadoc jdk.jcmd jdk.management jdk.management.agent jdk.jconsole jdk.jdeps jdk.jdwp.agent jdk.jdi jdk.jfr jdk.jshell jdk.jsobject jdk.jstatd jdk.localedata jdk.management.jfr jdk.naming.dns jdk.naming.rmi jdk.net jdk.nio.mapmode jdk.random jdk.sctp jdk.security.auth jdk.security.jgss jdk.unsupported jdk.unsupported.desktop jdk.xml.dom" 

Environment Variables:
PATH=C:\Users\kalra\AppData\Local\Programs\Microsoft VS Code;C:\Python314\Scripts\;C:\Python314\;C:\Program Files\nodejs\;C:\ProgramData\chocolatey\bin;D:\Git\cmd;C:\Users\kalra\AppData\Local\Programs\Python\Python313\Scripts\;C:\Users\kalra\AppData\Local\Programs\Python\Python313\;C:\Program Files\MySQL\MySQL Shell 8.0\bin\;C:\Users\kalra\AppData\Local\Programs\Python\Python312\Scripts\;C:\Users\kalra\AppData\Local\Programs\Python\Python312\;C:\Users\kalra\AppData\Local\Microsoft\WindowsApps;C:\Users\kalra\AppData\Local\Programs\Microsoft VS Code\bin;C:\Program Files\Azure Data Studio\bin;%JAVA_HOME%\bin;C:\Program Files\Maven\apache-maven-3.9.11\bin;C:\Program Files\MySQL\MySQL Server 8.0\bin;C:\Users\kalra\AppData\Roaming\npm;C:\Users\kalra\Downloads\flutter_windows_3.41.4-stable\flutter\bin;C:\Windows\System32;C:\Program Files\Git\cmd;C:\Windows\System32\WindowsPowerShell\v1.0\;
USERNAME=kalra
OS=Windows_NT
PROCESSOR_IDENTIFIER=AMD64 Family 23 Model 104 Stepping 1, AuthenticAMD
TMP=C:\Users\kalra\AppData\Local\Temp
TEMP=C:\Users\kalra\AppData\Local\Temp




Periodic native trim disabled

---------------  S Y S T E M  ---------------

OS:
 Windows 11 , 64 bit Build 26100 (10.0.26100.7920)
OS uptime: 0 days 0:08 hours
Hyper-V role detected

CPU: total 12 (initial active 12) (12 cores per cpu, 2 threads per core) family 23 model 104 stepping 1 microcode 0x8608107, cx8, cmov, fxsr, ht, mmx, 3dnowpref, sse, sse2, sse3, ssse3, sse4a, sse4.1, sse4.2, popcnt, lzcnt, tsc, tscinvbit, avx, avx2, aes, clmul, bmi1, bmi2, adx, sha, fma, vzeroupper, clflush, clflushopt, hv, rdtscp, rdpid, f16c
Processor Information for the first 12 processors :
  Max Mhz: 2100, Current Mhz: 2100, Mhz Limit: 2100

Memory: 4k page, system-wide physical 7501M (599M free)
TotalPageFile size 15124M (AvailPageFile size 8M)
current process WorkingSet (physical memory assigned to process): 104M, peak: 104M
current process commit charge ("private bytes"): 254M, peak: 254M

vm_info: OpenJDK 64-Bit Server VM (21.0.10+7-LTS) for windows-amd64 JRE (21.0.10+7-LTS), built on 2026-01-20T00:00:00Z by "admin" with MS VC++ 17.12 (VS2022)

END.
