#
# There is insufficient memory for the Java Runtime Environment to continue.
# Native memory allocation (mmap) failed to map 65536 bytes. Error detail: Failed to commit metaspace.
# Possible reasons:
#   The system is out of physical RAM or swap space
#   This process is running with CompressedOops enabled, and the Java Heap may be blocking the growth of the native heap
# Possible solutions:
#   Reduce memory load on the system
#   Increase physical memory or swap space
#   Check if swap backing store is full
#   Decrease Java heap size (-Xmx/-Xms)
#   Decrease number of Java threads
#   Decrease Java thread stack sizes (-Xss)
#   Set larger code cache with -XX:ReservedCodeCacheSize=
#   JVM is running with Unscaled Compressed Oops mode in which the Java heap is
#     placed in the first 4GB address space. The Java Heap base address is the
#     maximum limit for the native heap growth. Please use -XX:HeapBaseMinAddress
#     to set the Java Heap base and to place the Java Heap above 4GB virtual address.
# This output file may be truncated or incomplete.
#
#  Out of Memory Error (virtualSpaceNode.cpp:113), pid=21316, tid=15156
#
# JRE version: OpenJDK Runtime Environment Temurin-21.0.10+7 (21.0.10+7) (build 21.0.10+7-LTS)
# Java VM: OpenJDK 64-Bit Server VM Temurin-21.0.10+7 (21.0.10+7-LTS, mixed mode, sharing, tiered, compressed oops, compressed class ptrs, parallel gc, windows-amd64)
# No core dump will be written. Minidumps are not enabled by default on client versions of Windows
#

---------------  S U M M A R Y ------------

Command Line: --add-modules=ALL-SYSTEM --add-opens=java.base/java.util=ALL-UNNAMED --add-opens=java.base/java.lang=ALL-UNNAMED --add-opens=java.base/sun.nio.fs=ALL-UNNAMED -Declipse.application=org.eclipse.jdt.ls.core.id1 -Dosgi.bundles.defaultStartLevel=4 -Declipse.product=org.eclipse.jdt.ls.core.product -Djava.import.generatesMetadataFilesAtProjectRoot=false -DDetectVMInstallationsJob.disabled=true -Dfile.encoding=utf8 -XX:+UseParallelGC -XX:GCTimeRatio=4 -XX:AdaptiveSizePolicyWeight=90 -Dsun.zip.disableMemoryMapping=true -Xmx2G -Xms100m -Xlog:disable -javaagent:c:\Users\kalra\.vscode\extensions\redhat.java-1.53.0-win32-x64\lombok\lombok-1.18.39-4050.jar c:\Users\kalra\.vscode\extensions\redhat.java-1.53.0-win32-x64\server\plugins\org.eclipse.equinox.launcher_1.7.100.v20251111-0406.jar -configuration c:\Users\kalra\AppData\Roaming\Code\User\globalStorage\redhat.java\1.53.0\config_ss_win -data c:\Users\kalra\AppData\Roaming\Code\User\workspaceStorage\4fda5c3b26c15e0cb27154c0e992db6d\redhat.java\ss_ws --pipe=\\.\pipe\lsp-af4820a1341acd6cee5126b8ceb73281-sock

Host: AMD Ryzen 5 5500U with Radeon Graphics         , 12 cores, 7G,  Windows 11 , 64 bit Build 26100 (10.0.26100.7920)
Time: Fri Mar 27 17:57:12 2026 India Standard Time elapsed time: 2.771317 seconds (0d 0h 0m 2s)

---------------  T H R E A D  ---------------

Current thread (0x00000218795b1070):  JavaThread "Start Level: Equinox Container: bfcdb9f7-fb0b-46fc-8611-bdd429d261ee" daemon [_thread_in_vm, id=15156, stack(0x0000004d25100000,0x0000004d25200000) (1024K)]

Stack: [0x0000004d25100000,0x0000004d25200000]
Native frames: (J=compiled Java code, j=interpreted, Vv=VM code, C=native code)
V  [jvm.dll+0x6d7a39]
V  [jvm.dll+0x8b4b26]
V  [jvm.dll+0x8b70de]
V  [jvm.dll+0x8b77c3]
V  [jvm.dll+0x284346]
V  [jvm.dll+0x8b086e]
V  [jvm.dll+0x679444]
V  [jvm.dll+0x1e82bb]
V  [jvm.dll+0x1e807e]
V  [jvm.dll+0x67bd42]
V  [jvm.dll+0x67bb72]
V  [jvm.dll+0x679e1e]
V  [jvm.dll+0x26f5c6]
V  [jvm.dll+0x219f3f]
V  [jvm.dll+0x20f62e]
V  [jvm.dll+0x5b644f]
V  [jvm.dll+0x82ead6]
V  [jvm.dll+0x478db8]
V  [jvm.dll+0x47ebe8]
C  [java.dll+0x17ec]

Java frames: (J=compiled Java code, j=interpreted, Vv=VM code)
J 1117  java.lang.ClassLoader.defineClass1(Ljava/lang/ClassLoader;Ljava/lang/String;[BIILjava/security/ProtectionDomain;Ljava/lang/String;)Ljava/lang/Class; java.base@21.0.10 (0 bytes) @ 0x000002186b0f0511 [0x000002186b0f0440+0x00000000000000d1]
j  java.lang.ClassLoader.defineClass(Ljava/lang/String;[BIILjava/security/ProtectionDomain;)Ljava/lang/Class;+27 java.base@21.0.10
j  org.eclipse.osgi.internal.loader.ModuleClassLoader.defineClass(Ljava/lang/String;[BLorg/eclipse/osgi/internal/loader/classpath/ClasspathEntry;)Lorg/eclipse/osgi/internal/loader/ModuleClassLoader$DefineClassResult;+37
j  org.eclipse.osgi.internal.loader.classpath.ClasspathManager.defineClass(Ljava/lang/String;[BLorg/eclipse/osgi/internal/loader/classpath/ClasspathEntry;Lorg/eclipse/osgi/storage/bundlefile/BundleEntry;Ljava/util/List;)Ljava/lang/Class;+424
j  org.eclipse.osgi.internal.loader.classpath.ClasspathManager.findClassImpl(Ljava/lang/String;Lorg/eclipse/osgi/internal/loader/classpath/ClasspathEntry;Ljava/util/List;)Ljava/lang/Class;+288
j  org.eclipse.osgi.internal.loader.classpath.ClasspathManager.findLocalClassImpl(Ljava/lang/String;[Lorg/eclipse/osgi/internal/loader/classpath/ClasspathEntry;Ljava/util/List;)Ljava/lang/Class;+30
j  org.eclipse.osgi.internal.loader.classpath.ClasspathManager.findLocalClassImpl(Ljava/lang/String;Ljava/util/List;)Ljava/lang/Class;+69
j  org.eclipse.osgi.internal.loader.classpath.ClasspathManager.findLocalClass(Ljava/lang/String;)Ljava/lang/Class;+113
j  org.eclipse.osgi.internal.loader.ModuleClassLoader.findLocalClass(Ljava/lang/String;)Ljava/lang/Class;+5
j  org.eclipse.osgi.internal.loader.BundleLoader.findLocalClass(Ljava/lang/String;)Ljava/lang/Class;+65
j  org.eclipse.osgi.internal.loader.BundleLoader.findClass0(Ljava/lang/String;ZZ)Ljava/lang/Class;+327
j  org.eclipse.osgi.internal.loader.BundleLoader.findClass(Ljava/lang/String;)Ljava/lang/Class;+4
j  org.eclipse.osgi.internal.framework.BundleContextImpl.loadBundleActivator()Lorg/osgi/framework/BundleActivator;+94
j  org.eclipse.osgi.internal.framework.BundleContextImpl.start()V+18
j  org.eclipse.osgi.internal.framework.EquinoxBundle.startWorker0()V+35
j  org.eclipse.osgi.internal.framework.EquinoxBundle$EquinoxModule.startWorker()V+4
j  org.eclipse.osgi.container.Module.doStart([Lorg/eclipse/osgi/container/Module$StartOptions;)Lorg/eclipse/osgi/container/ModuleContainerAdaptor$ModuleEvent;+200
j  org.eclipse.osgi.container.Module.start([Lorg/eclipse/osgi/container/Module$StartOptions;)V+460
j  org.eclipse.osgi.container.ModuleContainer$ContainerStartLevel$2.run()V+83
j  org.eclipse.osgi.internal.framework.EquinoxContainerAdaptor$1$1.execute(Ljava/lang/Runnable;)V+1
j  org.eclipse.osgi.container.ModuleContainer$ContainerStartLevel.incStartLevel(ILjava/util/List;Z)V+193
j  org.eclipse.osgi.container.ModuleContainer$ContainerStartLevel.incStartLevel(ILjava/util/List;Ljava/util/List;Ljava/util/List;Ljava/util/List;)V+19
j  org.eclipse.osgi.container.ModuleContainer$ContainerStartLevel.doContainerStartLevel(Lorg/eclipse/osgi/container/Module;I[Lorg/osgi/framework/FrameworkListener;)V+358
j  org.eclipse.osgi.container.ModuleContainer$ContainerStartLevel.dispatchEvent(Lorg/eclipse/osgi/container/Module;[Lorg/osgi/framework/FrameworkListener;ILjava/lang/Integer;)V+32
j  org.eclipse.osgi.container.ModuleContainer$ContainerStartLevel.dispatchEvent(Ljava/lang/Object;Ljava/lang/Object;ILjava/lang/Object;)V+15
j  org.eclipse.osgi.framework.eventmgr.EventManager.dispatchEvent(Ljava/util/Set;Lorg/eclipse/osgi/framework/eventmgr/EventDispatcher;ILjava/lang/Object;)V+48
j  org.eclipse.osgi.framework.eventmgr.EventManager$EventThread.run()V+26
v  ~StubRoutines::call_stub 0x000002186aae100d

Compiled method (n/a) 2812 1117     n 0       java.lang.ClassLoader::defineClass1 (native)
 total in heap  [0x000002186b0f0290,0x000002186b0f0718] = 1160
 relocation     [0x000002186b0f03f0,0x000002186b0f0428] = 56
 main code      [0x000002186b0f0440,0x000002186b0f0716] = 726
 stub code      [0x000002186b0f0716,0x000002186b0f0718] = 2

[Constant Pool (empty)]

[MachCode]
[Entry Point]
  # {method} {0x0000021800434f58} 'defineClass1' '(Ljava/lang/ClassLoader;Ljava/lang/String;[BIILjava/security/ProtectionDomain;Ljava/lang/String;)Ljava/lang/Class;' in 'java/lang/ClassLoader'
  # parm0:    rdx:rdx   = 'java/lang/ClassLoader'
  # parm1:    r8:r8     = 'java/lang/String'
  # parm2:    r9:r9     = '[B'
  # parm3:    rdi       = int
  # parm4:    rsi       = int
  # parm5:    rcx:rcx   = 'java/security/ProtectionDomain'
  # parm6:    [sp+0xa0]   = 'java/lang/String'  (sp of caller)
  0x000002186b0f0440: 448b 5208 | 49bb 0000 | 0000 1802 | 0000 4d03 | d349 3bc2 | 0f84 0600 

  0x000002186b0f0458: ;   {runtime_call ic_miss_stub}
  0x000002186b0f0458: 0000 e921 | e0a3 ff90 
[Verified Entry Point]
  0x000002186b0f0460: 8984 2400 | 80ff ff55 | 488b ec48 | 81ec 9000 | 0000 6690 | 4181 7f20 | 0100 0000 

  0x000002186b0f047c: ;   {runtime_call StubRoutines (final stubs)}
  0x000002186b0f047c: 7405 e85d | 85a2 ff48 | 837d 1000 | 488d 4510 | 480f 4445 | 1048 8944 | 2440 4889 | 4c24 7048 
  0x000002186b0f049c: 83f9 0048 | 8d44 2470 | 480f 4444 | 2470 4889 | 4424 3848 | 8974 2430 | 4889 7c24 | 284c 894c 
  0x000002186b0f04bc: 2458 4983 | f900 488d | 4424 5848 | 0f44 4424 | 5848 8944 | 2420 4c89 | 4424 5049 | 83f8 004c 
  0x000002186b0f04dc: 8d4c 2450 | 4c0f 444c | 2450 4889 | 5424 4848 | 83fa 004c | 8d44 2448 | 4c0f 4444 

  0x000002186b0f04f8: ;   {oop(a 'java/lang/Class'{0x00000000d6ecbfe8} = 'java/lang/ClassLoader')}
  0x000002186b0f04f8: 2448 49be | e8bf ecd6 | 0000 0000 | 4c89 7424 | 784c 8d74 | 2478 498b | d6c5 f877 

  0x000002186b0f0514: ;   {internal_word}
  0x000002186b0f0514: 49ba 1105 | 0f6b 1802 | 0000 4d89 | 97a8 0300 | 0049 89a7 | a003 0000 

  0x000002186b0f052c: ;   {external_word}
  0x000002186b0f052c: 49ba c65c | 4016 ff7f | 0000 4180 | 3a00 0f84 | 4e00 0000 | 5241 5041 

  0x000002186b0f0544: ;   {metadata({method} {0x0000021800434f58} 'defineClass1' '(Ljava/lang/ClassLoader;Ljava/lang/String;[BIILjava/security/ProtectionDomain;Ljava/lang/String;)Ljava/lang/Class;' in 'java/lang/ClassLoader')}
  0x000002186b0f0544: 5148 ba50 | 4f43 0018 | 0200 0049 | 8bcf 4883 | ec20 40f6 | c40f 0f84 | 1900 0000 | 4883 ec08 
  0x000002186b0f0564: ;   {runtime_call}
  0x000002186b0f0564: 48b8 50e1 | e915 ff7f | 0000 ffd0 | 4883 c408 | e90c 0000 

  0x000002186b0f0578: ;   {runtime_call}
  0x000002186b0f0578: 0048 b850 | e1e9 15ff | 7f00 00ff | d048 83c4 | 2041 5941 | 585a 498d | 8fc0 0300 | 0041 c787 
  0x000002186b0f0598: 4c04 0000 | 0400 0000 

  0x000002186b0f05a0: ;   {runtime_call}
  0x000002186b0f05a0: 48b8 ac16 | 4e5e ff7f | 0000 ffd0 | c5f8 7741 | c787 4c04 | 0000 0500 | 0000 f083 | 4424 c000 
  0x000002186b0f05c0: 493b af50 | 0400 000f | 870e 0000 | 0041 83bf | 4804 0000 | 000f 842b | 0000 00c5 | f877 4889 
  0x000002186b0f05e0: 45f8 498b | cf4c 8be4 | 4883 ec20 | 4883 e4f0 

  0x000002186b0f05f0: ;   {runtime_call}
  0x000002186b0f05f0: 48b8 d052 | b515 ff7f | 0000 ffd0 | 498b e44d | 33e4 488b | 45f8 41c7 | 874c 0400 | 0008 0000 
  0x000002186b0f0610: 0041 83bf | c804 0000 | 020f 84ca 

  0x000002186b0f061c: ;   {external_word}
  0x000002186b0f061c: 0000 0049 | bac6 5c40 | 16ff 7f00 | 0041 803a | 000f 844c | 0000 0048 

  0x000002186b0f0634: ;   {metadata({method} {0x0000021800434f58} 'defineClass1' '(Ljava/lang/ClassLoader;Ljava/lang/String;[BIILjava/security/ProtectionDomain;Ljava/lang/String;)Ljava/lang/Class;' in 'java/lang/ClassLoader')}
  0x000002186b0f0634: 8945 f848 | ba50 4f43 | 0018 0200 | 0049 8bcf | 4883 ec20 | 40f6 c40f | 0f84 1900 | 0000 4883 
  0x000002186b0f0654: ;   {runtime_call}
  0x000002186b0f0654: ec08 48b8 | 50e1 e915 | ff7f 0000 | ffd0 4883 | c408 e90c 

  0x000002186b0f0668: ;   {runtime_call}
  0x000002186b0f0668: 0000 0048 | b850 e1e9 | 15ff 7f00 | 00ff d048 | 83c4 2048 | 8b45 f849 | c787 a003 | 0000 0000 
  0x000002186b0f0688: 0000 49c7 | 87a8 0300 | 0000 0000 | 00c5 f877 | 4885 c00f | 8425 0000 | 00a8 030f | 8508 0000 
  0x000002186b0f06a8: 0048 8b00 | e915 0000 | 00a8 010f | 8509 0000 | 0048 8b40 | fee9 0400 | 0000 488b | 40ff 498b 
  0x000002186b0f06c8: 8f30 0400 | 00c7 8100 | 0100 0000 | 0000 00c9 | 4983 7f08 | 000f 8501 | 0000 00c3 

  0x000002186b0f06e4: ;   {runtime_call StubRoutines (initial stubs)}
  0x000002186b0f06e4: e917 089f | ffc5 f877 | 4889 45f8 | 4c8b e448 | 83ec 2048 

  0x000002186b0f06f8: ;   {runtime_call}
  0x000002186b0f06f8: 83e4 f048 | b8a0 18ea | 15ff 7f00 | 00ff d049 | 8be4 4d33 | e448 8b45 | f8e9 09ff | ffff f4f4 
[/MachCode]


---------------  P R O C E S S  ---------------

Threads class SMR info:
_java_thread_list=0x000002187e1a3d00, length=15, elements={
0x000002185e00bda0, 0x000002186035ba40, 0x000002186035c960, 0x0000021860458f90,
0x000002186045ba00, 0x0000021860460790, 0x0000021860462930, 0x000002186046b530,
0x00000218780d3fc0, 0x0000021878300950, 0x000002187836a2a0, 0x00000218795c6eb0,
0x000002187e34fdb0, 0x00000218795b0a00, 0x00000218795b1070
}

Java Threads: ( => current thread )
  0x000002185e00bda0 JavaThread "main"                              [_thread_blocked, id=10356, stack(0x0000004d23a00000,0x0000004d23b00000) (1024K)]
  0x000002186035ba40 JavaThread "Reference Handler"          daemon [_thread_blocked, id=19212, stack(0x0000004d23e00000,0x0000004d23f00000) (1024K)]
  0x000002186035c960 JavaThread "Finalizer"                  daemon [_thread_blocked, id=8084, stack(0x0000004d23f00000,0x0000004d24000000) (1024K)]
  0x0000021860458f90 JavaThread "Signal Dispatcher"          daemon [_thread_blocked, id=22804, stack(0x0000004d24000000,0x0000004d24100000) (1024K)]
  0x000002186045ba00 JavaThread "Attach Listener"            daemon [_thread_blocked, id=6300, stack(0x0000004d24100000,0x0000004d24200000) (1024K)]
  0x0000021860460790 JavaThread "Service Thread"             daemon [_thread_blocked, id=15012, stack(0x0000004d24200000,0x0000004d24300000) (1024K)]
  0x0000021860462930 JavaThread "Monitor Deflation Thread"   daemon [_thread_blocked, id=3632, stack(0x0000004d24300000,0x0000004d24400000) (1024K)]
  0x000002186046b530 JavaThread "C2 CompilerThread0"         daemon [_thread_blocked, id=7920, stack(0x0000004d24400000,0x0000004d24500000) (1024K)]
  0x00000218780d3fc0 JavaThread "C1 CompilerThread0"         daemon [_thread_blocked, id=22416, stack(0x0000004d24500000,0x0000004d24600000) (1024K)]
  0x0000021878300950 JavaThread "Common-Cleaner"             daemon [_thread_blocked, id=18524, stack(0x0000004d24600000,0x0000004d24700000) (1024K)]
  0x000002187836a2a0 JavaThread "Notification Thread"        daemon [_thread_blocked, id=15276, stack(0x0000004d24800000,0x0000004d24900000) (1024K)]
  0x00000218795c6eb0 JavaThread "C2 CompilerThread1"         daemon [_thread_blocked, id=14824, stack(0x0000004d24700000,0x0000004d24800000) (1024K)]
  0x000002187e34fdb0 JavaThread "Active Thread: Equinox Container: bfcdb9f7-fb0b-46fc-8611-bdd429d261ee"        [_thread_blocked, id=10192, stack(0x0000004d24f00000,0x0000004d25000000) (1024K)]
  0x00000218795b0a00 JavaThread "Framework Event Dispatcher: Equinox Container: bfcdb9f7-fb0b-46fc-8611-bdd429d261ee" daemon [_thread_blocked, id=900, stack(0x0000004d25000000,0x0000004d25100000) (1024K)]
=>0x00000218795b1070 JavaThread "Start Level: Equinox Container: bfcdb9f7-fb0b-46fc-8611-bdd429d261ee" daemon [_thread_in_vm, id=15156, stack(0x0000004d25100000,0x0000004d25200000) (1024K)]
Total: 15

Other Threads:
  0x0000021860452a50 VMThread "VM Thread"                           [id=17640, stack(0x0000004d23d00000,0x0000004d23e00000) (1024K)]
  0x000002186023ca00 WatcherThread "VM Periodic Task Thread"        [id=23320, stack(0x0000004d23c00000,0x0000004d23d00000) (1024K)]
  0x00000218603cdac0 WorkerThread "GC Thread#0"                     [id=12084, stack(0x0000004d23b00000,0x0000004d23c00000) (1024K)]
  0x00000218793db730 WorkerThread "GC Thread#1"                     [id=7420, stack(0x0000004d24900000,0x0000004d24a00000) (1024K)]
  0x0000021879857090 WorkerThread "GC Thread#2"                     [id=6132, stack(0x0000004d24a00000,0x0000004d24b00000) (1024K)]
  0x00000218793dbae0 WorkerThread "GC Thread#3"                     [id=1308, stack(0x0000004d24b00000,0x0000004d24c00000) (1024K)]
  0x00000218792bbef0 WorkerThread "GC Thread#4"                     [id=17332, stack(0x0000004d24c00000,0x0000004d24d00000) (1024K)]
  0x00000218792bc2a0 WorkerThread "GC Thread#5"                     [id=4024, stack(0x0000004d24d00000,0x0000004d24e00000) (1024K)]
  0x00000218792bc650 WorkerThread "GC Thread#6"                     [id=2392, stack(0x0000004d24e00000,0x0000004d24f00000) (1024K)]
Total: 9

Threads with active compile tasks:
Total: 0

VM state: not at safepoint (normal execution)

VM Mutex/Monitor currently owned by a thread:  ([mutex/lock_event])
[0x00007fff1641c4e0] Metaspace_lock - owner thread: 0x00000218795b1070

Heap address: 0x0000000080000000, size: 2048 MB, Compressed Oops mode: 32-bit

CDS archive(s) mapped at: [0x0000021800000000-0x0000021800ba0000-0x0000021800ba0000), size 12189696, SharedBaseAddress: 0x0000021800000000, ArchiveRelocationMode: 1.
Compressed class space mapped at: 0x0000021801000000-0x0000021841000000, reserved size: 1073741824
Narrow klass base: 0x0000021800000000, Narrow klass shift: 0, Narrow klass range: 0x100000000

GC Precious Log:
 CardTable entry size: 512
 CPUs: 12 total, 12 available
 Memory: 7501M
 Large Page Support: Disabled
 NUMA Support: Disabled
 Compressed Oops: Enabled (32-bit)
 Alignments: Space 512K, Generation 512K, Heap 2M
 Heap Min Capacity: 100M
 Heap Initial Capacity: 100M
 Heap Max Capacity: 2G
 Pre-touch: Disabled
 Parallel Workers: 10

Heap:
 PSYoungGen      total 29696K, used 28399K [0x00000000d5580000, 0x00000000d7680000, 0x0000000100000000)
  eden space 25600K, 98% used [0x00000000d5580000,0x00000000d6e09de0,0x00000000d6e80000)
  from space 4096K, 79% used [0x00000000d6e80000,0x00000000d71b1e98,0x00000000d7280000)
  to   space 4096K, 0% used [0x00000000d7280000,0x00000000d7280000,0x00000000d7680000)
 ParOldGen       total 68608K, used 16K [0x0000000080000000, 0x0000000084300000, 0x00000000d5580000)
  object space 68608K, 0% used [0x0000000080000000,0x0000000080004000,0x0000000084300000)
 Metaspace       used 8061K, committed 8320K, reserved 1114112K
  class space    used 852K, committed 960K, reserved 1048576K

Card table byte_map: [0x000002185fd50000,0x0000021860160000] _byte_map_base: 0x000002185f950000

Marking Bits: (ParMarkBitMap*) 0x00007fff16423450
 Begin Bits: [0x0000021872860000, 0x0000021874860000)
 End Bits:   [0x0000021874860000, 0x0000021876860000)

Polling page: 0x000002185e120000

Metaspace:

Usage:
  Non-class:      7.04 MB used.
      Class:    852.73 KB used.
       Both:      7.87 MB used.

Virtual space:
  Non-class space:       64.00 MB reserved,       7.19 MB ( 11%) committed,  1 nodes.
      Class space:        1.00 GB reserved,     960.00 KB ( <1%) committed,  1 nodes.
             Both:        1.06 GB reserved,       8.12 MB ( <1%) committed. 

Chunk freelists:
   Non-Class:  8.75 MB
       Class:  14.89 MB
        Both:  23.63 MB

MaxMetaspaceSize: unlimited
CompressedClassSpaceSize: 1.00 GB
Initial GC threshold: 21.00 MB
Current GC threshold: 21.00 MB
CDS: on
 - commit_granule_bytes: 65536.
 - commit_granule_words: 8192.
 - virtual_space_node_default_size: 8388608.
 - enlarge_chunks_in_place: 1.
 - use_allocation_guard: 0.


Internal statistics:

num_allocs_failed_limit: 0.
num_arena_births: 234.
num_arena_deaths: 0.
num_vsnodes_births: 2.
num_vsnodes_deaths: 0.
num_space_committed: 130.
num_space_uncommitted: 0.
num_chunks_returned_to_freelist: 0.
num_chunks_taken_from_freelist: 432.
num_chunk_merges: 0.
num_chunk_splits: 276.
num_chunks_enlarged: 181.
num_inconsistent_stats: 0.

CodeHeap 'non-profiled nmethods': size=120000Kb used=746Kb max_used=746Kb free=119253Kb
 bounds [0x000002186b080000, 0x000002186b2f0000, 0x00000218725b0000]
CodeHeap 'profiled nmethods': size=120000Kb used=3218Kb max_used=3218Kb free=116781Kb
 bounds [0x00000218635b0000, 0x00000218638e0000, 0x000002186aae0000]
CodeHeap 'non-nmethods': size=5760Kb used=1216Kb max_used=1248Kb free=4544Kb
 bounds [0x000002186aae0000, 0x000002186ad50000, 0x000002186b080000]
CodeCache: size=245760Kb, used=5180Kb, max_used=5212Kb, free=240578Kb
 total_blobs=2267, nmethods=1785, adapters=389, full_count=0
Compilation: enabled, stopped_count=0, restarted_count=0

Compilation events (20 events):
Event: 2.731 Thread 0x000002186046b530 nmethod 1758 0x000002186b138d90 code [0x000002186b138f60, 0x000002186b1397c8]
Event: 2.731 Thread 0x000002186046b530 1774       4       org.eclipse.osgi.internal.framework.EquinoxBundle::getLocation (21 bytes)
Event: 2.731 Thread 0x00000218795c6eb0 nmethod 1773 0x000002186b139c10 code [0x000002186b139da0, 0x000002186b139e40]
Event: 2.732 Thread 0x000002186046b530 nmethod 1774 0x000002186b139f10 code [0x000002186b13a0a0, 0x000002186b13a160]
Event: 2.740 Thread 0x00000218780d3fc0 1780       3       sun.net.util.URLUtil::urlNoFragString (143 bytes)
Event: 2.741 Thread 0x00000218780d3fc0 nmethod 1780 0x00000218638ccd10 code [0x00000218638cd040, 0x00000218638cdfa0]
Event: 2.744 Thread 0x00000218780d3fc0 1781       1       org.eclipse.osgi.framework.eventmgr.CopyOnWriteIdentityMap::entries (5 bytes)
Event: 2.744 Thread 0x00000218780d3fc0 nmethod 1781 0x000002186b13a290 code [0x000002186b13a420, 0x000002186b13a4e8]
Event: 2.744 Thread 0x00000218780d3fc0 1782       3       java.util.RegularEnumSet::contains (57 bytes)
Event: 2.745 Thread 0x00000218780d3fc0 nmethod 1782 0x00000218638ce590 code [0x00000218638ce760, 0x00000218638ceb58]
Event: 2.748 Thread 0x00000218780d3fc0 1784       1       org.eclipse.osgi.internal.framework.EquinoxBundle::getModule (5 bytes)
Event: 2.748 Thread 0x00000218780d3fc0 nmethod 1784 0x000002186b13a890 code [0x000002186b13aa20, 0x000002186b13aae8]
Event: 2.748 Thread 0x00000218780d3fc0 1785       3       java.lang.Character::codePointAt (51 bytes)
Event: 2.749 Thread 0x00000218780d3fc0 nmethod 1785 0x00000218638cec90 code [0x00000218638ceea0, 0x00000218638cf4e0]
Event: 2.749 Thread 0x00000218780d3fc0 1786       3       java.net.URLClassLoader::isSealed (72 bytes)
Event: 2.753 Thread 0x00000218780d3fc0 nmethod 1786 0x00000218638cf690 code [0x00000218638cfb00, 0x00000218638d1790]
Event: 2.753 Thread 0x00000218780d3fc0 1787       3       java.lang.Throwable::<init> (39 bytes)
Event: 2.753 Thread 0x00000218780d3fc0 nmethod 1787 0x00000218638d2310 code [0x00000218638d24c0, 0x00000218638d2788]
Event: 2.765 Thread 0x00000218780d3fc0 1788       3       java.net.URLStreamHandler::setURL (159 bytes)
Event: 2.767 Thread 0x00000218780d3fc0 nmethod 1788 0x00000218638d2890 code [0x00000218638d2c20, 0x00000218638d4090]

GC Heap History (2 events):
Event: 1.491 GC heap before
{Heap before GC invocations=1 (full 0):
 PSYoungGen      total 29696K, used 25600K [0x00000000d5580000, 0x00000000d7680000, 0x0000000100000000)
  eden space 25600K, 100% used [0x00000000d5580000,0x00000000d6e80000,0x00000000d6e80000)
  from space 4096K, 0% used [0x00000000d7280000,0x00000000d7280000,0x00000000d7680000)
  to   space 4096K, 0% used [0x00000000d6e80000,0x00000000d6e80000,0x00000000d7280000)
 ParOldGen       total 68608K, used 0K [0x0000000080000000, 0x0000000084300000, 0x00000000d5580000)
  object space 68608K, 0% used [0x0000000080000000,0x0000000080000000,0x0000000084300000)
 Metaspace       used 4374K, committed 4608K, reserved 1114112K
  class space    used 474K, committed 576K, reserved 1048576K
}
Event: 1.503 GC heap after
{Heap after GC invocations=1 (full 0):
 PSYoungGen      total 29696K, used 3271K [0x00000000d5580000, 0x00000000d7680000, 0x0000000100000000)
  eden space 25600K, 0% used [0x00000000d5580000,0x00000000d5580000,0x00000000d6e80000)
  from space 4096K, 79% used [0x00000000d6e80000,0x00000000d71b1e98,0x00000000d7280000)
  to   space 4096K, 0% used [0x00000000d7280000,0x00000000d7280000,0x00000000d7680000)
 ParOldGen       total 68608K, used 16K [0x0000000080000000, 0x0000000084300000, 0x00000000d5580000)
  object space 68608K, 0% used [0x0000000080000000,0x0000000080004000,0x0000000084300000)
 Metaspace       used 4374K, committed 4608K, reserved 1114112K
  class space    used 474K, committed 576K, reserved 1048576K
}

Dll operation events (9 events):
Event: 0.022 Loaded shared library c:\Users\kalra\.vscode\extensions\redhat.java-1.53.0-win32-x64\jre\21.0.10-win32-x86_64\bin\java.dll
Event: 0.156 Loaded shared library c:\Users\kalra\.vscode\extensions\redhat.java-1.53.0-win32-x64\jre\21.0.10-win32-x86_64\bin\zip.dll
Event: 0.197 Loaded shared library C:\Users\kalra\.vscode\extensions\redhat.java-1.53.0-win32-x64\jre\21.0.10-win32-x86_64\bin\instrument.dll
Event: 0.206 Loaded shared library C:\Users\kalra\.vscode\extensions\redhat.java-1.53.0-win32-x64\jre\21.0.10-win32-x86_64\bin\net.dll
Event: 0.211 Loaded shared library C:\Users\kalra\.vscode\extensions\redhat.java-1.53.0-win32-x64\jre\21.0.10-win32-x86_64\bin\nio.dll
Event: 0.217 Loaded shared library C:\Users\kalra\.vscode\extensions\redhat.java-1.53.0-win32-x64\jre\21.0.10-win32-x86_64\bin\zip.dll
Event: 0.252 Loaded shared library C:\Users\kalra\.vscode\extensions\redhat.java-1.53.0-win32-x64\jre\21.0.10-win32-x86_64\bin\jimage.dll
Event: 0.396 Loaded shared library c:\Users\kalra\.vscode\extensions\redhat.java-1.53.0-win32-x64\jre\21.0.10-win32-x86_64\bin\verify.dll
Event: 2.758 Loaded shared library C:\Users\kalra\AppData\Roaming\Code\User\globalStorage\redhat.java\1.53.0\config_ss_win\org.eclipse.equinox.launcher\org.eclipse.equinox.launcher.win32.win32.x86_64_1.3.0.v20260203-2149\eclipse_11919.dll

Deoptimization events (20 events):
Event: 2.346 Thread 0x000002185e00bda0 DEOPT PACKING pc=0x000002186b11100c sp=0x0000004d23afe4c0
Event: 2.346 Thread 0x000002185e00bda0 DEOPT UNPACKING pc=0x000002186ab33aa2 sp=0x0000004d23afe3e8 mode 2
Event: 2.347 Thread 0x000002185e00bda0 Uncommon trap: trap_request=0xffffffde fr.pc=0x000002186b0b1238 relative=0x0000000000000478
Event: 2.347 Thread 0x000002185e00bda0 Uncommon trap: reason=class_check action=maybe_recompile pc=0x000002186b0b1238 method=java.util.HashMap.putVal(ILjava/lang/Object;Ljava/lang/Object;ZZ)Ljava/lang/Object; @ 253 c2
Event: 2.347 Thread 0x000002185e00bda0 DEOPT PACKING pc=0x000002186b0b1238 sp=0x0000004d23afe320
Event: 2.347 Thread 0x000002185e00bda0 DEOPT UNPACKING pc=0x000002186ab33aa2 sp=0x0000004d23afe2e0 mode 2
Event: 2.467 Thread 0x000002185e00bda0 DEOPT PACKING pc=0x00000218636c188b sp=0x0000004d23afca70
Event: 2.467 Thread 0x000002185e00bda0 DEOPT UNPACKING pc=0x000002186ab34242 sp=0x0000004d23afbee8 mode 0
Event: 2.468 Thread 0x000002185e00bda0 DEOPT PACKING pc=0x000002186372fd08 sp=0x0000004d23afc670
Event: 2.468 Thread 0x000002185e00bda0 DEOPT UNPACKING pc=0x000002186ab34242 sp=0x0000004d23afbaf0 mode 0
Event: 2.469 Thread 0x000002185e00bda0 DEOPT PACKING pc=0x00000218636acf86 sp=0x0000004d23afc530
Event: 2.469 Thread 0x000002185e00bda0 DEOPT UNPACKING pc=0x000002186ab34242 sp=0x0000004d23afb9b0 mode 0
Event: 2.470 Thread 0x000002185e00bda0 DEOPT PACKING pc=0x000002186372fd08 sp=0x0000004d23afc980
Event: 2.470 Thread 0x000002185e00bda0 DEOPT UNPACKING pc=0x000002186ab34242 sp=0x0000004d23afbe00 mode 0
Event: 2.472 Thread 0x000002185e00bda0 DEOPT PACKING pc=0x00000218636acf86 sp=0x0000004d23afc780
Event: 2.472 Thread 0x000002185e00bda0 DEOPT UNPACKING pc=0x000002186ab34242 sp=0x0000004d23afbc00 mode 0
Event: 2.472 Thread 0x000002185e00bda0 DEOPT PACKING pc=0x000002186372fd08 sp=0x0000004d23afc8d0
Event: 2.472 Thread 0x000002185e00bda0 DEOPT UNPACKING pc=0x000002186ab34242 sp=0x0000004d23afbd50 mode 0
Event: 2.473 Thread 0x000002185e00bda0 DEOPT PACKING pc=0x000002186372fd08 sp=0x0000004d23afcbd0
Event: 2.473 Thread 0x000002185e00bda0 DEOPT UNPACKING pc=0x000002186ab34242 sp=0x0000004d23afc050 mode 0

Classes loaded (20 events):
Event: 2.512 Loading class java/lang/Thread$Builder$OfPlatform
Event: 2.512 Loading class java/lang/Thread$Builder
Event: 2.513 Loading class java/lang/Thread$Builder done
Event: 2.513 Loading class java/lang/Thread$Builder$OfPlatform done
Event: 2.513 Loading class java/lang/Thread$Builder$OfVirtual
Event: 2.513 Loading class java/lang/Thread$Builder$OfVirtual done
Event: 2.530 Loading class sun/nio/fs/WindowsChannelFactory
Event: 2.530 Loading class sun/nio/fs/WindowsChannelFactory done
Event: 2.530 Loading class sun/nio/fs/WindowsChannelFactory$1
Event: 2.530 Loading class sun/nio/fs/WindowsChannelFactory$1 done
Event: 2.531 Loading class sun/nio/fs/WindowsChannelFactory$Flags
Event: 2.531 Loading class sun/nio/fs/WindowsChannelFactory$Flags done
Event: 2.531 Loading class sun/nio/ch/FileChannelImpl$Closer
Event: 2.532 Loading class sun/nio/ch/FileChannelImpl$Closer done
Event: 2.746 Loading class java/util/concurrent/CountDownLatch
Event: 2.746 Loading class java/util/concurrent/CountDownLatch done
Event: 2.746 Loading class java/util/concurrent/CountDownLatch$Sync
Event: 2.746 Loading class java/util/concurrent/CountDownLatch$Sync done
Event: 2.759 Loading class java/util/concurrent/locks/AbstractQueuedSynchronizer$SharedNode
Event: 2.759 Loading class java/util/concurrent/locks/AbstractQueuedSynchronizer$SharedNode done

Classes unloaded (0 events):
No events

Classes redefined (0 events):
No events

Internal exceptions (20 events):
Event: 1.347 Thread 0x000002185e00bda0 Exception <a 'java/lang/NoSuchMethodError'{0x00000000d6a5d370}: 'java.lang.ClassLoader java.lang.ClassLoader.getPlatformClassLoader(java.lang.Class)'> (0x00000000d6a5d370) 
thrown [s\src\hotspot\share\interpreter\linkResolver.cpp, line 773]
Event: 1.480 Thread 0x000002185e00bda0 Exception <a 'java/lang/ClassNotFoundException'{0x00000000d6e781d0}: sun/net/www/protocol/c/Handler> (0x00000000d6e781d0) 
thrown [s\src\hotspot\share\classfile\systemDictionary.cpp, line 312]
Event: 1.482 Thread 0x000002185e00bda0 Exception <a 'java/lang/ClassNotFoundException'{0x00000000d6e79540}: sun/net/www/protocol/d/Handler> (0x00000000d6e79540) 
thrown [s\src\hotspot\share\classfile\systemDictionary.cpp, line 312]
Event: 1.483 Thread 0x000002185e00bda0 Exception <a 'java/lang/ClassNotFoundException'{0x00000000d6e7a6d8}: sun/net/www/protocol/c/Handler> (0x00000000d6e7a6d8) 
thrown [s\src\hotspot\share\classfile\systemDictionary.cpp, line 312]
Event: 1.512 Thread 0x000002185e00bda0 Exception <a 'java/io/FileNotFoundException'{0x00000000d55a37d8}> (0x00000000d55a37d8) 
thrown [s\src\hotspot\share\prims\jni.cpp, line 520]
Event: 1.592 Thread 0x000002185e00bda0 Implicit null exception at 0x000002186b0db3a9 to 0x000002186b0dbc1c
Event: 1.592 Thread 0x000002185e00bda0 Implicit null exception at 0x000002186b0e1e9a to 0x000002186b0e20a4
Event: 1.593 Thread 0x000002185e00bda0 Exception <a 'java/lang/NoSuchMethodError'{0x00000000d56d2d20}: 'void java.lang.invoke.DirectMethodHandle$Holder.invokeStatic(java.lang.Object, java.lang.Object, java.lang.Object, java.lang.Object)'> (0x00000000d56d2d20) 
thrown [s\src\hotspot\share\interpreter\linkResolver.cpp, line 773]
Event: 1.595 Thread 0x000002185e00bda0 Implicit null exception at 0x000002186b0de33c to 0x000002186b0de5c8
Event: 1.596 Thread 0x000002185e00bda0 Implicit null exception at 0x000002186b0dc5bd to 0x000002186b0dc641
Event: 1.739 Thread 0x000002185e00bda0 Exception <a 'java/lang/NoSuchMethodError'{0x00000000d5996520}: 'void java.lang.invoke.DirectMethodHandle$Holder.invokeSpecial(java.lang.Object, java.lang.Object, java.lang.Object)'> (0x00000000d5996520) 
thrown [s\src\hotspot\share\interpreter\linkResolver.cpp, line 773]
Event: 2.105 Thread 0x000002185e00bda0 Exception <a 'java/lang/NoSuchMethodError'{0x00000000d62ac620}: 'int java.lang.invoke.DirectMethodHandle$Holder.invokeVirtual(java.lang.Object, java.lang.Object)'> (0x00000000d62ac620) 
thrown [s\src\hotspot\share\interpreter\linkResolver.cpp, line 773]
Event: 2.210 Thread 0x000002185e00bda0 Exception <a 'java/lang/NoSuchMethodError'{0x00000000d64207c0}: 'int java.lang.invoke.DirectMethodHandle$Holder.invokeStaticInit(java.lang.Object, java.lang.Object, java.lang.Object, java.lang.Object)'> (0x00000000d64207c0) 
thrown [s\src\hotspot\share\interpreter\linkResolver.cpp, line 773]
Event: 2.212 Thread 0x000002185e00bda0 Exception <a 'java/lang/IncompatibleClassChangeError'{0x00000000d6428bc8}: Found class java.lang.Object, but interface was expected> (0x00000000d6428bc8) 
thrown [s\src\hotspot\share\interpreter\linkResolver.cpp, line 840]
Event: 2.215 Thread 0x000002185e00bda0 Exception <a 'java/lang/NoSuchMethodError'{0x00000000d642f198}: 'void java.lang.invoke.DirectMethodHandle$Holder.invokeStaticInit(java.lang.Object, java.lang.Object)'> (0x00000000d642f198) 
thrown [s\src\hotspot\share\interpreter\linkResolver.cpp, line 773]
Event: 2.217 Thread 0x000002185e00bda0 Exception <a 'java/lang/NoSuchMethodError'{0x00000000d64383b0}: 'int java.lang.invoke.DirectMethodHandle$Holder.invokeStaticInit(java.lang.Object, java.lang.Object)'> (0x00000000d64383b0) 
thrown [s\src\hotspot\share\interpreter\linkResolver.cpp, line 773]
Event: 2.315 Thread 0x000002185e00bda0 Exception <a 'java/lang/NoSuchMethodError'{0x00000000d66827f8}: 'java.lang.Object java.lang.invoke.DirectMethodHandle$Holder.newInvokeSpecial(java.lang.Object, int, java.lang.Object)'> (0x00000000d66827f8) 
thrown [s\src\hotspot\share\interpreter\linkResolver.cpp, line 773]
Event: 2.404 Thread 0x000002185e00bda0 Exception <a 'java/lang/ClassNotFoundException'{0x00000000d689a7e8}: sun/net/www/protocol/plurl/Handler> (0x00000000d689a7e8) 
thrown [s\src\hotspot\share\classfile\systemDictionary.cpp, line 312]
Event: 2.405 Thread 0x000002185e00bda0 Exception <a 'java/lang/ClassNotFoundException'{0x00000000d689b668}: sun/net/www/protocol/plurl/Handler> (0x00000000d689b668) 
thrown [s\src\hotspot\share\classfile\systemDictionary.cpp, line 312]
Event: 2.747 Thread 0x000002185e00bda0 Exception <a 'java/lang/UnsatisfiedLinkError'{0x00000000d6d14b38}: 'void org.eclipse.equinox.launcher.JNIBridge._update_splash()'> (0x00000000d6d14b38) 
thrown [s\src\hotspot\share\prims\nativeLookup.cpp, line 415]

ZGC Phase Switch (0 events):
No events

VM Operations (20 events):
Event: 0.890 Executing non-safepoint VM operation: HandshakeAllThreads (Deoptimize)
Event: 0.890 Executing non-safepoint VM operation: HandshakeAllThreads (Deoptimize) done
Event: 0.933 Executing non-safepoint VM operation: HandshakeAllThreads (Deoptimize)
Event: 0.933 Executing non-safepoint VM operation: HandshakeAllThreads (Deoptimize) done
Event: 1.402 Executing safepoint VM operation: ICBufferFull
Event: 1.402 Executing safepoint VM operation: ICBufferFull done
Event: 1.423 Executing non-safepoint VM operation: HandshakeAllThreads (Deoptimize)
Event: 1.423 Executing non-safepoint VM operation: HandshakeAllThreads (Deoptimize) done
Event: 1.491 Executing safepoint VM operation: ParallelGCFailedAllocation (Allocation Failure)
Event: 1.503 Executing safepoint VM operation: ParallelGCFailedAllocation (Allocation Failure) done
Event: 2.263 Executing non-safepoint VM operation: HandshakeAllThreads (Deoptimize)
Event: 2.268 Executing non-safepoint VM operation: HandshakeAllThreads (Deoptimize) done
Event: 2.285 Executing non-safepoint VM operation: HandshakeAllThreads (Deoptimize)
Event: 2.285 Executing non-safepoint VM operation: HandshakeAllThreads (Deoptimize) done
Event: 2.373 Executing non-safepoint VM operation: HandshakeAllThreads (Deoptimize)
Event: 2.373 Executing non-safepoint VM operation: HandshakeAllThreads (Deoptimize) done
Event: 2.396 Executing non-safepoint VM operation: HandshakeAllThreads (Deoptimize)
Event: 2.396 Executing non-safepoint VM operation: HandshakeAllThreads (Deoptimize) done
Event: 2.517 Executing safepoint VM operation: ICBufferFull
Event: 2.518 Executing safepoint VM operation: ICBufferFull done

Memory protections (0 events):
No events

Nmethod flushes (0 events):
No events

Events (17 events):
Event: 0.052 Thread 0x000002185e00bda0 Thread added: 0x000002185e00bda0
Event: 0.084 Thread 0x000002185e00bda0 Thread added: 0x000002186035ba40
Event: 0.084 Thread 0x000002185e00bda0 Thread added: 0x000002186035c960
Event: 0.085 Thread 0x000002185e00bda0 Thread added: 0x0000021860458f90
Event: 0.085 Thread 0x000002185e00bda0 Thread added: 0x000002186045ba00
Event: 0.085 Thread 0x000002185e00bda0 Thread added: 0x0000021860460790
Event: 0.085 Thread 0x000002185e00bda0 Thread added: 0x0000021860462930
Event: 0.085 Thread 0x000002185e00bda0 Thread added: 0x000002186046b530
Event: 0.085 Thread 0x000002185e00bda0 Thread added: 0x00000218780d3fc0
Event: 0.200 Thread 0x000002185e00bda0 Thread added: 0x0000021878300950
Event: 0.382 Thread 0x00000218780d3fc0 Thread added: 0x0000021878366a90
Event: 0.598 Thread 0x000002185e00bda0 Thread added: 0x000002187836a2a0
Event: 1.522 Thread 0x0000021878366a90 Thread exited: 0x0000021878366a90
Event: 1.846 Thread 0x00000218780d3fc0 Thread added: 0x00000218795c6eb0
Event: 2.240 Thread 0x000002185e00bda0 Thread added: 0x000002187e34fdb0
Event: 2.731 Thread 0x000002185e00bda0 Thread added: 0x00000218795b0a00
Event: 2.743 Thread 0x000002185e00bda0 Thread added: 0x00000218795b1070


Dynamic libraries:
0x00007ff7276f0000 - 0x00007ff7276fe000 	c:\Users\kalra\.vscode\extensions\redhat.java-1.53.0-win32-x64\jre\21.0.10-win32-x86_64\bin\java.exe
0x00007fff8a940000 - 0x00007fff8aba7000 	C:\WINDOWS\SYSTEM32\ntdll.dll
0x00007fff89670000 - 0x00007fff89739000 	C:\WINDOWS\System32\KERNEL32.DLL
0x00007fff88170000 - 0x00007fff88561000 	C:\WINDOWS\System32\KERNELBASE.dll
0x00007fff87ff0000 - 0x00007fff8813b000 	C:\WINDOWS\System32\ucrtbase.dll
0x00007fff65640000 - 0x00007fff65658000 	c:\Users\kalra\.vscode\extensions\redhat.java-1.53.0-win32-x64\jre\21.0.10-win32-x86_64\bin\jli.dll
0x00007fff61980000 - 0x00007fff6199e000 	c:\Users\kalra\.vscode\extensions\redhat.java-1.53.0-win32-x64\jre\21.0.10-win32-x86_64\bin\VCRUNTIME140.dll
0x00007fff899a0000 - 0x00007fff89b65000 	C:\WINDOWS\System32\USER32.dll
0x00007fff88140000 - 0x00007fff88167000 	C:\WINDOWS\System32\win32u.dll
0x00007fff89180000 - 0x00007fff891ab000 	C:\WINDOWS\System32\GDI32.dll
0x00007fff87220000 - 0x00007fff8734b000 	C:\WINDOWS\System32\gdi32full.dll
0x00007fff87eb0000 - 0x00007fff87f53000 	C:\WINDOWS\System32\msvcp_win.dll
0x00007fff6aee0000 - 0x00007fff6b173000 	C:\WINDOWS\WinSxS\amd64_microsoft.windows.common-controls_6595b64144ccf1df_6.0.26100.8037_none_3e092faae333b53b\COMCTL32.dll
0x00007fff89750000 - 0x00007fff897f9000 	C:\WINDOWS\System32\msvcrt.dll
0x00007fff89110000 - 0x00007fff89141000 	C:\WINDOWS\System32\IMM32.DLL
0x00007fff6aca0000 - 0x00007fff6acac000 	c:\Users\kalra\.vscode\extensions\redhat.java-1.53.0-win32-x64\jre\21.0.10-win32-x86_64\bin\vcruntime140_1.dll
0x00007fff1d310000 - 0x00007fff1d39d000 	c:\Users\kalra\.vscode\extensions\redhat.java-1.53.0-win32-x64\jre\21.0.10-win32-x86_64\bin\msvcp140.dll
0x00007fff15760000 - 0x00007fff16501000 	c:\Users\kalra\.vscode\extensions\redhat.java-1.53.0-win32-x64\jre\21.0.10-win32-x86_64\bin\server\jvm.dll
0x00007fff8a2e0000 - 0x00007fff8a39b000 	C:\WINDOWS\System32\ADVAPI32.dll
0x00007fff886e0000 - 0x00007fff88787000 	C:\WINDOWS\System32\sechost.dll
0x00007fff89450000 - 0x00007fff89568000 	C:\WINDOWS\System32\RPCRT4.dll
0x00007fff88820000 - 0x00007fff88894000 	C:\WINDOWS\System32\WS2_32.dll
0x00007fff87080000 - 0x00007fff870de000 	C:\WINDOWS\SYSTEM32\POWRPROF.dll
0x00007fff817c0000 - 0x00007fff817cb000 	C:\WINDOWS\SYSTEM32\VERSION.dll
0x00007fff81780000 - 0x00007fff817b5000 	C:\WINDOWS\SYSTEM32\WINMM.dll
0x00007fff87060000 - 0x00007fff87074000 	C:\WINDOWS\SYSTEM32\UMPDC.dll
0x00007fff85fb0000 - 0x00007fff85fcb000 	C:\WINDOWS\SYSTEM32\kernel.appcore.dll
0x00007fff6a660000 - 0x00007fff6a66a000 	c:\Users\kalra\.vscode\extensions\redhat.java-1.53.0-win32-x64\jre\21.0.10-win32-x86_64\bin\jimage.dll
0x00007fff7b9f0000 - 0x00007fff7bc32000 	C:\WINDOWS\SYSTEM32\DBGHELP.DLL
0x00007fff8a570000 - 0x00007fff8a8f2000 	C:\WINDOWS\System32\combase.dll
0x00007fff89320000 - 0x00007fff893f7000 	C:\WINDOWS\System32\OLEAUT32.dll
0x00007fff6dad0000 - 0x00007fff6db0b000 	C:\WINDOWS\SYSTEM32\dbgcore.DLL
0x00007fff88630000 - 0x00007fff886d5000 	C:\WINDOWS\System32\bcryptPrimitives.dll
0x00007fff61c50000 - 0x00007fff61c5f000 	c:\Users\kalra\.vscode\extensions\redhat.java-1.53.0-win32-x64\jre\21.0.10-win32-x86_64\bin\instrument.dll
0x00007fff5e4e0000 - 0x00007fff5e500000 	c:\Users\kalra\.vscode\extensions\redhat.java-1.53.0-win32-x64\jre\21.0.10-win32-x86_64\bin\java.dll
0x00007fff89b70000 - 0x00007fff8a2cf000 	C:\WINDOWS\System32\SHELL32.dll
0x00007fff87d40000 - 0x00007fff87eaa000 	C:\WINDOWS\System32\wintypes.dll
0x00007fff874d0000 - 0x00007fff87d34000 	C:\WINDOWS\System32\windows.storage.dll
0x00007fff89210000 - 0x00007fff89307000 	C:\WINDOWS\System32\SHCORE.dll
0x00007fff8a500000 - 0x00007fff8a567000 	C:\WINDOWS\System32\shlwapi.dll
0x00007fff87140000 - 0x00007fff87169000 	C:\WINDOWS\SYSTEM32\profapi.dll
0x00007fff56b30000 - 0x00007fff56b48000 	c:\Users\kalra\.vscode\extensions\redhat.java-1.53.0-win32-x64\jre\21.0.10-win32-x86_64\bin\zip.dll
0x00007fff5e4d0000 - 0x00007fff5e4e0000 	C:\Users\kalra\.vscode\extensions\redhat.java-1.53.0-win32-x64\jre\21.0.10-win32-x86_64\bin\net.dll
0x00007fff7e6e0000 - 0x00007fff7e807000 	C:\WINDOWS\SYSTEM32\WINHTTP.dll
0x00007fff86520000 - 0x00007fff8658b000 	C:\WINDOWS\system32\mswsock.dll
0x00007fff4dc30000 - 0x00007fff4dc46000 	C:\Users\kalra\.vscode\extensions\redhat.java-1.53.0-win32-x64\jre\21.0.10-win32-x86_64\bin\nio.dll
0x00007fff56a80000 - 0x00007fff56a90000 	c:\Users\kalra\.vscode\extensions\redhat.java-1.53.0-win32-x64\jre\21.0.10-win32-x86_64\bin\verify.dll
0x00007fff3cac0000 - 0x00007fff3cb05000 	C:\Users\kalra\AppData\Roaming\Code\User\globalStorage\redhat.java\1.53.0\config_ss_win\org.eclipse.equinox.launcher\org.eclipse.equinox.launcher.win32.win32.x86_64_1.3.0.v20260203-2149\eclipse_11919.dll
0x00007fff89800000 - 0x00007fff89995000 	C:\WINDOWS\System32\ole32.dll

JVMTI agents:
c:\Users\kalra\.vscode\extensions\redhat.java-1.53.0-win32-x64\lombok\lombok-1.18.39-4050.jar path:c:\Users\kalra\.vscode\extensions\redhat.java-1.53.0-win32-x64\jre\21.0.10-win32-x86_64\bin\instrument.dll, loaded, initialized, instrumentlib options:none

dbghelp: loaded successfully - version: 4.0.5 - missing functions: none
symbol engine: initialized successfully - sym options: 0x614 - pdb path: .;c:\Users\kalra\.vscode\extensions\redhat.java-1.53.0-win32-x64\jre\21.0.10-win32-x86_64\bin;C:\WINDOWS\SYSTEM32;C:\WINDOWS\WinSxS\amd64_microsoft.windows.common-controls_6595b64144ccf1df_6.0.26100.8037_none_3e092faae333b53b;c:\Users\kalra\.vscode\extensions\redhat.java-1.53.0-win32-x64\jre\21.0.10-win32-x86_64\bin\server;C:\Users\kalra\AppData\Roaming\Code\User\globalStorage\redhat.java\1.53.0\config_ss_win\org.eclipse.equinox.launcher\org.eclipse.equinox.launcher.win32.win32.x86_64_1.3.0.v20260203-2149

VM Arguments:
jvm_args: --add-modules=ALL-SYSTEM --add-opens=java.base/java.util=ALL-UNNAMED --add-opens=java.base/java.lang=ALL-UNNAMED --add-opens=java.base/sun.nio.fs=ALL-UNNAMED -Declipse.application=org.eclipse.jdt.ls.core.id1 -Dosgi.bundles.defaultStartLevel=4 -Declipse.product=org.eclipse.jdt.ls.core.product -Djava.import.generatesMetadataFilesAtProjectRoot=false -DDetectVMInstallationsJob.disabled=true -Dfile.encoding=utf8 -XX:+UseParallelGC -XX:GCTimeRatio=4 -XX:AdaptiveSizePolicyWeight=90 -Dsun.zip.disableMemoryMapping=true -Xmx2G -Xms100m -Xlog:disable -javaagent:c:\Users\kalra\.vscode\extensions\redhat.java-1.53.0-win32-x64\lombok\lombok-1.18.39-4050.jar 
java_command: c:\Users\kalra\.vscode\extensions\redhat.java-1.53.0-win32-x64\server\plugins\org.eclipse.equinox.launcher_1.7.100.v20251111-0406.jar -configuration c:\Users\kalra\AppData\Roaming\Code\User\globalStorage\redhat.java\1.53.0\config_ss_win -data c:\Users\kalra\AppData\Roaming\Code\User\workspaceStorage\4fda5c3b26c15e0cb27154c0e992db6d\redhat.java\ss_ws --pipe=\\.\pipe\lsp-af4820a1341acd6cee5126b8ceb73281-sock
java_class_path (initial): c:\Users\kalra\.vscode\extensions\redhat.java-1.53.0-win32-x64\server\plugins\org.eclipse.equinox.launcher_1.7.100.v20251111-0406.jar
Launcher Type: SUN_STANDARD

[Global flags]
    uintx AdaptiveSizePolicyWeight                 = 90                                        {product} {command line}
     intx CICompilerCount                          = 4                                         {product} {ergonomic}
    uintx GCTimeRatio                              = 4                                         {product} {command line}
   size_t InitialHeapSize                          = 104857600                                 {product} {command line}
   size_t MaxHeapSize                              = 2147483648                                {product} {command line}
   size_t MaxNewSize                               = 715653120                                 {product} {ergonomic}
   size_t MinHeapDeltaBytes                        = 524288                                    {product} {ergonomic}
   size_t MinHeapSize                              = 104857600                                 {product} {command line}
   size_t NewSize                                  = 34603008                                  {product} {ergonomic}
    uintx NonNMethodCodeHeapSize                   = 5839372                                {pd product} {ergonomic}
    uintx NonProfiledCodeHeapSize                  = 122909434                              {pd product} {ergonomic}
   size_t OldSize                                  = 70254592                                  {product} {ergonomic}
    uintx ProfiledCodeHeapSize                     = 122909434                              {pd product} {ergonomic}
    uintx ReservedCodeCacheSize                    = 251658240                              {pd product} {ergonomic}
     bool SegmentedCodeCache                       = true                                      {product} {ergonomic}
   size_t SoftMaxHeapSize                          = 2147483648                             {manageable} {ergonomic}
     bool UseCompressedOops                        = true                           {product lp64_product} {ergonomic}
     bool UseLargePagesIndividualAllocation        = false                                  {pd product} {ergonomic}
     bool UseParallelGC                            = true                                      {product} {command line}

Logging:
Log output configuration:
 #0: stdout all=off uptime,level,tags foldmultilines=false
 #1: stderr all=off uptime,level,tags foldmultilines=false

Release file:
JAVA_VERSION="21.0.10" 
MODULES="java.base java.compiler java.datatransfer java.xml java.prefs java.desktop java.instrument java.logging java.management java.security.sasl java.naming java.rmi java.management.rmi java.net.http java.scripting java.security.jgss java.transaction.xa java.sql java.sql.rowset java.xml.crypto java.se java.smartcardio jdk.accessibility jdk.internal.jvmstat jdk.attach jdk.charsets jdk.internal.opt jdk.zipfs jdk.compiler jdk.crypto.ec jdk.crypto.cryptoki jdk.crypto.mscapi jdk.dynalink jdk.internal.ed jdk.editpad jdk.hotspot.agent jdk.httpserver jdk.internal.le jdk.internal.vm.ci jdk.internal.vm.compiler jdk.internal.vm.compiler.management jdk.jartool jdk.javadoc jdk.jcmd jdk.management jdk.management.agent jdk.jconsole jdk.jdeps jdk.jdwp.agent jdk.jdi jdk.jfr jdk.jshell jdk.jsobject jdk.jstatd jdk.localedata jdk.management.jfr jdk.naming.dns jdk.naming.rmi jdk.net jdk.nio.mapmode jdk.random jdk.sctp jdk.security.auth jdk.security.jgss jdk.unsupported jdk.unsupported.desktop jdk.xml.dom" 

Environment Variables:
PATH=C:\Users\kalra\AppData\Local\Programs\Microsoft VS Code;C:\Python314\Scripts\;C:\Python314\;C:\Program Files\nodejs\;C:\ProgramData\chocolatey\bin;D:\Git\cmd;C:\Users\kalra\AppData\Local\Programs\Python\Python313\Scripts\;C:\Users\kalra\AppData\Local\Programs\Python\Python313\;C:\Program Files\MySQL\MySQL Shell 8.0\bin\;C:\Users\kalra\AppData\Local\Programs\Python\Python312\Scripts\;C:\Users\kalra\AppData\Local\Programs\Python\Python312\;C:\Users\kalra\AppData\Local\Microsoft\WindowsApps;C:\Users\kalra\AppData\Local\Programs\Microsoft VS Code\bin;C:\Program Files\Azure Data Studio\bin;%JAVA_HOME%\bin;C:\Program Files\Maven\apache-maven-3.9.11\bin;C:\Program Files\MySQL\MySQL Server 8.0\bin;C:\Users\kalra\AppData\Roaming\npm;C:\Users\kalra\Downloads\flutter_windows_3.41.4-stable\flutter\bin;C:\Windows\System32;C:\Program Files\Git\cmd;C:\Windows\System32\WindowsPowerShell\v1.0\;
USERNAME=kalra
OS=Windows_NT
PROCESSOR_IDENTIFIER=AMD64 Family 23 Model 104 Stepping 1, AuthenticAMD
TMP=C:\Users\kalra\AppData\Local\Temp
TEMP=C:\Users\kalra\AppData\Local\Temp




Periodic native trim disabled

---------------  S Y S T E M  ---------------

OS:
 Windows 11 , 64 bit Build 26100 (10.0.26100.7920)
OS uptime: 0 days 3:23 hours
Hyper-V role detected

CPU: total 12 (initial active 12) (12 cores per cpu, 2 threads per core) family 23 model 104 stepping 1 microcode 0x8608107, cx8, cmov, fxsr, ht, mmx, 3dnowpref, sse, sse2, sse3, ssse3, sse4a, sse4.1, sse4.2, popcnt, lzcnt, tsc, tscinvbit, avx, avx2, aes, clmul, bmi1, bmi2, adx, sha, fma, vzeroupper, clflush, clflushopt, hv, rdtscp, rdpid, f16c
Processor Information for the first 12 processors :
  Max Mhz: 2100, Current Mhz: 2100, Mhz Limit: 2100

Memory: 4k page, system-wide physical 7501M (445M free)
TotalPageFile size 16119M (AvailPageFile size 29M)
current process WorkingSet (physical memory assigned to process): 91M, peak: 92M
current process commit charge ("private bytes"): 249M, peak: 250M

vm_info: OpenJDK 64-Bit Server VM (21.0.10+7-LTS) for windows-amd64 JRE (21.0.10+7-LTS), built on 2026-01-20T00:00:00Z by "admin" with MS VC++ 17.12 (VS2022)

END.
