#
# There is insufficient memory for the Java Runtime Environment to continue.
# Native memory allocation (malloc) failed to allocate 32744 bytes. Error detail: Chunk::new
# Possible reasons:
#   The system is out of physical RAM or swap space
#   This process is running with CompressedOops enabled, and the Java Heap may be blocking the growth of the native heap
# Possible solutions:
#   Reduce memory load on the system
#   Increase physical memory or swap space
#   Check if swap backing store is full
#   Decrease Java heap size (-Xmx/-Xms)
#   Decrease number of Java threads
#   Decrease Java thread stack sizes (-Xss)
#   Set larger code cache with -XX:ReservedCodeCacheSize=
#   JVM is running with Unscaled Compressed Oops mode in which the Java heap is
#     placed in the first 4GB address space. The Java Heap base address is the
#     maximum limit for the native heap growth. Please use -XX:HeapBaseMinAddress
#     to set the Java Heap base and to place the Java Heap above 4GB virtual address.
# This output file may be truncated or incomplete.
#
#  Out of Memory Error (arena.cpp:168), pid=9164, tid=11120
#
# JRE version: OpenJDK Runtime Environment Temurin-21.0.10+7 (21.0.10+7) (build 21.0.10+7-LTS)
# Java VM: OpenJDK 64-Bit Server VM Temurin-21.0.10+7 (21.0.10+7-LTS, mixed mode, sharing, tiered, compressed oops, compressed class ptrs, parallel gc, windows-amd64)
# No core dump will be written. Minidumps are not enabled by default on client versions of Windows
#

---------------  S U M M A R Y ------------

Command Line: --add-modules=ALL-SYSTEM --add-opens=java.base/java.util=ALL-UNNAMED --add-opens=java.base/java.lang=ALL-UNNAMED --add-opens=java.base/sun.nio.fs=ALL-UNNAMED -Declipse.application=org.eclipse.jdt.ls.core.id1 -Dosgi.bundles.defaultStartLevel=4 -Declipse.product=org.eclipse.jdt.ls.core.product -Djava.import.generatesMetadataFilesAtProjectRoot=false -DDetectVMInstallationsJob.disabled=true -Dfile.encoding=utf8 -XX:+UseParallelGC -XX:GCTimeRatio=4 -XX:AdaptiveSizePolicyWeight=90 -Dsun.zip.disableMemoryMapping=true -Xmx2G -Xms100m -Xlog:disable -javaagent:c:\Users\kalra\.vscode\extensions\redhat.java-1.53.0-win32-x64\lombok\lombok-1.18.39-4050.jar -XX:+HeapDumpOnOutOfMemoryError -XX:HeapDumpPath=c:\Users\kalra\AppData\Roaming\Code\User\workspaceStorage\4fda5c3b26c15e0cb27154c0e992db6d\redhat.java -Daether.dependencyCollector.impl=bf c:\Users\kalra\.vscode\extensions\redhat.java-1.53.0-win32-x64\server\plugins\org.eclipse.equinox.launcher_1.7.100.v20251111-0406.jar -configuration c:\Users\kalra\AppData\Roaming\Code\User\globalStorage\redhat.java\1.53.0\config_win -data c:\Users\kalra\AppData\Roaming\Code\User\workspaceStorage\4fda5c3b26c15e0cb27154c0e992db6d\redhat.java\jdt_ws --pipe=\\.\pipe\lsp-7e6f91946046636008ef6a9484c595a5-sock

Host: AMD Ryzen 5 5500U with Radeon Graphics         , 12 cores, 7G,  Windows 11 , 64 bit Build 26100 (10.0.26100.7920)
Time: Fri Mar 27 23:35:20 2026 India Standard Time elapsed time: 1104.962990 seconds (0d 0h 18m 24s)

---------------  T H R E A D  ---------------

Current thread (0x00000283a8b3adf0):  JavaThread "C2 CompilerThread0" daemon [_thread_in_native, id=11120, stack(0x000000b327b00000,0x000000b327c00000) (1024K)]


Current CompileTask:
C2:1104963 15860       4       org.eclipse.jdt.internal.compiler.parser.Parser::consumeRule (7843 bytes)

Stack: [0x000000b327b00000,0x000000b327c00000]
Native frames: (J=compiled Java code, j=interpreted, Vv=VM code, C=native code)
V  [jvm.dll+0x6d7a39]
V  [jvm.dll+0x8b4b26]
V  [jvm.dll+0x8b70de]
V  [jvm.dll+0x8b77c3]
V  [jvm.dll+0x284346]
V  [jvm.dll+0xc66ed]
V  [jvm.dll+0xc6c31]
V  [jvm.dll+0x7034fd]
V  [jvm.dll+0x1e403a]
V  [jvm.dll+0x24c6b3]
V  [jvm.dll+0x24bb40]
V  [jvm.dll+0x1cb34e]
V  [jvm.dll+0x25b85d]
V  [jvm.dll+0x259dea]
V  [jvm.dll+0x3f857e]
V  [jvm.dll+0x85f59d]
V  [jvm.dll+0x6d626d]
C  [ucrtbase.dll+0x37b0]
C  [KERNEL32.DLL+0x2e8d7]
C  [ntdll.dll+0x8c48c]


---------------  P R O C E S S  ---------------

Threads class SMR info:
_java_thread_list=0x000002840931a5e0, length=50, elements={
0x00000283a670cee0, 0x00000283a8a3b5c0, 0x00000283a8a3db70, 0x00000283a8b33fb0,
0x00000283a8b34820, 0x00000283a8b37390, 0x00000283a8b37f20, 0x00000283a8b3adf0,
0x00000284017c04a0, 0x00000284019a00a0, 0x0000028402788130, 0x000002840748bcc0,
0x0000028402e19040, 0x0000028407255270, 0x0000028407237880, 0x0000028402ab97f0,
0x0000028407996ff0, 0x0000028402ba2080, 0x00000284028352b0, 0x0000028402835940,
0x0000028402836660, 0x0000028402833f00, 0x0000028402834590, 0x0000028407d31700,
0x0000028407d344f0, 0x0000028407d31070, 0x0000028407d34b80, 0x0000028407d35210,
0x0000028407d31d90, 0x0000028407d358a0, 0x0000028407d32420, 0x0000028407d35f30,
0x0000028407d32ab0, 0x0000028407d365c0, 0x0000028407d337d0, 0x0000028407d33140,
0x0000028407d36c50, 0x0000028407d37970, 0x0000028407d372e0, 0x00000284085a6f00,
0x00000284085a4e30, 0x000002840b124630, 0x000002840b123910, 0x000002840b127420,
0x000002840b127ab0, 0x000002840b126700, 0x000002840b126070, 0x000002840b1287d0,
0x0000028413061c10, 0x00000284130674a0
}

Java Threads: ( => current thread )
  0x00000283a670cee0 JavaThread "main"                              [_thread_blocked, id=17924, stack(0x000000b327100000,0x000000b327200000) (1024K)]
  0x00000283a8a3b5c0 JavaThread "Reference Handler"          daemon [_thread_blocked, id=2352, stack(0x000000b327500000,0x000000b327600000) (1024K)]
  0x00000283a8a3db70 JavaThread "Finalizer"                  daemon [_thread_blocked, id=3040, stack(0x000000b327600000,0x000000b327700000) (1024K)]
  0x00000283a8b33fb0 JavaThread "Signal Dispatcher"          daemon [_thread_blocked, id=18032, stack(0x000000b327700000,0x000000b327800000) (1024K)]
  0x00000283a8b34820 JavaThread "Attach Listener"            daemon [_thread_blocked, id=2732, stack(0x000000b327800000,0x000000b327900000) (1024K)]
  0x00000283a8b37390 JavaThread "Service Thread"             daemon [_thread_blocked, id=19516, stack(0x000000b327900000,0x000000b327a00000) (1024K)]
  0x00000283a8b37f20 JavaThread "Monitor Deflation Thread"   daemon [_thread_blocked, id=15352, stack(0x000000b327a00000,0x000000b327b00000) (1024K)]
=>0x00000283a8b3adf0 JavaThread "C2 CompilerThread0"         daemon [_thread_in_native, id=11120, stack(0x000000b327b00000,0x000000b327c00000) (1024K)]
  0x00000284017c04a0 JavaThread "C1 CompilerThread0"         daemon [_thread_blocked, id=13284, stack(0x000000b327c00000,0x000000b327d00000) (1024K)]
  0x00000284019a00a0 JavaThread "Common-Cleaner"             daemon [_thread_blocked, id=9756, stack(0x000000b327d00000,0x000000b327e00000) (1024K)]
  0x0000028402788130 JavaThread "Notification Thread"        daemon [_thread_blocked, id=24700, stack(0x000000b327f00000,0x000000b328000000) (1024K)]
  0x000002840748bcc0 JavaThread "Active Thread: Equinox Container: 51baa8b9-4121-400c-9ee9-8c89b4d98d3a"        [_thread_blocked, id=9392, stack(0x000000b328700000,0x000000b328800000) (1024K)]
  0x0000028402e19040 JavaThread "Refresh Thread: Equinox Container: 51baa8b9-4121-400c-9ee9-8c89b4d98d3a" daemon [_thread_blocked, id=24860, stack(0x000000b328900000,0x000000b328a00000) (1024K)]
  0x0000028407255270 JavaThread "Framework Event Dispatcher: Equinox Container: 51baa8b9-4121-400c-9ee9-8c89b4d98d3a" daemon [_thread_blocked, id=13536, stack(0x000000b328a00000,0x000000b328b00000) (1024K)]
  0x0000028407237880 JavaThread "Start Level: Equinox Container: 51baa8b9-4121-400c-9ee9-8c89b4d98d3a" daemon [_thread_blocked, id=18088, stack(0x000000b328b00000,0x000000b328c00000) (1024K)]
  0x0000028402ab97f0 JavaThread "Bundle File Closer"         daemon [_thread_blocked, id=11560, stack(0x000000b328000000,0x000000b328100000) (1024K)]
  0x0000028407996ff0 JavaThread "SCR Component Actor"        daemon [_thread_blocked, id=11860, stack(0x000000b327e00000,0x000000b327f00000) (1024K)]
  0x0000028402ba2080 JavaThread "Worker-JM"                         [_thread_blocked, id=16420, stack(0x000000b328e00000,0x000000b328f00000) (1024K)]
  0x00000284028352b0 JavaThread "JNA Cleaner"                daemon [_thread_blocked, id=20896, stack(0x000000b328f00000,0x000000b329000000) (1024K)]
  0x0000028402835940 JavaThread "Worker-0"                          [_thread_blocked, id=6368, stack(0x000000b329000000,0x000000b329100000) (1024K)]
  0x0000028402836660 JavaThread "Java indexing"              daemon [_thread_blocked, id=7800, stack(0x000000b329400000,0x000000b329500000) (1024K)]
  0x0000028402833f00 JavaThread "Thread-1"                   daemon [_thread_in_native, id=3840, stack(0x000000b329900000,0x000000b329a00000) (1024K)]
  0x0000028402834590 JavaThread "Thread-2"                   daemon [_thread_in_native, id=21900, stack(0x000000b329a00000,0x000000b329b00000) (1024K)]
  0x0000028407d31700 JavaThread "Thread-3"                   daemon [_thread_in_native, id=19860, stack(0x000000b329b00000,0x000000b329c00000) (1024K)]
  0x0000028407d344f0 JavaThread "Thread-4"                   daemon [_thread_in_native, id=21064, stack(0x000000b329c00000,0x000000b329d00000) (1024K)]
  0x0000028407d31070 JavaThread "Thread-5"                   daemon [_thread_in_native, id=22164, stack(0x000000b329d00000,0x000000b329e00000) (1024K)]
  0x0000028407d34b80 JavaThread "Thread-6"                   daemon [_thread_in_native, id=12096, stack(0x000000b329e00000,0x000000b329f00000) (1024K)]
  0x0000028407d35210 JavaThread "Thread-7"                   daemon [_thread_in_native, id=18500, stack(0x000000b329f00000,0x000000b32a000000) (1024K)]
  0x0000028407d31d90 JavaThread "Thread-8"                   daemon [_thread_in_native, id=6680, stack(0x000000b32a000000,0x000000b32a100000) (1024K)]
  0x0000028407d358a0 JavaThread "Thread-9"                   daemon [_thread_in_native, id=10732, stack(0x000000b32a100000,0x000000b32a200000) (1024K)]
  0x0000028407d32420 JavaThread "Thread-10"                  daemon [_thread_in_native, id=24628, stack(0x000000b32a200000,0x000000b32a300000) (1024K)]
  0x0000028407d35f30 JavaThread "Thread-11"                  daemon [_thread_in_native, id=8864, stack(0x000000b32a300000,0x000000b32a400000) (1024K)]
  0x0000028407d32ab0 JavaThread "Thread-12"                  daemon [_thread_in_native, id=15212, stack(0x000000b32a400000,0x000000b32a500000) (1024K)]
  0x0000028407d365c0 JavaThread "Thread-13"                  daemon [_thread_in_native, id=18176, stack(0x000000b32a500000,0x000000b32a600000) (1024K)]
  0x0000028407d337d0 JavaThread "pool-2-thread-1"                   [_thread_blocked, id=19100, stack(0x000000b32a600000,0x000000b32a700000) (1024K)]
  0x0000028407d33140 JavaThread "WorkspaceEventsHandler"            [_thread_blocked, id=4640, stack(0x000000b32a800000,0x000000b32a900000) (1024K)]
  0x0000028407d36c50 JavaThread "pool-1-thread-1"                   [_thread_blocked, id=22108, stack(0x000000b32a900000,0x000000b32aa00000) (1024K)]
  0x0000028407d37970 JavaThread "ForkJoinPool.commonPool-worker-2" daemon [_thread_blocked, id=8700, stack(0x000000b32ab00000,0x000000b32ac00000) (1024K)]
  0x0000028407d372e0 JavaThread "ForkJoinPool.commonPool-worker-3" daemon [_thread_blocked, id=11956, stack(0x000000b32ac00000,0x000000b32ad00000) (1024K)]
  0x00000284085a6f00 JavaThread "ForkJoinPool.commonPool-worker-6" daemon [_thread_blocked, id=6996, stack(0x000000b32af00000,0x000000b32b000000) (1024K)]
  0x00000284085a4e30 JavaThread "ForkJoinPool.commonPool-worker-10" daemon [_thread_blocked, id=2288, stack(0x000000b32b300000,0x000000b32b400000) (1024K)]
  0x000002840b124630 JavaThread "Cleaner-0"                  daemon [_thread_blocked, id=10200, stack(0x000000b32b600000,0x000000b32b700000) (1024K)]
  0x000002840b123910 JavaThread "ForkJoinPool.commonPool-worker-13" daemon [_thread_blocked, id=21800, stack(0x000000b329300000,0x000000b329400000) (1024K)]
  0x000002840b127420 JavaThread "ForkJoinPool.commonPool-worker-14" daemon [_thread_in_vm, id=22888, stack(0x000000b329500000,0x000000b329600000) (1024K)]
  0x000002840b127ab0 JavaThread "Worker-5"                          [_thread_blocked, id=17212, stack(0x000000b329100000,0x000000b329200000) (1024K)]
  0x000002840b126700 JavaThread "Worker-6"                          [_thread_blocked, id=5564, stack(0x000000b327000000,0x000000b327100000) (1024K)]
  0x000002840b126070 JavaThread "Worker-7"                          [_thread_blocked, id=25488, stack(0x000000b329200000,0x000000b329300000) (1024K)]
  0x000002840b1287d0 JavaThread "ForkJoinPool.commonPool-worker-15" daemon [_thread_in_native, id=25160, stack(0x000000b329600000,0x000000b329700000) (1024K)]
  0x0000028413061c10 JavaThread "C2 CompilerThread1"         daemon [_thread_in_native, id=5256, stack(0x000000b329700000,0x000000b329800000) (1024K)]
  0x00000284130674a0 JavaThread "C2 CompilerThread2"         daemon [_thread_in_native, id=22624, stack(0x000000b329800000,0x000000b329900000) (1024K)]
Total: 50

Other Threads:
  0x00000283a8b31770 VMThread "VM Thread"                           [id=1584, stack(0x000000b327400000,0x000000b327500000) (1024K)]
  0x00000283a891ca00 WatcherThread "VM Periodic Task Thread"        [id=15836, stack(0x000000b327300000,0x000000b327400000) (1024K)]
  0x00000283a8aad670 WorkerThread "GC Thread#0"                     [id=22932, stack(0x000000b327200000,0x000000b327300000) (1024K)]
  0x0000028402f09c40 WorkerThread "GC Thread#1"                     [id=7048, stack(0x000000b328100000,0x000000b328200000) (1024K)]
  0x0000028402a83620 WorkerThread "GC Thread#2"                     [id=8472, stack(0x000000b328200000,0x000000b328300000) (1024K)]
  0x0000028402a882e0 WorkerThread "GC Thread#3"                     [id=3964, stack(0x000000b328300000,0x000000b328400000) (1024K)]
  0x0000028402a88690 WorkerThread "GC Thread#4"                     [id=11744, stack(0x000000b328400000,0x000000b328500000) (1024K)]
  0x0000028402a88e40 WorkerThread "GC Thread#5"                     [id=12136, stack(0x000000b328500000,0x000000b328600000) (1024K)]
  0x0000028402e96530 WorkerThread "GC Thread#6"                     [id=9540, stack(0x000000b328600000,0x000000b328700000) (1024K)]
  0x00000284072585a0 WorkerThread "GC Thread#7"                     [id=23840, stack(0x000000b328800000,0x000000b328900000) (1024K)]
  0x00000284075f24f0 WorkerThread "GC Thread#8"                     [id=17660, stack(0x000000b328c00000,0x000000b328d00000) (1024K)]
  0x0000028402f169c0 WorkerThread "GC Thread#9"                     [id=15464, stack(0x000000b328d00000,0x000000b328e00000) (1024K)]
Total: 12

Threads with active compile tasks:
C2 CompilerThread0  1105031 15860       4       org.eclipse.jdt.internal.compiler.parser.Parser::consumeRule (7843 bytes)
C2 CompilerThread1  1105032 15873       4       org.eclipse.jdt.internal.compiler.lookup.PackageBinding::getTypeOrPackage (368 bytes)
C2 CompilerThread2  1105032 15887   !   4       org.eclipse.jdt.internal.compiler.parser.Parser::parse (950 bytes)
Total: 3

VM state: synchronizing (normal execution)

VM Mutex/Monitor currently owned by a thread:  ([mutex/lock_event])
[0x00007ffee798e560] Threads_lock - owner thread: 0x00000283a8b31770
[0x00007ffee798e660] Heap_lock - owner thread: 0x000002840b1287d0

Heap address: 0x0000000080000000, size: 2048 MB, Compressed Oops mode: 32-bit

CDS archive(s) mapped at: [0x00000283c0000000-0x00000283c0ba0000-0x00000283c0ba0000), size 12189696, SharedBaseAddress: 0x00000283c0000000, ArchiveRelocationMode: 1.
Compressed class space mapped at: 0x00000283c1000000-0x0000028401000000, reserved size: 1073741824
Narrow klass base: 0x00000283c0000000, Narrow klass shift: 0, Narrow klass range: 0x100000000

GC Precious Log:
 CardTable entry size: 512
 CPUs: 12 total, 12 available
 Memory: 7501M
 Large Page Support: Disabled
 NUMA Support: Disabled
 Compressed Oops: Enabled (32-bit)
 Alignments: Space 512K, Generation 512K, Heap 2M
 Heap Min Capacity: 100M
 Heap Initial Capacity: 100M
 Heap Max Capacity: 2G
 Pre-touch: Disabled
 Parallel Workers: 10

Heap:
 PSYoungGen      total 3072K, used 2688K [0x00000000d5580000, 0x00000000d5980000, 0x0000000100000000)
  eden space 2048K, 100% used [0x00000000d5580000,0x00000000d5780000,0x00000000d5780000)
  from space 1024K, 62% used [0x00000000d5780000,0x00000000d5820000,0x00000000d5880000)
  to   space 1024K, 0% used [0x00000000d5880000,0x00000000d5880000,0x00000000d5980000)
 ParOldGen       total 225280K, used 225274K [0x0000000080000000, 0x000000008dc00000, 0x00000000d5580000)
  object space 225280K, 99% used [0x0000000080000000,0x000000008dbfeb40,0x000000008dc00000)
 Metaspace       used 80270K, committed 82176K, reserved 1179648K
  class space    used 8464K, committed 9280K, reserved 1048576K

Card table byte_map: [0x00000283a8430000,0x00000283a8840000] _byte_map_base: 0x00000283a8030000

Marking Bits: (ParMarkBitMap*) 0x00007ffee7993450
 Begin Bits: [0x00000283baf40000, 0x00000283bcf40000)
 End Bits:   [0x00000283bcf40000, 0x00000283bef40000)

Polling page: 0x00000283a6670000

Metaspace:

Usage:
  Non-class:     70.12 MB used.
      Class:      8.27 MB used.
       Both:     78.39 MB used.

Virtual space:
  Non-class space:      128.00 MB reserved,      71.19 MB ( 56%) committed,  2 nodes.
      Class space:        1.00 GB reserved,       9.06 MB ( <1%) committed,  1 nodes.
             Both:        1.12 GB reserved,      80.25 MB (  7%) committed. 

Chunk freelists:
   Non-Class:  8.68 MB
       Class:  6.80 MB
        Both:  15.47 MB

MaxMetaspaceSize: unlimited
CompressedClassSpaceSize: 1.00 GB
Initial GC threshold: 21.00 MB
Current GC threshold: 97.31 MB
CDS: on
 - commit_granule_bytes: 65536.
 - commit_granule_words: 8192.
 - virtual_space_node_default_size: 8388608.
 - enlarge_chunks_in_place: 1.
 - use_allocation_guard: 0.


Internal statistics:

num_allocs_failed_limit: 9.
num_arena_births: 1522.
num_arena_deaths: 14.
num_vsnodes_births: 3.
num_vsnodes_deaths: 0.
num_space_committed: 1284.
num_space_uncommitted: 0.
num_chunks_returned_to_freelist: 23.
num_chunks_taken_from_freelist: 5431.
num_chunk_merges: 11.
num_chunk_splits: 3227.
num_chunks_enlarged: 1658.
num_inconsistent_stats: 0.

CodeHeap 'non-profiled nmethods': size=120000Kb used=11146Kb max_used=11146Kb free=108853Kb
 bounds [0x00000283b3760000, 0x00000283b4250000, 0x00000283bac90000]
CodeHeap 'profiled nmethods': size=120000Kb used=34692Kb max_used=34692Kb free=85307Kb
 bounds [0x00000283abc90000, 0x00000283ade80000, 0x00000283b31c0000]
CodeHeap 'non-nmethods': size=5760Kb used=1505Kb max_used=1602Kb free=4254Kb
 bounds [0x00000283b31c0000, 0x00000283b3430000, 0x00000283b3760000]
CodeCache: size=245760Kb, used=47343Kb, max_used=47440Kb, free=198414Kb
 total_blobs=15842, nmethods=15018, adapters=725, full_count=0
Compilation: enabled, stopped_count=0, restarted_count=0

Compilation events (20 events):
Event: 1104.862 Thread 0x00000284017c04a0 15878       3       org.eclipse.jdt.internal.core.Annotation::<init> (21 bytes)
Event: 1104.863 Thread 0x00000284017c04a0 nmethod 15878 0x00000283ade68f90 code [0x00000283ade691a0, 0x00000283ade69768]
Event: 1104.865 Thread 0x00000284130674a0 nmethod 15879 0x00000283b4241990 code [0x00000283b4241b80, 0x00000283b4241fe8]
Event: 1104.865 Thread 0x00000284130674a0 15880  s    4       java.util.Stack::peek (25 bytes)
Event: 1104.869 Thread 0x00000284130674a0 nmethod 15880 0x00000283b4242210 code [0x00000283b42423a0, 0x00000283b4242618]
Event: 1104.870 Thread 0x00000284017c04a0 15881   !   3       lombok.permit.Permit::get (30 bytes)
Event: 1104.871 Thread 0x00000284017c04a0 nmethod 15881 0x00000283ade69a10 code [0x00000283ade69c60, 0x00000283ade6a318]
Event: 1104.897 Thread 0x00000284017c04a0 15882       3       com.google.inject.Scopes$2::visitNoScoping (5 bytes)
Event: 1104.898 Thread 0x00000284017c04a0 nmethod 15882 0x00000283ade6a710 code [0x00000283ade6a8c0, 0x00000283ade6aab0]
Event: 1104.898 Thread 0x00000284017c04a0 15883       3       com.google.inject.Scopes$2::visitNoScoping (5 bytes)
Event: 1104.899 Thread 0x00000284017c04a0 nmethod 15883 0x00000283ade6ab90 code [0x00000283ade6ad40, 0x00000283ade6aec0]
Event: 1104.908 Thread 0x00000284017c04a0 15884       3       org.eclipse.aether.DefaultRepositorySystemSession::verifyStateForMutation (19 bytes)
Event: 1104.910 Thread 0x00000284017c04a0 nmethod 15884 0x00000283ade6af90 code [0x00000283ade6b140, 0x00000283ade6b348]
Event: 1104.918 Thread 0x00000284017c04a0 15885       3       org.eclipse.jdt.internal.compiler.lookup.MethodBinding::<init> (26 bytes)
Event: 1104.919 Thread 0x00000284017c04a0 nmethod 15885 0x00000283ade6b410 code [0x00000283ade6b5c0, 0x00000283ade6b7e8]
Event: 1104.926 Thread 0x00000284017c04a0 15886       3       org.eclipse.jdt.internal.compiler.parser.Parser::updateSourceDeclarationParts (107 bytes)
Event: 1104.926 Thread 0x00000284130674a0 15887   !   4       org.eclipse.jdt.internal.compiler.parser.Parser::parse (950 bytes)
Event: 1104.927 Thread 0x00000284017c04a0 nmethod 15886 0x00000283ade6b910 code [0x00000283ade6bae0, 0x00000283ade6bf68]
Event: 1104.936 Thread 0x00000284017c04a0 15889       3       org.eclipse.jdt.internal.compiler.lookup.CompilationUnitScope::resolveSingleImport (134 bytes)
Event: 1104.938 Thread 0x00000284017c04a0 nmethod 15889 0x00000283ade6c190 code [0x00000283ade6c3e0, 0x00000283ade6d128]

GC Heap History (20 events):
Event: 361.546 GC heap before
{Heap before GC invocations=262 (full 3):
 PSYoungGen      total 2560K, used 2432K [0x00000000d5580000, 0x00000000d5900000, 0x0000000100000000)
  eden space 2048K, 100% used [0x00000000d5580000,0x00000000d5780000,0x00000000d5780000)
  from space 512K, 75% used [0x00000000d5880000,0x00000000d58e0000,0x00000000d5900000)
  to   space 512K, 0% used [0x00000000d5800000,0x00000000d5800000,0x00000000d5880000)
 ParOldGen       total 223744K, used 223648K [0x0000000080000000, 0x000000008da80000, 0x00000000d5580000)
  object space 223744K, 99% used [0x0000000080000000,0x000000008da68078,0x000000008da80000)
 Metaspace       used 80073K, committed 81856K, reserved 1179648K
  class space    used 8444K, committed 9216K, reserved 1048576K
}
Event: 361.548 GC heap after
{Heap after GC invocations=262 (full 3):
 PSYoungGen      total 2560K, used 192K [0x00000000d5580000, 0x00000000d5900000, 0x0000000100000000)
  eden space 2048K, 0% used [0x00000000d5580000,0x00000000d5580000,0x00000000d5780000)
  from space 512K, 37% used [0x00000000d5800000,0x00000000d5830000,0x00000000d5880000)
  to   space 512K, 0% used [0x00000000d5880000,0x00000000d5880000,0x00000000d5900000)
 ParOldGen       total 224256K, used 223824K [0x0000000080000000, 0x000000008db00000, 0x00000000d5580000)
  object space 224256K, 99% used [0x0000000080000000,0x000000008da94078,0x000000008db00000)
 Metaspace       used 80073K, committed 81856K, reserved 1179648K
  class space    used 8444K, committed 9216K, reserved 1048576K
}
Event: 361.983 GC heap before
{Heap before GC invocations=263 (full 3):
 PSYoungGen      total 2560K, used 2198K [0x00000000d5580000, 0x00000000d5900000, 0x0000000100000000)
  eden space 2048K, 97% used [0x00000000d5580000,0x00000000d5775a40,0x00000000d5780000)
  from space 512K, 37% used [0x00000000d5800000,0x00000000d5830000,0x00000000d5880000)
  to   space 512K, 0% used [0x00000000d5880000,0x00000000d5880000,0x00000000d5900000)
 ParOldGen       total 224256K, used 223824K [0x0000000080000000, 0x000000008db00000, 0x00000000d5580000)
  object space 224256K, 99% used [0x0000000080000000,0x000000008da94078,0x000000008db00000)
 Metaspace       used 80086K, committed 81920K, reserved 1179648K
  class space    used 8444K, committed 9216K, reserved 1048576K
}
Event: 361.986 GC heap after
{Heap after GC invocations=263 (full 3):
 PSYoungGen      total 2560K, used 296K [0x00000000d5580000, 0x00000000d5900000, 0x0000000100000000)
  eden space 2048K, 0% used [0x00000000d5580000,0x00000000d5580000,0x00000000d5780000)
  from space 512K, 57% used [0x00000000d5880000,0x00000000d58ca010,0x00000000d5900000)
  to   space 512K, 0% used [0x00000000d5800000,0x00000000d5800000,0x00000000d5880000)
 ParOldGen       total 224256K, used 223840K [0x0000000080000000, 0x000000008db00000, 0x00000000d5580000)
  object space 224256K, 99% used [0x0000000080000000,0x000000008da98078,0x000000008db00000)
 Metaspace       used 80086K, committed 81920K, reserved 1179648K
  class space    used 8444K, committed 9216K, reserved 1048576K
}
Event: 1088.911 GC heap before
{Heap before GC invocations=264 (full 3):
 PSYoungGen      total 2560K, used 2344K [0x00000000d5580000, 0x00000000d5900000, 0x0000000100000000)
  eden space 2048K, 100% used [0x00000000d5580000,0x00000000d5780000,0x00000000d5780000)
  from space 512K, 57% used [0x00000000d5880000,0x00000000d58ca010,0x00000000d5900000)
  to   space 512K, 0% used [0x00000000d5800000,0x00000000d5800000,0x00000000d5880000)
 ParOldGen       total 224256K, used 223840K [0x0000000080000000, 0x000000008db00000, 0x00000000d5580000)
  object space 224256K, 99% used [0x0000000080000000,0x000000008da98078,0x000000008db00000)
 Metaspace       used 80106K, committed 81920K, reserved 1179648K
  class space    used 8444K, committed 9216K, reserved 1048576K
}
Event: 1089.020 GC heap after
{Heap after GC invocations=264 (full 3):
 PSYoungGen      total 2560K, used 288K [0x00000000d5580000, 0x00000000d5900000, 0x0000000100000000)
  eden space 2048K, 0% used [0x00000000d5580000,0x00000000d5580000,0x00000000d5780000)
  from space 512K, 56% used [0x00000000d5800000,0x00000000d5848000,0x00000000d5880000)
  to   space 512K, 0% used [0x00000000d5880000,0x00000000d5880000,0x00000000d5900000)
 ParOldGen       total 224256K, used 223891K [0x0000000080000000, 0x000000008db00000, 0x00000000d5580000)
  object space 224256K, 99% used [0x0000000080000000,0x000000008daa4c70,0x000000008db00000)
 Metaspace       used 80106K, committed 81920K, reserved 1179648K
  class space    used 8444K, committed 9216K, reserved 1048576K
}
Event: 1089.880 GC heap before
{Heap before GC invocations=265 (full 3):
 PSYoungGen      total 2560K, used 2335K [0x00000000d5580000, 0x00000000d5900000, 0x0000000100000000)
  eden space 2048K, 99% used [0x00000000d5580000,0x00000000d577ffe0,0x00000000d5780000)
  from space 512K, 56% used [0x00000000d5800000,0x00000000d5848000,0x00000000d5880000)
  to   space 512K, 0% used [0x00000000d5880000,0x00000000d5880000,0x00000000d5900000)
 ParOldGen       total 224256K, used 223891K [0x0000000080000000, 0x000000008db00000, 0x00000000d5580000)
  object space 224256K, 99% used [0x0000000080000000,0x000000008daa4c70,0x000000008db00000)
 Metaspace       used 80178K, committed 81984K, reserved 1179648K
  class space    used 8455K, committed 9216K, reserved 1048576K
}
Event: 1089.885 GC heap after
{Heap after GC invocations=265 (full 3):
 PSYoungGen      total 2560K, used 256K [0x00000000d5580000, 0x00000000d5900000, 0x0000000100000000)
  eden space 2048K, 0% used [0x00000000d5580000,0x00000000d5580000,0x00000000d5780000)
  from space 512K, 50% used [0x00000000d5880000,0x00000000d58c0000,0x00000000d5900000)
  to   space 512K, 0% used [0x00000000d5800000,0x00000000d5800000,0x00000000d5880000)
 ParOldGen       total 224256K, used 223923K [0x0000000080000000, 0x000000008db00000, 0x00000000d5580000)
  object space 224256K, 99% used [0x0000000080000000,0x000000008daacc70,0x000000008db00000)
 Metaspace       used 80178K, committed 81984K, reserved 1179648K
  class space    used 8455K, committed 9216K, reserved 1048576K
}
Event: 1097.387 GC heap before
{Heap before GC invocations=266 (full 3):
 PSYoungGen      total 2560K, used 2303K [0x00000000d5580000, 0x00000000d5900000, 0x0000000100000000)
  eden space 2048K, 99% used [0x00000000d5580000,0x00000000d577ff50,0x00000000d5780000)
  from space 512K, 50% used [0x00000000d5880000,0x00000000d58c0000,0x00000000d5900000)
  to   space 512K, 0% used [0x00000000d5800000,0x00000000d5800000,0x00000000d5880000)
 ParOldGen       total 224256K, used 223923K [0x0000000080000000, 0x000000008db00000, 0x00000000d5580000)
  object space 224256K, 99% used [0x0000000080000000,0x000000008daacc70,0x000000008db00000)
 Metaspace       used 80198K, committed 82048K, reserved 1179648K
  class space    used 8459K, committed 9280K, reserved 1048576K
}
Event: 1097.391 GC heap after
{Heap after GC invocations=266 (full 3):
 PSYoungGen      total 2560K, used 192K [0x00000000d5580000, 0x00000000d5900000, 0x0000000100000000)
  eden space 2048K, 0% used [0x00000000d5580000,0x00000000d5580000,0x00000000d5780000)
  from space 512K, 37% used [0x00000000d5800000,0x00000000d5830000,0x00000000d5880000)
  to   space 512K, 0% used [0x00000000d5880000,0x00000000d5880000,0x00000000d5900000)
 ParOldGen       total 224256K, used 223979K [0x0000000080000000, 0x000000008db00000, 0x00000000d5580000)
  object space 224256K, 99% used [0x0000000080000000,0x000000008dabac70,0x000000008db00000)
 Metaspace       used 80198K, committed 82048K, reserved 1179648K
  class space    used 8459K, committed 9280K, reserved 1048576K
}
Event: 1104.019 GC heap before
{Heap before GC invocations=267 (full 3):
 PSYoungGen      total 2560K, used 2239K [0x00000000d5580000, 0x00000000d5900000, 0x0000000100000000)
  eden space 2048K, 99% used [0x00000000d5580000,0x00000000d577fff0,0x00000000d5780000)
  from space 512K, 37% used [0x00000000d5800000,0x00000000d5830000,0x00000000d5880000)
  to   space 512K, 0% used [0x00000000d5880000,0x00000000d5880000,0x00000000d5900000)
 ParOldGen       total 224256K, used 223979K [0x0000000080000000, 0x000000008db00000, 0x00000000d5580000)
  object space 224256K, 99% used [0x0000000080000000,0x000000008dabac70,0x000000008db00000)
 Metaspace       used 80206K, committed 82048K, reserved 1179648K
  class space    used 8459K, committed 9280K, reserved 1048576K
}
Event: 1104.027 GC heap after
{Heap after GC invocations=267 (full 3):
 PSYoungGen      total 2560K, used 192K [0x00000000d5580000, 0x00000000d5900000, 0x0000000100000000)
  eden space 2048K, 0% used [0x00000000d5580000,0x00000000d5580000,0x00000000d5780000)
  from space 512K, 37% used [0x00000000d5880000,0x00000000d58b0000,0x00000000d5900000)
  to   space 512K, 0% used [0x00000000d5800000,0x00000000d5800000,0x00000000d5880000)
 ParOldGen       total 224256K, used 224027K [0x0000000080000000, 0x000000008db00000, 0x00000000d5580000)
  object space 224256K, 99% used [0x0000000080000000,0x000000008dac6c70,0x000000008db00000)
 Metaspace       used 80206K, committed 82048K, reserved 1179648K
  class space    used 8459K, committed 9280K, reserved 1048576K
}
Event: 1104.490 GC heap before
{Heap before GC invocations=268 (full 3):
 PSYoungGen      total 2560K, used 2240K [0x00000000d5580000, 0x00000000d5900000, 0x0000000100000000)
  eden space 2048K, 100% used [0x00000000d5580000,0x00000000d5780000,0x00000000d5780000)
  from space 512K, 37% used [0x00000000d5880000,0x00000000d58b0000,0x00000000d5900000)
  to   space 512K, 0% used [0x00000000d5800000,0x00000000d5800000,0x00000000d5880000)
 ParOldGen       total 224256K, used 224027K [0x0000000080000000, 0x000000008db00000, 0x00000000d5580000)
  object space 224256K, 99% used [0x0000000080000000,0x000000008dac6c70,0x000000008db00000)
 Metaspace       used 80241K, committed 82112K, reserved 1179648K
  class space    used 8461K, committed 9280K, reserved 1048576K
}
Event: 1104.494 GC heap after
{Heap after GC invocations=268 (full 3):
 PSYoungGen      total 2560K, used 352K [0x00000000d5580000, 0x00000000d5900000, 0x0000000100000000)
  eden space 2048K, 0% used [0x00000000d5580000,0x00000000d5580000,0x00000000d5780000)
  from space 512K, 68% used [0x00000000d5800000,0x00000000d5858000,0x00000000d5880000)
  to   space 512K, 0% used [0x00000000d5880000,0x00000000d5880000,0x00000000d5900000)
 ParOldGen       total 224256K, used 224075K [0x0000000080000000, 0x000000008db00000, 0x00000000d5580000)
  object space 224256K, 99% used [0x0000000080000000,0x000000008dad2c70,0x000000008db00000)
 Metaspace       used 80241K, committed 82112K, reserved 1179648K
  class space    used 8461K, committed 9280K, reserved 1048576K
}
Event: 1104.520 GC heap before
{Heap before GC invocations=269 (full 3):
 PSYoungGen      total 2560K, used 2400K [0x00000000d5580000, 0x00000000d5900000, 0x0000000100000000)
  eden space 2048K, 100% used [0x00000000d5580000,0x00000000d5780000,0x00000000d5780000)
  from space 512K, 68% used [0x00000000d5800000,0x00000000d5858000,0x00000000d5880000)
  to   space 512K, 0% used [0x00000000d5880000,0x00000000d5880000,0x00000000d5900000)
 ParOldGen       total 224256K, used 224075K [0x0000000080000000, 0x000000008db00000, 0x00000000d5580000)
  object space 224256K, 99% used [0x0000000080000000,0x000000008dad2c70,0x000000008db00000)
 Metaspace       used 80243K, committed 82112K, reserved 1179648K
  class space    used 8461K, committed 9280K, reserved 1048576K
}
Event: 1104.522 GC heap after
{Heap after GC invocations=269 (full 3):
 PSYoungGen      total 2560K, used 256K [0x00000000d5580000, 0x00000000d5900000, 0x0000000100000000)
  eden space 2048K, 0% used [0x00000000d5580000,0x00000000d5580000,0x00000000d5780000)
  from space 512K, 50% used [0x00000000d5880000,0x00000000d58c0020,0x00000000d5900000)
  to   space 512K, 0% used [0x00000000d5800000,0x00000000d5800000,0x00000000d5880000)
 ParOldGen       total 224256K, used 224198K [0x0000000080000000, 0x000000008db00000, 0x00000000d5580000)
  object space 224256K, 99% used [0x0000000080000000,0x000000008daf1be0,0x000000008db00000)
 Metaspace       used 80243K, committed 82112K, reserved 1179648K
  class space    used 8461K, committed 9280K, reserved 1048576K
}
Event: 1104.615 GC heap before
{Heap before GC invocations=270 (full 3):
 PSYoungGen      total 2560K, used 2304K [0x00000000d5580000, 0x00000000d5900000, 0x0000000100000000)
  eden space 2048K, 100% used [0x00000000d5580000,0x00000000d5780000,0x00000000d5780000)
  from space 512K, 50% used [0x00000000d5880000,0x00000000d58c0020,0x00000000d5900000)
  to   space 512K, 0% used [0x00000000d5800000,0x00000000d5800000,0x00000000d5880000)
 ParOldGen       total 224256K, used 224198K [0x0000000080000000, 0x000000008db00000, 0x00000000d5580000)
  object space 224256K, 99% used [0x0000000080000000,0x000000008daf1be0,0x000000008db00000)
 Metaspace       used 80246K, committed 82112K, reserved 1179648K
  class space    used 8461K, committed 9280K, reserved 1048576K
}
Event: 1104.622 GC heap after
{Heap after GC invocations=270 (full 3):
 PSYoungGen      total 2560K, used 512K [0x00000000d5580000, 0x00000000d5980000, 0x0000000100000000)
  eden space 2048K, 0% used [0x00000000d5580000,0x00000000d5580000,0x00000000d5780000)
  from space 512K, 100% used [0x00000000d5800000,0x00000000d5880000,0x00000000d5880000)
  to   space 1024K, 0% used [0x00000000d5880000,0x00000000d5880000,0x00000000d5980000)
 ParOldGen       total 224768K, used 224395K [0x0000000080000000, 0x000000008db80000, 0x00000000d5580000)
  object space 224768K, 99% used [0x0000000080000000,0x000000008db22e00,0x000000008db80000)
 Metaspace       used 80246K, committed 82112K, reserved 1179648K
  class space    used 8461K, committed 9280K, reserved 1048576K
}
Event: 1104.812 GC heap before
{Heap before GC invocations=271 (full 3):
 PSYoungGen      total 2560K, used 2560K [0x00000000d5580000, 0x00000000d5980000, 0x0000000100000000)
  eden space 2048K, 100% used [0x00000000d5580000,0x00000000d5780000,0x00000000d5780000)
  from space 512K, 100% used [0x00000000d5800000,0x00000000d5880000,0x00000000d5880000)
  to   space 1024K, 0% used [0x00000000d5880000,0x00000000d5880000,0x00000000d5980000)
 ParOldGen       total 224768K, used 224395K [0x0000000080000000, 0x000000008db80000, 0x00000000d5580000)
  object space 224768K, 99% used [0x0000000080000000,0x000000008db22e00,0x000000008db80000)
 Metaspace       used 80259K, committed 82176K, reserved 1179648K
  class space    used 8463K, committed 9280K, reserved 1048576K
}
Event: 1104.823 GC heap after
{Heap after GC invocations=271 (full 3):
 PSYoungGen      total 3072K, used 701K [0x00000000d5580000, 0x00000000d5980000, 0x0000000100000000)
  eden space 2048K, 0% used [0x00000000d5580000,0x00000000d5580000,0x00000000d5780000)
  from space 1024K, 68% used [0x00000000d5880000,0x00000000d592f4d8,0x00000000d5980000)
  to   space 1024K, 0% used [0x00000000d5780000,0x00000000d5780000,0x00000000d5880000)
 ParOldGen       total 224768K, used 224755K [0x0000000080000000, 0x000000008db80000, 0x00000000d5580000)
  object space 224768K, 99% used [0x0000000080000000,0x000000008db7ce20,0x000000008db80000)
 Metaspace       used 80259K, committed 82176K, reserved 1179648K
  class space    used 8463K, committed 9280K, reserved 1048576K
}

Dll operation events (12 events):
Event: 0.037 Loaded shared library c:\Users\kalra\.vscode\extensions\redhat.java-1.53.0-win32-x64\jre\21.0.10-win32-x86_64\bin\java.dll
Event: 0.191 Loaded shared library c:\Users\kalra\.vscode\extensions\redhat.java-1.53.0-win32-x64\jre\21.0.10-win32-x86_64\bin\zip.dll
Event: 0.225 Loaded shared library C:\Users\kalra\.vscode\extensions\redhat.java-1.53.0-win32-x64\jre\21.0.10-win32-x86_64\bin\instrument.dll
Event: 0.235 Loaded shared library C:\Users\kalra\.vscode\extensions\redhat.java-1.53.0-win32-x64\jre\21.0.10-win32-x86_64\bin\net.dll
Event: 0.239 Loaded shared library C:\Users\kalra\.vscode\extensions\redhat.java-1.53.0-win32-x64\jre\21.0.10-win32-x86_64\bin\nio.dll
Event: 0.246 Loaded shared library C:\Users\kalra\.vscode\extensions\redhat.java-1.53.0-win32-x64\jre\21.0.10-win32-x86_64\bin\zip.dll
Event: 0.281 Loaded shared library C:\Users\kalra\.vscode\extensions\redhat.java-1.53.0-win32-x64\jre\21.0.10-win32-x86_64\bin\jimage.dll
Event: 0.427 Loaded shared library c:\Users\kalra\.vscode\extensions\redhat.java-1.53.0-win32-x64\jre\21.0.10-win32-x86_64\bin\verify.dll
Event: 2.883 Loaded shared library C:\Users\kalra\AppData\Roaming\Code\User\globalStorage\redhat.java\1.53.0\config_win\org.eclipse.equinox.launcher\org.eclipse.equinox.launcher.win32.win32.x86_64_1.3.0.v20260203-2149\eclipse_11919.dll
Event: 7.134 Loaded shared library C:\Users\kalra\AppData\Local\Temp\jna-101813893\jna1055430166598451783.dll
Event: 12.285 Loaded shared library C:\Users\kalra\.vscode\extensions\redhat.java-1.53.0-win32-x64\jre\21.0.10-win32-x86_64\bin\sunmscapi.dll
Event: 12.725 Loaded shared library C:\Users\kalra\.vscode\extensions\redhat.java-1.53.0-win32-x64\jre\21.0.10-win32-x86_64\bin\extnet.dll

Deoptimization events (20 events):
Event: 1104.607 Thread 0x000002840b127420 DEOPT PACKING pc=0x00000283b3ef9ea4 sp=0x000000b3295fca00
Event: 1104.609 Thread 0x000002840b127420 DEOPT UNPACKING pc=0x00000283b3213aa2 sp=0x000000b3295fc810 mode 2
Event: 1104.650 Thread 0x000002840b127420 Uncommon trap: trap_request=0xffffffde fr.pc=0x00000283b4105e64 relative=0x00000000000010a4
Event: 1104.650 Thread 0x000002840b127420 Uncommon trap: reason=class_check action=maybe_recompile pc=0x00000283b4105e64 method=org.eclipse.jdt.internal.compiler.parser.Parser.consumeRule(I)V @ 6409 c2
Event: 1104.650 Thread 0x000002840b127420 DEOPT PACKING pc=0x00000283b4105e64 sp=0x000000b3295fe380
Event: 1104.650 Thread 0x000002840b127420 DEOPT UNPACKING pc=0x00000283b3213aa2 sp=0x000000b3295fe308 mode 2
Event: 1104.650 Thread 0x000002840b127420 Uncommon trap: trap_request=0xffffffde fr.pc=0x00000283b4105e64 relative=0x00000000000010a4
Event: 1104.650 Thread 0x000002840b127420 Uncommon trap: reason=class_check action=maybe_recompile pc=0x00000283b4105e64 method=org.eclipse.jdt.internal.compiler.parser.Parser.consumeRule(I)V @ 6409 c2
Event: 1104.650 Thread 0x000002840b127420 DEOPT PACKING pc=0x00000283b4105e64 sp=0x000000b3295fe380
Event: 1104.650 Thread 0x000002840b127420 DEOPT UNPACKING pc=0x00000283b3213aa2 sp=0x000000b3295fe308 mode 2
Event: 1104.700 Thread 0x000002840b127420 Uncommon trap: trap_request=0xffffff45 fr.pc=0x00000283b3f7ff5c relative=0x0000000000000d5c
Event: 1104.700 Thread 0x000002840b127420 Uncommon trap: reason=unstable_if action=reinterpret pc=0x00000283b3f7ff5c method=org.eclipse.jdt.core.Signature.appendClassTypeSignature([CIZLjava/lang/StringBuilder;)I @ 110 c2
Event: 1104.700 Thread 0x000002840b127420 DEOPT PACKING pc=0x00000283b3f7ff5c sp=0x000000b3295fd2d0
Event: 1104.700 Thread 0x000002840b127420 DEOPT UNPACKING pc=0x00000283b3213aa2 sp=0x000000b3295fd290 mode 2
Event: 1104.905 Thread 0x000002840b127420 Uncommon trap: trap_request=0xffffff45 fr.pc=0x00000283b404f194 relative=0x0000000000000074
Event: 1104.905 Thread 0x000002840b127420 Uncommon trap: reason=unstable_if action=reinterpret pc=0x00000283b404f194 method=org.eclipse.jdt.internal.compiler.lookup.ReferenceBinding.hasEnclosingInstanceContext()Z @ 4 c2
Event: 1104.905 Thread 0x000002840b127420 DEOPT PACKING pc=0x00000283b404f194 sp=0x000000b3295fdad0
Event: 1104.906 Thread 0x000002840b127420 DEOPT UNPACKING pc=0x00000283b3213aa2 sp=0x000000b3295fda58 mode 2
Event: 1104.926 Thread 0x000002840b127420 DEOPT PACKING pc=0x00000283ad77eab3 sp=0x000000b3295fdc10
Event: 1104.926 Thread 0x000002840b127420 DEOPT UNPACKING pc=0x00000283b3214242 sp=0x000000b3295fd178 mode 0

Classes loaded (20 events):
Event: 23.015 Loading class java/util/AbstractList$SubList$1
Event: 23.015 Loading class java/util/AbstractList$SubList$1 done
Event: 23.504 Loading class sun/security/ssl/Alert
Event: 23.505 Loading class sun/security/ssl/Alert done
Event: 23.506 Loading class sun/security/ssl/Alert$AlertConsumer
Event: 23.506 Loading class sun/security/ssl/Alert$AlertConsumer done
Event: 23.506 Loading class sun/security/ssl/Alert$Level
Event: 23.506 Loading class sun/security/ssl/Alert$Level done
Event: 32.462 Loading class sun/nio/cs/ISO_8859_1$Encoder
Event: 32.462 Loading class sun/nio/cs/ISO_8859_1$Encoder done
Event: 32.462 Loading class sun/nio/cs/Surrogate$Parser
Event: 32.462 Loading class sun/nio/cs/Surrogate$Parser done
Event: 32.462 Loading class sun/nio/cs/Surrogate
Event: 32.463 Loading class sun/nio/cs/Surrogate done
Event: 314.439 Loading class java/util/Collections$EmptyListIterator
Event: 314.439 Loading class java/util/Collections$EmptyListIterator done
Event: 314.795 Loading class java/util/function/IntPredicate
Event: 314.795 Loading class java/util/function/IntPredicate done
Event: 314.854 Loading class java/util/regex/Pattern$Bound
Event: 314.854 Loading class java/util/regex/Pattern$Bound done

Classes unloaded (7 events):
Event: 9.048 Thread 0x00000283a8b31770 Unloading class 0x00000283c11a4800 'java/lang/invoke/LambdaForm$MH+0x00000283c11a4800'
Event: 9.048 Thread 0x00000283a8b31770 Unloading class 0x00000283c11a4400 'java/lang/invoke/LambdaForm$MH+0x00000283c11a4400'
Event: 9.048 Thread 0x00000283a8b31770 Unloading class 0x00000283c11a4000 'java/lang/invoke/LambdaForm$MH+0x00000283c11a4000'
Event: 9.048 Thread 0x00000283a8b31770 Unloading class 0x00000283c11a3c00 'java/lang/invoke/LambdaForm$MH+0x00000283c11a3c00'
Event: 9.048 Thread 0x00000283a8b31770 Unloading class 0x00000283c11a3800 'java/lang/invoke/LambdaForm$BMH+0x00000283c11a3800'
Event: 9.048 Thread 0x00000283a8b31770 Unloading class 0x00000283c11a3400 'java/lang/invoke/LambdaForm$DMH+0x00000283c11a3400'
Event: 9.048 Thread 0x00000283a8b31770 Unloading class 0x00000283c11a2000 'java/lang/invoke/LambdaForm$DMH+0x00000283c11a2000'

Classes redefined (0 events):
No events

Internal exceptions (20 events):
Event: 341.821 Thread 0x0000028407d38690 Implicit null exception at 0x00000283b3d130eb to 0x00000283b3d14f30
Event: 341.841 Thread 0x0000028407d38690 Implicit null exception at 0x00000283b3d24c44 to 0x00000283b3d26924
Event: 356.184 Thread 0x0000028407d38690 Exception <a 'sun/nio/fs/WindowsException'{0x00000000d56eaa20}> (0x00000000d56eaa20) 
thrown [s\src\hotspot\share\prims\jni.cpp, line 520]
Event: 356.185 Thread 0x0000028407d38690 Exception <a 'sun/nio/fs/WindowsException'{0x00000000d56eb300}> (0x00000000d56eb300) 
thrown [s\src\hotspot\share\prims\jni.cpp, line 520]
Event: 356.186 Thread 0x0000028407d38690 Exception <a 'sun/nio/fs/WindowsException'{0x00000000d56ec048}> (0x00000000d56ec048) 
thrown [s\src\hotspot\share\prims\jni.cpp, line 520]
Event: 356.187 Thread 0x0000028407d38690 Exception <a 'sun/nio/fs/WindowsException'{0x00000000d56f8e70}> (0x00000000d56f8e70) 
thrown [s\src\hotspot\share\prims\jni.cpp, line 520]
Event: 356.189 Thread 0x0000028407d38690 Exception <a 'sun/nio/fs/WindowsException'{0x00000000d56fa5e8}> (0x00000000d56fa5e8) 
thrown [s\src\hotspot\share\prims\jni.cpp, line 520]
Event: 356.189 Thread 0x0000028407d38690 Exception <a 'sun/nio/fs/WindowsException'{0x00000000d56faec8}> (0x00000000d56faec8) 
thrown [s\src\hotspot\share\prims\jni.cpp, line 520]
Event: 356.198 Thread 0x0000028407d38690 Exception <a 'sun/nio/fs/WindowsException'{0x00000000d573d858}> (0x00000000d573d858) 
thrown [s\src\hotspot\share\prims\jni.cpp, line 520]
Event: 356.199 Thread 0x0000028407d38690 Exception <a 'sun/nio/fs/WindowsException'{0x00000000d573e138}> (0x00000000d573e138) 
thrown [s\src\hotspot\share\prims\jni.cpp, line 520]
Event: 359.040 Thread 0x0000028407d38690 Exception <a 'java/lang/NoSuchMethodError'{0x00000000d564b668}: 'java.lang.Object java.lang.invoke.DirectMethodHandle$Holder.invokeStatic(java.lang.Object, int, java.lang.Object)'> (0x00000000d564b668) 
thrown [s\src\hotspot\share\interpreter\linkResolver.cpp, line 773]
Event: 1104.607 Thread 0x000002840b127420 Implicit null exception at 0x00000283b3ef7f67 to 0x00000283b3ef9e7c
Event: 1104.623 Thread 0x000002840b1287d0 Exception <a 'sun/nio/fs/WindowsException'{0x00000000d5580058}> (0x00000000d5580058) 
thrown [s\src\hotspot\share\prims\jni.cpp, line 520]
Event: 1104.624 Thread 0x000002840b1287d0 Exception <a 'sun/nio/fs/WindowsException'{0x00000000d5580958}> (0x00000000d5580958) 
thrown [s\src\hotspot\share\prims\jni.cpp, line 520]
Event: 1104.627 Thread 0x000002840b1287d0 Exception <a 'sun/nio/fs/WindowsException'{0x00000000d55a7088}> (0x00000000d55a7088) 
thrown [s\src\hotspot\share\prims\jni.cpp, line 520]
Event: 1104.627 Thread 0x000002840b1287d0 Exception <a 'sun/nio/fs/WindowsException'{0x00000000d5600ce0}> (0x00000000d5600ce0) 
thrown [s\src\hotspot\share\prims\jni.cpp, line 520]
Event: 1104.634 Thread 0x000002840b1287d0 Exception <a 'sun/nio/fs/WindowsException'{0x00000000d56026a0}> (0x00000000d56026a0) 
thrown [s\src\hotspot\share\prims\jni.cpp, line 520]
Event: 1104.634 Thread 0x000002840b1287d0 Exception <a 'sun/nio/fs/WindowsException'{0x00000000d560c818}> (0x00000000d560c818) 
thrown [s\src\hotspot\share\prims\jni.cpp, line 520]
Event: 1104.953 Thread 0x000002840b1287d0 Exception <a 'sun/nio/fs/WindowsException'{0x00000000d568df90}> (0x00000000d568df90) 
thrown [s\src\hotspot\share\prims\jni.cpp, line 520]
Event: 1104.954 Thread 0x000002840b1287d0 Exception <a 'sun/nio/fs/WindowsException'{0x00000000d569eba8}> (0x00000000d569eba8) 
thrown [s\src\hotspot\share\prims\jni.cpp, line 520]

ZGC Phase Switch (0 events):
No events

VM Operations (20 events):
Event: 1098.402 Executing safepoint VM operation: Cleanup
Event: 1098.402 Executing safepoint VM operation: Cleanup done
Event: 1098.838 Executing non-safepoint VM operation: HandshakeAllThreads (HandshakeForDeflation)
Event: 1098.838 Executing non-safepoint VM operation: HandshakeAllThreads (HandshakeForDeflation) done
Event: 1098.838 Executing non-safepoint VM operation: RendezvousGCThreads
Event: 1098.838 Executing non-safepoint VM operation: RendezvousGCThreads done
Event: 1100.851 Executing safepoint VM operation: Cleanup
Event: 1100.851 Executing safepoint VM operation: Cleanup done
Event: 1104.019 Executing safepoint VM operation: ParallelGCFailedAllocation (Allocation Failure)
Event: 1104.027 Executing safepoint VM operation: ParallelGCFailedAllocation (Allocation Failure) done
Event: 1104.489 Executing safepoint VM operation: ParallelGCFailedAllocation (Allocation Failure)
Event: 1104.494 Executing safepoint VM operation: ParallelGCFailedAllocation (Allocation Failure) done
Event: 1104.519 Executing safepoint VM operation: ParallelGCFailedAllocation (Allocation Failure)
Event: 1104.522 Executing safepoint VM operation: ParallelGCFailedAllocation (Allocation Failure) done
Event: 1104.614 Executing safepoint VM operation: ParallelGCFailedAllocation (Allocation Failure)
Event: 1104.622 Executing safepoint VM operation: ParallelGCFailedAllocation (Allocation Failure) done
Event: 1104.802 Executing safepoint VM operation: ParallelGCFailedAllocation (Allocation Failure)
Event: 1104.823 Executing safepoint VM operation: ParallelGCFailedAllocation (Allocation Failure) done
Event: 1104.900 Executing non-safepoint VM operation: HandshakeAllThreads (Deoptimize)
Event: 1104.905 Executing non-safepoint VM operation: HandshakeAllThreads (Deoptimize) done

Memory protections (0 events):
No events

Nmethod flushes (20 events):
Event: 17.254 Thread 0x00000283a8b31770 flushing  nmethod 0x00000283ac5c1690
Event: 17.254 Thread 0x00000283a8b31770 flushing  nmethod 0x00000283ac5c1b10
Event: 17.254 Thread 0x00000283a8b31770 flushing  nmethod 0x00000283ac5c3890
Event: 17.254 Thread 0x00000283a8b31770 flushing  nmethod 0x00000283ac5c3e90
Event: 17.254 Thread 0x00000283a8b31770 flushing  nmethod 0x00000283ac5e8610
Event: 17.254 Thread 0x00000283a8b31770 flushing  nmethod 0x00000283ac5eb610
Event: 17.254 Thread 0x00000283a8b31770 flushing  nmethod 0x00000283ac604d10
Event: 17.254 Thread 0x00000283a8b31770 flushing  nmethod 0x00000283ac605290
Event: 17.254 Thread 0x00000283a8b31770 flushing  nmethod 0x00000283ac605810
Event: 17.254 Thread 0x00000283a8b31770 flushing  nmethod 0x00000283ac605c90
Event: 17.254 Thread 0x00000283a8b31770 flushing  nmethod 0x00000283ac606210
Event: 17.254 Thread 0x00000283a8b31770 flushing  nmethod 0x00000283ac606710
Event: 17.254 Thread 0x00000283a8b31770 flushing  nmethod 0x00000283ac607690
Event: 17.254 Thread 0x00000283a8b31770 flushing  nmethod 0x00000283ac607f10
Event: 17.254 Thread 0x00000283a8b31770 flushing  nmethod 0x00000283ac608510
Event: 17.254 Thread 0x00000283a8b31770 flushing  nmethod 0x00000283ac608890
Event: 17.254 Thread 0x00000283a8b31770 flushing  nmethod 0x00000283ac609790
Event: 17.254 Thread 0x00000283a8b31770 flushing  nmethod 0x00000283ac60b090
Event: 17.254 Thread 0x00000283a8b31770 flushing  nmethod 0x00000283ac60b410
Event: 17.254 Thread 0x00000283a8b31770 flushing  nmethod 0x00000283ac611910

Events (20 events):
Event: 356.253 Thread 0x00000284017c04a0 Thread added: 0x0000028413061c10
Event: 357.098 Thread 0x0000028413061c10 Thread exited: 0x0000028413061c10
Event: 357.560 Thread 0x00000284017c04a0 Thread added: 0x0000028413061c10
Event: 358.772 Thread 0x0000028413061c10 Thread exited: 0x0000028413061c10
Event: 358.772 Thread 0x0000028413063750 Thread exited: 0x0000028413063750
Event: 359.029 Thread 0x00000284017c04a0 Thread added: 0x0000028413061c10
Event: 359.974 Thread 0x0000028413061c10 Thread exited: 0x0000028413061c10
Event: 361.989 Thread 0x00000284017c04a0 Thread added: 0x0000028413061c10
Event: 367.122 Thread 0x0000028413061c10 Thread exited: 0x0000028413061c10
Event: 417.527 Thread 0x0000028402836cf0 Thread exited: 0x0000028402836cf0
Event: 430.341 Thread 0x0000028407d38690 Thread exited: 0x0000028407d38690
Event: 490.348 Thread 0x00000284085a47a0 Thread exited: 0x00000284085a47a0
Event: 550.357 Thread 0x0000028407d38000 Thread exited: 0x0000028407d38000
Event: 610.357 Thread 0x00000284085a7590 Thread exited: 0x00000284085a7590
Event: 1065.751 Thread 0x000002840b126070 Thread exited: 0x000002840b126070
Event: 1104.308 Thread 0x000002840b127ab0 Thread added: 0x000002840b126700
Event: 1104.318 Thread 0x0000028407d36c50 Thread added: 0x000002840b126070
Event: 1104.512 Thread 0x00000284085a4e30 Thread added: 0x000002840b1287d0
Event: 1104.690 Thread 0x00000284017c04a0 Thread added: 0x0000028413061c10
Event: 1104.691 Thread 0x00000284017c04a0 Thread added: 0x00000284130674a0


Dynamic libraries:
0x00007ff78fb60000 - 0x00007ff78fb6e000 	c:\Users\kalra\.vscode\extensions\redhat.java-1.53.0-win32-x64\jre\21.0.10-win32-x86_64\bin\java.exe
0x00007fff8a940000 - 0x00007fff8aba7000 	C:\WINDOWS\SYSTEM32\ntdll.dll
0x00007fff89670000 - 0x00007fff89739000 	C:\WINDOWS\System32\KERNEL32.DLL
0x00007fff88170000 - 0x00007fff88561000 	C:\WINDOWS\System32\KERNELBASE.dll
0x00007fff87ff0000 - 0x00007fff8813b000 	C:\WINDOWS\System32\ucrtbase.dll
0x00007fff6a810000 - 0x00007fff6a828000 	c:\Users\kalra\.vscode\extensions\redhat.java-1.53.0-win32-x64\jre\21.0.10-win32-x86_64\bin\jli.dll
0x00007fff68a60000 - 0x00007fff68a7e000 	c:\Users\kalra\.vscode\extensions\redhat.java-1.53.0-win32-x64\jre\21.0.10-win32-x86_64\bin\VCRUNTIME140.dll
0x00007fff899a0000 - 0x00007fff89b65000 	C:\WINDOWS\System32\USER32.dll
0x00007fff6aee0000 - 0x00007fff6b173000 	C:\WINDOWS\WinSxS\amd64_microsoft.windows.common-controls_6595b64144ccf1df_6.0.26100.8037_none_3e092faae333b53b\COMCTL32.dll
0x00007fff88140000 - 0x00007fff88167000 	C:\WINDOWS\System32\win32u.dll
0x00007fff89750000 - 0x00007fff897f9000 	C:\WINDOWS\System32\msvcrt.dll
0x00007fff89180000 - 0x00007fff891ab000 	C:\WINDOWS\System32\GDI32.dll
0x00007fff87220000 - 0x00007fff8734b000 	C:\WINDOWS\System32\gdi32full.dll
0x00007fff87eb0000 - 0x00007fff87f53000 	C:\WINDOWS\System32\msvcp_win.dll
0x00007fff89110000 - 0x00007fff89141000 	C:\WINDOWS\System32\IMM32.DLL
0x00007fff6fb90000 - 0x00007fff6fb9c000 	c:\Users\kalra\.vscode\extensions\redhat.java-1.53.0-win32-x64\jre\21.0.10-win32-x86_64\bin\vcruntime140_1.dll
0x00007fff15d30000 - 0x00007fff15dbd000 	c:\Users\kalra\.vscode\extensions\redhat.java-1.53.0-win32-x64\jre\21.0.10-win32-x86_64\bin\msvcp140.dll
0x00007ffee6cd0000 - 0x00007ffee7a71000 	c:\Users\kalra\.vscode\extensions\redhat.java-1.53.0-win32-x64\jre\21.0.10-win32-x86_64\bin\server\jvm.dll
0x00007fff8a2e0000 - 0x00007fff8a39b000 	C:\WINDOWS\System32\ADVAPI32.dll
0x00007fff886e0000 - 0x00007fff88787000 	C:\WINDOWS\System32\sechost.dll
0x00007fff89450000 - 0x00007fff89568000 	C:\WINDOWS\System32\RPCRT4.dll
0x00007fff88820000 - 0x00007fff88894000 	C:\WINDOWS\System32\WS2_32.dll
0x00007fff87080000 - 0x00007fff870de000 	C:\WINDOWS\SYSTEM32\POWRPROF.dll
0x00007fff817c0000 - 0x00007fff817cb000 	C:\WINDOWS\SYSTEM32\VERSION.dll
0x00007fff81780000 - 0x00007fff817b5000 	C:\WINDOWS\SYSTEM32\WINMM.dll
0x00007fff87060000 - 0x00007fff87074000 	C:\WINDOWS\SYSTEM32\UMPDC.dll
0x00007fff85fb0000 - 0x00007fff85fcb000 	C:\WINDOWS\SYSTEM32\kernel.appcore.dll
0x00007fff6f910000 - 0x00007fff6f91a000 	c:\Users\kalra\.vscode\extensions\redhat.java-1.53.0-win32-x64\jre\21.0.10-win32-x86_64\bin\jimage.dll
0x00007fff7b9f0000 - 0x00007fff7bc32000 	C:\WINDOWS\SYSTEM32\DBGHELP.DLL
0x00007fff8a570000 - 0x00007fff8a8f2000 	C:\WINDOWS\System32\combase.dll
0x00007fff89320000 - 0x00007fff893f7000 	C:\WINDOWS\System32\OLEAUT32.dll
0x00007fff6dad0000 - 0x00007fff6db0b000 	C:\WINDOWS\SYSTEM32\dbgcore.DLL
0x00007fff88630000 - 0x00007fff886d5000 	C:\WINDOWS\System32\bcryptPrimitives.dll
0x00007fff61990000 - 0x00007fff6199f000 	c:\Users\kalra\.vscode\extensions\redhat.java-1.53.0-win32-x64\jre\21.0.10-win32-x86_64\bin\instrument.dll
0x00007fff4d430000 - 0x00007fff4d450000 	c:\Users\kalra\.vscode\extensions\redhat.java-1.53.0-win32-x64\jre\21.0.10-win32-x86_64\bin\java.dll
0x00007fff89b70000 - 0x00007fff8a2cf000 	C:\WINDOWS\System32\SHELL32.dll
0x00007fff87d40000 - 0x00007fff87eaa000 	C:\WINDOWS\System32\wintypes.dll
0x00007fff874d0000 - 0x00007fff87d34000 	C:\WINDOWS\System32\windows.storage.dll
0x00007fff89210000 - 0x00007fff89307000 	C:\WINDOWS\System32\SHCORE.dll
0x00007fff8a500000 - 0x00007fff8a567000 	C:\WINDOWS\System32\shlwapi.dll
0x00007fff87140000 - 0x00007fff87169000 	C:\WINDOWS\SYSTEM32\profapi.dll
0x00007fff4d410000 - 0x00007fff4d428000 	c:\Users\kalra\.vscode\extensions\redhat.java-1.53.0-win32-x64\jre\21.0.10-win32-x86_64\bin\zip.dll
0x00007fff61980000 - 0x00007fff61990000 	C:\Users\kalra\.vscode\extensions\redhat.java-1.53.0-win32-x64\jre\21.0.10-win32-x86_64\bin\net.dll
0x00007fff7e6e0000 - 0x00007fff7e807000 	C:\WINDOWS\SYSTEM32\WINHTTP.dll
0x00007fff86520000 - 0x00007fff8658b000 	C:\WINDOWS\system32\mswsock.dll
0x00007fff476e0000 - 0x00007fff476f6000 	C:\Users\kalra\.vscode\extensions\redhat.java-1.53.0-win32-x64\jre\21.0.10-win32-x86_64\bin\nio.dll
0x00007fff70230000 - 0x00007fff70240000 	c:\Users\kalra\.vscode\extensions\redhat.java-1.53.0-win32-x64\jre\21.0.10-win32-x86_64\bin\verify.dll
0x00007fff70180000 - 0x00007fff701c5000 	C:\Users\kalra\AppData\Roaming\Code\User\globalStorage\redhat.java\1.53.0\config_win\org.eclipse.equinox.launcher\org.eclipse.equinox.launcher.win32.win32.x86_64_1.3.0.v20260203-2149\eclipse_11919.dll
0x00007fff89800000 - 0x00007fff89995000 	C:\WINDOWS\System32\ole32.dll
0x00007fff86800000 - 0x00007fff8681b000 	C:\WINDOWS\SYSTEM32\CRYPTSP.dll
0x00007fff85f10000 - 0x00007fff85f49000 	C:\WINDOWS\system32\rsaenh.dll
0x00007fff865d0000 - 0x00007fff86602000 	C:\WINDOWS\SYSTEM32\USERENV.dll
0x00007fff87110000 - 0x00007fff8713a000 	C:\WINDOWS\SYSTEM32\bcrypt.dll
0x00007fff86820000 - 0x00007fff8682c000 	C:\WINDOWS\SYSTEM32\CRYPTBASE.dll
0x00007fff85980000 - 0x00007fff859b3000 	C:\WINDOWS\SYSTEM32\IPHLPAPI.DLL
0x00007fff89740000 - 0x00007fff8974a000 	C:\WINDOWS\System32\NSI.dll
0x00007fff700e0000 - 0x00007fff70129000 	C:\Users\kalra\AppData\Local\Temp\jna-101813893\jna1055430166598451783.dll
0x00007fff89170000 - 0x00007fff89178000 	C:\WINDOWS\System32\PSAPI.DLL
0x00007fff81d70000 - 0x00007fff81d8d000 	C:\WINDOWS\SYSTEM32\dhcpcsvc6.DLL
0x00007fff81d20000 - 0x00007fff81d43000 	C:\WINDOWS\SYSTEM32\dhcpcsvc.DLL
0x00007fff81d60000 - 0x00007fff81d6e000 	C:\Users\kalra\.vscode\extensions\redhat.java-1.53.0-win32-x64\jre\21.0.10-win32-x86_64\bin\sunmscapi.dll
0x00007fff87350000 - 0x00007fff874c7000 	C:\WINDOWS\System32\CRYPT32.dll
0x00007fff86a20000 - 0x00007fff86a50000 	C:\WINDOWS\SYSTEM32\ncrypt.dll
0x00007fff869d0000 - 0x00007fff86a0f000 	C:\WINDOWS\SYSTEM32\NTASN1.dll
0x00007fff85a30000 - 0x00007fff85b5a000 	C:\WINDOWS\SYSTEM32\DNSAPI.dll
0x00007fff7e470000 - 0x00007fff7e47b000 	C:\Windows\System32\rasadhlp.dll
0x00007fff82290000 - 0x00007fff82316000 	C:\WINDOWS\System32\fwpuclnt.dll
0x00007fff81d50000 - 0x00007fff81d59000 	C:\Users\kalra\.vscode\extensions\redhat.java-1.53.0-win32-x64\jre\21.0.10-win32-x86_64\bin\extnet.dll

JVMTI agents:
c:\Users\kalra\.vscode\extensions\redhat.java-1.53.0-win32-x64\lombok\lombok-1.18.39-4050.jar path:c:\Users\kalra\.vscode\extensions\redhat.java-1.53.0-win32-x64\jre\21.0.10-win32-x86_64\bin\instrument.dll, loaded, initialized, instrumentlib options:none

dbghelp: loaded successfully - version: 4.0.5 - missing functions: none
symbol engine: initialized successfully - sym options: 0x614 - pdb path: .;c:\Users\kalra\.vscode\extensions\redhat.java-1.53.0-win32-x64\jre\21.0.10-win32-x86_64\bin;C:\WINDOWS\SYSTEM32;C:\WINDOWS\WinSxS\amd64_microsoft.windows.common-controls_6595b64144ccf1df_6.0.26100.8037_none_3e092faae333b53b;c:\Users\kalra\.vscode\extensions\redhat.java-1.53.0-win32-x64\jre\21.0.10-win32-x86_64\bin\server;C:\Users\kalra\AppData\Roaming\Code\User\globalStorage\redhat.java\1.53.0\config_win\org.eclipse.equinox.launcher\org.eclipse.equinox.launcher.win32.win32.x86_64_1.3.0.v20260203-2149;C:\Users\kalra\AppData\Local\Temp\jna-101813893

VM Arguments:
jvm_args: --add-modules=ALL-SYSTEM --add-opens=java.base/java.util=ALL-UNNAMED --add-opens=java.base/java.lang=ALL-UNNAMED --add-opens=java.base/sun.nio.fs=ALL-UNNAMED -Declipse.application=org.eclipse.jdt.ls.core.id1 -Dosgi.bundles.defaultStartLevel=4 -Declipse.product=org.eclipse.jdt.ls.core.product -Djava.import.generatesMetadataFilesAtProjectRoot=false -DDetectVMInstallationsJob.disabled=true -Dfile.encoding=utf8 -XX:+UseParallelGC -XX:GCTimeRatio=4 -XX:AdaptiveSizePolicyWeight=90 -Dsun.zip.disableMemoryMapping=true -Xmx2G -Xms100m -Xlog:disable -javaagent:c:\Users\kalra\.vscode\extensions\redhat.java-1.53.0-win32-x64\lombok\lombok-1.18.39-4050.jar -XX:+HeapDumpOnOutOfMemoryError -XX:HeapDumpPath=c:\Users\kalra\AppData\Roaming\Code\User\workspaceStorage\4fda5c3b26c15e0cb27154c0e992db6d\redhat.java -Daether.dependencyCollector.impl=bf 
java_command: c:\Users\kalra\.vscode\extensions\redhat.java-1.53.0-win32-x64\server\plugins\org.eclipse.equinox.launcher_1.7.100.v20251111-0406.jar -configuration c:\Users\kalra\AppData\Roaming\Code\User\globalStorage\redhat.java\1.53.0\config_win -data c:\Users\kalra\AppData\Roaming\Code\User\workspaceStorage\4fda5c3b26c15e0cb27154c0e992db6d\redhat.java\jdt_ws --pipe=\\.\pipe\lsp-7e6f91946046636008ef6a9484c595a5-sock
java_class_path (initial): c:\Users\kalra\.vscode\extensions\redhat.java-1.53.0-win32-x64\server\plugins\org.eclipse.equinox.launcher_1.7.100.v20251111-0406.jar
Launcher Type: SUN_STANDARD

[Global flags]
    uintx AdaptiveSizePolicyWeight                 = 90                                        {product} {command line}
     intx CICompilerCount                          = 4                                         {product} {ergonomic}
    uintx GCTimeRatio                              = 4                                         {product} {command line}
     bool HeapDumpOnOutOfMemoryError               = true                                   {manageable} {command line}
    ccstr HeapDumpPath                             = c:\Users\kalra\AppData\Roaming\Code\User\workspaceStorage\4fda5c3b26c15e0cb27154c0e992db6d\redhat.java         {manageable} {command line}
   size_t InitialHeapSize                          = 104857600                                 {product} {command line}
   size_t MaxHeapSize                              = 2147483648                                {product} {command line}
   size_t MaxNewSize                               = 715653120                                 {product} {ergonomic}
   size_t MinHeapDeltaBytes                        = 524288                                    {product} {ergonomic}
   size_t MinHeapSize                              = 104857600                                 {product} {command line}
   size_t NewSize                                  = 34603008                                  {product} {ergonomic}
    uintx NonNMethodCodeHeapSize                   = 5839372                                {pd product} {ergonomic}
    uintx NonProfiledCodeHeapSize                  = 122909434                              {pd product} {ergonomic}
   size_t OldSize                                  = 70254592                                  {product} {ergonomic}
    uintx ProfiledCodeHeapSize                     = 122909434                              {pd product} {ergonomic}
    uintx ReservedCodeCacheSize                    = 251658240                              {pd product} {ergonomic}
     bool SegmentedCodeCache                       = true                                      {product} {ergonomic}
   size_t SoftMaxHeapSize                          = 2147483648                             {manageable} {ergonomic}
     bool UseCompressedOops                        = true                           {product lp64_product} {ergonomic}
     bool UseLargePagesIndividualAllocation        = false                                  {pd product} {ergonomic}
     bool UseParallelGC                            = true                                      {product} {command line}

Logging:
Log output configuration:
 #0: stdout all=off uptime,level,tags foldmultilines=false
 #1: stderr all=off uptime,level,tags foldmultilines=false

Release file:
JAVA_VERSION="21.0.10" 
MODULES="java.base java.compiler java.datatransfer java.xml java.prefs java.desktop java.instrument java.logging java.management java.security.sasl java.naming java.rmi java.management.rmi java.net.http java.scripting java.security.jgss java.transaction.xa java.sql java.sql.rowset java.xml.crypto java.se java.smartcardio jdk.accessibility jdk.internal.jvmstat jdk.attach jdk.charsets jdk.internal.opt jdk.zipfs jdk.compiler jdk.crypto.ec jdk.crypto.cryptoki jdk.crypto.mscapi jdk.dynalink jdk.internal.ed jdk.editpad jdk.hotspot.agent jdk.httpserver jdk.internal.le jdk.internal.vm.ci jdk.internal.vm.compiler jdk.internal.vm.compiler.management jdk.jartool jdk.javadoc jdk.jcmd jdk.management jdk.management.agent jdk.jconsole jdk.jdeps jdk.jdwp.agent jdk.jdi jdk.jfr jdk.jshell jdk.jsobject jdk.jstatd jdk.localedata jdk.management.jfr jdk.naming.dns jdk.naming.rmi jdk.net jdk.nio.mapmode jdk.random jdk.sctp jdk.security.auth jdk.security.jgss jdk.unsupported jdk.unsupported.desktop jdk.xml.dom" 

Environment Variables:
PATH=C:\Users\kalra\AppData\Local\Programs\Microsoft VS Code;C:\Python314\Scripts\;C:\Python314\;C:\Program Files\nodejs\;C:\ProgramData\chocolatey\bin;D:\Git\cmd;C:\Users\kalra\AppData\Local\Programs\Python\Python313\Scripts\;C:\Users\kalra\AppData\Local\Programs\Python\Python313\;C:\Program Files\MySQL\MySQL Shell 8.0\bin\;C:\Users\kalra\AppData\Local\Programs\Python\Python312\Scripts\;C:\Users\kalra\AppData\Local\Programs\Python\Python312\;C:\Users\kalra\AppData\Local\Microsoft\WindowsApps;C:\Users\kalra\AppData\Local\Programs\Microsoft VS Code\bin;C:\Program Files\Azure Data Studio\bin;%JAVA_HOME%\bin;C:\Program Files\Maven\apache-maven-3.9.11\bin;C:\Program Files\MySQL\MySQL Server 8.0\bin;C:\Users\kalra\AppData\Roaming\npm;C:\Users\kalra\Downloads\flutter_windows_3.41.4-stable\flutter\bin;C:\Windows\System32;C:\Program Files\Git\cmd;C:\Windows\System32\WindowsPowerShell\v1.0\;
USERNAME=kalra
OS=Windows_NT
PROCESSOR_IDENTIFIER=AMD64 Family 23 Model 104 Stepping 1, AuthenticAMD
TMP=C:\Users\kalra\AppData\Local\Temp
TEMP=C:\Users\kalra\AppData\Local\Temp




Periodic native trim disabled

---------------  S Y S T E M  ---------------

OS:
 Windows 11 , 64 bit Build 26100 (10.0.26100.7920)
OS uptime: 0 days 9:01 hours
Hyper-V role detected

CPU: total 12 (initial active 12) (12 cores per cpu, 2 threads per core) family 23 model 104 stepping 1 microcode 0x8608107, cx8, cmov, fxsr, ht, mmx, 3dnowpref, sse, sse2, sse3, ssse3, sse4a, sse4.1, sse4.2, popcnt, lzcnt, tsc, tscinvbit, avx, avx2, aes, clmul, bmi1, bmi2, adx, sha, fma, vzeroupper, clflush, clflushopt, hv, rdtscp, rdpid, f16c
Processor Information for processor 0
  Max Mhz: 2100, Current Mhz: 2100, Mhz Limit: 2100
Processor Information for processor 1
  Max Mhz: 2100, Current Mhz: 1813, Mhz Limit: 2100
Processor Information for processor 2
  Max Mhz: 2100, Current Mhz: 2100, Mhz Limit: 2100
Processor Information for processor 3
  Max Mhz: 2100, Current Mhz: 2100, Mhz Limit: 2100
Processor Information for processor 4
  Max Mhz: 2100, Current Mhz: 2100, Mhz Limit: 2100
Processor Information for processor 5
  Max Mhz: 2100, Current Mhz: 2100, Mhz Limit: 2100
Processor Information for processor 6
  Max Mhz: 2100, Current Mhz: 2100, Mhz Limit: 2100
Processor Information for processor 7
  Max Mhz: 2100, Current Mhz: 2100, Mhz Limit: 2100
Processor Information for processor 8
  Max Mhz: 2100, Current Mhz: 2100, Mhz Limit: 2100
Processor Information for processor 9
  Max Mhz: 2100, Current Mhz: 2100, Mhz Limit: 2100
Processor Information for processor 10
  Max Mhz: 2100, Current Mhz: 2100, Mhz Limit: 2100
Processor Information for processor 11
  Max Mhz: 2100, Current Mhz: 2100, Mhz Limit: 2100

Memory: 4k page, system-wide physical 7501M (647M free)
TotalPageFile size 16326M (AvailPageFile size 32M)
current process WorkingSet (physical memory assigned to process): 187M, peak: 434M
current process commit charge ("private bytes"): 564M, peak: 591M

vm_info: OpenJDK 64-Bit Server VM (21.0.10+7-LTS) for windows-amd64 JRE (21.0.10+7-LTS), built on 2026-01-20T00:00:00Z by "admin" with MS VC++ 17.12 (VS2022)

END.
