#
# There is insufficient memory for the Java Runtime Environment to continue.
# Native memory allocation (malloc) failed to allocate 32744 bytes. Error detail: Chunk::new
# Possible reasons:
#   The system is out of physical RAM or swap space
#   This process is running with CompressedOops enabled, and the Java Heap may be blocking the growth of the native heap
# Possible solutions:
#   Reduce memory load on the system
#   Increase physical memory or swap space
#   Check if swap backing store is full
#   Decrease Java heap size (-Xmx/-Xms)
#   Decrease number of Java threads
#   Decrease Java thread stack sizes (-Xss)
#   Set larger code cache with -XX:ReservedCodeCacheSize=
#   JVM is running with Unscaled Compressed Oops mode in which the Java heap is
#     placed in the first 4GB address space. The Java Heap base address is the
#     maximum limit for the native heap growth. Please use -XX:HeapBaseMinAddress
#     to set the Java Heap base and to place the Java Heap above 4GB virtual address.
# This output file may be truncated or incomplete.
#
#  Out of Memory Error (arena.cpp:168), pid=19292, tid=16636
#
# JRE version: OpenJDK Runtime Environment Temurin-21.0.10+7 (21.0.10+7) (build 21.0.10+7-LTS)
# Java VM: OpenJDK 64-Bit Server VM Temurin-21.0.10+7 (21.0.10+7-LTS, mixed mode, sharing, tiered, compressed oops, compressed class ptrs, parallel gc, windows-amd64)
# No core dump will be written. Minidumps are not enabled by default on client versions of Windows
#

---------------  S U M M A R Y ------------

Command Line: --add-modules=ALL-SYSTEM --add-opens=java.base/java.util=ALL-UNNAMED --add-opens=java.base/java.lang=ALL-UNNAMED --add-opens=java.base/sun.nio.fs=ALL-UNNAMED -Declipse.application=org.eclipse.jdt.ls.core.id1 -Dosgi.bundles.defaultStartLevel=4 -Declipse.product=org.eclipse.jdt.ls.core.product -Djava.import.generatesMetadataFilesAtProjectRoot=false -DDetectVMInstallationsJob.disabled=true -Dfile.encoding=utf8 -XX:+UseParallelGC -XX:GCTimeRatio=4 -XX:AdaptiveSizePolicyWeight=90 -Dsun.zip.disableMemoryMapping=true -Xmx2G -Xms100m -Xlog:disable -javaagent:c:\Users\kalra\.vscode\extensions\redhat.java-1.53.0-win32-x64\lombok\lombok-1.18.39-4050.jar -XX:+HeapDumpOnOutOfMemoryError -XX:HeapDumpPath=c:\Users\kalra\AppData\Roaming\Code\User\workspaceStorage\4fda5c3b26c15e0cb27154c0e992db6d\redhat.java -Daether.dependencyCollector.impl=bf c:\Users\kalra\.vscode\extensions\redhat.java-1.53.0-win32-x64\server\plugins\org.eclipse.equinox.launcher_1.7.100.v20251111-0406.jar -configuration c:\Users\kalra\AppData\Roaming\Code\User\globalStorage\redhat.java\1.53.0\config_win -data c:\Users\kalra\AppData\Roaming\Code\User\workspaceStorage\4fda5c3b26c15e0cb27154c0e992db6d\redhat.java\jdt_ws --pipe=\\.\pipe\lsp-48241130f139980398509ec14c13524a-sock

Host: AMD Ryzen 5 5500U with Radeon Graphics         , 12 cores, 7G,  Windows 11 , 64 bit Build 26100 (10.0.26100.7920)
Time: Fri Mar 27 15:22:55 2026 India Standard Time elapsed time: 21.096587 seconds (0d 0h 0m 21s)

---------------  T H R E A D  ---------------

Current thread (0x00000256a2842db0):  JavaThread "C2 CompilerThread2" daemon [_thread_in_native, id=16636, stack(0x000000c7d8a00000,0x000000c7d8b00000) (1024K)]


Current CompileTask:
C2:21096 5788   !   4       org.eclipse.osgi.internal.loader.classpath.ClasspathManager::findClassImpl (328 bytes)

Stack: [0x000000c7d8a00000,0x000000c7d8b00000]
Native frames: (J=compiled Java code, j=interpreted, Vv=VM code, C=native code)
V  [jvm.dll+0x6d7a39]
V  [jvm.dll+0x8b4b26]
V  [jvm.dll+0x8b70de]
V  [jvm.dll+0x8b77c3]
V  [jvm.dll+0x284346]
V  [jvm.dll+0xc66ed]
V  [jvm.dll+0xc6c31]
V  [jvm.dll+0x7216e8]
V  [jvm.dll+0x1e3c81]
V  [jvm.dll+0x24c6b3]
V  [jvm.dll+0x24bb40]
V  [jvm.dll+0x1cb34e]
V  [jvm.dll+0x25b85d]
V  [jvm.dll+0x259dea]
V  [jvm.dll+0x3f857e]
V  [jvm.dll+0x85f59d]
V  [jvm.dll+0x6d626d]
C  [ucrtbase.dll+0x37b0]
C  [KERNEL32.DLL+0x2e8d7]
C  [ntdll.dll+0x8c48c]


---------------  P R O C E S S  ---------------

Threads class SMR info:
_java_thread_list=0x00000256a30eed70, length=54, elements={
0x000002564326d240, 0x000002569cbe0080, 0x000002569cbe4520, 0x000002569cbe6cd0,
0x000002569cbe7ce0, 0x000002569cbeb750, 0x000002569cbf18f0, 0x000002569cbfd940,
0x000002569cc260d0, 0x000002569ce583d0, 0x000002569cf5bb20, 0x00000256a1624b50,
0x00000256a17e1bf0, 0x00000256a17b8520, 0x00000256a17e1540, 0x00000256a1303990,
0x00000256a152f130, 0x000002569cf43ac0, 0x000002569cd25cf0, 0x000002569cd26a10,
0x000002569cd27730, 0x00000256a1e05b00, 0x00000256a2842db0, 0x000002569cd242b0,
0x000002569cd26380, 0x000002569cd24940, 0x000002569cd270a0, 0x000002569cd24fd0,
0x000002569cd25660, 0x00000256a3b0ea20, 0x00000256a3b0fdd0, 0x00000256a3b10af0,
0x00000256a3b11810, 0x00000256a3b0f740, 0x00000256a3b11ea0, 0x00000256a3b12530,
0x00000256a3b0f0b0, 0x00000256a3b10460, 0x00000256a3b11180, 0x00000256a3b13f70,
0x00000256a3b16040, 0x00000256a3b138e0, 0x00000256a3b14600, 0x00000256a3b12bc0,
0x00000256a3b14c90, 0x00000256a3b15320, 0x00000256a3b159b0, 0x00000256a415edc0,
0x00000256a415ccf0, 0x00000256a415f450, 0x00000256a415da10, 0x00000256a4160170,
0x00000256a4160800, 0x00000256a415e0a0
}

Java Threads: ( => current thread )
  0x000002564326d240 JavaThread "main"                              [_thread_blocked, id=10484, stack(0x000000c7d6800000,0x000000c7d6900000) (1024K)]
  0x000002569cbe0080 JavaThread "Reference Handler"          daemon [_thread_blocked, id=1780, stack(0x000000c7d6c00000,0x000000c7d6d00000) (1024K)]
  0x000002569cbe4520 JavaThread "Finalizer"                  daemon [_thread_blocked, id=16008, stack(0x000000c7d6d00000,0x000000c7d6e00000) (1024K)]
  0x000002569cbe6cd0 JavaThread "Signal Dispatcher"          daemon [_thread_blocked, id=19768, stack(0x000000c7d6e00000,0x000000c7d6f00000) (1024K)]
  0x000002569cbe7ce0 JavaThread "Attach Listener"            daemon [_thread_blocked, id=7252, stack(0x000000c7d6f00000,0x000000c7d7000000) (1024K)]
  0x000002569cbeb750 JavaThread "Service Thread"             daemon [_thread_blocked, id=8224, stack(0x000000c7d7000000,0x000000c7d7100000) (1024K)]
  0x000002569cbf18f0 JavaThread "Monitor Deflation Thread"   daemon [_thread_blocked, id=18344, stack(0x000000c7d7100000,0x000000c7d7200000) (1024K)]
  0x000002569cbfd940 JavaThread "C2 CompilerThread0"         daemon [_thread_in_native, id=19996, stack(0x000000c7d7200000,0x000000c7d7300000) (1024K)]
  0x000002569cc260d0 JavaThread "C1 CompilerThread0"         daemon [_thread_in_native, id=8904, stack(0x000000c7d7300000,0x000000c7d7400000) (1024K)]
  0x000002569ce583d0 JavaThread "Common-Cleaner"             daemon [_thread_blocked, id=13256, stack(0x000000c7d7400000,0x000000c7d7500000) (1024K)]
  0x000002569cf5bb20 JavaThread "Notification Thread"        daemon [_thread_blocked, id=12988, stack(0x000000c7d7600000,0x000000c7d7700000) (1024K)]
  0x00000256a1624b50 JavaThread "Active Thread: Equinox Container: 2fe5177e-43cb-4e56-932e-a8e3aff13994"        [_thread_blocked, id=17332, stack(0x000000c7d7d00000,0x000000c7d7e00000) (1024K)]
  0x00000256a17e1bf0 JavaThread "Refresh Thread: Equinox Container: 2fe5177e-43cb-4e56-932e-a8e3aff13994" daemon [_thread_blocked, id=17840, stack(0x000000c7d7f00000,0x000000c7d8000000) (1024K)]
  0x00000256a17b8520 JavaThread "Framework Event Dispatcher: Equinox Container: 2fe5177e-43cb-4e56-932e-a8e3aff13994" daemon [_thread_blocked, id=15700, stack(0x000000c7d8000000,0x000000c7d8100000) (1024K)]
  0x00000256a17e1540 JavaThread "Start Level: Equinox Container: 2fe5177e-43cb-4e56-932e-a8e3aff13994" daemon [_thread_blocked, id=1800, stack(0x000000c7d7e00000,0x000000c7d7f00000) (1024K)]
  0x00000256a1303990 JavaThread "Bundle File Closer"         daemon [_thread_blocked, id=12252, stack(0x000000c7d8400000,0x000000c7d8500000) (1024K)]
  0x00000256a152f130 JavaThread "SCR Component Actor"        daemon [_thread_blocked, id=19668, stack(0x000000c7d8300000,0x000000c7d8400000) (1024K)]
  0x000002569cf43ac0 JavaThread "Worker-JM"                         [_thread_blocked, id=372, stack(0x000000c7d8500000,0x000000c7d8600000) (1024K)]
  0x000002569cd25cf0 JavaThread "JNA Cleaner"                daemon [_thread_blocked, id=6028, stack(0x000000c7d8600000,0x000000c7d8700000) (1024K)]
  0x000002569cd26a10 JavaThread "Worker-0"                          [_thread_blocked, id=1644, stack(0x000000c7d8700000,0x000000c7d8800000) (1024K)]
  0x000002569cd27730 JavaThread "Worker-1: Repository registry initialization"        [_thread_in_vm, id=4388, stack(0x000000c7d8800000,0x000000c7d8900000) (1024K)]
  0x00000256a1e05b00 JavaThread "C2 CompilerThread1"         daemon [_thread_in_native, id=9404, stack(0x000000c7d8900000,0x000000c7d8a00000) (1024K)]
=>0x00000256a2842db0 JavaThread "C2 CompilerThread2"         daemon [_thread_in_native, id=16636, stack(0x000000c7d8a00000,0x000000c7d8b00000) (1024K)]
  0x000002569cd242b0 JavaThread "Worker-2"                          [_thread_blocked, id=8728, stack(0x000000c7d8b00000,0x000000c7d8c00000) (1024K)]
  0x000002569cd26380 JavaThread "Java indexing"              daemon [_thread_blocked, id=20852, stack(0x000000c7d8c00000,0x000000c7d8d00000) (1024K)]
  0x000002569cd24940 JavaThread "Worker-3"                          [_thread_blocked, id=9148, stack(0x000000c7d8f00000,0x000000c7d9000000) (1024K)]
  0x000002569cd270a0 JavaThread "Worker-4"                          [_thread_blocked, id=21324, stack(0x000000c7d9000000,0x000000c7d9100000) (1024K)]
  0x000002569cd24fd0 JavaThread "Thread-1"                   daemon [_thread_in_native, id=9836, stack(0x000000c7d9100000,0x000000c7d9200000) (1024K)]
  0x000002569cd25660 JavaThread "Thread-2"                   daemon [_thread_in_native, id=4608, stack(0x000000c7d9200000,0x000000c7d9300000) (1024K)]
  0x00000256a3b0ea20 JavaThread "Thread-3"                   daemon [_thread_in_native, id=16700, stack(0x000000c7d9300000,0x000000c7d9400000) (1024K)]
  0x00000256a3b0fdd0 JavaThread "Thread-4"                   daemon [_thread_in_native, id=21052, stack(0x000000c7d9400000,0x000000c7d9500000) (1024K)]
  0x00000256a3b10af0 JavaThread "Thread-5"                   daemon [_thread_in_native, id=11608, stack(0x000000c7d9500000,0x000000c7d9600000) (1024K)]
  0x00000256a3b11810 JavaThread "Thread-6"                   daemon [_thread_in_native, id=15100, stack(0x000000c7d9600000,0x000000c7d9700000) (1024K)]
  0x00000256a3b0f740 JavaThread "Thread-7"                   daemon [_thread_in_native, id=14280, stack(0x000000c7d9700000,0x000000c7d9800000) (1024K)]
  0x00000256a3b11ea0 JavaThread "Thread-8"                   daemon [_thread_in_native, id=17188, stack(0x000000c7d9800000,0x000000c7d9900000) (1024K)]
  0x00000256a3b12530 JavaThread "Thread-9"                   daemon [_thread_in_native, id=976, stack(0x000000c7d9900000,0x000000c7d9a00000) (1024K)]
  0x00000256a3b0f0b0 JavaThread "Thread-10"                  daemon [_thread_in_native, id=15940, stack(0x000000c7d9a00000,0x000000c7d9b00000) (1024K)]
  0x00000256a3b10460 JavaThread "Thread-11"                  daemon [_thread_in_native, id=18664, stack(0x000000c7d9b00000,0x000000c7d9c00000) (1024K)]
  0x00000256a3b11180 JavaThread "Thread-12"                  daemon [_thread_in_native, id=5140, stack(0x000000c7d9c00000,0x000000c7d9d00000) (1024K)]
  0x00000256a3b13f70 JavaThread "Thread-13"                  daemon [_thread_in_native, id=720, stack(0x000000c7d9d00000,0x000000c7d9e00000) (1024K)]
  0x00000256a3b16040 JavaThread "pool-2-thread-1"                   [_thread_blocked, id=10948, stack(0x000000c7d9e00000,0x000000c7d9f00000) (1024K)]
  0x00000256a3b138e0 JavaThread "WorkspaceEventsHandler"            [_thread_blocked, id=4472, stack(0x000000c7d9f00000,0x000000c7da000000) (1024K)]
  0x00000256a3b14600 JavaThread "pool-1-thread-1"                   [_thread_blocked, id=8464, stack(0x000000c7da000000,0x000000c7da100000) (1024K)]
  0x00000256a3b12bc0 JavaThread "ForkJoinPool.commonPool-worker-1" daemon [_thread_blocked, id=8628, stack(0x000000c7da100000,0x000000c7da200000) (1024K)]
  0x00000256a3b14c90 JavaThread "ForkJoinPool.commonPool-worker-2" daemon [_thread_blocked, id=20840, stack(0x000000c7da200000,0x000000c7da300000) (1024K)]
  0x00000256a3b15320 JavaThread "ForkJoinPool.commonPool-worker-3" daemon [_thread_blocked, id=1472, stack(0x000000c7da300000,0x000000c7da400000) (1024K)]
  0x00000256a3b159b0 JavaThread "ForkJoinPool.commonPool-worker-4" daemon [_thread_blocked, id=864, stack(0x000000c7da400000,0x000000c7da500000) (1024K)]
  0x00000256a415edc0 JavaThread "ForkJoinPool.commonPool-worker-5" daemon [_thread_blocked, id=10068, stack(0x000000c7da500000,0x000000c7da600000) (1024K)]
  0x00000256a415ccf0 JavaThread "ForkJoinPool.commonPool-worker-6" daemon [_thread_blocked, id=21316, stack(0x000000c7da600000,0x000000c7da700000) (1024K)]
  0x00000256a415f450 JavaThread "ForkJoinPool.commonPool-worker-7" daemon [_thread_blocked, id=14392, stack(0x000000c7da700000,0x000000c7da800000) (1024K)]
  0x00000256a415da10 JavaThread "ForkJoinPool.commonPool-worker-8" daemon [_thread_blocked, id=880, stack(0x000000c7da800000,0x000000c7da900000) (1024K)]
  0x00000256a4160170 JavaThread "ForkJoinPool.commonPool-worker-9" daemon [_thread_blocked, id=21160, stack(0x000000c7da900000,0x000000c7daa00000) (1024K)]
  0x00000256a4160800 JavaThread "ForkJoinPool.commonPool-worker-11" daemon [_thread_blocked, id=17044, stack(0x000000c7daa00000,0x000000c7dab00000) (1024K)]
  0x00000256a415e0a0 JavaThread "ForkJoinPool.commonPool-worker-10" daemon [_thread_blocked, id=14172, stack(0x000000c7dab00000,0x000000c7dac00000) (1024K)]
Total: 54

Other Threads:
  0x0000025643203700 VMThread "VM Thread"                           [id=17660, stack(0x000000c7d6b00000,0x000000c7d6c00000) (1024K)]
  0x00000256430fba00 WatcherThread "VM Periodic Task Thread"        [id=19820, stack(0x000000c7d6a00000,0x000000c7d6b00000) (1024K)]
  0x000002564328b600 WorkerThread "GC Thread#0"                     [id=17496, stack(0x000000c7d6900000,0x000000c7d6a00000) (1024K)]
  0x00000256a141e3f0 WorkerThread "GC Thread#1"                     [id=3176, stack(0x000000c7d7700000,0x000000c7d7800000) (1024K)]
  0x00000256a159a9d0 WorkerThread "GC Thread#2"                     [id=8188, stack(0x000000c7d7800000,0x000000c7d7900000) (1024K)]
  0x00000256a10938f0 WorkerThread "GC Thread#3"                     [id=14832, stack(0x000000c7d7900000,0x000000c7d7a00000) (1024K)]
  0x000002569cf7ca10 WorkerThread "GC Thread#4"                     [id=2560, stack(0x000000c7d7a00000,0x000000c7d7b00000) (1024K)]
  0x000002569cf7d1c0 WorkerThread "GC Thread#5"                     [id=14128, stack(0x000000c7d7b00000,0x000000c7d7c00000) (1024K)]
  0x00000256a19680a0 WorkerThread "GC Thread#6"                     [id=21424, stack(0x000000c7d7c00000,0x000000c7d7d00000) (1024K)]
  0x00000256a1755c40 WorkerThread "GC Thread#7"                     [id=11348, stack(0x000000c7d7500000,0x000000c7d7600000) (1024K)]
  0x00000256a1b6cde0 WorkerThread "GC Thread#8"                     [id=7728, stack(0x000000c7d8100000,0x000000c7d8200000) (1024K)]
  0x00000256a1b6d190 WorkerThread "GC Thread#9"                     [id=1676, stack(0x000000c7d8200000,0x000000c7d8300000) (1024K)]
Total: 12

Threads with active compile tasks:
C2 CompilerThread0  21154 6021       4       java.lang.invoke.MethodType::makeImpl (109 bytes)
C1 CompilerThread0  21154 6120       3       org.objectweb.asm.ClassWriter::toByteArray (1535 bytes)
C2 CompilerThread1  21154 6071       4       java.lang.invoke.MethodType::methodType (69 bytes)
C2 CompilerThread2  21154 5788   !   4       org.eclipse.osgi.internal.loader.classpath.ClasspathManager::findClassImpl (328 bytes)
Total: 4

VM state: not at safepoint (normal execution)

VM Mutex/Monitor currently owned by a thread: None

Heap address: 0x0000000080000000, size: 2048 MB, Compressed Oops mode: 32-bit

CDS archive(s) mapped at: [0x000002565a000000-0x000002565aba0000-0x000002565aba0000), size 12189696, SharedBaseAddress: 0x000002565a000000, ArchiveRelocationMode: 1.
Compressed class space mapped at: 0x000002565b000000-0x000002569b000000, reserved size: 1073741824
Narrow klass base: 0x000002565a000000, Narrow klass shift: 0, Narrow klass range: 0x100000000

GC Precious Log:
 CardTable entry size: 512
 CPUs: 12 total, 12 available
 Memory: 7501M
 Large Page Support: Disabled
 NUMA Support: Disabled
 Compressed Oops: Enabled (32-bit)
 Alignments: Space 512K, Generation 512K, Heap 2M
 Heap Min Capacity: 100M
 Heap Initial Capacity: 100M
 Heap Max Capacity: 2G
 Pre-touch: Disabled
 Parallel Workers: 10

Heap:
 PSYoungGen      total 13312K, used 7707K [0x00000000d5580000, 0x00000000d6f00000, 0x0000000100000000)
  eden space 12288K, 54% used [0x00000000d5580000,0x00000000d5c0acf8,0x00000000d6180000)
  from space 1024K, 98% used [0x00000000d6180000,0x00000000d627c010,0x00000000d6280000)
  to   space 5120K, 0% used [0x00000000d6a00000,0x00000000d6a00000,0x00000000d6f00000)
 ParOldGen       total 68608K, used 33781K [0x0000000080000000, 0x0000000084300000, 0x00000000d5580000)
  object space 68608K, 49% used [0x0000000080000000,0x00000000820fd748,0x0000000084300000)
 Metaspace       used 44363K, committed 45632K, reserved 1114112K
  class space    used 4830K, committed 5376K, reserved 1048576K

Card table byte_map: [0x0000025642c10000,0x0000025643020000] _byte_map_base: 0x0000025642810000

Marking Bits: (ParMarkBitMap*) 0x00007ffed4853450
 Begin Bits: [0x0000025655720000, 0x0000025657720000)
 End Bits:   [0x0000025657720000, 0x0000025659720000)

Polling page: 0x00000256410d0000

Metaspace:

Usage:
  Non-class:     38.61 MB used.
      Class:      4.72 MB used.
       Both:     43.32 MB used.

Virtual space:
  Non-class space:       64.00 MB reserved,      39.31 MB ( 61%) committed,  1 nodes.
      Class space:        1.00 GB reserved,       5.25 MB ( <1%) committed,  1 nodes.
             Both:        1.06 GB reserved,      44.56 MB (  4%) committed. 

Chunk freelists:
   Non-Class:  8.67 MB
       Class:  10.67 MB
        Both:  19.34 MB

MaxMetaspaceSize: unlimited
CompressedClassSpaceSize: 1.00 GB
Initial GC threshold: 21.00 MB
Current GC threshold: 58.88 MB
CDS: on
 - commit_granule_bytes: 65536.
 - commit_granule_words: 8192.
 - virtual_space_node_default_size: 8388608.
 - enlarge_chunks_in_place: 1.
 - use_allocation_guard: 0.


Internal statistics:

num_allocs_failed_limit: 12.
num_arena_births: 968.
num_arena_deaths: 14.
num_vsnodes_births: 2.
num_vsnodes_deaths: 0.
num_space_committed: 713.
num_space_uncommitted: 0.
num_chunks_returned_to_freelist: 26.
num_chunks_taken_from_freelist: 3032.
num_chunk_merges: 10.
num_chunk_splits: 1833.
num_chunks_enlarged: 975.
num_inconsistent_stats: 0.

CodeHeap 'non-profiled nmethods': size=120000Kb used=2528Kb max_used=2528Kb free=117471Kb
 bounds [0x000002564df40000, 0x000002564e1c0000, 0x0000025655470000]
CodeHeap 'profiled nmethods': size=120000Kb used=11528Kb max_used=11528Kb free=108471Kb
 bounds [0x0000025646470000, 0x0000025646fc0000, 0x000002564d9a0000]
CodeHeap 'non-nmethods': size=5760Kb used=1363Kb max_used=1418Kb free=4396Kb
 bounds [0x000002564d9a0000, 0x000002564dc10000, 0x000002564df40000]
CodeCache: size=245760Kb, used=15419Kb, max_used=15474Kb, free=230338Kb
 total_blobs=6193, nmethods=5534, adapters=565, full_count=0
Compilation: enabled, stopped_count=0, restarted_count=0

Compilation events (20 events):
Event: 21.061 Thread 0x000002569cc260d0 nmethod 6084 0x000002564e1b7a90 code [0x000002564e1b7c20, 0x000002564e1b7cf0]
Event: 21.062 Thread 0x000002569cc260d0 6086       3       com.google.common.collect.ImmutableCollection::toArray (67 bytes)
Event: 21.063 Thread 0x000002569cc260d0 nmethod 6086 0x0000025646f93b90 code [0x0000025646f93e20, 0x0000025646f94aa0]
Event: 21.063 Thread 0x000002569cc260d0 6085       3       com.google.common.collect.ImmutableCollection::toArray (8 bytes)
Event: 21.064 Thread 0x000002569cc260d0 nmethod 6085 0x0000025646f94e10 code [0x0000025646f94fc0, 0x0000025646f95108]
Event: 21.064 Thread 0x000002569cc260d0 6087       3       java.lang.ClassValue::get (31 bytes)
Event: 21.065 Thread 0x000002569cc260d0 nmethod 6087 0x0000025646f95190 code [0x0000025646f953c0, 0x0000025646f95cb0]
Event: 21.065 Thread 0x000002569cc260d0 6088       3       java.lang.ClassValue$Entry::value (9 bytes)
Event: 21.065 Thread 0x000002569cc260d0 nmethod 6088 0x0000025646f96090 code [0x0000025646f96240, 0x0000025646f963b8]
Event: 21.065 Thread 0x000002569cc260d0 6089       3       java.lang.ClassValue$Entry::assertNotPromise (22 bytes)
Event: 21.065 Thread 0x000002569cc260d0 nmethod 6089 0x0000025646f96490 code [0x0000025646f96620, 0x0000025646f96738]
Event: 21.065 Thread 0x000002569cc260d0 6090       3       java.util.TreeMap$KeySet::size (10 bytes)
Event: 21.066 Thread 0x000002569cc260d0 nmethod 6090 0x0000025646f96810 code [0x0000025646f969c0, 0x0000025646f96b98]
Event: 21.071 Thread 0x000002569cc260d0 6091       3       java.lang.ClassLoader::defineClass (11 bytes)
Event: 21.071 Thread 0x000002569cc260d0 nmethod 6091 0x0000025646f96c90 code [0x0000025646f96e40, 0x0000025646f96f88]
Event: 21.072 Thread 0x000002569cc260d0 6092       1       com.google.inject.internal.BindingImpl::getInternalFactory (5 bytes)
Event: 21.072 Thread 0x000002569cc260d0 nmethod 6092 0x000002564e1b7d90 code [0x000002564e1b7f20, 0x000002564e1b7fe8]
Event: 21.076 Thread 0x000002569cc260d0 6093       3       org.objectweb.asm.ByteVector::put11 (52 bytes)
Event: 21.077 Thread 0x000002569cc260d0 nmethod 6093 0x0000025646f97010 code [0x0000025646f971c0, 0x0000025646f973c8]
Event: 21.086 Thread 0x000002569cc260d0 6094   !   3       com.google.common.cache.LocalCache$Segment::storeLoadedValue (371 bytes)

GC Heap History (20 events):
Event: 17.928 GC heap before
{Heap before GC invocations=12 (full 1):
 PSYoungGen      total 25600K, used 25585K [0x00000000d5580000, 0x00000000d7400000, 0x0000000100000000)
  eden space 23040K, 100% used [0x00000000d5580000,0x00000000d6c00000,0x00000000d6c00000)
  from space 2560K, 99% used [0x00000000d7080000,0x00000000d72fc5b0,0x00000000d7300000)
  to   space 4096K, 0% used [0x00000000d6c00000,0x00000000d6c00000,0x00000000d7000000)
 ParOldGen       total 68608K, used 14419K [0x0000000080000000, 0x0000000084300000, 0x00000000d5580000)
  object space 68608K, 21% used [0x0000000080000000,0x0000000080e14f68,0x0000000084300000)
 Metaspace       used 31116K, committed 32192K, reserved 1114112K
  class space    used 3160K, committed 3584K, reserved 1048576K
}
Event: 17.934 GC heap after
{Heap after GC invocations=12 (full 1):
 PSYoungGen      total 24064K, used 1474K [0x00000000d5580000, 0x00000000d7100000, 0x0000000100000000)
  eden space 22528K, 0% used [0x00000000d5580000,0x00000000d5580000,0x00000000d6b80000)
  from space 1536K, 96% used [0x00000000d6c00000,0x00000000d6d70ba0,0x00000000d6d80000)
  to   space 2560K, 0% used [0x00000000d6e80000,0x00000000d6e80000,0x00000000d7100000)
 ParOldGen       total 68608K, used 16754K [0x0000000080000000, 0x0000000084300000, 0x00000000d5580000)
  object space 68608K, 24% used [0x0000000080000000,0x000000008105ca60,0x0000000084300000)
 Metaspace       used 31116K, committed 32192K, reserved 1114112K
  class space    used 3160K, committed 3584K, reserved 1048576K
}
Event: 18.450 GC heap before
{Heap before GC invocations=13 (full 1):
 PSYoungGen      total 24064K, used 24002K [0x00000000d5580000, 0x00000000d7100000, 0x0000000100000000)
  eden space 22528K, 100% used [0x00000000d5580000,0x00000000d6b80000,0x00000000d6b80000)
  from space 1536K, 96% used [0x00000000d6c00000,0x00000000d6d70ba0,0x00000000d6d80000)
  to   space 2560K, 0% used [0x00000000d6e80000,0x00000000d6e80000,0x00000000d7100000)
 ParOldGen       total 68608K, used 16754K [0x0000000080000000, 0x0000000084300000, 0x00000000d5580000)
  object space 68608K, 24% used [0x0000000080000000,0x000000008105ca60,0x0000000084300000)
 Metaspace       used 33099K, committed 34304K, reserved 1114112K
  class space    used 3427K, committed 3904K, reserved 1048576K
}
Event: 18.454 GC heap after
{Heap after GC invocations=13 (full 1):
 PSYoungGen      total 23040K, used 973K [0x00000000d5580000, 0x00000000d6f80000, 0x0000000100000000)
  eden space 22016K, 0% used [0x00000000d5580000,0x00000000d5580000,0x00000000d6b00000)
  from space 1024K, 95% used [0x00000000d6e80000,0x00000000d6f73500,0x00000000d6f80000)
  to   space 1536K, 0% used [0x00000000d6c80000,0x00000000d6c80000,0x00000000d6e00000)
 ParOldGen       total 68608K, used 17995K [0x0000000080000000, 0x0000000084300000, 0x00000000d5580000)
  object space 68608K, 26% used [0x0000000080000000,0x0000000081192e08,0x0000000084300000)
 Metaspace       used 33099K, committed 34304K, reserved 1114112K
  class space    used 3427K, committed 3904K, reserved 1048576K
}
Event: 18.650 GC heap before
{Heap before GC invocations=14 (full 1):
 PSYoungGen      total 23040K, used 15604K [0x00000000d5580000, 0x00000000d6f80000, 0x0000000100000000)
  eden space 22016K, 66% used [0x00000000d5580000,0x00000000d63c9c50,0x00000000d6b00000)
  from space 1024K, 95% used [0x00000000d6e80000,0x00000000d6f73500,0x00000000d6f80000)
  to   space 1536K, 0% used [0x00000000d6c80000,0x00000000d6c80000,0x00000000d6e00000)
 ParOldGen       total 68608K, used 17995K [0x0000000080000000, 0x0000000084300000, 0x00000000d5580000)
  object space 68608K, 26% used [0x0000000080000000,0x0000000081192e08,0x0000000084300000)
 Metaspace       used 34815K, committed 36032K, reserved 1114112K
  class space    used 3608K, committed 4096K, reserved 1048576K
}
Event: 18.654 GC heap after
{Heap after GC invocations=14 (full 1):
 PSYoungGen      total 23552K, used 1532K [0x00000000d5580000, 0x00000000d7100000, 0x0000000100000000)
  eden space 22016K, 0% used [0x00000000d5580000,0x00000000d5580000,0x00000000d6b00000)
  from space 1536K, 99% used [0x00000000d6c80000,0x00000000d6dff028,0x00000000d6e00000)
  to   space 3072K, 0% used [0x00000000d6e00000,0x00000000d6e00000,0x00000000d7100000)
 ParOldGen       total 68608K, used 18947K [0x0000000080000000, 0x0000000084300000, 0x00000000d5580000)
  object space 68608K, 27% used [0x0000000080000000,0x0000000081280fc0,0x0000000084300000)
 Metaspace       used 34815K, committed 36032K, reserved 1114112K
  class space    used 3608K, committed 4096K, reserved 1048576K
}
Event: 18.683 GC heap before
{Heap before GC invocations=15 (full 1):
 PSYoungGen      total 23552K, used 3541K [0x00000000d5580000, 0x00000000d7100000, 0x0000000100000000)
  eden space 22016K, 9% used [0x00000000d5580000,0x00000000d57765a8,0x00000000d6b00000)
  from space 1536K, 99% used [0x00000000d6c80000,0x00000000d6dff028,0x00000000d6e00000)
  to   space 3072K, 0% used [0x00000000d6e00000,0x00000000d6e00000,0x00000000d7100000)
 ParOldGen       total 68608K, used 18947K [0x0000000080000000, 0x0000000084300000, 0x00000000d5580000)
  object space 68608K, 27% used [0x0000000080000000,0x0000000081280fc0,0x0000000084300000)
 Metaspace       used 35011K, committed 36160K, reserved 1114112K
  class space    used 3639K, committed 4096K, reserved 1048576K
}
Event: 18.686 GC heap after
{Heap after GC invocations=15 (full 1):
 PSYoungGen      total 22528K, used 224K [0x00000000d5580000, 0x00000000d6e80000, 0x0000000100000000)
  eden space 22016K, 0% used [0x00000000d5580000,0x00000000d5580000,0x00000000d6b00000)
  from space 512K, 43% used [0x00000000d6e00000,0x00000000d6e38000,0x00000000d6e80000)
  to   space 1536K, 0% used [0x00000000d6b80000,0x00000000d6b80000,0x00000000d6d00000)
 ParOldGen       total 68608K, used 20201K [0x0000000080000000, 0x0000000084300000, 0x00000000d5580000)
  object space 68608K, 29% used [0x0000000080000000,0x00000000813ba528,0x0000000084300000)
 Metaspace       used 35011K, committed 36160K, reserved 1114112K
  class space    used 3639K, committed 4096K, reserved 1048576K
}
Event: 18.686 GC heap before
{Heap before GC invocations=16 (full 2):
 PSYoungGen      total 22528K, used 224K [0x00000000d5580000, 0x00000000d6e80000, 0x0000000100000000)
  eden space 22016K, 0% used [0x00000000d5580000,0x00000000d5580000,0x00000000d6b00000)
  from space 512K, 43% used [0x00000000d6e00000,0x00000000d6e38000,0x00000000d6e80000)
  to   space 1536K, 0% used [0x00000000d6b80000,0x00000000d6b80000,0x00000000d6d00000)
 ParOldGen       total 68608K, used 20201K [0x0000000080000000, 0x0000000084300000, 0x00000000d5580000)
  object space 68608K, 29% used [0x0000000080000000,0x00000000813ba528,0x0000000084300000)
 Metaspace       used 35011K, committed 36160K, reserved 1114112K
  class space    used 3639K, committed 4096K, reserved 1048576K
}
Event: 18.750 GC heap after
{Heap after GC invocations=16 (full 2):
 PSYoungGen      total 22528K, used 0K [0x00000000d5580000, 0x00000000d6e80000, 0x0000000100000000)
  eden space 22016K, 0% used [0x00000000d5580000,0x00000000d5580000,0x00000000d6b00000)
  from space 512K, 0% used [0x00000000d6e00000,0x00000000d6e00000,0x00000000d6e80000)
  to   space 1536K, 0% used [0x00000000d6b80000,0x00000000d6b80000,0x00000000d6d00000)
 ParOldGen       total 68608K, used 19341K [0x0000000080000000, 0x0000000084300000, 0x00000000d5580000)
  object space 68608K, 28% used [0x0000000080000000,0x00000000812e3628,0x0000000084300000)
 Metaspace       used 35011K, committed 36160K, reserved 1114112K
  class space    used 3639K, committed 4096K, reserved 1048576K
}
Event: 19.050 GC heap before
{Heap before GC invocations=17 (full 2):
 PSYoungGen      total 22528K, used 22016K [0x00000000d5580000, 0x00000000d6e80000, 0x0000000100000000)
  eden space 22016K, 100% used [0x00000000d5580000,0x00000000d6b00000,0x00000000d6b00000)
  from space 512K, 0% used [0x00000000d6e00000,0x00000000d6e00000,0x00000000d6e80000)
  to   space 1536K, 0% used [0x00000000d6b80000,0x00000000d6b80000,0x00000000d6d00000)
 ParOldGen       total 68608K, used 19341K [0x0000000080000000, 0x0000000084300000, 0x00000000d5580000)
  object space 68608K, 28% used [0x0000000080000000,0x00000000812e3628,0x0000000084300000)
 Metaspace       used 37108K, committed 38336K, reserved 1114112K
  class space    used 3911K, committed 4416K, reserved 1048576K
}
Event: 19.053 GC heap after
{Heap after GC invocations=17 (full 2):
 PSYoungGen      total 23552K, used 1517K [0x00000000d5580000, 0x00000000d7000000, 0x0000000100000000)
  eden space 22016K, 0% used [0x00000000d5580000,0x00000000d5580000,0x00000000d6b00000)
  from space 1536K, 98% used [0x00000000d6b80000,0x00000000d6cfb700,0x00000000d6d00000)
  to   space 2560K, 0% used [0x00000000d6d80000,0x00000000d6d80000,0x00000000d7000000)
 ParOldGen       total 68608K, used 19789K [0x0000000080000000, 0x0000000084300000, 0x00000000d5580000)
  object space 68608K, 28% used [0x0000000080000000,0x0000000081353628,0x0000000084300000)
 Metaspace       used 37108K, committed 38336K, reserved 1114112K
  class space    used 3911K, committed 4416K, reserved 1048576K
}
Event: 19.448 GC heap before
{Heap before GC invocations=18 (full 2):
 PSYoungGen      total 23552K, used 23533K [0x00000000d5580000, 0x00000000d7000000, 0x0000000100000000)
  eden space 22016K, 100% used [0x00000000d5580000,0x00000000d6b00000,0x00000000d6b00000)
  from space 1536K, 98% used [0x00000000d6b80000,0x00000000d6cfb700,0x00000000d6d00000)
  to   space 2560K, 0% used [0x00000000d6d80000,0x00000000d6d80000,0x00000000d7000000)
 ParOldGen       total 68608K, used 19789K [0x0000000080000000, 0x0000000084300000, 0x00000000d5580000)
  object space 68608K, 28% used [0x0000000080000000,0x0000000081353628,0x0000000084300000)
 Metaspace       used 39393K, committed 40640K, reserved 1114112K
  class space    used 4210K, committed 4736K, reserved 1048576K
}
Event: 19.453 GC heap after
{Heap after GC invocations=18 (full 2):
 PSYoungGen      total 23552K, used 1392K [0x00000000d5580000, 0x00000000d6f00000, 0x0000000100000000)
  eden space 22016K, 0% used [0x00000000d5580000,0x00000000d5580000,0x00000000d6b00000)
  from space 1536K, 90% used [0x00000000d6d80000,0x00000000d6edc010,0x00000000d6f00000)
  to   space 2048K, 0% used [0x00000000d6b00000,0x00000000d6b00000,0x00000000d6d00000)
 ParOldGen       total 68608K, used 21109K [0x0000000080000000, 0x0000000084300000, 0x00000000d5580000)
  object space 68608K, 30% used [0x0000000080000000,0x000000008149d648,0x0000000084300000)
 Metaspace       used 39393K, committed 40640K, reserved 1114112K
  class space    used 4210K, committed 4736K, reserved 1048576K
}
Event: 19.712 GC heap before
{Heap before GC invocations=19 (full 2):
 PSYoungGen      total 23552K, used 23408K [0x00000000d5580000, 0x00000000d6f00000, 0x0000000100000000)
  eden space 22016K, 100% used [0x00000000d5580000,0x00000000d6b00000,0x00000000d6b00000)
  from space 1536K, 90% used [0x00000000d6d80000,0x00000000d6edc010,0x00000000d6f00000)
  to   space 2048K, 0% used [0x00000000d6b00000,0x00000000d6b00000,0x00000000d6d00000)
 ParOldGen       total 68608K, used 21109K [0x0000000080000000, 0x0000000084300000, 0x00000000d5580000)
  object space 68608K, 30% used [0x0000000080000000,0x000000008149d648,0x0000000084300000)
 Metaspace       used 40948K, committed 42176K, reserved 1114112K
  class space    used 4379K, committed 4928K, reserved 1048576K
}
Event: 19.718 GC heap after
{Heap after GC invocations=19 (full 2):
 PSYoungGen      total 24064K, used 2040K [0x00000000d5580000, 0x00000000d7200000, 0x0000000100000000)
  eden space 22016K, 0% used [0x00000000d5580000,0x00000000d5580000,0x00000000d6b00000)
  from space 2048K, 99% used [0x00000000d6b00000,0x00000000d6cfe1a8,0x00000000d6d00000)
  to   space 3584K, 0% used [0x00000000d6e80000,0x00000000d6e80000,0x00000000d7200000)
 ParOldGen       total 68608K, used 22317K [0x0000000080000000, 0x0000000084300000, 0x00000000d5580000)
  object space 68608K, 32% used [0x0000000080000000,0x00000000815cb5a8,0x0000000084300000)
 Metaspace       used 40948K, committed 42176K, reserved 1114112K
  class space    used 4379K, committed 4928K, reserved 1048576K
}
Event: 20.192 GC heap before
{Heap before GC invocations=20 (full 2):
 PSYoungGen      total 24064K, used 24056K [0x00000000d5580000, 0x00000000d7200000, 0x0000000100000000)
  eden space 22016K, 100% used [0x00000000d5580000,0x00000000d6b00000,0x00000000d6b00000)
  from space 2048K, 99% used [0x00000000d6b00000,0x00000000d6cfe1a8,0x00000000d6d00000)
  to   space 3584K, 0% used [0x00000000d6e80000,0x00000000d6e80000,0x00000000d7200000)
 ParOldGen       total 68608K, used 22317K [0x0000000080000000, 0x0000000084300000, 0x00000000d5580000)
  object space 68608K, 32% used [0x0000000080000000,0x00000000815cb5a8,0x0000000084300000)
 Metaspace       used 42174K, committed 43392K, reserved 1114112K
  class space    used 4530K, committed 5056K, reserved 1048576K
}
Event: 20.205 GC heap after
{Heap after GC invocations=20 (full 2):
 PSYoungGen      total 15872K, used 3582K [0x00000000d5580000, 0x00000000d8500000, 0x0000000100000000)
  eden space 12288K, 0% used [0x00000000d5580000,0x00000000d5580000,0x00000000d6180000)
  from space 3584K, 99% used [0x00000000d6e80000,0x00000000d71ff960,0x00000000d7200000)
  to   space 13312K, 0% used [0x00000000d6180000,0x00000000d6180000,0x00000000d6e80000)
 ParOldGen       total 68608K, used 30166K [0x0000000080000000, 0x0000000084300000, 0x00000000d5580000)
  object space 68608K, 43% used [0x0000000080000000,0x0000000081d75a90,0x0000000084300000)
 Metaspace       used 42174K, committed 43392K, reserved 1114112K
  class space    used 4530K, committed 5056K, reserved 1048576K
}
Event: 20.687 GC heap before
{Heap before GC invocations=21 (full 2):
 PSYoungGen      total 15872K, used 15870K [0x00000000d5580000, 0x00000000d8500000, 0x0000000100000000)
  eden space 12288K, 100% used [0x00000000d5580000,0x00000000d6180000,0x00000000d6180000)
  from space 3584K, 99% used [0x00000000d6e80000,0x00000000d71ff960,0x00000000d7200000)
  to   space 13312K, 0% used [0x00000000d6180000,0x00000000d6180000,0x00000000d6e80000)
 ParOldGen       total 68608K, used 30166K [0x0000000080000000, 0x0000000084300000, 0x00000000d5580000)
  object space 68608K, 43% used [0x0000000080000000,0x0000000081d75a90,0x0000000084300000)
 Metaspace       used 43613K, committed 44864K, reserved 1114112K
  class space    used 4714K, committed 5248K, reserved 1048576K
}
Event: 20.695 GC heap after
{Heap after GC invocations=21 (full 2):
 PSYoungGen      total 13312K, used 1008K [0x00000000d5580000, 0x00000000d6f00000, 0x0000000100000000)
  eden space 12288K, 0% used [0x00000000d5580000,0x00000000d5580000,0x00000000d6180000)
  from space 1024K, 98% used [0x00000000d6180000,0x00000000d627c010,0x00000000d6280000)
  to   space 5120K, 0% used [0x00000000d6a00000,0x00000000d6a00000,0x00000000d6f00000)
 ParOldGen       total 68608K, used 33781K [0x0000000080000000, 0x0000000084300000, 0x00000000d5580000)
  object space 68608K, 49% used [0x0000000080000000,0x00000000820fd748,0x0000000084300000)
 Metaspace       used 43613K, committed 44864K, reserved 1114112K
  class space    used 4714K, committed 5248K, reserved 1048576K
}

Dll operation events (10 events):
Event: 0.023 Loaded shared library c:\Users\kalra\.vscode\extensions\redhat.java-1.53.0-win32-x64\jre\21.0.10-win32-x86_64\bin\java.dll
Event: 0.165 Loaded shared library c:\Users\kalra\.vscode\extensions\redhat.java-1.53.0-win32-x64\jre\21.0.10-win32-x86_64\bin\zip.dll
Event: 0.204 Loaded shared library C:\Users\kalra\.vscode\extensions\redhat.java-1.53.0-win32-x64\jre\21.0.10-win32-x86_64\bin\instrument.dll
Event: 0.214 Loaded shared library C:\Users\kalra\.vscode\extensions\redhat.java-1.53.0-win32-x64\jre\21.0.10-win32-x86_64\bin\net.dll
Event: 0.218 Loaded shared library C:\Users\kalra\.vscode\extensions\redhat.java-1.53.0-win32-x64\jre\21.0.10-win32-x86_64\bin\nio.dll
Event: 0.224 Loaded shared library C:\Users\kalra\.vscode\extensions\redhat.java-1.53.0-win32-x64\jre\21.0.10-win32-x86_64\bin\zip.dll
Event: 0.254 Loaded shared library C:\Users\kalra\.vscode\extensions\redhat.java-1.53.0-win32-x64\jre\21.0.10-win32-x86_64\bin\jimage.dll
Event: 0.419 Loaded shared library c:\Users\kalra\.vscode\extensions\redhat.java-1.53.0-win32-x64\jre\21.0.10-win32-x86_64\bin\verify.dll
Event: 3.534 Loaded shared library C:\Users\kalra\AppData\Roaming\Code\User\globalStorage\redhat.java\1.53.0\config_win\org.eclipse.equinox.launcher\org.eclipse.equinox.launcher.win32.win32.x86_64_1.3.0.v20260203-2149\eclipse_11919.dll
Event: 12.634 Loaded shared library C:\Users\kalra\AppData\Local\Temp\jna-101813893\jna2991704558418162748.dll

Deoptimization events (20 events):
Event: 20.781 Thread 0x000002569cd27730 Uncommon trap: trap_request=0xffffff45 fr.pc=0x000002564e129b30 relative=0x0000000000000590
Event: 20.781 Thread 0x000002569cd27730 Uncommon trap: reason=unstable_if action=reinterpret pc=0x000002564e129b30 method=java.util.TreeMap.put(Ljava/lang/Object;Ljava/lang/Object;Z)Ljava/lang/Object; @ 158 c2
Event: 20.781 Thread 0x000002569cd27730 DEOPT PACKING pc=0x000002564e129b30 sp=0x000000c7d88fdcd0
Event: 20.781 Thread 0x000002569cd27730 DEOPT UNPACKING pc=0x000002564d9f3aa2 sp=0x000000c7d88fdc40 mode 2
Event: 20.791 Thread 0x000002569cd27730 Uncommon trap: trap_request=0xffffffd6 fr.pc=0x000002564e1b0668 relative=0x00000000000000c8
Event: 20.791 Thread 0x000002569cd27730 Uncommon trap: reason=array_check action=maybe_recompile pc=0x000002564e1b0668 method=java.util.stream.Nodes$FixedNodeBuilder.accept(Ljava/lang/Object;)V @ 28 c2
Event: 20.791 Thread 0x000002569cd27730 DEOPT PACKING pc=0x000002564e1b0668 sp=0x000000c7d88fd580
Event: 20.791 Thread 0x000002569cd27730 DEOPT UNPACKING pc=0x000002564d9f3aa2 sp=0x000000c7d88fd500 mode 2
Event: 20.791 Thread 0x000002569cd27730 Uncommon trap: trap_request=0xffffffd6 fr.pc=0x000002564e1b0668 relative=0x00000000000000c8
Event: 20.791 Thread 0x000002569cd27730 Uncommon trap: reason=array_check action=maybe_recompile pc=0x000002564e1b0668 method=java.util.stream.Nodes$FixedNodeBuilder.accept(Ljava/lang/Object;)V @ 28 c2
Event: 20.791 Thread 0x000002569cd27730 DEOPT PACKING pc=0x000002564e1b0668 sp=0x000000c7d88fd560
Event: 20.791 Thread 0x000002569cd27730 DEOPT UNPACKING pc=0x000002564d9f3aa2 sp=0x000000c7d88fd4e0 mode 2
Event: 20.794 Thread 0x000002569cd27730 Uncommon trap: trap_request=0xffffffd6 fr.pc=0x000002564e1b0668 relative=0x00000000000000c8
Event: 20.794 Thread 0x000002569cd27730 Uncommon trap: reason=array_check action=maybe_recompile pc=0x000002564e1b0668 method=java.util.stream.Nodes$FixedNodeBuilder.accept(Ljava/lang/Object;)V @ 28 c2
Event: 20.794 Thread 0x000002569cd27730 DEOPT PACKING pc=0x000002564e1b0668 sp=0x000000c7d88fd580
Event: 20.794 Thread 0x000002569cd27730 DEOPT UNPACKING pc=0x000002564d9f3aa2 sp=0x000000c7d88fd500 mode 2
Event: 20.794 Thread 0x000002569cd27730 Uncommon trap: trap_request=0xffffffd6 fr.pc=0x000002564e1b0668 relative=0x00000000000000c8
Event: 20.794 Thread 0x000002569cd27730 Uncommon trap: reason=array_check action=maybe_recompile pc=0x000002564e1b0668 method=java.util.stream.Nodes$FixedNodeBuilder.accept(Ljava/lang/Object;)V @ 28 c2
Event: 20.794 Thread 0x000002569cd27730 DEOPT PACKING pc=0x000002564e1b0668 sp=0x000000c7d88fd560
Event: 20.794 Thread 0x000002569cd27730 DEOPT UNPACKING pc=0x000002564d9f3aa2 sp=0x000000c7d88fd4e0 mode 2

Classes loaded (20 events):
Event: 19.580 Loading class sun/nio/cs/ThreadLocalCoders$Cache done
Event: 19.580 Loading class sun/nio/cs/ThreadLocalCoders$1 done
Event: 19.580 Loading class sun/nio/cs/ThreadLocalCoders$2
Event: 19.581 Loading class sun/nio/cs/ThreadLocalCoders$2 done
Event: 19.728 Loading class java/util/concurrent/CompletionService
Event: 19.728 Loading class java/util/concurrent/CompletionService done
Event: 19.809 Loading class java/io/UTFDataFormatException
Event: 19.809 Loading class java/io/UTFDataFormatException done
Event: 19.988 Loading class java/nio/channels/ServerSocketChannel
Event: 19.989 Loading class java/nio/channels/ServerSocketChannel done
Event: 20.099 Loading class java/util/concurrent/ForkJoinTask$AdaptedCallable
Event: 20.100 Loading class java/util/concurrent/ForkJoinTask$AdaptedCallable done
Event: 20.376 Loading class java/lang/invoke/MethodHandleImpl$CountingWrapper
Event: 20.377 Loading class java/lang/invoke/MethodHandleImpl$CountingWrapper done
Event: 20.447 Loading class java/lang/ExceptionInInitializerError
Event: 20.447 Loading class java/lang/ExceptionInInitializerError done
Event: 20.449 Loading class sun/misc/Unsafe
Event: 20.449 Loading class sun/misc/Unsafe done
Event: 20.493 Loading class jdk/internal/org/objectweb/asm/ClassReader
Event: 20.495 Loading class jdk/internal/org/objectweb/asm/ClassReader done

Classes unloaded (7 events):
Event: 15.632 Thread 0x0000025643203700 Unloading class 0x000002565b1a5000 'java/lang/invoke/LambdaForm$MH+0x000002565b1a5000'
Event: 15.632 Thread 0x0000025643203700 Unloading class 0x000002565b1a4c00 'java/lang/invoke/LambdaForm$MH+0x000002565b1a4c00'
Event: 15.632 Thread 0x0000025643203700 Unloading class 0x000002565b1a4800 'java/lang/invoke/LambdaForm$MH+0x000002565b1a4800'
Event: 15.632 Thread 0x0000025643203700 Unloading class 0x000002565b1a4400 'java/lang/invoke/LambdaForm$MH+0x000002565b1a4400'
Event: 15.632 Thread 0x0000025643203700 Unloading class 0x000002565b1a4000 'java/lang/invoke/LambdaForm$BMH+0x000002565b1a4000'
Event: 15.632 Thread 0x0000025643203700 Unloading class 0x000002565b1a3c00 'java/lang/invoke/LambdaForm$DMH+0x000002565b1a3c00'
Event: 15.632 Thread 0x0000025643203700 Unloading class 0x000002565b1a2800 'java/lang/invoke/LambdaForm$DMH+0x000002565b1a2800'

Classes redefined (0 events):
No events

Internal exceptions (20 events):
Event: 19.301 Thread 0x000002564326d240 Exception <a 'java/lang/NoSuchMethodError'{0x00000000d63d3010}: 'void java.lang.invoke.DirectMethodHandle$Holder.invokeSpecial(java.lang.Object, java.lang.Object, java.lang.Object, java.lang.Object, java.lang.Object, java.lang.Object)'> (0x00000000d63d3010) 
thrown [s\src\hotspot\share\interpreter\linkResolver.cpp, line 773]
Event: 19.304 Thread 0x000002564326d240 Exception <a 'java/lang/IncompatibleClassChangeError'{0x00000000d6403a40}: Found class java.lang.Object, but interface was expected> (0x00000000d6403a40) 
thrown [s\src\hotspot\share\interpreter\linkResolver.cpp, line 840]
Event: 19.305 Thread 0x000002564326d240 Exception <a 'java/lang/IncompatibleClassChangeError'{0x00000000d6405720}: Found class java.lang.Object, but interface was expected> (0x00000000d6405720) 
thrown [s\src\hotspot\share\interpreter\linkResolver.cpp, line 840]
Event: 19.696 Thread 0x000002569cd26a10 Exception <a 'sun/nio/fs/WindowsException'{0x00000000d6876698}> (0x00000000d6876698) 
thrown [s\src\hotspot\share\prims\jni.cpp, line 520]
Event: 19.775 Thread 0x000002569cd26a10 Exception <a 'java/io/FileNotFoundException'{0x00000000d5940280}> (0x00000000d5940280) 
thrown [s\src\hotspot\share\prims\jni.cpp, line 520]
Event: 19.777 Thread 0x000002569cd26a10 Exception <a 'java/io/FileNotFoundException'{0x00000000d5941850}> (0x00000000d5941850) 
thrown [s\src\hotspot\share\prims\jni.cpp, line 520]
Event: 19.780 Thread 0x000002569cd26a10 Exception <a 'java/lang/NoSuchMethodError'{0x00000000d594f9e0}: 'java.lang.Object java.lang.invoke.DirectMethodHandle$Holder.newInvokeSpecial(java.lang.Object, java.lang.Object, java.lang.Object, int)'> (0x00000000d594f9e0) 
thrown [s\src\hotspot\share\interpreter\linkResolver.cpp, line 773]
Event: 19.781 Thread 0x000002569cd26a10 Exception <a 'java/lang/NoSuchMethodError'{0x00000000d5953658}: 'java.lang.Object java.lang.invoke.DirectMethodHandle$Holder.invokeSpecial(java.lang.Object, java.lang.Object, java.lang.Object, java.lang.Object, int)'> (0x00000000d5953658) 
thrown [s\src\hotspot\share\interpreter\linkResolver.cpp, line 773]
Event: 19.782 Thread 0x000002569cd26a10 Exception <a 'java/lang/NoSuchMethodError'{0x00000000d597dfd8}: 'java.lang.Object java.lang.invoke.Invokers$Holder.linkToTargetMethod(java.lang.Object, java.lang.Object, int, java.lang.Object)'> (0x00000000d597dfd8) 
thrown [s\src\hotspot\share\interpreter\linkResolver.cpp, line 773]
Event: 19.788 Thread 0x000002569cd26a10 Exception <a 'java/lang/NoSuchMethodError'{0x00000000d5989f48}: 'void java.lang.invoke.DirectMethodHandle$Holder.invokeStaticInit(java.lang.Object, java.lang.Object, java.lang.Object)'> (0x00000000d5989f48) 
thrown [s\src\hotspot\share\interpreter\linkResolver.cpp, line 773]
Event: 20.095 Thread 0x000002569cd26a10 Exception <a 'java/io/FileNotFoundException'{0x00000000d6087968}> (0x00000000d6087968) 
thrown [s\src\hotspot\share\prims\jni.cpp, line 520]
Event: 20.095 Thread 0x000002569cd26a10 Exception <a 'java/io/FileNotFoundException'{0x00000000d60886b0}> (0x00000000d60886b0) 
thrown [s\src\hotspot\share\prims\jni.cpp, line 520]
Event: 20.301 Thread 0x00000256a3b14600 Exception <a 'java/io/FileNotFoundException'{0x00000000d57fc7b0}> (0x00000000d57fc7b0) 
thrown [s\src\hotspot\share\prims\jni.cpp, line 520]
Event: 20.374 Thread 0x00000256a3b14600 Exception <a 'java/lang/NoSuchMethodError'{0x00000000d5b0e0f8}: 'java.lang.Object java.lang.invoke.DirectMethodHandle$Holder.invokeStatic(java.lang.Object, int, java.lang.Object, java.lang.Object)'> (0x00000000d5b0e0f8) 
thrown [s\src\hotspot\share\interpreter\linkResolver.cpp, line 773]
Event: 20.375 Thread 0x00000256a3b14600 Exception <a 'java/lang/NoSuchMethodError'{0x00000000d5b11bd8}: 'java.lang.Object java.lang.invoke.DelegatingMethodHandle$Holder.delegate(java.lang.Object, int, java.lang.Object, java.lang.Object)'> (0x00000000d5b11bd8) 
thrown [s\src\hotspot\share\interpreter\linkResolver.cpp, line 773]
Event: 20.381 Thread 0x00000256a3b14600 Exception <a 'java/lang/NoSuchMethodError'{0x00000000d5b55eb8}: 'int java.lang.invoke.Invokers$Holder.linkToTargetMethod(java.lang.Object, java.lang.Object, java.lang.Object)'> (0x00000000d5b55eb8) 
thrown [s\src\hotspot\share\interpreter\linkResolver.cpp, line 773]
Event: 20.451 Thread 0x000002569cd27730 Exception <a 'java/lang/ExceptionInInitializerError'{0x00000000d5cf9968}> (0x00000000d5cf9968) 
thrown [s\src\hotspot\share\oops\instanceKlass.cpp, line 1220]
Event: 20.497 Thread 0x000002569cd27730 Implicit null exception at 0x000002564e07cc7e to 0x000002564e07cef0
Event: 20.498 Thread 0x000002569cd27730 Implicit null exception at 0x000002564dff231c to 0x000002564dff3230
Event: 20.501 Thread 0x000002569cd27730 Exception <a 'java/lang/NoSuchMethodError'{0x00000000d5db3d08}: 'java.lang.Object java.lang.invoke.Invokers$Holder.invokeExact_MT(java.lang.Object, int, java.lang.Object)'> (0x00000000d5db3d08) 
thrown [s\src\hotspot\share\interpreter\linkResolver.cpp, line 773]

ZGC Phase Switch (0 events):
No events

VM Operations (20 events):
Event: 18.682 Executing safepoint VM operation: CollectForMetadataAllocation (Metadata GC Threshold)
Event: 18.750 Executing safepoint VM operation: CollectForMetadataAllocation (Metadata GC Threshold) done
Event: 19.050 Executing safepoint VM operation: ParallelGCFailedAllocation (Allocation Failure)
Event: 19.054 Executing safepoint VM operation: ParallelGCFailedAllocation (Allocation Failure) done
Event: 19.400 Executing non-safepoint VM operation: HandshakeAllThreads (Deoptimize)
Event: 19.400 Executing non-safepoint VM operation: HandshakeAllThreads (Deoptimize) done
Event: 19.448 Executing safepoint VM operation: ParallelGCFailedAllocation (Allocation Failure)
Event: 19.453 Executing safepoint VM operation: ParallelGCFailedAllocation (Allocation Failure) done
Event: 19.688 Executing non-safepoint VM operation: HandshakeAllThreads (Deoptimize)
Event: 19.688 Executing non-safepoint VM operation: HandshakeAllThreads (Deoptimize) done
Event: 19.711 Executing safepoint VM operation: ParallelGCFailedAllocation (Allocation Failure)
Event: 19.718 Executing safepoint VM operation: ParallelGCFailedAllocation (Allocation Failure) done
Event: 20.192 Executing safepoint VM operation: ParallelGCFailedAllocation (Allocation Failure)
Event: 20.205 Executing safepoint VM operation: ParallelGCFailedAllocation (Allocation Failure) done
Event: 20.216 Executing non-safepoint VM operation: HandshakeAllThreads (Deoptimize)
Event: 20.229 Executing non-safepoint VM operation: HandshakeAllThreads (Deoptimize) done
Event: 20.590 Executing non-safepoint VM operation: HandshakeAllThreads (Deoptimize)
Event: 20.590 Executing non-safepoint VM operation: HandshakeAllThreads (Deoptimize) done
Event: 20.687 Executing safepoint VM operation: ParallelGCFailedAllocation (Allocation Failure)
Event: 20.695 Executing safepoint VM operation: ParallelGCFailedAllocation (Allocation Failure) done

Memory protections (0 events):
No events

Nmethod flushes (20 events):
Event: 18.718 Thread 0x0000025643203700 flushing  nmethod 0x0000025646ae1c90
Event: 18.718 Thread 0x0000025643203700 flushing  nmethod 0x0000025646ae3110
Event: 18.718 Thread 0x0000025643203700 flushing  nmethod 0x0000025646ae3a10
Event: 18.718 Thread 0x0000025643203700 flushing  nmethod 0x0000025646ae4c10
Event: 18.718 Thread 0x0000025643203700 flushing  nmethod 0x0000025646ae5410
Event: 18.718 Thread 0x0000025643203700 flushing  nmethod 0x0000025646ae5b90
Event: 18.718 Thread 0x0000025643203700 flushing  nmethod 0x0000025646ae7110
Event: 18.718 Thread 0x0000025643203700 flushing  nmethod 0x0000025646ae8190
Event: 18.718 Thread 0x0000025643203700 flushing  nmethod 0x0000025646ae8e90
Event: 18.718 Thread 0x0000025643203700 flushing  nmethod 0x0000025646aea090
Event: 18.718 Thread 0x0000025643203700 flushing  nmethod 0x0000025646aea490
Event: 18.718 Thread 0x0000025643203700 flushing  nmethod 0x0000025646aea910
Event: 18.718 Thread 0x0000025643203700 flushing  nmethod 0x0000025646aeb290
Event: 18.718 Thread 0x0000025643203700 flushing  nmethod 0x0000025646b0ee10
Event: 18.718 Thread 0x0000025643203700 flushing  nmethod 0x0000025646b3fe10
Event: 18.718 Thread 0x0000025643203700 flushing  nmethod 0x0000025646b40b90
Event: 18.718 Thread 0x0000025643203700 flushing  nmethod 0x0000025646b89090
Event: 18.718 Thread 0x0000025643203700 flushing  nmethod 0x0000025646b8e310
Event: 18.718 Thread 0x0000025643203700 flushing  nmethod 0x0000025646ba8210
Event: 18.718 Thread 0x0000025643203700 flushing  nmethod 0x0000025646bfe390

Events (20 events):
Event: 18.806 Thread 0x000002564326d240 Thread added: 0x00000256a3b11ea0
Event: 18.807 Thread 0x000002564326d240 Thread added: 0x00000256a3b12530
Event: 18.807 Thread 0x000002564326d240 Thread added: 0x00000256a3b0f0b0
Event: 18.807 Thread 0x000002564326d240 Thread added: 0x00000256a3b10460
Event: 18.807 Thread 0x000002564326d240 Thread added: 0x00000256a3b11180
Event: 18.808 Thread 0x000002564326d240 Thread added: 0x00000256a3b13f70
Event: 18.859 Thread 0x000002564326d240 Thread added: 0x00000256a3b16040
Event: 19.373 Thread 0x000002564326d240 Thread added: 0x00000256a3b138e0
Event: 19.373 Thread 0x000002564326d240 Thread added: 0x00000256a3b14600
Event: 20.101 Thread 0x000002569cd26a10 Thread added: 0x00000256a3b12bc0
Event: 20.102 Thread 0x000002569cd26a10 Thread added: 0x00000256a3b14c90
Event: 20.102 Thread 0x00000256a3b12bc0 Thread added: 0x00000256a3b15320
Event: 20.102 Thread 0x00000256a3b14c90 Thread added: 0x00000256a3b159b0
Event: 20.103 Thread 0x00000256a3b15320 Thread added: 0x00000256a415edc0
Event: 20.103 Thread 0x00000256a3b159b0 Thread added: 0x00000256a415ccf0
Event: 20.104 Thread 0x00000256a3b12bc0 Thread added: 0x00000256a415f450
Event: 20.105 Thread 0x00000256a415ccf0 Thread added: 0x00000256a415da10
Event: 20.109 Thread 0x00000256a415f450 Thread added: 0x00000256a4160170
Event: 20.110 Thread 0x00000256a415edc0 Thread added: 0x00000256a4160800
Event: 20.110 Thread 0x00000256a415da10 Thread added: 0x00000256a415e0a0


Dynamic libraries:
0x00007ff68d540000 - 0x00007ff68d54e000 	c:\Users\kalra\.vscode\extensions\redhat.java-1.53.0-win32-x64\jre\21.0.10-win32-x86_64\bin\java.exe
0x00007fff8a940000 - 0x00007fff8aba7000 	C:\WINDOWS\SYSTEM32\ntdll.dll
0x00007fff89670000 - 0x00007fff89739000 	C:\WINDOWS\System32\KERNEL32.DLL
0x00007fff88170000 - 0x00007fff88561000 	C:\WINDOWS\System32\KERNELBASE.dll
0x00007fff87ff0000 - 0x00007fff8813b000 	C:\WINDOWS\System32\ucrtbase.dll
0x00007fff65640000 - 0x00007fff65658000 	c:\Users\kalra\.vscode\extensions\redhat.java-1.53.0-win32-x64\jre\21.0.10-win32-x86_64\bin\jli.dll
0x00007fff61980000 - 0x00007fff6199e000 	c:\Users\kalra\.vscode\extensions\redhat.java-1.53.0-win32-x64\jre\21.0.10-win32-x86_64\bin\VCRUNTIME140.dll
0x00007fff899a0000 - 0x00007fff89b65000 	C:\WINDOWS\System32\USER32.dll
0x00007fff6aee0000 - 0x00007fff6b173000 	C:\WINDOWS\WinSxS\amd64_microsoft.windows.common-controls_6595b64144ccf1df_6.0.26100.8037_none_3e092faae333b53b\COMCTL32.dll
0x00007fff88140000 - 0x00007fff88167000 	C:\WINDOWS\System32\win32u.dll
0x00007fff89750000 - 0x00007fff897f9000 	C:\WINDOWS\System32\msvcrt.dll
0x00007fff89180000 - 0x00007fff891ab000 	C:\WINDOWS\System32\GDI32.dll
0x00007fff87220000 - 0x00007fff8734b000 	C:\WINDOWS\System32\gdi32full.dll
0x00007fff87eb0000 - 0x00007fff87f53000 	C:\WINDOWS\System32\msvcp_win.dll
0x00007fff89110000 - 0x00007fff89141000 	C:\WINDOWS\System32\IMM32.DLL
0x00007fff68a60000 - 0x00007fff68a6c000 	c:\Users\kalra\.vscode\extensions\redhat.java-1.53.0-win32-x64\jre\21.0.10-win32-x86_64\bin\vcruntime140_1.dll
0x00007fff151c0000 - 0x00007fff1524d000 	c:\Users\kalra\.vscode\extensions\redhat.java-1.53.0-win32-x64\jre\21.0.10-win32-x86_64\bin\msvcp140.dll
0x00007ffed3b90000 - 0x00007ffed4931000 	c:\Users\kalra\.vscode\extensions\redhat.java-1.53.0-win32-x64\jre\21.0.10-win32-x86_64\bin\server\jvm.dll
0x00007fff8a2e0000 - 0x00007fff8a39b000 	C:\WINDOWS\System32\ADVAPI32.dll
0x00007fff886e0000 - 0x00007fff88787000 	C:\WINDOWS\System32\sechost.dll
0x00007fff89450000 - 0x00007fff89568000 	C:\WINDOWS\System32\RPCRT4.dll
0x00007fff88820000 - 0x00007fff88894000 	C:\WINDOWS\System32\WS2_32.dll
0x00007fff87080000 - 0x00007fff870de000 	C:\WINDOWS\SYSTEM32\POWRPROF.dll
0x00007fff817c0000 - 0x00007fff817cb000 	C:\WINDOWS\SYSTEM32\VERSION.dll
0x00007fff81780000 - 0x00007fff817b5000 	C:\WINDOWS\SYSTEM32\WINMM.dll
0x00007fff87060000 - 0x00007fff87074000 	C:\WINDOWS\SYSTEM32\UMPDC.dll
0x00007fff85fb0000 - 0x00007fff85fcb000 	C:\WINDOWS\SYSTEM32\kernel.appcore.dll
0x00007fff5e4f0000 - 0x00007fff5e4fa000 	c:\Users\kalra\.vscode\extensions\redhat.java-1.53.0-win32-x64\jre\21.0.10-win32-x86_64\bin\jimage.dll
0x00007fff7b9f0000 - 0x00007fff7bc32000 	C:\WINDOWS\SYSTEM32\DBGHELP.DLL
0x00007fff8a570000 - 0x00007fff8a8f2000 	C:\WINDOWS\System32\combase.dll
0x00007fff89320000 - 0x00007fff893f7000 	C:\WINDOWS\System32\OLEAUT32.dll
0x00007fff6dad0000 - 0x00007fff6db0b000 	C:\WINDOWS\SYSTEM32\dbgcore.DLL
0x00007fff88630000 - 0x00007fff886d5000 	C:\WINDOWS\System32\bcryptPrimitives.dll
0x00007fff5e4e0000 - 0x00007fff5e4ef000 	c:\Users\kalra\.vscode\extensions\redhat.java-1.53.0-win32-x64\jre\21.0.10-win32-x86_64\bin\instrument.dll
0x00007fff5a280000 - 0x00007fff5a2a0000 	c:\Users\kalra\.vscode\extensions\redhat.java-1.53.0-win32-x64\jre\21.0.10-win32-x86_64\bin\java.dll
0x00007fff89b70000 - 0x00007fff8a2cf000 	C:\WINDOWS\System32\SHELL32.dll
0x00007fff87d40000 - 0x00007fff87eaa000 	C:\WINDOWS\System32\wintypes.dll
0x00007fff874d0000 - 0x00007fff87d34000 	C:\WINDOWS\System32\windows.storage.dll
0x00007fff89210000 - 0x00007fff89307000 	C:\WINDOWS\System32\SHCORE.dll
0x00007fff8a500000 - 0x00007fff8a567000 	C:\WINDOWS\System32\shlwapi.dll
0x00007fff87140000 - 0x00007fff87169000 	C:\WINDOWS\SYSTEM32\profapi.dll
0x00007fff5a260000 - 0x00007fff5a278000 	c:\Users\kalra\.vscode\extensions\redhat.java-1.53.0-win32-x64\jre\21.0.10-win32-x86_64\bin\zip.dll
0x00007fff56b40000 - 0x00007fff56b50000 	C:\Users\kalra\.vscode\extensions\redhat.java-1.53.0-win32-x64\jre\21.0.10-win32-x86_64\bin\net.dll
0x00007fff7e6e0000 - 0x00007fff7e807000 	C:\WINDOWS\SYSTEM32\WINHTTP.dll
0x00007fff86520000 - 0x00007fff8658b000 	C:\WINDOWS\system32\mswsock.dll
0x00007fff50650000 - 0x00007fff50666000 	C:\Users\kalra\.vscode\extensions\redhat.java-1.53.0-win32-x64\jre\21.0.10-win32-x86_64\bin\nio.dll
0x00007fff56b30000 - 0x00007fff56b40000 	c:\Users\kalra\.vscode\extensions\redhat.java-1.53.0-win32-x64\jre\21.0.10-win32-x86_64\bin\verify.dll
0x00007fff1d820000 - 0x00007fff1d865000 	C:\Users\kalra\AppData\Roaming\Code\User\globalStorage\redhat.java\1.53.0\config_win\org.eclipse.equinox.launcher\org.eclipse.equinox.launcher.win32.win32.x86_64_1.3.0.v20260203-2149\eclipse_11919.dll
0x00007fff89800000 - 0x00007fff89995000 	C:\WINDOWS\System32\ole32.dll
0x00007fff86800000 - 0x00007fff8681b000 	C:\WINDOWS\SYSTEM32\CRYPTSP.dll
0x00007fff85f10000 - 0x00007fff85f49000 	C:\WINDOWS\system32\rsaenh.dll
0x00007fff865d0000 - 0x00007fff86602000 	C:\WINDOWS\SYSTEM32\USERENV.dll
0x00007fff87110000 - 0x00007fff8713a000 	C:\WINDOWS\SYSTEM32\bcrypt.dll
0x00007fff86820000 - 0x00007fff8682c000 	C:\WINDOWS\SYSTEM32\CRYPTBASE.dll
0x00007fff85980000 - 0x00007fff859b3000 	C:\WINDOWS\SYSTEM32\IPHLPAPI.DLL
0x00007fff89740000 - 0x00007fff8974a000 	C:\WINDOWS\System32\NSI.dll
0x00007fff6f970000 - 0x00007fff6f9b9000 	C:\Users\kalra\AppData\Local\Temp\jna-101813893\jna2991704558418162748.dll
0x00007fff89170000 - 0x00007fff89178000 	C:\WINDOWS\System32\PSAPI.DLL
0x00007fff81d70000 - 0x00007fff81d8d000 	C:\WINDOWS\SYSTEM32\dhcpcsvc6.DLL
0x00007fff81d20000 - 0x00007fff81d43000 	C:\WINDOWS\SYSTEM32\dhcpcsvc.DLL

JVMTI agents:
c:\Users\kalra\.vscode\extensions\redhat.java-1.53.0-win32-x64\lombok\lombok-1.18.39-4050.jar path:c:\Users\kalra\.vscode\extensions\redhat.java-1.53.0-win32-x64\jre\21.0.10-win32-x86_64\bin\instrument.dll, loaded, initialized, instrumentlib options:none

dbghelp: loaded successfully - version: 4.0.5 - missing functions: none
symbol engine: initialized successfully - sym options: 0x614 - pdb path: .;c:\Users\kalra\.vscode\extensions\redhat.java-1.53.0-win32-x64\jre\21.0.10-win32-x86_64\bin;C:\WINDOWS\SYSTEM32;C:\WINDOWS\WinSxS\amd64_microsoft.windows.common-controls_6595b64144ccf1df_6.0.26100.8037_none_3e092faae333b53b;c:\Users\kalra\.vscode\extensions\redhat.java-1.53.0-win32-x64\jre\21.0.10-win32-x86_64\bin\server;C:\Users\kalra\AppData\Roaming\Code\User\globalStorage\redhat.java\1.53.0\config_win\org.eclipse.equinox.launcher\org.eclipse.equinox.launcher.win32.win32.x86_64_1.3.0.v20260203-2149;C:\Users\kalra\AppData\Local\Temp\jna-101813893

VM Arguments:
jvm_args: --add-modules=ALL-SYSTEM --add-opens=java.base/java.util=ALL-UNNAMED --add-opens=java.base/java.lang=ALL-UNNAMED --add-opens=java.base/sun.nio.fs=ALL-UNNAMED -Declipse.application=org.eclipse.jdt.ls.core.id1 -Dosgi.bundles.defaultStartLevel=4 -Declipse.product=org.eclipse.jdt.ls.core.product -Djava.import.generatesMetadataFilesAtProjectRoot=false -DDetectVMInstallationsJob.disabled=true -Dfile.encoding=utf8 -XX:+UseParallelGC -XX:GCTimeRatio=4 -XX:AdaptiveSizePolicyWeight=90 -Dsun.zip.disableMemoryMapping=true -Xmx2G -Xms100m -Xlog:disable -javaagent:c:\Users\kalra\.vscode\extensions\redhat.java-1.53.0-win32-x64\lombok\lombok-1.18.39-4050.jar -XX:+HeapDumpOnOutOfMemoryError -XX:HeapDumpPath=c:\Users\kalra\AppData\Roaming\Code\User\workspaceStorage\4fda5c3b26c15e0cb27154c0e992db6d\redhat.java -Daether.dependencyCollector.impl=bf 
java_command: c:\Users\kalra\.vscode\extensions\redhat.java-1.53.0-win32-x64\server\plugins\org.eclipse.equinox.launcher_1.7.100.v20251111-0406.jar -configuration c:\Users\kalra\AppData\Roaming\Code\User\globalStorage\redhat.java\1.53.0\config_win -data c:\Users\kalra\AppData\Roaming\Code\User\workspaceStorage\4fda5c3b26c15e0cb27154c0e992db6d\redhat.java\jdt_ws --pipe=\\.\pipe\lsp-48241130f139980398509ec14c13524a-sock
java_class_path (initial): c:\Users\kalra\.vscode\extensions\redhat.java-1.53.0-win32-x64\server\plugins\org.eclipse.equinox.launcher_1.7.100.v20251111-0406.jar
Launcher Type: SUN_STANDARD

[Global flags]
    uintx AdaptiveSizePolicyWeight                 = 90                                        {product} {command line}
     intx CICompilerCount                          = 4                                         {product} {ergonomic}
    uintx GCTimeRatio                              = 4                                         {product} {command line}
     bool HeapDumpOnOutOfMemoryError               = true                                   {manageable} {command line}
    ccstr HeapDumpPath                             = c:\Users\kalra\AppData\Roaming\Code\User\workspaceStorage\4fda5c3b26c15e0cb27154c0e992db6d\redhat.java         {manageable} {command line}
   size_t InitialHeapSize                          = 104857600                                 {product} {command line}
   size_t MaxHeapSize                              = 2147483648                                {product} {command line}
   size_t MaxNewSize                               = 715653120                                 {product} {ergonomic}
   size_t MinHeapDeltaBytes                        = 524288                                    {product} {ergonomic}
   size_t MinHeapSize                              = 104857600                                 {product} {command line}
   size_t NewSize                                  = 34603008                                  {product} {ergonomic}
    uintx NonNMethodCodeHeapSize                   = 5839372                                {pd product} {ergonomic}
    uintx NonProfiledCodeHeapSize                  = 122909434                              {pd product} {ergonomic}
   size_t OldSize                                  = 70254592                                  {product} {ergonomic}
    uintx ProfiledCodeHeapSize                     = 122909434                              {pd product} {ergonomic}
    uintx ReservedCodeCacheSize                    = 251658240                              {pd product} {ergonomic}
     bool SegmentedCodeCache                       = true                                      {product} {ergonomic}
   size_t SoftMaxHeapSize                          = 2147483648                             {manageable} {ergonomic}
     bool UseCompressedOops                        = true                           {product lp64_product} {ergonomic}
     bool UseLargePagesIndividualAllocation        = false                                  {pd product} {ergonomic}
     bool UseParallelGC                            = true                                      {product} {command line}

Logging:
Log output configuration:
 #0: stdout all=off uptime,level,tags foldmultilines=false
 #1: stderr all=off uptime,level,tags foldmultilines=false

Release file:
JAVA_VERSION="21.0.10" 
MODULES="java.base java.compiler java.datatransfer java.xml java.prefs java.desktop java.instrument java.logging java.management java.security.sasl java.naming java.rmi java.management.rmi java.net.http java.scripting java.security.jgss java.transaction.xa java.sql java.sql.rowset java.xml.crypto java.se java.smartcardio jdk.accessibility jdk.internal.jvmstat jdk.attach jdk.charsets jdk.internal.opt jdk.zipfs jdk.compiler jdk.crypto.ec jdk.crypto.cryptoki jdk.crypto.mscapi jdk.dynalink jdk.internal.ed jdk.editpad jdk.hotspot.agent jdk.httpserver jdk.internal.le jdk.internal.vm.ci jdk.internal.vm.compiler jdk.internal.vm.compiler.management jdk.jartool jdk.javadoc jdk.jcmd jdk.management jdk.management.agent jdk.jconsole jdk.jdeps jdk.jdwp.agent jdk.jdi jdk.jfr jdk.jshell jdk.jsobject jdk.jstatd jdk.localedata jdk.management.jfr jdk.naming.dns jdk.naming.rmi jdk.net jdk.nio.mapmode jdk.random jdk.sctp jdk.security.auth jdk.security.jgss jdk.unsupported jdk.unsupported.desktop jdk.xml.dom" 

Environment Variables:
PATH=C:\Users\kalra\AppData\Local\Programs\Microsoft VS Code;C:\Python314\Scripts\;C:\Python314\;C:\Program Files\nodejs\;C:\ProgramData\chocolatey\bin;D:\Git\cmd;C:\Users\kalra\AppData\Local\Programs\Python\Python313\Scripts\;C:\Users\kalra\AppData\Local\Programs\Python\Python313\;C:\Program Files\MySQL\MySQL Shell 8.0\bin\;C:\Users\kalra\AppData\Local\Programs\Python\Python312\Scripts\;C:\Users\kalra\AppData\Local\Programs\Python\Python312\;C:\Users\kalra\AppData\Local\Microsoft\WindowsApps;C:\Users\kalra\AppData\Local\Programs\Microsoft VS Code\bin;C:\Program Files\Azure Data Studio\bin;%JAVA_HOME%\bin;C:\Program Files\Maven\apache-maven-3.9.11\bin;C:\Program Files\MySQL\MySQL Server 8.0\bin;C:\Users\kalra\AppData\Roaming\npm;C:\Users\kalra\Downloads\flutter_windows_3.41.4-stable\flutter\bin;C:\Windows\System32;C:\Program Files\Git\cmd;C:\Windows\System32\WindowsPowerShell\v1.0\;
USERNAME=kalra
OS=Windows_NT
PROCESSOR_IDENTIFIER=AMD64 Family 23 Model 104 Stepping 1, AuthenticAMD
TMP=C:\Users\kalra\AppData\Local\Temp
TEMP=C:\Users\kalra\AppData\Local\Temp




Periodic native trim disabled

---------------  S Y S T E M  ---------------

OS:
 Windows 11 , 64 bit Build 26100 (10.0.26100.7920)
OS uptime: 0 days 0:48 hours
Hyper-V role detected

CPU: total 12 (initial active 12) (12 cores per cpu, 2 threads per core) family 23 model 104 stepping 1 microcode 0x8608107, cx8, cmov, fxsr, ht, mmx, 3dnowpref, sse, sse2, sse3, ssse3, sse4a, sse4.1, sse4.2, popcnt, lzcnt, tsc, tscinvbit, avx, avx2, aes, clmul, bmi1, bmi2, adx, sha, fma, vzeroupper, clflush, clflushopt, hv, rdtscp, rdpid, f16c
Processor Information for the first 12 processors :
  Max Mhz: 2100, Current Mhz: 1686, Mhz Limit: 2100

Memory: 4k page, system-wide physical 7501M (819M free)
TotalPageFile size 16327M (AvailPageFile size 11M)
current process WorkingSet (physical memory assigned to process): 223M, peak: 235M
current process commit charge ("private bytes"): 339M, peak: 372M

vm_info: OpenJDK 64-Bit Server VM (21.0.10+7-LTS) for windows-amd64 JRE (21.0.10+7-LTS), built on 2026-01-20T00:00:00Z by "admin" with MS VC++ 17.12 (VS2022)

END.
