#
# There is insufficient memory for the Java Runtime Environment to continue.
# Native memory allocation (mmap) failed to map 65536 bytes. Error detail: Failed to commit metaspace.
# Possible reasons:
#   The system is out of physical RAM or swap space
#   This process is running with CompressedOops enabled, and the Java Heap may be blocking the growth of the native heap
# Possible solutions:
#   Reduce memory load on the system
#   Increase physical memory or swap space
#   Check if swap backing store is full
#   Decrease Java heap size (-Xmx/-Xms)
#   Decrease number of Java threads
#   Decrease Java thread stack sizes (-Xss)
#   Set larger code cache with -XX:ReservedCodeCacheSize=
#   JVM is running with Unscaled Compressed Oops mode in which the Java heap is
#     placed in the first 4GB address space. The Java Heap base address is the
#     maximum limit for the native heap growth. Please use -XX:HeapBaseMinAddress
#     to set the Java Heap base and to place the Java Heap above 4GB virtual address.
# This output file may be truncated or incomplete.
#
#  Out of Memory Error (virtualSpaceNode.cpp:113), pid=15504, tid=8596
#
# JRE version: OpenJDK Runtime Environment Temurin-21.0.10+7 (21.0.10+7) (build 21.0.10+7-LTS)
# Java VM: OpenJDK 64-Bit Server VM Temurin-21.0.10+7 (21.0.10+7-LTS, mixed mode, sharing, tiered, compressed oops, compressed class ptrs, parallel gc, windows-amd64)
# No core dump will be written. Minidumps are not enabled by default on client versions of Windows
#

---------------  S U M M A R Y ------------

Command Line: --add-modules=ALL-SYSTEM --add-opens=java.base/java.util=ALL-UNNAMED --add-opens=java.base/java.lang=ALL-UNNAMED --add-opens=java.base/sun.nio.fs=ALL-UNNAMED -Declipse.application=org.eclipse.jdt.ls.core.id1 -Dosgi.bundles.defaultStartLevel=4 -Declipse.product=org.eclipse.jdt.ls.core.product -Djava.import.generatesMetadataFilesAtProjectRoot=false -DDetectVMInstallationsJob.disabled=true -Dfile.encoding=utf8 -XX:+UseParallelGC -XX:GCTimeRatio=4 -XX:AdaptiveSizePolicyWeight=90 -Dsun.zip.disableMemoryMapping=true -Xmx2G -Xms100m -Xlog:disable -javaagent:c:\Users\kalra\.vscode\extensions\redhat.java-1.53.0-win32-x64\lombok\lombok-1.18.39-4050.jar -XX:+HeapDumpOnOutOfMemoryError -XX:HeapDumpPath=c:\Users\kalra\AppData\Roaming\Code\User\workspaceStorage\4fda5c3b26c15e0cb27154c0e992db6d\redhat.java -Daether.dependencyCollector.impl=bf c:\Users\kalra\.vscode\extensions\redhat.java-1.53.0-win32-x64\server\plugins\org.eclipse.equinox.launcher_1.7.100.v20251111-0406.jar -configuration c:\Users\kalra\AppData\Roaming\Code\User\globalStorage\redhat.java\1.53.0\config_win -data c:\Users\kalra\AppData\Roaming\Code\User\workspaceStorage\4fda5c3b26c15e0cb27154c0e992db6d\redhat.java\jdt_ws --pipe=\\.\pipe\lsp-19d5f988aac7e7844a40262fde5b8d19-sock

Host: AMD Ryzen 5 5500U with Radeon Graphics         , 12 cores, 7G,  Windows 11 , 64 bit Build 26100 (10.0.26100.7920)
Time: Fri Mar 27 15:23:14 2026 India Standard Time elapsed time: 18.081514 seconds (0d 0h 0m 18s)

---------------  T H R E A D  ---------------

Current thread (0x0000027a9889d0d0):  JavaThread "pool-1-thread-1"        [_thread_in_vm, id=8596, stack(0x000000d818900000,0x000000d818a00000) (1024K)]

Stack: [0x000000d818900000,0x000000d818a00000]
Native frames: (J=compiled Java code, j=interpreted, Vv=VM code, C=native code)
V  [jvm.dll+0x6d7a39]
V  [jvm.dll+0x8b4b26]
V  [jvm.dll+0x8b70de]
V  [jvm.dll+0x8b77c3]
V  [jvm.dll+0x284346]
V  [jvm.dll+0x8b086e]
V  [jvm.dll+0x679444]
V  [jvm.dll+0x1e82bb]
V  [jvm.dll+0x1e807e]
V  [jvm.dll+0x67bd42]
V  [jvm.dll+0x67bb72]
V  [jvm.dll+0x679e1e]
V  [jvm.dll+0x6840c8]
V  [jvm.dll+0x21955e]
V  [jvm.dll+0x219a05]
V  [jvm.dll+0x21a3f8]
V  [jvm.dll+0x20f62e]
V  [jvm.dll+0x5b644f]
V  [jvm.dll+0x82ead6]
V  [jvm.dll+0x478db8]
V  [jvm.dll+0x47ebe8]
C  [java.dll+0x17ec]

Java frames: (J=compiled Java code, j=interpreted, Vv=VM code)
J 1111  java.lang.ClassLoader.defineClass1(Ljava/lang/ClassLoader;Ljava/lang/String;[BIILjava/security/ProtectionDomain;Ljava/lang/String;)Ljava/lang/Class; java.base@21.0.10 (0 bytes) @ 0x0000027a44a5ae91 [0x0000027a44a5adc0+0x00000000000000d1]
J 1876 c1 java.lang.ClassLoader.defineClass(Ljava/lang/String;[BIILjava/security/ProtectionDomain;)Ljava/lang/Class; java.base@21.0.10 (43 bytes) @ 0x0000027a3d26657c [0x0000027a3d266220+0x000000000000035c]
J 5934 c1 java.lang.ClassLoader.defineClass(Ljava/lang/String;[BII)Ljava/lang/Class; java.base@21.0.10 (11 bytes) @ 0x0000027a3d9d63cc [0x0000027a3d9d6340+0x000000000000008c]
j  lombok.launch.ShadowClassLoader.urlToDefineClass(Ljava/lang/String;Ljava/net/URL;Z)Ljava/lang/Class;+155
J 7460 c1 lombok.launch.ShadowClassLoader.loadClass(Ljava/lang/String;Z)Ljava/lang/Class; (242 bytes) @ 0x0000027a3dd7acac [0x0000027a3dd79960+0x000000000000134c]
J 3930 c2 java.lang.ClassLoader.loadClass(Ljava/lang/String;)Ljava/lang/Class; java.base@21.0.10 (7 bytes) @ 0x0000027a44bada6c [0x0000027a44bada20+0x000000000000004c]
v  ~StubRoutines::call_stub 0x0000027a4445100d
j  lombok.eclipse.TransformEclipseAST.<clinit>()V+102
v  ~StubRoutines::call_stub 0x0000027a4445100d
J 2964  java.lang.Class.forName0(Ljava/lang/String;ZLjava/lang/ClassLoader;Ljava/lang/Class;)Ljava/lang/Class; java.base@21.0.10 (0 bytes) @ 0x0000027a44b447df [0x0000027a44b44740+0x000000000000009f]
J 4353 c1 java.lang.Class.forName(Ljava/lang/String;ZLjava/lang/ClassLoader;Ljava/lang/Class;)Ljava/lang/Class; java.base@21.0.10 (41 bytes) @ 0x0000027a3d7ec33c [0x0000027a3d7ec240+0x00000000000000fc]
J 4352 c1 java.lang.Class.forName(Ljava/lang/String;ZLjava/lang/ClassLoader;)Ljava/lang/Class; java.base@21.0.10 (24 bytes) @ 0x0000027a3d7ebe6c [0x0000027a3d7ebd60+0x000000000000010c]
j  lombok.launch.PatchFixesHider$Util.shadowLoadClass(Ljava/lang/String;)Ljava/lang/Class;+5
j  lombok.launch.PatchFixesHider$Transform.init(Ljava/lang/ClassLoader;)V+24
j  lombok.launch.PatchFixesHider$Transform.transform_swapped(Ljava/lang/Object;Ljava/lang/Object;)V+7
j  org.eclipse.jdt.internal.compiler.parser.Parser.endParse(I)Lorg/eclipse/jdt/internal/compiler/ast/CompilationUnitDeclaration;+289
j  org.eclipse.jdt.internal.core.util.CommentRecorderParser.endParse(I)Lorg/eclipse/jdt/internal/compiler/ast/CompilationUnitDeclaration;+2
j  org.eclipse.jdt.internal.compiler.SourceElementParser.endParse(I)Lorg/eclipse/jdt/internal/compiler/ast/CompilationUnitDeclaration;+35
j  org.eclipse.jdt.internal.compiler.parser.Parser.parse()V+674
j  org.eclipse.jdt.internal.compiler.parser.Parser.parse(Lorg/eclipse/jdt/internal/compiler/env/ICompilationUnit;Lorg/eclipse/jdt/internal/compiler/CompilationResult;II)Lorg/eclipse/jdt/internal/compiler/ast/CompilationUnitDeclaration;+314
j  org.eclipse.jdt.internal.compiler.parser.Parser.parse(Lorg/eclipse/jdt/internal/compiler/env/ICompilationUnit;Lorg/eclipse/jdt/internal/compiler/CompilationResult;)Lorg/eclipse/jdt/internal/compiler/ast/CompilationUnitDeclaration;+5
j  org.eclipse.jdt.internal.compiler.SourceElementParser.parseCompilationUnit(Lorg/eclipse/jdt/internal/compiler/env/ICompilationUnit;ZLorg/eclipse/core/runtime/IProgressMonitor;)Lorg/eclipse/jdt/internal/compiler/ast/CompilationUnitDeclaration;+53
j  org.eclipse.jdt.internal.core.CompilationUnit.buildStructure(Lorg/eclipse/jdt/internal/core/OpenableElementInfo;Lorg/eclipse/core/runtime/IProgressMonitor;Ljava/util/Map;Lorg/eclipse/core/resources/IResource;)Z+1260
j  org.eclipse.jdt.internal.core.Openable.generateInfos(Lorg/eclipse/jdt/internal/compiler/env/IElementInfo;Ljava/util/Map;Lorg/eclipse/core/runtime/IProgressMonitor;)V+117
j  org.eclipse.jdt.internal.core.JavaElement.openWhenClosed(Lorg/eclipse/jdt/internal/compiler/env/IElementInfo;ZLorg/eclipse/core/runtime/IProgressMonitor;)Lorg/eclipse/jdt/internal/compiler/env/IElementInfo;+24
j  org.eclipse.jdt.internal.core.JavaElement.getElementInfo(Lorg/eclipse/core/runtime/IProgressMonitor;)Lorg/eclipse/jdt/internal/compiler/env/IElementInfo;+23
j  org.eclipse.jdt.internal.core.Openable.open(Lorg/eclipse/core/runtime/IProgressMonitor;)V+2
j  org.eclipse.jdt.internal.core.CompilationUnit.getImports()[Lorg/eclipse/jdt/core/IImportDeclaration;+33
j  org.eclipse.jdt.ls.core.internal.contentassist.CompletionProposalUtils.addStaticImportsAsFavoriteImports(Lorg/eclipse/jdt/core/ICompilationUnit;)V+1
j  org.eclipse.jdt.ls.core.internal.handlers.BaseDocumentLifeCycleHandler.handleOpen(Lorg/eclipse/lsp4j/DidOpenTextDocumentParams;)Lorg/eclipse/jdt/core/ICompilationUnit;+134
j  org.eclipse.jdt.ls.core.internal.handlers.BaseDocumentLifeCycleHandler.didOpen(Lorg/eclipse/lsp4j/DidOpenTextDocumentParams;)V+57
j  org.eclipse.jdt.ls.core.internal.handlers.JDTLanguageServer.didOpen(Lorg/eclipse/lsp4j/DidOpenTextDocumentParams;)V+11
j  java.lang.invoke.LambdaForm$DMH+0x0000027a52124000.invokeInterface(Ljava/lang/Object;Ljava/lang/Object;Ljava/lang/Object;)V+24 java.base@21.0.10
j  java.lang.invoke.LambdaForm$MH+0x0000027a520b5c00.invoke(Ljava/lang/Object;Ljava/lang/Object;Ljava/lang/Object;)Ljava/lang/Object;+52 java.base@21.0.10
J 3846 c1 java.lang.invoke.Invokers$Holder.invokeExact_MT(Ljava/lang/Object;Ljava/lang/Object;Ljava/lang/Object;Ljava/lang/Object;)Ljava/lang/Object; java.base@21.0.10 (24 bytes) @ 0x0000027a3d6b7244 [0x0000027a3d6b6da0+0x00000000000004a4]
J 1528 c1 jdk.internal.reflect.DirectMethodHandleAccessor.invoke(Ljava/lang/Object;[Ljava/lang/Object;)Ljava/lang/Object; java.base@21.0.10 (92 bytes) @ 0x0000027a3d1aeb64 [0x0000027a3d1ad780+0x00000000000013e4]
J 1531 c1 java.lang.reflect.Method.invoke(Ljava/lang/Object;[Ljava/lang/Object;)Ljava/lang/Object; java.base@21.0.10 (108 bytes) @ 0x0000027a3d1acf54 [0x0000027a3d1aca40+0x0000000000000514]
j  org.eclipse.lsp4j.jsonrpc.services.GenericEndpoint.lambda$recursiveFindRpcMethods$0(Lorg/eclipse/lsp4j/jsonrpc/services/AnnotationUtil$MethodInfo;Ljava/lang/Object;Ljava/lang/Object;)Ljava/util/concurrent/CompletableFuture;+20
j  org.eclipse.lsp4j.jsonrpc.services.GenericEndpoint$$Lambda+0x0000027a52492810.apply(Ljava/lang/Object;)Ljava/lang/Object;+13
j  org.eclipse.lsp4j.jsonrpc.services.GenericEndpoint.notify(Ljava/lang/String;Ljava/lang/Object;)V+18
j  org.eclipse.lsp4j.jsonrpc.RemoteEndpoint.handleNotification(Lorg/eclipse/lsp4j/jsonrpc/messages/NotificationMessage;)V+20
j  org.eclipse.lsp4j.jsonrpc.RemoteEndpoint.consume(Lorg/eclipse/lsp4j/jsonrpc/messages/Message;)V+14
j  org.eclipse.jdt.ls.core.internal.ParentProcessWatcher.lambda$1(Lorg/eclipse/lsp4j/jsonrpc/MessageConsumer;Lorg/eclipse/lsp4j/jsonrpc/messages/Message;)V+9
j  org.eclipse.jdt.ls.core.internal.ParentProcessWatcher$$Lambda+0x0000027a52484c98.consume(Lorg/eclipse/lsp4j/jsonrpc/messages/Message;)V+9
j  org.eclipse.lsp4j.jsonrpc.json.StreamMessageProducer.handleMessage(Ljava/io/InputStream;Lorg/eclipse/lsp4j/jsonrpc/json/StreamMessageProducer$Headers;)Z+57
j  org.eclipse.lsp4j.jsonrpc.json.StreamMessageProducer.listen(Lorg/eclipse/lsp4j/jsonrpc/MessageConsumer;)V+140
j  org.eclipse.lsp4j.jsonrpc.json.ConcurrentMessageProcessor.run()V+12
j  java.util.concurrent.Executors$RunnableAdapter.call()Ljava/lang/Object;+4 java.base@21.0.10
j  java.util.concurrent.FutureTask.run()V+39 java.base@21.0.10
j  java.util.concurrent.ThreadPoolExecutor.runWorker(Ljava/util/concurrent/ThreadPoolExecutor$Worker;)V+92 java.base@21.0.10
j  java.util.concurrent.ThreadPoolExecutor$Worker.run()V+5 java.base@21.0.10
j  java.lang.Thread.runWith(Ljava/lang/Object;Ljava/lang/Runnable;)V+5 java.base@21.0.10
j  java.lang.Thread.run()V+19 java.base@21.0.10
v  ~StubRoutines::call_stub 0x0000027a4445100d

Compiled method (n/a) 18129 1111     n 0       java.lang.ClassLoader::defineClass1 (native)
 total in heap  [0x0000027a44a5ac10,0x0000027a44a5b098] = 1160
 relocation     [0x0000027a44a5ad70,0x0000027a44a5ada8] = 56
 main code      [0x0000027a44a5adc0,0x0000027a44a5b096] = 726
 stub code      [0x0000027a44a5b096,0x0000027a44a5b098] = 2

[Constant Pool (empty)]

[MachCode]
[Entry Point]
  # {method} {0x0000027a51434f58} 'defineClass1' '(Ljava/lang/ClassLoader;Ljava/lang/String;[BIILjava/security/ProtectionDomain;Ljava/lang/String;)Ljava/lang/Class;' in 'java/lang/ClassLoader'
  # parm0:    rdx:rdx   = 'java/lang/ClassLoader'
  # parm1:    r8:r8     = 'java/lang/String'
  # parm2:    r9:r9     = '[B'
  # parm3:    rdi       = int
  # parm4:    rsi       = int
  # parm5:    rcx:rcx   = 'java/security/ProtectionDomain'
  # parm6:    [sp+0xa0]   = 'java/lang/String'  (sp of caller)
  0x0000027a44a5adc0: 448b 5208 | 49bb 0000 | 0051 7a02 | 0000 4d03 | d349 3bc2 | 0f84 0600 

  0x0000027a44a5add8: ;   {runtime_call ic_miss_stub}
  0x0000027a44a5add8: 0000 e9a1 | 36a4 ff90 
[Verified Entry Point]
  0x0000027a44a5ade0: 8984 2400 | 80ff ff55 | 488b ec48 | 81ec 9000 | 0000 6690 | 4181 7f20 | 0300 0000 

  0x0000027a44a5adfc: ;   {runtime_call StubRoutines (final stubs)}
  0x0000027a44a5adfc: 7405 e8dd | dba2 ff48 | 837d 1000 | 488d 4510 | 480f 4445 | 1048 8944 | 2440 4889 | 4c24 7048 
  0x0000027a44a5ae1c: 83f9 0048 | 8d44 2470 | 480f 4444 | 2470 4889 | 4424 3848 | 8974 2430 | 4889 7c24 | 284c 894c 
  0x0000027a44a5ae3c: 2458 4983 | f900 488d | 4424 5848 | 0f44 4424 | 5848 8944 | 2420 4c89 | 4424 5049 | 83f8 004c 
  0x0000027a44a5ae5c: 8d4c 2450 | 4c0f 444c | 2450 4889 | 5424 4848 | 83fa 004c | 8d44 2448 | 4c0f 4444 

  0x0000027a44a5ae78: ;   {oop(a 'java/lang/Class'{0x0000000080000a18} = 'java/lang/ClassLoader')}
  0x0000027a44a5ae78: 2448 49be | 180a 0080 | 0000 0000 | 4c89 7424 | 784c 8d74 | 2478 498b | d6c5 f877 

  0x0000027a44a5ae94: ;   {internal_word}
  0x0000027a44a5ae94: 49ba 91ae | a544 7a02 | 0000 4d89 | 97a8 0300 | 0049 89a7 | a003 0000 

  0x0000027a44a5aeac: ;   {external_word}
  0x0000027a44a5aeac: 49ba c65c | 83d4 fe7f | 0000 4180 | 3a00 0f84 | 4e00 0000 | 5241 5041 

  0x0000027a44a5aec4: ;   {metadata({method} {0x0000027a51434f58} 'defineClass1' '(Ljava/lang/ClassLoader;Ljava/lang/String;[BIILjava/security/ProtectionDomain;Ljava/lang/String;)Ljava/lang/Class;' in 'java/lang/ClassLoader')}
  0x0000027a44a5aec4: 5148 ba50 | 4f43 517a | 0200 0049 | 8bcf 4883 | ec20 40f6 | c40f 0f84 | 1900 0000 | 4883 ec08 
  0x0000027a44a5aee4: ;   {runtime_call}
  0x0000027a44a5aee4: 48b8 50e1 | 2cd4 fe7f | 0000 ffd0 | 4883 c408 | e90c 0000 

  0x0000027a44a5aef8: ;   {runtime_call}
  0x0000027a44a5aef8: 0048 b850 | e12c d4fe | 7f00 00ff | d048 83c4 | 2041 5941 | 585a 498d | 8fc0 0300 | 0041 c787 
  0x0000027a44a5af18: 4c04 0000 | 0400 0000 

  0x0000027a44a5af20: ;   {runtime_call}
  0x0000027a44a5af20: 48b8 ac16 | 285a ff7f | 0000 ffd0 | c5f8 7741 | c787 4c04 | 0000 0500 | 0000 f083 | 4424 c000 
  0x0000027a44a5af40: 493b af50 | 0400 000f | 870e 0000 | 0041 83bf | 4804 0000 | 000f 842b | 0000 00c5 | f877 4889 
  0x0000027a44a5af60: 45f8 498b | cf4c 8be4 | 4883 ec20 | 4883 e4f0 

  0x0000027a44a5af70: ;   {runtime_call}
  0x0000027a44a5af70: 48b8 d052 | f8d3 fe7f | 0000 ffd0 | 498b e44d | 33e4 488b | 45f8 41c7 | 874c 0400 | 0008 0000 
  0x0000027a44a5af90: 0041 83bf | c804 0000 | 020f 84ca 

  0x0000027a44a5af9c: ;   {external_word}
  0x0000027a44a5af9c: 0000 0049 | bac6 5c83 | d4fe 7f00 | 0041 803a | 000f 844c | 0000 0048 

  0x0000027a44a5afb4: ;   {metadata({method} {0x0000027a51434f58} 'defineClass1' '(Ljava/lang/ClassLoader;Ljava/lang/String;[BIILjava/security/ProtectionDomain;Ljava/lang/String;)Ljava/lang/Class;' in 'java/lang/ClassLoader')}
  0x0000027a44a5afb4: 8945 f848 | ba50 4f43 | 517a 0200 | 0049 8bcf | 4883 ec20 | 40f6 c40f | 0f84 1900 | 0000 4883 
  0x0000027a44a5afd4: ;   {runtime_call}
  0x0000027a44a5afd4: ec08 48b8 | 50e1 2cd4 | fe7f 0000 | ffd0 4883 | c408 e90c 

  0x0000027a44a5afe8: ;   {runtime_call}
  0x0000027a44a5afe8: 0000 0048 | b850 e12c | d4fe 7f00 | 00ff d048 | 83c4 2048 | 8b45 f849 | c787 a003 | 0000 0000 
  0x0000027a44a5b008: 0000 49c7 | 87a8 0300 | 0000 0000 | 00c5 f877 | 4885 c00f | 8425 0000 | 00a8 030f | 8508 0000 
  0x0000027a44a5b028: 0048 8b00 | e915 0000 | 00a8 010f | 8509 0000 | 0048 8b40 | fee9 0400 | 0000 488b | 40ff 498b 
  0x0000027a44a5b048: 8f30 0400 | 00c7 8100 | 0100 0000 | 0000 00c9 | 4983 7f08 | 000f 8501 | 0000 00c3 

  0x0000027a44a5b064: ;   {runtime_call StubRoutines (initial stubs)}
  0x0000027a44a5b064: e997 5e9f | ffc5 f877 | 4889 45f8 | 4c8b e448 | 83ec 2048 

  0x0000027a44a5b078: ;   {runtime_call}
  0x0000027a44a5b078: 83e4 f048 | b8a0 182d | d4fe 7f00 | 00ff d049 | 8be4 4d33 | e448 8b45 | f8e9 09ff | ffff f4f4 
[/MachCode]


Compiled method (c1) 18145 1876       3       java.lang.ClassLoader::defineClass (43 bytes)
 total in heap  [0x0000027a3d266010,0x0000027a3d266970] = 2400
 relocation     [0x0000027a3d266170,0x0000027a3d266210] = 160
 main code      [0x0000027a3d266220,0x0000027a3d2666c0] = 1184
 stub code      [0x0000027a3d2666c0,0x0000027a3d266738] = 120
 metadata       [0x0000027a3d266738,0x0000027a3d266768] = 48
 scopes data    [0x0000027a3d266768,0x0000027a3d266858] = 240
 scopes pcs     [0x0000027a3d266858,0x0000027a3d266938] = 224
 dependencies   [0x0000027a3d266938,0x0000027a3d266948] = 16
 nul chk table  [0x0000027a3d266948,0x0000027a3d266970] = 40

[Constant Pool (empty)]

[MachCode]
[Entry Point]
  # {method} {0x0000027a514352d8} 'defineClass' '(Ljava/lang/String;[BIILjava/security/ProtectionDomain;)Ljava/lang/Class;' in 'java/lang/ClassLoader'
  # this:     rdx:rdx   = 'java/lang/ClassLoader'
  # parm0:    r8:r8     = 'java/lang/String'
  # parm1:    r9:r9     = '[B'
  # parm2:    rdi       = int
  # parm3:    rsi       = int
  # parm4:    rcx:rcx   = 'java/security/ProtectionDomain'
  #           [sp+0xc0]  (sp of caller)
  0x0000027a3d266220: 448b 5208 | 49bb 0000 | 0051 7a02 | 0000 4d03 | d34c 3bd0 

  0x0000027a3d266234: ;   {runtime_call ic_miss_stub}
  0x0000027a3d266234: 0f85 4682 | 2307 660f | 1f44 0000 
[Verified Entry Point]
  0x0000027a3d266240: 8984 2400 | 80ff ff55 | 4881 ecb0 | 0000 0090 | 4181 7f20 | 0300 0000 

  0x0000027a3d266258: ;   {runtime_call StubRoutines (final stubs)}
  0x0000027a3d266258: 7405 e881 | 2722 0748 | 8954 2478 

  0x0000027a3d266264: ;   {metadata(method data for {method} {0x0000027a514352d8} 'defineClass' '(Ljava/lang/String;[BIILjava/security/ProtectionDomain;)Ljava/lang/Class;' in 'java/lang/ClassLoader')}
  0x0000027a3d266264: 48bb e8d8 | 3694 7a02 | 0000 8b83 | cc00 0000 | 83c0 0289 | 83cc 0000 | 0025 fe07 | 0000 85c0 
  0x0000027a3d266284: 0f84 5803 | 0000 89b4 | 2494 0000 | 0089 bc24 | 9000 0000 | 4c89 8c24 | 8800 0000 

  0x0000027a3d2662a0: ;   {metadata(method data for {method} {0x0000027a514352d8} 'defineClass' '(Ljava/lang/String;[BIILjava/security/ProtectionDomain;)Ljava/lang/Class;' in 'java/lang/ClassLoader')}
  0x0000027a3d2662a0: 488b da48 | b8e8 d836 | 947a 0200 | 0048 8380 | 1001 0000 | 0149 8bd8 | 4c8b c34c | 8bc9 488b 
  0x0000027a3d2662c0: ca48 8bd1 | 4889 9c24 | 8000 0000 

  0x0000027a3d2662cc: ;   {optimized virtual_call}
  0x0000027a3d2662cc: 6666 90e8 

  0x0000027a3d2662d0: ; ImmutableOopMap {[120]=Oop [128]=Oop [136]=Oop }
                      ;*invokevirtual preDefineClass {reexecute=0 rethrow=0 return_oop=0}
                      ; - java.lang.ClassLoader::defineClass@4
  0x0000027a3d2662d0: 4c10 efff 

  0x0000027a3d2662d4: ;   {other}
  0x0000027a3d2662d4: 0f1f 8400 | c402 0000 | 4889 8424 | 9800 0000 | 488b 5424 

  0x0000027a3d2662e8: ;   {metadata(method data for {method} {0x0000027a514352d8} 'defineClass' '(Ljava/lang/String;[BIILjava/security/ProtectionDomain;)Ljava/lang/Class;' in 'java/lang/ClassLoader')}
  0x0000027a3d2662e8: 7849 b8e8 | d836 947a | 0200 0049 | 8380 4801 

  0x0000027a3d2662f8: ;   {metadata(method data for {method} {0x0000027a51434fc0} 'defineClassSourceLocation' '(Ljava/security/ProtectionDomain;)Ljava/lang/String;' in 'java/lang/ClassLoader')}
  0x0000027a3d2662f8: 0000 0149 | b800 e036 | 947a 0200 | 0041 8b90 | cc00 0000 | 83c2 0241 | 8990 cc00 | 0000 81e2 
  0x0000027a3d266318: feff 1f00 | 85d2 0f84 | df02 0000 

  0x0000027a3d266324: ; implicit exception: dispatches to 0x0000027a3d266624
  0x0000027a3d266324: 483b 004c 

  0x0000027a3d266328: ;   {metadata(method data for {method} {0x0000027a51434fc0} 'defineClassSourceLocation' '(Ljava/security/ProtectionDomain;)Ljava/lang/String;' in 'java/lang/ClassLoader')}
  0x0000027a3d266328: 8bc0 48ba | 00e0 3694 | 7a02 0000 | 4883 8210 | 0100 0001 | 448b 4010 

  0x0000027a3d266340: ;   {metadata(method data for {method} {0x0000027a51434fc0} 'defineClassSourceLocation' '(Ljava/security/ProtectionDomain;)Ljava/lang/String;' in 'java/lang/ClassLoader')}
  0x0000027a3d266340: 4d85 c048 | ba00 e036 | 947a 0200 | 0048 c7c6 | 5801 0000 | 7507 48c7 | c648 0100 | 0048 8b3c 
  0x0000027a3d266360: 3248 8d7f | 0148 893c | 320f 850f 

  0x0000027a3d26636c: ;   {oop(nullptr)}
  0x0000027a3d26636c: 0000 0048 | bb00 0000 | 0000 0000 | 00e9 a901 | 0000 493b | 0049 8bd0 

  0x0000027a3d266384: ;   {metadata(method data for {method} {0x0000027a51434fc0} 'defineClassSourceLocation' '(Ljava/security/ProtectionDomain;)Ljava/lang/String;' in 'java/lang/ClassLoader')}
  0x0000027a3d266384: 48be 00e0 | 3694 7a02 | 0000 4883 | 8668 0100 | 0001 418b | 500c 4885 

  0x0000027a3d26639c: ;   {metadata(method data for {method} {0x0000027a51434fc0} 'defineClassSourceLocation' '(Ljava/security/ProtectionDomain;)Ljava/lang/String;' in 'java/lang/ClassLoader')}
  0x0000027a3d26639c: d248 be00 | e036 947a | 0200 0048 | c7c7 b001 | 0000 7507 | 48c7 c7a0 | 0100 0048 | 8b1c 3e48 
  0x0000027a3d2663bc: 8d5b 0148 | 891c 3e0f | 850f 0000 

  0x0000027a3d2663c8: ;   {oop(nullptr)}
  0x0000027a3d2663c8: 0048 bb00 | 0000 0000 | 0000 00e9 | 4f01 0000 

  0x0000027a3d2663d8: ;   {metadata(method data for {method} {0x0000027a51434fc0} 'defineClassSourceLocation' '(Ljava/security/ProtectionDomain;)Ljava/lang/String;' in 'java/lang/ClassLoader')}
  0x0000027a3d2663d8: 48be 00e0 | 3694 7a02 | 0000 4883 | 86c0 0100 | 0001 483b | 024c 8bc2 

  0x0000027a3d2663f0: ;   {metadata(method data for {method} {0x0000027a51434fc0} 'defineClassSourceLocation' '(Ljava/security/ProtectionDomain;)Ljava/lang/String;' in 'java/lang/ClassLoader')}
  0x0000027a3d2663f0: 48be 00e0 | 3694 7a02 | 0000 4883 | 86f8 0100 

  0x0000027a3d266400: ;   {metadata(method data for {method} {0x0000027a5101abf0} 'toString' '()Ljava/lang/String;' in 'java/net/URL')}
  0x0000027a3d266400: 0001 49b8 | d0d3 3694 | 7a02 0000 | 418b b0cc | 0000 0083 | c602 4189 | b0cc 0000 | 0081 e6fe 
  0x0000027a3d266420: ff1f 0085 | f60f 8408 | 0200 004c 

  0x0000027a3d26642c: ;   {metadata(method data for {method} {0x0000027a5101abf0} 'toString' '()Ljava/lang/String;' in 'java/net/URL')}
  0x0000027a3d26642c: 8bc2 48be | d0d3 3694 | 7a02 0000 | 4883 8610 | 0100 0001 

  0x0000027a3d266440: ;   {metadata(method data for {method} {0x0000027a51428b60} 'toExternalForm' '()Ljava/lang/String;' in 'java/net/URL')}
  0x0000027a3d266440: 49b8 806b | 3694 7a02 | 0000 418b | b0cc 0000 | 0083 c602 | 4189 b0cc | 0000 0081 | e6fe ff1f 
  0x0000027a3d266460: 0085 f60f | 84eb 0100 | 008b 7238 

  0x0000027a3d26646c: ; implicit exception: dispatches to 0x0000027a3d266675
  0x0000027a3d26646c: 483b 064c 

  0x0000027a3d266470: ;   {metadata(method data for {method} {0x0000027a51428b60} 'toExternalForm' '()Ljava/lang/String;' in 'java/net/URL')}
  0x0000027a3d266470: 8bc6 48bf | 806b 3694 | 7a02 0000 | 458b 4008 | 49ba 0000 | 0051 7a02 | 0000 4d03 | c24c 3b87 
  0x0000027a3d266490: 2001 0000 | 750d 4883 | 8728 0100 | 0001 e960 | 0000 004c | 3b87 3001 | 0000 750d | 4883 8738 
  0x0000027a3d2664b0: 0100 0001 | e94a 0000 | 0048 83bf | 2001 0000 | 0075 174c | 8987 2001 | 0000 48c7 | 8728 0100 
  0x0000027a3d2664d0: 0001 0000 | 00e9 2900 | 0000 4883 | bf30 0100 | 0000 7517 | 4c89 8730 | 0100 0048 | c787 3801 
  0x0000027a3d2664f0: 0000 0100 | 0000 e908 | 0000 0048 | 8387 1001 | 0000 014c | 8bc2 488b | d60f 1f40 | 0048 b8ff 
  0x0000027a3d266510: ffff ffff 

  0x0000027a3d266514: ;   {virtual_call}
  0x0000027a3d266514: ffff ffe8 

  0x0000027a3d266518: ; ImmutableOopMap {[120]=Oop [128]=Oop [136]=Oop [152]=Oop }
                      ;*invokevirtual toExternalForm {reexecute=0 rethrow=0 return_oop=0}
                      ; - java.net.URL::toExternalForm@5
                      ; - java.net.URL::toString@1
                      ; - java.lang.ClassLoader::defineClassSourceLocation@22
                      ; - java.lang.ClassLoader::defineClass@12
  0x0000027a3d266518: 3458 2f07 

  0x0000027a3d26651c: ;   {other}
  0x0000027a3d26651c: 0f1f 8400 | 0c05 0001 | 488b d848 | 8b84 2498 | 0000 008b | b424 9400 | 0000 8bbc | 2490 0000 
  0x0000027a3d26653c: 004c 8b8c | 2488 0000 | 004c 8b84 | 2480 0000 | 0048 8b54 

  0x0000027a3d266550: ;   {metadata(method data for {method} {0x0000027a514352d8} 'defineClass' '(Ljava/lang/String;[BIILjava/security/ProtectionDomain;)Ljava/lang/Class;' in 'java/lang/ClassLoader')}
  0x0000027a3d266550: 2478 48b9 | e8d8 3694 | 7a02 0000 | 4883 8180 | 0100 0001 | 4c8b da49 | 8bd3 488b | c848 891c 
  0x0000027a3d266570: 2466 0f1f 

  0x0000027a3d266574: ;   {static_call}
  0x0000027a3d266574: 4400 00e8 

  0x0000027a3d266578: ; ImmutableOopMap {[120]=Oop [152]=Oop }
                      ;*invokestatic defineClass1 {reexecute=0 rethrow=0 return_oop=0}
                      ; - java.lang.ClassLoader::defineClass@27
  0x0000027a3d266578: 6448 7f07 

  0x0000027a3d26657c: ;   {other}
  0x0000027a3d26657c: 0f1f 8400 | 6c05 0002 | 488b 5424 

  0x0000027a3d266588: ;   {metadata(method data for {method} {0x0000027a514352d8} 'defineClass' '(Ljava/lang/String;[BIILjava/security/ProtectionDomain;)Ljava/lang/Class;' in 'java/lang/ClassLoader')}
  0x0000027a3d266588: 7849 b8e8 | d836 947a | 0200 0049 | 8380 9001 | 0000 014c | 8bc0 4c8b | 8c24 9800 | 0000 488b 
  0x0000027a3d2665a8: 5424 7848 | 8984 24a0 | 0000 000f 

  0x0000027a3d2665b4: ;   {optimized virtual_call}
  0x0000027a3d2665b4: 1f40 00e8 

  0x0000027a3d2665b8: ; ImmutableOopMap {[160]=Oop }
                      ;*invokevirtual postDefineClass {reexecute=0 rethrow=0 return_oop=0}
                      ; - java.lang.ClassLoader::defineClass@37
  0x0000027a3d2665b8: 64e5 f7ff 

  0x0000027a3d2665bc: ;   {other}
  0x0000027a3d2665bc: 0f1f 8400 | ac05 0003 | 488b 8424 | a000 0000 | 4881 c4b0 | 0000 005d 

  0x0000027a3d2665d4: ;   {poll_return}
  0x0000027a3d2665d4: 493b a750 | 0400 000f | 8799 0000 

  0x0000027a3d2665e0: ;   {metadata({method} {0x0000027a514352d8} 'defineClass' '(Ljava/lang/String;[BIILjava/security/ProtectionDomain;)Ljava/lang/Class;' in 'java/lang/ClassLoader')}
  0x0000027a3d2665e0: 00c3 49ba | d052 4351 | 7a02 0000 | 4c89 5424 | 0848 c704 | 24ff ffff 

  0x0000027a3d2665f8: ;   {runtime_call counter_overflow Runtime1 stub}
  0x0000027a3d2665f8: ffe8 02c0 

  0x0000027a3d2665fc: ; ImmutableOopMap {rdx=Oop r8=Oop r9=Oop rcx=Oop [120]=Oop }
                      ;*synchronization entry
                      ; - java.lang.ClassLoader::defineClass@-1
  0x0000027a3d2665fc: 2e07 e987 

  0x0000027a3d266600: ;   {metadata({method} {0x0000027a51434fc0} 'defineClassSourceLocation' '(Ljava/security/ProtectionDomain;)Ljava/lang/String;' in 'java/lang/ClassLoader')}
  0x0000027a3d266600: fcff ff49 | bab8 4f43 | 517a 0200 | 004c 8954 | 2408 48c7 | 0424 ffff 

  0x0000027a3d266618: ;   {runtime_call counter_overflow Runtime1 stub}
  0x0000027a3d266618: ffff e8e1 

  0x0000027a3d26661c: ; ImmutableOopMap {rax=Oop [120]=Oop [128]=Oop [136]=Oop [152]=Oop }
                      ;*synchronization entry
                      ; - java.lang.ClassLoader::defineClassSourceLocation@-1
                      ; - java.lang.ClassLoader::defineClass@12
  0x0000027a3d26661c: bf2e 07e9 | 00fd ffff 

  0x0000027a3d266624: ;   {runtime_call throw_null_pointer_exception Runtime1 stub}
  0x0000027a3d266624: e8d7 6b2e 

  0x0000027a3d266628: ; ImmutableOopMap {rax=Oop [120]=Oop [128]=Oop [136]=Oop [152]=Oop }
                      ;*invokevirtual getCodeSource {reexecute=0 rethrow=0 return_oop=0}
                      ; - java.lang.ClassLoader::defineClassSourceLocation@1
                      ; - java.lang.ClassLoader::defineClass@12
                      ;   {runtime_call throw_null_pointer_exception Runtime1 stub}
  0x0000027a3d266628: 07e8 d26b 

  0x0000027a3d26662c: ; ImmutableOopMap {rax=Oop r8=Oop [120]=Oop [128]=Oop [136]=Oop [152]=Oop }
                      ;*invokevirtual getLocation {reexecute=0 rethrow=0 return_oop=0}
                      ; - java.lang.ClassLoader::defineClassSourceLocation@12
                      ; - java.lang.ClassLoader::defineClass@12
                      ;   {runtime_call throw_null_pointer_exception Runtime1 stub}
  0x0000027a3d26662c: 2e07 e8cd 

  0x0000027a3d266630: ; ImmutableOopMap {rdx=Oop [120]=Oop [128]=Oop [136]=Oop [152]=Oop }
                      ;*invokevirtual toString {reexecute=0 rethrow=0 return_oop=0}
                      ; - java.lang.ClassLoader::defineClassSourceLocation@22
                      ; - java.lang.ClassLoader::defineClass@12
                      ;   {metadata({method} {0x0000027a5101abf0} 'toString' '()Ljava/lang/String;' in 'java/net/URL')}
  0x0000027a3d266630: 6b2e 0749 | bae8 ab01 | 517a 0200 | 004c 8954 | 2408 48c7 | 0424 ffff 

  0x0000027a3d266648: ;   {runtime_call counter_overflow Runtime1 stub}
  0x0000027a3d266648: ffff e8b1 

  0x0000027a3d26664c: ; ImmutableOopMap {rdx=Oop [120]=Oop [128]=Oop [136]=Oop [152]=Oop }
                      ;*synchronization entry
                      ; - java.net.URL::toString@-1
                      ; - java.lang.ClassLoader::defineClassSourceLocation@22
                      ; - java.lang.ClassLoader::defineClass@12
  0x0000027a3d26664c: bf2e 07e9 | d7fd ffff 

  0x0000027a3d266654: ;   {metadata({method} {0x0000027a51428b60} 'toExternalForm' '()Ljava/lang/String;' in 'java/net/URL')}
  0x0000027a3d266654: 49ba 588b | 4251 7a02 | 0000 4c89 | 5424 0848 | c704 24ff 

  0x0000027a3d266668: ;   {runtime_call counter_overflow Runtime1 stub}
  0x0000027a3d266668: ffff ffe8 

  0x0000027a3d26666c: ; ImmutableOopMap {rdx=Oop [120]=Oop [128]=Oop [136]=Oop [152]=Oop }
                      ;*synchronization entry
                      ; - java.net.URL::toExternalForm@-1
                      ; - java.net.URL::toString@1
                      ; - java.lang.ClassLoader::defineClassSourceLocation@22
                      ; - java.lang.ClassLoader::defineClass@12
  0x0000027a3d26666c: 90bf 2e07 | e9f4 fdff 

  0x0000027a3d266674: ;   {runtime_call throw_null_pointer_exception Runtime1 stub}
  0x0000027a3d266674: ffe8 866b 

  0x0000027a3d266678: ; ImmutableOopMap {rdx=Oop rsi=Oop [120]=Oop [128]=Oop [136]=Oop [152]=Oop }
                      ;*invokevirtual toExternalForm {reexecute=0 rethrow=0 return_oop=0}
                      ; - java.net.URL::toExternalForm@5
                      ; - java.net.URL::toString@1
                      ; - java.lang.ClassLoader::defineClassSourceLocation@22
                      ; - java.lang.ClassLoader::defineClass@12
                      ;   {internal_word}
  0x0000027a3d266678: 2e07 49ba | d465 263d | 7a02 0000 | 4d89 9768 

  0x0000027a3d266688: ;   {runtime_call SafepointBlob}
  0x0000027a3d266688: 0400 00e9 | 70e4 2307 | 498b 8700 | 0500 0049 | c787 0005 | 0000 0000 | 0000 49c7 | 8708 0500 
  0x0000027a3d2666a8: 0000 0000 | 0048 81c4 | b000 0000 

  0x0000027a3d2666b4: ;   {runtime_call unwind_exception Runtime1 stub}
  0x0000027a3d2666b4: 5de9 465c | 2e07 f4f4 | f4f4 f4f4 
[Stub Code]
  0x0000027a3d2666c0: ;   {no_reloc}
  0x0000027a3d2666c0: 0f1f 4400 

  0x0000027a3d2666c4: ;   {static_stub}
  0x0000027a3d2666c4: 0048 bb00 | 0000 0000 

  0x0000027a3d2666cc: ;   {runtime_call nmethod}
  0x0000027a3d2666cc: 0000 00e9 | fbff ffff 

  0x0000027a3d2666d4: ;   {static_stub}
  0x0000027a3d2666d4: 48bb 0000 | 0000 0000 

  0x0000027a3d2666dc: ;   {runtime_call nmethod}
  0x0000027a3d2666dc: 0000 e9fb 

  0x0000027a3d2666e0: ;   {static_stub}
  0x0000027a3d2666e0: ffff ff48 | bb00 0000 | 0000 0000 

  0x0000027a3d2666ec: ;   {runtime_call nmethod}
  0x0000027a3d2666ec: 00e9 fbff 

  0x0000027a3d2666f0: ;   {static_stub}
  0x0000027a3d2666f0: ffff 48bb | 0000 0000 | 0000 0000 

  0x0000027a3d2666fc: ;   {runtime_call nmethod}
  0x0000027a3d2666fc: e9fb ffff 

  0x0000027a3d266700: ;   {runtime_call handle_exception_from_callee Runtime1 stub}
  0x0000027a3d266700: ffe8 fa88 

  0x0000027a3d266704: ;   {external_word}
  0x0000027a3d266704: 2e07 48b9 | 4053 59d4 | fe7f 0000 | 4883 e4f0 

  0x0000027a3d266714: ;   {runtime_call}
  0x0000027a3d266714: 48b8 b0c3 | 1bd4 fe7f | 0000 ffd0 

  0x0000027a3d266720: ;   {section_word}
  0x0000027a3d266720: f449 ba21 | 6726 3d7a | 0200 0041 

  0x0000027a3d26672c: ;   {runtime_call DeoptimizationBlob}
  0x0000027a3d26672c: 52e9 6ed6 | 2307 f4f4 | f4f4 f4f4 
[/MachCode]


Compiled method (c1) 18177 5934       3       java.lang.ClassLoader::defineClass (11 bytes)
 total in heap  [0x0000027a3d9d6190,0x0000027a3d9d6500] = 880
 relocation     [0x0000027a3d9d62f0,0x0000027a3d9d6330] = 64
 main code      [0x0000027a3d9d6340,0x0000027a3d9d6448] = 264
 stub code      [0x0000027a3d9d6448,0x0000027a3d9d6488] = 64
 metadata       [0x0000027a3d9d6488,0x0000027a3d9d6490] = 8
 scopes data    [0x0000027a3d9d6490,0x0000027a3d9d64b8] = 40
 scopes pcs     [0x0000027a3d9d64b8,0x0000027a3d9d64f8] = 64
 dependencies   [0x0000027a3d9d64f8,0x0000027a3d9d6500] = 8

[Constant Pool (empty)]

[MachCode]
[Entry Point]
  # {method} {0x0000027a51435280} 'defineClass' '(Ljava/lang/String;[BII)Ljava/lang/Class;' in 'java/lang/ClassLoader'
  # this:     rdx:rdx   = 'java/lang/ClassLoader'
  # parm0:    r8:r8     = 'java/lang/String'
  # parm1:    r9:r9     = '[B'
  # parm2:    rdi       = int
  # parm3:    rsi       = int
  #           [sp+0x50]  (sp of caller)
  0x0000027a3d9d6340: 448b 5208 | 49bb 0000 | 0051 7a02 | 0000 4d03 | d34c 3bd0 

  0x0000027a3d9d6354: ;   {runtime_call ic_miss_stub}
  0x0000027a3d9d6354: 0f85 2681 | ac06 660f | 1f44 0000 
[Verified Entry Point]
  0x0000027a3d9d6360: 8984 2400 | 80ff ff55 | 4883 ec40 | 4181 7f20 | 0300 0000 

  0x0000027a3d9d6374: ;   {runtime_call StubRoutines (final stubs)}
  0x0000027a3d9d6374: 7405 e865 

  0x0000027a3d9d6378: ;   {metadata(method data for {method} {0x0000027a51435280} 'defineClass' '(Ljava/lang/String;[BII)Ljava/lang/Class;' in 'java/lang/ClassLoader')}
  0x0000027a3d9d6378: 26ab 0648 | b908 bc34 | 967a 0200 | 008b 99cc | 0000 0083 | c302 8999 | cc00 0000 | 81e3 fe07 
  0x0000027a3d9d6398: 0000 85db | 0f84 4500 | 0000 488b 

  0x0000027a3d9d63a4: ;   {metadata(method data for {method} {0x0000027a51435280} 'defineClass' '(Ljava/lang/String;[BII)Ljava/lang/Class;' in 'java/lang/ClassLoader')}
  0x0000027a3d9d63a4: ca48 bb08 | bc34 967a | 0200 0048 | 8383 1001 

  0x0000027a3d9d63b4: ;   {oop(nullptr)}
  0x0000027a3d9d63b4: 0000 0148 | b900 0000 | 0000 0000 | 0066 0f1f 

  0x0000027a3d9d63c4: ;   {optimized virtual_call}
  0x0000027a3d9d63c4: 4400 00e8 

  0x0000027a3d9d63c8: ; ImmutableOopMap {}
                      ;*invokevirtual defineClass {reexecute=0 rethrow=0 return_oop=0}
                      ; - java.lang.ClassLoader::defineClass@7
  0x0000027a3d9d63c8: 74fe 88ff 

  0x0000027a3d9d63cc: ;   {other}
  0x0000027a3d9d63cc: 0f1f 8400 | 3c02 0000 | 4883 c440 

  0x0000027a3d9d63d8: ;   {poll_return}
  0x0000027a3d9d63d8: 5d49 3ba7 | 5004 0000 | 0f87 1f00 

  0x0000027a3d9d63e4: ;   {metadata({method} {0x0000027a51435280} 'defineClass' '(Ljava/lang/String;[BII)Ljava/lang/Class;' in 'java/lang/ClassLoader')}
  0x0000027a3d9d63e4: 0000 c349 | ba78 5243 | 517a 0200 | 004c 8954 | 2408 48c7 | 0424 ffff 

  0x0000027a3d9d63fc: ;   {runtime_call counter_overflow Runtime1 stub}
  0x0000027a3d9d63fc: ffff e8fd 

  0x0000027a3d9d6400: ; ImmutableOopMap {rdx=Oop r8=Oop r9=Oop }
                      ;*synchronization entry
                      ; - java.lang.ClassLoader::defineClass@-1
  0x0000027a3d9d6400: c1b7 06eb 

  0x0000027a3d9d6404: ;   {internal_word}
  0x0000027a3d9d6404: 9d49 bad9 | 639d 3d7a | 0200 004d | 8997 6804 

  0x0000027a3d9d6414: ;   {runtime_call SafepointBlob}
  0x0000027a3d9d6414: 0000 e9e5 | e6ac 0649 | 8b87 0005 | 0000 49c7 | 8700 0500 | 0000 0000 | 0049 c787 | 0805 0000 
  0x0000027a3d9d6434: 0000 0000 | 4883 c440 

  0x0000027a3d9d643c: ;   {runtime_call unwind_exception Runtime1 stub}
  0x0000027a3d9d643c: 5de9 be5e | b706 f4f4 | f4f4 f4f4 
[Stub Code]
  0x0000027a3d9d6448: ;   {no_reloc}
  0x0000027a3d9d6448: 48bb 0000 | 0000 0000 

  0x0000027a3d9d6450: ;   {runtime_call nmethod}
  0x0000027a3d9d6450: 0000 e9fb 

  0x0000027a3d9d6454: ;   {runtime_call handle_exception_from_callee Runtime1 stub}
  0x0000027a3d9d6454: ffff ffe8 | a48b b706 

  0x0000027a3d9d645c: ;   {external_word}
  0x0000027a3d9d645c: 48b9 4053 | 59d4 fe7f | 0000 4883 

  0x0000027a3d9d6468: ;   {runtime_call}
  0x0000027a3d9d6468: e4f0 48b8 | b0c3 1bd4 | fe7f 0000 

  0x0000027a3d9d6474: ;   {section_word}
  0x0000027a3d9d6474: ffd0 f449 | ba77 649d | 3d7a 0200 

  0x0000027a3d9d6480: ;   {runtime_call DeoptimizationBlob}
  0x0000027a3d9d6480: 0041 52e9 | 18d9 ac06 
[/MachCode]


---------------  P R O C E S S  ---------------

Threads class SMR info:
_java_thread_list=0x0000027a9b0133e0, length=52, elements={
0x0000027a39d1d270, 0x0000027a39dc0fb0, 0x0000027a39dc4eb0, 0x0000027a39dcb410,
0x0000027a39dce210, 0x0000027a39dcfcb0, 0x0000027a39dd42a0, 0x0000027a39dda8f0,
0x0000027a39ddd6a0, 0x0000027a92cc4140, 0x0000027a92c74660, 0x0000027a9890b2f0,
0x0000027a988ddb80, 0x0000027a9800f400, 0x0000027a981019e0, 0x0000027a987c7d90,
0x0000027a98a8f540, 0x0000027a98c6b490, 0x0000027a991e04d0, 0x0000027a991e11f0,
0x0000027a991df7b0, 0x0000027a991e1880, 0x0000027a991e2c30, 0x0000027a991e1f10,
0x0000027a991e25a0, 0x0000027a991dfe40, 0x0000027a991e0b60, 0x0000027a988974f0,
0x0000027a988988a0, 0x0000027a98898f30, 0x0000027a988967d0, 0x0000027a9889a2e0,
0x0000027a98897b80, 0x0000027a988995c0, 0x0000027a98899c50, 0x0000027a98896e60,
0x0000027a9889a970, 0x0000027a9889b000, 0x0000027a9889b690, 0x0000027a98898210,
0x0000027a9889d0d0, 0x0000027a9889bd20, 0x0000027a9889c3b0, 0x0000027a9889ca40,
0x0000027a9889d760, 0x0000027a9889ddf0, 0x0000027a994139d0, 0x0000027a99414060,
0x0000027a99411f90, 0x0000027a99412620, 0x0000027a994146f0, 0x0000027a99414d80
}

Java Threads: ( => current thread )
  0x0000027a39d1d270 JavaThread "main"                              [_thread_blocked, id=4088, stack(0x000000d815100000,0x000000d815200000) (1024K)]
  0x0000027a39dc0fb0 JavaThread "Reference Handler"          daemon [_thread_blocked, id=13808, stack(0x000000d815500000,0x000000d815600000) (1024K)]
  0x0000027a39dc4eb0 JavaThread "Finalizer"                  daemon [_thread_blocked, id=6160, stack(0x000000d815600000,0x000000d815700000) (1024K)]
  0x0000027a39dcb410 JavaThread "Signal Dispatcher"          daemon [_thread_blocked, id=16020, stack(0x000000d815700000,0x000000d815800000) (1024K)]
  0x0000027a39dce210 JavaThread "Attach Listener"            daemon [_thread_blocked, id=4064, stack(0x000000d815800000,0x000000d815900000) (1024K)]
  0x0000027a39dcfcb0 JavaThread "Service Thread"             daemon [_thread_blocked, id=13500, stack(0x000000d815900000,0x000000d815a00000) (1024K)]
  0x0000027a39dd42a0 JavaThread "Monitor Deflation Thread"   daemon [_thread_blocked, id=2364, stack(0x000000d815a00000,0x000000d815b00000) (1024K)]
  0x0000027a39dda8f0 JavaThread "C2 CompilerThread0"         daemon [_thread_blocked, id=7624, stack(0x000000d815b00000,0x000000d815c00000) (1024K)]
  0x0000027a39ddd6a0 JavaThread "C1 CompilerThread0"         daemon [_thread_blocked, id=17732, stack(0x000000d815c00000,0x000000d815d00000) (1024K)]
  0x0000027a92cc4140 JavaThread "Common-Cleaner"             daemon [_thread_blocked, id=15844, stack(0x000000d815e00000,0x000000d815f00000) (1024K)]
  0x0000027a92c74660 JavaThread "Notification Thread"        daemon [_thread_blocked, id=2480, stack(0x000000d815d00000,0x000000d815e00000) (1024K)]
  0x0000027a9890b2f0 JavaThread "Active Thread: Equinox Container: 9bbd8d72-b090-4247-bdf9-ad00ff09b77f"        [_thread_blocked, id=5036, stack(0x000000d816700000,0x000000d816800000) (1024K)]
  0x0000027a988ddb80 JavaThread "Refresh Thread: Equinox Container: 9bbd8d72-b090-4247-bdf9-ad00ff09b77f" daemon [_thread_blocked, id=5564, stack(0x000000d816900000,0x000000d816a00000) (1024K)]
  0x0000027a9800f400 JavaThread "Framework Event Dispatcher: Equinox Container: 9bbd8d72-b090-4247-bdf9-ad00ff09b77f" daemon [_thread_blocked, id=15816, stack(0x000000d815f00000,0x000000d816000000) (1024K)]
  0x0000027a981019e0 JavaThread "Start Level: Equinox Container: 9bbd8d72-b090-4247-bdf9-ad00ff09b77f" daemon [_thread_blocked, id=4544, stack(0x000000d816000000,0x000000d816100000) (1024K)]
  0x0000027a987c7d90 JavaThread "Bundle File Closer"         daemon [_thread_blocked, id=15744, stack(0x000000d816e00000,0x000000d816f00000) (1024K)]
  0x0000027a98a8f540 JavaThread "SCR Component Actor"        daemon [_thread_blocked, id=4224, stack(0x000000d816a00000,0x000000d816b00000) (1024K)]
  0x0000027a98c6b490 JavaThread "Worker-JM"                         [_thread_blocked, id=14556, stack(0x000000d816f00000,0x000000d817000000) (1024K)]
  0x0000027a991e04d0 JavaThread "JNA Cleaner"                daemon [_thread_blocked, id=6052, stack(0x000000d816b00000,0x000000d816c00000) (1024K)]
  0x0000027a991e11f0 JavaThread "Worker-0"                          [_thread_blocked, id=19400, stack(0x000000d817000000,0x000000d817100000) (1024K)]
  0x0000027a991df7b0 JavaThread "Worker-1"                          [_thread_blocked, id=7388, stack(0x000000d817100000,0x000000d817200000) (1024K)]
  0x0000027a991e1880 JavaThread "Worker-2: Initialize Workspace"        [_thread_blocked, id=3256, stack(0x000000d817400000,0x000000d817500000) (1024K)]
  0x0000027a991e2c30 JavaThread "Java indexing"              daemon [_thread_blocked, id=21412, stack(0x000000d817500000,0x000000d817600000) (1024K)]
  0x0000027a991e1f10 JavaThread "Worker-3: Initialize workspace"        [_thread_blocked, id=14892, stack(0x000000d817800000,0x000000d817900000) (1024K)]
  0x0000027a991e25a0 JavaThread "Worker-4"                          [_thread_blocked, id=11240, stack(0x000000d817900000,0x000000d817a00000) (1024K)]
  0x0000027a991dfe40 JavaThread "Thread-1"                   daemon [_thread_in_native, id=9060, stack(0x000000d817a00000,0x000000d817b00000) (1024K)]
  0x0000027a991e0b60 JavaThread "Thread-2"                   daemon [_thread_in_native, id=3996, stack(0x000000d817b00000,0x000000d817c00000) (1024K)]
  0x0000027a988974f0 JavaThread "Thread-3"                   daemon [_thread_in_native, id=7776, stack(0x000000d817c00000,0x000000d817d00000) (1024K)]
  0x0000027a988988a0 JavaThread "Thread-4"                   daemon [_thread_in_native, id=8472, stack(0x000000d817d00000,0x000000d817e00000) (1024K)]
  0x0000027a98898f30 JavaThread "Thread-5"                   daemon [_thread_in_native, id=15136, stack(0x000000d817e00000,0x000000d817f00000) (1024K)]
  0x0000027a988967d0 JavaThread "Thread-6"                   daemon [_thread_in_native, id=3572, stack(0x000000d817f00000,0x000000d818000000) (1024K)]
  0x0000027a9889a2e0 JavaThread "Thread-7"                   daemon [_thread_in_native, id=5124, stack(0x000000d818000000,0x000000d818100000) (1024K)]
  0x0000027a98897b80 JavaThread "Thread-8"                   daemon [_thread_in_native, id=2004, stack(0x000000d818100000,0x000000d818200000) (1024K)]
  0x0000027a988995c0 JavaThread "Thread-9"                   daemon [_thread_in_native, id=17504, stack(0x000000d818200000,0x000000d818300000) (1024K)]
  0x0000027a98899c50 JavaThread "Thread-10"                  daemon [_thread_in_native, id=13668, stack(0x000000d818300000,0x000000d818400000) (1024K)]
  0x0000027a98896e60 JavaThread "Thread-11"                  daemon [_thread_in_native, id=15216, stack(0x000000d818400000,0x000000d818500000) (1024K)]
  0x0000027a9889a970 JavaThread "Thread-12"                  daemon [_thread_in_native, id=7988, stack(0x000000d818500000,0x000000d818600000) (1024K)]
  0x0000027a9889b000 JavaThread "Thread-13"                  daemon [_thread_in_native, id=9988, stack(0x000000d818600000,0x000000d818700000) (1024K)]
  0x0000027a9889b690 JavaThread "pool-2-thread-1"                   [_thread_blocked, id=13552, stack(0x000000d818700000,0x000000d818800000) (1024K)]
  0x0000027a98898210 JavaThread "WorkspaceEventsHandler"            [_thread_blocked, id=9420, stack(0x000000d818800000,0x000000d818900000) (1024K)]
=>0x0000027a9889d0d0 JavaThread "pool-1-thread-1"                   [_thread_in_vm, id=8596, stack(0x000000d818900000,0x000000d818a00000) (1024K)]
  0x0000027a9889bd20 JavaThread "ForkJoinPool.commonPool-worker-1" daemon [_thread_blocked, id=8656, stack(0x000000d818a00000,0x000000d818b00000) (1024K)]
  0x0000027a9889c3b0 JavaThread "ForkJoinPool.commonPool-worker-2" daemon [_thread_blocked, id=17572, stack(0x000000d818b00000,0x000000d818c00000) (1024K)]
  0x0000027a9889ca40 JavaThread "ForkJoinPool.commonPool-worker-3" daemon [_thread_blocked, id=16492, stack(0x000000d818c00000,0x000000d818d00000) (1024K)]
  0x0000027a9889d760 JavaThread "ForkJoinPool.commonPool-worker-4" daemon [_thread_blocked, id=13332, stack(0x000000d818d00000,0x000000d818e00000) (1024K)]
  0x0000027a9889ddf0 JavaThread "ForkJoinPool.commonPool-worker-5" daemon [_thread_blocked, id=17276, stack(0x000000d818e00000,0x000000d818f00000) (1024K)]
  0x0000027a994139d0 JavaThread "ForkJoinPool.commonPool-worker-6" daemon [_thread_blocked, id=21408, stack(0x000000d818f00000,0x000000d819000000) (1024K)]
  0x0000027a99414060 JavaThread "ForkJoinPool.commonPool-worker-7" daemon [_thread_blocked, id=1896, stack(0x000000d819000000,0x000000d819100000) (1024K)]
  0x0000027a99411f90 JavaThread "ForkJoinPool.commonPool-worker-8" daemon [_thread_blocked, id=18140, stack(0x000000d819100000,0x000000d819200000) (1024K)]
  0x0000027a99412620 JavaThread "ForkJoinPool.commonPool-worker-9" daemon [_thread_blocked, id=17120, stack(0x000000d819200000,0x000000d819300000) (1024K)]
  0x0000027a994146f0 JavaThread "ForkJoinPool.commonPool-worker-10" daemon [_thread_blocked, id=11152, stack(0x000000d819300000,0x000000d819400000) (1024K)]
  0x0000027a99414d80 JavaThread "ForkJoinPool.commonPool-worker-11" daemon [_thread_blocked, id=18356, stack(0x000000d819400000,0x000000d819500000) (1024K)]
Total: 52

Other Threads:
  0x0000027a39cb4970 VMThread "VM Thread"                           [id=13128, stack(0x000000d815400000,0x000000d815500000) (1024K)]
  0x0000027a39baca00 WatcherThread "VM Periodic Task Thread"        [id=9820, stack(0x000000d815300000,0x000000d815400000) (1024K)]
  0x0000027a39d3bb50 WorkerThread "GC Thread#0"                     [id=17168, stack(0x000000d815200000,0x000000d815300000) (1024K)]
  0x0000027a98927820 WorkerThread "GC Thread#1"                     [id=21440, stack(0x000000d816100000,0x000000d816200000) (1024K)]
  0x0000027a98927f80 WorkerThread "GC Thread#2"                     [id=15256, stack(0x000000d816200000,0x000000d816300000) (1024K)]
  0x0000027a98926d10 WorkerThread "GC Thread#3"                     [id=3440, stack(0x000000d816300000,0x000000d816400000) (1024K)]
  0x0000027a98927bd0 WorkerThread "GC Thread#4"                     [id=7760, stack(0x000000d816400000,0x000000d816500000) (1024K)]
  0x0000027a98928330 WorkerThread "GC Thread#5"                     [id=9560, stack(0x000000d816500000,0x000000d816600000) (1024K)]
  0x0000027a989286e0 WorkerThread "GC Thread#6"                     [id=20508, stack(0x000000d816600000,0x000000d816700000) (1024K)]
  0x0000027a98a58f70 WorkerThread "GC Thread#7"                     [id=12668, stack(0x000000d816800000,0x000000d816900000) (1024K)]
  0x0000027a98a59e30 WorkerThread "GC Thread#8"                     [id=2076, stack(0x000000d816c00000,0x000000d816d00000) (1024K)]
  0x0000027a98a59320 WorkerThread "GC Thread#9"                     [id=16388, stack(0x000000d816d00000,0x000000d816e00000) (1024K)]
Total: 12

Threads with active compile tasks:
Total: 0

VM state: not at safepoint (normal execution)

VM Mutex/Monitor currently owned by a thread:  ([mutex/lock_event])
[0x00007ffed484c4e0] Metaspace_lock - owner thread: 0x0000027a9889d0d0

OutOfMemory and StackOverflow Exception counts:
OutOfMemoryError java_heap_errors=1
LinkageErrors=112

Heap address: 0x0000000080000000, size: 2048 MB, Compressed Oops mode: 32-bit

CDS archive(s) mapped at: [0x0000027a51000000-0x0000027a51ba0000-0x0000027a51ba0000), size 12189696, SharedBaseAddress: 0x0000027a51000000, ArchiveRelocationMode: 1.
Compressed class space mapped at: 0x0000027a52000000-0x0000027a92000000, reserved size: 1073741824
Narrow klass base: 0x0000027a51000000, Narrow klass shift: 0, Narrow klass range: 0x100000000

GC Precious Log:
 CardTable entry size: 512
 CPUs: 12 total, 12 available
 Memory: 7501M
 Large Page Support: Disabled
 NUMA Support: Disabled
 Compressed Oops: Enabled (32-bit)
 Alignments: Space 512K, Generation 512K, Heap 2M
 Heap Min Capacity: 100M
 Heap Initial Capacity: 100M
 Heap Max Capacity: 2G
 Pre-touch: Disabled
 Parallel Workers: 10

Heap:
 PSYoungGen      total 11776K, used 3141K [0x00000000d5580000, 0x00000000d6200000, 0x0000000100000000)
  eden space 10752K, 25% used [0x00000000d5580000,0x00000000d58296c0,0x00000000d6000000)
  from space 1024K, 40% used [0x00000000d6000000,0x00000000d6068010,0x00000000d6100000)
  to   space 512K, 0% used [0x00000000d6180000,0x00000000d6180000,0x00000000d6200000)
 ParOldGen       total 68608K, used 51172K [0x0000000080000000, 0x0000000084300000, 0x00000000d5580000)
  object space 68608K, 74% used [0x0000000080000000,0x00000000831f9150,0x0000000084300000)
 Metaspace       used 52022K, committed 53376K, reserved 1114112K
  class space    used 5686K, committed 6272K, reserved 1048576K

Card table byte_map: [0x0000027a396c0000,0x0000027a39ad0000] _byte_map_base: 0x0000027a392c0000

Marking Bits: (ParMarkBitMap*) 0x00007ffed4853450
 Begin Bits: [0x0000027a4c1d0000, 0x0000027a4e1d0000)
 End Bits:   [0x0000027a4e1d0000, 0x0000027a501d0000)

Polling page: 0x0000027a37b00000

Metaspace:

Usage:
  Non-class:     45.25 MB used.
      Class:      5.55 MB used.
       Both:     50.80 MB used.

Virtual space:
  Non-class space:       64.00 MB reserved,      46.00 MB ( 72%) committed,  1 nodes.
      Class space:        1.00 GB reserved,       6.12 MB ( <1%) committed,  1 nodes.
             Both:        1.06 GB reserved,      52.12 MB (  5%) committed. 

Chunk freelists:
   Non-Class:  1.86 MB
       Class:  9.86 MB
        Both:  11.72 MB

MaxMetaspaceSize: unlimited
CompressedClassSpaceSize: 1.00 GB
Initial GC threshold: 21.00 MB
Current GC threshold: 58.38 MB
CDS: on
 - commit_granule_bytes: 65536.
 - commit_granule_words: 8192.
 - virtual_space_node_default_size: 8388608.
 - enlarge_chunks_in_place: 1.
 - use_allocation_guard: 0.


Internal statistics:

num_allocs_failed_limit: 6.
num_arena_births: 1028.
num_arena_deaths: 14.
num_vsnodes_births: 2.
num_vsnodes_deaths: 0.
num_space_committed: 834.
num_space_uncommitted: 0.
num_chunks_returned_to_freelist: 20.
num_chunks_taken_from_freelist: 3431.
num_chunk_merges: 12.
num_chunk_splits: 2106.
num_chunks_enlarged: 1181.
num_inconsistent_stats: 0.

CodeHeap 'non-profiled nmethods': size=120000Kb used=4141Kb max_used=4141Kb free=115858Kb
 bounds [0x0000027a449f0000, 0x0000027a44e00000, 0x0000027a4bf20000]
CodeHeap 'profiled nmethods': size=120000Kb used=14879Kb max_used=14879Kb free=105120Kb
 bounds [0x0000027a3cf20000, 0x0000027a3ddb0000, 0x0000027a44450000]
CodeHeap 'non-nmethods': size=5760Kb used=1390Kb max_used=1477Kb free=4369Kb
 bounds [0x0000027a44450000, 0x0000027a446c0000, 0x0000027a449f0000]
CodeCache: size=245760Kb, used=20410Kb, max_used=20497Kb, free=225347Kb
 total_blobs=7621, nmethods=6926, adapters=601, full_count=0
Compilation: enabled, stopped_count=0, restarted_count=0

Compilation events (20 events):
Event: 17.918 Thread 0x0000027a39dda8f0 7509       4       java.lang.Math::multiplyExact (74 bytes)
Event: 17.920 Thread 0x0000027a39dda8f0 nmethod 7509 0x0000027a44dfb090 code [0x0000027a44dfb220, 0x0000027a44dfb380]
Event: 17.922 Thread 0x0000027a39ddd6a0 7510       3       sun.net.www.protocol.file.FileURLConnection::<init> (38 bytes)
Event: 17.923 Thread 0x0000027a39ddd6a0 nmethod 7510 0x0000027a3dda0190 code [0x0000027a3dda0360, 0x0000027a3dda0748]
Event: 17.926 Thread 0x0000027a39ddd6a0 7511       3       java.util.jar.JarFile::<init> (95 bytes)
Event: 17.928 Thread 0x0000027a39ddd6a0 nmethod 7511 0x0000027a3dda0910 code [0x0000027a3dda0be0, 0x0000027a3dda1b98]
Event: 17.930 Thread 0x0000027a39ddd6a0 7512   !   3       java.util.jar.JarFile::getBytes (218 bytes)
Event: 17.933 Thread 0x0000027a39ddd6a0 nmethod 7512 0x0000027a3dda2090 code [0x0000027a3dda24a0, 0x0000027a3dda3ba8]
Event: 17.951 Thread 0x0000027a39ddd6a0 7513       3       jdk.internal.reflect.ConstructorAccessorImpl::<init> (5 bytes)
Event: 17.951 Thread 0x0000027a39ddd6a0 nmethod 7513 0x0000027a3dda4810 code [0x0000027a3dda49c0, 0x0000027a3dda4b88]
Event: 17.955 Thread 0x0000027a39ddd6a0 7514       3       jdk.internal.org.objectweb.asm.SymbolTable::hash (12 bytes)
Event: 17.956 Thread 0x0000027a39ddd6a0 nmethod 7514 0x0000027a3dda4c90 code [0x0000027a3dda4e40, 0x0000027a3dda4f78]
Event: 17.956 Thread 0x0000027a39ddd6a0 7515       3       jdk.internal.org.objectweb.asm.SymbolTable::addUninitializedType (103 bytes)
Event: 17.957 Thread 0x0000027a39ddd6a0 nmethod 7515 0x0000027a3dda5090 code [0x0000027a3dda52a0, 0x0000027a3dda5830]
Event: 17.963 Thread 0x0000027a39ddd6a0 7516       3       java.util.jar.JarFile::getManEntry (39 bytes)
Event: 17.964 Thread 0x0000027a39ddd6a0 nmethod 7516 0x0000027a3dda5b10 code [0x0000027a3dda5ce0, 0x0000027a3dda6058]
Event: 17.970 Thread 0x0000027a39ddd6a0 7517   !   3       sun.net.www.protocol.jar.Handler::parseAbsoluteSpec (81 bytes)
Event: 17.971 Thread 0x0000027a39ddd6a0 nmethod 7517 0x0000027a3dda6190 code [0x0000027a3dda64a0, 0x0000027a3dda71f8]
Event: 18.064 Thread 0x0000027a39ddd6a0 7518       3       java.util.zip.ZipFile::getEntryName (42 bytes)
Event: 18.064 Thread 0x0000027a39ddd6a0 nmethod 7518 0x0000027a3dda7790 code [0x0000027a3dda7960, 0x0000027a3dda7cc8]

GC Heap History (20 events):
Event: 14.843 GC heap before
{Heap before GC invocations=30 (full 2):
 PSYoungGen      total 14848K, used 14449K [0x00000000d5580000, 0x00000000d6680000, 0x0000000100000000)
  eden space 12800K, 100% used [0x00000000d5580000,0x00000000d6200000,0x00000000d6200000)
  from space 2048K, 80% used [0x00000000d6200000,0x00000000d639c410,0x00000000d6400000)
  to   space 2048K, 0% used [0x00000000d6480000,0x00000000d6480000,0x00000000d6680000)
 ParOldGen       total 68608K, used 39844K [0x0000000080000000, 0x0000000084300000, 0x00000000d5580000)
  object space 68608K, 58% used [0x0000000080000000,0x00000000826e9200,0x0000000084300000)
 Metaspace       used 48961K, committed 50304K, reserved 1114112K
  class space    used 5334K, committed 5888K, reserved 1048576K
}
Event: 14.848 GC heap after
{Heap after GC invocations=30 (full 2):
 PSYoungGen      total 14848K, used 1568K [0x00000000d5580000, 0x00000000d6680000, 0x0000000100000000)
  eden space 12800K, 0% used [0x00000000d5580000,0x00000000d5580000,0x00000000d6200000)
  from space 2048K, 76% used [0x00000000d6480000,0x00000000d6608010,0x00000000d6680000)
  to   space 2048K, 0% used [0x00000000d6200000,0x00000000d6200000,0x00000000d6400000)
 ParOldGen       total 68608K, used 41408K [0x0000000080000000, 0x0000000084300000, 0x00000000d5580000)
  object space 68608K, 60% used [0x0000000080000000,0x00000000828702f8,0x0000000084300000)
 Metaspace       used 48961K, committed 50304K, reserved 1114112K
  class space    used 5334K, committed 5888K, reserved 1048576K
}
Event: 14.962 GC heap before
{Heap before GC invocations=31 (full 2):
 PSYoungGen      total 14848K, used 14368K [0x00000000d5580000, 0x00000000d6680000, 0x0000000100000000)
  eden space 12800K, 100% used [0x00000000d5580000,0x00000000d6200000,0x00000000d6200000)
  from space 2048K, 76% used [0x00000000d6480000,0x00000000d6608010,0x00000000d6680000)
  to   space 2048K, 0% used [0x00000000d6200000,0x00000000d6200000,0x00000000d6400000)
 ParOldGen       total 68608K, used 41408K [0x0000000080000000, 0x0000000084300000, 0x00000000d5580000)
  object space 68608K, 60% used [0x0000000080000000,0x00000000828702f8,0x0000000084300000)
 Metaspace       used 48973K, committed 50304K, reserved 1114112K
  class space    used 5334K, committed 5888K, reserved 1048576K
}
Event: 14.966 GC heap after
{Heap after GC invocations=31 (full 2):
 PSYoungGen      total 14848K, used 1634K [0x00000000d5580000, 0x00000000d6600000, 0x0000000100000000)
  eden space 12800K, 0% used [0x00000000d5580000,0x00000000d5580000,0x00000000d6200000)
  from space 2048K, 79% used [0x00000000d6200000,0x00000000d6398800,0x00000000d6400000)
  to   space 2048K, 0% used [0x00000000d6400000,0x00000000d6400000,0x00000000d6600000)
 ParOldGen       total 68608K, used 42856K [0x0000000080000000, 0x0000000084300000, 0x00000000d5580000)
  object space 68608K, 62% used [0x0000000080000000,0x00000000829da308,0x0000000084300000)
 Metaspace       used 48973K, committed 50304K, reserved 1114112K
  class space    used 5334K, committed 5888K, reserved 1048576K
}
Event: 15.059 GC heap before
{Heap before GC invocations=32 (full 2):
 PSYoungGen      total 14848K, used 14434K [0x00000000d5580000, 0x00000000d6600000, 0x0000000100000000)
  eden space 12800K, 100% used [0x00000000d5580000,0x00000000d6200000,0x00000000d6200000)
  from space 2048K, 79% used [0x00000000d6200000,0x00000000d6398800,0x00000000d6400000)
  to   space 2048K, 0% used [0x00000000d6400000,0x00000000d6400000,0x00000000d6600000)
 ParOldGen       total 68608K, used 42856K [0x0000000080000000, 0x0000000084300000, 0x00000000d5580000)
  object space 68608K, 62% used [0x0000000080000000,0x00000000829da308,0x0000000084300000)
 Metaspace       used 48981K, committed 50304K, reserved 1114112K
  class space    used 5334K, committed 5888K, reserved 1048576K
}
Event: 15.064 GC heap after
{Heap after GC invocations=32 (full 2):
 PSYoungGen      total 14848K, used 1540K [0x00000000d5580000, 0x00000000d6600000, 0x0000000100000000)
  eden space 12800K, 0% used [0x00000000d5580000,0x00000000d5580000,0x00000000d6200000)
  from space 2048K, 75% used [0x00000000d6400000,0x00000000d6581000,0x00000000d6600000)
  to   space 2048K, 0% used [0x00000000d6200000,0x00000000d6200000,0x00000000d6400000)
 ParOldGen       total 68608K, used 44271K [0x0000000080000000, 0x0000000084300000, 0x00000000d5580000)
  object space 68608K, 64% used [0x0000000080000000,0x0000000082b3bcb8,0x0000000084300000)
 Metaspace       used 48981K, committed 50304K, reserved 1114112K
  class space    used 5334K, committed 5888K, reserved 1048576K
}
Event: 15.146 GC heap before
{Heap before GC invocations=33 (full 2):
 PSYoungGen      total 14848K, used 14340K [0x00000000d5580000, 0x00000000d6600000, 0x0000000100000000)
  eden space 12800K, 100% used [0x00000000d5580000,0x00000000d6200000,0x00000000d6200000)
  from space 2048K, 75% used [0x00000000d6400000,0x00000000d6581000,0x00000000d6600000)
  to   space 2048K, 0% used [0x00000000d6200000,0x00000000d6200000,0x00000000d6400000)
 ParOldGen       total 68608K, used 44271K [0x0000000080000000, 0x0000000084300000, 0x00000000d5580000)
  object space 68608K, 64% used [0x0000000080000000,0x0000000082b3bcb8,0x0000000084300000)
 Metaspace       used 48990K, committed 50304K, reserved 1114112K
  class space    used 5334K, committed 5888K, reserved 1048576K
}
Event: 15.150 GC heap after
{Heap after GC invocations=33 (full 2):
 PSYoungGen      total 14336K, used 1440K [0x00000000d5580000, 0x00000000d6500000, 0x0000000100000000)
  eden space 12800K, 0% used [0x00000000d5580000,0x00000000d5580000,0x00000000d6200000)
  from space 1536K, 93% used [0x00000000d6200000,0x00000000d6368000,0x00000000d6380000)
  to   space 1536K, 0% used [0x00000000d6380000,0x00000000d6380000,0x00000000d6500000)
 ParOldGen       total 68608K, used 45703K [0x0000000080000000, 0x0000000084300000, 0x00000000d5580000)
  object space 68608K, 66% used [0x0000000080000000,0x0000000082ca1db8,0x0000000084300000)
 Metaspace       used 48990K, committed 50304K, reserved 1114112K
  class space    used 5334K, committed 5888K, reserved 1048576K
}
Event: 15.353 GC heap before
{Heap before GC invocations=34 (full 2):
 PSYoungGen      total 14336K, used 14240K [0x00000000d5580000, 0x00000000d6500000, 0x0000000100000000)
  eden space 12800K, 100% used [0x00000000d5580000,0x00000000d6200000,0x00000000d6200000)
  from space 1536K, 93% used [0x00000000d6200000,0x00000000d6368000,0x00000000d6380000)
  to   space 1536K, 0% used [0x00000000d6380000,0x00000000d6380000,0x00000000d6500000)
 ParOldGen       total 68608K, used 45703K [0x0000000080000000, 0x0000000084300000, 0x00000000d5580000)
  object space 68608K, 66% used [0x0000000080000000,0x0000000082ca1db8,0x0000000084300000)
 Metaspace       used 49017K, committed 50368K, reserved 1114112K
  class space    used 5335K, committed 5888K, reserved 1048576K
}
Event: 15.358 GC heap after
{Heap after GC invocations=34 (full 2):
 PSYoungGen      total 12288K, used 1504K [0x00000000d5580000, 0x00000000d6900000, 0x0000000100000000)
  eden space 10752K, 0% used [0x00000000d5580000,0x00000000d5580000,0x00000000d6000000)
  from space 1536K, 97% used [0x00000000d6380000,0x00000000d64f8010,0x00000000d6500000)
  to   space 3584K, 0% used [0x00000000d6000000,0x00000000d6000000,0x00000000d6380000)
 ParOldGen       total 68608K, used 47039K [0x0000000080000000, 0x0000000084300000, 0x00000000d5580000)
  object space 68608K, 68% used [0x0000000080000000,0x0000000082defdb8,0x0000000084300000)
 Metaspace       used 49017K, committed 50368K, reserved 1114112K
  class space    used 5335K, committed 5888K, reserved 1048576K
}
Event: 15.585 GC heap before
{Heap before GC invocations=35 (full 2):
 PSYoungGen      total 12288K, used 12256K [0x00000000d5580000, 0x00000000d6900000, 0x0000000100000000)
  eden space 10752K, 100% used [0x00000000d5580000,0x00000000d6000000,0x00000000d6000000)
  from space 1536K, 97% used [0x00000000d6380000,0x00000000d64f8010,0x00000000d6500000)
  to   space 3584K, 0% used [0x00000000d6000000,0x00000000d6000000,0x00000000d6380000)
 ParOldGen       total 68608K, used 47039K [0x0000000080000000, 0x0000000084300000, 0x00000000d5580000)
  object space 68608K, 68% used [0x0000000080000000,0x0000000082defdb8,0x0000000084300000)
 Metaspace       used 49022K, committed 50368K, reserved 1114112K
  class space    used 5335K, committed 5888K, reserved 1048576K
}
Event: 15.592 GC heap after
{Heap after GC invocations=35 (full 2):
 PSYoungGen      total 12288K, used 1208K [0x00000000d5580000, 0x00000000d6400000, 0x0000000100000000)
  eden space 10752K, 0% used [0x00000000d5580000,0x00000000d5580000,0x00000000d6000000)
  from space 1536K, 78% used [0x00000000d6000000,0x00000000d612e200,0x00000000d6180000)
  to   space 2048K, 0% used [0x00000000d6200000,0x00000000d6200000,0x00000000d6400000)
 ParOldGen       total 68608K, used 48463K [0x0000000080000000, 0x0000000084300000, 0x00000000d5580000)
  object space 68608K, 70% used [0x0000000080000000,0x0000000082f53dc8,0x0000000084300000)
 Metaspace       used 49022K, committed 50368K, reserved 1114112K
  class space    used 5335K, committed 5888K, reserved 1048576K
}
Event: 15.835 GC heap before
{Heap before GC invocations=36 (full 2):
 PSYoungGen      total 12288K, used 11909K [0x00000000d5580000, 0x00000000d6400000, 0x0000000100000000)
  eden space 10752K, 99% used [0x00000000d5580000,0x00000000d5ff3250,0x00000000d6000000)
  from space 1536K, 78% used [0x00000000d6000000,0x00000000d612e200,0x00000000d6180000)
  to   space 2048K, 0% used [0x00000000d6200000,0x00000000d6200000,0x00000000d6400000)
 ParOldGen       total 68608K, used 48463K [0x0000000080000000, 0x0000000084300000, 0x00000000d5580000)
  object space 68608K, 70% used [0x0000000080000000,0x0000000082f53dc8,0x0000000084300000)
 Metaspace       used 49097K, committed 50432K, reserved 1114112K
  class space    used 5346K, committed 5888K, reserved 1048576K
}
Event: 15.840 GC heap after
{Heap after GC invocations=36 (full 2):
 PSYoungGen      total 12288K, used 1317K [0x00000000d5580000, 0x00000000d6380000, 0x0000000100000000)
  eden space 10752K, 0% used [0x00000000d5580000,0x00000000d5580000,0x00000000d6000000)
  from space 1536K, 85% used [0x00000000d6200000,0x00000000d6349470,0x00000000d6380000)
  to   space 1536K, 0% used [0x00000000d6000000,0x00000000d6000000,0x00000000d6180000)
 ParOldGen       total 68608K, used 49551K [0x0000000080000000, 0x0000000084300000, 0x00000000d5580000)
  object space 68608K, 72% used [0x0000000080000000,0x0000000083063fc8,0x0000000084300000)
 Metaspace       used 49097K, committed 50432K, reserved 1114112K
  class space    used 5346K, committed 5888K, reserved 1048576K
}
Event: 16.633 GC heap before
{Heap before GC invocations=37 (full 2):
 PSYoungGen      total 12288K, used 12069K [0x00000000d5580000, 0x00000000d6380000, 0x0000000100000000)
  eden space 10752K, 100% used [0x00000000d5580000,0x00000000d6000000,0x00000000d6000000)
  from space 1536K, 85% used [0x00000000d6200000,0x00000000d6349470,0x00000000d6380000)
  to   space 1536K, 0% used [0x00000000d6000000,0x00000000d6000000,0x00000000d6180000)
 ParOldGen       total 68608K, used 49551K [0x0000000080000000, 0x0000000084300000, 0x00000000d5580000)
  object space 68608K, 72% used [0x0000000080000000,0x0000000083063fc8,0x0000000084300000)
 Metaspace       used 50351K, committed 51648K, reserved 1114112K
  class space    used 5517K, committed 6080K, reserved 1048576K
}
Event: 16.640 GC heap after
{Heap after GC invocations=37 (full 2):
 PSYoungGen      total 12288K, used 1011K [0x00000000d5580000, 0x00000000d6300000, 0x0000000100000000)
  eden space 10752K, 0% used [0x00000000d5580000,0x00000000d5580000,0x00000000d6000000)
  from space 1536K, 65% used [0x00000000d6000000,0x00000000d60fcde8,0x00000000d6180000)
  to   space 1536K, 0% used [0x00000000d6180000,0x00000000d6180000,0x00000000d6300000)
 ParOldGen       total 68608K, used 50466K [0x0000000080000000, 0x0000000084300000, 0x00000000d5580000)
  object space 68608K, 73% used [0x0000000080000000,0x0000000083148928,0x0000000084300000)
 Metaspace       used 50351K, committed 51648K, reserved 1114112K
  class space    used 5517K, committed 6080K, reserved 1048576K
}
Event: 17.297 GC heap before
{Heap before GC invocations=38 (full 2):
 PSYoungGen      total 12288K, used 11763K [0x00000000d5580000, 0x00000000d6300000, 0x0000000100000000)
  eden space 10752K, 100% used [0x00000000d5580000,0x00000000d6000000,0x00000000d6000000)
  from space 1536K, 65% used [0x00000000d6000000,0x00000000d60fcde8,0x00000000d6180000)
  to   space 1536K, 0% used [0x00000000d6180000,0x00000000d6180000,0x00000000d6300000)
 ParOldGen       total 68608K, used 50466K [0x0000000080000000, 0x0000000084300000, 0x00000000d5580000)
  object space 68608K, 73% used [0x0000000080000000,0x0000000083148928,0x0000000084300000)
 Metaspace       used 51300K, committed 52672K, reserved 1114112K
  class space    used 5617K, committed 6208K, reserved 1048576K
}
Event: 17.300 GC heap after
{Heap after GC invocations=38 (full 2):
 PSYoungGen      total 11264K, used 384K [0x00000000d5580000, 0x00000000d6200000, 0x0000000100000000)
  eden space 10752K, 0% used [0x00000000d5580000,0x00000000d5580000,0x00000000d6000000)
  from space 512K, 75% used [0x00000000d6180000,0x00000000d61e0010,0x00000000d6200000)
  to   space 1024K, 0% used [0x00000000d6000000,0x00000000d6000000,0x00000000d6100000)
 ParOldGen       total 68608K, used 51036K [0x0000000080000000, 0x0000000084300000, 0x00000000d5580000)
  object space 68608K, 74% used [0x0000000080000000,0x00000000831d7150,0x0000000084300000)
 Metaspace       used 51300K, committed 52672K, reserved 1114112K
  class space    used 5617K, committed 6208K, reserved 1048576K
}
Event: 17.991 GC heap before
{Heap before GC invocations=39 (full 2):
 PSYoungGen      total 11264K, used 11136K [0x00000000d5580000, 0x00000000d6200000, 0x0000000100000000)
  eden space 10752K, 100% used [0x00000000d5580000,0x00000000d6000000,0x00000000d6000000)
  from space 512K, 75% used [0x00000000d6180000,0x00000000d61e0010,0x00000000d6200000)
  to   space 1024K, 0% used [0x00000000d6000000,0x00000000d6000000,0x00000000d6100000)
 ParOldGen       total 68608K, used 51036K [0x0000000080000000, 0x0000000084300000, 0x00000000d5580000)
  object space 68608K, 74% used [0x0000000080000000,0x00000000831d7150,0x0000000084300000)
 Metaspace       used 51919K, committed 53312K, reserved 1114112K
  class space    used 5675K, committed 6272K, reserved 1048576K
}
Event: 17.993 GC heap after
{Heap after GC invocations=39 (full 2):
 PSYoungGen      total 11776K, used 416K [0x00000000d5580000, 0x00000000d6200000, 0x0000000100000000)
  eden space 10752K, 0% used [0x00000000d5580000,0x00000000d5580000,0x00000000d6000000)
  from space 1024K, 40% used [0x00000000d6000000,0x00000000d6068010,0x00000000d6100000)
  to   space 512K, 0% used [0x00000000d6180000,0x00000000d6180000,0x00000000d6200000)
 ParOldGen       total 68608K, used 51172K [0x0000000080000000, 0x0000000084300000, 0x00000000d5580000)
  object space 68608K, 74% used [0x0000000080000000,0x00000000831f9150,0x0000000084300000)
 Metaspace       used 51919K, committed 53312K, reserved 1114112K
  class space    used 5675K, committed 6272K, reserved 1048576K
}

Dll operation events (10 events):
Event: 0.020 Loaded shared library c:\Users\kalra\.vscode\extensions\redhat.java-1.53.0-win32-x64\jre\21.0.10-win32-x86_64\bin\java.dll
Event: 0.181 Loaded shared library c:\Users\kalra\.vscode\extensions\redhat.java-1.53.0-win32-x64\jre\21.0.10-win32-x86_64\bin\zip.dll
Event: 0.231 Loaded shared library C:\Users\kalra\.vscode\extensions\redhat.java-1.53.0-win32-x64\jre\21.0.10-win32-x86_64\bin\instrument.dll
Event: 0.244 Loaded shared library C:\Users\kalra\.vscode\extensions\redhat.java-1.53.0-win32-x64\jre\21.0.10-win32-x86_64\bin\net.dll
Event: 0.250 Loaded shared library C:\Users\kalra\.vscode\extensions\redhat.java-1.53.0-win32-x64\jre\21.0.10-win32-x86_64\bin\nio.dll
Event: 0.259 Loaded shared library C:\Users\kalra\.vscode\extensions\redhat.java-1.53.0-win32-x64\jre\21.0.10-win32-x86_64\bin\zip.dll
Event: 0.305 Loaded shared library C:\Users\kalra\.vscode\extensions\redhat.java-1.53.0-win32-x64\jre\21.0.10-win32-x86_64\bin\jimage.dll
Event: 0.517 Loaded shared library c:\Users\kalra\.vscode\extensions\redhat.java-1.53.0-win32-x64\jre\21.0.10-win32-x86_64\bin\verify.dll
Event: 2.766 Loaded shared library C:\Users\kalra\AppData\Roaming\Code\User\globalStorage\redhat.java\1.53.0\config_win\org.eclipse.equinox.launcher\org.eclipse.equinox.launcher.win32.win32.x86_64_1.3.0.v20260203-2149\eclipse_11919.dll
Event: 5.939 Loaded shared library C:\Users\kalra\AppData\Local\Temp\jna-101813893\jna14688304726852746369.dll

Deoptimization events (20 events):
Event: 16.670 Thread 0x0000027a9889d0d0 DEOPT PACKING pc=0x0000027a44dc041c sp=0x000000d8189fc890
Event: 16.670 Thread 0x0000027a9889d0d0 DEOPT UNPACKING pc=0x0000027a444a3aa2 sp=0x000000d8189fc830 mode 2
Event: 16.990 Thread 0x0000027a9889d0d0 DEOPT PACKING pc=0x0000027a3d78680d sp=0x000000d8189fca70
Event: 16.990 Thread 0x0000027a9889d0d0 DEOPT UNPACKING pc=0x0000027a444a4242 sp=0x000000d8189fbf20 mode 0
Event: 17.036 Thread 0x0000027a9889d0d0 DEOPT PACKING pc=0x0000027a3d78680d sp=0x000000d8189f9210
Event: 17.036 Thread 0x0000027a9889d0d0 DEOPT UNPACKING pc=0x0000027a444a4242 sp=0x000000d8189f86c0 mode 0
Event: 17.113 Thread 0x0000027a9889d0d0 DEOPT PACKING pc=0x0000027a3d78680d sp=0x000000d8189f9210
Event: 17.113 Thread 0x0000027a9889d0d0 DEOPT UNPACKING pc=0x0000027a444a4242 sp=0x000000d8189f86c0 mode 0
Event: 17.116 Thread 0x0000027a9889d0d0 DEOPT PACKING pc=0x0000027a3cfc5f78 sp=0x000000d8189f8ff0
Event: 17.116 Thread 0x0000027a9889d0d0 DEOPT UNPACKING pc=0x0000027a444a4242 sp=0x000000d8189f84d8 mode 0
Event: 17.180 Thread 0x0000027a9889d0d0 DEOPT PACKING pc=0x0000027a3d78680d sp=0x000000d8189f9210
Event: 17.180 Thread 0x0000027a9889d0d0 DEOPT UNPACKING pc=0x0000027a444a4242 sp=0x000000d8189f86c0 mode 0
Event: 17.200 Thread 0x0000027a9889d0d0 DEOPT PACKING pc=0x0000027a3d24c5c6 sp=0x000000d8189f87d0
Event: 17.200 Thread 0x0000027a9889d0d0 DEOPT UNPACKING pc=0x0000027a444a4242 sp=0x000000d8189f7d50 mode 0
Event: 17.375 Thread 0x0000027a9889d0d0 DEOPT PACKING pc=0x0000027a3d15e77b sp=0x000000d8189fb070
Event: 17.375 Thread 0x0000027a9889d0d0 DEOPT UNPACKING pc=0x0000027a444a4242 sp=0x000000d8189fa5a8 mode 0
Event: 17.779 Thread 0x0000027a9889d0d0 Uncommon trap: trap_request=0xffffffcc fr.pc=0x0000027a44dfa1fc relative=0x000000000000013c
Event: 17.779 Thread 0x0000027a9889d0d0 Uncommon trap: reason=intrinsic_or_type_checked_inlining action=make_not_entrant pc=0x0000027a44dfa1fc method=java.util.ArrayList.toArray([Ljava/lang/Object;)[Ljava/lang/Object; @ 36 c2
Event: 17.779 Thread 0x0000027a9889d0d0 DEOPT PACKING pc=0x0000027a44dfa1fc sp=0x000000d8189fcfd0
Event: 17.779 Thread 0x0000027a9889d0d0 DEOPT UNPACKING pc=0x0000027a444a3aa2 sp=0x000000d8189fcf70 mode 2

Classes loaded (20 events):
Event: 14.210 Loading class java/nio/file/ClosedDirectoryStreamException
Event: 14.210 Loading class java/nio/file/ClosedDirectoryStreamException done
Event: 14.211 Loading class jdk/internal/jrtfs/JrtFileSystem
Event: 14.212 Loading class jdk/internal/jrtfs/JrtFileSystem done
Event: 14.212 Loading class jdk/internal/jrtfs/JrtPath
Event: 14.213 Loading class jdk/internal/jrtfs/JrtPath done
Event: 14.213 Loading class jdk/internal/jimage/ImageReader$Node
Event: 14.214 Loading class jdk/internal/jimage/ImageReader$Node done
Event: 14.245 Loading class java/nio/ByteBufferAsIntBufferL
Event: 14.245 Loading class java/nio/ByteBufferAsIntBufferL done
Event: 14.250 Loading class jdk/internal/jimage/ImageReader$Directory
Event: 14.250 Loading class jdk/internal/jimage/ImageReader$Directory done
Event: 14.699 Loading class java/util/AbstractList$ListItr
Event: 14.700 Loading class java/util/AbstractList$ListItr done
Event: 14.720 Loading class java/nio/channels/Channels$ReadableByteChannelImpl
Event: 14.721 Loading class java/nio/channels/Channels$ReadableByteChannelImpl done
Event: 14.722 Loading class java/nio/channels/NonWritableChannelException
Event: 14.722 Loading class java/nio/channels/NonWritableChannelException done
Event: 17.491 Loading class java/util/Vector$1
Event: 17.492 Loading class java/util/Vector$1 done

Classes unloaded (7 events):
Event: 7.216 Thread 0x0000027a39cb4970 Unloading class 0x0000027a521a9400 'java/lang/invoke/LambdaForm$MH+0x0000027a521a9400'
Event: 7.216 Thread 0x0000027a39cb4970 Unloading class 0x0000027a521a9000 'java/lang/invoke/LambdaForm$MH+0x0000027a521a9000'
Event: 7.216 Thread 0x0000027a39cb4970 Unloading class 0x0000027a521a8c00 'java/lang/invoke/LambdaForm$MH+0x0000027a521a8c00'
Event: 7.216 Thread 0x0000027a39cb4970 Unloading class 0x0000027a521a8800 'java/lang/invoke/LambdaForm$MH+0x0000027a521a8800'
Event: 7.216 Thread 0x0000027a39cb4970 Unloading class 0x0000027a521a8400 'java/lang/invoke/LambdaForm$BMH+0x0000027a521a8400'
Event: 7.216 Thread 0x0000027a39cb4970 Unloading class 0x0000027a521a8000 'java/lang/invoke/LambdaForm$DMH+0x0000027a521a8000'
Event: 7.216 Thread 0x0000027a39cb4970 Unloading class 0x0000027a521a6c00 'java/lang/invoke/LambdaForm$DMH+0x0000027a521a6c00'

Classes redefined (0 events):
No events

Internal exceptions (20 events):
Event: 13.504 Thread 0x0000027a991e1880 Exception <a 'sun/nio/fs/WindowsException'{0x00000000d5940138}> (0x00000000d5940138) 
thrown [s\src\hotspot\share\prims\jni.cpp, line 520]
Event: 13.504 Thread 0x0000027a991e1880 Exception <a 'sun/nio/fs/WindowsException'{0x00000000d59407f8}> (0x00000000d59407f8) 
thrown [s\src\hotspot\share\prims\jni.cpp, line 520]
Event: 13.504 Thread 0x0000027a991e1880 Exception <a 'sun/nio/fs/WindowsException'{0x00000000d5940eb8}> (0x00000000d5940eb8) 
thrown [s\src\hotspot\share\prims\jni.cpp, line 520]
Event: 13.504 Thread 0x0000027a991e1880 Exception <a 'sun/nio/fs/WindowsException'{0x00000000d5941598}> (0x00000000d5941598) 
thrown [s\src\hotspot\share\prims\jni.cpp, line 520]
Event: 13.505 Thread 0x0000027a991e1880 Exception <a 'sun/nio/fs/WindowsException'{0x00000000d5944ab0}> (0x00000000d5944ab0) 
thrown [s\src\hotspot\share\prims\jni.cpp, line 520]
Event: 13.505 Thread 0x0000027a991e1880 Exception <a 'sun/nio/fs/WindowsException'{0x00000000d59450a0}> (0x00000000d59450a0) 
thrown [s\src\hotspot\share\prims\jni.cpp, line 520]
Event: 13.505 Thread 0x0000027a991e1880 Exception <a 'sun/nio/fs/WindowsException'{0x00000000d5945690}> (0x00000000d5945690) 
thrown [s\src\hotspot\share\prims\jni.cpp, line 520]
Event: 13.505 Thread 0x0000027a991e1880 Exception <a 'sun/nio/fs/WindowsException'{0x00000000d5945c98}> (0x00000000d5945c98) 
thrown [s\src\hotspot\share\prims\jni.cpp, line 520]
Event: 13.507 Thread 0x0000027a991e1880 Exception <a 'sun/nio/fs/WindowsException'{0x00000000d59492c8}> (0x00000000d59492c8) 
thrown [s\src\hotspot\share\prims\jni.cpp, line 520]
Event: 13.507 Thread 0x0000027a991e1880 Exception <a 'sun/nio/fs/WindowsException'{0x00000000d59498c8}> (0x00000000d59498c8) 
thrown [s\src\hotspot\share\prims\jni.cpp, line 520]
Event: 13.507 Thread 0x0000027a991e1880 Exception <a 'sun/nio/fs/WindowsException'{0x00000000d5949ec8}> (0x00000000d5949ec8) 
thrown [s\src\hotspot\share\prims\jni.cpp, line 520]
Event: 13.507 Thread 0x0000027a991e1880 Exception <a 'sun/nio/fs/WindowsException'{0x00000000d594a4e8}> (0x00000000d594a4e8) 
thrown [s\src\hotspot\share\prims\jni.cpp, line 520]
Event: 13.508 Thread 0x0000027a991e1880 Exception <a 'sun/nio/fs/WindowsException'{0x00000000d594db50}> (0x00000000d594db50) 
thrown [s\src\hotspot\share\prims\jni.cpp, line 520]
Event: 13.508 Thread 0x0000027a991e1880 Exception <a 'sun/nio/fs/WindowsException'{0x00000000d594e1a0}> (0x00000000d594e1a0) 
thrown [s\src\hotspot\share\prims\jni.cpp, line 520]
Event: 13.508 Thread 0x0000027a991e1880 Exception <a 'sun/nio/fs/WindowsException'{0x00000000d594e7f0}> (0x00000000d594e7f0) 
thrown [s\src\hotspot\share\prims\jni.cpp, line 520]
Event: 13.508 Thread 0x0000027a991e1880 Exception <a 'sun/nio/fs/WindowsException'{0x00000000d594ee58}> (0x00000000d594ee58) 
thrown [s\src\hotspot\share\prims\jni.cpp, line 520]
Event: 14.190 Thread 0x0000027a9889d0d0 Implicit null exception at 0x0000027a44c8a283 to 0x0000027a44c8a504
Event: 14.194 Thread 0x0000027a9889d0d0 Exception <a 'java/lang/NoSuchMethodError'{0x00000000d5875ba0}: 'java.lang.Object java.lang.invoke.DelegatingMethodHandle$Holder.reinvoke_L(java.lang.Object, int, long, java.lang.Object, java.lang.Object, int, java.lang.Object)'> (0x00000000d5875ba0) 
thrown [s\src\hotspot\share\interpreter\linkResolver.cpp, line 773]
Event: 16.546 Thread 0x0000027a9889d0d0 Exception <a 'java/lang/NoSuchMethodError'{0x00000000d5f026d8}: 'java.lang.Object java.lang.invoke.DirectMethodHandle$Holder.invokeVirtual(java.lang.Object, java.lang.Object, int)'> (0x00000000d5f026d8) 
thrown [s\src\hotspot\share\interpreter\linkResolver.cpp, line 773]
Event: 18.068 Thread 0x0000027a9889d0d0 Exception <a 'java/lang/OutOfMemoryError'{0x00000000d57a0d60}> (0x00000000d57a0d60) 
thrown [s\src\hotspot\share\prims\jni.cpp, line 539]

ZGC Phase Switch (0 events):
No events

VM Operations (20 events):
Event: 14.962 Executing safepoint VM operation: ParallelGCFailedAllocation (Allocation Failure)
Event: 14.966 Executing safepoint VM operation: ParallelGCFailedAllocation (Allocation Failure) done
Event: 15.059 Executing safepoint VM operation: ParallelGCFailedAllocation (Allocation Failure)
Event: 15.064 Executing safepoint VM operation: ParallelGCFailedAllocation (Allocation Failure) done
Event: 15.146 Executing safepoint VM operation: ParallelGCFailedAllocation (Allocation Failure)
Event: 15.151 Executing safepoint VM operation: ParallelGCFailedAllocation (Allocation Failure) done
Event: 15.353 Executing safepoint VM operation: ParallelGCFailedAllocation (Allocation Failure)
Event: 15.359 Executing safepoint VM operation: ParallelGCFailedAllocation (Allocation Failure) done
Event: 15.585 Executing safepoint VM operation: ParallelGCFailedAllocation (Allocation Failure)
Event: 15.592 Executing safepoint VM operation: ParallelGCFailedAllocation (Allocation Failure) done
Event: 15.835 Executing safepoint VM operation: ParallelGCFailedAllocation (Allocation Failure)
Event: 15.840 Executing safepoint VM operation: ParallelGCFailedAllocation (Allocation Failure) done
Event: 16.593 Executing non-safepoint VM operation: HandshakeAllThreads (Deoptimize)
Event: 16.594 Executing non-safepoint VM operation: HandshakeAllThreads (Deoptimize) done
Event: 16.633 Executing safepoint VM operation: ParallelGCFailedAllocation (Allocation Failure)
Event: 16.640 Executing safepoint VM operation: ParallelGCFailedAllocation (Allocation Failure) done
Event: 17.297 Executing safepoint VM operation: ParallelGCFailedAllocation (Allocation Failure)
Event: 17.300 Executing safepoint VM operation: ParallelGCFailedAllocation (Allocation Failure) done
Event: 17.991 Executing safepoint VM operation: ParallelGCFailedAllocation (Allocation Failure)
Event: 17.993 Executing safepoint VM operation: ParallelGCFailedAllocation (Allocation Failure) done

Memory protections (0 events):
No events

Nmethod flushes (20 events):
Event: 9.457 Thread 0x0000027a39cb4970 flushing  nmethod 0x0000027a3d55c690
Event: 9.457 Thread 0x0000027a39cb4970 flushing  nmethod 0x0000027a3d55e090
Event: 9.457 Thread 0x0000027a39cb4970 flushing  nmethod 0x0000027a3d55e810
Event: 9.457 Thread 0x0000027a39cb4970 flushing  nmethod 0x0000027a3d55f190
Event: 9.457 Thread 0x0000027a39cb4970 flushing  nmethod 0x0000027a3d55f690
Event: 9.457 Thread 0x0000027a39cb4970 flushing  nmethod 0x0000027a3d55fb90
Event: 9.457 Thread 0x0000027a39cb4970 flushing  nmethod 0x0000027a3d560b90
Event: 9.457 Thread 0x0000027a39cb4970 flushing  nmethod 0x0000027a3d561910
Event: 9.457 Thread 0x0000027a39cb4970 flushing  nmethod 0x0000027a3d563390
Event: 9.457 Thread 0x0000027a39cb4970 flushing  nmethod 0x0000027a3d564b10
Event: 9.457 Thread 0x0000027a39cb4970 flushing  nmethod 0x0000027a3d580510
Event: 9.457 Thread 0x0000027a39cb4970 flushing  nmethod 0x0000027a3d59e190
Event: 9.457 Thread 0x0000027a39cb4970 flushing  nmethod 0x0000027a3d59f290
Event: 9.457 Thread 0x0000027a39cb4970 flushing  nmethod 0x0000027a3d5a8210
Event: 9.457 Thread 0x0000027a39cb4970 flushing  nmethod 0x0000027a3d5af010
Event: 9.457 Thread 0x0000027a39cb4970 flushing  nmethod 0x0000027a3d5e6e90
Event: 9.457 Thread 0x0000027a39cb4970 flushing  nmethod 0x0000027a3d60d390
Event: 9.457 Thread 0x0000027a39cb4970 flushing  nmethod 0x0000027a3d61e990
Event: 9.457 Thread 0x0000027a39cb4970 flushing  nmethod 0x0000027a3d65d310
Event: 9.457 Thread 0x0000027a39cb4970 flushing  nmethod 0x0000027a3d67ad90

Events (20 events):
Event: 9.519 Thread 0x0000027a39d1d270 Thread added: 0x0000027a98899c50
Event: 9.519 Thread 0x0000027a39d1d270 Thread added: 0x0000027a98896e60
Event: 9.519 Thread 0x0000027a39d1d270 Thread added: 0x0000027a9889a970
Event: 9.519 Thread 0x0000027a39d1d270 Thread added: 0x0000027a9889b000
Event: 9.563 Thread 0x0000027a39d1d270 Thread added: 0x0000027a9889b690
Event: 9.995 Thread 0x0000027a39d1d270 Thread added: 0x0000027a98898210
Event: 9.995 Thread 0x0000027a39d1d270 Thread added: 0x0000027a9889d0d0
Event: 10.149 Thread 0x0000027a991e1880 Thread added: 0x0000027a9889bd20
Event: 10.150 Thread 0x0000027a991e1880 Thread added: 0x0000027a9889c3b0
Event: 10.150 Thread 0x0000027a9889bd20 Thread added: 0x0000027a9889ca40
Event: 10.151 Thread 0x0000027a9889ca40 Thread added: 0x0000027a9889d760
Event: 10.152 Thread 0x0000027a9889c3b0 Thread added: 0x0000027a9889ddf0
Event: 10.152 Thread 0x0000027a9889d760 Thread added: 0x0000027a994139d0
Event: 10.156 Thread 0x0000027a9889ddf0 Thread added: 0x0000027a99414060
Event: 10.159 Thread 0x0000027a99414060 Thread added: 0x0000027a99411f90
Event: 10.160 Thread 0x0000027a994139d0 Thread added: 0x0000027a99412620
Event: 10.161 Thread 0x0000027a99411f90 Thread added: 0x0000027a994146f0
Event: 10.163 Thread 0x0000027a99412620 Thread added: 0x0000027a99414d80
Event: 17.670 Thread 0x0000027a9876d560 Thread exited: 0x0000027a9876d560
Event: 17.670 Thread 0x0000027a99190020 Thread exited: 0x0000027a99190020


Dynamic libraries:
0x00007ff68d540000 - 0x00007ff68d54e000 	c:\Users\kalra\.vscode\extensions\redhat.java-1.53.0-win32-x64\jre\21.0.10-win32-x86_64\bin\java.exe
0x00007fff8a940000 - 0x00007fff8aba7000 	C:\WINDOWS\SYSTEM32\ntdll.dll
0x00007fff89670000 - 0x00007fff89739000 	C:\WINDOWS\System32\KERNEL32.DLL
0x00007fff88170000 - 0x00007fff88561000 	C:\WINDOWS\System32\KERNELBASE.dll
0x00007fff87ff0000 - 0x00007fff8813b000 	C:\WINDOWS\System32\ucrtbase.dll
0x00007fff61980000 - 0x00007fff6199e000 	c:\Users\kalra\.vscode\extensions\redhat.java-1.53.0-win32-x64\jre\21.0.10-win32-x86_64\bin\VCRUNTIME140.dll
0x00007fff65640000 - 0x00007fff65658000 	c:\Users\kalra\.vscode\extensions\redhat.java-1.53.0-win32-x64\jre\21.0.10-win32-x86_64\bin\jli.dll
0x00007fff899a0000 - 0x00007fff89b65000 	C:\WINDOWS\System32\USER32.dll
0x00007fff6aee0000 - 0x00007fff6b173000 	C:\WINDOWS\WinSxS\amd64_microsoft.windows.common-controls_6595b64144ccf1df_6.0.26100.8037_none_3e092faae333b53b\COMCTL32.dll
0x00007fff88140000 - 0x00007fff88167000 	C:\WINDOWS\System32\win32u.dll
0x00007fff89750000 - 0x00007fff897f9000 	C:\WINDOWS\System32\msvcrt.dll
0x00007fff89180000 - 0x00007fff891ab000 	C:\WINDOWS\System32\GDI32.dll
0x00007fff87220000 - 0x00007fff8734b000 	C:\WINDOWS\System32\gdi32full.dll
0x00007fff87eb0000 - 0x00007fff87f53000 	C:\WINDOWS\System32\msvcp_win.dll
0x00007fff89110000 - 0x00007fff89141000 	C:\WINDOWS\System32\IMM32.DLL
0x00007fff68a60000 - 0x00007fff68a6c000 	c:\Users\kalra\.vscode\extensions\redhat.java-1.53.0-win32-x64\jre\21.0.10-win32-x86_64\bin\vcruntime140_1.dll
0x00007fff151c0000 - 0x00007fff1524d000 	c:\Users\kalra\.vscode\extensions\redhat.java-1.53.0-win32-x64\jre\21.0.10-win32-x86_64\bin\msvcp140.dll
0x00007ffed3b90000 - 0x00007ffed4931000 	c:\Users\kalra\.vscode\extensions\redhat.java-1.53.0-win32-x64\jre\21.0.10-win32-x86_64\bin\server\jvm.dll
0x00007fff8a2e0000 - 0x00007fff8a39b000 	C:\WINDOWS\System32\ADVAPI32.dll
0x00007fff886e0000 - 0x00007fff88787000 	C:\WINDOWS\System32\sechost.dll
0x00007fff89450000 - 0x00007fff89568000 	C:\WINDOWS\System32\RPCRT4.dll
0x00007fff88820000 - 0x00007fff88894000 	C:\WINDOWS\System32\WS2_32.dll
0x00007fff87080000 - 0x00007fff870de000 	C:\WINDOWS\SYSTEM32\POWRPROF.dll
0x00007fff81780000 - 0x00007fff817b5000 	C:\WINDOWS\SYSTEM32\WINMM.dll
0x00007fff817c0000 - 0x00007fff817cb000 	C:\WINDOWS\SYSTEM32\VERSION.dll
0x00007fff87060000 - 0x00007fff87074000 	C:\WINDOWS\SYSTEM32\UMPDC.dll
0x00007fff85fb0000 - 0x00007fff85fcb000 	C:\WINDOWS\SYSTEM32\kernel.appcore.dll
0x00007fff5e4f0000 - 0x00007fff5e4fa000 	c:\Users\kalra\.vscode\extensions\redhat.java-1.53.0-win32-x64\jre\21.0.10-win32-x86_64\bin\jimage.dll
0x00007fff7b9f0000 - 0x00007fff7bc32000 	C:\WINDOWS\SYSTEM32\DBGHELP.DLL
0x00007fff8a570000 - 0x00007fff8a8f2000 	C:\WINDOWS\System32\combase.dll
0x00007fff89320000 - 0x00007fff893f7000 	C:\WINDOWS\System32\OLEAUT32.dll
0x00007fff6dad0000 - 0x00007fff6db0b000 	C:\WINDOWS\SYSTEM32\dbgcore.DLL
0x00007fff88630000 - 0x00007fff886d5000 	C:\WINDOWS\System32\bcryptPrimitives.dll
0x00007fff5e4e0000 - 0x00007fff5e4ef000 	c:\Users\kalra\.vscode\extensions\redhat.java-1.53.0-win32-x64\jre\21.0.10-win32-x86_64\bin\instrument.dll
0x00007fff5a280000 - 0x00007fff5a2a0000 	c:\Users\kalra\.vscode\extensions\redhat.java-1.53.0-win32-x64\jre\21.0.10-win32-x86_64\bin\java.dll
0x00007fff89b70000 - 0x00007fff8a2cf000 	C:\WINDOWS\System32\SHELL32.dll
0x00007fff87d40000 - 0x00007fff87eaa000 	C:\WINDOWS\System32\wintypes.dll
0x00007fff874d0000 - 0x00007fff87d34000 	C:\WINDOWS\System32\windows.storage.dll
0x00007fff89210000 - 0x00007fff89307000 	C:\WINDOWS\System32\SHCORE.dll
0x00007fff8a500000 - 0x00007fff8a567000 	C:\WINDOWS\System32\shlwapi.dll
0x00007fff87140000 - 0x00007fff87169000 	C:\WINDOWS\SYSTEM32\profapi.dll
0x00007fff5a260000 - 0x00007fff5a278000 	c:\Users\kalra\.vscode\extensions\redhat.java-1.53.0-win32-x64\jre\21.0.10-win32-x86_64\bin\zip.dll
0x00007fff56b40000 - 0x00007fff56b50000 	C:\Users\kalra\.vscode\extensions\redhat.java-1.53.0-win32-x64\jre\21.0.10-win32-x86_64\bin\net.dll
0x00007fff7e6e0000 - 0x00007fff7e807000 	C:\WINDOWS\SYSTEM32\WINHTTP.dll
0x00007fff86520000 - 0x00007fff8658b000 	C:\WINDOWS\system32\mswsock.dll
0x00007fff50650000 - 0x00007fff50666000 	C:\Users\kalra\.vscode\extensions\redhat.java-1.53.0-win32-x64\jre\21.0.10-win32-x86_64\bin\nio.dll
0x00007fff56b30000 - 0x00007fff56b40000 	c:\Users\kalra\.vscode\extensions\redhat.java-1.53.0-win32-x64\jre\21.0.10-win32-x86_64\bin\verify.dll
0x00007fff6f870000 - 0x00007fff6f8b5000 	C:\Users\kalra\AppData\Roaming\Code\User\globalStorage\redhat.java\1.53.0\config_win\org.eclipse.equinox.launcher\org.eclipse.equinox.launcher.win32.win32.x86_64_1.3.0.v20260203-2149\eclipse_11919.dll
0x00007fff89800000 - 0x00007fff89995000 	C:\WINDOWS\System32\ole32.dll
0x00007fff86800000 - 0x00007fff8681b000 	C:\WINDOWS\SYSTEM32\CRYPTSP.dll
0x00007fff85f10000 - 0x00007fff85f49000 	C:\WINDOWS\system32\rsaenh.dll
0x00007fff865d0000 - 0x00007fff86602000 	C:\WINDOWS\SYSTEM32\USERENV.dll
0x00007fff87110000 - 0x00007fff8713a000 	C:\WINDOWS\SYSTEM32\bcrypt.dll
0x00007fff86820000 - 0x00007fff8682c000 	C:\WINDOWS\SYSTEM32\CRYPTBASE.dll
0x00007fff85980000 - 0x00007fff859b3000 	C:\WINDOWS\SYSTEM32\IPHLPAPI.DLL
0x00007fff89740000 - 0x00007fff8974a000 	C:\WINDOWS\System32\NSI.dll
0x00007fff6f820000 - 0x00007fff6f869000 	C:\Users\kalra\AppData\Local\Temp\jna-101813893\jna14688304726852746369.dll
0x00007fff89170000 - 0x00007fff89178000 	C:\WINDOWS\System32\PSAPI.DLL
0x00007fff81d70000 - 0x00007fff81d8d000 	C:\WINDOWS\SYSTEM32\dhcpcsvc6.DLL
0x00007fff81d20000 - 0x00007fff81d43000 	C:\WINDOWS\SYSTEM32\dhcpcsvc.DLL

JVMTI agents:
c:\Users\kalra\.vscode\extensions\redhat.java-1.53.0-win32-x64\lombok\lombok-1.18.39-4050.jar path:c:\Users\kalra\.vscode\extensions\redhat.java-1.53.0-win32-x64\jre\21.0.10-win32-x86_64\bin\instrument.dll, loaded, initialized, instrumentlib options:none

dbghelp: loaded successfully - version: 4.0.5 - missing functions: none
symbol engine: initialized successfully - sym options: 0x614 - pdb path: .;c:\Users\kalra\.vscode\extensions\redhat.java-1.53.0-win32-x64\jre\21.0.10-win32-x86_64\bin;C:\WINDOWS\SYSTEM32;C:\WINDOWS\WinSxS\amd64_microsoft.windows.common-controls_6595b64144ccf1df_6.0.26100.8037_none_3e092faae333b53b;c:\Users\kalra\.vscode\extensions\redhat.java-1.53.0-win32-x64\jre\21.0.10-win32-x86_64\bin\server;C:\Users\kalra\AppData\Roaming\Code\User\globalStorage\redhat.java\1.53.0\config_win\org.eclipse.equinox.launcher\org.eclipse.equinox.launcher.win32.win32.x86_64_1.3.0.v20260203-2149;C:\Users\kalra\AppData\Local\Temp\jna-101813893

VM Arguments:
jvm_args: --add-modules=ALL-SYSTEM --add-opens=java.base/java.util=ALL-UNNAMED --add-opens=java.base/java.lang=ALL-UNNAMED --add-opens=java.base/sun.nio.fs=ALL-UNNAMED -Declipse.application=org.eclipse.jdt.ls.core.id1 -Dosgi.bundles.defaultStartLevel=4 -Declipse.product=org.eclipse.jdt.ls.core.product -Djava.import.generatesMetadataFilesAtProjectRoot=false -DDetectVMInstallationsJob.disabled=true -Dfile.encoding=utf8 -XX:+UseParallelGC -XX:GCTimeRatio=4 -XX:AdaptiveSizePolicyWeight=90 -Dsun.zip.disableMemoryMapping=true -Xmx2G -Xms100m -Xlog:disable -javaagent:c:\Users\kalra\.vscode\extensions\redhat.java-1.53.0-win32-x64\lombok\lombok-1.18.39-4050.jar -XX:+HeapDumpOnOutOfMemoryError -XX:HeapDumpPath=c:\Users\kalra\AppData\Roaming\Code\User\workspaceStorage\4fda5c3b26c15e0cb27154c0e992db6d\redhat.java -Daether.dependencyCollector.impl=bf 
java_command: c:\Users\kalra\.vscode\extensions\redhat.java-1.53.0-win32-x64\server\plugins\org.eclipse.equinox.launcher_1.7.100.v20251111-0406.jar -configuration c:\Users\kalra\AppData\Roaming\Code\User\globalStorage\redhat.java\1.53.0\config_win -data c:\Users\kalra\AppData\Roaming\Code\User\workspaceStorage\4fda5c3b26c15e0cb27154c0e992db6d\redhat.java\jdt_ws --pipe=\\.\pipe\lsp-19d5f988aac7e7844a40262fde5b8d19-sock
java_class_path (initial): c:\Users\kalra\.vscode\extensions\redhat.java-1.53.0-win32-x64\server\plugins\org.eclipse.equinox.launcher_1.7.100.v20251111-0406.jar
Launcher Type: SUN_STANDARD

[Global flags]
    uintx AdaptiveSizePolicyWeight                 = 90                                        {product} {command line}
     intx CICompilerCount                          = 4                                         {product} {ergonomic}
    uintx GCTimeRatio                              = 4                                         {product} {command line}
     bool HeapDumpOnOutOfMemoryError               = true                                   {manageable} {command line}
    ccstr HeapDumpPath                             = c:\Users\kalra\AppData\Roaming\Code\User\workspaceStorage\4fda5c3b26c15e0cb27154c0e992db6d\redhat.java         {manageable} {command line}
   size_t InitialHeapSize                          = 104857600                                 {product} {command line}
   size_t MaxHeapSize                              = 2147483648                                {product} {command line}
   size_t MaxNewSize                               = 715653120                                 {product} {ergonomic}
   size_t MinHeapDeltaBytes                        = 524288                                    {product} {ergonomic}
   size_t MinHeapSize                              = 104857600                                 {product} {command line}
   size_t NewSize                                  = 34603008                                  {product} {ergonomic}
    uintx NonNMethodCodeHeapSize                   = 5839372                                {pd product} {ergonomic}
    uintx NonProfiledCodeHeapSize                  = 122909434                              {pd product} {ergonomic}
   size_t OldSize                                  = 70254592                                  {product} {ergonomic}
    uintx ProfiledCodeHeapSize                     = 122909434                              {pd product} {ergonomic}
    uintx ReservedCodeCacheSize                    = 251658240                              {pd product} {ergonomic}
     bool SegmentedCodeCache                       = true                                      {product} {ergonomic}
   size_t SoftMaxHeapSize                          = 2147483648                             {manageable} {ergonomic}
     bool UseCompressedOops                        = true                           {product lp64_product} {ergonomic}
     bool UseLargePagesIndividualAllocation        = false                                  {pd product} {ergonomic}
     bool UseParallelGC                            = true                                      {product} {command line}

Logging:
Log output configuration:
 #0: stdout all=off uptime,level,tags foldmultilines=false
 #1: stderr all=off uptime,level,tags foldmultilines=false

Release file:
JAVA_VERSION="21.0.10" 
MODULES="java.base java.compiler java.datatransfer java.xml java.prefs java.desktop java.instrument java.logging java.management java.security.sasl java.naming java.rmi java.management.rmi java.net.http java.scripting java.security.jgss java.transaction.xa java.sql java.sql.rowset java.xml.crypto java.se java.smartcardio jdk.accessibility jdk.internal.jvmstat jdk.attach jdk.charsets jdk.internal.opt jdk.zipfs jdk.compiler jdk.crypto.ec jdk.crypto.cryptoki jdk.crypto.mscapi jdk.dynalink jdk.internal.ed jdk.editpad jdk.hotspot.agent jdk.httpserver jdk.internal.le jdk.internal.vm.ci jdk.internal.vm.compiler jdk.internal.vm.compiler.management jdk.jartool jdk.javadoc jdk.jcmd jdk.management jdk.management.agent jdk.jconsole jdk.jdeps jdk.jdwp.agent jdk.jdi jdk.jfr jdk.jshell jdk.jsobject jdk.jstatd jdk.localedata jdk.management.jfr jdk.naming.dns jdk.naming.rmi jdk.net jdk.nio.mapmode jdk.random jdk.sctp jdk.security.auth jdk.security.jgss jdk.unsupported jdk.unsupported.desktop jdk.xml.dom" 

Environment Variables:
PATH=C:\Users\kalra\AppData\Local\Programs\Microsoft VS Code;C:\Python314\Scripts\;C:\Python314\;C:\Program Files\nodejs\;C:\ProgramData\chocolatey\bin;D:\Git\cmd;C:\Users\kalra\AppData\Local\Programs\Python\Python313\Scripts\;C:\Users\kalra\AppData\Local\Programs\Python\Python313\;C:\Program Files\MySQL\MySQL Shell 8.0\bin\;C:\Users\kalra\AppData\Local\Programs\Python\Python312\Scripts\;C:\Users\kalra\AppData\Local\Programs\Python\Python312\;C:\Users\kalra\AppData\Local\Microsoft\WindowsApps;C:\Users\kalra\AppData\Local\Programs\Microsoft VS Code\bin;C:\Program Files\Azure Data Studio\bin;%JAVA_HOME%\bin;C:\Program Files\Maven\apache-maven-3.9.11\bin;C:\Program Files\MySQL\MySQL Server 8.0\bin;C:\Users\kalra\AppData\Roaming\npm;C:\Users\kalra\Downloads\flutter_windows_3.41.4-stable\flutter\bin;C:\Windows\System32;C:\Program Files\Git\cmd;C:\Windows\System32\WindowsPowerShell\v1.0\;
USERNAME=kalra
OS=Windows_NT
PROCESSOR_IDENTIFIER=AMD64 Family 23 Model 104 Stepping 1, AuthenticAMD
TMP=C:\Users\kalra\AppData\Local\Temp
TEMP=C:\Users\kalra\AppData\Local\Temp




Periodic native trim disabled

---------------  S Y S T E M  ---------------

OS:
 Windows 11 , 64 bit Build 26100 (10.0.26100.7920)
OS uptime: 0 days 0:49 hours
Hyper-V role detected

CPU: total 12 (initial active 12) (12 cores per cpu, 2 threads per core) family 23 model 104 stepping 1 microcode 0x8608107, cx8, cmov, fxsr, ht, mmx, 3dnowpref, sse, sse2, sse3, ssse3, sse4a, sse4.1, sse4.2, popcnt, lzcnt, tsc, tscinvbit, avx, avx2, aes, clmul, bmi1, bmi2, adx, sha, fma, vzeroupper, clflush, clflushopt, hv, rdtscp, rdpid, f16c
Processor Information for the first 12 processors :
  Max Mhz: 2100, Current Mhz: 1686, Mhz Limit: 2100

Memory: 4k page, system-wide physical 7501M (1128M free)
TotalPageFile size 16327M (AvailPageFile size 213M)
current process WorkingSet (physical memory assigned to process): 248M, peak: 257M
current process commit charge ("private bytes"): 342M, peak: 362M

vm_info: OpenJDK 64-Bit Server VM (21.0.10+7-LTS) for windows-amd64 JRE (21.0.10+7-LTS), built on 2026-01-20T00:00:00Z by "admin" with MS VC++ 17.12 (VS2022)

END.
