#
# There is insufficient memory for the Java Runtime Environment to continue.
# Native memory allocation (malloc) failed to allocate 1048576 bytes. Error detail: AllocateHeap
# Possible reasons:
#   The system is out of physical RAM or swap space
#   This process is running with CompressedOops enabled, and the Java Heap may be blocking the growth of the native heap
# Possible solutions:
#   Reduce memory load on the system
#   Increase physical memory or swap space
#   Check if swap backing store is full
#   Decrease Java heap size (-Xmx/-Xms)
#   Decrease number of Java threads
#   Decrease Java thread stack sizes (-Xss)
#   Set larger code cache with -XX:ReservedCodeCacheSize=
#   JVM is running with Unscaled Compressed Oops mode in which the Java heap is
#     placed in the first 4GB address space. The Java Heap base address is the
#     maximum limit for the native heap growth. Please use -XX:HeapBaseMinAddress
#     to set the Java Heap base and to place the Java Heap above 4GB virtual address.
# This output file may be truncated or incomplete.
#
#  Out of Memory Error (allocation.cpp:44), pid=9336, tid=3524
#
# JRE version: OpenJDK Runtime Environment Temurin-21.0.10+7 (21.0.10+7) (build 21.0.10+7-LTS)
# Java VM: OpenJDK 64-Bit Server VM Temurin-21.0.10+7 (21.0.10+7-LTS, mixed mode, sharing, tiered, compressed oops, compressed class ptrs, parallel gc, windows-amd64)
# No core dump will be written. Minidumps are not enabled by default on client versions of Windows
#

---------------  S U M M A R Y ------------

Command Line: --add-modules=ALL-SYSTEM --add-opens=java.base/java.util=ALL-UNNAMED --add-opens=java.base/java.lang=ALL-UNNAMED --add-opens=java.base/sun.nio.fs=ALL-UNNAMED -Declipse.application=org.eclipse.jdt.ls.core.id1 -Dosgi.bundles.defaultStartLevel=4 -Declipse.product=org.eclipse.jdt.ls.core.product -Djava.import.generatesMetadataFilesAtProjectRoot=false -DDetectVMInstallationsJob.disabled=true -Dfile.encoding=utf8 -XX:+UseParallelGC -XX:GCTimeRatio=4 -XX:AdaptiveSizePolicyWeight=90 -Dsun.zip.disableMemoryMapping=true -Xmx2G -Xms100m -Xlog:disable -javaagent:c:\Users\kalra\.vscode\extensions\redhat.java-1.53.0-win32-x64\lombok\lombok-1.18.39-4050.jar -XX:+HeapDumpOnOutOfMemoryError -XX:HeapDumpPath=c:\Users\kalra\AppData\Roaming\Code\User\workspaceStorage\4fda5c3b26c15e0cb27154c0e992db6d\redhat.java -Daether.dependencyCollector.impl=bf c:\Users\kalra\.vscode\extensions\redhat.java-1.53.0-win32-x64\server\plugins\org.eclipse.equinox.launcher_1.7.100.v20251111-0406.jar -configuration c:\Users\kalra\AppData\Roaming\Code\User\globalStorage\redhat.java\1.53.0\config_win -data c:\Users\kalra\AppData\Roaming\Code\User\workspaceStorage\4fda5c3b26c15e0cb27154c0e992db6d\redhat.java\jdt_ws --pipe=\\.\pipe\lsp-bf15a581d17a8fd3bc1c24cc5d03a64d-sock

Host: AMD Ryzen 5 5500U with Radeon Graphics         , 12 cores, 7G,  Windows 11 , 64 bit Build 26100 (10.0.26100.7920)
Time: Fri Mar 27 15:40:36 2026 India Standard Time elapsed time: 973.809228 seconds (0d 0h 16m 13s)

---------------  T H R E A D  ---------------

Current thread (0x000002335500fa50):  JavaThread "Attach Listener" daemon [_thread_in_vm, id=3524, stack(0x000000e00e100000,0x000000e00e200000) (1024K)]

Stack: [0x000000e00e100000,0x000000e00e200000]
Native frames: (J=compiled Java code, j=interpreted, Vv=VM code, C=native code)
V  [jvm.dll+0x6d7a39]
V  [jvm.dll+0x8b4b26]
V  [jvm.dll+0x8b70de]
V  [jvm.dll+0x8b77c3]
V  [jvm.dll+0x284346]
V  [jvm.dll+0xc1277]
V  [jvm.dll+0x6d82e9]
V  [jvm.dll+0x1334a6]
V  [jvm.dll+0x3f857e]
V  [jvm.dll+0x85f59d]
V  [jvm.dll+0x6d626d]
C  [ucrtbase.dll+0x37b0]
C  [KERNEL32.DLL+0x2e8d7]
C  [ntdll.dll+0x8c48c]


---------------  P R O C E S S  ---------------

Threads class SMR info:
_java_thread_list=0x0000023358c553f0, length=59, elements={
0x00000233774ad470, 0x00000233550044b0, 0x0000023355005620, 0x000002335500ea40,
0x000002335500fa50, 0x00000233550110a0, 0x0000023355016360, 0x000002335501a2e0,
0x000002335503e510, 0x000002335520fa80, 0x0000023355354190, 0x0000023355c28ad0,
0x0000023355d7e9d0, 0x0000023355a8bae0, 0x0000023355a86a10, 0x00000233564153e0,
0x0000023355f62a00, 0x0000023355f63090, 0x0000023355f63720, 0x0000023355f64440,
0x0000023357e01a80, 0x0000023357dff9b0, 0x0000023357e034c0, 0x0000023357e013f0,
0x0000023357e02110, 0x0000023357e027a0, 0x0000023357e00040, 0x0000023357e02e30,
0x0000023357e03b50, 0x0000023357e006d0, 0x0000023357e041e0, 0x0000023357e00d60,
0x0000023357e06fd0, 0x0000023357e05590, 0x0000023357e062b0, 0x0000023357e04870,
0x0000023357e2e720, 0x0000023357e2da00, 0x0000023357e2f440, 0x0000023357e2bfc0,
0x0000023362c4a420, 0x0000023362c4be60, 0x000002335589a410, 0x000002335589ec40,
0x00000233558a0680, 0x000002335589e5b0, 0x0000023355f61650, 0x00000233589e7b30,
0x00000233589e9570, 0x0000023357e2b930, 0x0000023357e2edb0, 0x0000023357e30e80,
0x0000023357e31510, 0x000002335589d200, 0x0000023357e04f00, 0x0000023357e06940,
0x0000023362c4b7d0, 0x0000023362c49700, 0x00000233552afa80
}

Java Threads: ( => current thread )
  0x00000233774ad470 JavaThread "main"                              [_thread_blocked, id=15756, stack(0x000000e00da00000,0x000000e00db00000) (1024K)]
  0x00000233550044b0 JavaThread "Reference Handler"          daemon [_thread_blocked, id=16724, stack(0x000000e00de00000,0x000000e00df00000) (1024K)]
  0x0000023355005620 JavaThread "Finalizer"                  daemon [_thread_blocked, id=19428, stack(0x000000e00df00000,0x000000e00e000000) (1024K)]
  0x000002335500ea40 JavaThread "Signal Dispatcher"          daemon [_thread_blocked, id=14036, stack(0x000000e00e000000,0x000000e00e100000) (1024K)]
=>0x000002335500fa50 JavaThread "Attach Listener"            daemon [_thread_in_vm, id=3524, stack(0x000000e00e100000,0x000000e00e200000) (1024K)]
  0x00000233550110a0 JavaThread "Service Thread"             daemon [_thread_blocked, id=18132, stack(0x000000e00e200000,0x000000e00e300000) (1024K)]
  0x0000023355016360 JavaThread "Monitor Deflation Thread"   daemon [_thread_blocked, id=15236, stack(0x000000e00e300000,0x000000e00e400000) (1024K)]
  0x000002335501a2e0 JavaThread "C2 CompilerThread0"         daemon [_thread_blocked, id=1496, stack(0x000000e00e400000,0x000000e00e500000) (1024K)]
  0x000002335503e510 JavaThread "C1 CompilerThread0"         daemon [_thread_blocked, id=18048, stack(0x000000e00e500000,0x000000e00e600000) (1024K)]
  0x000002335520fa80 JavaThread "Common-Cleaner"             daemon [_thread_blocked, id=3180, stack(0x000000e00e600000,0x000000e00e700000) (1024K)]
  0x0000023355354190 JavaThread "Notification Thread"        daemon [_thread_blocked, id=16072, stack(0x000000e00e800000,0x000000e00e900000) (1024K)]
  0x0000023355c28ad0 JavaThread "Active Thread: Equinox Container: ca52fb2e-fd16-4b7b-a27a-cddfba5a9d90"        [_thread_blocked, id=11372, stack(0x000000e00f000000,0x000000e00f100000) (1024K)]
  0x0000023355d7e9d0 JavaThread "Refresh Thread: Equinox Container: ca52fb2e-fd16-4b7b-a27a-cddfba5a9d90" daemon [_thread_blocked, id=17356, stack(0x000000e00f200000,0x000000e00f300000) (1024K)]
  0x0000023355a8bae0 JavaThread "Framework Event Dispatcher: Equinox Container: ca52fb2e-fd16-4b7b-a27a-cddfba5a9d90" daemon [_thread_blocked, id=15540, stack(0x000000e00f300000,0x000000e00f400000) (1024K)]
  0x0000023355a86a10 JavaThread "Start Level: Equinox Container: ca52fb2e-fd16-4b7b-a27a-cddfba5a9d90" daemon [_thread_blocked, id=17556, stack(0x000000e00f400000,0x000000e00f500000) (1024K)]
  0x00000233564153e0 JavaThread "Bundle File Closer"         daemon [_thread_blocked, id=12084, stack(0x000000e00f700000,0x000000e00f800000) (1024K)]
  0x0000023355f62a00 JavaThread "SCR Component Actor"        daemon [_thread_blocked, id=15820, stack(0x000000e00e900000,0x000000e00ea00000) (1024K)]
  0x0000023355f63090 JavaThread "Worker-JM"                         [_thread_blocked, id=14532, stack(0x000000e00e700000,0x000000e00e800000) (1024K)]
  0x0000023355f63720 JavaThread "JNA Cleaner"                daemon [_thread_blocked, id=7648, stack(0x000000e00f900000,0x000000e00fa00000) (1024K)]
  0x0000023355f64440 JavaThread "Java indexing"              daemon [_thread_blocked, id=19400, stack(0x000000e00fe00000,0x000000e00ff00000) (1024K)]
  0x0000023357e01a80 JavaThread "Thread-1"                   daemon [_thread_in_native, id=15396, stack(0x000000e010300000,0x000000e010400000) (1024K)]
  0x0000023357dff9b0 JavaThread "Thread-2"                   daemon [_thread_in_native, id=6008, stack(0x000000e010400000,0x000000e010500000) (1024K)]
  0x0000023357e034c0 JavaThread "Thread-3"                   daemon [_thread_in_native, id=20900, stack(0x000000e010500000,0x000000e010600000) (1024K)]
  0x0000023357e013f0 JavaThread "Thread-4"                   daemon [_thread_in_native, id=10180, stack(0x000000e010600000,0x000000e010700000) (1024K)]
  0x0000023357e02110 JavaThread "Thread-5"                   daemon [_thread_in_native, id=1876, stack(0x000000e010700000,0x000000e010800000) (1024K)]
  0x0000023357e027a0 JavaThread "Thread-6"                   daemon [_thread_in_native, id=16404, stack(0x000000e010800000,0x000000e010900000) (1024K)]
  0x0000023357e00040 JavaThread "Thread-7"                   daemon [_thread_in_native, id=9572, stack(0x000000e010900000,0x000000e010a00000) (1024K)]
  0x0000023357e02e30 JavaThread "Thread-8"                   daemon [_thread_in_native, id=16048, stack(0x000000e010a00000,0x000000e010b00000) (1024K)]
  0x0000023357e03b50 JavaThread "Thread-9"                   daemon [_thread_in_native, id=15980, stack(0x000000e010b00000,0x000000e010c00000) (1024K)]
  0x0000023357e006d0 JavaThread "Thread-10"                  daemon [_thread_in_native, id=17612, stack(0x000000e010c00000,0x000000e010d00000) (1024K)]
  0x0000023357e041e0 JavaThread "Thread-11"                  daemon [_thread_in_native, id=5732, stack(0x000000e010d00000,0x000000e010e00000) (1024K)]
  0x0000023357e00d60 JavaThread "Thread-12"                  daemon [_thread_in_native, id=20712, stack(0x000000e010e00000,0x000000e010f00000) (1024K)]
  0x0000023357e06fd0 JavaThread "Thread-13"                  daemon [_thread_in_native, id=20516, stack(0x000000e010f00000,0x000000e011000000) (1024K)]
  0x0000023357e05590 JavaThread "pool-2-thread-1"                   [_thread_blocked, id=3056, stack(0x000000e011000000,0x000000e011100000) (1024K)]
  0x0000023357e062b0 JavaThread "ForkJoinPool.commonPool-worker-1" daemon [_thread_blocked, id=21368, stack(0x000000e011100000,0x000000e011200000) (1024K)]
  0x0000023357e04870 JavaThread "ForkJoinPool.commonPool-worker-3" daemon [_thread_blocked, id=21100, stack(0x000000e011300000,0x000000e011400000) (1024K)]
  0x0000023357e2e720 JavaThread "ForkJoinPool.commonPool-worker-9" daemon [_thread_blocked, id=8604, stack(0x000000e011900000,0x000000e011a00000) (1024K)]
  0x0000023357e2da00 JavaThread "ForkJoinPool.commonPool-worker-10" daemon [_thread_blocked, id=8372, stack(0x000000e011a00000,0x000000e011b00000) (1024K)]
  0x0000023357e2f440 JavaThread "WorkspaceEventsHandler"            [_thread_blocked, id=15900, stack(0x000000e011b00000,0x000000e011c00000) (1024K)]
  0x0000023357e2bfc0 JavaThread "pool-1-thread-1"                   [_thread_blocked, id=13384, stack(0x000000e011c00000,0x000000e011d00000) (1024K)]
  0x0000023362c4a420 JavaThread "Worker-6"                          [_thread_blocked, id=12688, stack(0x000000e00d900000,0x000000e00da00000) (1024K)]
  0x0000023362c4be60 JavaThread "Cleaner-0"                  daemon [_thread_blocked, id=15672, stack(0x000000e00fc00000,0x000000e00fd00000) (1024K)]
  0x000002335589a410 JavaThread "ForkJoinPool.commonPool-worker-12" daemon [_thread_blocked, id=2512, stack(0x000000e00fd00000,0x000000e00fe00000) (1024K)]
  0x000002335589ec40 JavaThread "Worker-10"                         [_thread_blocked, id=5716, stack(0x000000e010000000,0x000000e010100000) (1024K)]
  0x00000233558a0680 JavaThread "ForkJoinPool.commonPool-worker-15" daemon [_thread_blocked, id=2168, stack(0x000000e011500000,0x000000e011600000) (1024K)]
  0x000002335589e5b0 JavaThread "ForkJoinPool.commonPool-worker-16" daemon [_thread_blocked, id=16236, stack(0x000000e011600000,0x000000e011700000) (1024K)]
  0x0000023355f61650 JavaThread "Worker-12"                         [_thread_blocked, id=12960, stack(0x000000e00fa00000,0x000000e00fb00000) (1024K)]
  0x00000233589e7b30 JavaThread "ForkJoinPool.commonPool-worker-18" daemon [_thread_blocked, id=3384, stack(0x000000e00fb00000,0x000000e00fc00000) (1024K)]
  0x00000233589e9570 JavaThread "ForkJoinPool.commonPool-worker-19" daemon [_thread_blocked, id=12044, stack(0x000000e00ff00000,0x000000e010000000) (1024K)]
  0x0000023357e2b930 JavaThread "Worker-13"                         [_thread_blocked, id=8304, stack(0x000000e010100000,0x000000e010200000) (1024K)]
  0x0000023357e2edb0 JavaThread "Compiler Source File Reader" daemon [_thread_blocked, id=3152, stack(0x000000e010200000,0x000000e010300000) (1024K)]
  0x0000023357e30e80 JavaThread "Compiler Processing Task"   daemon [_thread_blocked, id=8472, stack(0x000000e011200000,0x000000e011300000) (1024K)]
  0x0000023357e31510 JavaThread "Worker-14"                         [_thread_blocked, id=17044, stack(0x000000e011400000,0x000000e011500000) (1024K)]
  0x000002335589d200 JavaThread "Compiler Source File Reader" daemon [_thread_blocked, id=9576, stack(0x000000e00d700000,0x000000e00d800000) (1024K)]
  0x0000023357e04f00 JavaThread "Worker-15"                         [_thread_blocked, id=19824, stack(0x000000e011700000,0x000000e011800000) (1024K)]
  0x0000023357e06940 JavaThread "Compiler Source File Reader" daemon [_thread_blocked, id=14232, stack(0x000000e00f800000,0x000000e00f900000) (1024K)]
  0x0000023362c4b7d0 JavaThread "Compiler Source File Reader" daemon [_thread_blocked, id=7960, stack(0x000000e011800000,0x000000e011900000) (1024K)]
  0x0000023362c49700 JavaThread "Compiler Source File Reader" daemon [_thread_blocked, id=20604, stack(0x000000e011d00000,0x000000e011e00000) (1024K)]
  0x00000233552afa80 JavaThread "Compiler Source File Reader" daemon [_thread_blocked, id=10636, stack(0x000000e011e00000,0x000000e011f00000) (1024K)]
Total: 59

Other Threads:
  0x00000233774440a0 VMThread "VM Thread"                           [id=14944, stack(0x000000e00dd00000,0x000000e00de00000) (1024K)]
  0x000002337733ba00 WatcherThread "VM Periodic Task Thread"        [id=18620, stack(0x000000e00dc00000,0x000000e00dd00000) (1024K)]
  0x00000233774cba30 WorkerThread "GC Thread#0"                     [id=9280, stack(0x000000e00db00000,0x000000e00dc00000) (1024K)]
  0x0000023355d1ac30 WorkerThread "GC Thread#1"                     [id=8516, stack(0x000000e00ea00000,0x000000e00eb00000) (1024K)]
  0x0000023355d1b740 WorkerThread "GC Thread#2"                     [id=2804, stack(0x000000e00eb00000,0x000000e00ec00000) (1024K)]
  0x0000023355d1baf0 WorkerThread "GC Thread#3"                     [id=21104, stack(0x000000e00ec00000,0x000000e00ed00000) (1024K)]
  0x0000023355d1a4d0 WorkerThread "GC Thread#4"                     [id=12412, stack(0x000000e00ed00000,0x000000e00ee00000) (1024K)]
  0x0000023355d1afe0 WorkerThread "GC Thread#5"                     [id=20396, stack(0x000000e00ee00000,0x000000e00ef00000) (1024K)]
  0x0000023355d1b390 WorkerThread "GC Thread#6"                     [id=4956, stack(0x000000e00ef00000,0x000000e00f000000) (1024K)]
  0x0000023355b9e470 WorkerThread "GC Thread#7"                     [id=18320, stack(0x000000e00f100000,0x000000e00f200000) (1024K)]
  0x0000023355b9e820 WorkerThread "GC Thread#8"                     [id=10328, stack(0x000000e00f500000,0x000000e00f600000) (1024K)]
  0x0000023355b9e0c0 WorkerThread "GC Thread#9"                     [id=2416, stack(0x000000e00f600000,0x000000e00f700000) (1024K)]
Total: 12

Threads with active compile tasks:
Total: 0

VM state: not at safepoint (normal execution)

VM Mutex/Monitor currently owned by a thread: None

Heap address: 0x0000000080000000, size: 2048 MB, Compressed Oops mode: 32-bit

CDS archive(s) mapped at: [0x000002330f000000-0x000002330fba0000-0x000002330fba0000), size 12189696, SharedBaseAddress: 0x000002330f000000, ArchiveRelocationMode: 1.
Compressed class space mapped at: 0x0000023310000000-0x0000023350000000, reserved size: 1073741824
Narrow klass base: 0x000002330f000000, Narrow klass shift: 0, Narrow klass range: 0x100000000

GC Precious Log:
 CardTable entry size: 512
 CPUs: 12 total, 12 available
 Memory: 7501M
 Large Page Support: Disabled
 NUMA Support: Disabled
 Compressed Oops: Enabled (32-bit)
 Alignments: Space 512K, Generation 512K, Heap 2M
 Heap Min Capacity: 100M
 Heap Initial Capacity: 100M
 Heap Max Capacity: 2G
 Pre-touch: Disabled
 Parallel Workers: 10

Heap:
 PSYoungGen      total 5120K, used 3913K [0x00000000d5580000, 0x00000000d5b80000, 0x0000000100000000)
  eden space 4608K, 77% used [0x00000000d5580000,0x00000000d58fe748,0x00000000d5a00000)
  from space 512K, 65% used [0x00000000d5a80000,0x00000000d5ad4040,0x00000000d5b00000)
  to   space 512K, 0% used [0x00000000d5b00000,0x00000000d5b00000,0x00000000d5b80000)
 ParOldGen       total 548352K, used 548316K [0x0000000080000000, 0x00000000a1780000, 0x00000000d5580000)
  object space 548352K, 99% used [0x0000000080000000,0x00000000a1777300,0x00000000a1780000)
 Metaspace       used 88603K, committed 90560K, reserved 1179648K
  class space    used 9156K, committed 10048K, reserved 1048576K

Card table byte_map: [0x0000023376e50000,0x0000023377260000] _byte_map_base: 0x0000023376a50000

Marking Bits: (ParMarkBitMap*) 0x00007ffed4853450
 Begin Bits: [0x000002337a960000, 0x000002337c960000)
 End Bits:   [0x000002337c960000, 0x000002337e960000)

Polling page: 0x00000233752c0000

Metaspace:

Usage:
  Non-class:     77.58 MB used.
      Class:      8.94 MB used.
       Both:     86.53 MB used.

Virtual space:
  Non-class space:      128.00 MB reserved,      78.62 MB ( 61%) committed,  2 nodes.
      Class space:        1.00 GB reserved,       9.81 MB ( <1%) committed,  1 nodes.
             Both:        1.12 GB reserved,      88.44 MB (  8%) committed. 

Chunk freelists:
   Non-Class:  1.04 MB
       Class:  6.17 MB
        Both:  7.21 MB

MaxMetaspaceSize: unlimited
CompressedClassSpaceSize: 1.00 GB
Initial GC threshold: 21.00 MB
Current GC threshold: 137.50 MB
CDS: on
 - commit_granule_bytes: 65536.
 - commit_granule_words: 8192.
 - virtual_space_node_default_size: 8388608.
 - enlarge_chunks_in_place: 1.
 - use_allocation_guard: 0.


Internal statistics:

num_allocs_failed_limit: 9.
num_arena_births: 1732.
num_arena_deaths: 22.
num_vsnodes_births: 3.
num_vsnodes_deaths: 0.
num_space_committed: 1415.
num_space_uncommitted: 0.
num_chunks_returned_to_freelist: 34.
num_chunks_taken_from_freelist: 6101.
num_chunk_merges: 18.
num_chunk_splits: 3667.
num_chunks_enlarged: 1922.
num_inconsistent_stats: 0.

CodeHeap 'non-profiled nmethods': size=120000Kb used=17128Kb max_used=17128Kb free=102872Kb
 bounds [0x0000023307ad0000, 0x0000023308b90000, 0x000002330f000000]
CodeHeap 'profiled nmethods': size=120000Kb used=48359Kb max_used=48359Kb free=71640Kb
 bounds [0x0000023300000000, 0x0000023302f40000, 0x0000023307530000]
CodeHeap 'non-nmethods': size=5760Kb used=1519Kb max_used=1630Kb free=4240Kb
 bounds [0x0000023307530000, 0x00000233077a0000, 0x0000023307ad0000]
CodeCache: size=245760Kb, used=67006Kb, max_used=67117Kb, free=178752Kb
 total_blobs=20025, nmethods=19184, adapters=741, full_count=0
Compilation: enabled, stopped_count=0, restarted_count=0

Compilation events (20 events):
Event: 886.599 Thread 0x000002335503e510 nmethod 20907 0x0000023302f37c10 code [0x0000023302f37e00, 0x0000023302f38170]
Event: 886.599 Thread 0x000002335503e510 20906       3       org.eclipse.jdt.core.dom.TypeBinding::getKey (30 bytes)
Event: 886.599 Thread 0x000002335503e510 nmethod 20906 0x0000023302f38310 code [0x0000023302f384e0, 0x0000023302f387b8]
Event: 886.599 Thread 0x000002335503e510 20908       3       java.lang.invoke.LambdaForm$MH/0x0000023310170400::invoke (27 bytes)
Event: 886.600 Thread 0x000002335503e510 nmethod 20908 0x0000023302f38910 code [0x0000023302f38ae0, 0x0000023302f38f38]
Event: 886.601 Thread 0x000002335503e510 20909       3       org.eclipse.jdt.internal.corext.dom.GenericVisitor::endVisit (6 bytes)
Event: 886.602 Thread 0x000002335503e510 nmethod 20909 0x0000023302f39090 code [0x0000023302f39240, 0x0000023302f39420]
Event: 886.603 Thread 0x0000023359a62f90 20910       4       org.eclipse.jdt.core.dom.VariableDeclarationStatement::accept0 (54 bytes)
Event: 886.652 Thread 0x0000023359a62f90 nmethod 20910 0x0000023308b59a10 code [0x0000023308b59c60, 0x0000023308b5a8a8]
Event: 886.652 Thread 0x0000023359a62f90 20897       4       lombok.eclipse.agent.PatchDelegate$EclipseOnlyMethods::getGeneratedMethods (72 bytes)
Event: 886.667 Thread 0x000002335503e510 20912       3       org.eclipse.jdt.core.dom.InfixExpression::internalGetSetChildProperty (60 bytes)
Event: 886.668 Thread 0x000002335503e510 nmethod 20912 0x0000023302f39510 code [0x0000023302f39760, 0x0000023302f39e00]
Event: 886.758 Thread 0x0000023359a62f90 nmethod 20897 0x0000023308b5af10 code [0x0000023308b5b340, 0x0000023308b5cef8]
Event: 886.759 Thread 0x0000023359a62f90 20901       4       org.eclipse.jdt.internal.core.dom.rewrite.ASTRewriteFlattener::getAttribute (10 bytes)
Event: 886.765 Thread 0x0000023359a62f90 nmethod 20901 0x0000023308b5e690 code [0x0000023308b5e860, 0x0000023308b5eaf0]
Event: 886.765 Thread 0x0000023359a62f90 20898   !   4       lombok.core.FieldAugment$ReflectionFieldAugment::setIfAbsent (86 bytes)
Event: 886.815 Thread 0x0000023359a62f90 nmethod 20898 0x0000023308b5ee10 code [0x0000023308b5f140, 0x0000023308b60328]
Event: 886.816 Thread 0x0000023359a62f90 20911       4       org.eclipse.jdt.core.dom.SingleVariableDeclaration::internalStructuralPropertiesForType (5 bytes)
Event: 886.817 Thread 0x0000023359a62f90 nmethod 20911 0x0000023308b61210 code [0x0000023308b613a0, 0x0000023308b61470]
Event: 888.776 Thread 0x000002335501a2e0 nmethod 20896 0x0000023308b61510 code [0x0000023308b63ba0, 0x0000023308b7a770]

GC Heap History (20 events):
Event: 876.660 GC heap before
{Heap before GC invocations=762 (full 4):
 PSYoungGen      total 5120K, used 4864K [0x00000000d5580000, 0x00000000d5b80000, 0x0000000100000000)
  eden space 4608K, 100% used [0x00000000d5580000,0x00000000d5a00000,0x00000000d5a00000)
  from space 512K, 50% used [0x00000000d5a80000,0x00000000d5ac0000,0x00000000d5b00000)
  to   space 512K, 0% used [0x00000000d5b00000,0x00000000d5b00000,0x00000000d5b80000)
 ParOldGen       total 548352K, used 547908K [0x0000000080000000, 0x00000000a1780000, 0x00000000d5580000)
  object space 548352K, 99% used [0x0000000080000000,0x00000000a1711300,0x00000000a1780000)
 Metaspace       used 88537K, committed 90496K, reserved 1179648K
  class space    used 9156K, committed 10048K, reserved 1048576K
}
Event: 876.662 GC heap after
{Heap after GC invocations=762 (full 4):
 PSYoungGen      total 5120K, used 320K [0x00000000d5580000, 0x00000000d5b80000, 0x0000000100000000)
  eden space 4608K, 0% used [0x00000000d5580000,0x00000000d5580000,0x00000000d5a00000)
  from space 512K, 62% used [0x00000000d5b00000,0x00000000d5b50000,0x00000000d5b80000)
  to   space 512K, 0% used [0x00000000d5a80000,0x00000000d5a80000,0x00000000d5b00000)
 ParOldGen       total 548352K, used 547988K [0x0000000080000000, 0x00000000a1780000, 0x00000000d5580000)
  object space 548352K, 99% used [0x0000000080000000,0x00000000a1725300,0x00000000a1780000)
 Metaspace       used 88537K, committed 90496K, reserved 1179648K
  class space    used 9156K, committed 10048K, reserved 1048576K
}
Event: 883.691 GC heap before
{Heap before GC invocations=763 (full 4):
 PSYoungGen      total 5120K, used 4928K [0x00000000d5580000, 0x00000000d5b80000, 0x0000000100000000)
  eden space 4608K, 100% used [0x00000000d5580000,0x00000000d5a00000,0x00000000d5a00000)
  from space 512K, 62% used [0x00000000d5b00000,0x00000000d5b50000,0x00000000d5b80000)
  to   space 512K, 0% used [0x00000000d5a80000,0x00000000d5a80000,0x00000000d5b00000)
 ParOldGen       total 548352K, used 547988K [0x0000000080000000, 0x00000000a1780000, 0x00000000d5580000)
  object space 548352K, 99% used [0x0000000080000000,0x00000000a1725300,0x00000000a1780000)
 Metaspace       used 88545K, committed 90496K, reserved 1179648K
  class space    used 9156K, committed 10048K, reserved 1048576K
}
Event: 883.694 GC heap after
{Heap after GC invocations=763 (full 4):
 PSYoungGen      total 5120K, used 208K [0x00000000d5580000, 0x00000000d5b80000, 0x0000000100000000)
  eden space 4608K, 0% used [0x00000000d5580000,0x00000000d5580000,0x00000000d5a00000)
  from space 512K, 40% used [0x00000000d5a80000,0x00000000d5ab4040,0x00000000d5b00000)
  to   space 512K, 0% used [0x00000000d5b00000,0x00000000d5b00000,0x00000000d5b80000)
 ParOldGen       total 548352K, used 548020K [0x0000000080000000, 0x00000000a1780000, 0x00000000d5580000)
  object space 548352K, 99% used [0x0000000080000000,0x00000000a172d300,0x00000000a1780000)
 Metaspace       used 88545K, committed 90496K, reserved 1179648K
  class space    used 9156K, committed 10048K, reserved 1048576K
}
Event: 883.805 GC heap before
{Heap before GC invocations=764 (full 4):
 PSYoungGen      total 5120K, used 4816K [0x00000000d5580000, 0x00000000d5b80000, 0x0000000100000000)
  eden space 4608K, 100% used [0x00000000d5580000,0x00000000d5a00000,0x00000000d5a00000)
  from space 512K, 40% used [0x00000000d5a80000,0x00000000d5ab4040,0x00000000d5b00000)
  to   space 512K, 0% used [0x00000000d5b00000,0x00000000d5b00000,0x00000000d5b80000)
 ParOldGen       total 548352K, used 548020K [0x0000000080000000, 0x00000000a1780000, 0x00000000d5580000)
  object space 548352K, 99% used [0x0000000080000000,0x00000000a172d300,0x00000000a1780000)
 Metaspace       used 88557K, committed 90496K, reserved 1179648K
  class space    used 9156K, committed 10048K, reserved 1048576K
}
Event: 883.808 GC heap after
{Heap after GC invocations=764 (full 4):
 PSYoungGen      total 5120K, used 160K [0x00000000d5580000, 0x00000000d5b80000, 0x0000000100000000)
  eden space 4608K, 0% used [0x00000000d5580000,0x00000000d5580000,0x00000000d5a00000)
  from space 512K, 31% used [0x00000000d5b00000,0x00000000d5b28000,0x00000000d5b80000)
  to   space 512K, 0% used [0x00000000d5a80000,0x00000000d5a80000,0x00000000d5b00000)
 ParOldGen       total 548352K, used 548100K [0x0000000080000000, 0x00000000a1780000, 0x00000000d5580000)
  object space 548352K, 99% used [0x0000000080000000,0x00000000a1741300,0x00000000a1780000)
 Metaspace       used 88557K, committed 90496K, reserved 1179648K
  class space    used 9156K, committed 10048K, reserved 1048576K
}
Event: 883.883 GC heap before
{Heap before GC invocations=765 (full 4):
 PSYoungGen      total 5120K, used 4768K [0x00000000d5580000, 0x00000000d5b80000, 0x0000000100000000)
  eden space 4608K, 100% used [0x00000000d5580000,0x00000000d5a00000,0x00000000d5a00000)
  from space 512K, 31% used [0x00000000d5b00000,0x00000000d5b28000,0x00000000d5b80000)
  to   space 512K, 0% used [0x00000000d5a80000,0x00000000d5a80000,0x00000000d5b00000)
 ParOldGen       total 548352K, used 548100K [0x0000000080000000, 0x00000000a1780000, 0x00000000d5580000)
  object space 548352K, 99% used [0x0000000080000000,0x00000000a1741300,0x00000000a1780000)
 Metaspace       used 88571K, committed 90560K, reserved 1179648K
  class space    used 9156K, committed 10048K, reserved 1048576K
}
Event: 883.887 GC heap after
{Heap after GC invocations=765 (full 4):
 PSYoungGen      total 5120K, used 352K [0x00000000d5580000, 0x00000000d5b80000, 0x0000000100000000)
  eden space 4608K, 0% used [0x00000000d5580000,0x00000000d5580000,0x00000000d5a00000)
  from space 512K, 68% used [0x00000000d5a80000,0x00000000d5ad8000,0x00000000d5b00000)
  to   space 512K, 0% used [0x00000000d5b00000,0x00000000d5b00000,0x00000000d5b80000)
 ParOldGen       total 548352K, used 548156K [0x0000000080000000, 0x00000000a1780000, 0x00000000d5580000)
  object space 548352K, 99% used [0x0000000080000000,0x00000000a174f300,0x00000000a1780000)
 Metaspace       used 88571K, committed 90560K, reserved 1179648K
  class space    used 9156K, committed 10048K, reserved 1048576K
}
Event: 884.540 GC heap before
{Heap before GC invocations=766 (full 4):
 PSYoungGen      total 5120K, used 4960K [0x00000000d5580000, 0x00000000d5b80000, 0x0000000100000000)
  eden space 4608K, 100% used [0x00000000d5580000,0x00000000d5a00000,0x00000000d5a00000)
  from space 512K, 68% used [0x00000000d5a80000,0x00000000d5ad8000,0x00000000d5b00000)
  to   space 512K, 0% used [0x00000000d5b00000,0x00000000d5b00000,0x00000000d5b80000)
 ParOldGen       total 548352K, used 548156K [0x0000000080000000, 0x00000000a1780000, 0x00000000d5580000)
  object space 548352K, 99% used [0x0000000080000000,0x00000000a174f300,0x00000000a1780000)
 Metaspace       used 88578K, committed 90560K, reserved 1179648K
  class space    used 9156K, committed 10048K, reserved 1048576K
}
Event: 884.544 GC heap after
{Heap after GC invocations=766 (full 4):
 PSYoungGen      total 5120K, used 474K [0x00000000d5580000, 0x00000000d5b80000, 0x0000000100000000)
  eden space 4608K, 0% used [0x00000000d5580000,0x00000000d5580000,0x00000000d5a00000)
  from space 512K, 92% used [0x00000000d5b00000,0x00000000d5b76900,0x00000000d5b80000)
  to   space 512K, 0% used [0x00000000d5a80000,0x00000000d5a80000,0x00000000d5b00000)
 ParOldGen       total 548352K, used 548220K [0x0000000080000000, 0x00000000a1780000, 0x00000000d5580000)
  object space 548352K, 99% used [0x0000000080000000,0x00000000a175f300,0x00000000a1780000)
 Metaspace       used 88578K, committed 90560K, reserved 1179648K
  class space    used 9156K, committed 10048K, reserved 1048576K
}
Event: 884.746 GC heap before
{Heap before GC invocations=767 (full 4):
 PSYoungGen      total 5120K, used 5082K [0x00000000d5580000, 0x00000000d5b80000, 0x0000000100000000)
  eden space 4608K, 100% used [0x00000000d5580000,0x00000000d5a00000,0x00000000d5a00000)
  from space 512K, 92% used [0x00000000d5b00000,0x00000000d5b76900,0x00000000d5b80000)
  to   space 512K, 0% used [0x00000000d5a80000,0x00000000d5a80000,0x00000000d5b00000)
 ParOldGen       total 548352K, used 548220K [0x0000000080000000, 0x00000000a1780000, 0x00000000d5580000)
  object space 548352K, 99% used [0x0000000080000000,0x00000000a175f300,0x00000000a1780000)
 Metaspace       used 88580K, committed 90560K, reserved 1179648K
  class space    used 9156K, committed 10048K, reserved 1048576K
}
Event: 884.751 GC heap after
{Heap after GC invocations=767 (full 4):
 PSYoungGen      total 5120K, used 378K [0x00000000d5580000, 0x00000000d5b80000, 0x0000000100000000)
  eden space 4608K, 0% used [0x00000000d5580000,0x00000000d5580000,0x00000000d5a00000)
  from space 512K, 73% used [0x00000000d5a80000,0x00000000d5ade900,0x00000000d5b00000)
  to   space 512K, 0% used [0x00000000d5b00000,0x00000000d5b00000,0x00000000d5b80000)
 ParOldGen       total 548352K, used 548236K [0x0000000080000000, 0x00000000a1780000, 0x00000000d5580000)
  object space 548352K, 99% used [0x0000000080000000,0x00000000a1763300,0x00000000a1780000)
 Metaspace       used 88580K, committed 90560K, reserved 1179648K
  class space    used 9156K, committed 10048K, reserved 1048576K
}
Event: 884.781 GC heap before
{Heap before GC invocations=768 (full 4):
 PSYoungGen      total 5120K, used 4986K [0x00000000d5580000, 0x00000000d5b80000, 0x0000000100000000)
  eden space 4608K, 100% used [0x00000000d5580000,0x00000000d5a00000,0x00000000d5a00000)
  from space 512K, 73% used [0x00000000d5a80000,0x00000000d5ade900,0x00000000d5b00000)
  to   space 512K, 0% used [0x00000000d5b00000,0x00000000d5b00000,0x00000000d5b80000)
 ParOldGen       total 548352K, used 548236K [0x0000000080000000, 0x00000000a1780000, 0x00000000d5580000)
  object space 548352K, 99% used [0x0000000080000000,0x00000000a1763300,0x00000000a1780000)
 Metaspace       used 88585K, committed 90560K, reserved 1179648K
  class space    used 9156K, committed 10048K, reserved 1048576K
}
Event: 884.785 GC heap after
{Heap after GC invocations=768 (full 4):
 PSYoungGen      total 5120K, used 128K [0x00000000d5580000, 0x00000000d5b80000, 0x0000000100000000)
  eden space 4608K, 0% used [0x00000000d5580000,0x00000000d5580000,0x00000000d5a00000)
  from space 512K, 25% used [0x00000000d5b00000,0x00000000d5b20000,0x00000000d5b80000)
  to   space 512K, 0% used [0x00000000d5a80000,0x00000000d5a80000,0x00000000d5b00000)
 ParOldGen       total 548352K, used 548236K [0x0000000080000000, 0x00000000a1780000, 0x00000000d5580000)
  object space 548352K, 99% used [0x0000000080000000,0x00000000a1763300,0x00000000a1780000)
 Metaspace       used 88585K, committed 90560K, reserved 1179648K
  class space    used 9156K, committed 10048K, reserved 1048576K
}
Event: 886.392 GC heap before
{Heap before GC invocations=769 (full 4):
 PSYoungGen      total 5120K, used 4736K [0x00000000d5580000, 0x00000000d5b80000, 0x0000000100000000)
  eden space 4608K, 100% used [0x00000000d5580000,0x00000000d5a00000,0x00000000d5a00000)
  from space 512K, 25% used [0x00000000d5b00000,0x00000000d5b20000,0x00000000d5b80000)
  to   space 512K, 0% used [0x00000000d5a80000,0x00000000d5a80000,0x00000000d5b00000)
 ParOldGen       total 548352K, used 548236K [0x0000000080000000, 0x00000000a1780000, 0x00000000d5580000)
  object space 548352K, 99% used [0x0000000080000000,0x00000000a1763300,0x00000000a1780000)
 Metaspace       used 88589K, committed 90560K, reserved 1179648K
  class space    used 9156K, committed 10048K, reserved 1048576K
}
Event: 886.394 GC heap after
{Heap after GC invocations=769 (full 4):
 PSYoungGen      total 5120K, used 192K [0x00000000d5580000, 0x00000000d5b80000, 0x0000000100000000)
  eden space 4608K, 0% used [0x00000000d5580000,0x00000000d5580000,0x00000000d5a00000)
  from space 512K, 37% used [0x00000000d5a80000,0x00000000d5ab0000,0x00000000d5b00000)
  to   space 512K, 0% used [0x00000000d5b00000,0x00000000d5b00000,0x00000000d5b80000)
 ParOldGen       total 548352K, used 548260K [0x0000000080000000, 0x00000000a1780000, 0x00000000d5580000)
  object space 548352K, 99% used [0x0000000080000000,0x00000000a1769300,0x00000000a1780000)
 Metaspace       used 88589K, committed 90560K, reserved 1179648K
  class space    used 9156K, committed 10048K, reserved 1048576K
}
Event: 886.556 GC heap before
{Heap before GC invocations=770 (full 4):
 PSYoungGen      total 5120K, used 4800K [0x00000000d5580000, 0x00000000d5b80000, 0x0000000100000000)
  eden space 4608K, 100% used [0x00000000d5580000,0x00000000d5a00000,0x00000000d5a00000)
  from space 512K, 37% used [0x00000000d5a80000,0x00000000d5ab0000,0x00000000d5b00000)
  to   space 512K, 0% used [0x00000000d5b00000,0x00000000d5b00000,0x00000000d5b80000)
 ParOldGen       total 548352K, used 548260K [0x0000000080000000, 0x00000000a1780000, 0x00000000d5580000)
  object space 548352K, 99% used [0x0000000080000000,0x00000000a1769300,0x00000000a1780000)
 Metaspace       used 88596K, committed 90560K, reserved 1179648K
  class space    used 9156K, committed 10048K, reserved 1048576K
}
Event: 886.559 GC heap after
{Heap after GC invocations=770 (full 4):
 PSYoungGen      total 5120K, used 224K [0x00000000d5580000, 0x00000000d5b80000, 0x0000000100000000)
  eden space 4608K, 0% used [0x00000000d5580000,0x00000000d5580000,0x00000000d5a00000)
  from space 512K, 43% used [0x00000000d5b00000,0x00000000d5b38000,0x00000000d5b80000)
  to   space 512K, 0% used [0x00000000d5a80000,0x00000000d5a80000,0x00000000d5b00000)
 ParOldGen       total 548352K, used 548284K [0x0000000080000000, 0x00000000a1780000, 0x00000000d5580000)
  object space 548352K, 99% used [0x0000000080000000,0x00000000a176f300,0x00000000a1780000)
 Metaspace       used 88596K, committed 90560K, reserved 1179648K
  class space    used 9156K, committed 10048K, reserved 1048576K
}
Event: 886.672 GC heap before
{Heap before GC invocations=771 (full 4):
 PSYoungGen      total 5120K, used 4832K [0x00000000d5580000, 0x00000000d5b80000, 0x0000000100000000)
  eden space 4608K, 100% used [0x00000000d5580000,0x00000000d5a00000,0x00000000d5a00000)
  from space 512K, 43% used [0x00000000d5b00000,0x00000000d5b38000,0x00000000d5b80000)
  to   space 512K, 0% used [0x00000000d5a80000,0x00000000d5a80000,0x00000000d5b00000)
 ParOldGen       total 548352K, used 548284K [0x0000000080000000, 0x00000000a1780000, 0x00000000d5580000)
  object space 548352K, 99% used [0x0000000080000000,0x00000000a176f300,0x00000000a1780000)
 Metaspace       used 88603K, committed 90560K, reserved 1179648K
  class space    used 9156K, committed 10048K, reserved 1048576K
}
Event: 886.675 GC heap after
{Heap after GC invocations=771 (full 4):
 PSYoungGen      total 5120K, used 336K [0x00000000d5580000, 0x00000000d5b80000, 0x0000000100000000)
  eden space 4608K, 0% used [0x00000000d5580000,0x00000000d5580000,0x00000000d5a00000)
  from space 512K, 65% used [0x00000000d5a80000,0x00000000d5ad4040,0x00000000d5b00000)
  to   space 512K, 0% used [0x00000000d5b00000,0x00000000d5b00000,0x00000000d5b80000)
 ParOldGen       total 548352K, used 548316K [0x0000000080000000, 0x00000000a1780000, 0x00000000d5580000)
  object space 548352K, 99% used [0x0000000080000000,0x00000000a1777300,0x00000000a1780000)
 Metaspace       used 88603K, committed 90560K, reserved 1179648K
  class space    used 9156K, committed 10048K, reserved 1048576K
}

Dll operation events (12 events):
Event: 0.021 Loaded shared library c:\Users\kalra\.vscode\extensions\redhat.java-1.53.0-win32-x64\jre\21.0.10-win32-x86_64\bin\java.dll
Event: 0.191 Loaded shared library c:\Users\kalra\.vscode\extensions\redhat.java-1.53.0-win32-x64\jre\21.0.10-win32-x86_64\bin\zip.dll
Event: 0.248 Loaded shared library C:\Users\kalra\.vscode\extensions\redhat.java-1.53.0-win32-x64\jre\21.0.10-win32-x86_64\bin\instrument.dll
Event: 0.260 Loaded shared library C:\Users\kalra\.vscode\extensions\redhat.java-1.53.0-win32-x64\jre\21.0.10-win32-x86_64\bin\net.dll
Event: 0.268 Loaded shared library C:\Users\kalra\.vscode\extensions\redhat.java-1.53.0-win32-x64\jre\21.0.10-win32-x86_64\bin\nio.dll
Event: 0.280 Loaded shared library C:\Users\kalra\.vscode\extensions\redhat.java-1.53.0-win32-x64\jre\21.0.10-win32-x86_64\bin\zip.dll
Event: 0.329 Loaded shared library C:\Users\kalra\.vscode\extensions\redhat.java-1.53.0-win32-x64\jre\21.0.10-win32-x86_64\bin\jimage.dll
Event: 0.511 Loaded shared library c:\Users\kalra\.vscode\extensions\redhat.java-1.53.0-win32-x64\jre\21.0.10-win32-x86_64\bin\verify.dll
Event: 2.995 Loaded shared library C:\Users\kalra\AppData\Roaming\Code\User\globalStorage\redhat.java\1.53.0\config_win\org.eclipse.equinox.launcher\org.eclipse.equinox.launcher.win32.win32.x86_64_1.3.0.v20260203-2149\eclipse_11919.dll
Event: 6.251 Loaded shared library C:\Users\kalra\AppData\Local\Temp\jna-101813893\jna17600933399090719218.dll
Event: 394.376 Loaded shared library C:\Users\kalra\.vscode\extensions\redhat.java-1.53.0-win32-x64\jre\21.0.10-win32-x86_64\bin\sunmscapi.dll
Event: 484.471 Loaded shared library C:\Users\kalra\.vscode\extensions\redhat.java-1.53.0-win32-x64\jre\21.0.10-win32-x86_64\bin\extnet.dll

Deoptimization events (20 events):
Event: 873.214 Thread 0x000002335589a410 Uncommon trap: trap_request=0xffffffde fr.pc=0x0000023308306ce0 relative=0x0000000000000300
Event: 873.214 Thread 0x000002335589a410 Uncommon trap: reason=class_check action=maybe_recompile pc=0x0000023308306ce0 method=java.util.concurrent.ConcurrentHashMap.get(Ljava/lang/Object;)Ljava/lang/Object; @ 93 c2
Event: 873.214 Thread 0x000002335589a410 DEOPT PACKING pc=0x0000023308306ce0 sp=0x000000e00fdfdff0
Event: 873.214 Thread 0x000002335589a410 DEOPT UNPACKING pc=0x0000023307583aa2 sp=0x000000e00fdfdf58 mode 2
Event: 873.215 Thread 0x000002335589a410 Uncommon trap: trap_request=0xffffffde fr.pc=0x0000023308306ce0 relative=0x0000000000000300
Event: 873.215 Thread 0x000002335589a410 Uncommon trap: reason=class_check action=maybe_recompile pc=0x0000023308306ce0 method=java.util.concurrent.ConcurrentHashMap.get(Ljava/lang/Object;)Ljava/lang/Object; @ 93 c2
Event: 873.215 Thread 0x000002335589a410 DEOPT PACKING pc=0x0000023308306ce0 sp=0x000000e00fdfe090
Event: 873.215 Thread 0x000002335589a410 DEOPT UNPACKING pc=0x0000023307583aa2 sp=0x000000e00fdfdff8 mode 2
Event: 873.215 Thread 0x000002335589a410 Uncommon trap: trap_request=0xffffffde fr.pc=0x0000023308306ce0 relative=0x0000000000000300
Event: 873.215 Thread 0x000002335589a410 Uncommon trap: reason=class_check action=maybe_recompile pc=0x0000023308306ce0 method=java.util.concurrent.ConcurrentHashMap.get(Ljava/lang/Object;)Ljava/lang/Object; @ 93 c2
Event: 873.215 Thread 0x000002335589a410 DEOPT PACKING pc=0x0000023308306ce0 sp=0x000000e00fdfdfe0
Event: 873.215 Thread 0x000002335589a410 DEOPT UNPACKING pc=0x0000023307583aa2 sp=0x000000e00fdfdf48 mode 2
Event: 873.215 Thread 0x000002335589a410 Uncommon trap: trap_request=0xffffff45 fr.pc=0x0000023308493fd0 relative=0x0000000000000ab0
Event: 873.215 Thread 0x000002335589a410 Uncommon trap: reason=unstable_if action=reinterpret pc=0x0000023308493fd0 method=java.util.concurrent.ConcurrentHashMap.putVal(Ljava/lang/Object;Ljava/lang/Object;Z)Ljava/lang/Object; @ 202 c2
Event: 873.215 Thread 0x000002335589a410 DEOPT PACKING pc=0x0000023308493fd0 sp=0x000000e00fdfdf50
Event: 873.215 Thread 0x000002335589a410 DEOPT UNPACKING pc=0x0000023307583aa2 sp=0x000000e00fdfded8 mode 2
Event: 873.215 Thread 0x000002335589a410 Uncommon trap: trap_request=0xffffffde fr.pc=0x0000023308306ce0 relative=0x0000000000000300
Event: 873.215 Thread 0x000002335589a410 Uncommon trap: reason=class_check action=maybe_recompile pc=0x0000023308306ce0 method=java.util.concurrent.ConcurrentHashMap.get(Ljava/lang/Object;)Ljava/lang/Object; @ 93 c2
Event: 873.215 Thread 0x000002335589a410 DEOPT PACKING pc=0x0000023308306ce0 sp=0x000000e00fdfe090
Event: 873.215 Thread 0x000002335589a410 DEOPT UNPACKING pc=0x0000023307583aa2 sp=0x000000e00fdfdff8 mode 2

Classes loaded (20 events):
Event: 496.908 Loading class sun/security/ssl/Alert$AlertConsumer
Event: 496.908 Loading class sun/security/ssl/Alert$AlertConsumer done
Event: 496.908 Loading class sun/security/ssl/Alert$Level
Event: 496.908 Loading class sun/security/ssl/Alert$Level done
Event: 800.791 Loading class java/util/stream/ReferencePipeline$15
Event: 800.792 Loading class java/util/stream/ReferencePipeline$15 done
Event: 800.793 Loading class java/util/stream/ReferencePipeline$15$1
Event: 800.793 Loading class java/util/stream/ReferencePipeline$15$1 done
Event: 800.915 Loading class java/util/Collections$EmptyListIterator
Event: 800.915 Loading class java/util/Collections$EmptyListIterator done
Event: 802.617 Loading class jdk/internal/module/IllegalAccessLogger
Event: 802.617 Loading class jdk/internal/module/IllegalAccessLogger done
Event: 835.043 Loading class jdk/internal/module/IllegalAccessLogger
Event: 835.043 Loading class jdk/internal/module/IllegalAccessLogger done
Event: 857.459 Loading class jdk/internal/module/IllegalAccessLogger
Event: 857.459 Loading class jdk/internal/module/IllegalAccessLogger done
Event: 873.205 Loading class java/util/concurrent/ConcurrentHashMap$TreeNode
Event: 873.212 Loading class java/util/concurrent/ConcurrentHashMap$TreeNode done
Event: 873.213 Loading class java/util/concurrent/ConcurrentHashMap$TreeBin
Event: 873.214 Loading class java/util/concurrent/ConcurrentHashMap$TreeBin done

Classes unloaded (11 events):
Event: 7.666 Thread 0x00000233774440a0 Unloading class 0x00000233101a9400 'java/lang/invoke/LambdaForm$MH+0x00000233101a9400'
Event: 7.666 Thread 0x00000233774440a0 Unloading class 0x00000233101a9000 'java/lang/invoke/LambdaForm$MH+0x00000233101a9000'
Event: 7.666 Thread 0x00000233774440a0 Unloading class 0x00000233101a8c00 'java/lang/invoke/LambdaForm$MH+0x00000233101a8c00'
Event: 7.666 Thread 0x00000233774440a0 Unloading class 0x00000233101a8800 'java/lang/invoke/LambdaForm$MH+0x00000233101a8800'
Event: 7.666 Thread 0x00000233774440a0 Unloading class 0x00000233101a8400 'java/lang/invoke/LambdaForm$BMH+0x00000233101a8400'
Event: 7.666 Thread 0x00000233774440a0 Unloading class 0x00000233101a8000 'java/lang/invoke/LambdaForm$DMH+0x00000233101a8000'
Event: 7.666 Thread 0x00000233774440a0 Unloading class 0x00000233101a6c00 'java/lang/invoke/LambdaForm$DMH+0x00000233101a6c00'
Event: 20.847 Thread 0x00000233774440a0 Unloading class 0x00000233106b5000 'java/lang/invoke/LambdaForm$DMH+0x00000233106b5000'
Event: 20.847 Thread 0x00000233774440a0 Unloading class 0x00000233106b4c00 'java/lang/invoke/LambdaForm$DMH+0x00000233106b4c00'
Event: 20.847 Thread 0x00000233774440a0 Unloading class 0x00000233106b4800 'java/lang/invoke/LambdaForm$DMH+0x00000233106b4800'
Event: 20.847 Thread 0x00000233774440a0 Unloading class 0x00000233106b4400 'java/lang/invoke/LambdaForm$DMH+0x00000233106b4400'

Classes redefined (0 events):
No events

Internal exceptions (20 events):
Event: 800.790 Thread 0x0000023357e04870 Implicit null exception at 0x00000233082c843f to 0x00000233082c88a4
Event: 800.790 Thread 0x0000023357e04870 Implicit null exception at 0x00000233082c4a43 to 0x00000233082c4fe4
Event: 801.130 Thread 0x0000023357e2bfc0 Exception <a 'java/lang/NoSuchMethodError'{0x00000000d5615ad8}: 'void java.lang.invoke.DirectMethodHandle$Holder.invokeVirtual(java.lang.Object, java.lang.Object, java.lang.Object, java.lang.Object, java.lang.Object)'> (0x00000000d5615ad8) 
thrown [s\src\hotspot\share\interpreter\linkResolver.cpp, line 773]
Event: 802.249 Thread 0x0000023357e2e720 Exception <a 'java/lang/NoSuchMethodError'{0x00000000d56a5d30}: 'int java.lang.invoke.DirectMethodHandle$Holder.invokeSpecialIFC(java.lang.Object, java.lang.Object, int)'> (0x00000000d56a5d30) 
thrown [s\src\hotspot\share\interpreter\linkResolver.cpp, line 773]
Event: 802.304 Thread 0x0000023357e2e720 Exception <a 'sun/nio/fs/WindowsException'{0x00000000d58121e8}> (0x00000000d58121e8) 
thrown [s\src\hotspot\share\prims\jni.cpp, line 520]
Event: 802.304 Thread 0x0000023357e2e720 Exception <a 'sun/nio/fs/WindowsException'{0x00000000d5812818}> (0x00000000d5812818) 
thrown [s\src\hotspot\share\prims\jni.cpp, line 520]
Event: 802.309 Thread 0x0000023355f64440 Exception <a 'sun/nio/fs/WindowsException'{0x00000000d58154b8}> (0x00000000d58154b8) 
thrown [s\src\hotspot\share\prims\jni.cpp, line 520]
Event: 802.872 Thread 0x0000023355f64440 Exception <a 'sun/nio/fs/WindowsException'{0x00000000d56cfcb8}> (0x00000000d56cfcb8) 
thrown [s\src\hotspot\share\prims\jni.cpp, line 520]
Event: 834.809 Thread 0x0000023355f64440 Exception <a 'sun/nio/fs/WindowsException'{0x00000000d56d4078}> (0x00000000d56d4078) 
thrown [s\src\hotspot\share\prims\jni.cpp, line 520]
Event: 835.265 Thread 0x0000023355f64440 Exception <a 'sun/nio/fs/WindowsException'{0x00000000d5694878}> (0x00000000d5694878) 
thrown [s\src\hotspot\share\prims\jni.cpp, line 520]
Event: 852.834 Thread 0x0000023357e04870 Implicit null exception at 0x00000233086e436f to 0x00000233086e4730
Event: 852.889 Thread 0x0000023357e04870 Exception <a 'java/lang/NoSuchMethodError'{0x00000000d55e5ea8}: 'java.lang.Object java.lang.invoke.DirectMethodHandle$Holder.invokeStatic(java.lang.Object, int, java.lang.Object)'> (0x00000000d55e5ea8) 
thrown [s\src\hotspot\share\interpreter\linkResolver.cpp, line 773]
Event: 854.962 Thread 0x0000023357e04870 Implicit null exception at 0x000002330810696b to 0x0000023308109004
Event: 857.158 Thread 0x0000023355f64440 Exception <a 'sun/nio/fs/WindowsException'{0x00000000d5630e00}> (0x00000000d5630e00) 
thrown [s\src\hotspot\share\prims\jni.cpp, line 520]
Event: 857.320 Thread 0x0000023355f61650 Implicit null exception at 0x0000023308182ac7 to 0x0000023308183284
Event: 857.558 Thread 0x0000023355f64440 Exception <a 'sun/nio/fs/WindowsException'{0x00000000d56e42e8}> (0x00000000d56e42e8) 
thrown [s\src\hotspot\share\prims\jni.cpp, line 520]
Event: 872.243 Thread 0x0000023357e2bfc0 Exception <a 'java/lang/IncompatibleClassChangeError'{0x00000000d568fcc0}: Found class java.lang.Object, but interface was expected> (0x00000000d568fcc0) 
thrown [s\src\hotspot\share\interpreter\linkResolver.cpp, line 840]
Event: 872.401 Thread 0x000002335589a410 Implicit null exception at 0x00000233089daa73 to 0x00000233089db174
Event: 872.414 Thread 0x000002335589a410 Implicit null exception at 0x0000023307dedd76 to 0x0000023307dee590
Event: 872.441 Thread 0x000002335589a410 Implicit null exception at 0x0000023308b0f10c to 0x0000023308b10a52

ZGC Phase Switch (0 events):
No events

VM Operations (20 events):
Event: 884.540 Executing safepoint VM operation: ParallelGCFailedAllocation (Allocation Failure)
Event: 884.544 Executing safepoint VM operation: ParallelGCFailedAllocation (Allocation Failure) done
Event: 884.746 Executing safepoint VM operation: ParallelGCFailedAllocation (Allocation Failure)
Event: 884.751 Executing safepoint VM operation: ParallelGCFailedAllocation (Allocation Failure) done
Event: 884.781 Executing safepoint VM operation: ParallelGCFailedAllocation (Allocation Failure)
Event: 884.785 Executing safepoint VM operation: ParallelGCFailedAllocation (Allocation Failure) done
Event: 885.800 Executing safepoint VM operation: Cleanup
Event: 885.800 Executing safepoint VM operation: Cleanup done
Event: 886.392 Executing safepoint VM operation: ParallelGCFailedAllocation (Allocation Failure)
Event: 886.394 Executing safepoint VM operation: ParallelGCFailedAllocation (Allocation Failure) done
Event: 886.556 Executing safepoint VM operation: ParallelGCFailedAllocation (Allocation Failure)
Event: 886.559 Executing safepoint VM operation: ParallelGCFailedAllocation (Allocation Failure) done
Event: 886.672 Executing safepoint VM operation: ParallelGCFailedAllocation (Allocation Failure)
Event: 886.675 Executing safepoint VM operation: ParallelGCFailedAllocation (Allocation Failure) done
Event: 887.687 Executing safepoint VM operation: Cleanup
Event: 887.687 Executing safepoint VM operation: Cleanup done
Event: 968.346 Executing non-safepoint VM operation: HandshakeAllThreads (HandshakeForDeflation)
Event: 968.346 Executing non-safepoint VM operation: HandshakeAllThreads (HandshakeForDeflation) done
Event: 968.346 Executing non-safepoint VM operation: RendezvousGCThreads
Event: 968.346 Executing non-safepoint VM operation: RendezvousGCThreads done

Memory protections (0 events):
No events

Nmethod flushes (20 events):
Event: 490.711 Thread 0x00000233774440a0 flushing  nmethod 0x0000023300fd9890
Event: 490.711 Thread 0x00000233774440a0 flushing  nmethod 0x0000023300fe1210
Event: 490.711 Thread 0x00000233774440a0 flushing  nmethod 0x0000023300feb090
Event: 490.711 Thread 0x00000233774440a0 flushing  nmethod 0x0000023300ff6d90
Event: 490.711 Thread 0x00000233774440a0 flushing  nmethod 0x0000023300ff9410
Event: 490.711 Thread 0x00000233774440a0 flushing  nmethod 0x0000023300ffd610
Event: 490.711 Thread 0x00000233774440a0 flushing  nmethod 0x0000023301001f90
Event: 490.711 Thread 0x00000233774440a0 flushing  nmethod 0x0000023301009210
Event: 490.711 Thread 0x00000233774440a0 flushing  nmethod 0x000002330100ce10
Event: 490.711 Thread 0x00000233774440a0 flushing  nmethod 0x0000023301024790
Event: 490.711 Thread 0x00000233774440a0 flushing  nmethod 0x000002330102bc10
Event: 490.711 Thread 0x00000233774440a0 flushing  nmethod 0x000002330103b110
Event: 490.711 Thread 0x00000233774440a0 flushing  nmethod 0x0000023301060e10
Event: 490.711 Thread 0x00000233774440a0 flushing  nmethod 0x0000023301066710
Event: 490.711 Thread 0x00000233774440a0 flushing  nmethod 0x000002330106a910
Event: 490.711 Thread 0x00000233774440a0 flushing  nmethod 0x0000023301138d10
Event: 490.711 Thread 0x00000233774440a0 flushing  nmethod 0x0000023301174b90
Event: 490.711 Thread 0x00000233774440a0 flushing  nmethod 0x0000023301175c10
Event: 490.711 Thread 0x00000233774440a0 flushing  nmethod 0x0000023301179710
Event: 490.711 Thread 0x00000233774440a0 flushing  nmethod 0x000002330117bd10

Events (20 events):
Event: 859.749 Thread 0x000002335503e510 Thread added: 0x0000023359a64400
Event: 863.328 Thread 0x0000023359a64400 Thread exited: 0x0000023359a64400
Event: 863.500 Thread 0x000002335503e510 Thread added: 0x0000023359a61450
Event: 864.247 Thread 0x0000023359a61450 Thread exited: 0x0000023359a61450
Event: 869.117 Thread 0x000002335503e510 Thread added: 0x0000023359a64400
Event: 869.310 Thread 0x000002335503e510 Thread added: 0x0000023359a61450
Event: 870.273 Thread 0x0000023359a61450 Thread exited: 0x0000023359a61450
Event: 870.273 Thread 0x0000023359a64400 Thread exited: 0x0000023359a64400
Event: 870.907 Thread 0x000002335501a2e0 Thread added: 0x0000023359a61b20
Event: 872.242 Thread 0x0000023359a61b20 Thread exited: 0x0000023359a61b20
Event: 873.230 Thread 0x000002335503e510 Thread added: 0x0000023359a61b20
Event: 876.416 Thread 0x0000023359a61b20 Thread exited: 0x0000023359a61b20
Event: 876.812 Thread 0x000002335503e510 Thread added: 0x0000023359a62f90
Event: 882.049 Thread 0x0000023359a62f90 Thread exited: 0x0000023359a62f90
Event: 883.698 Thread 0x000002335501a2e0 Thread added: 0x0000023359a64400
Event: 883.822 Thread 0x0000023359a64400 Thread exited: 0x0000023359a64400
Event: 884.775 Thread 0x000002335503e510 Thread added: 0x0000023359a621f0
Event: 886.390 Thread 0x0000023359a621f0 Thread exited: 0x0000023359a621f0
Event: 886.602 Thread 0x000002335503e510 Thread added: 0x0000023359a62f90
Event: 891.826 Thread 0x0000023359a62f90 Thread exited: 0x0000023359a62f90


Dynamic libraries:
0x00007ff68d540000 - 0x00007ff68d54e000 	c:\Users\kalra\.vscode\extensions\redhat.java-1.53.0-win32-x64\jre\21.0.10-win32-x86_64\bin\java.exe
0x00007fff8a940000 - 0x00007fff8aba7000 	C:\WINDOWS\SYSTEM32\ntdll.dll
0x00007fff89670000 - 0x00007fff89739000 	C:\WINDOWS\System32\KERNEL32.DLL
0x00007fff88170000 - 0x00007fff88561000 	C:\WINDOWS\System32\KERNELBASE.dll
0x00007fff87ff0000 - 0x00007fff8813b000 	C:\WINDOWS\System32\ucrtbase.dll
0x00007fff61980000 - 0x00007fff61998000 	c:\Users\kalra\.vscode\extensions\redhat.java-1.53.0-win32-x64\jre\21.0.10-win32-x86_64\bin\jli.dll
0x00007fff899a0000 - 0x00007fff89b65000 	C:\WINDOWS\System32\USER32.dll
0x00007fff88140000 - 0x00007fff88167000 	C:\WINDOWS\System32\win32u.dll
0x00007fff89180000 - 0x00007fff891ab000 	C:\WINDOWS\System32\GDI32.dll
0x00007fff87220000 - 0x00007fff8734b000 	C:\WINDOWS\System32\gdi32full.dll
0x00007fff5e4e0000 - 0x00007fff5e4fe000 	c:\Users\kalra\.vscode\extensions\redhat.java-1.53.0-win32-x64\jre\21.0.10-win32-x86_64\bin\VCRUNTIME140.dll
0x00007fff87eb0000 - 0x00007fff87f53000 	C:\WINDOWS\System32\msvcp_win.dll
0x00007fff6aee0000 - 0x00007fff6b173000 	C:\WINDOWS\WinSxS\amd64_microsoft.windows.common-controls_6595b64144ccf1df_6.0.26100.8037_none_3e092faae333b53b\COMCTL32.dll
0x00007fff89750000 - 0x00007fff897f9000 	C:\WINDOWS\System32\msvcrt.dll
0x00007fff89110000 - 0x00007fff89141000 	C:\WINDOWS\System32\IMM32.DLL
0x00007fff6ac70000 - 0x00007fff6ac7c000 	c:\Users\kalra\.vscode\extensions\redhat.java-1.53.0-win32-x64\jre\21.0.10-win32-x86_64\bin\vcruntime140_1.dll
0x00007fff00a10000 - 0x00007fff00a9d000 	c:\Users\kalra\.vscode\extensions\redhat.java-1.53.0-win32-x64\jre\21.0.10-win32-x86_64\bin\msvcp140.dll
0x00007ffed3b90000 - 0x00007ffed4931000 	c:\Users\kalra\.vscode\extensions\redhat.java-1.53.0-win32-x64\jre\21.0.10-win32-x86_64\bin\server\jvm.dll
0x00007fff8a2e0000 - 0x00007fff8a39b000 	C:\WINDOWS\System32\ADVAPI32.dll
0x00007fff886e0000 - 0x00007fff88787000 	C:\WINDOWS\System32\sechost.dll
0x00007fff89450000 - 0x00007fff89568000 	C:\WINDOWS\System32\RPCRT4.dll
0x00007fff88820000 - 0x00007fff88894000 	C:\WINDOWS\System32\WS2_32.dll
0x00007fff87080000 - 0x00007fff870de000 	C:\WINDOWS\SYSTEM32\POWRPROF.dll
0x00007fff81780000 - 0x00007fff817b5000 	C:\WINDOWS\SYSTEM32\WINMM.dll
0x00007fff817c0000 - 0x00007fff817cb000 	C:\WINDOWS\SYSTEM32\VERSION.dll
0x00007fff87060000 - 0x00007fff87074000 	C:\WINDOWS\SYSTEM32\UMPDC.dll
0x00007fff85fb0000 - 0x00007fff85fcb000 	C:\WINDOWS\SYSTEM32\kernel.appcore.dll
0x00007fff6a660000 - 0x00007fff6a66a000 	c:\Users\kalra\.vscode\extensions\redhat.java-1.53.0-win32-x64\jre\21.0.10-win32-x86_64\bin\jimage.dll
0x00007fff7b9f0000 - 0x00007fff7bc32000 	C:\WINDOWS\SYSTEM32\DBGHELP.DLL
0x00007fff8a570000 - 0x00007fff8a8f2000 	C:\WINDOWS\System32\combase.dll
0x00007fff89320000 - 0x00007fff893f7000 	C:\WINDOWS\System32\OLEAUT32.dll
0x00007fff6dad0000 - 0x00007fff6db0b000 	C:\WINDOWS\SYSTEM32\dbgcore.DLL
0x00007fff88630000 - 0x00007fff886d5000 	C:\WINDOWS\System32\bcryptPrimitives.dll
0x00007fff56b40000 - 0x00007fff56b4f000 	c:\Users\kalra\.vscode\extensions\redhat.java-1.53.0-win32-x64\jre\21.0.10-win32-x86_64\bin\instrument.dll
0x00007fff4dc30000 - 0x00007fff4dc50000 	c:\Users\kalra\.vscode\extensions\redhat.java-1.53.0-win32-x64\jre\21.0.10-win32-x86_64\bin\java.dll
0x00007fff89b70000 - 0x00007fff8a2cf000 	C:\WINDOWS\System32\SHELL32.dll
0x00007fff87d40000 - 0x00007fff87eaa000 	C:\WINDOWS\System32\wintypes.dll
0x00007fff874d0000 - 0x00007fff87d34000 	C:\WINDOWS\System32\windows.storage.dll
0x00007fff89210000 - 0x00007fff89307000 	C:\WINDOWS\System32\SHCORE.dll
0x00007fff8a500000 - 0x00007fff8a567000 	C:\WINDOWS\System32\shlwapi.dll
0x00007fff87140000 - 0x00007fff87169000 	C:\WINDOWS\SYSTEM32\profapi.dll
0x00007fff4d930000 - 0x00007fff4d948000 	c:\Users\kalra\.vscode\extensions\redhat.java-1.53.0-win32-x64\jre\21.0.10-win32-x86_64\bin\zip.dll
0x00007fff6f7f0000 - 0x00007fff6f800000 	C:\Users\kalra\.vscode\extensions\redhat.java-1.53.0-win32-x64\jre\21.0.10-win32-x86_64\bin\net.dll
0x00007fff7e6e0000 - 0x00007fff7e807000 	C:\WINDOWS\SYSTEM32\WINHTTP.dll
0x00007fff86520000 - 0x00007fff8658b000 	C:\WINDOWS\system32\mswsock.dll
0x00007fff4d910000 - 0x00007fff4d926000 	C:\Users\kalra\.vscode\extensions\redhat.java-1.53.0-win32-x64\jre\21.0.10-win32-x86_64\bin\nio.dll
0x00007fff6ad90000 - 0x00007fff6ada0000 	c:\Users\kalra\.vscode\extensions\redhat.java-1.53.0-win32-x64\jre\21.0.10-win32-x86_64\bin\verify.dll
0x00007fff71720000 - 0x00007fff71765000 	C:\Users\kalra\AppData\Roaming\Code\User\globalStorage\redhat.java\1.53.0\config_win\org.eclipse.equinox.launcher\org.eclipse.equinox.launcher.win32.win32.x86_64_1.3.0.v20260203-2149\eclipse_11919.dll
0x00007fff89800000 - 0x00007fff89995000 	C:\WINDOWS\System32\ole32.dll
0x00007fff86800000 - 0x00007fff8681b000 	C:\WINDOWS\SYSTEM32\CRYPTSP.dll
0x00007fff85f10000 - 0x00007fff85f49000 	C:\WINDOWS\system32\rsaenh.dll
0x00007fff865d0000 - 0x00007fff86602000 	C:\WINDOWS\SYSTEM32\USERENV.dll
0x00007fff87110000 - 0x00007fff8713a000 	C:\WINDOWS\SYSTEM32\bcrypt.dll
0x00007fff86820000 - 0x00007fff8682c000 	C:\WINDOWS\SYSTEM32\CRYPTBASE.dll
0x00007fff85980000 - 0x00007fff859b3000 	C:\WINDOWS\SYSTEM32\IPHLPAPI.DLL
0x00007fff89740000 - 0x00007fff8974a000 	C:\WINDOWS\System32\NSI.dll
0x00007fff6f920000 - 0x00007fff6f969000 	C:\Users\kalra\AppData\Local\Temp\jna-101813893\jna17600933399090719218.dll
0x00007fff89170000 - 0x00007fff89178000 	C:\WINDOWS\System32\PSAPI.DLL
0x00007fff81d70000 - 0x00007fff81d8d000 	C:\WINDOWS\SYSTEM32\dhcpcsvc6.DLL
0x00007fff81d20000 - 0x00007fff81d43000 	C:\WINDOWS\SYSTEM32\dhcpcsvc.DLL
0x00007fff82990000 - 0x00007fff8299e000 	C:\Users\kalra\.vscode\extensions\redhat.java-1.53.0-win32-x64\jre\21.0.10-win32-x86_64\bin\sunmscapi.dll
0x00007fff87350000 - 0x00007fff874c7000 	C:\WINDOWS\System32\CRYPT32.dll
0x00007fff86a20000 - 0x00007fff86a50000 	C:\WINDOWS\SYSTEM32\ncrypt.dll
0x00007fff869d0000 - 0x00007fff86a0f000 	C:\WINDOWS\SYSTEM32\NTASN1.dll
0x00007fff85a30000 - 0x00007fff85b5a000 	C:\WINDOWS\SYSTEM32\DNSAPI.dll
0x00007fff7e470000 - 0x00007fff7e47b000 	C:\Windows\System32\rasadhlp.dll
0x00007fff82290000 - 0x00007fff82316000 	C:\WINDOWS\System32\fwpuclnt.dll
0x00007fff7f200000 - 0x00007fff7f209000 	C:\Users\kalra\.vscode\extensions\redhat.java-1.53.0-win32-x64\jre\21.0.10-win32-x86_64\bin\extnet.dll

JVMTI agents:
c:\Users\kalra\.vscode\extensions\redhat.java-1.53.0-win32-x64\lombok\lombok-1.18.39-4050.jar path:c:\Users\kalra\.vscode\extensions\redhat.java-1.53.0-win32-x64\jre\21.0.10-win32-x86_64\bin\instrument.dll, loaded, initialized, instrumentlib options:none

dbghelp: loaded successfully - version: 4.0.5 - missing functions: none
symbol engine: initialized successfully - sym options: 0x614 - pdb path: .;c:\Users\kalra\.vscode\extensions\redhat.java-1.53.0-win32-x64\jre\21.0.10-win32-x86_64\bin;C:\WINDOWS\SYSTEM32;C:\WINDOWS\WinSxS\amd64_microsoft.windows.common-controls_6595b64144ccf1df_6.0.26100.8037_none_3e092faae333b53b;c:\Users\kalra\.vscode\extensions\redhat.java-1.53.0-win32-x64\jre\21.0.10-win32-x86_64\bin\server;C:\Users\kalra\AppData\Roaming\Code\User\globalStorage\redhat.java\1.53.0\config_win\org.eclipse.equinox.launcher\org.eclipse.equinox.launcher.win32.win32.x86_64_1.3.0.v20260203-2149;C:\Users\kalra\AppData\Local\Temp\jna-101813893

VM Arguments:
jvm_args: --add-modules=ALL-SYSTEM --add-opens=java.base/java.util=ALL-UNNAMED --add-opens=java.base/java.lang=ALL-UNNAMED --add-opens=java.base/sun.nio.fs=ALL-UNNAMED -Declipse.application=org.eclipse.jdt.ls.core.id1 -Dosgi.bundles.defaultStartLevel=4 -Declipse.product=org.eclipse.jdt.ls.core.product -Djava.import.generatesMetadataFilesAtProjectRoot=false -DDetectVMInstallationsJob.disabled=true -Dfile.encoding=utf8 -XX:+UseParallelGC -XX:GCTimeRatio=4 -XX:AdaptiveSizePolicyWeight=90 -Dsun.zip.disableMemoryMapping=true -Xmx2G -Xms100m -Xlog:disable -javaagent:c:\Users\kalra\.vscode\extensions\redhat.java-1.53.0-win32-x64\lombok\lombok-1.18.39-4050.jar -XX:+HeapDumpOnOutOfMemoryError -XX:HeapDumpPath=c:\Users\kalra\AppData\Roaming\Code\User\workspaceStorage\4fda5c3b26c15e0cb27154c0e992db6d\redhat.java -Daether.dependencyCollector.impl=bf 
java_command: c:\Users\kalra\.vscode\extensions\redhat.java-1.53.0-win32-x64\server\plugins\org.eclipse.equinox.launcher_1.7.100.v20251111-0406.jar -configuration c:\Users\kalra\AppData\Roaming\Code\User\globalStorage\redhat.java\1.53.0\config_win -data c:\Users\kalra\AppData\Roaming\Code\User\workspaceStorage\4fda5c3b26c15e0cb27154c0e992db6d\redhat.java\jdt_ws --pipe=\\.\pipe\lsp-bf15a581d17a8fd3bc1c24cc5d03a64d-sock
java_class_path (initial): c:\Users\kalra\.vscode\extensions\redhat.java-1.53.0-win32-x64\server\plugins\org.eclipse.equinox.launcher_1.7.100.v20251111-0406.jar
Launcher Type: SUN_STANDARD

[Global flags]
    uintx AdaptiveSizePolicyWeight                 = 90                                        {product} {command line}
     intx CICompilerCount                          = 4                                         {product} {ergonomic}
    uintx GCTimeRatio                              = 4                                         {product} {command line}
     bool HeapDumpOnOutOfMemoryError               = true                                   {manageable} {command line}
    ccstr HeapDumpPath                             = c:\Users\kalra\AppData\Roaming\Code\User\workspaceStorage\4fda5c3b26c15e0cb27154c0e992db6d\redhat.java         {manageable} {command line}
   size_t InitialHeapSize                          = 104857600                                 {product} {command line}
   size_t MaxHeapSize                              = 2147483648                                {product} {command line}
   size_t MaxNewSize                               = 715653120                                 {product} {ergonomic}
   size_t MinHeapDeltaBytes                        = 524288                                    {product} {ergonomic}
   size_t MinHeapSize                              = 104857600                                 {product} {command line}
   size_t NewSize                                  = 34603008                                  {product} {ergonomic}
    uintx NonNMethodCodeHeapSize                   = 5839372                                {pd product} {ergonomic}
    uintx NonProfiledCodeHeapSize                  = 122909434                              {pd product} {ergonomic}
   size_t OldSize                                  = 70254592                                  {product} {ergonomic}
    uintx ProfiledCodeHeapSize                     = 122909434                              {pd product} {ergonomic}
    uintx ReservedCodeCacheSize                    = 251658240                              {pd product} {ergonomic}
     bool SegmentedCodeCache                       = true                                      {product} {ergonomic}
   size_t SoftMaxHeapSize                          = 2147483648                             {manageable} {ergonomic}
     bool UseCompressedOops                        = true                           {product lp64_product} {ergonomic}
     bool UseLargePagesIndividualAllocation        = false                                  {pd product} {ergonomic}
     bool UseParallelGC                            = true                                      {product} {command line}

Logging:
Log output configuration:
 #0: stdout all=off uptime,level,tags foldmultilines=false
 #1: stderr all=off uptime,level,tags foldmultilines=false

Release file:
JAVA_VERSION="21.0.10" 
MODULES="java.base java.compiler java.datatransfer java.xml java.prefs java.desktop java.instrument java.logging java.management java.security.sasl java.naming java.rmi java.management.rmi java.net.http java.scripting java.security.jgss java.transaction.xa java.sql java.sql.rowset java.xml.crypto java.se java.smartcardio jdk.accessibility jdk.internal.jvmstat jdk.attach jdk.charsets jdk.internal.opt jdk.zipfs jdk.compiler jdk.crypto.ec jdk.crypto.cryptoki jdk.crypto.mscapi jdk.dynalink jdk.internal.ed jdk.editpad jdk.hotspot.agent jdk.httpserver jdk.internal.le jdk.internal.vm.ci jdk.internal.vm.compiler jdk.internal.vm.compiler.management jdk.jartool jdk.javadoc jdk.jcmd jdk.management jdk.management.agent jdk.jconsole jdk.jdeps jdk.jdwp.agent jdk.jdi jdk.jfr jdk.jshell jdk.jsobject jdk.jstatd jdk.localedata jdk.management.jfr jdk.naming.dns jdk.naming.rmi jdk.net jdk.nio.mapmode jdk.random jdk.sctp jdk.security.auth jdk.security.jgss jdk.unsupported jdk.unsupported.desktop jdk.xml.dom" 

Environment Variables:
PATH=C:\Users\kalra\AppData\Local\Programs\Microsoft VS Code;C:\Python314\Scripts\;C:\Python314\;C:\Program Files\nodejs\;C:\ProgramData\chocolatey\bin;D:\Git\cmd;C:\Users\kalra\AppData\Local\Programs\Python\Python313\Scripts\;C:\Users\kalra\AppData\Local\Programs\Python\Python313\;C:\Program Files\MySQL\MySQL Shell 8.0\bin\;C:\Users\kalra\AppData\Local\Programs\Python\Python312\Scripts\;C:\Users\kalra\AppData\Local\Programs\Python\Python312\;C:\Users\kalra\AppData\Local\Microsoft\WindowsApps;C:\Users\kalra\AppData\Local\Programs\Microsoft VS Code\bin;C:\Program Files\Azure Data Studio\bin;%JAVA_HOME%\bin;C:\Program Files\Maven\apache-maven-3.9.11\bin;C:\Program Files\MySQL\MySQL Server 8.0\bin;C:\Users\kalra\AppData\Roaming\npm;C:\Users\kalra\Downloads\flutter_windows_3.41.4-stable\flutter\bin;C:\Windows\System32;C:\Program Files\Git\cmd;C:\Windows\System32\WindowsPowerShell\v1.0\;
USERNAME=kalra
OS=Windows_NT
PROCESSOR_IDENTIFIER=AMD64 Family 23 Model 104 Stepping 1, AuthenticAMD
TMP=C:\Users\kalra\AppData\Local\Temp
TEMP=C:\Users\kalra\AppData\Local\Temp




Periodic native trim disabled

---------------  S Y S T E M  ---------------

OS:
 Windows 11 , 64 bit Build 26100 (10.0.26100.7920)
OS uptime: 0 days 1:06 hours
Hyper-V role detected

CPU: total 12 (initial active 12) (12 cores per cpu, 2 threads per core) family 23 model 104 stepping 1 microcode 0x8608107, cx8, cmov, fxsr, ht, mmx, 3dnowpref, sse, sse2, sse3, ssse3, sse4a, sse4.1, sse4.2, popcnt, lzcnt, tsc, tscinvbit, avx, avx2, aes, clmul, bmi1, bmi2, adx, sha, fma, vzeroupper, clflush, clflushopt, hv, rdtscp, rdpid, f16c
Processor Information for the first 12 processors :
  Max Mhz: 2100, Current Mhz: 2100, Mhz Limit: 2100

Memory: 4k page, system-wide physical 7501M (587M free)
TotalPageFile size 16327M (AvailPageFile size 5M)
current process WorkingSet (physical memory assigned to process): 427M, peak: 714M
current process commit charge ("private bytes"): 940M, peak: 987M

vm_info: OpenJDK 64-Bit Server VM (21.0.10+7-LTS) for windows-amd64 JRE (21.0.10+7-LTS), built on 2026-01-20T00:00:00Z by "admin" with MS VC++ 17.12 (VS2022)

END.
