#
# There is insufficient memory for the Java Runtime Environment to continue.
# Native memory allocation (mmap) failed to map 65536 bytes. Error detail: Failed to commit metaspace.
# Possible reasons:
#   The system is out of physical RAM or swap space
#   This process is running with CompressedOops enabled, and the Java Heap may be blocking the growth of the native heap
# Possible solutions:
#   Reduce memory load on the system
#   Increase physical memory or swap space
#   Check if swap backing store is full
#   Decrease Java heap size (-Xmx/-Xms)
#   Decrease number of Java threads
#   Decrease Java thread stack sizes (-Xss)
#   Set larger code cache with -XX:ReservedCodeCacheSize=
#   JVM is running with Unscaled Compressed Oops mode in which the Java heap is
#     placed in the first 4GB address space. The Java Heap base address is the
#     maximum limit for the native heap growth. Please use -XX:HeapBaseMinAddress
#     to set the Java Heap base and to place the Java Heap above 4GB virtual address.
# This output file may be truncated or incomplete.
#
#  Out of Memory Error (virtualSpaceNode.cpp:113), pid=20504, tid=8744
#
# JRE version: OpenJDK Runtime Environment Temurin-21.0.10+7 (21.0.10+7) (build 21.0.10+7-LTS)
# Java VM: OpenJDK 64-Bit Server VM Temurin-21.0.10+7 (21.0.10+7-LTS, mixed mode, sharing, tiered, compressed oops, compressed class ptrs, parallel gc, windows-amd64)
# No core dump will be written. Minidumps are not enabled by default on client versions of Windows
#

---------------  S U M M A R Y ------------

Command Line: --add-modules=ALL-SYSTEM --add-opens=java.base/java.util=ALL-UNNAMED --add-opens=java.base/java.lang=ALL-UNNAMED --add-opens=java.base/sun.nio.fs=ALL-UNNAMED -Declipse.application=org.eclipse.jdt.ls.core.id1 -Dosgi.bundles.defaultStartLevel=4 -Declipse.product=org.eclipse.jdt.ls.core.product -Djava.import.generatesMetadataFilesAtProjectRoot=false -DDetectVMInstallationsJob.disabled=true -Dfile.encoding=utf8 -XX:+UseParallelGC -XX:GCTimeRatio=4 -XX:AdaptiveSizePolicyWeight=90 -Dsun.zip.disableMemoryMapping=true -Xmx2G -Xms100m -Xlog:disable -javaagent:c:\Users\kalra\.vscode\extensions\redhat.java-1.53.0-win32-x64\lombok\lombok-1.18.39-4050.jar c:\Users\kalra\.vscode\extensions\redhat.java-1.53.0-win32-x64\server\plugins\org.eclipse.equinox.launcher_1.7.100.v20251111-0406.jar -configuration c:\Users\kalra\AppData\Roaming\Code\User\globalStorage\redhat.java\1.53.0\config_ss_win -data c:\Users\kalra\AppData\Roaming\Code\User\workspaceStorage\4fda5c3b26c15e0cb27154c0e992db6d\redhat.java\ss_ws --pipe=\\.\pipe\lsp-75065e43f91413741c10d4b185b21795-sock

Host: AMD Ryzen 5 5500U with Radeon Graphics         , 12 cores, 7G,  Windows 11 , 64 bit Build 26100 (10.0.26100.7920)
Time: Fri Mar 27 16:06:45 2026 India Standard Time elapsed time: 2.164294 seconds (0d 0h 0m 2s)

---------------  T H R E A D  ---------------

Current thread (0x000002167c5c84c0):  JavaThread "Start Level: Equinox Container: fa3814bb-fffb-489f-a93c-230f434c125f" daemon [_thread_in_vm, id=8744, stack(0x0000006530a00000,0x0000006530b00000) (1024K)]

Stack: [0x0000006530a00000,0x0000006530b00000]
Native frames: (J=compiled Java code, j=interpreted, Vv=VM code, C=native code)
V  [jvm.dll+0x6d7a39]
V  [jvm.dll+0x8b4b26]
V  [jvm.dll+0x8b70de]
V  [jvm.dll+0x8b77c3]
V  [jvm.dll+0x284346]
V  [jvm.dll+0x8b086e]
V  [jvm.dll+0x679444]
V  [jvm.dll+0x6794aa]
V  [jvm.dll+0x67bca6]
V  [jvm.dll+0x67bb72]
V  [jvm.dll+0x679e1e]
V  [jvm.dll+0x26e1f0]
V  [jvm.dll+0x684085]
V  [jvm.dll+0x21955e]
V  [jvm.dll+0x219a05]
V  [jvm.dll+0x21a3f8]
V  [jvm.dll+0x20f62e]
V  [jvm.dll+0x5b644f]
V  [jvm.dll+0x22168e]
V  [jvm.dll+0x82e12d]
V  [jvm.dll+0x82f15b]
V  [jvm.dll+0x82f724]
V  [jvm.dll+0x82f3b8]
V  [jvm.dll+0x271c6d]
V  [jvm.dll+0x3dce3e]
C  0x00000216289d9274

The last pc belongs to new (printed below).
Java frames: (J=compiled Java code, j=interpreted, Vv=VM code)
j  com.sun.org.apache.xerces.internal.impl.dtd.XMLDTDValidator.<init>()V+10 java.xml@21.0.10
j  com.sun.org.apache.xerces.internal.impl.dtd.XMLNSDTDValidator.<init>()V+1 java.xml@21.0.10
j  com.sun.org.apache.xerces.internal.parsers.XML11Configuration.<init>(Lcom/sun/org/apache/xerces/internal/util/SymbolTable;Lcom/sun/org/apache/xerces/internal/xni/grammars/XMLGrammarPool;Lcom/sun/org/apache/xerces/internal/xni/parser/XMLComponentManager;)V+1105 java.xml@21.0.10
j  com.sun.org.apache.xerces.internal.parsers.XIncludeAwareParserConfiguration.<init>(Lcom/sun/org/apache/xerces/internal/util/SymbolTable;Lcom/sun/org/apache/xerces/internal/xni/grammars/XMLGrammarPool;Lcom/sun/org/apache/xerces/internal/xni/parser/XMLComponentManager;)V+4 java.xml@21.0.10
j  com.sun.org.apache.xerces.internal.parsers.XIncludeAwareParserConfiguration.<init>()V+4 java.xml@21.0.10
j  com.sun.org.apache.xerces.internal.parsers.SAXParser.<init>(Lcom/sun/org/apache/xerces/internal/util/SymbolTable;Lcom/sun/org/apache/xerces/internal/xni/grammars/XMLGrammarPool;)V+5 java.xml@21.0.10
j  com.sun.org.apache.xerces.internal.parsers.SAXParser.<init>()V+3 java.xml@21.0.10
j  com.sun.org.apache.xerces.internal.jaxp.SAXParserImpl$JAXPSAXParser.<init>(Lcom/sun/org/apache/xerces/internal/jaxp/SAXParserImpl;Lcom/sun/org/apache/xerces/internal/utils/XMLSecurityPropertyManager;Lcom/sun/org/apache/xerces/internal/utils/XMLSecurityManager;)V+1 java.xml@21.0.10
j  com.sun.org.apache.xerces.internal.jaxp.SAXParserImpl.<init>(Lcom/sun/org/apache/xerces/internal/jaxp/SAXParserFactoryImpl;Ljava/util/Map;Z)V+46 java.xml@21.0.10
j  com.sun.org.apache.xerces.internal.jaxp.SAXParserFactoryImpl.newSAXParser()Ljavax/xml/parsers/SAXParser;+13 java.xml@21.0.10
j  org.apache.felix.scr.impl.BundleComponentActivator.loadDescriptor(Ljava/net/URL;)V+64
j  org.apache.felix.scr.impl.BundleComponentActivator.initialize(Ljava/util/List;)V+259
j  org.apache.felix.scr.impl.BundleComponentActivator.<init>(Lorg/apache/felix/scr/impl/logger/ScrLogger;Lorg/apache/felix/scr/impl/ComponentRegistry;Ljava/util/concurrent/ScheduledExecutorService;Lorg/osgi/framework/BundleContext;Lorg/apache/felix/scr/impl/manager/ScrConfiguration;Ljava/util/List;Lorg/osgi/framework/ServiceReference;)V+124
j  org.apache.felix.scr.impl.Activator.loadComponents(Lorg/osgi/framework/Bundle;)V+385
j  org.apache.felix.scr.impl.Activator.access$200(Lorg/apache/felix/scr/impl/Activator;Lorg/osgi/framework/Bundle;)V+2
j  org.apache.felix.scr.impl.Activator$ScrExtension.start()V+72
j  org.apache.felix.scr.impl.AbstractExtender.createExtension(Lorg/osgi/framework/Bundle;)V+71
j  org.apache.felix.scr.impl.AbstractExtender.modifiedBundle(Lorg/osgi/framework/Bundle;Lorg/osgi/framework/BundleEvent;Lorg/osgi/framework/Bundle;)V+115
j  org.apache.felix.scr.impl.AbstractExtender.addingBundle(Lorg/osgi/framework/Bundle;Lorg/osgi/framework/BundleEvent;)Lorg/osgi/framework/Bundle;+4
j  org.apache.felix.scr.impl.AbstractExtender.addingBundle(Lorg/osgi/framework/Bundle;Lorg/osgi/framework/BundleEvent;)Ljava/lang/Object;+3
j  org.osgi.util.tracker.BundleTracker$Tracked.customizerAdding(Lorg/osgi/framework/Bundle;Lorg/osgi/framework/BundleEvent;)Ljava/lang/Object;+9
j  org.osgi.util.tracker.BundleTracker$Tracked.customizerAdding(Ljava/lang/Object;Ljava/lang/Object;)Ljava/lang/Object;+9
j  org.osgi.util.tracker.AbstractTracked.trackAdding(Ljava/lang/Object;Ljava/lang/Object;)V+8
j  org.osgi.util.tracker.AbstractTracked.track(Ljava/lang/Object;Ljava/lang/Object;)V+83
j  org.osgi.util.tracker.BundleTracker$Tracked.bundleChanged(Lorg/osgi/framework/BundleEvent;)V+35
j  org.eclipse.osgi.internal.framework.BundleContextImpl.dispatchEvent(Ljava/lang/Object;Ljava/lang/Object;ILjava/lang/Object;)V+166
j  org.eclipse.osgi.framework.eventmgr.EventManager.dispatchEvent(Ljava/util/Set;Lorg/eclipse/osgi/framework/eventmgr/EventDispatcher;ILjava/lang/Object;)V+48
j  org.eclipse.osgi.framework.eventmgr.ListenerQueue.dispatchEventSynchronous(ILjava/lang/Object;)V+67
j  org.eclipse.osgi.internal.framework.EquinoxEventPublisher.publishBundleEventPrivileged(Lorg/osgi/framework/BundleEvent;)V+547
j  org.eclipse.osgi.internal.framework.EquinoxEventPublisher.publishBundleEvent(Lorg/osgi/framework/BundleEvent;)V+8
j  org.eclipse.osgi.internal.framework.EquinoxEventPublisher.publishBundleEvent(ILorg/osgi/framework/Bundle;Lorg/osgi/framework/Bundle;)V+15
j  org.eclipse.osgi.internal.framework.EquinoxContainerAdaptor.publishModuleEvent(Lorg/eclipse/osgi/container/ModuleContainerAdaptor$ModuleEvent;Lorg/eclipse/osgi/container/Module;Lorg/eclipse/osgi/container/Module;)V+29
j  org.eclipse.osgi.container.Module.publishEvent(Lorg/eclipse/osgi/container/ModuleContainerAdaptor$ModuleEvent;)V+13
j  org.eclipse.osgi.container.Module.start([Lorg/eclipse/osgi/container/Module$StartOptions;)V+588
j  org.eclipse.osgi.container.ModuleContainer$ContainerStartLevel$2.run()V+83
j  org.eclipse.osgi.internal.framework.EquinoxContainerAdaptor$1$1.execute(Ljava/lang/Runnable;)V+1
j  org.eclipse.osgi.container.ModuleContainer$ContainerStartLevel.incStartLevel(ILjava/util/List;Z)V+193
j  org.eclipse.osgi.container.ModuleContainer$ContainerStartLevel.incStartLevel(ILjava/util/List;Ljava/util/List;Ljava/util/List;Ljava/util/List;)V+4
j  org.eclipse.osgi.container.ModuleContainer$ContainerStartLevel.doContainerStartLevel(Lorg/eclipse/osgi/container/Module;I[Lorg/osgi/framework/FrameworkListener;)V+358
j  org.eclipse.osgi.container.ModuleContainer$ContainerStartLevel.dispatchEvent(Lorg/eclipse/osgi/container/Module;[Lorg/osgi/framework/FrameworkListener;ILjava/lang/Integer;)V+32
j  org.eclipse.osgi.container.ModuleContainer$ContainerStartLevel.dispatchEvent(Ljava/lang/Object;Ljava/lang/Object;ILjava/lang/Object;)V+15
j  org.eclipse.osgi.framework.eventmgr.EventManager.dispatchEvent(Ljava/util/Set;Lorg/eclipse/osgi/framework/eventmgr/EventDispatcher;ILjava/lang/Object;)V+48
j  org.eclipse.osgi.framework.eventmgr.EventManager$EventThread.run()V+26
v  ~StubRoutines::call_stub 0x00000216289c100d
new  187 new  [0x00000216289d90e0, 0x00000216289d92e8]  520 bytes
[MachCode]
  0x00000216289d90e0: 4883 ec08 | c5fa 1104 | 24eb 1f48 | 83ec 10c5 | fb11 0424 | eb14 4883 | ec10 4889 | 0424 48c7 
  0x00000216289d9100: 4424 0800 | 0000 00eb | 0150 410f | b755 010f | cac1 ea10 | 488b 4de8 | 488b 4908 | 488b 4908 
  0x00000216289d9120: 488b 4108 | 807c 1004 | 070f 85d3 | 0000 0066 | 8b54 d148 | 488b 4928 | 488b 4cd1 | 0851 80b9 
  0x00000216289d9140: 3101 0000 | 040f 85b6 | 0000 008b | 5108 f6c2 | 010f 85aa | 0000 0049 | 8b87 b801 | 0000 488d 
  0x00000216289d9160: 1c10 493b | 9fc8 0100 | 000f 8792 | 0000 0049 | 899f b801 | 0000 4883 | ea10 0f84 | 0f00 0000 
  0x00000216289d9180: 33c9 c1ea | 0348 894c | d008 48ff | ca75 f648 | c700 0100 | 0000 5933 | f689 700c | 49ba 0000 
  0x00000216289d91a0: 0035 1602 | 0000 492b | ca89 4808 | 49ba c75c | 72d0 fe7f | 0000 4180 | 3a00 0f84 | 3c00 0000 
  0x00000216289d91c0: 5048 8bc8 | 4883 ec20 | 40f6 c40f | 0f84 1900 | 0000 4883 | ec08 48b8 | 90e1 1bd0 | fe7f 0000 
  0x00000216289d91e0: ffd0 4883 | c408 e90c | 0000 0048 | b890 e11b | d0fe 7f00 | 00ff d048 | 83c4 2058 | e9cb 0000 
  0x00000216289d9200: 0059 488b | 55e8 488b | 5208 488b | 5208 450f | b745 0141 | 0fc8 41c1 | e810 e805 | 0000 00e9 
  0x00000216289d9220: a800 0000 | 488d 4424 | 084c 896d | c049 8bcf | c5f8 7749 | 89af b003 | 0000 4989 | 87a0 0300 
  0x00000216289d9240: 0048 83ec | 2040 f6c4 | 0f0f 8419 | 0000 0048 | 83ec 0848 | b8f0 cde5 | cffe 7f00 | 00ff d048 
  0x00000216289d9260: 83c4 08e9 | 0c00 0000 | 48b8 f0cd | e5cf fe7f | 0000 ffd0 | 4883 c420 | 49c7 87a0 | 0300 0000 
  0x00000216289d9280: 0000 0049 | c787 b003 | 0000 0000 | 0000 49c7 | 87a8 0300 | 0000 0000 | 00c5 f877 | 4983 7f08 
  0x00000216289d92a0: 000f 8405 | 0000 00e9 | 547c feff | 498b 87f8 | 0300 0049 | c787 f803 | 0000 0000 | 0000 4c8b 
  0x00000216289d92c0: 6dc0 4c8b | 75c8 4e8d | 74f5 00c3 | 410f b65d | 0349 83c5 | 0349 ba10 | 2575 d0fe | 7f00 0041 
  0x00000216289d92e0: ff24 da0f | 1f44 0000 
[/MachCode]

---------------  P R O C E S S  ---------------

Threads class SMR info:
_java_thread_list=0x000002167c5de1b0, length=16, elements={
0x000002161bf0b4e0, 0x000002161e23bc90, 0x000002161e23e3e0, 0x000002161e333430,
0x000002161e335fa0, 0x000002161e33cfd0, 0x000002161e33da30, 0x000002161e33e870,
0x000002161e34d0f0, 0x00000216771f5100, 0x000002167735f8c0, 0x000002167c0ccc90,
0x00000216773b4e70, 0x000002167c98fe80, 0x000002167c83d410, 0x000002167c5c84c0
}

Java Threads: ( => current thread )
  0x000002161bf0b4e0 JavaThread "main"                              [_thread_blocked, id=22344, stack(0x000000652f200000,0x000000652f300000) (1024K)]
  0x000002161e23bc90 JavaThread "Reference Handler"          daemon [_thread_blocked, id=22328, stack(0x000000652f600000,0x000000652f700000) (1024K)]
  0x000002161e23e3e0 JavaThread "Finalizer"                  daemon [_thread_blocked, id=17452, stack(0x000000652f700000,0x000000652f800000) (1024K)]
  0x000002161e333430 JavaThread "Signal Dispatcher"          daemon [_thread_blocked, id=4112, stack(0x000000652f800000,0x000000652f900000) (1024K)]
  0x000002161e335fa0 JavaThread "Attach Listener"            daemon [_thread_blocked, id=15404, stack(0x000000652f900000,0x000000652fa00000) (1024K)]
  0x000002161e33cfd0 JavaThread "Service Thread"             daemon [_thread_blocked, id=21672, stack(0x000000652fa00000,0x000000652fb00000) (1024K)]
  0x000002161e33da30 JavaThread "Monitor Deflation Thread"   daemon [_thread_blocked, id=19488, stack(0x000000652fb00000,0x000000652fc00000) (1024K)]
  0x000002161e33e870 JavaThread "C2 CompilerThread0"         daemon [_thread_blocked, id=18380, stack(0x000000652fc00000,0x000000652fd00000) (1024K)]
  0x000002161e34d0f0 JavaThread "C1 CompilerThread0"         daemon [_thread_blocked, id=21204, stack(0x000000652fd00000,0x000000652fe00000) (1024K)]
  0x00000216771f5100 JavaThread "Common-Cleaner"             daemon [_thread_blocked, id=19436, stack(0x000000652fe00000,0x000000652ff00000) (1024K)]
  0x000002167735f8c0 JavaThread "C2 CompilerThread1"         daemon [_thread_blocked, id=22412, stack(0x000000652ff00000,0x0000006530000000) (1024K)]
  0x000002167c0ccc90 JavaThread "Notification Thread"        daemon [_thread_blocked, id=20604, stack(0x0000006530000000,0x0000006530100000) (1024K)]
  0x00000216773b4e70 JavaThread "C2 CompilerThread2"         daemon [_thread_blocked, id=7436, stack(0x0000006530100000,0x0000006530200000) (1024K)]
  0x000002167c98fe80 JavaThread "Active Thread: Equinox Container: fa3814bb-fffb-489f-a93c-230f434c125f"        [_thread_blocked, id=15580, stack(0x0000006530800000,0x0000006530900000) (1024K)]
  0x000002167c83d410 JavaThread "Framework Event Dispatcher: Equinox Container: fa3814bb-fffb-489f-a93c-230f434c125f" daemon [_thread_blocked, id=22324, stack(0x0000006530900000,0x0000006530a00000) (1024K)]
=>0x000002167c5c84c0 JavaThread "Start Level: Equinox Container: fa3814bb-fffb-489f-a93c-230f434c125f" daemon [_thread_in_vm, id=8744, stack(0x0000006530a00000,0x0000006530b00000) (1024K)]
Total: 16

Other Threads:
  0x000002161e222c80 VMThread "VM Thread"                           [id=20780, stack(0x000000652f500000,0x000000652f600000) (1024K)]
  0x000002161e11ca00 WatcherThread "VM Periodic Task Thread"        [id=21968, stack(0x000000652f400000,0x000000652f500000) (1024K)]
  0x000002161e2b2ae0 WorkerThread "GC Thread#0"                     [id=21664, stack(0x000000652f300000,0x000000652f400000) (1024K)]
  0x000002167c178bd0 WorkerThread "GC Thread#1"                     [id=13004, stack(0x0000006530200000,0x0000006530300000) (1024K)]
  0x000002167ca62ef0 WorkerThread "GC Thread#2"                     [id=23040, stack(0x0000006530300000,0x0000006530400000) (1024K)]
  0x000002167c38bf20 WorkerThread "GC Thread#3"                     [id=12264, stack(0x0000006530400000,0x0000006530500000) (1024K)]
  0x000002167c38c2d0 WorkerThread "GC Thread#4"                     [id=19152, stack(0x0000006530500000,0x0000006530600000) (1024K)]
  0x000002167c73dce0 WorkerThread "GC Thread#5"                     [id=2680, stack(0x0000006530600000,0x0000006530700000) (1024K)]
  0x000002167c34b210 WorkerThread "GC Thread#6"                     [id=21312, stack(0x0000006530700000,0x0000006530800000) (1024K)]
  0x000002167c34b5c0 WorkerThread "GC Thread#7"                     [id=15032, stack(0x0000006530b00000,0x0000006530c00000) (1024K)]
Total: 10

Threads with active compile tasks:
Total: 0

VM state: not at safepoint (normal execution)

VM Mutex/Monitor currently owned by a thread:  ([mutex/lock_event])
[0x00007ffed073c4e0] Metaspace_lock - owner thread: 0x000002167c5c84c0

Heap address: 0x0000000080000000, size: 2048 MB, Compressed Oops mode: 32-bit

CDS archive(s) mapped at: [0x0000021635000000-0x0000021635ba0000-0x0000021635ba0000), size 12189696, SharedBaseAddress: 0x0000021635000000, ArchiveRelocationMode: 1.
Compressed class space mapped at: 0x0000021636000000-0x0000021676000000, reserved size: 1073741824
Narrow klass base: 0x0000021635000000, Narrow klass shift: 0, Narrow klass range: 0x100000000

GC Precious Log:
 CardTable entry size: 512
 CPUs: 12 total, 12 available
 Memory: 7501M
 Large Page Support: Disabled
 NUMA Support: Disabled
 Compressed Oops: Enabled (32-bit)
 Alignments: Space 512K, Generation 512K, Heap 2M
 Heap Min Capacity: 100M
 Heap Initial Capacity: 100M
 Heap Max Capacity: 2G
 Pre-touch: Disabled
 Parallel Workers: 10

Heap:
 PSYoungGen      total 29696K, used 9397K [0x00000000d5580000, 0x00000000d7680000, 0x0000000100000000)
  eden space 25600K, 20% used [0x00000000d5580000,0x00000000d5aaf6f0,0x00000000d6e80000)
  from space 4096K, 99% used [0x00000000d7280000,0x00000000d767de88,0x00000000d7680000)
  to   space 4096K, 0% used [0x00000000d6e80000,0x00000000d6e80000,0x00000000d7280000)
 ParOldGen       total 68608K, used 1141K [0x0000000080000000, 0x0000000084300000, 0x00000000d5580000)
  object space 68608K, 1% used [0x0000000080000000,0x000000008011d7a0,0x0000000084300000)
 Metaspace       used 9390K, committed 9728K, reserved 1114112K
  class space    used 1002K, committed 1216K, reserved 1048576K

Card table byte_map: [0x000002161dc30000,0x000002161e040000] _byte_map_base: 0x000002161d830000

Marking Bits: (ParMarkBitMap*) 0x00007ffed0743450
 Begin Bits: [0x0000021630740000, 0x0000021632740000)
 End Bits:   [0x0000021632740000, 0x0000021634740000)

Polling page: 0x000002161bec0000

Metaspace:

Usage:
  Non-class:      8.19 MB used.
      Class:   1002.45 KB used.
       Both:      9.17 MB used.

Virtual space:
  Non-class space:       64.00 MB reserved,       8.31 MB ( 13%) committed,  1 nodes.
      Class space:        1.00 GB reserved,       1.19 MB ( <1%) committed,  1 nodes.
             Both:        1.06 GB reserved,       9.50 MB ( <1%) committed. 

Chunk freelists:
   Non-Class:  7.00 MB
       Class:  14.80 MB
        Both:  21.80 MB

MaxMetaspaceSize: unlimited
CompressedClassSpaceSize: 1.00 GB
Initial GC threshold: 21.00 MB
Current GC threshold: 21.00 MB
CDS: on
 - commit_granule_bytes: 65536.
 - commit_granule_words: 8192.
 - virtual_space_node_default_size: 8388608.
 - enlarge_chunks_in_place: 1.
 - use_allocation_guard: 0.


Internal statistics:

num_allocs_failed_limit: 0.
num_arena_births: 240.
num_arena_deaths: 0.
num_vsnodes_births: 2.
num_vsnodes_deaths: 0.
num_space_committed: 152.
num_space_uncommitted: 0.
num_chunks_returned_to_freelist: 0.
num_chunks_taken_from_freelist: 483.
num_chunk_merges: 0.
num_chunk_splits: 305.
num_chunks_enlarged: 199.
num_inconsistent_stats: 0.

CodeHeap 'non-profiled nmethods': size=120000Kb used=791Kb max_used=791Kb free=119208Kb
 bounds [0x0000021628f60000, 0x00000216291d0000, 0x0000021630490000]
CodeHeap 'profiled nmethods': size=120000Kb used=3322Kb max_used=3322Kb free=116677Kb
 bounds [0x0000021621490000, 0x00000216217d0000, 0x00000216289c0000]
CodeHeap 'non-nmethods': size=5760Kb used=1221Kb max_used=1247Kb free=4538Kb
 bounds [0x00000216289c0000, 0x0000021628c30000, 0x0000021628f60000]
CodeCache: size=245760Kb, used=5334Kb, max_used=5360Kb, free=240423Kb
 total_blobs=2346, nmethods=1859, adapters=394, full_count=0
Compilation: enabled, stopped_count=0, restarted_count=0

Compilation events (20 events):
Event: 2.105 Thread 0x000002161e34d0f0 1854       1       org.eclipse.osgi.internal.hookregistry.ClassLoaderHook::processClass (2 bytes)
Event: 2.105 Thread 0x000002161e34d0f0 nmethod 1854 0x0000021629025690 code [0x0000021629025820, 0x00000216290258f0]
Event: 2.105 Thread 0x000002161e34d0f0 1855       1       org.eclipse.osgi.internal.loader.classpath.ClasspathManager::getClassLoader (5 bytes)
Event: 2.105 Thread 0x000002161e34d0f0 nmethod 1855 0x0000021629025990 code [0x0000021629025b20, 0x0000021629025be8]
Event: 2.106 Thread 0x000002161e34d0f0 1856       3       java.util.Collections$UnmodifiableCollection::contains (11 bytes)
Event: 2.106 Thread 0x000002161e34d0f0 nmethod 1856 0x00000216217cc690 code [0x00000216217cc840, 0x00000216217cca18]
Event: 2.107 Thread 0x000002161e34d0f0 1857       3       java.util.ArrayList$SubList$1::next (85 bytes)
Event: 2.108 Thread 0x000002161e34d0f0 nmethod 1857 0x00000216217ccb10 code [0x00000216217ccd00, 0x00000216217cd1e8]
Event: 2.108 Thread 0x000002161e34d0f0 1858       3       java.util.ArrayList$SubList$1::checkForComodification (26 bytes)
Event: 2.108 Thread 0x000002161e34d0f0 nmethod 1858 0x00000216217cd410 code [0x00000216217cd5c0, 0x00000216217cd7f0]
Event: 2.110 Thread 0x000002161e34d0f0 1859       3       org.eclipse.osgi.internal.framework.EquinoxBundle::getSymbolicName (11 bytes)
Event: 2.110 Thread 0x000002161e34d0f0 nmethod 1859 0x00000216217cd910 code [0x00000216217cdac0, 0x00000216217cdc88]
Event: 2.110 Thread 0x000002161e34d0f0 1860       3       org.eclipse.osgi.internal.framework.EquinoxBundle::getBundleId (11 bytes)
Event: 2.110 Thread 0x000002161e34d0f0 nmethod 1860 0x00000216217cdd90 code [0x00000216217cdf40, 0x00000216217ce090]
Event: 2.123 Thread 0x000002161e34d0f0 1861       3       java.lang.invoke.MethodHandleNatives::refKindHasReceiver (33 bytes)
Event: 2.123 Thread 0x000002161e34d0f0 nmethod 1861 0x00000216217ce190 code [0x00000216217ce320, 0x00000216217ce470]
Event: 2.123 Thread 0x000002161e34d0f0 1863       3       java.lang.invoke.ConstantCallSite::getTarget (20 bytes)
Event: 2.124 Thread 0x000002161e34d0f0 nmethod 1863 0x00000216217ce510 code [0x00000216217ce6c0, 0x00000216217ce8d8]
Event: 2.124 Thread 0x000002161e34d0f0 1862       1       java.lang.invoke.MethodHandleNatives::isPullModeBSM (2 bytes)
Event: 2.124 Thread 0x000002161e34d0f0 nmethod 1862 0x0000021629025c90 code [0x0000021629025e20, 0x0000021629025ec8]

GC Heap History (4 events):
Event: 0.956 GC heap before
{Heap before GC invocations=1 (full 0):
 PSYoungGen      total 29696K, used 25600K [0x00000000d5580000, 0x00000000d7680000, 0x0000000100000000)
  eden space 25600K, 100% used [0x00000000d5580000,0x00000000d6e80000,0x00000000d6e80000)
  from space 4096K, 0% used [0x00000000d7280000,0x00000000d7280000,0x00000000d7680000)
  to   space 4096K, 0% used [0x00000000d6e80000,0x00000000d6e80000,0x00000000d7280000)
 ParOldGen       total 68608K, used 0K [0x0000000080000000, 0x0000000084300000, 0x00000000d5580000)
  object space 68608K, 0% used [0x0000000080000000,0x0000000080000000,0x0000000084300000)
 Metaspace       used 4352K, committed 4608K, reserved 1114112K
  class space    used 474K, committed 576K, reserved 1048576K
}
Event: 0.967 GC heap after
{Heap after GC invocations=1 (full 0):
 PSYoungGen      total 29696K, used 3312K [0x00000000d5580000, 0x00000000d7680000, 0x0000000100000000)
  eden space 25600K, 0% used [0x00000000d5580000,0x00000000d5580000,0x00000000d6e80000)
  from space 4096K, 80% used [0x00000000d6e80000,0x00000000d71bc148,0x00000000d7280000)
  to   space 4096K, 0% used [0x00000000d7280000,0x00000000d7280000,0x00000000d7680000)
 ParOldGen       total 68608K, used 16K [0x0000000080000000, 0x0000000084300000, 0x00000000d5580000)
  object space 68608K, 0% used [0x0000000080000000,0x0000000080004000,0x0000000084300000)
 Metaspace       used 4352K, committed 4608K, reserved 1114112K
  class space    used 474K, committed 576K, reserved 1048576K
}
Event: 2.021 GC heap before
{Heap before GC invocations=2 (full 0):
 PSYoungGen      total 29696K, used 28912K [0x00000000d5580000, 0x00000000d7680000, 0x0000000100000000)
  eden space 25600K, 100% used [0x00000000d5580000,0x00000000d6e80000,0x00000000d6e80000)
  from space 4096K, 80% used [0x00000000d6e80000,0x00000000d71bc148,0x00000000d7280000)
  to   space 4096K, 0% used [0x00000000d7280000,0x00000000d7280000,0x00000000d7680000)
 ParOldGen       total 68608K, used 16K [0x0000000080000000, 0x0000000084300000, 0x00000000d5580000)
  object space 68608K, 0% used [0x0000000080000000,0x0000000080004000,0x0000000084300000)
 Metaspace       used 8209K, committed 8576K, reserved 1114112K
  class space    used 872K, committed 1024K, reserved 1048576K
}
Event: 2.028 GC heap after
{Heap after GC invocations=2 (full 0):
 PSYoungGen      total 29696K, used 4087K [0x00000000d5580000, 0x00000000d7680000, 0x0000000100000000)
  eden space 25600K, 0% used [0x00000000d5580000,0x00000000d5580000,0x00000000d6e80000)
  from space 4096K, 99% used [0x00000000d7280000,0x00000000d767de88,0x00000000d7680000)
  to   space 4096K, 0% used [0x00000000d6e80000,0x00000000d6e80000,0x00000000d7280000)
 ParOldGen       total 68608K, used 1141K [0x0000000080000000, 0x0000000084300000, 0x00000000d5580000)
  object space 68608K, 1% used [0x0000000080000000,0x000000008011d7a0,0x0000000084300000)
 Metaspace       used 8209K, committed 8576K, reserved 1114112K
  class space    used 872K, committed 1024K, reserved 1048576K
}

Dll operation events (9 events):
Event: 0.018 Loaded shared library c:\Users\kalra\.vscode\extensions\redhat.java-1.53.0-win32-x64\jre\21.0.10-win32-x86_64\bin\java.dll
Event: 0.137 Loaded shared library c:\Users\kalra\.vscode\extensions\redhat.java-1.53.0-win32-x64\jre\21.0.10-win32-x86_64\bin\zip.dll
Event: 0.164 Loaded shared library C:\Users\kalra\.vscode\extensions\redhat.java-1.53.0-win32-x64\jre\21.0.10-win32-x86_64\bin\instrument.dll
Event: 0.170 Loaded shared library C:\Users\kalra\.vscode\extensions\redhat.java-1.53.0-win32-x64\jre\21.0.10-win32-x86_64\bin\net.dll
Event: 0.174 Loaded shared library C:\Users\kalra\.vscode\extensions\redhat.java-1.53.0-win32-x64\jre\21.0.10-win32-x86_64\bin\nio.dll
Event: 0.178 Loaded shared library C:\Users\kalra\.vscode\extensions\redhat.java-1.53.0-win32-x64\jre\21.0.10-win32-x86_64\bin\zip.dll
Event: 0.201 Loaded shared library C:\Users\kalra\.vscode\extensions\redhat.java-1.53.0-win32-x64\jre\21.0.10-win32-x86_64\bin\jimage.dll
Event: 0.293 Loaded shared library c:\Users\kalra\.vscode\extensions\redhat.java-1.53.0-win32-x64\jre\21.0.10-win32-x86_64\bin\verify.dll
Event: 1.972 Loaded shared library C:\Users\kalra\AppData\Roaming\Code\User\globalStorage\redhat.java\1.53.0\config_ss_win\org.eclipse.equinox.launcher\org.eclipse.equinox.launcher.win32.win32.x86_64_1.3.0.v20260203-2149\eclipse_11919.dll

Deoptimization events (20 events):
Event: 1.652 Thread 0x000002161bf0b4e0 DEOPT PACKING pc=0x0000021628fa1b90 sp=0x000000652f2fe180
Event: 1.652 Thread 0x000002161bf0b4e0 DEOPT UNPACKING pc=0x0000021628a13aa2 sp=0x000000652f2fe140 mode 2
Event: 1.701 Thread 0x000002161bf0b4e0 DEOPT PACKING pc=0x000002162155903c sp=0x000000652f2fc1b0
Event: 1.701 Thread 0x000002161bf0b4e0 DEOPT UNPACKING pc=0x0000021628a14242 sp=0x000000652f2fb6d0 mode 0
Event: 1.712 Thread 0x000002161bf0b4e0 DEOPT PACKING pc=0x0000021621605488 sp=0x000000652f2fc470
Event: 1.712 Thread 0x000002161bf0b4e0 DEOPT UNPACKING pc=0x0000021628a14242 sp=0x000000652f2fb8f0 mode 0
Event: 1.713 Thread 0x000002161bf0b4e0 DEOPT PACKING pc=0x0000021621589886 sp=0x000000652f2fc330
Event: 1.713 Thread 0x000002161bf0b4e0 DEOPT UNPACKING pc=0x0000021628a14242 sp=0x000000652f2fb7b0 mode 0
Event: 1.713 Thread 0x000002161bf0b4e0 DEOPT PACKING pc=0x0000021621605488 sp=0x000000652f2fc780
Event: 1.713 Thread 0x000002161bf0b4e0 DEOPT UNPACKING pc=0x0000021628a14242 sp=0x000000652f2fbc00 mode 0
Event: 1.715 Thread 0x000002161bf0b4e0 DEOPT PACKING pc=0x0000021621589886 sp=0x000000652f2fc580
Event: 1.716 Thread 0x000002161bf0b4e0 DEOPT UNPACKING pc=0x0000021628a14242 sp=0x000000652f2fba00 mode 0
Event: 1.716 Thread 0x000002161bf0b4e0 DEOPT PACKING pc=0x0000021621605488 sp=0x000000652f2fc6d0
Event: 1.716 Thread 0x000002161bf0b4e0 DEOPT UNPACKING pc=0x0000021628a14242 sp=0x000000652f2fbb50 mode 0
Event: 1.717 Thread 0x000002161bf0b4e0 DEOPT PACKING pc=0x0000021621605488 sp=0x000000652f2fc9d0
Event: 1.717 Thread 0x000002161bf0b4e0 DEOPT UNPACKING pc=0x0000021628a14242 sp=0x000000652f2fbe50 mode 0
Event: 1.992 Thread 0x000002167c5c84c0 Uncommon trap: trap_request=0xffffff6e fr.pc=0x0000021628fd1d28 relative=0x0000000000000368
Event: 1.992 Thread 0x000002167c5c84c0 Uncommon trap: reason=loop_limit_check action=maybe_recompile pc=0x0000021628fd1d28 method=java.lang.StringLatin1.indexOf([BI[BII)I @ 37 c2
Event: 1.992 Thread 0x000002167c5c84c0 DEOPT PACKING pc=0x0000021628fd1d28 sp=0x0000006530af8e50
Event: 1.992 Thread 0x000002167c5c84c0 DEOPT UNPACKING pc=0x0000021628a13aa2 sp=0x0000006530af8db0 mode 2

Classes loaded (20 events):
Event: 2.158 Loading class com/sun/org/apache/xerces/internal/xni/parser/XMLDTDFilter
Event: 2.158 Loading class com/sun/org/apache/xerces/internal/xni/parser/XMLDTDFilter done
Event: 2.158 Loading class com/sun/org/apache/xerces/internal/xni/parser/XMLDTDContentModelFilter
Event: 2.158 Loading class com/sun/org/apache/xerces/internal/xni/parser/XMLDTDContentModelFilter done
Event: 2.158 Loading class com/sun/org/apache/xerces/internal/impl/dtd/XMLDTDProcessor done
Event: 2.158 Loading class com/sun/org/apache/xerces/internal/impl/dtd/XMLEntityDecl
Event: 2.158 Loading class com/sun/org/apache/xerces/internal/impl/dtd/XMLEntityDecl done
Event: 2.159 Loading class com/sun/org/apache/xerces/internal/impl/dtd/XMLNSDTDValidator
Event: 2.159 Loading class com/sun/org/apache/xerces/internal/impl/dtd/XMLDTDValidator
Event: 2.159 Loading class com/sun/org/apache/xerces/internal/xni/parser/XMLDocumentFilter
Event: 2.160 Loading class com/sun/org/apache/xerces/internal/xni/parser/XMLDocumentFilter done
Event: 2.160 Loading class com/sun/org/apache/xerces/internal/impl/dtd/XMLDTDValidatorFilter
Event: 2.160 Loading class com/sun/org/apache/xerces/internal/impl/dtd/XMLDTDValidatorFilter done
Event: 2.160 Loading class com/sun/org/apache/xerces/internal/impl/RevalidationHandler
Event: 2.160 Loading class com/sun/org/apache/xerces/internal/impl/RevalidationHandler done
Event: 2.161 Loading class com/sun/org/apache/xerces/internal/impl/dtd/XMLDTDValidator done
Event: 2.161 Loading class com/sun/org/apache/xerces/internal/impl/dtd/XMLNSDTDValidator done
Event: 2.161 Loading class com/sun/org/apache/xerces/internal/impl/validation/ValidationState
Event: 2.161 Loading class com/sun/org/apache/xerces/internal/impl/dv/ValidationContext
Event: 2.161 Loading class com/sun/org/apache/xerces/internal/impl/dv/ValidationContext done

Classes unloaded (0 events):
No events

Classes redefined (0 events):
No events

Internal exceptions (20 events):
Event: 0.972 Thread 0x000002161bf0b4e0 Exception <a 'java/lang/ClassNotFoundException'{0x00000000d558c780}: sun/net/www/protocol/d/Handler> (0x00000000d558c780) 
thrown [s\src\hotspot\share\classfile\systemDictionary.cpp, line 312]
Event: 0.972 Thread 0x000002161bf0b4e0 Exception <a 'java/lang/ClassNotFoundException'{0x00000000d558d918}: sun/net/www/protocol/c/Handler> (0x00000000d558d918) 
thrown [s\src\hotspot\share\classfile\systemDictionary.cpp, line 312]
Event: 0.986 Thread 0x000002161bf0b4e0 Exception <a 'java/io/FileNotFoundException'{0x00000000d55b5db0}> (0x00000000d55b5db0) 
thrown [s\src\hotspot\share\prims\jni.cpp, line 520]
Event: 1.057 Thread 0x000002161bf0b4e0 Implicit null exception at 0x0000021628fbf749 to 0x0000021628fc00bc
Event: 1.058 Thread 0x000002161bf0b4e0 Implicit null exception at 0x0000021628fc659a to 0x0000021628fc67a0
Event: 1.059 Thread 0x000002161bf0b4e0 Exception <a 'java/lang/NoSuchMethodError'{0x00000000d56e6d50}: 'void java.lang.invoke.DirectMethodHandle$Holder.invokeStatic(java.lang.Object, java.lang.Object, java.lang.Object, java.lang.Object)'> (0x00000000d56e6d50) 
thrown [s\src\hotspot\share\interpreter\linkResolver.cpp, line 773]
Event: 1.061 Thread 0x000002161bf0b4e0 Implicit null exception at 0x0000021628fc2b1a to 0x0000021628fc2d24
Event: 1.061 Thread 0x000002161bf0b4e0 Implicit null exception at 0x0000021628fbf2bd to 0x0000021628fbf341
Event: 1.198 Thread 0x000002161bf0b4e0 Exception <a 'java/lang/NoSuchMethodError'{0x00000000d59aa008}: 'void java.lang.invoke.DirectMethodHandle$Holder.invokeSpecial(java.lang.Object, java.lang.Object, java.lang.Object)'> (0x00000000d59aa008) 
thrown [s\src\hotspot\share\interpreter\linkResolver.cpp, line 773]
Event: 1.503 Thread 0x000002161bf0b4e0 Exception <a 'java/lang/NoSuchMethodError'{0x00000000d62c1e80}: 'int java.lang.invoke.DirectMethodHandle$Holder.invokeVirtual(java.lang.Object, java.lang.Object)'> (0x00000000d62c1e80) 
thrown [s\src\hotspot\share\interpreter\linkResolver.cpp, line 773]
Event: 1.570 Thread 0x000002161bf0b4e0 Exception <a 'java/lang/NoSuchMethodError'{0x00000000d64361f8}: 'int java.lang.invoke.DirectMethodHandle$Holder.invokeStaticInit(java.lang.Object, java.lang.Object, java.lang.Object, java.lang.Object)'> (0x00000000d64361f8) 
thrown [s\src\hotspot\share\interpreter\linkResolver.cpp, line 773]
Event: 1.573 Thread 0x000002161bf0b4e0 Exception <a 'java/lang/IncompatibleClassChangeError'{0x00000000d643e600}: Found class java.lang.Object, but interface was expected> (0x00000000d643e600) 
thrown [s\src\hotspot\share\interpreter\linkResolver.cpp, line 840]
Event: 1.574 Thread 0x000002161bf0b4e0 Exception <a 'java/lang/NoSuchMethodError'{0x00000000d6444bd0}: 'void java.lang.invoke.DirectMethodHandle$Holder.invokeStaticInit(java.lang.Object, java.lang.Object)'> (0x00000000d6444bd0) 
thrown [s\src\hotspot\share\interpreter\linkResolver.cpp, line 773]
Event: 1.575 Thread 0x000002161bf0b4e0 Exception <a 'java/lang/NoSuchMethodError'{0x00000000d644dde8}: 'int java.lang.invoke.DirectMethodHandle$Holder.invokeStaticInit(java.lang.Object, java.lang.Object)'> (0x00000000d644dde8) 
thrown [s\src\hotspot\share\interpreter\linkResolver.cpp, line 773]
Event: 1.635 Thread 0x000002161bf0b4e0 Exception <a 'java/lang/NoSuchMethodError'{0x00000000d6695638}: 'java.lang.Object java.lang.invoke.DirectMethodHandle$Holder.newInvokeSpecial(java.lang.Object, int, java.lang.Object)'> (0x00000000d6695638) 
thrown [s\src\hotspot\share\interpreter\linkResolver.cpp, line 773]
Event: 1.679 Thread 0x000002161bf0b4e0 Exception <a 'java/lang/ClassNotFoundException'{0x00000000d68aeba0}: sun/net/www/protocol/plurl/Handler> (0x00000000d68aeba0) 
thrown [s\src\hotspot\share\classfile\systemDictionary.cpp, line 312]
Event: 1.679 Thread 0x000002161bf0b4e0 Exception <a 'java/lang/ClassNotFoundException'{0x00000000d68afa20}: sun/net/www/protocol/plurl/Handler> (0x00000000d68afa20) 
thrown [s\src\hotspot\share\classfile\systemDictionary.cpp, line 312]
Event: 1.963 Thread 0x000002161bf0b4e0 Exception <a 'java/lang/UnsatisfiedLinkError'{0x00000000d6cfa288}: 'void org.eclipse.equinox.launcher.JNIBridge._update_splash()'> (0x00000000d6cfa288) 
thrown [s\src\hotspot\share\prims\nativeLookup.cpp, line 415]
Event: 2.098 Thread 0x000002167c5c84c0 Exception <a 'java/lang/NullPointerException'{0x00000000d57bb2b0}> (0x00000000d57bb2b0) 
thrown [s\src\hotspot\share\interpreter\linkResolver.cpp, line 1372]
Event: 2.098 Thread 0x000002167c5c84c0 Exception <a 'java/lang/NullPointerException'{0x00000000d57bb590}> (0x00000000d57bb590) 
thrown [s\src\hotspot\share\interpreter\linkResolver.cpp, line 1372]

ZGC Phase Switch (0 events):
No events

VM Operations (20 events):
Event: 0.591 Executing non-safepoint VM operation: HandshakeAllThreads (Deoptimize)
Event: 0.591 Executing non-safepoint VM operation: HandshakeAllThreads (Deoptimize) done
Event: 0.616 Executing non-safepoint VM operation: HandshakeAllThreads (Deoptimize)
Event: 0.616 Executing non-safepoint VM operation: HandshakeAllThreads (Deoptimize) done
Event: 0.926 Executing safepoint VM operation: ICBufferFull
Event: 0.926 Executing safepoint VM operation: ICBufferFull done
Event: 0.955 Executing safepoint VM operation: ParallelGCFailedAllocation (Allocation Failure)
Event: 0.967 Executing safepoint VM operation: ParallelGCFailedAllocation (Allocation Failure) done
Event: 1.611 Executing non-safepoint VM operation: HandshakeAllThreads (Deoptimize)
Event: 1.611 Executing non-safepoint VM operation: HandshakeAllThreads (Deoptimize) done
Event: 1.624 Executing non-safepoint VM operation: HandshakeAllThreads (Deoptimize)
Event: 1.625 Executing non-safepoint VM operation: HandshakeAllThreads (Deoptimize) done
Event: 1.663 Executing non-safepoint VM operation: HandshakeAllThreads (Deoptimize)
Event: 1.663 Executing non-safepoint VM operation: HandshakeAllThreads (Deoptimize) done
Event: 1.675 Executing non-safepoint VM operation: HandshakeAllThreads (Deoptimize)
Event: 1.675 Executing non-safepoint VM operation: HandshakeAllThreads (Deoptimize) done
Event: 1.938 Executing safepoint VM operation: ICBufferFull
Event: 1.938 Executing safepoint VM operation: ICBufferFull done
Event: 2.021 Executing safepoint VM operation: ParallelGCFailedAllocation (Allocation Failure)
Event: 2.028 Executing safepoint VM operation: ParallelGCFailedAllocation (Allocation Failure) done

Memory protections (0 events):
No events

Nmethod flushes (0 events):
No events

Events (16 events):
Event: 0.046 Thread 0x000002161bf0b4e0 Thread added: 0x000002161bf0b4e0
Event: 0.074 Thread 0x000002161bf0b4e0 Thread added: 0x000002161e23bc90
Event: 0.074 Thread 0x000002161bf0b4e0 Thread added: 0x000002161e23e3e0
Event: 0.075 Thread 0x000002161bf0b4e0 Thread added: 0x000002161e333430
Event: 0.075 Thread 0x000002161bf0b4e0 Thread added: 0x000002161e335fa0
Event: 0.075 Thread 0x000002161bf0b4e0 Thread added: 0x000002161e33cfd0
Event: 0.075 Thread 0x000002161bf0b4e0 Thread added: 0x000002161e33da30
Event: 0.075 Thread 0x000002161bf0b4e0 Thread added: 0x000002161e33e870
Event: 0.078 Thread 0x000002161bf0b4e0 Thread added: 0x000002161e34d0f0
Event: 0.166 Thread 0x000002161bf0b4e0 Thread added: 0x00000216771f5100
Event: 0.289 Thread 0x000002161e33e870 Thread added: 0x000002167735f8c0
Event: 0.426 Thread 0x000002161bf0b4e0 Thread added: 0x000002167c0ccc90
Event: 0.525 Thread 0x000002161e34d0f0 Thread added: 0x00000216773b4e70
Event: 1.589 Thread 0x000002161bf0b4e0 Thread added: 0x000002167c98fe80
Event: 1.951 Thread 0x000002161bf0b4e0 Thread added: 0x000002167c83d410
Event: 1.961 Thread 0x000002161bf0b4e0 Thread added: 0x000002167c5c84c0


Dynamic libraries:
0x00007ff7bc7a0000 - 0x00007ff7bc7ae000 	c:\Users\kalra\.vscode\extensions\redhat.java-1.53.0-win32-x64\jre\21.0.10-win32-x86_64\bin\java.exe
0x00007fff8a940000 - 0x00007fff8aba7000 	C:\WINDOWS\SYSTEM32\ntdll.dll
0x00007fff89670000 - 0x00007fff89739000 	C:\WINDOWS\System32\KERNEL32.DLL
0x00007fff88170000 - 0x00007fff88561000 	C:\WINDOWS\System32\KERNELBASE.dll
0x00007fff87ff0000 - 0x00007fff8813b000 	C:\WINDOWS\System32\ucrtbase.dll
0x00007fff1d800000 - 0x00007fff1d818000 	c:\Users\kalra\.vscode\extensions\redhat.java-1.53.0-win32-x64\jre\21.0.10-win32-x86_64\bin\jli.dll
0x00007fff1d090000 - 0x00007fff1d0ae000 	c:\Users\kalra\.vscode\extensions\redhat.java-1.53.0-win32-x64\jre\21.0.10-win32-x86_64\bin\VCRUNTIME140.dll
0x00007fff899a0000 - 0x00007fff89b65000 	C:\WINDOWS\System32\USER32.dll
0x00007fff88140000 - 0x00007fff88167000 	C:\WINDOWS\System32\win32u.dll
0x00007fff6aee0000 - 0x00007fff6b173000 	C:\WINDOWS\WinSxS\amd64_microsoft.windows.common-controls_6595b64144ccf1df_6.0.26100.8037_none_3e092faae333b53b\COMCTL32.dll
0x00007fff89180000 - 0x00007fff891ab000 	C:\WINDOWS\System32\GDI32.dll
0x00007fff89750000 - 0x00007fff897f9000 	C:\WINDOWS\System32\msvcrt.dll
0x00007fff87220000 - 0x00007fff8734b000 	C:\WINDOWS\System32\gdi32full.dll
0x00007fff87eb0000 - 0x00007fff87f53000 	C:\WINDOWS\System32\msvcp_win.dll
0x00007fff89110000 - 0x00007fff89141000 	C:\WINDOWS\System32\IMM32.DLL
0x00007fff61c50000 - 0x00007fff61c5c000 	c:\Users\kalra\.vscode\extensions\redhat.java-1.53.0-win32-x64\jre\21.0.10-win32-x86_64\bin\vcruntime140_1.dll
0x00007ffefe240000 - 0x00007ffefe2cd000 	c:\Users\kalra\.vscode\extensions\redhat.java-1.53.0-win32-x64\jre\21.0.10-win32-x86_64\bin\msvcp140.dll
0x00007ffecfa80000 - 0x00007ffed0821000 	c:\Users\kalra\.vscode\extensions\redhat.java-1.53.0-win32-x64\jre\21.0.10-win32-x86_64\bin\server\jvm.dll
0x00007fff8a2e0000 - 0x00007fff8a39b000 	C:\WINDOWS\System32\ADVAPI32.dll
0x00007fff886e0000 - 0x00007fff88787000 	C:\WINDOWS\System32\sechost.dll
0x00007fff89450000 - 0x00007fff89568000 	C:\WINDOWS\System32\RPCRT4.dll
0x00007fff88820000 - 0x00007fff88894000 	C:\WINDOWS\System32\WS2_32.dll
0x00007fff87080000 - 0x00007fff870de000 	C:\WINDOWS\SYSTEM32\POWRPROF.dll
0x00007fff81780000 - 0x00007fff817b5000 	C:\WINDOWS\SYSTEM32\WINMM.dll
0x00007fff817c0000 - 0x00007fff817cb000 	C:\WINDOWS\SYSTEM32\VERSION.dll
0x00007fff87060000 - 0x00007fff87074000 	C:\WINDOWS\SYSTEM32\UMPDC.dll
0x00007fff85fb0000 - 0x00007fff85fcb000 	C:\WINDOWS\SYSTEM32\kernel.appcore.dll
0x00007fff56a80000 - 0x00007fff56a8a000 	c:\Users\kalra\.vscode\extensions\redhat.java-1.53.0-win32-x64\jre\21.0.10-win32-x86_64\bin\jimage.dll
0x00007fff7b9f0000 - 0x00007fff7bc32000 	C:\WINDOWS\SYSTEM32\DBGHELP.DLL
0x00007fff8a570000 - 0x00007fff8a8f2000 	C:\WINDOWS\System32\combase.dll
0x00007fff89320000 - 0x00007fff893f7000 	C:\WINDOWS\System32\OLEAUT32.dll
0x00007fff6dad0000 - 0x00007fff6db0b000 	C:\WINDOWS\SYSTEM32\dbgcore.DLL
0x00007fff88630000 - 0x00007fff886d5000 	C:\WINDOWS\System32\bcryptPrimitives.dll
0x00007fff565b0000 - 0x00007fff565bf000 	c:\Users\kalra\.vscode\extensions\redhat.java-1.53.0-win32-x64\jre\21.0.10-win32-x86_64\bin\instrument.dll
0x00007fff1b110000 - 0x00007fff1b130000 	c:\Users\kalra\.vscode\extensions\redhat.java-1.53.0-win32-x64\jre\21.0.10-win32-x86_64\bin\java.dll
0x00007fff89b70000 - 0x00007fff8a2cf000 	C:\WINDOWS\System32\SHELL32.dll
0x00007fff87d40000 - 0x00007fff87eaa000 	C:\WINDOWS\System32\wintypes.dll
0x00007fff874d0000 - 0x00007fff87d34000 	C:\WINDOWS\System32\windows.storage.dll
0x00007fff89210000 - 0x00007fff89307000 	C:\WINDOWS\System32\SHCORE.dll
0x00007fff8a500000 - 0x00007fff8a567000 	C:\WINDOWS\System32\shlwapi.dll
0x00007fff87140000 - 0x00007fff87169000 	C:\WINDOWS\SYSTEM32\profapi.dll
0x00007fff15730000 - 0x00007fff15748000 	c:\Users\kalra\.vscode\extensions\redhat.java-1.53.0-win32-x64\jre\21.0.10-win32-x86_64\bin\zip.dll
0x00007fff56320000 - 0x00007fff56330000 	C:\Users\kalra\.vscode\extensions\redhat.java-1.53.0-win32-x64\jre\21.0.10-win32-x86_64\bin\net.dll
0x00007fff7e6e0000 - 0x00007fff7e807000 	C:\WINDOWS\SYSTEM32\WINHTTP.dll
0x00007fff86520000 - 0x00007fff8658b000 	C:\WINDOWS\system32\mswsock.dll
0x00007fff11a10000 - 0x00007fff11a26000 	C:\Users\kalra\.vscode\extensions\redhat.java-1.53.0-win32-x64\jre\21.0.10-win32-x86_64\bin\nio.dll
0x00007fff506b0000 - 0x00007fff506c0000 	c:\Users\kalra\.vscode\extensions\redhat.java-1.53.0-win32-x64\jre\21.0.10-win32-x86_64\bin\verify.dll
0x00007fff00840000 - 0x00007fff00885000 	C:\Users\kalra\AppData\Roaming\Code\User\globalStorage\redhat.java\1.53.0\config_ss_win\org.eclipse.equinox.launcher\org.eclipse.equinox.launcher.win32.win32.x86_64_1.3.0.v20260203-2149\eclipse_11919.dll
0x00007fff89800000 - 0x00007fff89995000 	C:\WINDOWS\System32\ole32.dll

JVMTI agents:
c:\Users\kalra\.vscode\extensions\redhat.java-1.53.0-win32-x64\lombok\lombok-1.18.39-4050.jar path:c:\Users\kalra\.vscode\extensions\redhat.java-1.53.0-win32-x64\jre\21.0.10-win32-x86_64\bin\instrument.dll, loaded, initialized, instrumentlib options:none

dbghelp: loaded successfully - version: 4.0.5 - missing functions: none
symbol engine: initialized successfully - sym options: 0x614 - pdb path: .;c:\Users\kalra\.vscode\extensions\redhat.java-1.53.0-win32-x64\jre\21.0.10-win32-x86_64\bin;C:\WINDOWS\SYSTEM32;C:\WINDOWS\WinSxS\amd64_microsoft.windows.common-controls_6595b64144ccf1df_6.0.26100.8037_none_3e092faae333b53b;c:\Users\kalra\.vscode\extensions\redhat.java-1.53.0-win32-x64\jre\21.0.10-win32-x86_64\bin\server;C:\Users\kalra\AppData\Roaming\Code\User\globalStorage\redhat.java\1.53.0\config_ss_win\org.eclipse.equinox.launcher\org.eclipse.equinox.launcher.win32.win32.x86_64_1.3.0.v20260203-2149

VM Arguments:
jvm_args: --add-modules=ALL-SYSTEM --add-opens=java.base/java.util=ALL-UNNAMED --add-opens=java.base/java.lang=ALL-UNNAMED --add-opens=java.base/sun.nio.fs=ALL-UNNAMED -Declipse.application=org.eclipse.jdt.ls.core.id1 -Dosgi.bundles.defaultStartLevel=4 -Declipse.product=org.eclipse.jdt.ls.core.product -Djava.import.generatesMetadataFilesAtProjectRoot=false -DDetectVMInstallationsJob.disabled=true -Dfile.encoding=utf8 -XX:+UseParallelGC -XX:GCTimeRatio=4 -XX:AdaptiveSizePolicyWeight=90 -Dsun.zip.disableMemoryMapping=true -Xmx2G -Xms100m -Xlog:disable -javaagent:c:\Users\kalra\.vscode\extensions\redhat.java-1.53.0-win32-x64\lombok\lombok-1.18.39-4050.jar 
java_command: c:\Users\kalra\.vscode\extensions\redhat.java-1.53.0-win32-x64\server\plugins\org.eclipse.equinox.launcher_1.7.100.v20251111-0406.jar -configuration c:\Users\kalra\AppData\Roaming\Code\User\globalStorage\redhat.java\1.53.0\config_ss_win -data c:\Users\kalra\AppData\Roaming\Code\User\workspaceStorage\4fda5c3b26c15e0cb27154c0e992db6d\redhat.java\ss_ws --pipe=\\.\pipe\lsp-75065e43f91413741c10d4b185b21795-sock
java_class_path (initial): c:\Users\kalra\.vscode\extensions\redhat.java-1.53.0-win32-x64\server\plugins\org.eclipse.equinox.launcher_1.7.100.v20251111-0406.jar
Launcher Type: SUN_STANDARD

[Global flags]
    uintx AdaptiveSizePolicyWeight                 = 90                                        {product} {command line}
     intx CICompilerCount                          = 4                                         {product} {ergonomic}
    uintx GCTimeRatio                              = 4                                         {product} {command line}
   size_t InitialHeapSize                          = 104857600                                 {product} {command line}
   size_t MaxHeapSize                              = 2147483648                                {product} {command line}
   size_t MaxNewSize                               = 715653120                                 {product} {ergonomic}
   size_t MinHeapDeltaBytes                        = 524288                                    {product} {ergonomic}
   size_t MinHeapSize                              = 104857600                                 {product} {command line}
   size_t NewSize                                  = 34603008                                  {product} {ergonomic}
    uintx NonNMethodCodeHeapSize                   = 5839372                                {pd product} {ergonomic}
    uintx NonProfiledCodeHeapSize                  = 122909434                              {pd product} {ergonomic}
   size_t OldSize                                  = 70254592                                  {product} {ergonomic}
    uintx ProfiledCodeHeapSize                     = 122909434                              {pd product} {ergonomic}
    uintx ReservedCodeCacheSize                    = 251658240                              {pd product} {ergonomic}
     bool SegmentedCodeCache                       = true                                      {product} {ergonomic}
   size_t SoftMaxHeapSize                          = 2147483648                             {manageable} {ergonomic}
     bool UseCompressedOops                        = true                           {product lp64_product} {ergonomic}
     bool UseLargePagesIndividualAllocation        = false                                  {pd product} {ergonomic}
     bool UseParallelGC                            = true                                      {product} {command line}

Logging:
Log output configuration:
 #0: stdout all=off uptime,level,tags foldmultilines=false
 #1: stderr all=off uptime,level,tags foldmultilines=false

Release file:
JAVA_VERSION="21.0.10" 
MODULES="java.base java.compiler java.datatransfer java.xml java.prefs java.desktop java.instrument java.logging java.management java.security.sasl java.naming java.rmi java.management.rmi java.net.http java.scripting java.security.jgss java.transaction.xa java.sql java.sql.rowset java.xml.crypto java.se java.smartcardio jdk.accessibility jdk.internal.jvmstat jdk.attach jdk.charsets jdk.internal.opt jdk.zipfs jdk.compiler jdk.crypto.ec jdk.crypto.cryptoki jdk.crypto.mscapi jdk.dynalink jdk.internal.ed jdk.editpad jdk.hotspot.agent jdk.httpserver jdk.internal.le jdk.internal.vm.ci jdk.internal.vm.compiler jdk.internal.vm.compiler.management jdk.jartool jdk.javadoc jdk.jcmd jdk.management jdk.management.agent jdk.jconsole jdk.jdeps jdk.jdwp.agent jdk.jdi jdk.jfr jdk.jshell jdk.jsobject jdk.jstatd jdk.localedata jdk.management.jfr jdk.naming.dns jdk.naming.rmi jdk.net jdk.nio.mapmode jdk.random jdk.sctp jdk.security.auth jdk.security.jgss jdk.unsupported jdk.unsupported.desktop jdk.xml.dom" 

Environment Variables:
PATH=C:\Users\kalra\AppData\Local\Programs\Microsoft VS Code;C:\Python314\Scripts\;C:\Python314\;C:\Program Files\nodejs\;C:\ProgramData\chocolatey\bin;D:\Git\cmd;C:\Users\kalra\AppData\Local\Programs\Python\Python313\Scripts\;C:\Users\kalra\AppData\Local\Programs\Python\Python313\;C:\Program Files\MySQL\MySQL Shell 8.0\bin\;C:\Users\kalra\AppData\Local\Programs\Python\Python312\Scripts\;C:\Users\kalra\AppData\Local\Programs\Python\Python312\;C:\Users\kalra\AppData\Local\Microsoft\WindowsApps;C:\Users\kalra\AppData\Local\Programs\Microsoft VS Code\bin;C:\Program Files\Azure Data Studio\bin;%JAVA_HOME%\bin;C:\Program Files\Maven\apache-maven-3.9.11\bin;C:\Program Files\MySQL\MySQL Server 8.0\bin;C:\Users\kalra\AppData\Roaming\npm;C:\Users\kalra\Downloads\flutter_windows_3.41.4-stable\flutter\bin;C:\Windows\System32;C:\Program Files\Git\cmd;C:\Windows\System32\WindowsPowerShell\v1.0\;
USERNAME=kalra
OS=Windows_NT
PROCESSOR_IDENTIFIER=AMD64 Family 23 Model 104 Stepping 1, AuthenticAMD
TMP=C:\Users\kalra\AppData\Local\Temp
TEMP=C:\Users\kalra\AppData\Local\Temp




Periodic native trim disabled

---------------  S Y S T E M  ---------------

OS:
 Windows 11 , 64 bit Build 26100 (10.0.26100.7920)
OS uptime: 0 days 1:32 hours
Hyper-V role detected

CPU: total 12 (initial active 12) (12 cores per cpu, 2 threads per core) family 23 model 104 stepping 1 microcode 0x8608107, cx8, cmov, fxsr, ht, mmx, 3dnowpref, sse, sse2, sse3, ssse3, sse4a, sse4.1, sse4.2, popcnt, lzcnt, tsc, tscinvbit, avx, avx2, aes, clmul, bmi1, bmi2, adx, sha, fma, vzeroupper, clflush, clflushopt, hv, rdtscp, rdpid, f16c
Processor Information for the first 12 processors :
  Max Mhz: 2100, Current Mhz: 2100, Mhz Limit: 2100

Memory: 4k page, system-wide physical 7501M (771M free)
TotalPageFile size 16211M (AvailPageFile size 10M)
current process WorkingSet (physical memory assigned to process): 99M, peak: 99M
current process commit charge ("private bytes"): 251M, peak: 251M

vm_info: OpenJDK 64-Bit Server VM (21.0.10+7-LTS) for windows-amd64 JRE (21.0.10+7-LTS), built on 2026-01-20T00:00:00Z by "admin" with MS VC++ 17.12 (VS2022)

END.
